**********************************************
*******  Husid Time Series ************
*** Site #   1
*** trial   40
Input Parameters file =  aqv_0604__parameters.out                                                                                                
  4096 samples
dt:  0.010 sec
data format: (1x,f8.3,1p,2x,e11.4)
 Arias intensity =   1.311E+02
 75%-5% duration =   3.470E+00
fault Dis.(km)=    6.43
Hypo  Dis.(km)=   12.05
     time       husid
    0.000  0.0000E+00
    0.010  0.0000E+00
    0.020  0.0000E+00
    0.030  0.0000E+00
    0.040  0.0000E+00
    0.050  0.0000E+00
    0.060  0.0000E+00
    0.070  0.0000E+00
    0.080  0.0000E+00
    0.090  0.0000E+00
    0.100  0.0000E+00
    0.110  0.0000E+00
    0.120  0.0000E+00
    0.130  0.0000E+00
    0.140  0.0000E+00
    0.150  0.0000E+00
    0.160  0.0000E+00
    0.170  0.0000E+00
    0.180  1.3236E-09
    0.190  6.5224E-09
    0.200  1.4769E-08
    0.210  2.6925E-08
    0.220  4.3510E-08
    0.230  6.4513E-08
    0.240  8.9133E-08
    0.250  1.0078E-07
    0.260  1.0295E-07
    0.270  1.0583E-07
    0.280  1.0958E-07
    0.290  1.1470E-07
    0.300  1.2207E-07
    0.310  1.3277E-07
    0.320  1.4708E-07
    0.330  1.6352E-07
    0.340  1.7951E-07
    0.350  1.9321E-07
    0.360  2.0443E-07
    0.370  2.1394E-07
    0.380  2.2265E-07
    0.390  2.3127E-07
    0.400  2.4031E-07
    0.410  2.4976E-07
    0.420  2.5888E-07
    0.430  2.6638E-07
    0.440  2.7130E-07
    0.450  2.7360E-07
    0.460  2.7415E-07
    0.470  2.7423E-07
    0.480  2.7531E-07
    0.490  2.7907E-07
    0.500  2.8760E-07
    0.510  3.0323E-07
    0.520  3.2791E-07
    0.530  3.6262E-07
    0.540  4.0765E-07
    0.550  4.6329E-07
    0.560  5.2970E-07
    0.570  6.0649E-07
    0.580  6.9296E-07
    0.590  7.8892E-07
    0.600  8.9403E-07
    0.610  1.0052E-06
    0.620  1.1146E-06
    0.630  1.2115E-06
    0.640  1.2877E-06
    0.650  1.3410E-06
    0.660  1.3745E-06
    0.670  1.3943E-06
    0.680  1.4064E-06
    0.690  1.4151E-06
    0.700  1.4234E-06
    0.710  1.4330E-06
    0.720  1.4436E-06
    0.730  1.4535E-06
    0.740  1.4601E-06
    0.750  1.4627E-06
    0.760  1.4630E-06
    0.770  1.4636E-06
    0.780  1.4657E-06
    0.790  1.4720E-06
    0.800  1.4870E-06
    0.810  1.5100E-06
    0.820  1.5508E-06
    0.830  1.6163E-06
    0.840  1.6934E-06
    0.850  1.7744E-06
    0.860  1.8547E-06
    0.870  1.9349E-06
    0.880  2.0165E-06
    0.890  2.1060E-06
    0.900  2.2133E-06
    0.910  2.3392E-06
    0.920  2.4739E-06
    0.930  2.5970E-06
    0.940  2.6873E-06
    0.950  2.7357E-06
    0.960  2.7511E-06
    0.970  2.7524E-06
    0.980  2.7546E-06
    0.990  2.7612E-06
    1.000  2.7681E-06
    1.010  2.7712E-06
    1.020  2.7715E-06
    1.030  2.7733E-06
    1.040  2.7808E-06
    1.050  2.7962E-06
    1.060  2.8185E-06
    1.070  2.8422E-06
    1.080  2.8534E-06
    1.090  2.8546E-06
    1.100  2.8547E-06
    1.110  2.8547E-06
    1.120  2.8557E-06
    1.130  2.8572E-06
    1.140  2.8575E-06
    1.150  2.8597E-06
    1.160  2.8719E-06
    1.170  2.9017E-06
    1.180  2.9509E-06
    1.190  3.0161E-06
    1.200  3.0935E-06
    1.210  3.1839E-06
    1.220  3.2933E-06
    1.230  3.5028E-06
    1.240  3.8416E-06
    1.250  4.2273E-06
    1.260  4.6362E-06
    1.270  5.0274E-06
    1.280  5.3567E-06
    1.290  5.5961E-06
    1.300  5.7442E-06
    1.310  5.8194E-06
    1.320  5.8469E-06
    1.330  5.8512E-06
    1.340  5.8539E-06
    1.350  5.8726E-06
    1.360  5.9151E-06
    1.370  5.9769E-06
    1.380  6.0464E-06
    1.390  6.1096E-06
    1.400  6.1572E-06
    1.410  6.1877E-06
    1.420  6.2061E-06
    1.430  6.2196E-06
    1.440  6.2240E-06
    1.450  6.2289E-06
    1.460  6.2682E-06
    1.470  6.3847E-06
    1.480  6.6510E-06
    1.490  7.0199E-06
    1.500  7.3377E-06
    1.510  7.5761E-06
    1.520  7.7734E-06
    1.530  8.0104E-06
    1.540  8.3416E-06
    1.550  8.7969E-06
    1.560  9.4149E-06
    1.570  1.0202E-05
    1.580  1.1109E-05
    1.590  1.2040E-05
    1.600  1.2893E-05
    1.610  1.3581E-05
    1.620  1.4081E-05
    1.630  1.4411E-05
    1.640  1.4617E-05
    1.650  1.4727E-05
    1.660  1.4754E-05
    1.670  1.4758E-05
    1.680  1.4806E-05
    1.690  1.4936E-05
    1.700  1.5140E-05
    1.710  1.5379E-05
    1.720  1.5622E-05
    1.730  1.5821E-05
    1.740  1.5999E-05
    1.750  1.6211E-05
    1.760  1.6491E-05
    1.770  1.6871E-05
    1.780  1.7367E-05
    1.790  1.7946E-05
    1.800  1.8523E-05
    1.810  1.9056E-05
    1.820  1.9539E-05
    1.830  2.0007E-05
    1.840  2.0496E-05
    1.850  2.1029E-05
    1.860  2.1624E-05
    1.870  2.2280E-05
    1.880  2.2982E-05
    1.890  2.3692E-05
    1.900  2.4351E-05
    1.910  2.4905E-05
    1.920  2.5317E-05
    1.930  2.5581E-05
    1.940  2.5726E-05
    1.950  2.5782E-05
    1.960  2.5792E-05
    1.970  2.5793E-05
    1.980  2.5799E-05
    1.990  2.5806E-05
    2.000  2.5808E-05
    2.010  2.5810E-05
    2.020  2.5819E-05
    2.030  2.5835E-05
    2.040  2.5846E-05
    2.050  2.5853E-05
    2.060  2.5896E-05
    2.070  2.6081E-05
    2.080  2.6354E-05
    2.090  2.6495E-05
    2.100  2.6530E-05
    2.110  2.6533E-05
    2.120  2.6567E-05
    2.130  2.6661E-05
    2.140  2.6787E-05
    2.150  2.6885E-05
    2.160  2.6918E-05
    2.170  2.6919E-05
    2.180  2.6928E-05
    2.190  2.6994E-05
    2.200  2.7127E-05
    2.210  2.7299E-05
    2.220  2.7543E-05
    2.230  2.7844E-05
    2.240  2.8144E-05
    2.250  2.8404E-05
    2.260  2.8574E-05
    2.270  2.8645E-05
    2.280  2.8681E-05
    2.290  2.8740E-05
    2.300  2.8894E-05
    2.310  2.9245E-05
    2.320  2.9857E-05
    2.330  3.0717E-05
    2.340  3.1759E-05
    2.350  3.2930E-05
    2.360  3.4243E-05
    2.370  3.5790E-05
    2.380  3.7716E-05
    2.390  4.0132E-05
    2.400  4.3006E-05
    2.410  4.6053E-05
    2.420  4.8921E-05
    2.430  5.1341E-05
    2.440  5.3162E-05
    2.450  5.4267E-05
    2.460  5.4859E-05
    2.470  5.5317E-05
    2.480  5.5663E-05
    2.490  5.5829E-05
    2.500  5.5881E-05
    2.510  5.5887E-05
    2.520  5.5903E-05
    2.530  5.5962E-05
    2.540  5.6076E-05
    2.550  5.6285E-05
    2.560  5.6704E-05
    2.570  5.7277E-05
    2.580  5.7738E-05
    2.590  5.8015E-05
    2.600  5.8122E-05
    2.610  5.8137E-05
    2.620  5.8141E-05
    2.630  5.8156E-05
    2.640  5.8175E-05
    2.650  5.8194E-05
    2.660  5.8219E-05
    2.670  5.8265E-05
    2.680  5.8340E-05
    2.690  5.8448E-05
    2.700  5.8624E-05
    2.710  5.8881E-05
    2.720  5.9179E-05
    2.730  5.9484E-05
    2.740  5.9804E-05
    2.750  6.0195E-05
    2.760  6.0733E-05
    2.770  6.1457E-05
    2.780  6.2298E-05
    2.790  6.3108E-05
    2.800  6.3749E-05
    2.810  6.4146E-05
    2.820  6.4325E-05
    2.830  6.4374E-05
    2.840  6.4381E-05
    2.850  6.4465E-05
    2.860  6.4752E-05
    2.870  6.5376E-05
    2.880  6.6481E-05
    2.890  6.8099E-05
    2.900  7.0006E-05
    2.910  7.1798E-05
    2.920  7.2893E-05
    2.930  7.3356E-05
    2.940  7.3588E-05
    2.950  7.3772E-05
    2.960  7.4109E-05
    2.970  7.4902E-05
    2.980  7.6490E-05
    2.990  7.8999E-05
    3.000  8.2199E-05
    3.010  8.5628E-05
    3.020  8.8848E-05
    3.030  9.1624E-05
    3.040  9.3938E-05
    3.050  9.5867E-05
    3.060  9.7442E-05
    3.070  9.8592E-05
    3.080  9.9330E-05
    3.090  9.9659E-05
    3.100  9.9705E-05
    3.110  9.9737E-05
    3.120  9.9907E-05
    3.130  1.0020E-04
    3.140  1.0046E-04
    3.150  1.0054E-04
    3.160  1.0056E-04
    3.170  1.0071E-04
    3.180  1.0105E-04
    3.190  1.0152E-04
    3.200  1.0202E-04
    3.210  1.0256E-04
    3.220  1.0309E-04
    3.230  1.0344E-04
    3.240  1.0363E-04
    3.250  1.0370E-04
    3.260  1.0372E-04
    3.270  1.0372E-04
    3.280  1.0372E-04
    3.290  1.0373E-04
    3.300  1.0373E-04
    3.310  1.0373E-04
    3.320  1.0373E-04
    3.330  1.0373E-04
    3.340  1.0373E-04
    3.350  1.0374E-04
    3.360  1.0374E-04
    3.370  1.0374E-04
    3.380  1.0374E-04
    3.390  1.0379E-04
    3.400  1.0398E-04
    3.410  1.0444E-04
    3.420  1.0529E-04
    3.430  1.0671E-04
    3.440  1.0873E-04
    3.450  1.1112E-04
    3.460  1.1342E-04
    3.470  1.1530E-04
    3.480  1.1673E-04
    3.490  1.1791E-04
    3.500  1.1912E-04
    3.510  1.2068E-04
    3.520  1.2311E-04
    3.530  1.2678E-04
    3.540  1.3171E-04
    3.550  1.3801E-04
    3.560  1.4592E-04
    3.570  1.5529E-04
    3.580  1.6570E-04
    3.590  1.7643E-04
    3.600  1.8674E-04
    3.610  1.9598E-04
    3.620  2.0349E-04
    3.630  2.0871E-04
    3.640  2.1159E-04
    3.650  2.1273E-04
    3.660  2.1301E-04
    3.670  2.1305E-04
    3.680  2.1310E-04
    3.690  2.1354E-04
    3.700  2.1549E-04
    3.710  2.2065E-04
    3.720  2.2957E-04
    3.730  2.4150E-04
    3.740  2.5502E-04
    3.750  2.6790E-04
    3.760  2.7846E-04
    3.770  2.8600E-04
    3.780  2.9078E-04
    3.790  2.9369E-04
    3.800  2.9553E-04
    3.810  2.9666E-04
    3.820  2.9715E-04
    3.830  2.9721E-04
    3.840  2.9736E-04
    3.850  2.9796E-04
    3.860  2.9890E-04
    3.870  2.9957E-04
    3.880  2.9976E-04
    3.890  2.9978E-04
    3.900  3.0009E-04
    3.910  3.0113E-04
    3.920  3.0287E-04
    3.930  3.0469E-04
    3.940  3.0597E-04
    3.950  3.0664E-04
    3.960  3.0694E-04
    3.970  3.0707E-04
    3.980  3.0712E-04
    3.990  3.0712E-04
    4.000  3.0717E-04
    4.010  3.0729E-04
    4.020  3.0746E-04
    4.030  3.0764E-04
    4.040  3.0777E-04
    4.050  3.0781E-04
    4.060  3.0781E-04
    4.070  3.0781E-04
    4.080  3.0784E-04
    4.090  3.0812E-04
    4.100  3.0909E-04
    4.110  3.1099E-04
    4.120  3.1364E-04
    4.130  3.1629E-04
    4.140  3.1840E-04
    4.150  3.1989E-04
    4.160  3.2086E-04
    4.170  3.2161E-04
    4.180  3.2227E-04
    4.190  3.2275E-04
    4.200  3.2296E-04
    4.210  3.2298E-04
    4.220  3.2299E-04
    4.230  3.2301E-04
    4.240  3.2342E-04
    4.250  3.2551E-04
    4.260  3.3104E-04
    4.270  3.4148E-04
    4.280  3.5737E-04
    4.290  3.7797E-04
    4.300  4.0208E-04
    4.310  4.2849E-04
    4.320  4.5588E-04
    4.330  4.8336E-04
    4.340  5.1128E-04
    4.350  5.3887E-04
    4.360  5.6307E-04
    4.370  5.8073E-04
    4.380  5.9118E-04
    4.390  5.9665E-04
    4.400  5.9995E-04
    4.410  6.0313E-04
    4.420  6.0791E-04
    4.430  6.1610E-04
    4.440  6.2926E-04
    4.450  6.4725E-04
    4.460  6.6722E-04
    4.470  6.8582E-04
    4.480  7.0128E-04
    4.490  7.1354E-04
    4.500  7.2408E-04
    4.510  7.3425E-04
    4.520  7.4451E-04
    4.530  7.5483E-04
    4.540  7.6476E-04
    4.550  7.7406E-04
    4.560  7.8272E-04
    4.570  7.9070E-04
    4.580  7.9817E-04
    4.590  8.0558E-04
    4.600  8.1302E-04
    4.610  8.1933E-04
    4.620  8.2275E-04
    4.630  8.2337E-04
    4.640  8.2397E-04
    4.650  8.2752E-04
    4.660  8.3446E-04
    4.670  8.4306E-04
    4.680  8.5168E-04
    4.690  8.6030E-04
    4.700  8.6995E-04
    4.710  8.8106E-04
    4.720  8.9224E-04
    4.730  9.0115E-04
    4.740  9.0664E-04
    4.750  9.0927E-04
    4.760  9.1033E-04
    4.770  9.1096E-04
    4.780  9.1210E-04
    4.790  9.1504E-04
    4.800  9.2069E-04
    4.810  9.2817E-04
    4.820  9.3558E-04
    4.830  9.4184E-04
    4.840  9.4687E-04
    4.850  9.5078E-04
    4.860  9.5364E-04
    4.870  9.5571E-04
    4.880  9.5775E-04
    4.890  9.6111E-04
    4.900  9.6770E-04
    4.910  9.7805E-04
    4.920  9.8934E-04
    4.930  9.9832E-04
    4.940  1.0044E-03
    4.950  1.0088E-03
    4.960  1.0130E-03
    4.970  1.0178E-03
    4.980  1.0239E-03
    4.990  1.0328E-03
    5.000  1.0463E-03
    5.010  1.0653E-03
    5.020  1.0877E-03
    5.030  1.1092E-03
    5.040  1.1257E-03
    5.050  1.1364E-03
    5.060  1.1435E-03
    5.070  1.1489E-03
    5.080  1.1542E-03
    5.090  1.1611E-03
    5.100  1.1712E-03
    5.110  1.1849E-03
    5.120  1.2011E-03
    5.130  1.2192E-03
    5.140  1.2396E-03
    5.150  1.2608E-03
    5.160  1.2774E-03
    5.170  1.2839E-03
    5.180  1.2848E-03
    5.190  1.2963E-03
    5.200  1.3313E-03
    5.210  1.3864E-03
    5.220  1.4420E-03
    5.230  1.4845E-03
    5.240  1.5183E-03
    5.250  1.5538E-03
    5.260  1.5960E-03
    5.270  1.6381E-03
    5.280  1.6728E-03
    5.290  1.7020E-03
    5.300  1.7282E-03
    5.310  1.7498E-03
    5.320  1.7695E-03
    5.330  1.7932E-03
    5.340  1.8202E-03
    5.350  1.8442E-03
    5.360  1.8607E-03
    5.370  1.8684E-03
    5.380  1.8707E-03
    5.390  1.8710E-03
    5.400  1.8714E-03
    5.410  1.8748E-03
    5.420  1.8832E-03
    5.430  1.8913E-03
    5.440  1.8926E-03
    5.450  1.8998E-03
    5.460  1.9182E-03
    5.470  1.9336E-03
    5.480  1.9380E-03
    5.490  1.9394E-03
    5.500  1.9506E-03
    5.510  1.9757E-03
    5.520  2.0156E-03
    5.530  2.0627E-03
    5.540  2.0998E-03
    5.550  2.1192E-03
    5.560  2.1277E-03
    5.570  2.1368E-03
    5.580  2.1626E-03
    5.590  2.2302E-03
    5.600  2.3538E-03
    5.610  2.5169E-03
    5.620  2.6743E-03
    5.630  2.7783E-03
    5.640  2.8164E-03
    5.650  2.8200E-03
    5.660  2.8259E-03
    5.670  2.8438E-03
    5.680  2.8694E-03
    5.690  2.9024E-03
    5.700  2.9397E-03
    5.710  2.9665E-03
    5.720  2.9735E-03
    5.730  2.9775E-03
    5.740  3.0117E-03
    5.750  3.0864E-03
    5.760  3.1767E-03
    5.770  3.2607E-03
    5.780  3.3355E-03
    5.790  3.4058E-03
    5.800  3.4779E-03
    5.810  3.5547E-03
    5.820  3.6199E-03
    5.830  3.6549E-03
    5.840  3.6647E-03
    5.850  3.6655E-03
    5.860  3.6780E-03
    5.870  3.7310E-03
    5.880  3.8632E-03
    5.890  4.0961E-03
    5.900  4.4114E-03
    5.910  4.7709E-03
    5.920  5.1411E-03
    5.930  5.5256E-03
    5.940  5.9612E-03
    5.950  6.4604E-03
    5.960  6.9843E-03
    5.970  7.4430E-03
    5.980  7.7366E-03
    5.990  7.8383E-03
    6.000  7.8469E-03
    6.010  7.9254E-03
    6.020  8.1452E-03
    6.030  8.4856E-03
    6.040  8.9376E-03
    6.050  9.5123E-03
    6.060  1.0173E-02
    6.070  1.0842E-02
    6.080  1.1455E-02
    6.090  1.1953E-02
    6.100  1.2286E-02
    6.110  1.2453E-02
    6.120  1.2509E-02
    6.130  1.2522E-02
    6.140  1.2525E-02
    6.150  1.2529E-02
    6.160  1.2557E-02
    6.170  1.2684E-02
    6.180  1.3019E-02
    6.190  1.3591E-02
    6.200  1.4278E-02
    6.210  1.4901E-02
    6.220  1.5395E-02
    6.230  1.5812E-02
    6.240  1.6241E-02
    6.250  1.6747E-02
    6.260  1.7318E-02
    6.270  1.7852E-02
    6.280  1.8214E-02
    6.290  1.8384E-02
    6.300  1.8440E-02
    6.310  1.8448E-02
    6.320  1.8453E-02
    6.330  1.8487E-02
    6.340  1.8582E-02
    6.350  1.8778E-02
    6.360  1.9088E-02
    6.370  1.9444E-02
    6.380  1.9739E-02
    6.390  1.9910E-02
    6.400  1.9960E-02
    6.410  1.9963E-02
    6.420  1.9987E-02
    6.430  2.0061E-02
    6.440  2.0185E-02
    6.450  2.0342E-02
    6.460  2.0548E-02
    6.470  2.0877E-02
    6.480  2.1422E-02
    6.490  2.2215E-02
    6.500  2.3136E-02
    6.510  2.3902E-02
    6.520  2.4273E-02
    6.530  2.4322E-02
    6.540  2.4424E-02
    6.550  2.4899E-02
    6.560  2.5770E-02
    6.570  2.6874E-02
    6.580  2.8132E-02
    6.590  2.9669E-02
    6.600  3.1743E-02
    6.610  3.4337E-02
    6.620  3.6979E-02
    6.630  3.9254E-02
    6.640  4.0990E-02
    6.650  4.2094E-02
    6.660  4.2679E-02
    6.670  4.3004E-02
    6.680  4.3278E-02
    6.690  4.3674E-02
    6.700  4.4455E-02
    6.710  4.5937E-02
    6.720  4.8221E-02
    6.730  5.1133E-02
    6.740  5.4452E-02
    6.750  5.8101E-02
    6.760  6.2129E-02
    6.770  6.6557E-02
    6.780  7.1415E-02
    6.790  7.6685E-02
    6.800  8.1998E-02
    6.810  8.6516E-02
    6.820  8.9471E-02
    6.830  9.0919E-02
    6.840  9.1527E-02
    6.850  9.1852E-02
    6.860  9.2168E-02
    6.870  9.2667E-02
    6.880  9.3480E-02
    6.890  9.4473E-02
    6.900  9.5419E-02
    6.910  9.6297E-02
    6.920  9.7247E-02
    6.930  9.8303E-02
    6.940  9.9238E-02
    6.950  9.9834E-02
    6.960  1.0011E-01
    6.970  1.0019E-01
    6.980  1.0021E-01
    6.990  1.0022E-01
    7.000  1.0024E-01
    7.010  1.0030E-01
    7.020  1.0046E-01
    7.030  1.0084E-01
    7.040  1.0148E-01
    7.050  1.0212E-01
    7.060  1.0242E-01
    7.070  1.0246E-01
    7.080  1.0274E-01
    7.090  1.0370E-01
    7.100  1.0522E-01
    7.110  1.0713E-01
    7.120  1.0955E-01
    7.130  1.1292E-01
    7.140  1.1753E-01
    7.150  1.2307E-01
    7.160  1.2898E-01
    7.170  1.3463E-01
    7.180  1.3953E-01
    7.190  1.4354E-01
    7.200  1.4669E-01
    7.210  1.4906E-01
    7.220  1.5085E-01
    7.230  1.5220E-01
    7.240  1.5317E-01
    7.250  1.5390E-01
    7.260  1.5458E-01
    7.270  1.5540E-01
    7.280  1.5667E-01
    7.290  1.5884E-01
    7.300  1.6228E-01
    7.310  1.6673E-01
    7.320  1.7130E-01
    7.330  1.7544E-01
    7.340  1.7922E-01
    7.350  1.8298E-01
    7.360  1.8676E-01
    7.370  1.9028E-01
    7.380  1.9343E-01
    7.390  1.9646E-01
    7.400  1.9952E-01
    7.410  2.0249E-01
    7.420  2.0538E-01
    7.430  2.0831E-01
    7.440  2.1134E-01
    7.450  2.1429E-01
    7.460  2.1708E-01
    7.470  2.1984E-01
    7.480  2.2241E-01
    7.490  2.2456E-01
    7.500  2.2629E-01
    7.510  2.2774E-01
    7.520  2.2908E-01
    7.530  2.3051E-01
    7.540  2.3209E-01
    7.550  2.3349E-01
    7.560  2.3440E-01
    7.570  2.3494E-01
    7.580  2.3531E-01
    7.590  2.3564E-01
    7.600  2.3593E-01
    7.610  2.3614E-01
    7.620  2.3624E-01
    7.630  2.3626E-01
    7.640  2.3639E-01
    7.650  2.3694E-01
    7.660  2.3830E-01
    7.670  2.4085E-01
    7.680  2.4440E-01
    7.690  2.4849E-01
    7.700  2.5278E-01
    7.710  2.5714E-01
    7.720  2.6145E-01
    7.730  2.6560E-01
    7.740  2.6925E-01
    7.750  2.7199E-01
    7.760  2.7383E-01
    7.770  2.7495E-01
    7.780  2.7545E-01
    7.790  2.7559E-01
    7.800  2.7563E-01
    7.810  2.7572E-01
    7.820  2.7606E-01
    7.830  2.7698E-01
    7.840  2.7881E-01
    7.850  2.8152E-01
    7.860  2.8466E-01
    7.870  2.8767E-01
    7.880  2.9032E-01
    7.890  2.9292E-01
    7.900  2.9611E-01
    7.910  3.0037E-01
    7.920  3.0545E-01
    7.930  3.1059E-01
    7.940  3.1513E-01
    7.950  3.1880E-01
    7.960  3.2184E-01
    7.970  3.2477E-01
    7.980  3.2793E-01
    7.990  3.3133E-01
    8.000  3.3473E-01
    8.010  3.3780E-01
    8.020  3.4019E-01
    8.030  3.4175E-01
    8.040  3.4253E-01
    8.050  3.4274E-01
    8.060  3.4275E-01
    8.070  3.4284E-01
    8.080  3.4300E-01
    8.090  3.4312E-01
    8.100  3.4326E-01
    8.110  3.4354E-01
    8.120  3.4402E-01
    8.130  3.4473E-01
    8.140  3.4550E-01
    8.150  3.4620E-01
    8.160  3.4681E-01
    8.170  3.4743E-01
    8.180  3.4817E-01
    8.190  3.4916E-01
    8.200  3.5049E-01
    8.210  3.5226E-01
    8.220  3.5455E-01
    8.230  3.5740E-01
    8.240  3.6086E-01
    8.250  3.6490E-01
    8.260  3.6911E-01
    8.270  3.7299E-01
    8.280  3.7625E-01
    8.290  3.7898E-01
    8.300  3.8146E-01
    8.310  3.8377E-01
    8.320  3.8577E-01
    8.330  3.8739E-01
    8.340  3.8876E-01
    8.350  3.9022E-01
    8.360  3.9228E-01
    8.370  3.9544E-01
    8.380  3.9980E-01
    8.390  4.0520E-01
    8.400  4.1164E-01
    8.410  4.1880E-01
    8.420  4.2611E-01
    8.430  4.3353E-01
    8.440  4.4119E-01
    8.450  4.4889E-01
    8.460  4.5598E-01
    8.470  4.6125E-01
    8.480  4.6405E-01
    8.490  4.6490E-01
    8.500  4.6496E-01
    8.510  4.6511E-01
    8.520  4.6544E-01
    8.530  4.6571E-01
    8.540  4.6584E-01
    8.550  4.6592E-01
    8.560  4.6599E-01
    8.570  4.6606E-01
    8.580  4.6613E-01
    8.590  4.6623E-01
    8.600  4.6647E-01
    8.610  4.6697E-01
    8.620  4.6789E-01
    8.630  4.6917E-01
    8.640  4.7031E-01
    8.650  4.7086E-01
    8.660  4.7100E-01
    8.670  4.7102E-01
    8.680  4.7102E-01
    8.690  4.7106E-01
    8.700  4.7115E-01
    8.710  4.7128E-01
    8.720  4.7151E-01
    8.730  4.7205E-01
    8.740  4.7295E-01
    8.750  4.7398E-01
    8.760  4.7481E-01
    8.770  4.7535E-01
    8.780  4.7579E-01
    8.790  4.7643E-01
    8.800  4.7753E-01
    8.810  4.7894E-01
    8.820  4.8036E-01
    8.830  4.8191E-01
    8.840  4.8407E-01
    8.850  4.8738E-01
    8.860  4.9217E-01
    8.870  4.9815E-01
    8.880  5.0475E-01
    8.890  5.1221E-01
    8.900  5.2147E-01
    8.910  5.3323E-01
    8.920  5.4723E-01
    8.930  5.6246E-01
    8.940  5.7764E-01
    8.950  5.9097E-01
    8.960  6.0080E-01
    8.970  6.0738E-01
    8.980  6.1213E-01
    8.990  6.1600E-01
    9.000  6.1925E-01
    9.010  6.2222E-01
    9.020  6.2543E-01
    9.030  6.2889E-01
    9.040  6.3173E-01
    9.050  6.3324E-01
    9.060  6.3363E-01
    9.070  6.3366E-01
    9.080  6.3368E-01
    9.090  6.3369E-01
    9.100  6.3369E-01
    9.110  6.3372E-01
    9.120  6.3378E-01
    9.130  6.3391E-01
    9.140  6.3426E-01
    9.150  6.3494E-01
    9.160  6.3587E-01
    9.170  6.3679E-01
    9.180  6.3750E-01
    9.190  6.3791E-01
    9.200  6.3810E-01
    9.210  6.3815E-01
    9.220  6.3816E-01
    9.230  6.3816E-01
    9.240  6.3816E-01
    9.250  6.3817E-01
    9.260  6.3822E-01
    9.270  6.3829E-01
    9.280  6.3832E-01
    9.290  6.3833E-01
    9.300  6.3844E-01
    9.310  6.3869E-01
    9.320  6.3895E-01
    9.330  6.3908E-01
    9.340  6.3910E-01
    9.350  6.3929E-01
    9.360  6.3990E-01
    9.370  6.4067E-01
    9.380  6.4133E-01
    9.390  6.4203E-01
    9.400  6.4314E-01
    9.410  6.4490E-01
    9.420  6.4684E-01
    9.430  6.4817E-01
    9.440  6.4872E-01
    9.450  6.4887E-01
    9.460  6.4903E-01
    9.470  6.4947E-01
    9.480  6.5052E-01
    9.490  6.5261E-01
    9.500  6.5602E-01
    9.510  6.6044E-01
    9.520  6.6510E-01
    9.530  6.6956E-01
    9.540  6.7372E-01
    9.550  6.7743E-01
    9.560  6.8044E-01
    9.570  6.8265E-01
    9.580  6.8413E-01
    9.590  6.8497E-01
    9.600  6.8523E-01
    9.610  6.8526E-01
    9.620  6.8553E-01
    9.630  6.8636E-01
    9.640  6.8775E-01
    9.650  6.8938E-01
    9.660  6.9062E-01
    9.670  6.9116E-01
    9.680  6.9123E-01
    9.690  6.9132E-01
    9.700  6.9185E-01
    9.710  6.9317E-01
    9.720  6.9533E-01
    9.730  6.9810E-01
    9.740  7.0124E-01
    9.750  7.0434E-01
    9.760  7.0666E-01
    9.770  7.0788E-01
    9.780  7.0838E-01
    9.790  7.0855E-01
    9.800  7.0863E-01
    9.810  7.0866E-01
    9.820  7.0868E-01
    9.830  7.0868E-01
    9.840  7.0871E-01
    9.850  7.0881E-01
    9.860  7.0902E-01
    9.870  7.0929E-01
    9.880  7.0944E-01
    9.890  7.0946E-01
    9.900  7.0951E-01
    9.910  7.0971E-01
    9.920  7.0994E-01
    9.930  7.1012E-01
    9.940  7.1029E-01
    9.950  7.1049E-01
    9.960  7.1077E-01
    9.970  7.1105E-01
    9.980  7.1124E-01
    9.990  7.1129E-01
   10.000  7.1129E-01
   10.010  7.1129E-01
   10.020  7.1131E-01
   10.030  7.1149E-01
   10.040  7.1226E-01
   10.050  7.1406E-01
   10.060  7.1679E-01
   10.070  7.1982E-01
   10.080  7.2258E-01
   10.090  7.2481E-01
   10.100  7.2627E-01
   10.110  7.2688E-01
   10.120  7.2697E-01
   10.130  7.2705E-01
   10.140  7.2745E-01
   10.150  7.2832E-01
   10.160  7.2987E-01
   10.170  7.3254E-01
   10.180  7.3694E-01
   10.190  7.4339E-01
   10.200  7.5144E-01
   10.210  7.6018E-01
   10.220  7.6807E-01
   10.230  7.7354E-01
   10.240  7.7658E-01
   10.250  7.7806E-01
   10.260  7.7858E-01
   10.270  7.7866E-01
   10.280  7.7868E-01
   10.290  7.7876E-01
   10.300  7.7884E-01
   10.310  7.7886E-01
   10.320  7.7892E-01
   10.330  7.7932E-01
   10.340  7.8017E-01
   10.350  7.8110E-01
   10.360  7.8173E-01
   10.370  7.8205E-01
   10.380  7.8215E-01
   10.390  7.8216E-01
   10.400  7.8221E-01
   10.410  7.8260E-01
   10.420  7.8381E-01
   10.430  7.8579E-01
   10.440  7.8772E-01
   10.450  7.8898E-01
   10.460  7.8952E-01
   10.470  7.8965E-01
   10.480  7.8966E-01
   10.490  7.8977E-01
   10.500  7.8999E-01
   10.510  7.9020E-01
   10.520  7.9036E-01
   10.530  7.9047E-01
   10.540  7.9059E-01
   10.550  7.9077E-01
   10.560  7.9102E-01
   10.570  7.9131E-01
   10.580  7.9172E-01
   10.590  7.9242E-01
   10.600  7.9338E-01
   10.610  7.9433E-01
   10.620  7.9503E-01
   10.630  7.9547E-01
   10.640  7.9570E-01
   10.650  7.9576E-01
   10.660  7.9582E-01
   10.670  7.9633E-01
   10.680  7.9754E-01
   10.690  7.9905E-01
   10.700  8.0023E-01
   10.710  8.0094E-01
   10.720  8.0155E-01
   10.730  8.0244E-01
   10.740  8.0380E-01
   10.750  8.0563E-01
   10.760  8.0783E-01
   10.770  8.1021E-01
   10.780  8.1269E-01
   10.790  8.1527E-01
   10.800  8.1748E-01
   10.810  8.1862E-01
   10.820  8.1880E-01
   10.830  8.1904E-01
   10.840  8.2023E-01
   10.850  8.2202E-01
   10.860  8.2344E-01
   10.870  8.2419E-01
   10.880  8.2452E-01
   10.890  8.2472E-01
   10.900  8.2502E-01
   10.910  8.2557E-01
   10.920  8.2634E-01
   10.930  8.2722E-01
   10.940  8.2830E-01
   10.950  8.2992E-01
   10.960  8.3219E-01
   10.970  8.3452E-01
   10.980  8.3615E-01
   10.990  8.3684E-01
   11.000  8.3694E-01
   11.010  8.3697E-01
   11.020  8.3711E-01
   11.030  8.3736E-01
   11.040  8.3773E-01
   11.050  8.3822E-01
   11.060  8.3871E-01
   11.070  8.3905E-01
   11.080  8.3922E-01
   11.090  8.3933E-01
   11.100  8.3946E-01
   11.110  8.3964E-01
   11.120  8.3991E-01
   11.130  8.4028E-01
   11.140  8.4084E-01
   11.150  8.4168E-01
   11.160  8.4268E-01
   11.170  8.4344E-01
   11.180  8.4377E-01
   11.190  8.4383E-01
   11.200  8.4384E-01
   11.210  8.4389E-01
   11.220  8.4393E-01
   11.230  8.4394E-01
   11.240  8.4404E-01
   11.250  8.4426E-01
   11.260  8.4449E-01
   11.270  8.4463E-01
   11.280  8.4468E-01
   11.290  8.4471E-01
   11.300  8.4474E-01
   11.310  8.4477E-01
   11.320  8.4478E-01
   11.330  8.4478E-01
   11.340  8.4478E-01
   11.350  8.4483E-01
   11.360  8.4510E-01
   11.370  8.4563E-01
   11.380  8.4613E-01
   11.390  8.4640E-01
   11.400  8.4647E-01
   11.410  8.4649E-01
   11.420  8.4649E-01
   11.430  8.4651E-01
   11.440  8.4662E-01
   11.450  8.4712E-01
   11.460  8.4808E-01
   11.470  8.4915E-01
   11.480  8.5009E-01
   11.490  8.5094E-01
   11.500  8.5189E-01
   11.510  8.5291E-01
   11.520  8.5369E-01
   11.530  8.5399E-01
   11.540  8.5401E-01
   11.550  8.5422E-01
   11.560  8.5504E-01
   11.570  8.5646E-01
   11.580  8.5796E-01
   11.590  8.5912E-01
   11.600  8.5975E-01
   11.610  8.5995E-01
   11.620  8.6000E-01
   11.630  8.6003E-01
   11.640  8.6010E-01
   11.650  8.6020E-01
   11.660  8.6027E-01
   11.670  8.6029E-01
   11.680  8.6029E-01
   11.690  8.6030E-01
   11.700  8.6032E-01
   11.710  8.6034E-01
   11.720  8.6034E-01
   11.730  8.6036E-01
   11.740  8.6041E-01
   11.750  8.6055E-01
   11.760  8.6075E-01
   11.770  8.6094E-01
   11.780  8.6111E-01
   11.790  8.6124E-01
   11.800  8.6131E-01
   11.810  8.6137E-01
   11.820  8.6148E-01
   11.830  8.6169E-01
   11.840  8.6191E-01
   11.850  8.6200E-01
   11.860  8.6204E-01
   11.870  8.6250E-01
   11.880  8.6378E-01
   11.890  8.6587E-01
   11.900  8.6872E-01
   11.910  8.7250E-01
   11.920  8.7675E-01
   11.930  8.8045E-01
   11.940  8.8316E-01
   11.950  8.8512E-01
   11.960  8.8668E-01
   11.970  8.8785E-01
   11.980  8.8863E-01
   11.990  8.8911E-01
   12.000  8.8942E-01
   12.010  8.8969E-01
   12.020  8.8997E-01
   12.030  8.9029E-01
   12.040  8.9068E-01
   12.050  8.9124E-01
   12.060  8.9195E-01
   12.070  8.9256E-01
   12.080  8.9290E-01
   12.090  8.9300E-01
   12.100  8.9301E-01
   12.110  8.9309E-01
   12.120  8.9338E-01
   12.130  8.9392E-01
   12.140  8.9451E-01
   12.150  8.9488E-01
   12.160  8.9500E-01
   12.170  8.9501E-01
   12.180  8.9501E-01
   12.190  8.9502E-01
   12.200  8.9503E-01
   12.210  8.9507E-01
   12.220  8.9520E-01
   12.230  8.9548E-01
   12.240  8.9593E-01
   12.250  8.9642E-01
   12.260  8.9687E-01
   12.270  8.9717E-01
   12.280  8.9727E-01
   12.290  8.9728E-01
   12.300  8.9744E-01
   12.310  8.9794E-01
   12.320  8.9882E-01
   12.330  8.9997E-01
   12.340  9.0122E-01
   12.350  9.0235E-01
   12.360  9.0313E-01
   12.370  9.0350E-01
   12.380  9.0360E-01
   12.390  9.0361E-01
   12.400  9.0363E-01
   12.410  9.0369E-01
   12.420  9.0386E-01
   12.430  9.0420E-01
   12.440  9.0476E-01
   12.450  9.0561E-01
   12.460  9.0695E-01
   12.470  9.0893E-01
   12.480  9.1135E-01
   12.490  9.1384E-01
   12.500  9.1617E-01
   12.510  9.1824E-01
   12.520  9.1998E-01
   12.530  9.2127E-01
   12.540  9.2219E-01
   12.550  9.2290E-01
   12.560  9.2362E-01
   12.570  9.2452E-01
   12.580  9.2556E-01
   12.590  9.2646E-01
   12.600  9.2694E-01
   12.610  9.2703E-01
   12.620  9.2708E-01
   12.630  9.2738E-01
   12.640  9.2798E-01
   12.650  9.2868E-01
   12.660  9.2934E-01
   12.670  9.3003E-01
   12.680  9.3080E-01
   12.690  9.3146E-01
   12.700  9.3176E-01
   12.710  9.3181E-01
   12.720  9.3184E-01
   12.730  9.3204E-01
   12.740  9.3241E-01
   12.750  9.3286E-01
   12.760  9.3338E-01
   12.770  9.3398E-01
   12.780  9.3468E-01
   12.790  9.3550E-01
   12.800  9.3652E-01
   12.810  9.3775E-01
   12.820  9.3899E-01
   12.830  9.3994E-01
   12.840  9.4045E-01
   12.850  9.4066E-01
   12.860  9.4074E-01
   12.870  9.4077E-01
   12.880  9.4080E-01
   12.890  9.4080E-01
   12.900  9.4080E-01
   12.910  9.4081E-01
   12.920  9.4086E-01
   12.930  9.4099E-01
   12.940  9.4113E-01
   12.950  9.4121E-01
   12.960  9.4122E-01
   12.970  9.4123E-01
   12.980  9.4130E-01
   12.990  9.4153E-01
   13.000  9.4208E-01
   13.010  9.4319E-01
   13.020  9.4513E-01
   13.030  9.4782E-01
   13.040  9.5086E-01
   13.050  9.5387E-01
   13.060  9.5654E-01
   13.070  9.5869E-01
   13.080  9.6030E-01
   13.090  9.6157E-01
   13.100  9.6269E-01
   13.110  9.6372E-01
   13.120  9.6464E-01
   13.130  9.6541E-01
   13.140  9.6595E-01
   13.150  9.6621E-01
   13.160  9.6628E-01
   13.170  9.6628E-01
   13.180  9.6632E-01
   13.190  9.6639E-01
   13.200  9.6653E-01
   13.210  9.6677E-01
   13.220  9.6707E-01
   13.230  9.6733E-01
   13.240  9.6744E-01
   13.250  9.6746E-01
   13.260  9.6746E-01
   13.270  9.6748E-01
   13.280  9.6749E-01
   13.290  9.6749E-01
   13.300  9.6750E-01
   13.310  9.6751E-01
   13.320  9.6755E-01
   13.330  9.6760E-01
   13.340  9.6766E-01
   13.350  9.6769E-01
   13.360  9.6771E-01
   13.370  9.6771E-01
   13.380  9.6772E-01
   13.390  9.6774E-01
   13.400  9.6776E-01
   13.410  9.6777E-01
   13.420  9.6777E-01
   13.430  9.6777E-01
   13.440  9.6779E-01
   13.450  9.6787E-01
   13.460  9.6807E-01
   13.470  9.6843E-01
   13.480  9.6894E-01
   13.490  9.6956E-01
   13.500  9.7016E-01
   13.510  9.7057E-01
   13.520  9.7079E-01
   13.530  9.7090E-01
   13.540  9.7097E-01
   13.550  9.7101E-01
   13.560  9.7102E-01
   13.570  9.7104E-01
   13.580  9.7118E-01
   13.590  9.7148E-01
   13.600  9.7197E-01
   13.610  9.7261E-01
   13.620  9.7326E-01
   13.630  9.7384E-01
   13.640  9.7436E-01
   13.650  9.7484E-01
   13.660  9.7526E-01
   13.670  9.7558E-01
   13.680  9.7581E-01
   13.690  9.7595E-01
   13.700  9.7599E-01
   13.710  9.7599E-01
   13.720  9.7601E-01
   13.730  9.7609E-01
   13.740  9.7629E-01
   13.750  9.7669E-01
   13.760  9.7733E-01
   13.770  9.7809E-01
   13.780  9.7871E-01
   13.790  9.7906E-01
   13.800  9.7919E-01
   13.810  9.7920E-01
   13.820  9.7922E-01
   13.830  9.7929E-01
   13.840  9.7933E-01
   13.850  9.7934E-01
   13.860  9.7934E-01
   13.870  9.7934E-01
   13.880  9.7934E-01
   13.890  9.7935E-01
   13.900  9.7937E-01
   13.910  9.7938E-01
   13.920  9.7939E-01
   13.930  9.7939E-01
   13.940  9.7943E-01
   13.950  9.7954E-01
   13.960  9.7972E-01
   13.970  9.7990E-01
   13.980  9.8003E-01
   13.990  9.8011E-01
   14.000  9.8014E-01
   14.010  9.8015E-01
   14.020  9.8015E-01
   14.030  9.8017E-01
   14.040  9.8021E-01
   14.050  9.8027E-01
   14.060  9.8035E-01
   14.070  9.8042E-01
   14.080  9.8046E-01
   14.090  9.8046E-01
   14.100  9.8047E-01
   14.110  9.8052E-01
   14.120  9.8061E-01
   14.130  9.8073E-01
   14.140  9.8084E-01
   14.150  9.8093E-01
   14.160  9.8099E-01
   14.170  9.8101E-01
   14.180  9.8101E-01
   14.190  9.8102E-01
   14.200  9.8104E-01
   14.210  9.8108E-01
   14.220  9.8113E-01
   14.230  9.8116E-01
   14.240  9.8118E-01
   14.250  9.8118E-01
   14.260  9.8118E-01
   14.270  9.8118E-01
   14.280  9.8118E-01
   14.290  9.8118E-01
   14.300  9.8118E-01
   14.310  9.8119E-01
   14.320  9.8119E-01
   14.330  9.8119E-01
   14.340  9.8119E-01
   14.350  9.8120E-01
   14.360  9.8123E-01
   14.370  9.8129E-01
   14.380  9.8139E-01
   14.390  9.8151E-01
   14.400  9.8163E-01
   14.410  9.8171E-01
   14.420  9.8175E-01
   14.430  9.8175E-01
   14.440  9.8176E-01
   14.450  9.8182E-01
   14.460  9.8189E-01
   14.470  9.8195E-01
   14.480  9.8197E-01
   14.490  9.8197E-01
   14.500  9.8197E-01
   14.510  9.8197E-01
   14.520  9.8200E-01
   14.530  9.8204E-01
   14.540  9.8207E-01
   14.550  9.8208E-01
   14.560  9.8208E-01
   14.570  9.8208E-01
   14.580  9.8208E-01
   14.590  9.8211E-01
   14.600  9.8223E-01
   14.610  9.8245E-01
   14.620  9.8272E-01
   14.630  9.8296E-01
   14.640  9.8315E-01
   14.650  9.8327E-01
   14.660  9.8332E-01
   14.670  9.8332E-01
   14.680  9.8333E-01
   14.690  9.8334E-01
   14.700  9.8337E-01
   14.710  9.8340E-01
   14.720  9.8343E-01
   14.730  9.8345E-01
   14.740  9.8346E-01
   14.750  9.8350E-01
   14.760  9.8358E-01
   14.770  9.8369E-01
   14.780  9.8379E-01
   14.790  9.8383E-01
   14.800  9.8384E-01
   14.810  9.8384E-01
   14.820  9.8384E-01
   14.830  9.8384E-01
   14.840  9.8385E-01
   14.850  9.8390E-01
   14.860  9.8400E-01
   14.870  9.8415E-01
   14.880  9.8430E-01
   14.890  9.8444E-01
   14.900  9.8455E-01
   14.910  9.8463E-01
   14.920  9.8467E-01
   14.930  9.8469E-01
   14.940  9.8469E-01
   14.950  9.8469E-01
   14.960  9.8469E-01
   14.970  9.8469E-01
   14.980  9.8469E-01
   14.990  9.8470E-01
   15.000  9.8472E-01
   15.010  9.8475E-01
   15.020  9.8478E-01
   15.030  9.8481E-01
   15.040  9.8482E-01
   15.050  9.8482E-01
   15.060  9.8482E-01
   15.070  9.8482E-01
   15.080  9.8482E-01
   15.090  9.8482E-01
   15.100  9.8483E-01
   15.110  9.8484E-01
   15.120  9.8489E-01
   15.130  9.8499E-01
   15.140  9.8518E-01
   15.150  9.8549E-01
   15.160  9.8591E-01
   15.170  9.8638E-01
   15.180  9.8694E-01
   15.190  9.8761E-01
   15.200  9.8839E-01
   15.210  9.8922E-01
   15.220  9.9001E-01
   15.230  9.9070E-01
   15.240  9.9127E-01
   15.250  9.9171E-01
   15.260  9.9205E-01
   15.270  9.9228E-01
   15.280  9.9238E-01
   15.290  9.9240E-01
   15.300  9.9241E-01
   15.310  9.9245E-01
   15.320  9.9252E-01
   15.330  9.9256E-01
   15.340  9.9257E-01
   15.350  9.9257E-01
   15.360  9.9257E-01
   15.370  9.9257E-01
   15.380  9.9258E-01
   15.390  9.9261E-01
   15.400  9.9269E-01
   15.410  9.9282E-01
   15.420  9.9301E-01
   15.430  9.9325E-01
   15.440  9.9356E-01
   15.450  9.9393E-01
   15.460  9.9430E-01
   15.470  9.9458E-01
   15.480  9.9477E-01
   15.490  9.9489E-01
   15.500  9.9498E-01
   15.510  9.9507E-01
   15.520  9.9517E-01
   15.530  9.9527E-01
   15.540  9.9536E-01
   15.550  9.9543E-01
   15.560  9.9549E-01
   15.570  9.9557E-01
   15.580  9.9567E-01
   15.590  9.9578E-01
   15.600  9.9587E-01
   15.610  9.9594E-01
   15.620  9.9599E-01
   15.630  9.9604E-01
   15.640  9.9609E-01
   15.650  9.9613E-01
   15.660  9.9616E-01
   15.670  9.9620E-01
   15.680  9.9626E-01
   15.690  9.9633E-01
   15.700  9.9641E-01
   15.710  9.9649E-01
   15.720  9.9656E-01
   15.730  9.9662E-01
   15.740  9.9668E-01
   15.750  9.9675E-01
   15.760  9.9682E-01
   15.770  9.9687E-01
   15.780  9.9691E-01
   15.790  9.9695E-01
   15.800  9.9699E-01
   15.810  9.9704E-01
   15.820  9.9707E-01
   15.830  9.9709E-01
   15.840  9.9709E-01
   15.850  9.9709E-01
   15.860  9.9709E-01
   15.870  9.9709E-01
   15.880  9.9709E-01
   15.890  9.9709E-01
   15.900  9.9709E-01
   15.910  9.9710E-01
   15.920  9.9710E-01
   15.930  9.9711E-01
   15.940  9.9711E-01
   15.950  9.9712E-01
   15.960  9.9712E-01
   15.970  9.9713E-01
   15.980  9.9715E-01
   15.990  9.9717E-01
   16.000  9.9721E-01
   16.010  9.9725E-01
   16.020  9.9730E-01
   16.030  9.9736E-01
   16.040  9.9742E-01
   16.050  9.9748E-01
   16.060  9.9755E-01
   16.070  9.9762E-01
   16.080  9.9770E-01
   16.090  9.9777E-01
   16.100  9.9783E-01
   16.110  9.9787E-01
   16.120  9.9790E-01
   16.130  9.9792E-01
   16.140  9.9793E-01
   16.150  9.9793E-01
   16.160  9.9793E-01
   16.170  9.9794E-01
   16.180  9.9795E-01
   16.190  9.9797E-01
   16.200  9.9800E-01
   16.210  9.9802E-01
   16.220  9.9804E-01
   16.230  9.9805E-01
   16.240  9.9807E-01
   16.250  9.9810E-01
   16.260  9.9813E-01
   16.270  9.9817E-01
   16.280  9.9821E-01
   16.290  9.9825E-01
   16.300  9.9830E-01
   16.310  9.9835E-01
   16.320  9.9841E-01
   16.330  9.9845E-01
   16.340  9.9848E-01
   16.350  9.9850E-01
   16.360  9.9851E-01
   16.370  9.9852E-01
   16.380  9.9852E-01
   16.390  9.9852E-01
   16.400  9.9852E-01
   16.410  9.9852E-01
   16.420  9.9852E-01
   16.430  9.9852E-01
   16.440  9.9852E-01
   16.450  9.9853E-01
   16.460  9.9853E-01
   16.470  9.9853E-01
   16.480  9.9854E-01
   16.490  9.9856E-01
   16.500  9.9860E-01
   16.510  9.9865E-01
   16.520  9.9871E-01
   16.530  9.9878E-01
   16.540  9.9884E-01
   16.550  9.9891E-01
   16.560  9.9897E-01
   16.570  9.9902E-01
   16.580  9.9907E-01
   16.590  9.9911E-01
   16.600  9.9914E-01
   16.610  9.9916E-01
   16.620  9.9918E-01
   16.630  9.9919E-01
   16.640  9.9920E-01
   16.650  9.9920E-01
   16.660  9.9920E-01
   16.670  9.9920E-01
   16.680  9.9920E-01
   16.690  9.9921E-01
   16.700  9.9921E-01
   16.710  9.9921E-01
   16.720  9.9922E-01
   16.730  9.9922E-01
   16.740  9.9922E-01
   16.750  9.9922E-01
   16.760  9.9923E-01
   16.770  9.9923E-01
   16.780  9.9923E-01
   16.790  9.9923E-01
   16.800  9.9923E-01
   16.810  9.9923E-01
   16.820  9.9924E-01
   16.830  9.9924E-01
   16.840  9.9925E-01
   16.850  9.9926E-01
   16.860  9.9927E-01
   16.870  9.9929E-01
   16.880  9.9932E-01
   16.890  9.9935E-01
   16.900  9.9936E-01
   16.910  9.9937E-01
   16.920  9.9938E-01
   16.930  9.9939E-01
   16.940  9.9939E-01
   16.950  9.9939E-01
   16.960  9.9939E-01
   16.970  9.9939E-01
   16.980  9.9940E-01
   16.990  9.9940E-01
   17.000  9.9940E-01
   17.010  9.9940E-01
   17.020  9.9940E-01
   17.030  9.9941E-01
   17.040  9.9942E-01
   17.050  9.9943E-01
   17.060  9.9945E-01
   17.070  9.9946E-01
   17.080  9.9948E-01
   17.090  9.9949E-01
   17.100  9.9951E-01
   17.110  9.9953E-01
   17.120  9.9955E-01
   17.130  9.9958E-01
   17.140  9.9960E-01
   17.150  9.9962E-01
   17.160  9.9964E-01
   17.170  9.9965E-01
   17.180  9.9965E-01
   17.190  9.9965E-01
   17.200  9.9965E-01
   17.210  9.9965E-01
   17.220  9.9965E-01
   17.230  9.9965E-01
   17.240  9.9966E-01
   17.250  9.9966E-01
   17.260  9.9966E-01
   17.270  9.9966E-01
   17.280  9.9966E-01
   17.290  9.9966E-01
   17.300  9.9966E-01
   17.310  9.9966E-01
   17.320  9.9966E-01
   17.330  9.9966E-01
   17.340  9.9966E-01
   17.350  9.9966E-01
   17.360  9.9966E-01
   17.370  9.9966E-01
   17.380  9.9967E-01
   17.390  9.9967E-01
   17.400  9.9967E-01
   17.410  9.9968E-01
   17.420  9.9969E-01
   17.430  9.9970E-01
   17.440  9.9970E-01
   17.450  9.9971E-01
   17.460  9.9971E-01
   17.470  9.9971E-01
   17.480  9.9971E-01
   17.490  9.9971E-01
   17.500  9.9972E-01
   17.510  9.9972E-01
   17.520  9.9972E-01
   17.530  9.9972E-01
   17.540  9.9972E-01
   17.550  9.9972E-01
   17.560  9.9972E-01
   17.570  9.9972E-01
   17.580  9.9972E-01
   17.590  9.9972E-01
   17.600  9.9972E-01
   17.610  9.9972E-01
   17.620  9.9972E-01
   17.630  9.9972E-01
   17.640  9.9972E-01
   17.650  9.9972E-01
   17.660  9.9972E-01
   17.670  9.9972E-01
   17.680  9.9972E-01
   17.690  9.9972E-01
   17.700  9.9972E-01
   17.710  9.9972E-01
   17.720  9.9972E-01
   17.730  9.9972E-01
   17.740  9.9972E-01
   17.750  9.9972E-01
   17.760  9.9972E-01
   17.770  9.9972E-01
   17.780  9.9972E-01
   17.790  9.9973E-01
   17.800  9.9973E-01
   17.810  9.9973E-01
   17.820  9.9973E-01
   17.830  9.9973E-01
   17.840  9.9973E-01
   17.850  9.9973E-01
   17.860  9.9974E-01
   17.870  9.9974E-01
   17.880  9.9974E-01
   17.890  9.9975E-01
   17.900  9.9975E-01
   17.910  9.9975E-01
   17.920  9.9975E-01
   17.930  9.9975E-01
   17.940  9.9975E-01
   17.950  9.9976E-01
   17.960  9.9976E-01
   17.970  9.9976E-01
   17.980  9.9976E-01
   17.990  9.9976E-01
   18.000  9.9976E-01
   18.010  9.9976E-01
   18.020  9.9976E-01
   18.030  9.9976E-01
   18.040  9.9976E-01
   18.050  9.9976E-01
   18.060  9.9977E-01
   18.070  9.9977E-01
   18.080  9.9977E-01
   18.090  9.9977E-01
   18.100  9.9977E-01
   18.110  9.9977E-01
   18.120  9.9977E-01
   18.130  9.9977E-01
   18.140  9.9977E-01
   18.150  9.9977E-01
   18.160  9.9977E-01
   18.170  9.9977E-01
   18.180  9.9977E-01
   18.190  9.9977E-01
   18.200  9.9977E-01
   18.210  9.9978E-01
   18.220  9.9978E-01
   18.230  9.9978E-01
   18.240  9.9978E-01
   18.250  9.9978E-01
   18.260  9.9978E-01
   18.270  9.9978E-01
   18.280  9.9978E-01
   18.290  9.9978E-01
   18.300  9.9978E-01
   18.310  9.9978E-01
   18.320  9.9978E-01
   18.330  9.9978E-01
   18.340  9.9979E-01
   18.350  9.9979E-01
   18.360  9.9980E-01
   18.370  9.9980E-01
   18.380  9.9980E-01
   18.390  9.9980E-01
   18.400  9.9980E-01
   18.410  9.9981E-01
   18.420  9.9981E-01
   18.430  9.9981E-01
   18.440  9.9981E-01
   18.450  9.9981E-01
   18.460  9.9981E-01
   18.470  9.9981E-01
   18.480  9.9981E-01
   18.490  9.9981E-01
   18.500  9.9981E-01
   18.510  9.9981E-01
   18.520  9.9981E-01
   18.530  9.9981E-01
   18.540  9.9981E-01
   18.550  9.9981E-01
   18.560  9.9981E-01
   18.570  9.9981E-01
   18.580  9.9982E-01
   18.590  9.9982E-01
   18.600  9.9982E-01
   18.610  9.9982E-01
   18.620  9.9983E-01
   18.630  9.9983E-01
   18.640  9.9983E-01
   18.650  9.9983E-01
   18.660  9.9983E-01
   18.670  9.9983E-01
   18.680  9.9983E-01
   18.690  9.9983E-01
   18.700  9.9983E-01
   18.710  9.9983E-01
   18.720  9.9983E-01
   18.730  9.9983E-01
   18.740  9.9984E-01
   18.750  9.9984E-01
   18.760  9.9984E-01
   18.770  9.9984E-01
   18.780  9.9984E-01
   18.790  9.9984E-01
   18.800  9.9984E-01
   18.810  9.9984E-01
   18.820  9.9984E-01
   18.830  9.9984E-01
   18.840  9.9984E-01
   18.850  9.9984E-01
   18.860  9.9984E-01
   18.870  9.9984E-01
   18.880  9.9984E-01
   18.890  9.9984E-01
   18.900  9.9984E-01
   18.910  9.9984E-01
   18.920  9.9984E-01
   18.930  9.9984E-01
   18.940  9.9984E-01
   18.950  9.9985E-01
   18.960  9.9985E-01
   18.970  9.9985E-01
   18.980  9.9985E-01
   18.990  9.9985E-01
   19.000  9.9985E-01
   19.010  9.9985E-01
   19.020  9.9985E-01
   19.030  9.9985E-01
   19.040  9.9985E-01
   19.050  9.9985E-01
   19.060  9.9985E-01
   19.070  9.9985E-01
   19.080  9.9985E-01
   19.090  9.9985E-01
   19.100  9.9985E-01
   19.110  9.9985E-01
   19.120  9.9985E-01
   19.130  9.9985E-01
   19.140  9.9985E-01
   19.150  9.9985E-01
   19.160  9.9986E-01
   19.170  9.9986E-01
   19.180  9.9986E-01
   19.190  9.9986E-01
   19.200  9.9986E-01
   19.210  9.9986E-01
   19.220  9.9986E-01
   19.230  9.9986E-01
   19.240  9.9986E-01
   19.250  9.9986E-01
   19.260  9.9986E-01
   19.270  9.9986E-01
   19.280  9.9986E-01
   19.290  9.9986E-01
   19.300  9.9986E-01
   19.310  9.9986E-01
   19.320  9.9986E-01
   19.330  9.9986E-01
   19.340  9.9986E-01
   19.350  9.9986E-01
   19.360  9.9986E-01
   19.370  9.9986E-01
   19.380  9.9986E-01
   19.390  9.9986E-01
   19.400  9.9986E-01
   19.410  9.9986E-01
   19.420  9.9986E-01
   19.430  9.9986E-01
   19.440  9.9986E-01
   19.450  9.9986E-01
   19.460  9.9986E-01
   19.470  9.9986E-01
   19.480  9.9986E-01
   19.490  9.9986E-01
   19.500  9.9986E-01
   19.510  9.9986E-01
   19.520  9.9986E-01
   19.530  9.9986E-01
   19.540  9.9986E-01
   19.550  9.9986E-01
   19.560  9.9986E-01
   19.570  9.9986E-01
   19.580  9.9986E-01
   19.590  9.9986E-01
   19.600  9.9986E-01
   19.610  9.9986E-01
   19.620  9.9986E-01
   19.630  9.9986E-01
   19.640  9.9986E-01
   19.650  9.9986E-01
   19.660  9.9986E-01
   19.670  9.9986E-01
   19.680  9.9986E-01
   19.690  9.9986E-01
   19.700  9.9986E-01
   19.710  9.9986E-01
   19.720  9.9986E-01
   19.730  9.9986E-01
   19.740  9.9986E-01
   19.750  9.9986E-01
   19.760  9.9986E-01
   19.770  9.9986E-01
   19.780  9.9986E-01
   19.790  9.9986E-01
   19.800  9.9986E-01
   19.810  9.9986E-01
   19.820  9.9986E-01
   19.830  9.9986E-01
   19.840  9.9986E-01
   19.850  9.9986E-01
   19.860  9.9986E-01
   19.870  9.9986E-01
   19.880  9.9986E-01
   19.890  9.9986E-01
   19.900  9.9986E-01
   19.910  9.9986E-01
   19.920  9.9986E-01
   19.930  9.9986E-01
   19.940  9.9986E-01
   19.950  9.9986E-01
   19.960  9.9986E-01
   19.970  9.9986E-01
   19.980  9.9986E-01
   19.990  9.9986E-01
   20.000  9.9986E-01
   20.010  9.9986E-01
   20.020  9.9986E-01
   20.030  9.9986E-01
   20.040  9.9986E-01
   20.050  9.9986E-01
   20.060  9.9986E-01
   20.070  9.9986E-01
   20.080  9.9986E-01
   20.090  9.9986E-01
   20.100  9.9987E-01
   20.110  9.9987E-01
   20.120  9.9987E-01
   20.130  9.9987E-01
   20.140  9.9987E-01
   20.150  9.9987E-01
   20.160  9.9987E-01
   20.170  9.9987E-01
   20.180  9.9987E-01
   20.190  9.9987E-01
   20.200  9.9987E-01
   20.210  9.9987E-01
   20.220  9.9987E-01
   20.230  9.9987E-01
   20.240  9.9987E-01
   20.250  9.9987E-01
   20.260  9.9987E-01
   20.270  9.9987E-01
   20.280  9.9987E-01
   20.290  9.9987E-01
   20.300  9.9987E-01
   20.310  9.9987E-01
   20.320  9.9987E-01
   20.330  9.9987E-01
   20.340  9.9987E-01
   20.350  9.9987E-01
   20.360  9.9987E-01
   20.370  9.9987E-01
   20.380  9.9987E-01
   20.390  9.9987E-01
   20.400  9.9987E-01
   20.410  9.9987E-01
   20.420  9.9987E-01
   20.430  9.9987E-01
   20.440  9.9987E-01
   20.450  9.9987E-01
   20.460  9.9987E-01
   20.470  9.9987E-01
   20.480  9.9987E-01
   20.490  9.9987E-01
   20.500  9.9987E-01
   20.510  9.9987E-01
   20.520  9.9987E-01
   20.530  9.9988E-01
   20.540  9.9988E-01
   20.550  9.9988E-01
   20.560  9.9988E-01
   20.570  9.9988E-01
   20.580  9.9988E-01
   20.590  9.9988E-01
   20.600  9.9988E-01
   20.610  9.9988E-01
   20.620  9.9988E-01
   20.630  9.9988E-01
   20.640  9.9988E-01
   20.650  9.9988E-01
   20.660  9.9988E-01
   20.670  9.9988E-01
   20.680  9.9988E-01
   20.690  9.9988E-01
   20.700  9.9988E-01
   20.710  9.9988E-01
   20.720  9.9988E-01
   20.730  9.9988E-01
   20.740  9.9988E-01
   20.750  9.9988E-01
   20.760  9.9988E-01
   20.770  9.9988E-01
   20.780  9.9988E-01
   20.790  9.9988E-01
   20.800  9.9988E-01
   20.810  9.9988E-01
   20.820  9.9988E-01
   20.830  9.9988E-01
   20.840  9.9988E-01
   20.850  9.9988E-01
   20.860  9.9988E-01
   20.870  9.9988E-01
   20.880  9.9988E-01
   20.890  9.9988E-01
   20.900  9.9988E-01
   20.910  9.9988E-01
   20.920  9.9988E-01
   20.930  9.9988E-01
   20.940  9.9988E-01
   20.950  9.9988E-01
   20.960  9.9988E-01
   20.970  9.9988E-01
   20.980  9.9988E-01
   20.990  9.9988E-01
   21.000  9.9988E-01
   21.010  9.9988E-01
   21.020  9.9988E-01
   21.030  9.9988E-01
   21.040  9.9988E-01
   21.050  9.9988E-01
   21.060  9.9988E-01
   21.070  9.9988E-01
   21.080  9.9988E-01
   21.090  9.9988E-01
   21.100  9.9989E-01
   21.110  9.9989E-01
   21.120  9.9989E-01
   21.130  9.9989E-01
   21.140  9.9989E-01
   21.150  9.9989E-01
   21.160  9.9989E-01
   21.170  9.9989E-01
   21.180  9.9989E-01
   21.190  9.9989E-01
   21.200  9.9989E-01
   21.210  9.9989E-01
   21.220  9.9989E-01
   21.230  9.9989E-01
   21.240  9.9989E-01
   21.250  9.9989E-01
   21.260  9.9989E-01
   21.270  9.9989E-01
   21.280  9.9989E-01
   21.290  9.9989E-01
   21.300  9.9989E-01
   21.310  9.9989E-01
   21.320  9.9989E-01
   21.330  9.9989E-01
   21.340  9.9989E-01
   21.350  9.9989E-01
   21.360  9.9989E-01
   21.370  9.9989E-01
   21.380  9.9989E-01
   21.390  9.9989E-01
   21.400  9.9989E-01
   21.410  9.9989E-01
   21.420  9.9989E-01
   21.430  9.9989E-01
   21.440  9.9989E-01
   21.450  9.9989E-01
   21.460  9.9989E-01
   21.470  9.9989E-01
   21.480  9.9989E-01
   21.490  9.9989E-01
   21.500  9.9989E-01
   21.510  9.9990E-01
   21.520  9.9990E-01
   21.530  9.9990E-01
   21.540  9.9990E-01
   21.550  9.9990E-01
   21.560  9.9990E-01
   21.570  9.9990E-01
   21.580  9.9990E-01
   21.590  9.9990E-01
   21.600  9.9990E-01
   21.610  9.9990E-01
   21.620  9.9990E-01
   21.630  9.9990E-01
   21.640  9.9990E-01
   21.650  9.9990E-01
   21.660  9.9990E-01
   21.670  9.9990E-01
   21.680  9.9990E-01
   21.690  9.9990E-01
   21.700  9.9990E-01
   21.710  9.9990E-01
   21.720  9.9990E-01
   21.730  9.9990E-01
   21.740  9.9990E-01
   21.750  9.9990E-01
   21.760  9.9990E-01
   21.770  9.9990E-01
   21.780  9.9990E-01
   21.790  9.9990E-01
   21.800  9.9990E-01
   21.810  9.9990E-01
   21.820  9.9990E-01
   21.830  9.9990E-01
   21.840  9.9990E-01
   21.850  9.9990E-01
   21.860  9.9990E-01
   21.870  9.9990E-01
   21.880  9.9991E-01
   21.890  9.9991E-01
   21.900  9.9991E-01
   21.910  9.9991E-01
   21.920  9.9991E-01
   21.930  9.9991E-01
   21.940  9.9991E-01
   21.950  9.9991E-01
   21.960  9.9991E-01
   21.970  9.9991E-01
   21.980  9.9991E-01
   21.990  9.9991E-01
   22.000  9.9991E-01
   22.010  9.9991E-01
   22.020  9.9991E-01
   22.030  9.9991E-01
   22.040  9.9991E-01
   22.050  9.9991E-01
   22.060  9.9992E-01
   22.070  9.9992E-01
   22.080  9.9992E-01
   22.090  9.9992E-01
   22.100  9.9992E-01
   22.110  9.9992E-01
   22.120  9.9992E-01
   22.130  9.9992E-01
   22.140  9.9992E-01
   22.150  9.9992E-01
   22.160  9.9993E-01
   22.170  9.9993E-01
   22.180  9.9993E-01
   22.190  9.9993E-01
   22.200  9.9993E-01
   22.210  9.9993E-01
   22.220  9.9993E-01
   22.230  9.9993E-01
   22.240  9.9993E-01
   22.250  9.9993E-01
   22.260  9.9993E-01
   22.270  9.9993E-01
   22.280  9.9993E-01
   22.290  9.9993E-01
   22.300  9.9993E-01
   22.310  9.9993E-01
   22.320  9.9993E-01
   22.330  9.9993E-01
   22.340  9.9993E-01
   22.350  9.9993E-01
   22.360  9.9993E-01
   22.370  9.9993E-01
   22.380  9.9993E-01
   22.390  9.9993E-01
   22.400  9.9993E-01
   22.410  9.9993E-01
   22.420  9.9993E-01
   22.430  9.9993E-01
   22.440  9.9993E-01
   22.450  9.9993E-01
   22.460  9.9994E-01
   22.470  9.9994E-01
   22.480  9.9994E-01
   22.490  9.9994E-01
   22.500  9.9994E-01
   22.510  9.9994E-01
   22.520  9.9994E-01
   22.530  9.9994E-01
   22.540  9.9994E-01
   22.550  9.9994E-01
   22.560  9.9994E-01
   22.570  9.9994E-01
   22.580  9.9994E-01
   22.590  9.9994E-01
   22.600  9.9994E-01
   22.610  9.9994E-01
   22.620  9.9994E-01
   22.630  9.9994E-01
   22.640  9.9994E-01
   22.650  9.9994E-01
   22.660  9.9994E-01
   22.670  9.9994E-01
   22.680  9.9994E-01
   22.690  9.9994E-01
   22.700  9.9994E-01
   22.710  9.9994E-01
   22.720  9.9995E-01
   22.730  9.9995E-01
   22.740  9.9995E-01
   22.750  9.9995E-01
   22.760  9.9995E-01
   22.770  9.9995E-01
   22.780  9.9995E-01
   22.790  9.9995E-01
   22.800  9.9995E-01
   22.810  9.9995E-01
   22.820  9.9995E-01
   22.830  9.9995E-01
   22.840  9.9995E-01
   22.850  9.9995E-01
   22.860  9.9995E-01
   22.870  9.9995E-01
   22.880  9.9995E-01
   22.890  9.9995E-01
   22.900  9.9995E-01
   22.910  9.9995E-01
   22.920  9.9995E-01
   22.930  9.9995E-01
   22.940  9.9995E-01
   22.950  9.9995E-01
   22.960  9.9995E-01
   22.970  9.9995E-01
   22.980  9.9995E-01
   22.990  9.9995E-01
   23.000  9.9995E-01
   23.010  9.9995E-01
   23.020  9.9995E-01
   23.030  9.9995E-01
   23.040  9.9995E-01
   23.050  9.9995E-01
   23.060  9.9995E-01
   23.070  9.9995E-01
   23.080  9.9996E-01
   23.090  9.9996E-01
   23.100  9.9996E-01
   23.110  9.9996E-01
   23.120  9.9996E-01
   23.130  9.9996E-01
   23.140  9.9996E-01
   23.150  9.9996E-01
   23.160  9.9996E-01
   23.170  9.9996E-01
   23.180  9.9996E-01
   23.190  9.9996E-01
   23.200  9.9996E-01
   23.210  9.9996E-01
   23.220  9.9996E-01
   23.230  9.9996E-01
   23.240  9.9996E-01
   23.250  9.9996E-01
   23.260  9.9996E-01
   23.270  9.9996E-01
   23.280  9.9996E-01
   23.290  9.9996E-01
   23.300  9.9996E-01
   23.310  9.9996E-01
   23.320  9.9996E-01
   23.330  9.9996E-01
   23.340  9.9996E-01
   23.350  9.9996E-01
   23.360  9.9996E-01
   23.370  9.9996E-01
   23.380  9.9996E-01
   23.390  9.9996E-01
   23.400  9.9996E-01
   23.410  9.9996E-01
   23.420  9.9996E-01
   23.430  9.9996E-01
   23.440  9.9996E-01
   23.450  9.9996E-01
   23.460  9.9996E-01
   23.470  9.9997E-01
   23.480  9.9997E-01
   23.490  9.9997E-01
   23.500  9.9997E-01
   23.510  9.9997E-01
   23.520  9.9997E-01
   23.530  9.9997E-01
   23.540  9.9997E-01
   23.550  9.9997E-01
   23.560  9.9997E-01
   23.570  9.9997E-01
   23.580  9.9997E-01
   23.590  9.9997E-01
   23.600  9.9997E-01
   23.610  9.9997E-01
   23.620  9.9997E-01
   23.630  9.9997E-01
   23.640  9.9997E-01
   23.650  9.9997E-01
   23.660  9.9997E-01
   23.670  9.9997E-01
   23.680  9.9997E-01
   23.690  9.9997E-01
   23.700  9.9997E-01
   23.710  9.9997E-01
   23.720  9.9997E-01
   23.730  9.9997E-01
   23.740  9.9997E-01
   23.750  9.9997E-01
   23.760  9.9997E-01
   23.770  9.9997E-01
   23.780  9.9997E-01
   23.790  9.9997E-01
   23.800  9.9998E-01
   23.810  9.9998E-01
   23.820  9.9998E-01
   23.830  9.9998E-01
   23.840  9.9998E-01
   23.850  9.9998E-01
   23.860  9.9998E-01
   23.870  9.9998E-01
   23.880  9.9998E-01
   23.890  9.9998E-01
   23.900  9.9998E-01
   23.910  9.9998E-01
   23.920  9.9998E-01
   23.930  9.9998E-01
   23.940  9.9998E-01
   23.950  9.9998E-01
   23.960  9.9998E-01
   23.970  9.9998E-01
   23.980  9.9998E-01
   23.990  9.9998E-01
   24.000  9.9998E-01
   24.010  9.9998E-01
   24.020  9.9998E-01
   24.030  9.9998E-01
   24.040  9.9998E-01
   24.050  9.9998E-01
   24.060  9.9998E-01
   24.070  9.9998E-01
   24.080  9.9998E-01
   24.090  9.9998E-01
   24.100  9.9998E-01
   24.110  9.9998E-01
   24.120  9.9998E-01
   24.130  9.9998E-01
   24.140  9.9998E-01
   24.150  9.9998E-01
   24.160  9.9998E-01
   24.170  9.9998E-01
   24.180  9.9998E-01
   24.190  9.9998E-01
   24.200  9.9998E-01
   24.210  9.9998E-01
   24.220  9.9998E-01
   24.230  9.9998E-01
   24.240  9.9998E-01
   24.250  9.9998E-01
   24.260  9.9998E-01
   24.270  9.9998E-01
   24.280  9.9999E-01
   24.290  9.9999E-01
   24.300  9.9999E-01
   24.310  9.9999E-01
   24.320  9.9999E-01
   24.330  9.9999E-01
   24.340  9.9999E-01
   24.350  9.9999E-01
   24.360  9.9999E-01
   24.370  9.9999E-01
   24.380  9.9999E-01
   24.390  9.9999E-01
   24.400  9.9999E-01
   24.410  9.9999E-01
   24.420  9.9999E-01
   24.430  9.9999E-01
   24.440  9.9999E-01
   24.450  9.9999E-01
   24.460  9.9999E-01
   24.470  9.9999E-01
   24.480  9.9999E-01
   24.490  9.9999E-01
   24.500  9.9999E-01
   24.510  9.9999E-01
   24.520  9.9999E-01
   24.530  9.9999E-01
   24.540  9.9999E-01
   24.550  9.9999E-01
   24.560  9.9999E-01
   24.570  9.9999E-01
   24.580  9.9999E-01
   24.590  9.9999E-01
   24.600  9.9999E-01
   24.610  9.9999E-01
   24.620  9.9999E-01
   24.630  9.9999E-01
   24.640  9.9999E-01
   24.650  9.9999E-01
   24.660  9.9999E-01
   24.670  9.9999E-01
   24.680  9.9999E-01
   24.690  9.9999E-01
   24.700  9.9999E-01
   24.710  9.9999E-01
   24.720  9.9999E-01
   24.730  9.9999E-01
   24.740  9.9999E-01
   24.750  9.9999E-01
   24.760  9.9999E-01
   24.770  9.9999E-01
   24.780  9.9999E-01
   24.790  9.9999E-01
   24.800  9.9999E-01
   24.810  9.9999E-01
   24.820  9.9999E-01
   24.830  9.9999E-01
   24.840  9.9999E-01
   24.850  9.9999E-01
   24.860  9.9999E-01
   24.870  9.9999E-01
   24.880  9.9999E-01
   24.890  9.9999E-01
   24.900  9.9999E-01
   24.910  9.9999E-01
   24.920  9.9999E-01
   24.930  9.9999E-01
   24.940  9.9999E-01
   24.950  9.9999E-01
   24.960  9.9999E-01
   24.970  9.9999E-01
   24.980  9.9999E-01
   24.990  9.9999E-01
   25.000  9.9999E-01
   25.010  9.9999E-01
   25.020  9.9999E-01
   25.030  9.9999E-01
   25.040  9.9999E-01
   25.050  9.9999E-01
   25.060  9.9999E-01
   25.070  9.9999E-01
   25.080  9.9999E-01
   25.090  9.9999E-01
   25.100  9.9999E-01
   25.110  9.9999E-01
   25.120  9.9999E-01
   25.130  9.9999E-01
   25.140  9.9999E-01
   25.150  9.9999E-01
   25.160  9.9999E-01
   25.170  9.9999E-01
   25.180  9.9999E-01
   25.190  9.9999E-01
   25.200  9.9999E-01
   25.210  9.9999E-01
   25.220  9.9999E-01
   25.230  9.9999E-01
   25.240  1.0000E+00
   25.250  1.0000E+00
   25.260  1.0000E+00
   25.270  1.0000E+00
   25.280  1.0000E+00
   25.290  1.0000E+00
   25.300  1.0000E+00
   25.310  1.0000E+00
   25.320  1.0000E+00
   25.330  1.0000E+00
   25.340  1.0000E+00
   25.350  1.0000E+00
   25.360  1.0000E+00
   25.370  1.0000E+00
   25.380  1.0000E+00
   25.390  1.0000E+00
   25.400  1.0000E+00
   25.410  1.0000E+00
   25.420  1.0000E+00
   25.430  1.0000E+00
   25.440  1.0000E+00
   25.450  1.0000E+00
   25.460  1.0000E+00
   25.470  1.0000E+00
   25.480  1.0000E+00
   25.490  1.0000E+00
   25.500  1.0000E+00
   25.510  1.0000E+00
   25.520  1.0000E+00
   25.530  1.0000E+00
   25.540  1.0000E+00
   25.550  1.0000E+00
   25.560  1.0000E+00
   25.570  1.0000E+00
   25.580  1.0000E+00
   25.590  1.0000E+00
   25.600  1.0000E+00
   25.610  1.0000E+00
   25.620  1.0000E+00
   25.630  1.0000E+00
   25.640  1.0000E+00
   25.650  1.0000E+00
   25.660  1.0000E+00
   25.670  1.0000E+00
   25.680  1.0000E+00
   25.690  1.0000E+00
   25.700  1.0000E+00
   25.710  1.0000E+00
   25.720  1.0000E+00
   25.730  1.0000E+00
   25.740  1.0000E+00
   25.750  1.0000E+00
   25.760  1.0000E+00
   25.770  1.0000E+00
   25.780  1.0000E+00
   25.790  1.0000E+00
   25.800  1.0000E+00
   25.810  1.0000E+00
   25.820  1.0000E+00
   25.830  1.0000E+00
   25.840  1.0000E+00
   25.850  1.0000E+00
   25.860  1.0000E+00
   25.870  1.0000E+00
   25.880  1.0000E+00
   25.890  1.0000E+00
   25.900  1.0000E+00
   25.910  1.0000E+00
   25.920  1.0000E+00
   25.930  1.0000E+00
   25.940  1.0000E+00
   25.950  1.0000E+00
   25.960  1.0000E+00
   25.970  1.0000E+00
   25.980  1.0000E+00
   25.990  1.0000E+00
   26.000  1.0000E+00
   26.010  1.0000E+00
   26.020  1.0000E+00
   26.030  1.0000E+00
   26.040  1.0000E+00
   26.050  1.0000E+00
   26.060  1.0000E+00
   26.070  1.0000E+00
   26.080  1.0000E+00
   26.090  1.0000E+00
   26.100  1.0000E+00
   26.110  1.0000E+00
   26.120  1.0000E+00
   26.130  1.0000E+00
   26.140  1.0000E+00
   26.150  1.0000E+00
   26.160  1.0000E+00
   26.170  1.0000E+00
   26.180  1.0000E+00
   26.190  1.0000E+00
   26.200  1.0000E+00
   26.210  1.0000E+00
   26.220  1.0000E+00
   26.230  1.0000E+00
   26.240  1.0000E+00
   26.250  1.0000E+00
   26.260  1.0000E+00
   26.270  1.0000E+00
   26.280  1.0000E+00
   26.290  1.0000E+00
   26.300  1.0000E+00
   26.310  1.0000E+00
   26.320  1.0000E+00
   26.330  1.0000E+00
   26.340  1.0000E+00
   26.350  1.0000E+00
   26.360  1.0000E+00
   26.370  1.0000E+00
   26.380  1.0000E+00
   26.390  1.0000E+00
   26.400  1.0000E+00
   26.410  1.0000E+00
   26.420  1.0000E+00
   26.430  1.0000E+00
   26.440  1.0000E+00
   26.450  1.0000E+00
   26.460  1.0000E+00
   26.470  1.0000E+00
   26.480  1.0000E+00
   26.490  1.0000E+00
   26.500  1.0000E+00
   26.510  1.0000E+00
   26.520  1.0000E+00
   26.530  1.0000E+00
   26.540  1.0000E+00
   26.550  1.0000E+00
   26.560  1.0000E+00
   26.570  1.0000E+00
   26.580  1.0000E+00
   26.590  1.0000E+00
   26.600  1.0000E+00
   26.610  1.0000E+00
   26.620  1.0000E+00
   26.630  1.0000E+00
   26.640  1.0000E+00
   26.650  1.0000E+00
   26.660  1.0000E+00
   26.670  1.0000E+00
   26.680  1.0000E+00
   26.690  1.0000E+00
   26.700  1.0000E+00
   26.710  1.0000E+00
   26.720  1.0000E+00
   26.730  1.0000E+00
   26.740  1.0000E+00
   26.750  1.0000E+00
   26.760  1.0000E+00
   26.770  1.0000E+00
   26.780  1.0000E+00
   26.790  1.0000E+00
   26.800  1.0000E+00
   26.810  1.0000E+00
   26.820  1.0000E+00
   26.830  1.0000E+00
   26.840  1.0000E+00
   26.850  1.0000E+00
   26.860  1.0000E+00
   26.870  1.0000E+00
   26.880  1.0000E+00
   26.890  1.0000E+00
   26.900  1.0000E+00
   26.910  1.0000E+00
   26.920  1.0000E+00
   26.930  1.0000E+00
   26.940  1.0000E+00
   26.950  1.0000E+00
   26.960  1.0000E+00
   26.970  1.0000E+00
   26.980  1.0000E+00
   26.990  1.0000E+00
   27.000  1.0000E+00
   27.010  1.0000E+00
   27.020  1.0000E+00
   27.030  1.0000E+00
   27.040  1.0000E+00
   27.050  1.0000E+00
   27.060  1.0000E+00
   27.070  1.0000E+00
   27.080  1.0000E+00
   27.090  1.0000E+00
   27.100  1.0000E+00
   27.110  1.0000E+00
   27.120  1.0000E+00
   27.130  1.0000E+00
   27.140  1.0000E+00
   27.150  1.0000E+00
   27.160  1.0000E+00
   27.170  1.0000E+00
   27.180  1.0000E+00
   27.190  1.0000E+00
   27.200  1.0000E+00
   27.210  1.0000E+00
   27.220  1.0000E+00
   27.230  1.0000E+00
   27.240  1.0000E+00
   27.250  1.0000E+00
   27.260  1.0000E+00
   27.270  1.0000E+00
   27.280  1.0000E+00
   27.290  1.0000E+00
   27.300  1.0000E+00
   27.310  1.0000E+00
   27.320  1.0000E+00
   27.330  1.0000E+00
   27.340  1.0000E+00
   27.350  1.0000E+00
   27.360  1.0000E+00
   27.370  1.0000E+00
   27.380  1.0000E+00
   27.390  1.0000E+00
   27.400  1.0000E+00
   27.410  1.0000E+00
   27.420  1.0000E+00
   27.430  1.0000E+00
   27.440  1.0000E+00
   27.450  1.0000E+00
   27.460  1.0000E+00
   27.470  1.0000E+00
   27.480  1.0000E+00
   27.490  1.0000E+00
   27.500  1.0000E+00
   27.510  1.0000E+00
   27.520  1.0000E+00
   27.530  1.0000E+00
   27.540  1.0000E+00
   27.550  1.0000E+00
   27.560  1.0000E+00
   27.570  1.0000E+00
   27.580  1.0000E+00
   27.590  1.0000E+00
   27.600  1.0000E+00
   27.610  1.0000E+00
   27.620  1.0000E+00
   27.630  1.0000E+00
   27.640  1.0000E+00
   27.650  1.0000E+00
   27.660  1.0000E+00
   27.670  1.0000E+00
   27.680  1.0000E+00
   27.690  1.0000E+00
   27.700  1.0000E+00
   27.710  1.0000E+00
   27.720  1.0000E+00
   27.730  1.0000E+00
   27.740  1.0000E+00
   27.750  1.0000E+00
   27.760  1.0000E+00
   27.770  1.0000E+00
   27.780  1.0000E+00
   27.790  1.0000E+00
   27.800  1.0000E+00
   27.810  1.0000E+00
   27.820  1.0000E+00
   27.830  1.0000E+00
   27.840  1.0000E+00
   27.850  1.0000E+00
   27.860  1.0000E+00
   27.870  1.0000E+00
   27.880  1.0000E+00
   27.890  1.0000E+00
   27.900  1.0000E+00
   27.910  1.0000E+00
   27.920  1.0000E+00
   27.930  1.0000E+00
   27.940  1.0000E+00
   27.950  1.0000E+00
   27.960  1.0000E+00
   27.970  1.0000E+00
   27.980  1.0000E+00
   27.990  1.0000E+00
   28.000  1.0000E+00
   28.010  1.0000E+00
   28.020  1.0000E+00
   28.030  1.0000E+00
   28.040  1.0000E+00
   28.050  1.0000E+00
   28.060  1.0000E+00
   28.070  1.0000E+00
   28.080  1.0000E+00
   28.090  1.0000E+00
   28.100  1.0000E+00
   28.110  1.0000E+00
   28.120  1.0000E+00
   28.130  1.0000E+00
   28.140  1.0000E+00
   28.150  1.0000E+00
   28.160  1.0000E+00
   28.170  1.0000E+00
   28.180  1.0000E+00
   28.190  1.0000E+00
   28.200  1.0000E+00
   28.210  1.0000E+00
   28.220  1.0000E+00
   28.230  1.0000E+00
   28.240  1.0000E+00
   28.250  1.0000E+00
   28.260  1.0000E+00
   28.270  1.0000E+00
   28.280  1.0000E+00
   28.290  1.0000E+00
   28.300  1.0000E+00
   28.310  1.0000E+00
   28.320  1.0000E+00
   28.330  1.0000E+00
   28.340  1.0000E+00
   28.350  1.0000E+00
   28.360  1.0000E+00
   28.370  1.0000E+00
   28.380  1.0000E+00
   28.390  1.0000E+00
   28.400  1.0000E+00
   28.410  1.0000E+00
   28.420  1.0000E+00
   28.430  1.0000E+00
   28.440  1.0000E+00
   28.450  1.0000E+00
   28.460  1.0000E+00
   28.470  1.0000E+00
   28.480  1.0000E+00
   28.490  1.0000E+00
   28.500  1.0000E+00
   28.510  1.0000E+00
   28.520  1.0000E+00
   28.530  1.0000E+00
   28.540  1.0000E+00
   28.550  1.0000E+00
   28.560  1.0000E+00
   28.570  1.0000E+00
   28.580  1.0000E+00
   28.590  1.0000E+00
   28.600  1.0000E+00
   28.610  1.0000E+00
   28.620  1.0000E+00
   28.630  1.0000E+00
   28.640  1.0000E+00
   28.650  1.0000E+00
   28.660  1.0000E+00
   28.670  1.0000E+00
   28.680  1.0000E+00
   28.690  1.0000E+00
   28.700  1.0000E+00
   28.710  1.0000E+00
   28.720  1.0000E+00
   28.730  1.0000E+00
   28.740  1.0000E+00
   28.750  1.0000E+00
   28.760  1.0000E+00
   28.770  1.0000E+00
   28.780  1.0000E+00
   28.790  1.0000E+00
   28.800  1.0000E+00
   28.810  1.0000E+00
   28.820  1.0000E+00
   28.830  1.0000E+00
   28.840  1.0000E+00
   28.850  1.0000E+00
   28.860  1.0000E+00
   28.870  1.0000E+00
   28.880  1.0000E+00
   28.890  1.0000E+00
   28.900  1.0000E+00
   28.910  1.0000E+00
   28.920  1.0000E+00
   28.930  1.0000E+00
   28.940  1.0000E+00
   28.950  1.0000E+00
   28.960  1.0000E+00
   28.970  1.0000E+00
   28.980  1.0000E+00
   28.990  1.0000E+00
   29.000  1.0000E+00
   29.010  1.0000E+00
   29.020  1.0000E+00
   29.030  1.0000E+00
   29.040  1.0000E+00
   29.050  1.0000E+00
   29.060  1.0000E+00
   29.070  1.0000E+00
   29.080  1.0000E+00
   29.090  1.0000E+00
   29.100  1.0000E+00
   29.110  1.0000E+00
   29.120  1.0000E+00
   29.130  1.0000E+00
   29.140  1.0000E+00
   29.150  1.0000E+00
   29.160  1.0000E+00
   29.170  1.0000E+00
   29.180  1.0000E+00
   29.190  1.0000E+00
   29.200  1.0000E+00
   29.210  1.0000E+00
   29.220  1.0000E+00
   29.230  1.0000E+00
   29.240  1.0000E+00
   29.250  1.0000E+00
   29.260  1.0000E+00
   29.270  1.0000E+00
   29.280  1.0000E+00
   29.290  1.0000E+00
   29.300  1.0000E+00
   29.310  1.0000E+00
   29.320  1.0000E+00
   29.330  1.0000E+00
   29.340  1.0000E+00
   29.350  1.0000E+00
   29.360  1.0000E+00
   29.370  1.0000E+00
   29.380  1.0000E+00
   29.390  1.0000E+00
   29.400  1.0000E+00
   29.410  1.0000E+00
   29.420  1.0000E+00
   29.430  1.0000E+00
   29.440  1.0000E+00
   29.450  1.0000E+00
   29.460  1.0000E+00
   29.470  1.0000E+00
   29.480  1.0000E+00
   29.490  1.0000E+00
   29.500  1.0000E+00
   29.510  1.0000E+00
   29.520  1.0000E+00
   29.530  1.0000E+00
   29.540  1.0000E+00
   29.550  1.0000E+00
   29.560  1.0000E+00
   29.570  1.0000E+00
   29.580  1.0000E+00
   29.590  1.0000E+00
   29.600  1.0000E+00
   29.610  1.0000E+00
   29.620  1.0000E+00
   29.630  1.0000E+00
   29.640  1.0000E+00
   29.650  1.0000E+00
   29.660  1.0000E+00
   29.670  1.0000E+00
   29.680  1.0000E+00
   29.690  1.0000E+00
   29.700  1.0000E+00
   29.710  1.0000E+00
   29.720  1.0000E+00
   29.730  1.0000E+00
   29.740  1.0000E+00
   29.750  1.0000E+00
   29.760  1.0000E+00
   29.770  1.0000E+00
   29.780  1.0000E+00
   29.790  1.0000E+00
   29.800  1.0000E+00
   29.810  1.0000E+00
   29.820  1.0000E+00
   29.830  1.0000E+00
   29.840  1.0000E+00
   29.850  1.0000E+00
   29.860  1.0000E+00
   29.870  1.0000E+00
   29.880  1.0000E+00
   29.890  1.0000E+00
   29.900  1.0000E+00
   29.910  1.0000E+00
   29.920  1.0000E+00
   29.930  1.0000E+00
   29.940  1.0000E+00
   29.950  1.0000E+00
   29.960  1.0000E+00
   29.970  1.0000E+00
   29.980  1.0000E+00
   29.990  1.0000E+00
   30.000  1.0000E+00
   30.010  1.0000E+00
   30.020  1.0000E+00
   30.030  1.0000E+00
   30.040  1.0000E+00
   30.050  1.0000E+00
   30.060  1.0000E+00
   30.070  1.0000E+00
   30.080  1.0000E+00
   30.090  1.0000E+00
   30.100  1.0000E+00
   30.110  1.0000E+00
   30.120  1.0000E+00
   30.130  1.0000E+00
   30.140  1.0000E+00
   30.150  1.0000E+00
   30.160  1.0000E+00
   30.170  1.0000E+00
   30.180  1.0000E+00
   30.190  1.0000E+00
   30.200  1.0000E+00
   30.210  1.0000E+00
   30.220  1.0000E+00
   30.230  1.0000E+00
   30.240  1.0000E+00
   30.250  1.0000E+00
   30.260  1.0000E+00
   30.270  1.0000E+00
   30.280  1.0000E+00
   30.290  1.0000E+00
   30.300  1.0000E+00
   30.310  1.0000E+00
   30.320  1.0000E+00
   30.330  1.0000E+00
   30.340  1.0000E+00
   30.350  1.0000E+00
   30.360  1.0000E+00
   30.370  1.0000E+00
   30.380  1.0000E+00
   30.390  1.0000E+00
   30.400  1.0000E+00
   30.410  1.0000E+00
   30.420  1.0000E+00
   30.430  1.0000E+00
   30.440  1.0000E+00
   30.450  1.0000E+00
   30.460  1.0000E+00
   30.470  1.0000E+00
   30.480  1.0000E+00
   30.490  1.0000E+00
   30.500  1.0000E+00
   30.510  1.0000E+00
   30.520  1.0000E+00
   30.530  1.0000E+00
   30.540  1.0000E+00
   30.550  1.0000E+00
   30.560  1.0000E+00
   30.570  1.0000E+00
   30.580  1.0000E+00
   30.590  1.0000E+00
   30.600  1.0000E+00
   30.610  1.0000E+00
   30.620  1.0000E+00
   30.630  1.0000E+00
   30.640  1.0000E+00
   30.650  1.0000E+00
   30.660  1.0000E+00
   30.670  1.0000E+00
   30.680  1.0000E+00
   30.690  1.0000E+00
   30.700  1.0000E+00
   30.710  1.0000E+00
   30.720  1.0000E+00
   30.730  1.0000E+00
   30.740  1.0000E+00
   30.750  1.0000E+00
   30.760  1.0000E+00
   30.770  1.0000E+00
   30.780  1.0000E+00
   30.790  1.0000E+00
   30.800  1.0000E+00
   30.810  1.0000E+00
   30.820  1.0000E+00
   30.830  1.0000E+00
   30.840  1.0000E+00
   30.850  1.0000E+00
   30.860  1.0000E+00
   30.870  1.0000E+00
   30.880  1.0000E+00
   30.890  1.0000E+00
   30.900  1.0000E+00
   30.910  1.0000E+00
   30.920  1.0000E+00
   30.930  1.0000E+00
   30.940  1.0000E+00
   30.950  1.0000E+00
   30.960  1.0000E+00
   30.970  1.0000E+00
   30.980  1.0000E+00
   30.990  1.0000E+00
   31.000  1.0000E+00
   31.010  1.0000E+00
   31.020  1.0000E+00
   31.030  1.0000E+00
   31.040  1.0000E+00
   31.050  1.0000E+00
   31.060  1.0000E+00
   31.070  1.0000E+00
   31.080  1.0000E+00
   31.090  1.0000E+00
   31.100  1.0000E+00
   31.110  1.0000E+00
   31.120  1.0000E+00
   31.130  1.0000E+00
   31.140  1.0000E+00
   31.150  1.0000E+00
   31.160  1.0000E+00
   31.170  1.0000E+00
   31.180  1.0000E+00
   31.190  1.0000E+00
   31.200  1.0000E+00
   31.210  1.0000E+00
   31.220  1.0000E+00
   31.230  1.0000E+00
   31.240  1.0000E+00
   31.250  1.0000E+00
   31.260  1.0000E+00
   31.270  1.0000E+00
   31.280  1.0000E+00
   31.290  1.0000E+00
   31.300  1.0000E+00
   31.310  1.0000E+00
   31.320  1.0000E+00
   31.330  1.0000E+00
   31.340  1.0000E+00
   31.350  1.0000E+00
   31.360  1.0000E+00
   31.370  1.0000E+00
   31.380  1.0000E+00
   31.390  1.0000E+00
   31.400  1.0000E+00
   31.410  1.0000E+00
   31.420  1.0000E+00
   31.430  1.0000E+00
   31.440  1.0000E+00
   31.450  1.0000E+00
   31.460  1.0000E+00
   31.470  1.0000E+00
   31.480  1.0000E+00
   31.490  1.0000E+00
   31.500  1.0000E+00
   31.510  1.0000E+00
   31.520  1.0000E+00
   31.530  1.0000E+00
   31.540  1.0000E+00
   31.550  1.0000E+00
   31.560  1.0000E+00
   31.570  1.0000E+00
   31.580  1.0000E+00
   31.590  1.0000E+00
   31.600  1.0000E+00
   31.610  1.0000E+00
   31.620  1.0000E+00
   31.630  1.0000E+00
   31.640  1.0000E+00
   31.650  1.0000E+00
   31.660  1.0000E+00
   31.670  1.0000E+00
   31.680  1.0000E+00
   31.690  1.0000E+00
   31.700  1.0000E+00
   31.710  1.0000E+00
   31.720  1.0000E+00
   31.730  1.0000E+00
   31.740  1.0000E+00
   31.750  1.0000E+00
   31.760  1.0000E+00
   31.770  1.0000E+00
   31.780  1.0000E+00
   31.790  1.0000E+00
   31.800  1.0000E+00
   31.810  1.0000E+00
   31.820  1.0000E+00
   31.830  1.0000E+00
   31.840  1.0000E+00
   31.850  1.0000E+00
   31.860  1.0000E+00
   31.870  1.0000E+00
   31.880  1.0000E+00
   31.890  1.0000E+00
   31.900  1.0000E+00
   31.910  1.0000E+00
   31.920  1.0000E+00
   31.930  1.0000E+00
   31.940  1.0000E+00
   31.950  1.0000E+00
   31.960  1.0000E+00
   31.970  1.0000E+00
   31.980  1.0000E+00
   31.990  1.0000E+00
   32.000  1.0000E+00
   32.010  1.0000E+00
   32.020  1.0000E+00
   32.030  1.0000E+00
   32.040  1.0000E+00
   32.050  1.0000E+00
   32.060  1.0000E+00
   32.070  1.0000E+00
   32.080  1.0000E+00
   32.090  1.0000E+00
   32.100  1.0000E+00
   32.110  1.0000E+00
   32.120  1.0000E+00
   32.130  1.0000E+00
   32.140  1.0000E+00
   32.150  1.0000E+00
   32.160  1.0000E+00
   32.170  1.0000E+00
   32.180  1.0000E+00
   32.190  1.0000E+00
   32.200  1.0000E+00
   32.210  1.0000E+00
   32.220  1.0000E+00
   32.230  1.0000E+00
   32.240  1.0000E+00
   32.250  1.0000E+00
   32.260  1.0000E+00
   32.270  1.0000E+00
   32.280  1.0000E+00
   32.290  1.0000E+00
   32.300  1.0000E+00
   32.310  1.0000E+00
   32.320  1.0000E+00
   32.330  1.0000E+00
   32.340  1.0000E+00
   32.350  1.0000E+00
   32.360  1.0000E+00
   32.370  1.0000E+00
   32.380  1.0000E+00
   32.390  1.0000E+00
   32.400  1.0000E+00
   32.410  1.0000E+00
   32.420  1.0000E+00
   32.430  1.0000E+00
   32.440  1.0000E+00
   32.450  1.0000E+00
   32.460  1.0000E+00
   32.470  1.0000E+00
   32.480  1.0000E+00
   32.490  1.0000E+00
   32.500  1.0000E+00
   32.510  1.0000E+00
   32.520  1.0000E+00
   32.530  1.0000E+00
   32.540  1.0000E+00
   32.550  1.0000E+00
   32.560  1.0000E+00
   32.570  1.0000E+00
   32.580  1.0000E+00
   32.590  1.0000E+00
   32.600  1.0000E+00
   32.610  1.0000E+00
   32.620  1.0000E+00
   32.630  1.0000E+00
   32.640  1.0000E+00
   32.650  1.0000E+00
   32.660  1.0000E+00
   32.670  1.0000E+00
   32.680  1.0000E+00
   32.690  1.0000E+00
   32.700  1.0000E+00
   32.710  1.0000E+00
   32.720  1.0000E+00
   32.730  1.0000E+00
   32.740  1.0000E+00
   32.750  1.0000E+00
   32.760  1.0000E+00
   32.770  1.0000E+00
   32.780  1.0000E+00
   32.790  1.0000E+00
   32.800  1.0000E+00
   32.810  1.0000E+00
   32.820  1.0000E+00
   32.830  1.0000E+00
   32.840  1.0000E+00
   32.850  1.0000E+00
   32.860  1.0000E+00
   32.870  1.0000E+00
   32.880  1.0000E+00
   32.890  1.0000E+00
   32.900  1.0000E+00
   32.910  1.0000E+00
   32.920  1.0000E+00
   32.930  1.0000E+00
   32.940  1.0000E+00
   32.950  1.0000E+00
   32.960  1.0000E+00
   32.970  1.0000E+00
   32.980  1.0000E+00
   32.990  1.0000E+00
   33.000  1.0000E+00
   33.010  1.0000E+00
   33.020  1.0000E+00
   33.030  1.0000E+00
   33.040  1.0000E+00
   33.050  1.0000E+00
   33.060  1.0000E+00
   33.070  1.0000E+00
   33.080  1.0000E+00
   33.090  1.0000E+00
   33.100  1.0000E+00
   33.110  1.0000E+00
   33.120  1.0000E+00
   33.130  1.0000E+00
   33.140  1.0000E+00
   33.150  1.0000E+00
   33.160  1.0000E+00
   33.170  1.0000E+00
   33.180  1.0000E+00
   33.190  1.0000E+00
   33.200  1.0000E+00
   33.210  1.0000E+00
   33.220  1.0000E+00
   33.230  1.0000E+00
   33.240  1.0000E+00
   33.250  1.0000E+00
   33.260  1.0000E+00
   33.270  1.0000E+00
   33.280  1.0000E+00
   33.290  1.0000E+00
   33.300  1.0000E+00
   33.310  1.0000E+00
   33.320  1.0000E+00
   33.330  1.0000E+00
   33.340  1.0000E+00
   33.350  1.0000E+00
   33.360  1.0000E+00
   33.370  1.0000E+00
   33.380  1.0000E+00
   33.390  1.0000E+00
   33.400  1.0000E+00
   33.410  1.0000E+00
   33.420  1.0000E+00
   33.430  1.0000E+00
   33.440  1.0000E+00
   33.450  1.0000E+00
   33.460  1.0000E+00
   33.470  1.0000E+00
   33.480  1.0000E+00
   33.490  1.0000E+00
   33.500  1.0000E+00
   33.510  1.0000E+00
   33.520  1.0000E+00
   33.530  1.0000E+00
   33.540  1.0000E+00
   33.550  1.0000E+00
   33.560  1.0000E+00
   33.570  1.0000E+00
   33.580  1.0000E+00
   33.590  1.0000E+00
   33.600  1.0000E+00
   33.610  1.0000E+00
   33.620  1.0000E+00
   33.630  1.0000E+00
   33.640  1.0000E+00
   33.650  1.0000E+00
   33.660  1.0000E+00
   33.670  1.0000E+00
   33.680  1.0000E+00
   33.690  1.0000E+00
   33.700  1.0000E+00
   33.710  1.0000E+00
   33.720  1.0000E+00
   33.730  1.0000E+00
   33.740  1.0000E+00
   33.750  1.0000E+00
   33.760  1.0000E+00
   33.770  1.0000E+00
   33.780  1.0000E+00
   33.790  1.0000E+00
   33.800  1.0000E+00
   33.810  1.0000E+00
   33.820  1.0000E+00
   33.830  1.0000E+00
   33.840  1.0000E+00
   33.850  1.0000E+00
   33.860  1.0000E+00
   33.870  1.0000E+00
   33.880  1.0000E+00
   33.890  1.0000E+00
   33.900  1.0000E+00
   33.910  1.0000E+00
   33.920  1.0000E+00
   33.930  1.0000E+00
   33.940  1.0000E+00
   33.950  1.0000E+00
   33.960  1.0000E+00
   33.970  1.0000E+00
   33.980  1.0000E+00
   33.990  1.0000E+00
   34.000  1.0000E+00
   34.010  1.0000E+00
   34.020  1.0000E+00
   34.030  1.0000E+00
   34.040  1.0000E+00
   34.050  1.0000E+00
   34.060  1.0000E+00
   34.070  1.0000E+00
   34.080  1.0000E+00
   34.090  1.0000E+00
   34.100  1.0000E+00
   34.110  1.0000E+00
   34.120  1.0000E+00
   34.130  1.0000E+00
   34.140  1.0000E+00
   34.150  1.0000E+00
   34.160  1.0000E+00
   34.170  1.0000E+00
   34.180  1.0000E+00
   34.190  1.0000E+00
   34.200  1.0000E+00
   34.210  1.0000E+00
   34.220  1.0000E+00
   34.230  1.0000E+00
   34.240  1.0000E+00
   34.250  1.0000E+00
   34.260  1.0000E+00
   34.270  1.0000E+00
   34.280  1.0000E+00
   34.290  1.0000E+00
   34.300  1.0000E+00
   34.310  1.0000E+00
   34.320  1.0000E+00
   34.330  1.0000E+00
   34.340  1.0000E+00
   34.350  1.0000E+00
   34.360  1.0000E+00
   34.370  1.0000E+00
   34.380  1.0000E+00
   34.390  1.0000E+00
   34.400  1.0000E+00
   34.410  1.0000E+00
   34.420  1.0000E+00
   34.430  1.0000E+00
   34.440  1.0000E+00
   34.450  1.0000E+00
   34.460  1.0000E+00
   34.470  1.0000E+00
   34.480  1.0000E+00
   34.490  1.0000E+00
   34.500  1.0000E+00
   34.510  1.0000E+00
   34.520  1.0000E+00
   34.530  1.0000E+00
   34.540  1.0000E+00
   34.550  1.0000E+00
   34.560  1.0000E+00
   34.570  1.0000E+00
   34.580  1.0000E+00
   34.590  1.0000E+00
   34.600  1.0000E+00
   34.610  1.0000E+00
   34.620  1.0000E+00
   34.630  1.0000E+00
   34.640  1.0000E+00
   34.650  1.0000E+00
   34.660  1.0000E+00
   34.670  1.0000E+00
   34.680  1.0000E+00
   34.690  1.0000E+00
   34.700  1.0000E+00
   34.710  1.0000E+00
   34.720  1.0000E+00
   34.730  1.0000E+00
   34.740  1.0000E+00
   34.750  1.0000E+00
   34.760  1.0000E+00
   34.770  1.0000E+00
   34.780  1.0000E+00
   34.790  1.0000E+00
   34.800  1.0000E+00
   34.810  1.0000E+00
   34.820  1.0000E+00
   34.830  1.0000E+00
   34.840  1.0000E+00
   34.850  1.0000E+00
   34.860  1.0000E+00
   34.870  1.0000E+00
   34.880  1.0000E+00
   34.890  1.0000E+00
   34.900  1.0000E+00
   34.910  1.0000E+00
   34.920  1.0000E+00
   34.930  1.0000E+00
   34.940  1.0000E+00
   34.950  1.0000E+00
   34.960  1.0000E+00
   34.970  1.0000E+00
   34.980  1.0000E+00
   34.990  1.0000E+00
   35.000  1.0000E+00
   35.010  1.0000E+00
   35.020  1.0000E+00
   35.030  1.0000E+00
   35.040  1.0000E+00
   35.050  1.0000E+00
   35.060  1.0000E+00
   35.070  1.0000E+00
   35.080  1.0000E+00
   35.090  1.0000E+00
   35.100  1.0000E+00
   35.110  1.0000E+00
   35.120  1.0000E+00
   35.130  1.0000E+00
   35.140  1.0000E+00
   35.150  1.0000E+00
   35.160  1.0000E+00
   35.170  1.0000E+00
   35.180  1.0000E+00
   35.190  1.0000E+00
   35.200  1.0000E+00
   35.210  1.0000E+00
   35.220  1.0000E+00
   35.230  1.0000E+00
   35.240  1.0000E+00
   35.250  1.0000E+00
   35.260  1.0000E+00
   35.270  1.0000E+00
   35.280  1.0000E+00
   35.290  1.0000E+00
   35.300  1.0000E+00
   35.310  1.0000E+00
   35.320  1.0000E+00
   35.330  1.0000E+00
   35.340  1.0000E+00
   35.350  1.0000E+00
   35.360  1.0000E+00
   35.370  1.0000E+00
   35.380  1.0000E+00
   35.390  1.0000E+00
   35.400  1.0000E+00
   35.410  1.0000E+00
   35.420  1.0000E+00
   35.430  1.0000E+00
   35.440  1.0000E+00
   35.450  1.0000E+00
   35.460  1.0000E+00
   35.470  1.0000E+00
   35.480  1.0000E+00
   35.490  1.0000E+00
   35.500  1.0000E+00
   35.510  1.0000E+00
   35.520  1.0000E+00
   35.530  1.0000E+00
   35.540  1.0000E+00
   35.550  1.0000E+00
   35.560  1.0000E+00
   35.570  1.0000E+00
   35.580  1.0000E+00
   35.590  1.0000E+00
   35.600  1.0000E+00
   35.610  1.0000E+00
   35.620  1.0000E+00
   35.630  1.0000E+00
   35.640  1.0000E+00
   35.650  1.0000E+00
   35.660  1.0000E+00
   35.670  1.0000E+00
   35.680  1.0000E+00
   35.690  1.0000E+00
   35.700  1.0000E+00
   35.710  1.0000E+00
   35.720  1.0000E+00
   35.730  1.0000E+00
   35.740  1.0000E+00
   35.750  1.0000E+00
   35.760  1.0000E+00
   35.770  1.0000E+00
   35.780  1.0000E+00
   35.790  1.0000E+00
   35.800  1.0000E+00
   35.810  1.0000E+00
   35.820  1.0000E+00
   35.830  1.0000E+00
   35.840  1.0000E+00
   35.850  1.0000E+00
   35.860  1.0000E+00
   35.870  1.0000E+00
   35.880  1.0000E+00
   35.890  1.0000E+00
   35.900  1.0000E+00
   35.910  1.0000E+00
   35.920  1.0000E+00
   35.930  1.0000E+00
   35.940  1.0000E+00
   35.950  1.0000E+00
   35.960  1.0000E+00
   35.970  1.0000E+00
   35.980  1.0000E+00
   35.990  1.0000E+00
   36.000  1.0000E+00
   36.010  1.0000E+00
   36.020  1.0000E+00
   36.030  1.0000E+00
   36.040  1.0000E+00
   36.050  1.0000E+00
   36.060  1.0000E+00
   36.070  1.0000E+00
   36.080  1.0000E+00
   36.090  1.0000E+00
   36.100  1.0000E+00
   36.110  1.0000E+00
   36.120  1.0000E+00
   36.130  1.0000E+00
   36.140  1.0000E+00
   36.150  1.0000E+00
   36.160  1.0000E+00
   36.170  1.0000E+00
   36.180  1.0000E+00
   36.190  1.0000E+00
   36.200  1.0000E+00
   36.210  1.0000E+00
   36.220  1.0000E+00
   36.230  1.0000E+00
   36.240  1.0000E+00
   36.250  1.0000E+00
   36.260  1.0000E+00
   36.270  1.0000E+00
   36.280  1.0000E+00
   36.290  1.0000E+00
   36.300  1.0000E+00
   36.310  1.0000E+00
   36.320  1.0000E+00
   36.330  1.0000E+00
   36.340  1.0000E+00
   36.350  1.0000E+00
   36.360  1.0000E+00
   36.370  1.0000E+00
   36.380  1.0000E+00
   36.390  1.0000E+00
   36.400  1.0000E+00
   36.410  1.0000E+00
   36.420  1.0000E+00
   36.430  1.0000E+00
   36.440  1.0000E+00
   36.450  1.0000E+00
   36.460  1.0000E+00
   36.470  1.0000E+00
   36.480  1.0000E+00
   36.490  1.0000E+00
   36.500  1.0000E+00
   36.510  1.0000E+00
   36.520  1.0000E+00
   36.530  1.0000E+00
   36.540  1.0000E+00
   36.550  1.0000E+00
   36.560  1.0000E+00
   36.570  1.0000E+00
   36.580  1.0000E+00
   36.590  1.0000E+00
   36.600  1.0000E+00
   36.610  1.0000E+00
   36.620  1.0000E+00
   36.630  1.0000E+00
   36.640  1.0000E+00
   36.650  1.0000E+00
   36.660  1.0000E+00
   36.670  1.0000E+00
   36.680  1.0000E+00
   36.690  1.0000E+00
   36.700  1.0000E+00
   36.710  1.0000E+00
   36.720  1.0000E+00
   36.730  1.0000E+00
   36.740  1.0000E+00
   36.750  1.0000E+00
   36.760  1.0000E+00
   36.770  1.0000E+00
   36.780  1.0000E+00
   36.790  1.0000E+00
   36.800  1.0000E+00
   36.810  1.0000E+00
   36.820  1.0000E+00
   36.830  1.0000E+00
   36.840  1.0000E+00
   36.850  1.0000E+00
   36.860  1.0000E+00
   36.870  1.0000E+00
   36.880  1.0000E+00
   36.890  1.0000E+00
   36.900  1.0000E+00
   36.910  1.0000E+00
   36.920  1.0000E+00
   36.930  1.0000E+00
   36.940  1.0000E+00
   36.950  1.0000E+00
   36.960  1.0000E+00
   36.970  1.0000E+00
   36.980  1.0000E+00
   36.990  1.0000E+00
   37.000  1.0000E+00
   37.010  1.0000E+00
   37.020  1.0000E+00
   37.030  1.0000E+00
   37.040  1.0000E+00
   37.050  1.0000E+00
   37.060  1.0000E+00
   37.070  1.0000E+00
   37.080  1.0000E+00
   37.090  1.0000E+00
   37.100  1.0000E+00
   37.110  1.0000E+00
   37.120  1.0000E+00
   37.130  1.0000E+00
   37.140  1.0000E+00
   37.150  1.0000E+00
   37.160  1.0000E+00
   37.170  1.0000E+00
   37.180  1.0000E+00
   37.190  1.0000E+00
   37.200  1.0000E+00
   37.210  1.0000E+00
   37.220  1.0000E+00
   37.230  1.0000E+00
   37.240  1.0000E+00
   37.250  1.0000E+00
   37.260  1.0000E+00
   37.270  1.0000E+00
   37.280  1.0000E+00
   37.290  1.0000E+00
   37.300  1.0000E+00
   37.310  1.0000E+00
   37.320  1.0000E+00
   37.330  1.0000E+00
   37.340  1.0000E+00
   37.350  1.0000E+00
   37.360  1.0000E+00
   37.370  1.0000E+00
   37.380  1.0000E+00
   37.390  1.0000E+00
   37.400  1.0000E+00
   37.410  1.0000E+00
   37.420  1.0000E+00
   37.430  1.0000E+00
   37.440  1.0000E+00
   37.450  1.0000E+00
   37.460  1.0000E+00
   37.470  1.0000E+00
   37.480  1.0000E+00
   37.490  1.0000E+00
   37.500  1.0000E+00
   37.510  1.0000E+00
   37.520  1.0000E+00
   37.530  1.0000E+00
   37.540  1.0000E+00
   37.550  1.0000E+00
   37.560  1.0000E+00
   37.570  1.0000E+00
   37.580  1.0000E+00
   37.590  1.0000E+00
   37.600  1.0000E+00
   37.610  1.0000E+00
   37.620  1.0000E+00
   37.630  1.0000E+00
   37.640  1.0000E+00
   37.650  1.0000E+00
   37.660  1.0000E+00
   37.670  1.0000E+00
   37.680  1.0000E+00
   37.690  1.0000E+00
   37.700  1.0000E+00
   37.710  1.0000E+00
   37.720  1.0000E+00
   37.730  1.0000E+00
   37.740  1.0000E+00
   37.750  1.0000E+00
   37.760  1.0000E+00
   37.770  1.0000E+00
   37.780  1.0000E+00
   37.790  1.0000E+00
   37.800  1.0000E+00
   37.810  1.0000E+00
   37.820  1.0000E+00
   37.830  1.0000E+00
   37.840  1.0000E+00
   37.850  1.0000E+00
   37.860  1.0000E+00
   37.870  1.0000E+00
   37.880  1.0000E+00
   37.890  1.0000E+00
   37.900  1.0000E+00
   37.910  1.0000E+00
   37.920  1.0000E+00
   37.930  1.0000E+00
   37.940  1.0000E+00
   37.950  1.0000E+00
   37.960  1.0000E+00
   37.970  1.0000E+00
   37.980  1.0000E+00
   37.990  1.0000E+00
   38.000  1.0000E+00
   38.010  1.0000E+00
   38.020  1.0000E+00
   38.030  1.0000E+00
   38.040  1.0000E+00
   38.050  1.0000E+00
   38.060  1.0000E+00
   38.070  1.0000E+00
   38.080  1.0000E+00
   38.090  1.0000E+00
   38.100  1.0000E+00
   38.110  1.0000E+00
   38.120  1.0000E+00
   38.130  1.0000E+00
   38.140  1.0000E+00
   38.150  1.0000E+00
   38.160  1.0000E+00
   38.170  1.0000E+00
   38.180  1.0000E+00
   38.190  1.0000E+00
   38.200  1.0000E+00
   38.210  1.0000E+00
   38.220  1.0000E+00
   38.230  1.0000E+00
   38.240  1.0000E+00
   38.250  1.0000E+00
   38.260  1.0000E+00
   38.270  1.0000E+00
   38.280  1.0000E+00
   38.290  1.0000E+00
   38.300  1.0000E+00
   38.310  1.0000E+00
   38.320  1.0000E+00
   38.330  1.0000E+00
   38.340  1.0000E+00
   38.350  1.0000E+00
   38.360  1.0000E+00
   38.370  1.0000E+00
   38.380  1.0000E+00
   38.390  1.0000E+00
   38.400  1.0000E+00
   38.410  1.0000E+00
   38.420  1.0000E+00
   38.430  1.0000E+00
   38.440  1.0000E+00
   38.450  1.0000E+00
   38.460  1.0000E+00
   38.470  1.0000E+00
   38.480  1.0000E+00
   38.490  1.0000E+00
   38.500  1.0000E+00
   38.510  1.0000E+00
   38.520  1.0000E+00
   38.530  1.0000E+00
   38.540  1.0000E+00
   38.550  1.0000E+00
   38.560  1.0000E+00
   38.570  1.0000E+00
   38.580  1.0000E+00
   38.590  1.0000E+00
   38.600  1.0000E+00
   38.610  1.0000E+00
   38.620  1.0000E+00
   38.630  1.0000E+00
   38.640  1.0000E+00
   38.650  1.0000E+00
   38.660  1.0000E+00
   38.670  1.0000E+00
   38.680  1.0000E+00
   38.690  1.0000E+00
   38.700  1.0000E+00
   38.710  1.0000E+00
   38.720  1.0000E+00
   38.730  1.0000E+00
   38.740  1.0000E+00
   38.750  1.0000E+00
   38.760  1.0000E+00
   38.770  1.0000E+00
   38.780  1.0000E+00
   38.790  1.0000E+00
   38.800  1.0000E+00
   38.810  1.0000E+00
   38.820  1.0000E+00
   38.830  1.0000E+00
   38.840  1.0000E+00
   38.850  1.0000E+00
   38.860  1.0000E+00
   38.870  1.0000E+00
   38.880  1.0000E+00
   38.890  1.0000E+00
   38.900  1.0000E+00
   38.910  1.0000E+00
   38.920  1.0000E+00
   38.930  1.0000E+00
   38.940  1.0000E+00
   38.950  1.0000E+00
   38.960  1.0000E+00
   38.970  1.0000E+00
   38.980  1.0000E+00
   38.990  1.0000E+00
   39.000  1.0000E+00
   39.010  1.0000E+00
   39.020  1.0000E+00
   39.030  1.0000E+00
   39.040  1.0000E+00
   39.050  1.0000E+00
   39.060  1.0000E+00
   39.070  1.0000E+00
   39.080  1.0000E+00
   39.090  1.0000E+00
   39.100  1.0000E+00
   39.110  1.0000E+00
   39.120  1.0000E+00
   39.130  1.0000E+00
   39.140  1.0000E+00
   39.150  1.0000E+00
   39.160  1.0000E+00
   39.170  1.0000E+00
   39.180  1.0000E+00
   39.190  1.0000E+00
   39.200  1.0000E+00
   39.210  1.0000E+00
   39.220  1.0000E+00
   39.230  1.0000E+00
   39.240  1.0000E+00
   39.250  1.0000E+00
   39.260  1.0000E+00
   39.270  1.0000E+00
   39.280  1.0000E+00
   39.290  1.0000E+00
   39.300  1.0000E+00
   39.310  1.0000E+00
   39.320  1.0000E+00
   39.330  1.0000E+00
   39.340  1.0000E+00
   39.350  1.0000E+00
   39.360  1.0000E+00
   39.370  1.0000E+00
   39.380  1.0000E+00
   39.390  1.0000E+00
   39.400  1.0000E+00
   39.410  1.0000E+00
   39.420  1.0000E+00
   39.430  1.0000E+00
   39.440  1.0000E+00
   39.450  1.0000E+00
   39.460  1.0000E+00
   39.470  1.0000E+00
   39.480  1.0000E+00
   39.490  1.0000E+00
   39.500  1.0000E+00
   39.510  1.0000E+00
   39.520  1.0000E+00
   39.530  1.0000E+00
   39.540  1.0000E+00
   39.550  1.0000E+00
   39.560  1.0000E+00
   39.570  1.0000E+00
   39.580  1.0000E+00
   39.590  1.0000E+00
   39.600  1.0000E+00
   39.610  1.0000E+00
   39.620  1.0000E+00
   39.630  1.0000E+00
   39.640  1.0000E+00
   39.650  1.0000E+00
   39.660  1.0000E+00
   39.670  1.0000E+00
   39.680  1.0000E+00
   39.690  1.0000E+00
   39.700  1.0000E+00
   39.710  1.0000E+00
   39.720  1.0000E+00
   39.730  1.0000E+00
   39.740  1.0000E+00
   39.750  1.0000E+00
   39.760  1.0000E+00
   39.770  1.0000E+00
   39.780  1.0000E+00
   39.790  1.0000E+00
   39.800  1.0000E+00
   39.810  1.0000E+00
   39.820  1.0000E+00
   39.830  1.0000E+00
   39.840  1.0000E+00
   39.850  1.0000E+00
   39.860  1.0000E+00
   39.870  1.0000E+00
   39.880  1.0000E+00
   39.890  1.0000E+00
   39.900  1.0000E+00
   39.910  1.0000E+00
   39.920  1.0000E+00
   39.930  1.0000E+00
   39.940  1.0000E+00
   39.950  1.0000E+00
   39.960  1.0000E+00
   39.970  1.0000E+00
   39.980  1.0000E+00
   39.990  1.0000E+00
   40.000  1.0000E+00
   40.010  1.0000E+00
   40.020  1.0000E+00
   40.030  1.0000E+00
   40.040  1.0000E+00
   40.050  1.0000E+00
   40.060  1.0000E+00
   40.070  1.0000E+00
   40.080  1.0000E+00
   40.090  1.0000E+00
   40.100  1.0000E+00
   40.110  1.0000E+00
   40.120  1.0000E+00
   40.130  1.0000E+00
   40.140  1.0000E+00
   40.150  1.0000E+00
   40.160  1.0000E+00
   40.170  1.0000E+00
   40.180  1.0000E+00
   40.190  1.0000E+00
   40.200  1.0000E+00
   40.210  1.0000E+00
   40.220  1.0000E+00
   40.230  1.0000E+00
   40.240  1.0000E+00
   40.250  1.0000E+00
   40.260  1.0000E+00
   40.270  1.0000E+00
   40.280  1.0000E+00
   40.290  1.0000E+00
   40.300  1.0000E+00
   40.310  1.0000E+00
   40.320  1.0000E+00
   40.330  1.0000E+00
   40.340  1.0000E+00
   40.350  1.0000E+00
   40.360  1.0000E+00
   40.370  1.0000E+00
   40.380  1.0000E+00
   40.390  1.0000E+00
   40.400  1.0000E+00
   40.410  1.0000E+00
   40.420  1.0000E+00
   40.430  1.0000E+00
   40.440  1.0000E+00
   40.450  1.0000E+00
   40.460  1.0000E+00
   40.470  1.0000E+00
   40.480  1.0000E+00
   40.490  1.0000E+00
   40.500  1.0000E+00
   40.510  1.0000E+00
   40.520  1.0000E+00
   40.530  1.0000E+00
   40.540  1.0000E+00
   40.550  1.0000E+00
   40.560  1.0000E+00
   40.570  1.0000E+00
   40.580  1.0000E+00
   40.590  1.0000E+00
   40.600  1.0000E+00
   40.610  1.0000E+00
   40.620  1.0000E+00
   40.630  1.0000E+00
   40.640  1.0000E+00
   40.650  1.0000E+00
   40.660  1.0000E+00
   40.670  1.0000E+00
   40.680  1.0000E+00
   40.690  1.0000E+00
   40.700  1.0000E+00
   40.710  1.0000E+00
   40.720  1.0000E+00
   40.730  1.0000E+00
   40.740  1.0000E+00
   40.750  1.0000E+00
   40.760  1.0000E+00
   40.770  1.0000E+00
   40.780  1.0000E+00
   40.790  1.0000E+00
   40.800  1.0000E+00
   40.810  1.0000E+00
   40.820  1.0000E+00
   40.830  1.0000E+00
   40.840  1.0000E+00
   40.850  1.0000E+00
   40.860  1.0000E+00
   40.870  1.0000E+00
   40.880  1.0000E+00
   40.890  1.0000E+00
   40.900  1.0000E+00
   40.910  1.0000E+00
   40.920  1.0000E+00
   40.930  1.0000E+00
   40.940  1.0000E+00
   40.950  1.0000E+00
