**********************************************
*******  Husid Time Series ************
*** Site #   1
*** trial   40
Input Parameters file =  aqv_0604__parameters.out                                                                                                
  4096 samples
dt:  0.010 sec
data format: (1x,f8.3,1p,2x,e11.4)
 Arias intensity =   5.862E+01
 75%-5% duration =   4.300E+00
fault Dis.(km)=    6.43
Hypo  Dis.(km)=   12.05
     time       husid
    0.000  0.0000E+00
    0.010  0.0000E+00
    0.020  0.0000E+00
    0.030  0.0000E+00
    0.040  0.0000E+00
    0.050  0.0000E+00
    0.060  0.0000E+00
    0.070  0.0000E+00
    0.080  0.0000E+00
    0.090  0.0000E+00
    0.100  0.0000E+00
    0.110  0.0000E+00
    0.120  0.0000E+00
    0.130  0.0000E+00
    0.140  0.0000E+00
    0.150  0.0000E+00
    0.160  0.0000E+00
    0.170  0.0000E+00
    0.180  9.5291E-14
    0.190  3.7532E-13
    0.200  6.4078E-13
    0.210  8.9013E-13
    0.220  1.1277E-12
    0.230  1.3562E-12
    0.240  1.5705E-12
    0.250  1.7340E-12
    0.260  1.8489E-12
    0.270  1.9428E-12
    0.280  2.0201E-12
    0.290  2.0865E-12
    0.300  2.1445E-12
    0.310  2.1926E-12
    0.320  2.2288E-12
    0.330  2.2530E-12
    0.340  2.2669E-12
    0.350  2.2740E-12
    0.360  2.2770E-12
    0.370  2.2782E-12
    0.380  2.2784E-12
    0.390  2.2787E-12
    0.400  2.2809E-12
    0.410  2.2876E-12
    0.420  2.3020E-12
    0.430  2.3269E-12
    0.440  2.3629E-12
    0.450  2.4094E-12
    0.460  2.4668E-12
    0.470  2.5393E-12
    0.480  2.6319E-12
    0.490  2.7485E-12
    0.500  2.8923E-12
    0.510  3.0664E-12
    0.520  3.2713E-12
    0.530  3.5044E-12
    0.540  3.7641E-12
    0.550  4.0540E-12
    0.560  4.3815E-12
    0.570  4.7538E-12
    0.580  5.1750E-12
    0.590  5.6477E-12
    0.600  6.1694E-12
    0.610  6.7349E-12
    0.620  7.3406E-12
    0.630  7.9905E-12
    0.640  8.6927E-12
    0.650  9.4567E-12
    0.660  1.0290E-11
    0.670  1.1196E-11
    0.680  1.2169E-11
    0.690  1.3194E-11
    0.700  1.4265E-11
    0.710  1.5388E-11
    0.720  1.6578E-11
    0.730  1.7845E-11
    0.740  1.9193E-11
    0.750  2.0619E-11
    0.760  2.2113E-11
    0.770  2.3657E-11
    0.780  2.5159E-11
    0.790  2.6593E-11
    0.800  2.8055E-11
    0.810  2.9581E-11
    0.820  3.1183E-11
    0.830  3.2877E-11
    0.840  3.4664E-11
    0.850  3.6414E-11
    0.860  3.8024E-11
    0.870  3.9605E-11
    0.880  4.0994E-11
    0.890  4.2114E-11
    0.900  4.3133E-11
    0.910  4.4144E-11
    0.920  4.5217E-11
    0.930  4.6242E-11
    0.940  4.7131E-11
    0.950  4.7972E-11
    0.960  4.8852E-11
    0.970  4.9697E-11
    0.980  5.0436E-11
    0.990  5.1152E-11
    1.000  5.1910E-11
    1.010  5.2621E-11
    1.020  5.3203E-11
    1.030  5.3728E-11
    1.040  5.4274E-11
    1.050  5.4789E-11
    1.060  5.5217E-11
    1.070  5.5615E-11
    1.080  5.5912E-11
    1.090  5.6075E-11
    1.100  5.6124E-11
    1.110  5.6126E-11
    1.120  5.6126E-11
    1.130  5.6136E-11
    1.140  5.6168E-11
    1.150  5.6211E-11
    1.160  5.6241E-11
    1.170  5.6282E-11
    1.180  5.6375E-11
    1.190  5.6498E-11
    1.200  5.6600E-11
    1.210  5.6707E-11
    1.220  5.6871E-11
    1.230  5.6986E-11
    1.240  5.7020E-11
    1.250  5.7060E-11
    1.260  5.7178E-11
    1.270  5.7367E-11
    1.280  5.7522E-11
    1.290  5.7666E-11
    1.300  5.7901E-11
    1.310  5.8154E-11
    1.320  5.8317E-11
    1.330  5.8477E-11
    1.340  5.8768E-11
    1.350  5.9498E-11
    1.360  6.0493E-11
    1.370  6.1383E-11
    1.380  6.2447E-11
    1.390  6.3717E-11
    1.400  6.4899E-11
    1.410  6.6015E-11
    1.420  6.7418E-11
    1.430  6.9131E-11
    1.440  7.1470E-11
    1.450  7.4464E-11
    1.460  7.7712E-11
    1.470  8.1177E-11
    1.480  8.4382E-11
    1.490  8.7256E-11
    1.500  9.0197E-11
    1.510  9.3411E-11
    1.520  9.9430E-11
    1.530  1.0863E-10
    1.540  1.1785E-10
    1.550  1.2673E-10
    1.560  1.3526E-10
    1.570  1.4406E-10
    1.580  1.5334E-10
    1.590  1.6248E-10
    1.600  1.7102E-10
    1.610  1.8124E-10
    1.620  1.9353E-10
    1.630  2.0565E-10
    1.640  2.1681E-10
    1.650  2.2760E-10
    1.660  2.3891E-10
    1.670  2.4989E-10
    1.680  2.5996E-10
    1.690  2.6949E-10
    1.700  2.7870E-10
    1.710  2.8717E-10
    1.720  2.9482E-10
    1.730  3.0286E-10
    1.740  3.1164E-10
    1.750  3.1810E-10
    1.760  3.2200E-10
    1.770  3.2532E-10
    1.780  3.2872E-10
    1.790  3.3217E-10
    1.800  3.3509E-10
    1.810  3.3754E-10
    1.820  3.3986E-10
    1.830  3.4198E-10
    1.840  3.4351E-10
    1.850  3.4449E-10
    1.860  3.4525E-10
    1.870  3.4588E-10
    1.880  3.4625E-10
    1.890  3.4643E-10
    1.900  3.4656E-10
    1.910  3.4663E-10
    1.920  3.4664E-10
    1.930  3.4671E-10
    1.940  3.4685E-10
    1.950  3.4696E-10
    1.960  3.4712E-10
    1.970  3.4746E-10
    1.980  3.4785E-10
    1.990  3.4829E-10
    2.000  3.4907E-10
    2.010  3.5036E-10
    2.020  3.5196E-10
    2.030  3.5378E-10
    2.040  3.5617E-10
    2.050  3.5895E-10
    2.060  3.6159E-10
    2.070  3.6549E-10
    2.080  3.7177E-10
    2.090  3.7947E-10
    2.100  3.8787E-10
    2.110  3.9672E-10
    2.120  4.0669E-10
    2.130  4.1683E-10
    2.140  4.2621E-10
    2.150  4.3623E-10
    2.160  4.4915E-10
    2.170  4.6508E-10
    2.180  4.8206E-10
    2.190  4.9869E-10
    2.200  5.1534E-10
    2.210  5.3281E-10
    2.220  5.5021E-10
    2.230  5.6775E-10
    2.240  5.8654E-10
    2.250  6.0702E-10
    2.260  6.2832E-10
    2.270  6.5031E-10
    2.280  6.7357E-10
    2.290  6.9755E-10
    2.300  7.2117E-10
    2.310  7.4438E-10
    2.320  7.6826E-10
    2.330  7.9309E-10
    2.340  8.1816E-10
    2.350  8.4333E-10
    2.360  8.6910E-10
    2.370  8.9498E-10
    2.380  9.1965E-10
    2.390  9.4318E-10
    2.400  9.6695E-10
    2.410  9.9342E-10
    2.420  1.0217E-09
    2.430  1.0493E-09
    2.440  1.0769E-09
    2.450  1.1051E-09
    2.460  1.1313E-09
    2.470  1.1569E-09
    2.480  1.1844E-09
    2.490  1.2134E-09
    2.500  1.2433E-09
    2.510  1.2722E-09
    2.520  1.3021E-09
    2.530  1.3340E-09
    2.540  1.3648E-09
    2.550  1.3932E-09
    2.560  1.4154E-09
    2.570  1.4333E-09
    2.580  1.4503E-09
    2.590  1.4657E-09
    2.600  1.4804E-09
    2.610  1.4949E-09
    2.620  1.5081E-09
    2.630  1.5189E-09
    2.640  1.5287E-09
    2.650  1.5390E-09
    2.660  1.5488E-09
    2.670  1.5569E-09
    2.680  1.5636E-09
    2.690  1.5693E-09
    2.700  1.5736E-09
    2.710  1.5764E-09
    2.720  1.5782E-09
    2.730  1.5805E-09
    2.740  1.5828E-09
    2.750  1.5842E-09
    2.760  1.5849E-09
    2.770  1.5854E-09
    2.780  1.5855E-09
    2.790  1.5855E-09
    2.800  1.5857E-09
    2.810  1.5859E-09
    2.820  1.5863E-09
    2.830  1.5873E-09
    2.840  1.5893E-09
    2.850  1.5919E-09
    2.860  1.5952E-09
    2.870  1.6012E-09
    2.880  1.6097E-09
    2.890  1.6182E-09
    2.900  1.6271E-09
    2.910  1.6382E-09
    2.920  1.6491E-09
    2.930  1.6589E-09
    2.940  1.6714E-09
    2.950  1.6873E-09
    2.960  1.7044E-09
    2.970  1.7203E-09
    2.980  1.7368E-09
    2.990  1.7566E-09
    3.000  1.7790E-09
    3.010  1.8022E-09
    3.020  1.8278E-09
    3.030  1.8579E-09
    3.040  1.8899E-09
    3.050  1.9199E-09
    3.060  1.9492E-09
    3.070  1.9818E-09
    3.080  2.0153E-09
    3.090  2.0477E-09
    3.100  2.0822E-09
    3.110  2.1195E-09
    3.120  2.1568E-09
    3.130  2.1912E-09
    3.140  2.2255E-09
    3.150  2.2644E-09
    3.160  2.3067E-09
    3.170  2.3486E-09
    3.180  2.3910E-09
    3.190  2.4367E-09
    3.200  2.4826E-09
    3.210  2.5232E-09
    3.220  2.5611E-09
    3.230  2.6039E-09
    3.240  2.6538E-09
    3.250  2.7049E-09
    3.260  2.7533E-09
    3.270  2.8007E-09
    3.280  2.8470E-09
    3.290  2.8901E-09
    3.300  2.9323E-09
    3.310  2.9765E-09
    3.320  3.0183E-09
    3.330  3.0662E-09
    3.340  3.1255E-09
    3.350  3.1865E-09
    3.360  3.2440E-09
    3.370  3.2921E-09
    3.380  3.3380E-09
    3.390  3.3944E-09
    3.400  3.4585E-09
    3.410  3.5132E-09
    3.420  3.5545E-09
    3.430  3.5918E-09
    3.440  3.6299E-09
    3.450  3.6656E-09
    3.460  3.6973E-09
    3.470  3.7303E-09
    3.480  3.7673E-09
    3.490  3.8023E-09
    3.500  3.8312E-09
    3.510  3.8542E-09
    3.520  3.8711E-09
    3.530  3.8841E-09
    3.540  3.9053E-09
    3.550  3.9438E-09
    3.560  3.9859E-09
    3.570  4.0127E-09
    3.580  4.0255E-09
    3.590  4.0354E-09
    3.600  4.0474E-09
    3.610  4.0593E-09
    3.620  4.0699E-09
    3.630  4.0825E-09
    3.640  4.0978E-09
    3.650  4.1088E-09
    3.660  4.1120E-09
    3.670  4.1122E-09
    3.680  4.1123E-09
    3.690  4.1127E-09
    3.700  4.1174E-09
    3.710  4.1266E-09
    3.720  4.1305E-09
    3.730  4.1321E-09
    3.740  4.1390E-09
    3.750  4.1431E-09
    3.760  4.1436E-09
    3.770  4.1439E-09
    3.780  4.1441E-09
    3.790  4.1443E-09
    3.800  4.1448E-09
    3.810  4.1474E-09
    3.820  4.1701E-09
    3.830  4.2095E-09
    3.840  4.2293E-09
    3.850  4.2308E-09
    3.860  4.2343E-09
    3.870  4.2357E-09
    3.880  4.2531E-09
    3.890  4.3102E-09
    3.900  4.3729E-09
    3.910  4.4075E-09
    3.920  4.4251E-09
    3.930  4.4393E-09
    3.940  4.4482E-09
    3.950  4.4517E-09
    3.960  4.4673E-09
    3.970  4.5702E-09
    3.980  4.8025E-09
    3.990  4.9879E-09
    4.000  5.0255E-09
    4.010  5.0282E-09
    4.020  5.0310E-09
    4.030  5.0908E-09
    4.040  5.2952E-09
    4.050  5.5441E-09
    4.060  5.7068E-09
    4.070  5.7877E-09
    4.080  5.8274E-09
    4.090  5.8391E-09
    4.100  5.8399E-09
    4.110  5.8423E-09
    4.120  5.9364E-09
    4.130  6.3208E-09
    4.140  6.7162E-09
    4.150  6.7809E-09
    4.160  6.9306E-09
    4.170  7.1810E-09
    4.180  7.2241E-09
    4.190  7.3399E-09
    4.200  7.5659E-09
    4.210  7.6733E-09
    4.220  7.6893E-09
    4.230  7.6903E-09
    4.240  7.7264E-09
    4.250  7.8937E-09
    4.260  8.0685E-09
    4.270  8.1217E-09
    4.280  8.8347E-09
    4.290  1.0111E-08
    4.300  1.0509E-08
    4.310  1.0808E-08
    4.320  1.1679E-08
    4.330  1.1915E-08
    4.340  1.2360E-08
    4.350  1.3639E-08
    4.360  1.4539E-08
    4.370  1.4814E-08
    4.380  1.4873E-08
    4.390  1.4896E-08
    4.400  1.5352E-08
    4.410  1.6352E-08
    4.420  1.6644E-08
    4.430  1.7758E-08
    4.440  2.1016E-08
    4.450  2.2203E-08
    4.460  2.4030E-08
    4.470  3.1298E-08
    4.480  3.6691E-08
    4.490  3.7320E-08
    4.500  3.7848E-08
    4.510  3.8246E-08
    4.520  3.8364E-08
    4.530  3.9025E-08
    4.540  4.0581E-08
    4.550  4.5252E-08
    4.560  5.4116E-08
    4.570  5.9289E-08
    4.580  6.0701E-08
    4.590  7.1271E-08
    4.600  7.9645E-08
    4.610  8.1983E-08
    4.620  9.9197E-08
    4.630  1.1475E-07
    4.640  1.1657E-07
    4.650  1.2660E-07
    4.660  1.4147E-07
    4.670  1.4864E-07
    4.680  1.5095E-07
    4.690  1.5149E-07
    4.700  1.5344E-07
    4.710  1.6680E-07
    4.720  1.7990E-07
    4.730  1.8429E-07
    4.740  2.2868E-07
    4.750  2.8116E-07
    4.760  2.8947E-07
    4.770  3.5588E-07
    4.780  4.6645E-07
    4.790  5.0216E-07
    4.800  5.0578E-07
    4.810  5.1501E-07
    4.820  5.1654E-07
    4.830  5.2611E-07
    4.840  5.4755E-07
    4.850  6.0200E-07
    4.860  7.4137E-07
    4.870  8.9665E-07
    4.880  9.2714E-07
    4.890  1.0427E-06
    4.900  1.2919E-06
    4.910  1.3509E-06
    4.920  1.5369E-06
    4.930  1.9951E-06
    4.940  2.1751E-06
    4.950  2.2318E-06
    4.960  2.5224E-06
    4.970  2.8250E-06
    4.980  3.0106E-06
    4.990  3.1357E-06
    5.000  3.1756E-06
    5.010  3.2458E-06
    5.020  3.5577E-06
    5.030  3.6915E-06
    5.040  4.0183E-06
    5.050  5.1951E-06
    5.060  5.7228E-06
    5.070  6.1305E-06
    5.080  7.7210E-06
    5.090  8.4112E-06
    5.100  8.8143E-06
    5.110  1.0509E-05
    5.120  1.1639E-05
    5.130  1.1747E-05
    5.140  1.2092E-05
    5.150  1.3465E-05
    5.160  1.6297E-05
    5.170  1.8524E-05
    5.180  1.9839E-05
    5.190  4.0579E-05
    5.200  9.7591E-05
    5.210  1.5688E-04
    5.220  1.7345E-04
    5.230  1.7842E-04
    5.240  1.9359E-04
    5.250  1.9829E-04
    5.260  2.0045E-04
    5.270  2.0632E-04
    5.280  2.1329E-04
    5.290  2.3762E-04
    5.300  3.0169E-04
    5.310  3.7863E-04
    5.320  4.5715E-04
    5.330  5.9137E-04
    5.340  8.3922E-04
    5.350  1.2000E-03
    5.360  1.5733E-03
    5.370  1.8262E-03
    5.380  1.9537E-03
    5.390  2.0361E-03
    5.400  2.1047E-03
    5.410  2.1424E-03
    5.420  2.1481E-03
    5.430  2.1502E-03
    5.440  2.1531E-03
    5.450  2.1832E-03
    5.460  2.2138E-03
    5.470  2.2174E-03
    5.480  2.2663E-03
    5.490  2.4488E-03
    5.500  2.7505E-03
    5.510  3.1292E-03
    5.520  3.6200E-03
    5.530  4.1680E-03
    5.540  4.5794E-03
    5.550  4.7591E-03
    5.560  4.8009E-03
    5.570  4.8149E-03
    5.580  4.8544E-03
    5.590  4.9590E-03
    5.600  5.1372E-03
    5.610  5.4114E-03
    5.620  5.8370E-03
    5.630  6.3746E-03
    5.640  6.8107E-03
    5.650  6.9986E-03
    5.660  7.0306E-03
    5.670  7.0313E-03
    5.680  7.0316E-03
    5.690  7.0317E-03
    5.700  7.0326E-03
    5.710  7.0563E-03
    5.720  7.1616E-03
    5.730  7.3758E-03
    5.740  7.6452E-03
    5.750  7.8587E-03
    5.760  7.9736E-03
    5.770  8.0493E-03
    5.780  8.1491E-03
    5.790  8.2937E-03
    5.800  8.4638E-03
    5.810  8.6348E-03
    5.820  8.7465E-03
    5.830  8.7749E-03
    5.840  8.7761E-03
    5.850  8.7847E-03
    5.860  8.8100E-03
    5.870  8.8715E-03
    5.880  9.0426E-03
    5.890  9.4189E-03
    5.900  1.0022E-02
    5.910  1.0748E-02
    5.920  1.1370E-02
    5.930  1.1776E-02
    5.940  1.2044E-02
    5.950  1.2271E-02
    5.960  1.2563E-02
    5.970  1.3043E-02
    5.980  1.3744E-02
    5.990  1.4446E-02
    6.000  1.4783E-02
    6.010  1.4817E-02
    6.020  1.4887E-02
    6.030  1.5112E-02
    6.040  1.5433E-02
    6.050  1.5752E-02
    6.060  1.5969E-02
    6.070  1.6099E-02
    6.080  1.6251E-02
    6.090  1.6515E-02
    6.100  1.6854E-02
    6.110  1.7093E-02
    6.120  1.7167E-02
    6.130  1.7172E-02
    6.140  1.7229E-02
    6.150  1.7397E-02
    6.160  1.7547E-02
    6.170  1.7570E-02
    6.180  1.7753E-02
    6.190  1.8334E-02
    6.200  1.8896E-02
    6.210  1.9048E-02
    6.220  1.9083E-02
    6.230  1.9298E-02
    6.240  1.9568E-02
    6.250  1.9681E-02
    6.260  1.9693E-02
    6.270  1.9806E-02
    6.280  1.9947E-02
    6.290  1.9978E-02
    6.300  2.0003E-02
    6.310  2.0176E-02
    6.320  2.0497E-02
    6.330  2.0807E-02
    6.340  2.1047E-02
    6.350  2.1333E-02
    6.360  2.1909E-02
    6.370  2.2957E-02
    6.380  2.4413E-02
    6.390  2.5778E-02
    6.400  2.6388E-02
    6.410  2.6441E-02
    6.420  2.6624E-02
    6.430  2.7116E-02
    6.440  2.7549E-02
    6.450  2.7651E-02
    6.460  2.7662E-02
    6.470  2.7678E-02
    6.480  2.7723E-02
    6.490  2.8138E-02
    6.500  2.9255E-02
    6.510  3.0837E-02
    6.520  3.2069E-02
    6.530  3.2444E-02
    6.540  3.2503E-02
    6.550  3.2981E-02
    6.560  3.3596E-02
    6.570  3.3769E-02
    6.580  3.3853E-02
    6.590  3.4155E-02
    6.600  3.4254E-02
    6.610  3.4366E-02
    6.620  3.4757E-02
    6.630  3.5267E-02
    6.640  3.5698E-02
    6.650  3.5803E-02
    6.660  3.5969E-02
    6.670  3.6736E-02
    6.680  3.7693E-02
    6.690  3.8044E-02
    6.700  3.8268E-02
    6.710  4.0137E-02
    6.720  4.3538E-02
    6.730  4.6319E-02
    6.740  4.7510E-02
    6.750  4.7825E-02
    6.760  4.8024E-02
    6.770  4.8647E-02
    6.780  5.0774E-02
    6.790  5.5713E-02
    6.800  6.2934E-02
    6.810  6.8989E-02
    6.820  7.1189E-02
    6.830  7.1336E-02
    6.840  7.2013E-02
    6.850  7.2936E-02
    6.860  7.3266E-02
    6.870  7.3354E-02
    6.880  7.4064E-02
    6.890  7.4924E-02
    6.900  7.5168E-02
    6.910  7.5184E-02
    6.920  7.5218E-02
    6.930  7.5235E-02
    6.940  7.5374E-02
    6.950  7.5642E-02
    6.960  7.5850E-02
    6.970  7.5889E-02
    6.980  7.6378E-02
    6.990  7.7664E-02
    7.000  7.8907E-02
    7.010  7.9341E-02
    7.020  7.9424E-02
    7.030  8.0378E-02
    7.040  8.2498E-02
    7.050  8.4272E-02
    7.060  8.4668E-02
    7.070  8.5073E-02
    7.080  8.7309E-02
    7.090  9.0151E-02
    7.100  9.1326E-02
    7.110  9.1409E-02
    7.120  9.1438E-02
    7.130  9.1581E-02
    7.140  9.3053E-02
    7.150  9.6432E-02
    7.160  1.0032E-01
    7.170  1.0298E-01
    7.180  1.0404E-01
    7.190  1.0433E-01
    7.200  1.0445E-01
    7.210  1.0466E-01
    7.220  1.0536E-01
    7.230  1.0677E-01
    7.240  1.0800E-01
    7.250  1.0830E-01
    7.260  1.0845E-01
    7.270  1.0929E-01
    7.280  1.1015E-01
    7.290  1.1029E-01
    7.300  1.1082E-01
    7.310  1.1232E-01
    7.320  1.1339E-01
    7.330  1.1358E-01
    7.340  1.1363E-01
    7.350  1.1379E-01
    7.360  1.1390E-01
    7.370  1.1391E-01
    7.380  1.1405E-01
    7.390  1.1499E-01
    7.400  1.1655E-01
    7.410  1.1740E-01
    7.420  1.1753E-01
    7.430  1.1754E-01
    7.440  1.1770E-01
    7.450  1.1825E-01
    7.460  1.1934E-01
    7.470  1.2107E-01
    7.480  1.2278E-01
    7.490  1.2385E-01
    7.500  1.2453E-01
    7.510  1.2524E-01
    7.520  1.2658E-01
    7.530  1.2983E-01
    7.540  1.3561E-01
    7.550  1.4092E-01
    7.560  1.4313E-01
    7.570  1.4346E-01
    7.580  1.4347E-01
    7.590  1.4347E-01
    7.600  1.4348E-01
    7.610  1.4364E-01
    7.620  1.4413E-01
    7.630  1.4453E-01
    7.640  1.4458E-01
    7.650  1.4493E-01
    7.660  1.4705E-01
    7.670  1.5191E-01
    7.680  1.5706E-01
    7.690  1.6010E-01
    7.700  1.6152E-01
    7.710  1.6256E-01
    7.720  1.6403E-01
    7.730  1.6645E-01
    7.740  1.6919E-01
    7.750  1.7090E-01
    7.760  1.7150E-01
    7.770  1.7157E-01
    7.780  1.7209E-01
    7.790  1.7464E-01
    7.800  1.7875E-01
    7.810  1.8214E-01
    7.820  1.8381E-01
    7.830  1.8423E-01
    7.840  1.8426E-01
    7.850  1.8426E-01
    7.860  1.8428E-01
    7.870  1.8443E-01
    7.880  1.8484E-01
    7.890  1.8523E-01
    7.900  1.8530E-01
    7.910  1.8633E-01
    7.920  1.8990E-01
    7.930  1.9549E-01
    7.940  2.0120E-01
    7.950  2.0551E-01
    7.960  2.0872E-01
    7.970  2.1214E-01
    7.980  2.1672E-01
    7.990  2.2253E-01
    8.000  2.2893E-01
    8.010  2.3467E-01
    8.020  2.3854E-01
    8.030  2.4044E-01
    8.040  2.4100E-01
    8.050  2.4104E-01
    8.060  2.4139E-01
    8.070  2.4226E-01
    8.080  2.4281E-01
    8.090  2.4289E-01
    8.100  2.4298E-01
    8.110  2.4379E-01
    8.120  2.4608E-01
    8.130  2.4970E-01
    8.140  2.5354E-01
    8.150  2.5666E-01
    8.160  2.5892E-01
    8.170  2.6024E-01
    8.180  2.6077E-01
    8.190  2.6094E-01
    8.200  2.6111E-01
    8.210  2.6163E-01
    8.220  2.6259E-01
    8.230  2.6347E-01
    8.240  2.6399E-01
    8.250  2.6430E-01
    8.260  2.6449E-01
    8.270  2.6455E-01
    8.280  2.6456E-01
    8.290  2.6460E-01
    8.300  2.6463E-01
    8.310  2.6463E-01
    8.320  2.6464E-01
    8.330  2.6469E-01
    8.340  2.6482E-01
    8.350  2.6486E-01
    8.360  2.6517E-01
    8.370  2.6675E-01
    8.380  2.6895E-01
    8.390  2.7066E-01
    8.400  2.7236E-01
    8.410  2.7467E-01
    8.420  2.7762E-01
    8.430  2.8165E-01
    8.440  2.8754E-01
    8.450  2.9579E-01
    8.460  3.0523E-01
    8.470  3.1150E-01
    8.480  3.1294E-01
    8.490  3.1328E-01
    8.500  3.1549E-01
    8.510  3.1853E-01
    8.520  3.2071E-01
    8.530  3.2205E-01
    8.540  3.2327E-01
    8.550  3.2495E-01
    8.560  3.2694E-01
    8.570  3.2854E-01
    8.580  3.2979E-01
    8.590  3.3109E-01
    8.600  3.3264E-01
    8.610  3.3455E-01
    8.620  3.3782E-01
    8.630  3.4405E-01
    8.640  3.5100E-01
    8.650  3.5400E-01
    8.660  3.5424E-01
    8.670  3.5579E-01
    8.680  3.5819E-01
    8.690  3.5925E-01
    8.700  3.5946E-01
    8.710  3.5978E-01
    8.720  3.6036E-01
    8.730  3.6066E-01
    8.740  3.6074E-01
    8.750  3.6100E-01
    8.760  3.6212E-01
    8.770  3.6442E-01
    8.780  3.6637E-01
    8.790  3.6693E-01
    8.800  3.6696E-01
    8.810  3.6709E-01
    8.820  3.6770E-01
    8.830  3.6807E-01
    8.840  3.6833E-01
    8.850  3.7038E-01
    8.860  3.7437E-01
    8.870  3.7873E-01
    8.880  3.8280E-01
    8.890  3.8784E-01
    8.900  3.9528E-01
    8.910  4.0514E-01
    8.920  4.1736E-01
    8.930  4.3341E-01
    8.940  4.5317E-01
    8.950  4.6911E-01
    8.960  4.7452E-01
    8.970  4.7481E-01
    8.980  4.7522E-01
    8.990  4.7566E-01
    9.000  4.7597E-01
    9.010  4.7612E-01
    9.020  4.7629E-01
    9.030  4.7759E-01
    9.040  4.7917E-01
    9.050  4.7949E-01
    9.060  4.8030E-01
    9.070  4.8298E-01
    9.080  4.8515E-01
    9.090  4.8558E-01
    9.100  4.8562E-01
    9.110  4.8567E-01
    9.120  4.8577E-01
    9.130  4.8589E-01
    9.140  4.8598E-01
    9.150  4.8682E-01
    9.160  4.8835E-01
    9.170  4.8982E-01
    9.180  4.9087E-01
    9.190  4.9125E-01
    9.200  4.9132E-01
    9.210  4.9200E-01
    9.220  4.9273E-01
    9.230  4.9286E-01
    9.240  4.9379E-01
    9.250  4.9459E-01
    9.260  4.9470E-01
    9.270  4.9530E-01
    9.280  4.9581E-01
    9.290  4.9589E-01
    9.300  4.9667E-01
    9.310  4.9798E-01
    9.320  4.9895E-01
    9.330  4.9955E-01
    9.340  4.9972E-01
    9.350  4.9994E-01
    9.360  5.0092E-01
    9.370  5.0149E-01
    9.380  5.0165E-01
    9.390  5.0249E-01
    9.400  5.0289E-01
    9.410  5.0336E-01
    9.420  5.0529E-01
    9.430  5.0662E-01
    9.440  5.0680E-01
    9.450  5.0815E-01
    9.460  5.1004E-01
    9.470  5.1113E-01
    9.480  5.1157E-01
    9.490  5.1163E-01
    9.500  5.1254E-01
    9.510  5.1525E-01
    9.520  5.1784E-01
    9.530  5.1891E-01
    9.540  5.1912E-01
    9.550  5.1918E-01
    9.560  5.1931E-01
    9.570  5.1963E-01
    9.580  5.2012E-01
    9.590  5.2060E-01
    9.600  5.2077E-01
    9.610  5.2083E-01
    9.620  5.2130E-01
    9.630  5.2241E-01
    9.640  5.2405E-01
    9.650  5.2545E-01
    9.660  5.2596E-01
    9.670  5.2599E-01
    9.680  5.2602E-01
    9.690  5.2605E-01
    9.700  5.2617E-01
    9.710  5.2687E-01
    9.720  5.2846E-01
    9.730  5.3040E-01
    9.740  5.3285E-01
    9.750  5.3613E-01
    9.760  5.3895E-01
    9.770  5.4027E-01
    9.780  5.4070E-01
    9.790  5.4095E-01
    9.800  5.4131E-01
    9.810  5.4167E-01
    9.820  5.4179E-01
    9.830  5.4180E-01
    9.840  5.4180E-01
    9.850  5.4190E-01
    9.860  5.4218E-01
    9.870  5.4248E-01
    9.880  5.4254E-01
    9.890  5.4269E-01
    9.900  5.4314E-01
    9.910  5.4365E-01
    9.920  5.4381E-01
    9.930  5.4383E-01
    9.940  5.4393E-01
    9.950  5.4411E-01
    9.960  5.4418E-01
    9.970  5.4423E-01
    9.980  5.4447E-01
    9.990  5.4465E-01
   10.000  5.4468E-01
   10.010  5.4491E-01
   10.020  5.4528E-01
   10.030  5.4540E-01
   10.040  5.4564E-01
   10.050  5.4747E-01
   10.060  5.5168E-01
   10.070  5.5690E-01
   10.080  5.6141E-01
   10.090  5.6468E-01
   10.100  5.6644E-01
   10.110  5.6696E-01
   10.120  5.6701E-01
   10.130  5.6710E-01
   10.140  5.6732E-01
   10.150  5.6757E-01
   10.160  5.6815E-01
   10.170  5.6974E-01
   10.180  5.7368E-01
   10.190  5.8106E-01
   10.200  5.9138E-01
   10.210  6.0382E-01
   10.220  6.1555E-01
   10.230  6.2282E-01
   10.240  6.2656E-01
   10.250  6.2914E-01
   10.260  6.3089E-01
   10.270  6.3165E-01
   10.280  6.3194E-01
   10.290  6.3221E-01
   10.300  6.3256E-01
   10.310  6.3286E-01
   10.320  6.3318E-01
   10.330  6.3387E-01
   10.340  6.3510E-01
   10.350  6.3587E-01
   10.360  6.3595E-01
   10.370  6.3608E-01
   10.380  6.3647E-01
   10.390  6.3667E-01
   10.400  6.3670E-01
   10.410  6.3674E-01
   10.420  6.3799E-01
   10.430  6.4239E-01
   10.440  6.4828E-01
   10.450  6.5299E-01
   10.460  6.5570E-01
   10.470  6.5674E-01
   10.480  6.5686E-01
   10.490  6.5711E-01
   10.500  6.5752E-01
   10.510  6.5761E-01
   10.520  6.5767E-01
   10.530  6.5779E-01
   10.540  6.5790E-01
   10.550  6.5905E-01
   10.560  6.6098E-01
   10.570  6.6214E-01
   10.580  6.6256E-01
   10.590  6.6285E-01
   10.600  6.6323E-01
   10.610  6.6356E-01
   10.620  6.6377E-01
   10.630  6.6398E-01
   10.640  6.6435E-01
   10.650  6.6464E-01
   10.660  6.6478E-01
   10.670  6.6679E-01
   10.680  6.7211E-01
   10.690  6.7813E-01
   10.700  6.8114E-01
   10.710  6.8165E-01
   10.720  6.8175E-01
   10.730  6.8215E-01
   10.740  6.8302E-01
   10.750  6.8427E-01
   10.760  6.8597E-01
   10.770  6.8827E-01
   10.780  6.9158E-01
   10.790  6.9658E-01
   10.800  7.0255E-01
   10.810  7.0699E-01
   10.820  7.0855E-01
   10.830  7.0872E-01
   10.840  7.1069E-01
   10.850  7.1495E-01
   10.860  7.1883E-01
   10.870  7.2116E-01
   10.880  7.2223E-01
   10.890  7.2270E-01
   10.900  7.2329E-01
   10.910  7.2458E-01
   10.920  7.2662E-01
   10.930  7.2899E-01
   10.940  7.3168E-01
   10.950  7.3556E-01
   10.960  7.4052E-01
   10.970  7.4445E-01
   10.980  7.4631E-01
   10.990  7.4665E-01
   11.000  7.4675E-01
   11.010  7.4706E-01
   11.020  7.4718E-01
   11.030  7.4718E-01
   11.040  7.4719E-01
   11.050  7.4748E-01
   11.060  7.4852E-01
   11.070  7.4982E-01
   11.080  7.5054E-01
   11.090  7.5085E-01
   11.100  7.5097E-01
   11.110  7.5100E-01
   11.120  7.5102E-01
   11.130  7.5112E-01
   11.140  7.5191E-01
   11.150  7.5457E-01
   11.160  7.5829E-01
   11.170  7.6008E-01
   11.180  7.6021E-01
   11.190  7.6068E-01
   11.200  7.6164E-01
   11.210  7.6221E-01
   11.220  7.6227E-01
   11.230  7.6276E-01
   11.240  7.6406E-01
   11.250  7.6533E-01
   11.260  7.6591E-01
   11.270  7.6599E-01
   11.280  7.6599E-01
   11.290  7.6616E-01
   11.300  7.6704E-01
   11.310  7.6794E-01
   11.320  7.6808E-01
   11.330  7.6876E-01
   11.340  7.7029E-01
   11.350  7.7081E-01
   11.360  7.7105E-01
   11.370  7.7191E-01
   11.380  7.7238E-01
   11.390  7.7248E-01
   11.400  7.7355E-01
   11.410  7.7562E-01
   11.420  7.7804E-01
   11.430  7.8001E-01
   11.440  7.8040E-01
   11.450  7.8165E-01
   11.460  7.8484E-01
   11.470  7.8671E-01
   11.480  7.8690E-01
   11.490  7.8714E-01
   11.500  7.8731E-01
   11.510  7.8739E-01
   11.520  7.8784E-01
   11.530  7.8836E-01
   11.540  7.8854E-01
   11.550  7.8873E-01
   11.560  7.9071E-01
   11.570  7.9528E-01
   11.580  7.9970E-01
   11.590  8.0172E-01
   11.600  8.0195E-01
   11.610  8.0240E-01
   11.620  8.0299E-01
   11.630  8.0310E-01
   11.640  8.0408E-01
   11.650  8.0602E-01
   11.660  8.0735E-01
   11.670  8.0763E-01
   11.680  8.0779E-01
   11.690  8.0878E-01
   11.700  8.1023E-01
   11.710  8.1096E-01
   11.720  8.1101E-01
   11.730  8.1103E-01
   11.740  8.1118E-01
   11.750  8.1247E-01
   11.760  8.1513E-01
   11.770  8.1822E-01
   11.780  8.2108E-01
   11.790  8.2307E-01
   11.800  8.2388E-01
   11.810  8.2407E-01
   11.820  8.2429E-01
   11.830  8.2516E-01
   11.840  8.2692E-01
   11.850  8.2831E-01
   11.860  8.2851E-01
   11.870  8.2965E-01
   11.880  8.3356E-01
   11.890  8.3839E-01
   11.900  8.4280E-01
   11.910  8.4757E-01
   11.920  8.5216E-01
   11.930  8.5500E-01
   11.940  8.5635E-01
   11.950  8.5753E-01
   11.960  8.5948E-01
   11.970  8.6158E-01
   11.980  8.6254E-01
   11.990  8.6265E-01
   12.000  8.6273E-01
   12.010  8.6287E-01
   12.020  8.6292E-01
   12.030  8.6300E-01
   12.040  8.6317E-01
   12.050  8.6327E-01
   12.060  8.6329E-01
   12.070  8.6339E-01
   12.080  8.6345E-01
   12.090  8.6345E-01
   12.100  8.6347E-01
   12.110  8.6355E-01
   12.120  8.6381E-01
   12.130  8.6441E-01
   12.140  8.6518E-01
   12.150  8.6559E-01
   12.160  8.6564E-01
   12.170  8.6580E-01
   12.180  8.6600E-01
   12.190  8.6603E-01
   12.200  8.6605E-01
   12.210  8.6606E-01
   12.220  8.6612E-01
   12.230  8.6648E-01
   12.240  8.6718E-01
   12.250  8.6794E-01
   12.260  8.6866E-01
   12.270  8.6926E-01
   12.280  8.6950E-01
   12.290  8.6952E-01
   12.300  8.6970E-01
   12.310  8.7014E-01
   12.320  8.7091E-01
   12.330  8.7205E-01
   12.340  8.7357E-01
   12.350  8.7519E-01
   12.360  8.7631E-01
   12.370  8.7668E-01
   12.380  8.7670E-01
   12.390  8.7675E-01
   12.400  8.7676E-01
   12.410  8.7685E-01
   12.420  8.7723E-01
   12.430  8.7794E-01
   12.440  8.7858E-01
   12.450  8.7887E-01
   12.460  8.7904E-01
   12.470  8.7937E-01
   12.480  8.8012E-01
   12.490  8.8151E-01
   12.500  8.8358E-01
   12.510  8.8590E-01
   12.520  8.8760E-01
   12.530  8.8819E-01
   12.540  8.8824E-01
   12.550  8.8827E-01
   12.560  8.8828E-01
   12.570  8.8859E-01
   12.580  8.8952E-01
   12.590  8.9026E-01
   12.600  8.9036E-01
   12.610  8.9086E-01
   12.620  8.9294E-01
   12.630  8.9644E-01
   12.640  8.9984E-01
   12.650  9.0162E-01
   12.660  9.0209E-01
   12.670  9.0234E-01
   12.680  9.0330E-01
   12.690  9.0551E-01
   12.700  9.0771E-01
   12.710  9.0875E-01
   12.720  9.0888E-01
   12.730  9.0917E-01
   12.740  9.0994E-01
   12.750  9.1065E-01
   12.760  9.1108E-01
   12.770  9.1132E-01
   12.780  9.1153E-01
   12.790  9.1200E-01
   12.800  9.1336E-01
   12.810  9.1641E-01
   12.820  9.2066E-01
   12.830  9.2402E-01
   12.840  9.2548E-01
   12.850  9.2586E-01
   12.860  9.2602E-01
   12.870  9.2641E-01
   12.880  9.2729E-01
   12.890  9.2816E-01
   12.900  9.2854E-01
   12.910  9.2866E-01
   12.920  9.2878E-01
   12.930  9.2887E-01
   12.940  9.2888E-01
   12.950  9.2894E-01
   12.960  9.2900E-01
   12.970  9.2901E-01
   12.980  9.2902E-01
   12.990  9.2915E-01
   13.000  9.2974E-01
   13.010  9.3108E-01
   13.020  9.3333E-01
   13.030  9.3619E-01
   13.040  9.3913E-01
   13.050  9.4185E-01
   13.060  9.4398E-01
   13.070  9.4528E-01
   13.080  9.4605E-01
   13.090  9.4685E-01
   13.100  9.4795E-01
   13.110  9.4897E-01
   13.120  9.4953E-01
   13.130  9.4974E-01
   13.140  9.4982E-01
   13.150  9.4986E-01
   13.160  9.4987E-01
   13.170  9.4988E-01
   13.180  9.4993E-01
   13.190  9.4998E-01
   13.200  9.5006E-01
   13.210  9.5036E-01
   13.220  9.5095E-01
   13.230  9.5151E-01
   13.240  9.5168E-01
   13.250  9.5170E-01
   13.260  9.5173E-01
   13.270  9.5175E-01
   13.280  9.5195E-01
   13.290  9.5234E-01
   13.300  9.5268E-01
   13.310  9.5292E-01
   13.320  9.5318E-01
   13.330  9.5353E-01
   13.340  9.5388E-01
   13.350  9.5410E-01
   13.360  9.5425E-01
   13.370  9.5440E-01
   13.380  9.5454E-01
   13.390  9.5460E-01
   13.400  9.5462E-01
   13.410  9.5477E-01
   13.420  9.5492E-01
   13.430  9.5495E-01
   13.440  9.5497E-01
   13.450  9.5523E-01
   13.460  9.5602E-01
   13.470  9.5703E-01
   13.480  9.5801E-01
   13.490  9.5912E-01
   13.500  9.6014E-01
   13.510  9.6057E-01
   13.520  9.6060E-01
   13.530  9.6061E-01
   13.540  9.6067E-01
   13.550  9.6103E-01
   13.560  9.6158E-01
   13.570  9.6182E-01
   13.580  9.6184E-01
   13.590  9.6199E-01
   13.600  9.6243E-01
   13.610  9.6316E-01
   13.620  9.6396E-01
   13.630  9.6463E-01
   13.640  9.6509E-01
   13.650  9.6538E-01
   13.660  9.6554E-01
   13.670  9.6567E-01
   13.680  9.6585E-01
   13.690  9.6596E-01
   13.700  9.6597E-01
   13.710  9.6600E-01
   13.720  9.6601E-01
   13.730  9.6601E-01
   13.740  9.6605E-01
   13.750  9.6645E-01
   13.760  9.6763E-01
   13.770  9.6926E-01
   13.780  9.7058E-01
   13.790  9.7142E-01
   13.800  9.7190E-01
   13.810  9.7200E-01
   13.820  9.7213E-01
   13.830  9.7261E-01
   13.840  9.7294E-01
   13.850  9.7297E-01
   13.860  9.7305E-01
   13.870  9.7309E-01
   13.880  9.7312E-01
   13.890  9.7327E-01
   13.900  9.7345E-01
   13.910  9.7361E-01
   13.920  9.7375E-01
   13.930  9.7390E-01
   13.940  9.7399E-01
   13.950  9.7401E-01
   13.960  9.7419E-01
   13.970  9.7435E-01
   13.980  9.7440E-01
   13.990  9.7441E-01
   14.000  9.7442E-01
   14.010  9.7445E-01
   14.020  9.7446E-01
   14.030  9.7446E-01
   14.040  9.7446E-01
   14.050  9.7446E-01
   14.060  9.7447E-01
   14.070  9.7449E-01
   14.080  9.7454E-01
   14.090  9.7455E-01
   14.100  9.7459E-01
   14.110  9.7479E-01
   14.120  9.7502E-01
   14.130  9.7515E-01
   14.140  9.7518E-01
   14.150  9.7518E-01
   14.160  9.7520E-01
   14.170  9.7532E-01
   14.180  9.7559E-01
   14.190  9.7576E-01
   14.200  9.7577E-01
   14.210  9.7585E-01
   14.220  9.7593E-01
   14.230  9.7595E-01
   14.240  9.7595E-01
   14.250  9.7597E-01
   14.260  9.7600E-01
   14.270  9.7601E-01
   14.280  9.7601E-01
   14.290  9.7607E-01
   14.300  9.7622E-01
   14.310  9.7638E-01
   14.320  9.7644E-01
   14.330  9.7645E-01
   14.340  9.7649E-01
   14.350  9.7655E-01
   14.360  9.7662E-01
   14.370  9.7674E-01
   14.380  9.7696E-01
   14.390  9.7725E-01
   14.400  9.7752E-01
   14.410  9.7772E-01
   14.420  9.7783E-01
   14.430  9.7785E-01
   14.440  9.7793E-01
   14.450  9.7820E-01
   14.460  9.7844E-01
   14.470  9.7849E-01
   14.480  9.7857E-01
   14.490  9.7882E-01
   14.500  9.7893E-01
   14.510  9.7901E-01
   14.520  9.7951E-01
   14.530  9.8023E-01
   14.540  9.8063E-01
   14.550  9.8069E-01
   14.560  9.8076E-01
   14.570  9.8103E-01
   14.580  9.8127E-01
   14.590  9.8131E-01
   14.600  9.8143E-01
   14.610  9.8180E-01
   14.620  9.8213E-01
   14.630  9.8225E-01
   14.640  9.8228E-01
   14.650  9.8229E-01
   14.660  9.8229E-01
   14.670  9.8229E-01
   14.680  9.8232E-01
   14.690  9.8236E-01
   14.700  9.8245E-01
   14.710  9.8257E-01
   14.720  9.8267E-01
   14.730  9.8268E-01
   14.740  9.8276E-01
   14.750  9.8290E-01
   14.760  9.8294E-01
   14.770  9.8296E-01
   14.780  9.8305E-01
   14.790  9.8313E-01
   14.800  9.8314E-01
   14.810  9.8317E-01
   14.820  9.8328E-01
   14.830  9.8344E-01
   14.840  9.8351E-01
   14.850  9.8353E-01
   14.860  9.8371E-01
   14.870  9.8400E-01
   14.880  9.8423E-01
   14.890  9.8433E-01
   14.900  9.8436E-01
   14.910  9.8438E-01
   14.920  9.8440E-01
   14.930  9.8443E-01
   14.940  9.8444E-01
   14.950  9.8446E-01
   14.960  9.8447E-01
   14.970  9.8447E-01
   14.980  9.8451E-01
   14.990  9.8457E-01
   15.000  9.8461E-01
   15.010  9.8461E-01
   15.020  9.8461E-01
   15.030  9.8461E-01
   15.040  9.8462E-01
   15.050  9.8469E-01
   15.060  9.8488E-01
   15.070  9.8516E-01
   15.080  9.8543E-01
   15.090  9.8565E-01
   15.100  9.8575E-01
   15.110  9.8575E-01
   15.120  9.8577E-01
   15.130  9.8581E-01
   15.140  9.8586E-01
   15.150  9.8595E-01
   15.160  9.8608E-01
   15.170  9.8628E-01
   15.180  9.8662E-01
   15.190  9.8723E-01
   15.200  9.8808E-01
   15.210  9.8901E-01
   15.220  9.8989E-01
   15.230  9.9065E-01
   15.240  9.9130E-01
   15.250  9.9194E-01
   15.260  9.9269E-01
   15.270  9.9341E-01
   15.280  9.9376E-01
   15.290  9.9380E-01
   15.300  9.9386E-01
   15.310  9.9400E-01
   15.320  9.9413E-01
   15.330  9.9418E-01
   15.340  9.9419E-01
   15.350  9.9428E-01
   15.360  9.9435E-01
   15.370  9.9435E-01
   15.380  9.9441E-01
   15.390  9.9455E-01
   15.400  9.9472E-01
   15.410  9.9488E-01
   15.420  9.9500E-01
   15.430  9.9514E-01
   15.440  9.9539E-01
   15.450  9.9583E-01
   15.460  9.9630E-01
   15.470  9.9662E-01
   15.480  9.9677E-01
   15.490  9.9682E-01
   15.500  9.9685E-01
   15.510  9.9689E-01
   15.520  9.9699E-01
   15.530  9.9710E-01
   15.540  9.9716E-01
   15.550  9.9717E-01
   15.560  9.9719E-01
   15.570  9.9721E-01
   15.580  9.9721E-01
   15.590  9.9725E-01
   15.600  9.9731E-01
   15.610  9.9735E-01
   15.620  9.9737E-01
   15.630  9.9737E-01
   15.640  9.9737E-01
   15.650  9.9738E-01
   15.660  9.9738E-01
   15.670  9.9738E-01
   15.680  9.9739E-01
   15.690  9.9741E-01
   15.700  9.9742E-01
   15.710  9.9742E-01
   15.720  9.9742E-01
   15.730  9.9743E-01
   15.740  9.9743E-01
   15.750  9.9743E-01
   15.760  9.9745E-01
   15.770  9.9749E-01
   15.780  9.9754E-01
   15.790  9.9756E-01
   15.800  9.9756E-01
   15.810  9.9757E-01
   15.820  9.9758E-01
   15.830  9.9758E-01
   15.840  9.9759E-01
   15.850  9.9759E-01
   15.860  9.9761E-01
   15.870  9.9764E-01
   15.880  9.9767E-01
   15.890  9.9768E-01
   15.900  9.9768E-01
   15.910  9.9769E-01
   15.920  9.9769E-01
   15.930  9.9769E-01
   15.940  9.9770E-01
   15.950  9.9772E-01
   15.960  9.9774E-01
   15.970  9.9775E-01
   15.980  9.9775E-01
   15.990  9.9776E-01
   16.000  9.9776E-01
   16.010  9.9777E-01
   16.020  9.9779E-01
   16.030  9.9782E-01
   16.040  9.9785E-01
   16.050  9.9789E-01
   16.060  9.9794E-01
   16.070  9.9800E-01
   16.080  9.9807E-01
   16.090  9.9813E-01
   16.100  9.9818E-01
   16.110  9.9822E-01
   16.120  9.9824E-01
   16.130  9.9824E-01
   16.140  9.9825E-01
   16.150  9.9827E-01
   16.160  9.9829E-01
   16.170  9.9830E-01
   16.180  9.9831E-01
   16.190  9.9831E-01
   16.200  9.9831E-01
   16.210  9.9831E-01
   16.220  9.9832E-01
   16.230  9.9834E-01
   16.240  9.9836E-01
   16.250  9.9837E-01
   16.260  9.9837E-01
   16.270  9.9837E-01
   16.280  9.9837E-01
   16.290  9.9838E-01
   16.300  9.9838E-01
   16.310  9.9840E-01
   16.320  9.9843E-01
   16.330  9.9844E-01
   16.340  9.9845E-01
   16.350  9.9846E-01
   16.360  9.9847E-01
   16.370  9.9848E-01
   16.380  9.9850E-01
   16.390  9.9852E-01
   16.400  9.9854E-01
   16.410  9.9857E-01
   16.420  9.9862E-01
   16.430  9.9868E-01
   16.440  9.9873E-01
   16.450  9.9876E-01
   16.460  9.9877E-01
   16.470  9.9878E-01
   16.480  9.9878E-01
   16.490  9.9879E-01
   16.500  9.9883E-01
   16.510  9.9887E-01
   16.520  9.9891E-01
   16.530  9.9894E-01
   16.540  9.9898E-01
   16.550  9.9904E-01
   16.560  9.9910E-01
   16.570  9.9915E-01
   16.580  9.9920E-01
   16.590  9.9924E-01
   16.600  9.9927E-01
   16.610  9.9928E-01
   16.620  9.9929E-01
   16.630  9.9930E-01
   16.640  9.9930E-01
   16.650  9.9931E-01
   16.660  9.9931E-01
   16.670  9.9931E-01
   16.680  9.9931E-01
   16.690  9.9931E-01
   16.700  9.9931E-01
   16.710  9.9932E-01
   16.720  9.9932E-01
   16.730  9.9932E-01
   16.740  9.9933E-01
   16.750  9.9936E-01
   16.760  9.9939E-01
   16.770  9.9941E-01
   16.780  9.9942E-01
   16.790  9.9943E-01
   16.800  9.9943E-01
   16.810  9.9943E-01
   16.820  9.9943E-01
   16.830  9.9945E-01
   16.840  9.9946E-01
   16.850  9.9947E-01
   16.860  9.9947E-01
   16.870  9.9949E-01
   16.880  9.9951E-01
   16.890  9.9953E-01
   16.900  9.9954E-01
   16.910  9.9954E-01
   16.920  9.9954E-01
   16.930  9.9954E-01
   16.940  9.9956E-01
   16.950  9.9958E-01
   16.960  9.9959E-01
   16.970  9.9960E-01
   16.980  9.9960E-01
   16.990  9.9960E-01
   17.000  9.9960E-01
   17.010  9.9960E-01
   17.020  9.9960E-01
   17.030  9.9960E-01
   17.040  9.9961E-01
   17.050  9.9961E-01
   17.060  9.9962E-01
   17.070  9.9962E-01
   17.080  9.9962E-01
   17.090  9.9962E-01
   17.100  9.9963E-01
   17.110  9.9964E-01
   17.120  9.9966E-01
   17.130  9.9968E-01
   17.140  9.9971E-01
   17.150  9.9971E-01
   17.160  9.9971E-01
   17.170  9.9972E-01
   17.180  9.9972E-01
   17.190  9.9972E-01
   17.200  9.9972E-01
   17.210  9.9972E-01
   17.220  9.9972E-01
   17.230  9.9973E-01
   17.240  9.9974E-01
   17.250  9.9975E-01
   17.260  9.9976E-01
   17.270  9.9977E-01
   17.280  9.9977E-01
   17.290  9.9977E-01
   17.300  9.9978E-01
   17.310  9.9979E-01
   17.320  9.9980E-01
   17.330  9.9980E-01
   17.340  9.9980E-01
   17.350  9.9980E-01
   17.360  9.9980E-01
   17.370  9.9980E-01
   17.380  9.9980E-01
   17.390  9.9980E-01
   17.400  9.9980E-01
   17.410  9.9981E-01
   17.420  9.9981E-01
   17.430  9.9981E-01
   17.440  9.9982E-01
   17.450  9.9982E-01
   17.460  9.9982E-01
   17.470  9.9982E-01
   17.480  9.9982E-01
   17.490  9.9982E-01
   17.500  9.9982E-01
   17.510  9.9982E-01
   17.520  9.9982E-01
   17.530  9.9982E-01
   17.540  9.9982E-01
   17.550  9.9983E-01
   17.560  9.9983E-01
   17.570  9.9983E-01
   17.580  9.9983E-01
   17.590  9.9984E-01
   17.600  9.9984E-01
   17.610  9.9984E-01
   17.620  9.9984E-01
   17.630  9.9985E-01
   17.640  9.9985E-01
   17.650  9.9985E-01
   17.660  9.9986E-01
   17.670  9.9987E-01
   17.680  9.9988E-01
   17.690  9.9989E-01
   17.700  9.9990E-01
   17.710  9.9990E-01
   17.720  9.9991E-01
   17.730  9.9991E-01
   17.740  9.9991E-01
   17.750  9.9991E-01
   17.760  9.9991E-01
   17.770  9.9991E-01
   17.780  9.9991E-01
   17.790  9.9991E-01
   17.800  9.9991E-01
   17.810  9.9992E-01
   17.820  9.9992E-01
   17.830  9.9992E-01
   17.840  9.9992E-01
   17.850  9.9992E-01
   17.860  9.9992E-01
   17.870  9.9992E-01
   17.880  9.9993E-01
   17.890  9.9993E-01
   17.900  9.9993E-01
   17.910  9.9993E-01
   17.920  9.9993E-01
   17.930  9.9993E-01
   17.940  9.9993E-01
   17.950  9.9993E-01
   17.960  9.9993E-01
   17.970  9.9993E-01
   17.980  9.9993E-01
   17.990  9.9993E-01
   18.000  9.9993E-01
   18.010  9.9993E-01
   18.020  9.9993E-01
   18.030  9.9993E-01
   18.040  9.9993E-01
   18.050  9.9993E-01
   18.060  9.9993E-01
   18.070  9.9993E-01
   18.080  9.9993E-01
   18.090  9.9993E-01
   18.100  9.9993E-01
   18.110  9.9993E-01
   18.120  9.9993E-01
   18.130  9.9993E-01
   18.140  9.9993E-01
   18.150  9.9994E-01
   18.160  9.9994E-01
   18.170  9.9994E-01
   18.180  9.9994E-01
   18.190  9.9994E-01
   18.200  9.9994E-01
   18.210  9.9994E-01
   18.220  9.9994E-01
   18.230  9.9994E-01
   18.240  9.9994E-01
   18.250  9.9994E-01
   18.260  9.9995E-01
   18.270  9.9995E-01
   18.280  9.9995E-01
   18.290  9.9995E-01
   18.300  9.9995E-01
   18.310  9.9995E-01
   18.320  9.9995E-01
   18.330  9.9995E-01
   18.340  9.9995E-01
   18.350  9.9996E-01
   18.360  9.9996E-01
   18.370  9.9996E-01
   18.380  9.9996E-01
   18.390  9.9997E-01
   18.400  9.9997E-01
   18.410  9.9997E-01
   18.420  9.9998E-01
   18.430  9.9998E-01
   18.440  9.9998E-01
   18.450  9.9999E-01
   18.460  9.9999E-01
   18.470  9.9999E-01
   18.480  9.9999E-01
   18.490  9.9999E-01
   18.500  9.9999E-01
   18.510  9.9999E-01
   18.520  9.9999E-01
   18.530  9.9999E-01
   18.540  9.9999E-01
   18.550  9.9999E-01
   18.560  9.9999E-01
   18.570  9.9999E-01
   18.580  9.9999E-01
   18.590  9.9999E-01
   18.600  1.0000E+00
   18.610  1.0000E+00
   18.620  1.0000E+00
   18.630  1.0000E+00
   18.640  1.0000E+00
   18.650  1.0000E+00
   18.660  1.0000E+00
   18.670  1.0000E+00
   18.680  1.0000E+00
   18.690  1.0000E+00
   18.700  1.0000E+00
   18.710  1.0000E+00
   18.720  1.0000E+00
   18.730  1.0000E+00
   18.740  1.0000E+00
   18.750  1.0000E+00
   18.760  1.0000E+00
   18.770  1.0000E+00
   18.780  1.0000E+00
   18.790  1.0000E+00
   18.800  1.0000E+00
   18.810  1.0000E+00
   18.820  1.0000E+00
   18.830  1.0000E+00
   18.840  1.0000E+00
   18.850  1.0000E+00
   18.860  1.0000E+00
   18.870  1.0000E+00
   18.880  1.0000E+00
   18.890  1.0000E+00
   18.900  1.0000E+00
   18.910  1.0000E+00
   18.920  1.0000E+00
   18.930  1.0000E+00
   18.940  1.0000E+00
   18.950  1.0000E+00
   18.960  1.0000E+00
   18.970  1.0000E+00
   18.980  1.0000E+00
   18.990  1.0000E+00
   19.000  1.0000E+00
   19.010  1.0000E+00
   19.020  1.0000E+00
   19.030  1.0000E+00
   19.040  1.0000E+00
   19.050  1.0000E+00
   19.060  1.0000E+00
   19.070  1.0000E+00
   19.080  1.0000E+00
   19.090  1.0000E+00
   19.100  1.0000E+00
   19.110  1.0000E+00
   19.120  1.0000E+00
   19.130  1.0000E+00
   19.140  1.0000E+00
   19.150  1.0000E+00
   19.160  1.0000E+00
   19.170  1.0000E+00
   19.180  1.0000E+00
   19.190  1.0000E+00
   19.200  1.0000E+00
   19.210  1.0000E+00
   19.220  1.0000E+00
   19.230  1.0000E+00
   19.240  1.0000E+00
   19.250  1.0000E+00
   19.260  1.0000E+00
   19.270  1.0000E+00
   19.280  1.0000E+00
   19.290  1.0000E+00
   19.300  1.0000E+00
   19.310  1.0000E+00
   19.320  1.0000E+00
   19.330  1.0000E+00
   19.340  1.0000E+00
   19.350  1.0000E+00
   19.360  1.0000E+00
   19.370  1.0000E+00
   19.380  1.0000E+00
   19.390  1.0000E+00
   19.400  1.0000E+00
   19.410  1.0000E+00
   19.420  1.0000E+00
   19.430  1.0000E+00
   19.440  1.0000E+00
   19.450  1.0000E+00
   19.460  1.0000E+00
   19.470  1.0000E+00
   19.480  1.0000E+00
   19.490  1.0000E+00
   19.500  1.0000E+00
   19.510  1.0000E+00
   19.520  1.0000E+00
   19.530  1.0000E+00
   19.540  1.0000E+00
   19.550  1.0000E+00
   19.560  1.0000E+00
   19.570  1.0000E+00
   19.580  1.0000E+00
   19.590  1.0000E+00
   19.600  1.0000E+00
   19.610  1.0000E+00
   19.620  1.0000E+00
   19.630  1.0000E+00
   19.640  1.0000E+00
   19.650  1.0000E+00
   19.660  1.0000E+00
   19.670  1.0000E+00
   19.680  1.0000E+00
   19.690  1.0000E+00
   19.700  1.0000E+00
   19.710  1.0000E+00
   19.720  1.0000E+00
   19.730  1.0000E+00
   19.740  1.0000E+00
   19.750  1.0000E+00
   19.760  1.0000E+00
   19.770  1.0000E+00
   19.780  1.0000E+00
   19.790  1.0000E+00
   19.800  1.0000E+00
   19.810  1.0000E+00
   19.820  1.0000E+00
   19.830  1.0000E+00
   19.840  1.0000E+00
   19.850  1.0000E+00
   19.860  1.0000E+00
   19.870  1.0000E+00
   19.880  1.0000E+00
   19.890  1.0000E+00
   19.900  1.0000E+00
   19.910  1.0000E+00
   19.920  1.0000E+00
   19.930  1.0000E+00
   19.940  1.0000E+00
   19.950  1.0000E+00
   19.960  1.0000E+00
   19.970  1.0000E+00
   19.980  1.0000E+00
   19.990  1.0000E+00
   20.000  1.0000E+00
   20.010  1.0000E+00
   20.020  1.0000E+00
   20.030  1.0000E+00
   20.040  1.0000E+00
   20.050  1.0000E+00
   20.060  1.0000E+00
   20.070  1.0000E+00
   20.080  1.0000E+00
   20.090  1.0000E+00
   20.100  1.0000E+00
   20.110  1.0000E+00
   20.120  1.0000E+00
   20.130  1.0000E+00
   20.140  1.0000E+00
   20.150  1.0000E+00
   20.160  1.0000E+00
   20.170  1.0000E+00
   20.180  1.0000E+00
   20.190  1.0000E+00
   20.200  1.0000E+00
   20.210  1.0000E+00
   20.220  1.0000E+00
   20.230  1.0000E+00
   20.240  1.0000E+00
   20.250  1.0000E+00
   20.260  1.0000E+00
   20.270  1.0000E+00
   20.280  1.0000E+00
   20.290  1.0000E+00
   20.300  1.0000E+00
   20.310  1.0000E+00
   20.320  1.0000E+00
   20.330  1.0000E+00
   20.340  1.0000E+00
   20.350  1.0000E+00
   20.360  1.0000E+00
   20.370  1.0000E+00
   20.380  1.0000E+00
   20.390  1.0000E+00
   20.400  1.0000E+00
   20.410  1.0000E+00
   20.420  1.0000E+00
   20.430  1.0000E+00
   20.440  1.0000E+00
   20.450  1.0000E+00
   20.460  1.0000E+00
   20.470  1.0000E+00
   20.480  1.0000E+00
   20.490  1.0000E+00
   20.500  1.0000E+00
   20.510  1.0000E+00
   20.520  1.0000E+00
   20.530  1.0000E+00
   20.540  1.0000E+00
   20.550  1.0000E+00
   20.560  1.0000E+00
   20.570  1.0000E+00
   20.580  1.0000E+00
   20.590  1.0000E+00
   20.600  1.0000E+00
   20.610  1.0000E+00
   20.620  1.0000E+00
   20.630  1.0000E+00
   20.640  1.0000E+00
   20.650  1.0000E+00
   20.660  1.0000E+00
   20.670  1.0000E+00
   20.680  1.0000E+00
   20.690  1.0000E+00
   20.700  1.0000E+00
   20.710  1.0000E+00
   20.720  1.0000E+00
   20.730  1.0000E+00
   20.740  1.0000E+00
   20.750  1.0000E+00
   20.760  1.0000E+00
   20.770  1.0000E+00
   20.780  1.0000E+00
   20.790  1.0000E+00
   20.800  1.0000E+00
   20.810  1.0000E+00
   20.820  1.0000E+00
   20.830  1.0000E+00
   20.840  1.0000E+00
   20.850  1.0000E+00
   20.860  1.0000E+00
   20.870  1.0000E+00
   20.880  1.0000E+00
   20.890  1.0000E+00
   20.900  1.0000E+00
   20.910  1.0000E+00
   20.920  1.0000E+00
   20.930  1.0000E+00
   20.940  1.0000E+00
   20.950  1.0000E+00
   20.960  1.0000E+00
   20.970  1.0000E+00
   20.980  1.0000E+00
   20.990  1.0000E+00
   21.000  1.0000E+00
   21.010  1.0000E+00
   21.020  1.0000E+00
   21.030  1.0000E+00
   21.040  1.0000E+00
   21.050  1.0000E+00
   21.060  1.0000E+00
   21.070  1.0000E+00
   21.080  1.0000E+00
   21.090  1.0000E+00
   21.100  1.0000E+00
   21.110  1.0000E+00
   21.120  1.0000E+00
   21.130  1.0000E+00
   21.140  1.0000E+00
   21.150  1.0000E+00
   21.160  1.0000E+00
   21.170  1.0000E+00
   21.180  1.0000E+00
   21.190  1.0000E+00
   21.200  1.0000E+00
   21.210  1.0000E+00
   21.220  1.0000E+00
   21.230  1.0000E+00
   21.240  1.0000E+00
   21.250  1.0000E+00
   21.260  1.0000E+00
   21.270  1.0000E+00
   21.280  1.0000E+00
   21.290  1.0000E+00
   21.300  1.0000E+00
   21.310  1.0000E+00
   21.320  1.0000E+00
   21.330  1.0000E+00
   21.340  1.0000E+00
   21.350  1.0000E+00
   21.360  1.0000E+00
   21.370  1.0000E+00
   21.380  1.0000E+00
   21.390  1.0000E+00
   21.400  1.0000E+00
   21.410  1.0000E+00
   21.420  1.0000E+00
   21.430  1.0000E+00
   21.440  1.0000E+00
   21.450  1.0000E+00
   21.460  1.0000E+00
   21.470  1.0000E+00
   21.480  1.0000E+00
   21.490  1.0000E+00
   21.500  1.0000E+00
   21.510  1.0000E+00
   21.520  1.0000E+00
   21.530  1.0000E+00
   21.540  1.0000E+00
   21.550  1.0000E+00
   21.560  1.0000E+00
   21.570  1.0000E+00
   21.580  1.0000E+00
   21.590  1.0000E+00
   21.600  1.0000E+00
   21.610  1.0000E+00
   21.620  1.0000E+00
   21.630  1.0000E+00
   21.640  1.0000E+00
   21.650  1.0000E+00
   21.660  1.0000E+00
   21.670  1.0000E+00
   21.680  1.0000E+00
   21.690  1.0000E+00
   21.700  1.0000E+00
   21.710  1.0000E+00
   21.720  1.0000E+00
   21.730  1.0000E+00
   21.740  1.0000E+00
   21.750  1.0000E+00
   21.760  1.0000E+00
   21.770  1.0000E+00
   21.780  1.0000E+00
   21.790  1.0000E+00
   21.800  1.0000E+00
   21.810  1.0000E+00
   21.820  1.0000E+00
   21.830  1.0000E+00
   21.840  1.0000E+00
   21.850  1.0000E+00
   21.860  1.0000E+00
   21.870  1.0000E+00
   21.880  1.0000E+00
   21.890  1.0000E+00
   21.900  1.0000E+00
   21.910  1.0000E+00
   21.920  1.0000E+00
   21.930  1.0000E+00
   21.940  1.0000E+00
   21.950  1.0000E+00
   21.960  1.0000E+00
   21.970  1.0000E+00
   21.980  1.0000E+00
   21.990  1.0000E+00
   22.000  1.0000E+00
   22.010  1.0000E+00
   22.020  1.0000E+00
   22.030  1.0000E+00
   22.040  1.0000E+00
   22.050  1.0000E+00
   22.060  1.0000E+00
   22.070  1.0000E+00
   22.080  1.0000E+00
   22.090  1.0000E+00
   22.100  1.0000E+00
   22.110  1.0000E+00
   22.120  1.0000E+00
   22.130  1.0000E+00
   22.140  1.0000E+00
   22.150  1.0000E+00
   22.160  1.0000E+00
   22.170  1.0000E+00
   22.180  1.0000E+00
   22.190  1.0000E+00
   22.200  1.0000E+00
   22.210  1.0000E+00
   22.220  1.0000E+00
   22.230  1.0000E+00
   22.240  1.0000E+00
   22.250  1.0000E+00
   22.260  1.0000E+00
   22.270  1.0000E+00
   22.280  1.0000E+00
   22.290  1.0000E+00
   22.300  1.0000E+00
   22.310  1.0000E+00
   22.320  1.0000E+00
   22.330  1.0000E+00
   22.340  1.0000E+00
   22.350  1.0000E+00
   22.360  1.0000E+00
   22.370  1.0000E+00
   22.380  1.0000E+00
   22.390  1.0000E+00
   22.400  1.0000E+00
   22.410  1.0000E+00
   22.420  1.0000E+00
   22.430  1.0000E+00
   22.440  1.0000E+00
   22.450  1.0000E+00
   22.460  1.0000E+00
   22.470  1.0000E+00
   22.480  1.0000E+00
   22.490  1.0000E+00
   22.500  1.0000E+00
   22.510  1.0000E+00
   22.520  1.0000E+00
   22.530  1.0000E+00
   22.540  1.0000E+00
   22.550  1.0000E+00
   22.560  1.0000E+00
   22.570  1.0000E+00
   22.580  1.0000E+00
   22.590  1.0000E+00
   22.600  1.0000E+00
   22.610  1.0000E+00
   22.620  1.0000E+00
   22.630  1.0000E+00
   22.640  1.0000E+00
   22.650  1.0000E+00
   22.660  1.0000E+00
   22.670  1.0000E+00
   22.680  1.0000E+00
   22.690  1.0000E+00
   22.700  1.0000E+00
   22.710  1.0000E+00
   22.720  1.0000E+00
   22.730  1.0000E+00
   22.740  1.0000E+00
   22.750  1.0000E+00
   22.760  1.0000E+00
   22.770  1.0000E+00
   22.780  1.0000E+00
   22.790  1.0000E+00
   22.800  1.0000E+00
   22.810  1.0000E+00
   22.820  1.0000E+00
   22.830  1.0000E+00
   22.840  1.0000E+00
   22.850  1.0000E+00
   22.860  1.0000E+00
   22.870  1.0000E+00
   22.880  1.0000E+00
   22.890  1.0000E+00
   22.900  1.0000E+00
   22.910  1.0000E+00
   22.920  1.0000E+00
   22.930  1.0000E+00
   22.940  1.0000E+00
   22.950  1.0000E+00
   22.960  1.0000E+00
   22.970  1.0000E+00
   22.980  1.0000E+00
   22.990  1.0000E+00
   23.000  1.0000E+00
   23.010  1.0000E+00
   23.020  1.0000E+00
   23.030  1.0000E+00
   23.040  1.0000E+00
   23.050  1.0000E+00
   23.060  1.0000E+00
   23.070  1.0000E+00
   23.080  1.0000E+00
   23.090  1.0000E+00
   23.100  1.0000E+00
   23.110  1.0000E+00
   23.120  1.0000E+00
   23.130  1.0000E+00
   23.140  1.0000E+00
   23.150  1.0000E+00
   23.160  1.0000E+00
   23.170  1.0000E+00
   23.180  1.0000E+00
   23.190  1.0000E+00
   23.200  1.0000E+00
   23.210  1.0000E+00
   23.220  1.0000E+00
   23.230  1.0000E+00
   23.240  1.0000E+00
   23.250  1.0000E+00
   23.260  1.0000E+00
   23.270  1.0000E+00
   23.280  1.0000E+00
   23.290  1.0000E+00
   23.300  1.0000E+00
   23.310  1.0000E+00
   23.320  1.0000E+00
   23.330  1.0000E+00
   23.340  1.0000E+00
   23.350  1.0000E+00
   23.360  1.0000E+00
   23.370  1.0000E+00
   23.380  1.0000E+00
   23.390  1.0000E+00
   23.400  1.0000E+00
   23.410  1.0000E+00
   23.420  1.0000E+00
   23.430  1.0000E+00
   23.440  1.0000E+00
   23.450  1.0000E+00
   23.460  1.0000E+00
   23.470  1.0000E+00
   23.480  1.0000E+00
   23.490  1.0000E+00
   23.500  1.0000E+00
   23.510  1.0000E+00
   23.520  1.0000E+00
   23.530  1.0000E+00
   23.540  1.0000E+00
   23.550  1.0000E+00
   23.560  1.0000E+00
   23.570  1.0000E+00
   23.580  1.0000E+00
   23.590  1.0000E+00
   23.600  1.0000E+00
   23.610  1.0000E+00
   23.620  1.0000E+00
   23.630  1.0000E+00
   23.640  1.0000E+00
   23.650  1.0000E+00
   23.660  1.0000E+00
   23.670  1.0000E+00
   23.680  1.0000E+00
   23.690  1.0000E+00
   23.700  1.0000E+00
   23.710  1.0000E+00
   23.720  1.0000E+00
   23.730  1.0000E+00
   23.740  1.0000E+00
   23.750  1.0000E+00
   23.760  1.0000E+00
   23.770  1.0000E+00
   23.780  1.0000E+00
   23.790  1.0000E+00
   23.800  1.0000E+00
   23.810  1.0000E+00
   23.820  1.0000E+00
   23.830  1.0000E+00
   23.840  1.0000E+00
   23.850  1.0000E+00
   23.860  1.0000E+00
   23.870  1.0000E+00
   23.880  1.0000E+00
   23.890  1.0000E+00
   23.900  1.0000E+00
   23.910  1.0000E+00
   23.920  1.0000E+00
   23.930  1.0000E+00
   23.940  1.0000E+00
   23.950  1.0000E+00
   23.960  1.0000E+00
   23.970  1.0000E+00
   23.980  1.0000E+00
   23.990  1.0000E+00
   24.000  1.0000E+00
   24.010  1.0000E+00
   24.020  1.0000E+00
   24.030  1.0000E+00
   24.040  1.0000E+00
   24.050  1.0000E+00
   24.060  1.0000E+00
   24.070  1.0000E+00
   24.080  1.0000E+00
   24.090  1.0000E+00
   24.100  1.0000E+00
   24.110  1.0000E+00
   24.120  1.0000E+00
   24.130  1.0000E+00
   24.140  1.0000E+00
   24.150  1.0000E+00
   24.160  1.0000E+00
   24.170  1.0000E+00
   24.180  1.0000E+00
   24.190  1.0000E+00
   24.200  1.0000E+00
   24.210  1.0000E+00
   24.220  1.0000E+00
   24.230  1.0000E+00
   24.240  1.0000E+00
   24.250  1.0000E+00
   24.260  1.0000E+00
   24.270  1.0000E+00
   24.280  1.0000E+00
   24.290  1.0000E+00
   24.300  1.0000E+00
   24.310  1.0000E+00
   24.320  1.0000E+00
   24.330  1.0000E+00
   24.340  1.0000E+00
   24.350  1.0000E+00
   24.360  1.0000E+00
   24.370  1.0000E+00
   24.380  1.0000E+00
   24.390  1.0000E+00
   24.400  1.0000E+00
   24.410  1.0000E+00
   24.420  1.0000E+00
   24.430  1.0000E+00
   24.440  1.0000E+00
   24.450  1.0000E+00
   24.460  1.0000E+00
   24.470  1.0000E+00
   24.480  1.0000E+00
   24.490  1.0000E+00
   24.500  1.0000E+00
   24.510  1.0000E+00
   24.520  1.0000E+00
   24.530  1.0000E+00
   24.540  1.0000E+00
   24.550  1.0000E+00
   24.560  1.0000E+00
   24.570  1.0000E+00
   24.580  1.0000E+00
   24.590  1.0000E+00
   24.600  1.0000E+00
   24.610  1.0000E+00
   24.620  1.0000E+00
   24.630  1.0000E+00
   24.640  1.0000E+00
   24.650  1.0000E+00
   24.660  1.0000E+00
   24.670  1.0000E+00
   24.680  1.0000E+00
   24.690  1.0000E+00
   24.700  1.0000E+00
   24.710  1.0000E+00
   24.720  1.0000E+00
   24.730  1.0000E+00
   24.740  1.0000E+00
   24.750  1.0000E+00
   24.760  1.0000E+00
   24.770  1.0000E+00
   24.780  1.0000E+00
   24.790  1.0000E+00
   24.800  1.0000E+00
   24.810  1.0000E+00
   24.820  1.0000E+00
   24.830  1.0000E+00
   24.840  1.0000E+00
   24.850  1.0000E+00
   24.860  1.0000E+00
   24.870  1.0000E+00
   24.880  1.0000E+00
   24.890  1.0000E+00
   24.900  1.0000E+00
   24.910  1.0000E+00
   24.920  1.0000E+00
   24.930  1.0000E+00
   24.940  1.0000E+00
   24.950  1.0000E+00
   24.960  1.0000E+00
   24.970  1.0000E+00
   24.980  1.0000E+00
   24.990  1.0000E+00
   25.000  1.0000E+00
   25.010  1.0000E+00
   25.020  1.0000E+00
   25.030  1.0000E+00
   25.040  1.0000E+00
   25.050  1.0000E+00
   25.060  1.0000E+00
   25.070  1.0000E+00
   25.080  1.0000E+00
   25.090  1.0000E+00
   25.100  1.0000E+00
   25.110  1.0000E+00
   25.120  1.0000E+00
   25.130  1.0000E+00
   25.140  1.0000E+00
   25.150  1.0000E+00
   25.160  1.0000E+00
   25.170  1.0000E+00
   25.180  1.0000E+00
   25.190  1.0000E+00
   25.200  1.0000E+00
   25.210  1.0000E+00
   25.220  1.0000E+00
   25.230  1.0000E+00
   25.240  1.0000E+00
   25.250  1.0000E+00
   25.260  1.0000E+00
   25.270  1.0000E+00
   25.280  1.0000E+00
   25.290  1.0000E+00
   25.300  1.0000E+00
   25.310  1.0000E+00
   25.320  1.0000E+00
   25.330  1.0000E+00
   25.340  1.0000E+00
   25.350  1.0000E+00
   25.360  1.0000E+00
   25.370  1.0000E+00
   25.380  1.0000E+00
   25.390  1.0000E+00
   25.400  1.0000E+00
   25.410  1.0000E+00
   25.420  1.0000E+00
   25.430  1.0000E+00
   25.440  1.0000E+00
   25.450  1.0000E+00
   25.460  1.0000E+00
   25.470  1.0000E+00
   25.480  1.0000E+00
   25.490  1.0000E+00
   25.500  1.0000E+00
   25.510  1.0000E+00
   25.520  1.0000E+00
   25.530  1.0000E+00
   25.540  1.0000E+00
   25.550  1.0000E+00
   25.560  1.0000E+00
   25.570  1.0000E+00
   25.580  1.0000E+00
   25.590  1.0000E+00
   25.600  1.0000E+00
   25.610  1.0000E+00
   25.620  1.0000E+00
   25.630  1.0000E+00
   25.640  1.0000E+00
   25.650  1.0000E+00
   25.660  1.0000E+00
   25.670  1.0000E+00
   25.680  1.0000E+00
   25.690  1.0000E+00
   25.700  1.0000E+00
   25.710  1.0000E+00
   25.720  1.0000E+00
   25.730  1.0000E+00
   25.740  1.0000E+00
   25.750  1.0000E+00
   25.760  1.0000E+00
   25.770  1.0000E+00
   25.780  1.0000E+00
   25.790  1.0000E+00
   25.800  1.0000E+00
   25.810  1.0000E+00
   25.820  1.0000E+00
   25.830  1.0000E+00
   25.840  1.0000E+00
   25.850  1.0000E+00
   25.860  1.0000E+00
   25.870  1.0000E+00
   25.880  1.0000E+00
   25.890  1.0000E+00
   25.900  1.0000E+00
   25.910  1.0000E+00
   25.920  1.0000E+00
   25.930  1.0000E+00
   25.940  1.0000E+00
   25.950  1.0000E+00
   25.960  1.0000E+00
   25.970  1.0000E+00
   25.980  1.0000E+00
   25.990  1.0000E+00
   26.000  1.0000E+00
   26.010  1.0000E+00
   26.020  1.0000E+00
   26.030  1.0000E+00
   26.040  1.0000E+00
   26.050  1.0000E+00
   26.060  1.0000E+00
   26.070  1.0000E+00
   26.080  1.0000E+00
   26.090  1.0000E+00
   26.100  1.0000E+00
   26.110  1.0000E+00
   26.120  1.0000E+00
   26.130  1.0000E+00
   26.140  1.0000E+00
   26.150  1.0000E+00
   26.160  1.0000E+00
   26.170  1.0000E+00
   26.180  1.0000E+00
   26.190  1.0000E+00
   26.200  1.0000E+00
   26.210  1.0000E+00
   26.220  1.0000E+00
   26.230  1.0000E+00
   26.240  1.0000E+00
   26.250  1.0000E+00
   26.260  1.0000E+00
   26.270  1.0000E+00
   26.280  1.0000E+00
   26.290  1.0000E+00
   26.300  1.0000E+00
   26.310  1.0000E+00
   26.320  1.0000E+00
   26.330  1.0000E+00
   26.340  1.0000E+00
   26.350  1.0000E+00
   26.360  1.0000E+00
   26.370  1.0000E+00
   26.380  1.0000E+00
   26.390  1.0000E+00
   26.400  1.0000E+00
   26.410  1.0000E+00
   26.420  1.0000E+00
   26.430  1.0000E+00
   26.440  1.0000E+00
   26.450  1.0000E+00
   26.460  1.0000E+00
   26.470  1.0000E+00
   26.480  1.0000E+00
   26.490  1.0000E+00
   26.500  1.0000E+00
   26.510  1.0000E+00
   26.520  1.0000E+00
   26.530  1.0000E+00
   26.540  1.0000E+00
   26.550  1.0000E+00
   26.560  1.0000E+00
   26.570  1.0000E+00
   26.580  1.0000E+00
   26.590  1.0000E+00
   26.600  1.0000E+00
   26.610  1.0000E+00
   26.620  1.0000E+00
   26.630  1.0000E+00
   26.640  1.0000E+00
   26.650  1.0000E+00
   26.660  1.0000E+00
   26.670  1.0000E+00
   26.680  1.0000E+00
   26.690  1.0000E+00
   26.700  1.0000E+00
   26.710  1.0000E+00
   26.720  1.0000E+00
   26.730  1.0000E+00
   26.740  1.0000E+00
   26.750  1.0000E+00
   26.760  1.0000E+00
   26.770  1.0000E+00
   26.780  1.0000E+00
   26.790  1.0000E+00
   26.800  1.0000E+00
   26.810  1.0000E+00
   26.820  1.0000E+00
   26.830  1.0000E+00
   26.840  1.0000E+00
   26.850  1.0000E+00
   26.860  1.0000E+00
   26.870  1.0000E+00
   26.880  1.0000E+00
   26.890  1.0000E+00
   26.900  1.0000E+00
   26.910  1.0000E+00
   26.920  1.0000E+00
   26.930  1.0000E+00
   26.940  1.0000E+00
   26.950  1.0000E+00
   26.960  1.0000E+00
   26.970  1.0000E+00
   26.980  1.0000E+00
   26.990  1.0000E+00
   27.000  1.0000E+00
   27.010  1.0000E+00
   27.020  1.0000E+00
   27.030  1.0000E+00
   27.040  1.0000E+00
   27.050  1.0000E+00
   27.060  1.0000E+00
   27.070  1.0000E+00
   27.080  1.0000E+00
   27.090  1.0000E+00
   27.100  1.0000E+00
   27.110  1.0000E+00
   27.120  1.0000E+00
   27.130  1.0000E+00
   27.140  1.0000E+00
   27.150  1.0000E+00
   27.160  1.0000E+00
   27.170  1.0000E+00
   27.180  1.0000E+00
   27.190  1.0000E+00
   27.200  1.0000E+00
   27.210  1.0000E+00
   27.220  1.0000E+00
   27.230  1.0000E+00
   27.240  1.0000E+00
   27.250  1.0000E+00
   27.260  1.0000E+00
   27.270  1.0000E+00
   27.280  1.0000E+00
   27.290  1.0000E+00
   27.300  1.0000E+00
   27.310  1.0000E+00
   27.320  1.0000E+00
   27.330  1.0000E+00
   27.340  1.0000E+00
   27.350  1.0000E+00
   27.360  1.0000E+00
   27.370  1.0000E+00
   27.380  1.0000E+00
   27.390  1.0000E+00
   27.400  1.0000E+00
   27.410  1.0000E+00
   27.420  1.0000E+00
   27.430  1.0000E+00
   27.440  1.0000E+00
   27.450  1.0000E+00
   27.460  1.0000E+00
   27.470  1.0000E+00
   27.480  1.0000E+00
   27.490  1.0000E+00
   27.500  1.0000E+00
   27.510  1.0000E+00
   27.520  1.0000E+00
   27.530  1.0000E+00
   27.540  1.0000E+00
   27.550  1.0000E+00
   27.560  1.0000E+00
   27.570  1.0000E+00
   27.580  1.0000E+00
   27.590  1.0000E+00
   27.600  1.0000E+00
   27.610  1.0000E+00
   27.620  1.0000E+00
   27.630  1.0000E+00
   27.640  1.0000E+00
   27.650  1.0000E+00
   27.660  1.0000E+00
   27.670  1.0000E+00
   27.680  1.0000E+00
   27.690  1.0000E+00
   27.700  1.0000E+00
   27.710  1.0000E+00
   27.720  1.0000E+00
   27.730  1.0000E+00
   27.740  1.0000E+00
   27.750  1.0000E+00
   27.760  1.0000E+00
   27.770  1.0000E+00
   27.780  1.0000E+00
   27.790  1.0000E+00
   27.800  1.0000E+00
   27.810  1.0000E+00
   27.820  1.0000E+00
   27.830  1.0000E+00
   27.840  1.0000E+00
   27.850  1.0000E+00
   27.860  1.0000E+00
   27.870  1.0000E+00
   27.880  1.0000E+00
   27.890  1.0000E+00
   27.900  1.0000E+00
   27.910  1.0000E+00
   27.920  1.0000E+00
   27.930  1.0000E+00
   27.940  1.0000E+00
   27.950  1.0000E+00
   27.960  1.0000E+00
   27.970  1.0000E+00
   27.980  1.0000E+00
   27.990  1.0000E+00
   28.000  1.0000E+00
   28.010  1.0000E+00
   28.020  1.0000E+00
   28.030  1.0000E+00
   28.040  1.0000E+00
   28.050  1.0000E+00
   28.060  1.0000E+00
   28.070  1.0000E+00
   28.080  1.0000E+00
   28.090  1.0000E+00
   28.100  1.0000E+00
   28.110  1.0000E+00
   28.120  1.0000E+00
   28.130  1.0000E+00
   28.140  1.0000E+00
   28.150  1.0000E+00
   28.160  1.0000E+00
   28.170  1.0000E+00
   28.180  1.0000E+00
   28.190  1.0000E+00
   28.200  1.0000E+00
   28.210  1.0000E+00
   28.220  1.0000E+00
   28.230  1.0000E+00
   28.240  1.0000E+00
   28.250  1.0000E+00
   28.260  1.0000E+00
   28.270  1.0000E+00
   28.280  1.0000E+00
   28.290  1.0000E+00
   28.300  1.0000E+00
   28.310  1.0000E+00
   28.320  1.0000E+00
   28.330  1.0000E+00
   28.340  1.0000E+00
   28.350  1.0000E+00
   28.360  1.0000E+00
   28.370  1.0000E+00
   28.380  1.0000E+00
   28.390  1.0000E+00
   28.400  1.0000E+00
   28.410  1.0000E+00
   28.420  1.0000E+00
   28.430  1.0000E+00
   28.440  1.0000E+00
   28.450  1.0000E+00
   28.460  1.0000E+00
   28.470  1.0000E+00
   28.480  1.0000E+00
   28.490  1.0000E+00
   28.500  1.0000E+00
   28.510  1.0000E+00
   28.520  1.0000E+00
   28.530  1.0000E+00
   28.540  1.0000E+00
   28.550  1.0000E+00
   28.560  1.0000E+00
   28.570  1.0000E+00
   28.580  1.0000E+00
   28.590  1.0000E+00
   28.600  1.0000E+00
   28.610  1.0000E+00
   28.620  1.0000E+00
   28.630  1.0000E+00
   28.640  1.0000E+00
   28.650  1.0000E+00
   28.660  1.0000E+00
   28.670  1.0000E+00
   28.680  1.0000E+00
   28.690  1.0000E+00
   28.700  1.0000E+00
   28.710  1.0000E+00
   28.720  1.0000E+00
   28.730  1.0000E+00
   28.740  1.0000E+00
   28.750  1.0000E+00
   28.760  1.0000E+00
   28.770  1.0000E+00
   28.780  1.0000E+00
   28.790  1.0000E+00
   28.800  1.0000E+00
   28.810  1.0000E+00
   28.820  1.0000E+00
   28.830  1.0000E+00
   28.840  1.0000E+00
   28.850  1.0000E+00
   28.860  1.0000E+00
   28.870  1.0000E+00
   28.880  1.0000E+00
   28.890  1.0000E+00
   28.900  1.0000E+00
   28.910  1.0000E+00
   28.920  1.0000E+00
   28.930  1.0000E+00
   28.940  1.0000E+00
   28.950  1.0000E+00
   28.960  1.0000E+00
   28.970  1.0000E+00
   28.980  1.0000E+00
   28.990  1.0000E+00
   29.000  1.0000E+00
   29.010  1.0000E+00
   29.020  1.0000E+00
   29.030  1.0000E+00
   29.040  1.0000E+00
   29.050  1.0000E+00
   29.060  1.0000E+00
   29.070  1.0000E+00
   29.080  1.0000E+00
   29.090  1.0000E+00
   29.100  1.0000E+00
   29.110  1.0000E+00
   29.120  1.0000E+00
   29.130  1.0000E+00
   29.140  1.0000E+00
   29.150  1.0000E+00
   29.160  1.0000E+00
   29.170  1.0000E+00
   29.180  1.0000E+00
   29.190  1.0000E+00
   29.200  1.0000E+00
   29.210  1.0000E+00
   29.220  1.0000E+00
   29.230  1.0000E+00
   29.240  1.0000E+00
   29.250  1.0000E+00
   29.260  1.0000E+00
   29.270  1.0000E+00
   29.280  1.0000E+00
   29.290  1.0000E+00
   29.300  1.0000E+00
   29.310  1.0000E+00
   29.320  1.0000E+00
   29.330  1.0000E+00
   29.340  1.0000E+00
   29.350  1.0000E+00
   29.360  1.0000E+00
   29.370  1.0000E+00
   29.380  1.0000E+00
   29.390  1.0000E+00
   29.400  1.0000E+00
   29.410  1.0000E+00
   29.420  1.0000E+00
   29.430  1.0000E+00
   29.440  1.0000E+00
   29.450  1.0000E+00
   29.460  1.0000E+00
   29.470  1.0000E+00
   29.480  1.0000E+00
   29.490  1.0000E+00
   29.500  1.0000E+00
   29.510  1.0000E+00
   29.520  1.0000E+00
   29.530  1.0000E+00
   29.540  1.0000E+00
   29.550  1.0000E+00
   29.560  1.0000E+00
   29.570  1.0000E+00
   29.580  1.0000E+00
   29.590  1.0000E+00
   29.600  1.0000E+00
   29.610  1.0000E+00
   29.620  1.0000E+00
   29.630  1.0000E+00
   29.640  1.0000E+00
   29.650  1.0000E+00
   29.660  1.0000E+00
   29.670  1.0000E+00
   29.680  1.0000E+00
   29.690  1.0000E+00
   29.700  1.0000E+00
   29.710  1.0000E+00
   29.720  1.0000E+00
   29.730  1.0000E+00
   29.740  1.0000E+00
   29.750  1.0000E+00
   29.760  1.0000E+00
   29.770  1.0000E+00
   29.780  1.0000E+00
   29.790  1.0000E+00
   29.800  1.0000E+00
   29.810  1.0000E+00
   29.820  1.0000E+00
   29.830  1.0000E+00
   29.840  1.0000E+00
   29.850  1.0000E+00
   29.860  1.0000E+00
   29.870  1.0000E+00
   29.880  1.0000E+00
   29.890  1.0000E+00
   29.900  1.0000E+00
   29.910  1.0000E+00
   29.920  1.0000E+00
   29.930  1.0000E+00
   29.940  1.0000E+00
   29.950  1.0000E+00
   29.960  1.0000E+00
   29.970  1.0000E+00
   29.980  1.0000E+00
   29.990  1.0000E+00
   30.000  1.0000E+00
   30.010  1.0000E+00
   30.020  1.0000E+00
   30.030  1.0000E+00
   30.040  1.0000E+00
   30.050  1.0000E+00
   30.060  1.0000E+00
   30.070  1.0000E+00
   30.080  1.0000E+00
   30.090  1.0000E+00
   30.100  1.0000E+00
   30.110  1.0000E+00
   30.120  1.0000E+00
   30.130  1.0000E+00
   30.140  1.0000E+00
   30.150  1.0000E+00
   30.160  1.0000E+00
   30.170  1.0000E+00
   30.180  1.0000E+00
   30.190  1.0000E+00
   30.200  1.0000E+00
   30.210  1.0000E+00
   30.220  1.0000E+00
   30.230  1.0000E+00
   30.240  1.0000E+00
   30.250  1.0000E+00
   30.260  1.0000E+00
   30.270  1.0000E+00
   30.280  1.0000E+00
   30.290  1.0000E+00
   30.300  1.0000E+00
   30.310  1.0000E+00
   30.320  1.0000E+00
   30.330  1.0000E+00
   30.340  1.0000E+00
   30.350  1.0000E+00
   30.360  1.0000E+00
   30.370  1.0000E+00
   30.380  1.0000E+00
   30.390  1.0000E+00
   30.400  1.0000E+00
   30.410  1.0000E+00
   30.420  1.0000E+00
   30.430  1.0000E+00
   30.440  1.0000E+00
   30.450  1.0000E+00
   30.460  1.0000E+00
   30.470  1.0000E+00
   30.480  1.0000E+00
   30.490  1.0000E+00
   30.500  1.0000E+00
   30.510  1.0000E+00
   30.520  1.0000E+00
   30.530  1.0000E+00
   30.540  1.0000E+00
   30.550  1.0000E+00
   30.560  1.0000E+00
   30.570  1.0000E+00
   30.580  1.0000E+00
   30.590  1.0000E+00
   30.600  1.0000E+00
   30.610  1.0000E+00
   30.620  1.0000E+00
   30.630  1.0000E+00
   30.640  1.0000E+00
   30.650  1.0000E+00
   30.660  1.0000E+00
   30.670  1.0000E+00
   30.680  1.0000E+00
   30.690  1.0000E+00
   30.700  1.0000E+00
   30.710  1.0000E+00
   30.720  1.0000E+00
   30.730  1.0000E+00
   30.740  1.0000E+00
   30.750  1.0000E+00
   30.760  1.0000E+00
   30.770  1.0000E+00
   30.780  1.0000E+00
   30.790  1.0000E+00
   30.800  1.0000E+00
   30.810  1.0000E+00
   30.820  1.0000E+00
   30.830  1.0000E+00
   30.840  1.0000E+00
   30.850  1.0000E+00
   30.860  1.0000E+00
   30.870  1.0000E+00
   30.880  1.0000E+00
   30.890  1.0000E+00
   30.900  1.0000E+00
   30.910  1.0000E+00
   30.920  1.0000E+00
   30.930  1.0000E+00
   30.940  1.0000E+00
   30.950  1.0000E+00
   30.960  1.0000E+00
   30.970  1.0000E+00
   30.980  1.0000E+00
   30.990  1.0000E+00
   31.000  1.0000E+00
   31.010  1.0000E+00
   31.020  1.0000E+00
   31.030  1.0000E+00
   31.040  1.0000E+00
   31.050  1.0000E+00
   31.060  1.0000E+00
   31.070  1.0000E+00
   31.080  1.0000E+00
   31.090  1.0000E+00
   31.100  1.0000E+00
   31.110  1.0000E+00
   31.120  1.0000E+00
   31.130  1.0000E+00
   31.140  1.0000E+00
   31.150  1.0000E+00
   31.160  1.0000E+00
   31.170  1.0000E+00
   31.180  1.0000E+00
   31.190  1.0000E+00
   31.200  1.0000E+00
   31.210  1.0000E+00
   31.220  1.0000E+00
   31.230  1.0000E+00
   31.240  1.0000E+00
   31.250  1.0000E+00
   31.260  1.0000E+00
   31.270  1.0000E+00
   31.280  1.0000E+00
   31.290  1.0000E+00
   31.300  1.0000E+00
   31.310  1.0000E+00
   31.320  1.0000E+00
   31.330  1.0000E+00
   31.340  1.0000E+00
   31.350  1.0000E+00
   31.360  1.0000E+00
   31.370  1.0000E+00
   31.380  1.0000E+00
   31.390  1.0000E+00
   31.400  1.0000E+00
   31.410  1.0000E+00
   31.420  1.0000E+00
   31.430  1.0000E+00
   31.440  1.0000E+00
   31.450  1.0000E+00
   31.460  1.0000E+00
   31.470  1.0000E+00
   31.480  1.0000E+00
   31.490  1.0000E+00
   31.500  1.0000E+00
   31.510  1.0000E+00
   31.520  1.0000E+00
   31.530  1.0000E+00
   31.540  1.0000E+00
   31.550  1.0000E+00
   31.560  1.0000E+00
   31.570  1.0000E+00
   31.580  1.0000E+00
   31.590  1.0000E+00
   31.600  1.0000E+00
   31.610  1.0000E+00
   31.620  1.0000E+00
   31.630  1.0000E+00
   31.640  1.0000E+00
   31.650  1.0000E+00
   31.660  1.0000E+00
   31.670  1.0000E+00
   31.680  1.0000E+00
   31.690  1.0000E+00
   31.700  1.0000E+00
   31.710  1.0000E+00
   31.720  1.0000E+00
   31.730  1.0000E+00
   31.740  1.0000E+00
   31.750  1.0000E+00
   31.760  1.0000E+00
   31.770  1.0000E+00
   31.780  1.0000E+00
   31.790  1.0000E+00
   31.800  1.0000E+00
   31.810  1.0000E+00
   31.820  1.0000E+00
   31.830  1.0000E+00
   31.840  1.0000E+00
   31.850  1.0000E+00
   31.860  1.0000E+00
   31.870  1.0000E+00
   31.880  1.0000E+00
   31.890  1.0000E+00
   31.900  1.0000E+00
   31.910  1.0000E+00
   31.920  1.0000E+00
   31.930  1.0000E+00
   31.940  1.0000E+00
   31.950  1.0000E+00
   31.960  1.0000E+00
   31.970  1.0000E+00
   31.980  1.0000E+00
   31.990  1.0000E+00
   32.000  1.0000E+00
   32.010  1.0000E+00
   32.020  1.0000E+00
   32.030  1.0000E+00
   32.040  1.0000E+00
   32.050  1.0000E+00
   32.060  1.0000E+00
   32.070  1.0000E+00
   32.080  1.0000E+00
   32.090  1.0000E+00
   32.100  1.0000E+00
   32.110  1.0000E+00
   32.120  1.0000E+00
   32.130  1.0000E+00
   32.140  1.0000E+00
   32.150  1.0000E+00
   32.160  1.0000E+00
   32.170  1.0000E+00
   32.180  1.0000E+00
   32.190  1.0000E+00
   32.200  1.0000E+00
   32.210  1.0000E+00
   32.220  1.0000E+00
   32.230  1.0000E+00
   32.240  1.0000E+00
   32.250  1.0000E+00
   32.260  1.0000E+00
   32.270  1.0000E+00
   32.280  1.0000E+00
   32.290  1.0000E+00
   32.300  1.0000E+00
   32.310  1.0000E+00
   32.320  1.0000E+00
   32.330  1.0000E+00
   32.340  1.0000E+00
   32.350  1.0000E+00
   32.360  1.0000E+00
   32.370  1.0000E+00
   32.380  1.0000E+00
   32.390  1.0000E+00
   32.400  1.0000E+00
   32.410  1.0000E+00
   32.420  1.0000E+00
   32.430  1.0000E+00
   32.440  1.0000E+00
   32.450  1.0000E+00
   32.460  1.0000E+00
   32.470  1.0000E+00
   32.480  1.0000E+00
   32.490  1.0000E+00
   32.500  1.0000E+00
   32.510  1.0000E+00
   32.520  1.0000E+00
   32.530  1.0000E+00
   32.540  1.0000E+00
   32.550  1.0000E+00
   32.560  1.0000E+00
   32.570  1.0000E+00
   32.580  1.0000E+00
   32.590  1.0000E+00
   32.600  1.0000E+00
   32.610  1.0000E+00
   32.620  1.0000E+00
   32.630  1.0000E+00
   32.640  1.0000E+00
   32.650  1.0000E+00
   32.660  1.0000E+00
   32.670  1.0000E+00
   32.680  1.0000E+00
   32.690  1.0000E+00
   32.700  1.0000E+00
   32.710  1.0000E+00
   32.720  1.0000E+00
   32.730  1.0000E+00
   32.740  1.0000E+00
   32.750  1.0000E+00
   32.760  1.0000E+00
   32.770  1.0000E+00
   32.780  1.0000E+00
   32.790  1.0000E+00
   32.800  1.0000E+00
   32.810  1.0000E+00
   32.820  1.0000E+00
   32.830  1.0000E+00
   32.840  1.0000E+00
   32.850  1.0000E+00
   32.860  1.0000E+00
   32.870  1.0000E+00
   32.880  1.0000E+00
   32.890  1.0000E+00
   32.900  1.0000E+00
   32.910  1.0000E+00
   32.920  1.0000E+00
   32.930  1.0000E+00
   32.940  1.0000E+00
   32.950  1.0000E+00
   32.960  1.0000E+00
   32.970  1.0000E+00
   32.980  1.0000E+00
   32.990  1.0000E+00
   33.000  1.0000E+00
   33.010  1.0000E+00
   33.020  1.0000E+00
   33.030  1.0000E+00
   33.040  1.0000E+00
   33.050  1.0000E+00
   33.060  1.0000E+00
   33.070  1.0000E+00
   33.080  1.0000E+00
   33.090  1.0000E+00
   33.100  1.0000E+00
   33.110  1.0000E+00
   33.120  1.0000E+00
   33.130  1.0000E+00
   33.140  1.0000E+00
   33.150  1.0000E+00
   33.160  1.0000E+00
   33.170  1.0000E+00
   33.180  1.0000E+00
   33.190  1.0000E+00
   33.200  1.0000E+00
   33.210  1.0000E+00
   33.220  1.0000E+00
   33.230  1.0000E+00
   33.240  1.0000E+00
   33.250  1.0000E+00
   33.260  1.0000E+00
   33.270  1.0000E+00
   33.280  1.0000E+00
   33.290  1.0000E+00
   33.300  1.0000E+00
   33.310  1.0000E+00
   33.320  1.0000E+00
   33.330  1.0000E+00
   33.340  1.0000E+00
   33.350  1.0000E+00
   33.360  1.0000E+00
   33.370  1.0000E+00
   33.380  1.0000E+00
   33.390  1.0000E+00
   33.400  1.0000E+00
   33.410  1.0000E+00
   33.420  1.0000E+00
   33.430  1.0000E+00
   33.440  1.0000E+00
   33.450  1.0000E+00
   33.460  1.0000E+00
   33.470  1.0000E+00
   33.480  1.0000E+00
   33.490  1.0000E+00
   33.500  1.0000E+00
   33.510  1.0000E+00
   33.520  1.0000E+00
   33.530  1.0000E+00
   33.540  1.0000E+00
   33.550  1.0000E+00
   33.560  1.0000E+00
   33.570  1.0000E+00
   33.580  1.0000E+00
   33.590  1.0000E+00
   33.600  1.0000E+00
   33.610  1.0000E+00
   33.620  1.0000E+00
   33.630  1.0000E+00
   33.640  1.0000E+00
   33.650  1.0000E+00
   33.660  1.0000E+00
   33.670  1.0000E+00
   33.680  1.0000E+00
   33.690  1.0000E+00
   33.700  1.0000E+00
   33.710  1.0000E+00
   33.720  1.0000E+00
   33.730  1.0000E+00
   33.740  1.0000E+00
   33.750  1.0000E+00
   33.760  1.0000E+00
   33.770  1.0000E+00
   33.780  1.0000E+00
   33.790  1.0000E+00
   33.800  1.0000E+00
   33.810  1.0000E+00
   33.820  1.0000E+00
   33.830  1.0000E+00
   33.840  1.0000E+00
   33.850  1.0000E+00
   33.860  1.0000E+00
   33.870  1.0000E+00
   33.880  1.0000E+00
   33.890  1.0000E+00
   33.900  1.0000E+00
   33.910  1.0000E+00
   33.920  1.0000E+00
   33.930  1.0000E+00
   33.940  1.0000E+00
   33.950  1.0000E+00
   33.960  1.0000E+00
   33.970  1.0000E+00
   33.980  1.0000E+00
   33.990  1.0000E+00
   34.000  1.0000E+00
   34.010  1.0000E+00
   34.020  1.0000E+00
   34.030  1.0000E+00
   34.040  1.0000E+00
   34.050  1.0000E+00
   34.060  1.0000E+00
   34.070  1.0000E+00
   34.080  1.0000E+00
   34.090  1.0000E+00
   34.100  1.0000E+00
   34.110  1.0000E+00
   34.120  1.0000E+00
   34.130  1.0000E+00
   34.140  1.0000E+00
   34.150  1.0000E+00
   34.160  1.0000E+00
   34.170  1.0000E+00
   34.180  1.0000E+00
   34.190  1.0000E+00
   34.200  1.0000E+00
   34.210  1.0000E+00
   34.220  1.0000E+00
   34.230  1.0000E+00
   34.240  1.0000E+00
   34.250  1.0000E+00
   34.260  1.0000E+00
   34.270  1.0000E+00
   34.280  1.0000E+00
   34.290  1.0000E+00
   34.300  1.0000E+00
   34.310  1.0000E+00
   34.320  1.0000E+00
   34.330  1.0000E+00
   34.340  1.0000E+00
   34.350  1.0000E+00
   34.360  1.0000E+00
   34.370  1.0000E+00
   34.380  1.0000E+00
   34.390  1.0000E+00
   34.400  1.0000E+00
   34.410  1.0000E+00
   34.420  1.0000E+00
   34.430  1.0000E+00
   34.440  1.0000E+00
   34.450  1.0000E+00
   34.460  1.0000E+00
   34.470  1.0000E+00
   34.480  1.0000E+00
   34.490  1.0000E+00
   34.500  1.0000E+00
   34.510  1.0000E+00
   34.520  1.0000E+00
   34.530  1.0000E+00
   34.540  1.0000E+00
   34.550  1.0000E+00
   34.560  1.0000E+00
   34.570  1.0000E+00
   34.580  1.0000E+00
   34.590  1.0000E+00
   34.600  1.0000E+00
   34.610  1.0000E+00
   34.620  1.0000E+00
   34.630  1.0000E+00
   34.640  1.0000E+00
   34.650  1.0000E+00
   34.660  1.0000E+00
   34.670  1.0000E+00
   34.680  1.0000E+00
   34.690  1.0000E+00
   34.700  1.0000E+00
   34.710  1.0000E+00
   34.720  1.0000E+00
   34.730  1.0000E+00
   34.740  1.0000E+00
   34.750  1.0000E+00
   34.760  1.0000E+00
   34.770  1.0000E+00
   34.780  1.0000E+00
   34.790  1.0000E+00
   34.800  1.0000E+00
   34.810  1.0000E+00
   34.820  1.0000E+00
   34.830  1.0000E+00
   34.840  1.0000E+00
   34.850  1.0000E+00
   34.860  1.0000E+00
   34.870  1.0000E+00
   34.880  1.0000E+00
   34.890  1.0000E+00
   34.900  1.0000E+00
   34.910  1.0000E+00
   34.920  1.0000E+00
   34.930  1.0000E+00
   34.940  1.0000E+00
   34.950  1.0000E+00
   34.960  1.0000E+00
   34.970  1.0000E+00
   34.980  1.0000E+00
   34.990  1.0000E+00
   35.000  1.0000E+00
   35.010  1.0000E+00
   35.020  1.0000E+00
   35.030  1.0000E+00
   35.040  1.0000E+00
   35.050  1.0000E+00
   35.060  1.0000E+00
   35.070  1.0000E+00
   35.080  1.0000E+00
   35.090  1.0000E+00
   35.100  1.0000E+00
   35.110  1.0000E+00
   35.120  1.0000E+00
   35.130  1.0000E+00
   35.140  1.0000E+00
   35.150  1.0000E+00
   35.160  1.0000E+00
   35.170  1.0000E+00
   35.180  1.0000E+00
   35.190  1.0000E+00
   35.200  1.0000E+00
   35.210  1.0000E+00
   35.220  1.0000E+00
   35.230  1.0000E+00
   35.240  1.0000E+00
   35.250  1.0000E+00
   35.260  1.0000E+00
   35.270  1.0000E+00
   35.280  1.0000E+00
   35.290  1.0000E+00
   35.300  1.0000E+00
   35.310  1.0000E+00
   35.320  1.0000E+00
   35.330  1.0000E+00
   35.340  1.0000E+00
   35.350  1.0000E+00
   35.360  1.0000E+00
   35.370  1.0000E+00
   35.380  1.0000E+00
   35.390  1.0000E+00
   35.400  1.0000E+00
   35.410  1.0000E+00
   35.420  1.0000E+00
   35.430  1.0000E+00
   35.440  1.0000E+00
   35.450  1.0000E+00
   35.460  1.0000E+00
   35.470  1.0000E+00
   35.480  1.0000E+00
   35.490  1.0000E+00
   35.500  1.0000E+00
   35.510  1.0000E+00
   35.520  1.0000E+00
   35.530  1.0000E+00
   35.540  1.0000E+00
   35.550  1.0000E+00
   35.560  1.0000E+00
   35.570  1.0000E+00
   35.580  1.0000E+00
   35.590  1.0000E+00
   35.600  1.0000E+00
   35.610  1.0000E+00
   35.620  1.0000E+00
   35.630  1.0000E+00
   35.640  1.0000E+00
   35.650  1.0000E+00
   35.660  1.0000E+00
   35.670  1.0000E+00
   35.680  1.0000E+00
   35.690  1.0000E+00
   35.700  1.0000E+00
   35.710  1.0000E+00
   35.720  1.0000E+00
   35.730  1.0000E+00
   35.740  1.0000E+00
   35.750  1.0000E+00
   35.760  1.0000E+00
   35.770  1.0000E+00
   35.780  1.0000E+00
   35.790  1.0000E+00
   35.800  1.0000E+00
   35.810  1.0000E+00
   35.820  1.0000E+00
   35.830  1.0000E+00
   35.840  1.0000E+00
   35.850  1.0000E+00
   35.860  1.0000E+00
   35.870  1.0000E+00
   35.880  1.0000E+00
   35.890  1.0000E+00
   35.900  1.0000E+00
   35.910  1.0000E+00
   35.920  1.0000E+00
   35.930  1.0000E+00
   35.940  1.0000E+00
   35.950  1.0000E+00
   35.960  1.0000E+00
   35.970  1.0000E+00
   35.980  1.0000E+00
   35.990  1.0000E+00
   36.000  1.0000E+00
   36.010  1.0000E+00
   36.020  1.0000E+00
   36.030  1.0000E+00
   36.040  1.0000E+00
   36.050  1.0000E+00
   36.060  1.0000E+00
   36.070  1.0000E+00
   36.080  1.0000E+00
   36.090  1.0000E+00
   36.100  1.0000E+00
   36.110  1.0000E+00
   36.120  1.0000E+00
   36.130  1.0000E+00
   36.140  1.0000E+00
   36.150  1.0000E+00
   36.160  1.0000E+00
   36.170  1.0000E+00
   36.180  1.0000E+00
   36.190  1.0000E+00
   36.200  1.0000E+00
   36.210  1.0000E+00
   36.220  1.0000E+00
   36.230  1.0000E+00
   36.240  1.0000E+00
   36.250  1.0000E+00
   36.260  1.0000E+00
   36.270  1.0000E+00
   36.280  1.0000E+00
   36.290  1.0000E+00
   36.300  1.0000E+00
   36.310  1.0000E+00
   36.320  1.0000E+00
   36.330  1.0000E+00
   36.340  1.0000E+00
   36.350  1.0000E+00
   36.360  1.0000E+00
   36.370  1.0000E+00
   36.380  1.0000E+00
   36.390  1.0000E+00
   36.400  1.0000E+00
   36.410  1.0000E+00
   36.420  1.0000E+00
   36.430  1.0000E+00
   36.440  1.0000E+00
   36.450  1.0000E+00
   36.460  1.0000E+00
   36.470  1.0000E+00
   36.480  1.0000E+00
   36.490  1.0000E+00
   36.500  1.0000E+00
   36.510  1.0000E+00
   36.520  1.0000E+00
   36.530  1.0000E+00
   36.540  1.0000E+00
   36.550  1.0000E+00
   36.560  1.0000E+00
   36.570  1.0000E+00
   36.580  1.0000E+00
   36.590  1.0000E+00
   36.600  1.0000E+00
   36.610  1.0000E+00
   36.620  1.0000E+00
   36.630  1.0000E+00
   36.640  1.0000E+00
   36.650  1.0000E+00
   36.660  1.0000E+00
   36.670  1.0000E+00
   36.680  1.0000E+00
   36.690  1.0000E+00
   36.700  1.0000E+00
   36.710  1.0000E+00
   36.720  1.0000E+00
   36.730  1.0000E+00
   36.740  1.0000E+00
   36.750  1.0000E+00
   36.760  1.0000E+00
   36.770  1.0000E+00
   36.780  1.0000E+00
   36.790  1.0000E+00
   36.800  1.0000E+00
   36.810  1.0000E+00
   36.820  1.0000E+00
   36.830  1.0000E+00
   36.840  1.0000E+00
   36.850  1.0000E+00
   36.860  1.0000E+00
   36.870  1.0000E+00
   36.880  1.0000E+00
   36.890  1.0000E+00
   36.900  1.0000E+00
   36.910  1.0000E+00
   36.920  1.0000E+00
   36.930  1.0000E+00
   36.940  1.0000E+00
   36.950  1.0000E+00
   36.960  1.0000E+00
   36.970  1.0000E+00
   36.980  1.0000E+00
   36.990  1.0000E+00
   37.000  1.0000E+00
   37.010  1.0000E+00
   37.020  1.0000E+00
   37.030  1.0000E+00
   37.040  1.0000E+00
   37.050  1.0000E+00
   37.060  1.0000E+00
   37.070  1.0000E+00
   37.080  1.0000E+00
   37.090  1.0000E+00
   37.100  1.0000E+00
   37.110  1.0000E+00
   37.120  1.0000E+00
   37.130  1.0000E+00
   37.140  1.0000E+00
   37.150  1.0000E+00
   37.160  1.0000E+00
   37.170  1.0000E+00
   37.180  1.0000E+00
   37.190  1.0000E+00
   37.200  1.0000E+00
   37.210  1.0000E+00
   37.220  1.0000E+00
   37.230  1.0000E+00
   37.240  1.0000E+00
   37.250  1.0000E+00
   37.260  1.0000E+00
   37.270  1.0000E+00
   37.280  1.0000E+00
   37.290  1.0000E+00
   37.300  1.0000E+00
   37.310  1.0000E+00
   37.320  1.0000E+00
   37.330  1.0000E+00
   37.340  1.0000E+00
   37.350  1.0000E+00
   37.360  1.0000E+00
   37.370  1.0000E+00
   37.380  1.0000E+00
   37.390  1.0000E+00
   37.400  1.0000E+00
   37.410  1.0000E+00
   37.420  1.0000E+00
   37.430  1.0000E+00
   37.440  1.0000E+00
   37.450  1.0000E+00
   37.460  1.0000E+00
   37.470  1.0000E+00
   37.480  1.0000E+00
   37.490  1.0000E+00
   37.500  1.0000E+00
   37.510  1.0000E+00
   37.520  1.0000E+00
   37.530  1.0000E+00
   37.540  1.0000E+00
   37.550  1.0000E+00
   37.560  1.0000E+00
   37.570  1.0000E+00
   37.580  1.0000E+00
   37.590  1.0000E+00
   37.600  1.0000E+00
   37.610  1.0000E+00
   37.620  1.0000E+00
   37.630  1.0000E+00
   37.640  1.0000E+00
   37.650  1.0000E+00
   37.660  1.0000E+00
   37.670  1.0000E+00
   37.680  1.0000E+00
   37.690  1.0000E+00
   37.700  1.0000E+00
   37.710  1.0000E+00
   37.720  1.0000E+00
   37.730  1.0000E+00
   37.740  1.0000E+00
   37.750  1.0000E+00
   37.760  1.0000E+00
   37.770  1.0000E+00
   37.780  1.0000E+00
   37.790  1.0000E+00
   37.800  1.0000E+00
   37.810  1.0000E+00
   37.820  1.0000E+00
   37.830  1.0000E+00
   37.840  1.0000E+00
   37.850  1.0000E+00
   37.860  1.0000E+00
   37.870  1.0000E+00
   37.880  1.0000E+00
   37.890  1.0000E+00
   37.900  1.0000E+00
   37.910  1.0000E+00
   37.920  1.0000E+00
   37.930  1.0000E+00
   37.940  1.0000E+00
   37.950  1.0000E+00
   37.960  1.0000E+00
   37.970  1.0000E+00
   37.980  1.0000E+00
   37.990  1.0000E+00
   38.000  1.0000E+00
   38.010  1.0000E+00
   38.020  1.0000E+00
   38.030  1.0000E+00
   38.040  1.0000E+00
   38.050  1.0000E+00
   38.060  1.0000E+00
   38.070  1.0000E+00
   38.080  1.0000E+00
   38.090  1.0000E+00
   38.100  1.0000E+00
   38.110  1.0000E+00
   38.120  1.0000E+00
   38.130  1.0000E+00
   38.140  1.0000E+00
   38.150  1.0000E+00
   38.160  1.0000E+00
   38.170  1.0000E+00
   38.180  1.0000E+00
   38.190  1.0000E+00
   38.200  1.0000E+00
   38.210  1.0000E+00
   38.220  1.0000E+00
   38.230  1.0000E+00
   38.240  1.0000E+00
   38.250  1.0000E+00
   38.260  1.0000E+00
   38.270  1.0000E+00
   38.280  1.0000E+00
   38.290  1.0000E+00
   38.300  1.0000E+00
   38.310  1.0000E+00
   38.320  1.0000E+00
   38.330  1.0000E+00
   38.340  1.0000E+00
   38.350  1.0000E+00
   38.360  1.0000E+00
   38.370  1.0000E+00
   38.380  1.0000E+00
   38.390  1.0000E+00
   38.400  1.0000E+00
   38.410  1.0000E+00
   38.420  1.0000E+00
   38.430  1.0000E+00
   38.440  1.0000E+00
   38.450  1.0000E+00
   38.460  1.0000E+00
   38.470  1.0000E+00
   38.480  1.0000E+00
   38.490  1.0000E+00
   38.500  1.0000E+00
   38.510  1.0000E+00
   38.520  1.0000E+00
   38.530  1.0000E+00
   38.540  1.0000E+00
   38.550  1.0000E+00
   38.560  1.0000E+00
   38.570  1.0000E+00
   38.580  1.0000E+00
   38.590  1.0000E+00
   38.600  1.0000E+00
   38.610  1.0000E+00
   38.620  1.0000E+00
   38.630  1.0000E+00
   38.640  1.0000E+00
   38.650  1.0000E+00
   38.660  1.0000E+00
   38.670  1.0000E+00
   38.680  1.0000E+00
   38.690  1.0000E+00
   38.700  1.0000E+00
   38.710  1.0000E+00
   38.720  1.0000E+00
   38.730  1.0000E+00
   38.740  1.0000E+00
   38.750  1.0000E+00
   38.760  1.0000E+00
   38.770  1.0000E+00
   38.780  1.0000E+00
   38.790  1.0000E+00
   38.800  1.0000E+00
   38.810  1.0000E+00
   38.820  1.0000E+00
   38.830  1.0000E+00
   38.840  1.0000E+00
   38.850  1.0000E+00
   38.860  1.0000E+00
   38.870  1.0000E+00
   38.880  1.0000E+00
   38.890  1.0000E+00
   38.900  1.0000E+00
   38.910  1.0000E+00
   38.920  1.0000E+00
   38.930  1.0000E+00
   38.940  1.0000E+00
   38.950  1.0000E+00
   38.960  1.0000E+00
   38.970  1.0000E+00
   38.980  1.0000E+00
   38.990  1.0000E+00
   39.000  1.0000E+00
   39.010  1.0000E+00
   39.020  1.0000E+00
   39.030  1.0000E+00
   39.040  1.0000E+00
   39.050  1.0000E+00
   39.060  1.0000E+00
   39.070  1.0000E+00
   39.080  1.0000E+00
   39.090  1.0000E+00
   39.100  1.0000E+00
   39.110  1.0000E+00
   39.120  1.0000E+00
   39.130  1.0000E+00
   39.140  1.0000E+00
   39.150  1.0000E+00
   39.160  1.0000E+00
   39.170  1.0000E+00
   39.180  1.0000E+00
   39.190  1.0000E+00
   39.200  1.0000E+00
   39.210  1.0000E+00
   39.220  1.0000E+00
   39.230  1.0000E+00
   39.240  1.0000E+00
   39.250  1.0000E+00
   39.260  1.0000E+00
   39.270  1.0000E+00
   39.280  1.0000E+00
   39.290  1.0000E+00
   39.300  1.0000E+00
   39.310  1.0000E+00
   39.320  1.0000E+00
   39.330  1.0000E+00
   39.340  1.0000E+00
   39.350  1.0000E+00
   39.360  1.0000E+00
   39.370  1.0000E+00
   39.380  1.0000E+00
   39.390  1.0000E+00
   39.400  1.0000E+00
   39.410  1.0000E+00
   39.420  1.0000E+00
   39.430  1.0000E+00
   39.440  1.0000E+00
   39.450  1.0000E+00
   39.460  1.0000E+00
   39.470  1.0000E+00
   39.480  1.0000E+00
   39.490  1.0000E+00
   39.500  1.0000E+00
   39.510  1.0000E+00
   39.520  1.0000E+00
   39.530  1.0000E+00
   39.540  1.0000E+00
   39.550  1.0000E+00
   39.560  1.0000E+00
   39.570  1.0000E+00
   39.580  1.0000E+00
   39.590  1.0000E+00
   39.600  1.0000E+00
   39.610  1.0000E+00
   39.620  1.0000E+00
   39.630  1.0000E+00
   39.640  1.0000E+00
   39.650  1.0000E+00
   39.660  1.0000E+00
   39.670  1.0000E+00
   39.680  1.0000E+00
   39.690  1.0000E+00
   39.700  1.0000E+00
   39.710  1.0000E+00
   39.720  1.0000E+00
   39.730  1.0000E+00
   39.740  1.0000E+00
   39.750  1.0000E+00
   39.760  1.0000E+00
   39.770  1.0000E+00
   39.780  1.0000E+00
   39.790  1.0000E+00
   39.800  1.0000E+00
   39.810  1.0000E+00
   39.820  1.0000E+00
   39.830  1.0000E+00
   39.840  1.0000E+00
   39.850  1.0000E+00
   39.860  1.0000E+00
   39.870  1.0000E+00
   39.880  1.0000E+00
   39.890  1.0000E+00
   39.900  1.0000E+00
   39.910  1.0000E+00
   39.920  1.0000E+00
   39.930  1.0000E+00
   39.940  1.0000E+00
   39.950  1.0000E+00
   39.960  1.0000E+00
   39.970  1.0000E+00
   39.980  1.0000E+00
   39.990  1.0000E+00
   40.000  1.0000E+00
   40.010  1.0000E+00
   40.020  1.0000E+00
   40.030  1.0000E+00
   40.040  1.0000E+00
   40.050  1.0000E+00
   40.060  1.0000E+00
   40.070  1.0000E+00
   40.080  1.0000E+00
   40.090  1.0000E+00
   40.100  1.0000E+00
   40.110  1.0000E+00
   40.120  1.0000E+00
   40.130  1.0000E+00
   40.140  1.0000E+00
   40.150  1.0000E+00
   40.160  1.0000E+00
   40.170  1.0000E+00
   40.180  1.0000E+00
   40.190  1.0000E+00
   40.200  1.0000E+00
   40.210  1.0000E+00
   40.220  1.0000E+00
   40.230  1.0000E+00
   40.240  1.0000E+00
   40.250  1.0000E+00
   40.260  1.0000E+00
   40.270  1.0000E+00
   40.280  1.0000E+00
   40.290  1.0000E+00
   40.300  1.0000E+00
   40.310  1.0000E+00
   40.320  1.0000E+00
   40.330  1.0000E+00
   40.340  1.0000E+00
   40.350  1.0000E+00
   40.360  1.0000E+00
   40.370  1.0000E+00
   40.380  1.0000E+00
   40.390  1.0000E+00
   40.400  1.0000E+00
   40.410  1.0000E+00
   40.420  1.0000E+00
   40.430  1.0000E+00
   40.440  1.0000E+00
   40.450  1.0000E+00
   40.460  1.0000E+00
   40.470  1.0000E+00
   40.480  1.0000E+00
   40.490  1.0000E+00
   40.500  1.0000E+00
   40.510  1.0000E+00
   40.520  1.0000E+00
   40.530  1.0000E+00
   40.540  1.0000E+00
   40.550  1.0000E+00
   40.560  1.0000E+00
   40.570  1.0000E+00
   40.580  1.0000E+00
   40.590  1.0000E+00
   40.600  1.0000E+00
   40.610  1.0000E+00
   40.620  1.0000E+00
   40.630  1.0000E+00
   40.640  1.0000E+00
   40.650  1.0000E+00
   40.660  1.0000E+00
   40.670  1.0000E+00
   40.680  1.0000E+00
   40.690  1.0000E+00
   40.700  1.0000E+00
   40.710  1.0000E+00
   40.720  1.0000E+00
   40.730  1.0000E+00
   40.740  1.0000E+00
   40.750  1.0000E+00
   40.760  1.0000E+00
   40.770  1.0000E+00
   40.780  1.0000E+00
   40.790  1.0000E+00
   40.800  1.0000E+00
   40.810  1.0000E+00
   40.820  1.0000E+00
   40.830  1.0000E+00
   40.840  1.0000E+00
   40.850  1.0000E+00
   40.860  1.0000E+00
   40.870  1.0000E+00
   40.880  1.0000E+00
   40.890  1.0000E+00
   40.900  1.0000E+00
   40.910  1.0000E+00
   40.920  1.0000E+00
   40.930  1.0000E+00
   40.940  1.0000E+00
   40.950  1.0000E+00
