**********************************************
*******     Site #   1
Average PSA and Fourier spectrum over    40 trials
damping:   5%
  50 samples
Mag.          =      6.30
siteLat       =     42.38
siteLon       =     13.34
depth         =      0.00
R             =      8.22
azimuth       =  12553.47
fault Dis.(km)=     6.43
Hypo  Dis.(km)=    12.05
Input Parameters file =  aqv_0604__parameters.out                                                                                                
 data format: (1x,f10.3, 1p, 1x,e11.4, 5x,e11.4, 2x,e11.4, 1x,e11.4)
   freq(Hz) FAS(cm/sec) avgPSA(cm/s**2) avgPSV(cm/s)   avgSD(cm)
     -1.000         NaN             Nan   1.8191E+01         Nan
    999.900         Nan      2.5170E+02          NaN         NaN
      0.200  1.6876E+01      1.6660E+01   1.3258E+01  1.0550E+01
      0.217  1.6876E+01      1.9022E+01   1.3976E+01  1.0268E+01
      0.235  1.9048E+01      2.1768E+01   1.4766E+01  1.0016E+01
      0.254  2.1043E+01      2.4961E+01   1.5633E+01  9.7906E+00
      0.275  2.3055E+01      2.9636E+01   1.7136E+01  9.9086E+00
      0.298  2.5165E+01      3.4233E+01   1.8276E+01  9.7566E+00
      0.323  2.7154E+01      3.9269E+01   1.9356E+01  9.5402E+00
      0.350  2.8710E+01      4.4753E+01   2.0366E+01  9.2678E+00
      0.379  2.9772E+01      5.0445E+01   2.1194E+01  8.9049E+00
      0.410  3.0557E+01      5.6169E+01   2.1789E+01  8.4521E+00
      0.444  3.2342E+01      6.2040E+01   2.2219E+01  7.9578E+00
      0.481  3.3687E+01      6.9130E+01   2.2859E+01  7.5586E+00
      0.521  3.6471E+01      7.7660E+01   2.3709E+01  7.2382E+00
      0.565  3.6986E+01      8.8499E+01   2.4945E+01  7.0311E+00
      0.612  3.5590E+01      9.5874E+01   2.4950E+01  6.4929E+00
      0.662  3.4188E+01      9.9806E+01   2.3980E+01  5.7617E+00
      0.717  3.3856E+01      1.0723E+02   2.3786E+01  5.2765E+00
      0.777  3.4853E+01      1.1752E+02   2.4068E+01  4.9295E+00
      0.842  3.6965E+01      1.2735E+02   2.4082E+01  4.5538E+00
      0.912  3.7814E+01      1.3696E+02   2.3911E+01  4.1745E+00
      0.987  3.7099E+01      1.5535E+02   2.5040E+01  4.0361E+00
      1.069  3.9421E+01      1.7803E+02   2.6494E+01  3.9428E+00
      1.158  4.5235E+01      1.9453E+02   2.6728E+01  3.6725E+00
      1.255  4.2190E+01      2.0891E+02   2.6502E+01  3.3620E+00
      1.359  4.2926E+01      2.3541E+02   2.7572E+01  3.2293E+00
      1.472  5.0221E+01      2.6158E+02   2.8286E+01  3.0587E+00
      1.594  4.9326E+01      2.8667E+02   2.8621E+01  2.8574E+00
      1.727  5.2187E+01      3.1340E+02   2.8888E+01  2.6628E+00
      1.870  4.7875E+01      3.4508E+02   2.9368E+01  2.4993E+00
      2.026  5.5189E+01      3.8008E+02   2.9864E+01  2.3465E+00
      2.194  5.7973E+01      4.2246E+02   3.0647E+01  2.2233E+00
      2.376  6.2250E+01      4.6845E+02   3.1375E+01  2.1015E+00
      2.574  7.0180E+01      5.4823E+02   3.3902E+01  2.0964E+00
      2.788  7.6972E+01      6.0053E+02   3.4286E+01  1.9575E+00
      3.019  7.2461E+01      6.2826E+02   3.3117E+01  1.7457E+00
      3.270  7.8296E+01      6.5794E+02   3.2020E+01  1.5584E+00
      3.542  5.8928E+01      6.0240E+02   2.7068E+01  1.2162E+00
      3.836  4.7105E+01      5.4093E+02   2.2441E+01  9.3096E-01
      4.155  3.7243E+01      5.0585E+02   1.9375E+01  7.4211E-01
      4.501  3.1226E+01      4.7876E+02   1.6930E+01  5.9870E-01
      4.875  2.8196E+01      4.5481E+02   1.4849E+01  4.8483E-01
      5.280  2.5651E+01      4.3100E+02   1.2992E+01  3.9163E-01
      5.719  2.3688E+01      4.0541E+02   1.1283E+01  3.1402E-01
      6.194  1.8917E+01      3.9522E+02   1.0155E+01  2.6094E-01
      6.709  1.9834E+01      3.9850E+02   9.4540E+00  2.2429E-01
      7.266  2.0736E+01      4.2854E+02   9.3865E+00  2.0560E-01
      7.870  1.9709E+01      4.5414E+02   9.1839E+00  1.8572E-01
      8.524  2.1730E+01      4.9002E+02   9.1492E+00  1.7082E-01
      9.233  2.4572E+01      5.2971E+02   9.1312E+00  1.5741E-01
     10.000  2.4505E+01      5.6606E+02   9.0092E+00  1.4339E-01
 
 
