**********************************************
*******     Site #   1
Average PSA and Fourier spectrum over    40 trials
damping:   5%
  50 samples
Mag.          =      6.30
siteLat       =     42.35
siteLon       =     13.40
depth         =      0.00
R             =     10.75
azimuth       =   8917.72
fault Dis.(km)=     3.84
Hypo  Dis.(km)=    11.75
Input Parameters file =  aqk_0604__parameters.out                                                                                                
 data format: (1x,f10.3, 1p, 1x,e11.4, 5x,e11.4, 2x,e11.4, 1x,e11.4)
   freq(Hz) FAS(cm/sec) avgPSA(cm/s**2) avgPSV(cm/s)   avgSD(cm)
     -1.000         NaN             Nan   6.1331E+01         Nan
    999.900         Nan      4.5991E+02          NaN         NaN
      0.200  6.0850E+01      6.3282E+01   5.0358E+01  4.0074E+01
      0.217  6.0850E+01      7.8769E+01   5.7872E+01  4.2520E+01
      0.235  7.7246E+01      9.8529E+01   6.6836E+01  4.5337E+01
      0.254  9.7008E+01      1.2311E+02   7.7099E+01  4.8286E+01
      0.275  1.1961E+02      1.5260E+02   8.8238E+01  5.1022E+01
      0.298  1.4387E+02      1.8872E+02   1.0075E+02  5.3787E+01
      0.323  1.7077E+02      2.2830E+02   1.1253E+02  5.5463E+01
      0.350  1.9477E+02      2.6721E+02   1.2160E+02  5.5337E+01
      0.379  2.0881E+02      2.9518E+02   1.2402E+02  5.2107E+01
      0.410  2.1227E+02      3.1250E+02   1.2122E+02  4.7025E+01
      0.444  1.8829E+02      3.1881E+02   1.1418E+02  4.0894E+01
      0.481  1.6524E+02      3.1943E+02   1.0563E+02  3.4927E+01
      0.521  1.3374E+02      3.2808E+02   1.0016E+02  3.0578E+01
      0.565  1.3492E+02      3.4614E+02   9.7566E+01  2.7501E+01
      0.612  1.3415E+02      3.6229E+02   9.4281E+01  2.4535E+01
      0.662  1.1580E+02      3.5521E+02   8.5346E+01  2.0506E+01
      0.717  8.9492E+01      3.3553E+02   7.4431E+01  1.6511E+01
      0.777  6.9226E+01      3.3150E+02   6.7894E+01  1.3905E+01
      0.842  5.2957E+01      3.5376E+02   6.6893E+01  1.2649E+01
      0.912  6.3842E+01      4.0317E+02   7.0387E+01  1.2288E+01
      0.987  9.9015E+01      5.1519E+02   8.3042E+01  1.3385E+01
      1.069  1.4546E+02      6.6258E+02   9.8605E+01  1.4674E+01
      1.158  2.5406E+02      8.0705E+02   1.1089E+02  1.5236E+01
      1.255  2.3946E+02      8.3136E+02   1.0546E+02  1.3379E+01
      1.359  1.0937E+02      7.4081E+02   8.6765E+01  1.0162E+01
      1.472  1.0951E+02      6.9592E+02   7.5254E+01  8.1377E+00
      1.594  8.4057E+01      6.9767E+02   6.9654E+01  6.9541E+00
      1.727  7.4751E+01      7.7857E+02   7.1766E+01  6.6152E+00
      1.870  1.1958E+02      9.4732E+02   8.0621E+01  6.8611E+00
      2.026  2.6334E+02      1.0716E+03   8.4202E+01  6.6160E+00
      2.194  6.9598E+01      8.9816E+02   6.5157E+01  4.7268E+00
      2.376  8.0117E+01      8.4872E+02   5.6846E+01  3.8074E+00
      2.574  1.0758E+02      9.5543E+02   5.9083E+01  3.6536E+00
      2.788  1.6447E+02      1.0404E+03   5.9397E+01  3.3912E+00
      3.019  5.5032E+01      9.1916E+02   4.8451E+01  2.5540E+00
      3.270  4.6628E+01      9.2002E+02   4.4775E+01  2.1791E+00
      3.542  1.2142E+02      1.0592E+03   4.7595E+01  2.1386E+00
      3.836  6.5114E+01      1.0133E+03   4.2036E+01  1.7439E+00
      4.155  5.1240E+01      9.8259E+02   3.7635E+01  1.4415E+00
      4.501  8.9934E+01      1.0533E+03   3.7246E+01  1.3171E+00
      4.875  3.4825E+01      1.0033E+03   3.2756E+01  1.0695E+00
      5.280  7.1244E+01      1.0463E+03   3.1539E+01  9.5072E-01
      5.719  4.2572E+01      1.0139E+03   2.8218E+01  7.8533E-01
      6.194  3.1188E+01      9.6525E+02   2.4803E+01  6.3732E-01
      6.709  6.7456E+01      9.4190E+02   2.2346E+01  5.3012E-01
      7.266  2.6487E+01      8.7535E+02   1.9173E+01  4.1996E-01
      7.870  2.1125E+01      8.3707E+02   1.6928E+01  3.4232E-01
      8.524  3.4949E+01      8.0846E+02   1.5095E+01  2.8183E-01
      9.233  3.0674E+01      7.7757E+02   1.3404E+01  2.3106E-01
     10.000  3.3033E+01      7.4148E+02   1.1801E+01  1.8782E-01
 
 
