 itr  i0  j0   i   j t_arrive(i0,j0) t_arrive_min t_arrive(i,j) risetime(i,j) risetime_max dur_path(i,j) dur_sub(i,j) t_arrive(i,j)+dur_sub(i,j) imx jmx t_arrive(imax,jmax) dur_sub(imax,jmax) t_arrive(imax,jmax)+dur_sub(imax,jmax) risetime_max t_end_max
   1   3   7   1   1             3.1          3.1           7.2           2.9          2.9          0.00         2.95                       10.2  13   9                13.1                4.3                                   17.5          2.9      17.5
   1   3   7   1   2             3.1          3.1           6.5           2.9          2.9          0.00         2.93                        9.4  13   9                13.1                4.3                                   17.5          2.9      17.5
   1   3   7   1   3             3.1          3.1           5.9           2.8          2.9          0.00         2.80                        8.7  13   9                13.1                4.3                                   17.5          2.9      17.5
   1   3   7   1   4             3.1          3.1           5.4           2.5          2.9          0.05         2.59                        8.0  13   9                13.1                4.3                                   17.5          2.9      17.5
   1   3   7   1   5             3.1          3.1           5.1           2.3          2.9          0.20         2.45                        7.5  13   9                13.1                4.3                                   17.5          2.9      17.5
   1   3   7   1   6             3.1          3.1           4.9           2.3          2.9          0.39         2.64                        7.6  13   9                13.1                4.3                                   17.5          2.9      17.5
   1   3   7   1   7             3.1          3.1           5.1           2.3          2.9          0.61         2.86                        8.0  13   9                13.1                4.3                                   17.5          2.9      17.5
   1   3   7   1   8             3.1          3.1           5.7           2.3          2.9          0.85         3.11                        8.8  13   9                13.1                4.3                                   17.5          2.9      17.5
   1   3   7   1   9             3.1          3.1           6.6           2.3          2.9          1.11         3.36                        9.9  13   9                13.1                4.3                                   17.5          2.9      17.5
   1   3   7   2   1             3.1          3.1           6.6           2.9          2.9          0.00         2.95                        9.5  13   9                13.1                4.3                                   17.5          2.9      17.5
   1   3   7   2   2             3.1          3.1           5.8           2.9          2.9          0.00         2.93                        8.7  13   9                13.1                4.3                                   17.5          2.9      17.5
   1   3   7   2   3             3.1          3.1           5.1           2.8          2.9          0.00         2.80                        7.9  13   9                13.1                4.3                                   17.5          2.9      17.5
   1   3   7   2   4             3.1          3.1           4.6           2.5          2.9          0.00         2.54                        7.2  13   9                13.1                4.3                                   17.5          2.9      17.5
   1   3   7   2   5             3.1          3.1           4.2           2.3          2.9          0.00         2.25                        6.5  13   9                13.1                4.3                                   17.5          2.9      17.5
   1   3   7   2   6             3.1          3.1           4.0           1.6          2.9          0.18         1.78                        5.8  13   9                13.1                4.3                                   17.5          2.9      17.5
   1   3   7   2   7             3.1          3.1           4.1           1.6          2.9          0.43         2.03                        6.1  13   9                13.1                4.3                                   17.5          2.9      17.5
   1   3   7   2   8             3.1          3.1           4.8           1.6          2.9          0.69         2.29                        7.1  13   9                13.1                4.3                                   17.5          2.9      17.5
   1   3   7   2   9             3.1          3.1           5.9           2.3          2.9          0.97         3.22                        9.1  13   9                13.1                4.3                                   17.5          2.9      17.5
   1   3   7   3   1             3.1          3.1           6.1           2.9          2.9          0.00         2.95                        9.0  13   9                13.1                4.3                                   17.5          2.9      17.5
   1   3   7   3   2             3.1          3.1           5.3           2.9          2.9          0.00         2.93                        8.2  13   9                13.1                4.3                                   17.5          2.9      17.5
   1   3   7   3   3             3.1          3.1           4.6           2.8          2.9          0.00         2.80                        7.4  13   9                13.1                4.3                                   17.5          2.9      17.5
   1   3   7   3   4             3.1          3.1           4.1           2.5          2.9          0.00         2.54                        6.7  13   9                13.1                4.3                                   17.5          2.9      17.5
   1   3   7   3   5             3.1          3.1           3.7           2.3          2.9          0.00         2.25                        6.0  13   9                13.1                4.3                                   17.5          2.9      17.5
   1   3   7   3   6             3.1          3.1           3.4           1.6          2.9          0.01         1.61                        5.0  13   9                13.1                4.3                                   17.5          2.9      17.5
   1   3   7   3   7             3.1          3.1           3.1           0.8          2.9          0.28         1.05                        4.1  13   9                13.1                4.3                                   17.5          2.9      17.5
   1   3   7   3   8             3.1          3.1           4.3           1.6          2.9          0.56         2.16                        6.5  13   9                13.1                4.3                                   17.5          2.9      17.5
   1   3   7   3   9             3.1          3.1           5.5           2.3          2.9          0.85         3.10                        8.6  13   9                13.1                4.3                                   17.5          2.9      17.5
   1   3   7   4   1             3.1          3.1           5.8           2.9          2.9          0.00         2.95                        8.8  13   9                13.1                4.3                                   17.5          2.9      17.5
   1   3   7   4   2             3.1          3.1           5.0           2.9          2.9          0.00         2.93                        7.9  13   9                13.1                4.3                                   17.5          2.9      17.5
   1   3   7   4   3             3.1          3.1           4.4           2.8          2.9          0.00         2.80                        7.2  13   9                13.1                4.3                                   17.5          2.9      17.5
   1   3   7   4   4             3.1          3.1           4.0           2.5          2.9          0.00         2.54                        6.5  13   9                13.1                4.3                                   17.5          2.9      17.5
   1   3   7   4   5             3.1          3.1           3.7           2.3          2.9          0.00         2.25                        5.9  13   9                13.1                4.3                                   17.5          2.9      17.5
   1   3   7   4   6             3.1          3.1           3.5           1.6          2.9          0.00         1.60                        5.1  13   9                13.1                4.3                                   17.5          2.9      17.5
   1   3   7   4   7             3.1          3.1           3.7           1.6          2.9          0.18         1.78                        5.4  13   9                13.1                4.3                                   17.5          2.9      17.5
   1   3   7   4   8             3.1          3.1           4.5           1.6          2.9          0.47         2.08                        6.5  13   9                13.1                4.3                                   17.5          2.9      17.5
   1   3   7   4   9             3.1          3.1           5.6           2.3          2.9          0.78         3.03                        8.6  13   9                13.1                4.3                                   17.5          2.9      17.5
   1   3   7   5   1             3.1          3.1           5.8           2.9          2.9          0.00         2.95                        8.8  13   9                13.1                4.3                                   17.5          2.9      17.5
   1   3   7   5   2             3.1          3.1           5.0           2.9          2.9          0.00         2.93                        7.9  13   9                13.1                4.3                                   17.5          2.9      17.5
   1   3   7   5   3             3.1          3.1           4.5           2.8          2.9          0.00         2.80                        7.3  13   9                13.1                4.3                                   17.5          2.9      17.5
   1   3   7   5   4             3.1          3.1           4.2           2.5          2.9          0.00         2.54                        6.7  13   9                13.1                4.3                                   17.5          2.9      17.5
   1   3   7   5   5             3.1          3.1           4.0           2.3          2.9          0.00         2.25                        6.3  13   9                13.1                4.3                                   17.5          2.9      17.5
   1   3   7   5   6             3.1          3.1           4.0           2.3          2.9          0.00         2.25                        6.3  13   9                13.1                4.3                                   17.5          2.9      17.5
   1   3   7   5   7             3.1          3.1           4.3           2.3          2.9          0.13         2.38                        6.7  13   9                13.1                4.3                                   17.5          2.9      17.5
   1   3   7   5   8             3.1          3.1           5.0           2.3          2.9          0.43         2.68                        7.7  13   9                13.1                4.3                                   17.5          2.9      17.5
   1   3   7   5   9             3.1          3.1           5.9           2.3          2.9          0.74         2.99                        8.9  13   9                13.1                4.3                                   17.5          2.9      17.5
   1   3   7   6   1             3.1          3.1           6.2           2.9          2.9          0.00         2.95                        9.1  13   9                13.1                4.3                                   17.5          2.9      17.5
   1   3   7   6   2             3.1          3.1           5.4           2.9          2.9          0.00         2.93                        8.3  13   9                13.1                4.3                                   17.5          2.9      17.5
   1   3   7   6   3             3.1          3.1           4.9           2.8          2.9          0.00         2.80                        7.7  13   9                13.1                4.3                                   17.5          2.9      17.5
   1   3   7   6   4             3.1          3.1           4.7           2.5          2.9          0.00         2.54                        7.2  13   9                13.1                4.3                                   17.5          2.9      17.5
   1   3   7   6   5             3.1          3.1           4.6           2.5          2.9          0.00         2.54                        7.1  13   9                13.1                4.3                                   17.5          2.9      17.5
   1   3   7   6   6             3.1          3.1           4.7           2.5          2.9          0.00         2.54                        7.3  13   9                13.1                4.3                                   17.5          2.9      17.5
   1   3   7   6   7             3.1          3.1           5.1           2.5          2.9          0.14         2.69                        7.8  13   9                13.1                4.3                                   17.5          2.9      17.5
   1   3   7   6   8             3.1          3.1           5.7           2.5          2.9          0.44         2.99                        8.7  13   9                13.1                4.3                                   17.5          2.9      17.5
   1   3   7   6   9             3.1          3.1           6.5           2.5          2.9          0.75         3.29                        9.8  13   9                13.1                4.3                                   17.5          2.9      17.5
   1   3   7   7   1             3.1          3.1           6.8           2.9          2.9          0.00         2.95                        9.7  13   9                13.1                4.3                                   17.5          2.9      17.5
   1   3   7   7   2             3.1          3.1           6.1           2.9          2.9          0.00         2.93                        9.0  13   9                13.1                4.3                                   17.5          2.9      17.5
   1   3   7   7   3             3.1          3.1           5.7           2.8          2.9          0.00         2.80                        8.4  13   9                13.1                4.3                                   17.5          2.9      17.5
   1   3   7   7   4             3.1          3.1           5.4           2.8          2.9          0.00         2.80                        8.2  13   9                13.1                4.3                                   17.5          2.9      17.5
   1   3   7   7   5             3.1          3.1           5.4           2.8          2.9          0.00         2.80                        8.2  13   9                13.1                4.3                                   17.5          2.9      17.5
   1   3   7   7   6             3.1          3.1           5.6           2.8          2.9          0.00         2.80                        8.4  13   9                13.1                4.3                                   17.5          2.9      17.5
   1   3   7   7   7             3.1          3.1           5.9           2.8          2.9          0.21         3.01                        9.0  13   9                13.1                4.3                                   17.5          2.9      17.5
   1   3   7   7   8             3.1          3.1           6.5           2.8          2.9          0.50         3.30                        9.8  13   9                13.1                4.3                                   17.5          2.9      17.5
   1   3   7   7   9             3.1          3.1           7.3           2.8          2.9          0.80         3.60                       10.9  13   9                13.1                4.3                                   17.5          2.9      17.5
   1   3   7   8   1             3.1          3.1           7.6           2.9          2.9          0.00         2.95                       10.5  13   9                13.1                4.3                                   17.5          2.9      17.5
   1   3   7   8   2             3.1          3.1           7.0           2.9          2.9          0.00         2.93                        9.9  13   9                13.1                4.3                                   17.5          2.9      17.5
   1   3   7   8   3             3.1          3.1           6.6           2.9          2.9          0.00         2.93                        9.5  13   9                13.1                4.3                                   17.5          2.9      17.5
   1   3   7   8   4             3.1          3.1           6.4           2.9          2.9          0.00         2.93                        9.3  13   9                13.1                4.3                                   17.5          2.9      17.5
   1   3   7   8   5             3.1          3.1           6.4           2.9          2.9          0.00         2.93                        9.3  13   9                13.1                4.3                                   17.5          2.9      17.5
   1   3   7   8   6             3.1          3.1           6.5           2.9          2.9          0.07         3.00                        9.5  13   9                13.1                4.3                                   17.5          2.9      17.5
   1   3   7   8   7             3.1          3.1           6.9           2.9          2.9          0.33         3.26                       10.1  13   9                13.1                4.3                                   17.5          2.9      17.5
   1   3   7   8   8             3.1          3.1           7.4           2.9          2.9          0.61         3.53                       10.9  13   9                13.1                4.3                                   17.5          2.9      17.5
   1   3   7   8   9             3.1          3.1           8.1           2.9          2.9          0.89         3.82                       11.9  13   9                13.1                4.3                                   17.5          2.9      17.5
   1   3   7   9   1             3.1          3.1           8.5           2.9          2.9          0.00         2.95                       11.5  13   9                13.1                4.3                                   17.5          2.9      17.5
   1   3   7   9   2             3.1          3.1           8.0           2.9          2.9          0.00         2.95                       10.9  13   9                13.1                4.3                                   17.5          2.9      17.5
   1   3   7   9   3             3.1          3.1           7.6           2.9          2.9          0.00         2.95                       10.6  13   9                13.1                4.3                                   17.5          2.9      17.5
   1   3   7   9   4             3.1          3.1           7.4           2.9          2.9          0.00         2.95                       10.4  13   9                13.1                4.3                                   17.5          2.9      17.5
   1   3   7   9   5             3.1          3.1           7.4           2.9          2.9          0.05         3.00                       10.4  13   9                13.1                4.3                                   17.5          2.9      17.5
   1   3   7   9   6             3.1          3.1           7.6           2.9          2.9          0.26         3.20                       10.8  13   9                13.1                4.3                                   17.5          2.9      17.5
   1   3   7   9   7             3.1          3.1           7.9           2.9          2.9          0.49         3.44                       11.3  13   9                13.1                4.3                                   17.5          2.9      17.5
   1   3   7   9   8             3.1          3.1           8.4           2.9          2.9          0.75         3.70                       12.1  13   9                13.1                4.3                                   17.5          2.9      17.5
   1   3   7   9   9             3.1          3.1           9.0           2.9          2.9          1.02         3.97                       13.0  13   9                13.1                4.3                                   17.5          2.9      17.5
   1   3   7  10   1             3.1          3.1           9.5           2.9          2.9          0.05         2.96                       12.5  13   9                13.1                4.3                                   17.5          2.9      17.5
   1   3   7  10   2             3.1          3.1           9.0           2.9          2.9          0.02         2.93                       12.0  13   9                13.1                4.3                                   17.5          2.9      17.5
   1   3   7  10   3             3.1          3.1           8.7           2.9          2.9          0.06         2.97                       11.7  13   9                13.1                4.3                                   17.5          2.9      17.5
   1   3   7  10   4             3.1          3.1           8.5           2.9          2.9          0.15         3.06                       11.6  13   9                13.1                4.3                                   17.5          2.9      17.5
   1   3   7  10   5             3.1          3.1           8.5           2.9          2.9          0.29         3.20                       11.7  13   9                13.1                4.3                                   17.5          2.9      17.5
   1   3   7  10   6             3.1          3.1           8.7           2.9          2.9          0.48         3.39                       12.0  13   9                13.1                4.3                                   17.5          2.9      17.5
   1   3   7  10   7             3.1          3.1           9.0           2.9          2.9          0.69         3.60                       12.6  13   9                13.1                4.3                                   17.5          2.9      17.5
   1   3   7  10   8             3.1          3.1           9.4           2.9          2.9          0.93         3.84                       13.2  13   9                13.1                4.3                                   17.5          2.9      17.5
   1   3   7  10   9             3.1          3.1          10.0           2.9          2.9          1.18         4.09                       14.1  13   9                13.1                4.3                                   17.5          2.9      17.5
   1   3   7  11   1             3.1          3.1          10.6           2.8          2.9          0.35         3.18                       13.8  13   9                13.1                4.3                                   17.5          2.9      17.5
   1   3   7  11   2             3.1          3.1          10.2           2.8          2.9          0.32         3.16                       13.3  13   9                13.1                4.3                                   17.5          2.9      17.5
   1   3   7  11   3             3.1          3.1           9.8           2.8          2.9          0.35         3.19                       13.0  13   9                13.1                4.3                                   17.5          2.9      17.5
   1   3   7  11   4             3.1          3.1           9.7           2.8          2.9          0.43         3.27                       12.9  13   9                13.1                4.3                                   17.5          2.9      17.5
   1   3   7  11   5             3.1          3.1           9.7           2.8          2.9          0.56         3.39                       13.1  13   9                13.1                4.3                                   17.5          2.9      17.5
   1   3   7  11   6             3.1          3.1           9.8           2.8          2.9          0.72         3.56                       13.3  13   9                13.1                4.3                                   17.5          2.9      17.5
   1   3   7  11   7             3.1          3.1          10.1           2.8          2.9          0.91         3.75                       13.8  13   9                13.1                4.3                                   17.5          2.9      17.5
   1   3   7  11   8             3.1          3.1          10.5           2.8          2.9          1.13         3.96                       14.4  13   9                13.1                4.3                                   17.5          2.9      17.5
   1   3   7  11   9             3.1          3.1          11.0           2.8          2.9          1.36         4.20                       15.2  13   9                13.1                4.3                                   17.5          2.9      17.5
   1   3   7  12   1             3.1          3.1          11.7           2.7          2.9          0.65         3.37                       15.1  13   9                13.1                4.3                                   17.5          2.9      17.5
   1   3   7  12   2             3.1          3.1          11.3           2.7          2.9          0.63         3.35                       14.6  13   9                13.1                4.3                                   17.5          2.9      17.5
   1   3   7  12   3             3.1          3.1          11.0           2.7          2.9          0.65         3.37                       14.4  13   9                13.1                4.3                                   17.5          2.9      17.5
   1   3   7  12   4             3.1          3.1          10.9           2.7          2.9          0.72         3.44                       14.3  13   9                13.1                4.3                                   17.5          2.9      17.5
   1   3   7  12   5             3.1          3.1          10.8           2.7          2.9          0.83         3.55                       14.4  13   9                13.1                4.3                                   17.5          2.9      17.5
   1   3   7  12   6             3.1          3.1          11.0           2.7          2.9          0.98         3.70                       14.6  13   9                13.1                4.3                                   17.5          2.9      17.5
   1   3   7  12   7             3.1          3.1          11.2           2.7          2.9          1.15         3.87                       15.1  13   9                13.1                4.3                                   17.5          2.9      17.5
   1   3   7  12   8             3.1          3.1          11.6           2.7          2.9          1.35         4.07                       15.6  13   9                13.1                4.3                                   17.5          2.9      17.5
   1   3   7  12   9             3.1          3.1          12.1           2.7          2.9          1.57         4.29                       16.3  13   9                13.1                4.3                                   17.5          2.9      17.5
   1   3   7  13   1             3.1          3.1          12.8           2.5          2.9          0.96         3.50                       16.3  13   9                13.1                4.3                                   17.5          2.9      17.5
   1   3   7  13   2             3.1          3.1          12.5           2.5          2.9          0.94         3.48                       15.9  13   9                13.1                4.3                                   17.5          2.9      17.5
   1   3   7  13   3             3.1          3.1          12.2           2.5          2.9          0.96         3.50                       15.7  13   9                13.1                4.3                                   17.5          2.9      17.5
   1   3   7  13   4             3.1          3.1          12.0           2.5          2.9          1.02         3.56                       15.6  13   9                13.1                4.3                                   17.5          2.9      17.5
   1   3   7  13   5             3.1          3.1          12.0           2.5          2.9          1.12         3.66                       15.7  13   9                13.1                4.3                                   17.5          2.9      17.5
   1   3   7  13   6             3.1          3.1          12.1           2.5          2.9          1.25         3.79                       15.9  13   9                13.1                4.3                                   17.5          2.9      17.5
   1   3   7  13   7             3.1          3.1          12.4           2.5          2.9          1.41         3.95                       16.3  13   9                13.1                4.3                                   17.5          2.9      17.5
   1   3   7  13   8             3.1          3.1          12.7           2.5          2.9          1.59         4.13                       16.8  13   9                13.1                4.3                                   17.5          2.9      17.5
   1   3   7  13   9             3.1          3.1          13.1           2.5          2.9          1.80         4.34                       17.5  13   9                13.1                4.3                                   17.5          2.9      17.5
