  isite ihyp  i0  j0   i   j nsubs Diff_T_arrive NoOfEffectiveSubfaults NumberOfActiveSubs     f0main 1stElmntF0         f0        hij iflagscalefactor   1/f0main    1/1stF0       1/f0 riset_orig    dur_sub subFaultM0  Tot/subM0
      1    1   3   7   1   1   117     4.125E+00                      4                 56  2.656E-01  1.299E+00  3.395E-01  6.738E+00                2  3.765E+00  7.698E-01  2.945E+00  4.180E-01  2.945E+00  1.573E+23  2.010E+02
      1    1   3   7   1   2   117     3.380E+00                      4                 55  2.656E-01  1.299E+00  3.416E-01  6.661E+00                2  3.765E+00  7.698E-01  2.927E+00  4.180E-01  2.927E+00  3.507E+22  9.018E+02
      1    1   3   7   1   3   117     2.764E+00                      4                 48  2.656E-01  1.299E+00  3.574E-01  6.106E+00                2  3.765E+00  7.698E-01  2.798E+00  4.180E-01  2.798E+00  3.686E+22  8.580E+02
      1    1   3   7   1   4   117     2.285E+00                      4                 36  2.656E-01  1.299E+00  3.934E-01  5.083E+00                2  3.765E+00  7.698E-01  2.542E+00  4.180E-01  2.587E+00  1.068E+23  2.962E+02
      1    1   3   7   1   5   117     1.959E+00                      4                 25  2.656E-01  1.299E+00  4.443E-01  4.033E+00                2  3.765E+00  7.698E-01  2.251E+00  4.180E-01  2.448E+00  1.388E+23  2.278E+02
      1    1   3   7   1   6   117     1.836E+00                      4                 25  2.656E-01  1.299E+00  4.443E-01  4.033E+00                2  3.765E+00  7.698E-01  2.251E+00  4.180E-01  2.640E+00  2.177E+23  1.453E+02
      1    1   3   7   1   7   117     2.026E+00                      4                 25  2.656E-01  1.299E+00  4.443E-01  4.033E+00                2  3.765E+00  7.698E-01  2.251E+00  4.180E-01  2.862E+00  3.081E+23  1.026E+02
      1    1   3   7   1   8   117     2.602E+00                      4                 25  2.656E-01  1.299E+00  4.443E-01  4.033E+00                2  3.765E+00  7.698E-01  2.251E+00  4.180E-01  3.105E+00  3.210E+23  9.853E+01
      1    1   3   7   1   9   117     3.468E+00                      4                 25  2.656E-01  1.299E+00  4.443E-01  4.033E+00                2  3.765E+00  7.698E-01  2.251E+00  4.180E-01  3.365E+00  2.547E+23  1.241E+02
      1    1   3   7   2   1   117     3.488E+00                      4                 56  2.656E-01  1.299E+00  3.395E-01  6.738E+00                2  3.765E+00  7.698E-01  2.945E+00  4.180E-01  2.945E+00  2.420E+23  1.307E+02
      1    1   3   7   2   2   117     2.698E+00                      4                 55  2.656E-01  1.299E+00  3.416E-01  6.661E+00                2  3.765E+00  7.698E-01  2.927E+00  4.180E-01  2.927E+00  4.096E+22  7.720E+02
      1    1   3   7   2   3   117     2.049E+00                      4                 48  2.656E-01  1.299E+00  3.574E-01  6.106E+00                2  3.765E+00  7.698E-01  2.798E+00  4.180E-01  2.798E+00  0.000E+00  Infinity 
      1    1   3   7   2   4   117     1.534E+00                      4                 36  2.656E-01  1.299E+00  3.934E-01  5.083E+00                2  3.765E+00  7.698E-01  2.542E+00  4.180E-01  2.542E+00  4.317E+22  7.325E+02
      1    1   3   7   2   5   117     1.139E+00                      4                 25  2.656E-01  1.299E+00  4.443E-01  4.033E+00                2  3.765E+00  7.698E-01  2.251E+00  4.180E-01  2.251E+00  7.024E+22  4.502E+02
      1    1   3   7   2   6   117     8.872E-01                      4                  9  2.656E-01  1.299E+00  6.245E-01  2.125E+00                2  3.765E+00  7.698E-01  1.601E+00  4.180E-01  1.784E+00  1.813E+23  1.744E+02
      1    1   3   7   2   7   117     9.829E-01                      4                  9  2.656E-01  1.299E+00  6.245E-01  2.125E+00                2  3.765E+00  7.698E-01  1.601E+00  4.180E-01  2.028E+00  3.081E+23  1.026E+02
      1    1   3   7   2   8   117     1.723E+00                      4                  9  2.656E-01  1.299E+00  6.245E-01  2.125E+00                2  3.765E+00  7.698E-01  1.601E+00  4.180E-01  2.292E+00  3.122E+23  1.013E+02
      1    1   3   7   2   9   117     2.786E+00                      4                 25  2.656E-01  1.299E+00  4.443E-01  4.033E+00                2  3.765E+00  7.698E-01  2.251E+00  4.180E-01  3.217E+00  2.880E+23  1.098E+02
      1    1   3   7   3   1   117     3.010E+00                      4                 56  2.656E-01  1.299E+00  3.395E-01  6.738E+00                2  3.765E+00  7.698E-01  2.945E+00  4.180E-01  2.945E+00  2.099E+23  1.507E+02
      1    1   3   7   3   2   117     2.192E+00                      4                 55  2.656E-01  1.299E+00  3.416E-01  6.661E+00                2  3.765E+00  7.698E-01  2.927E+00  4.180E-01  2.927E+00  2.296E+22  1.378E+03
      1    1   3   7   3   3   117     1.545E+00                      4                 48  2.656E-01  1.299E+00  3.574E-01  6.106E+00                2  3.765E+00  7.698E-01  2.798E+00  4.180E-01  2.798E+00  8.909E+22  3.550E+02
      1    1   3   7   3   4   117     1.043E+00                      4                 36  2.656E-01  1.299E+00  3.934E-01  5.083E+00                2  3.765E+00  7.698E-01  2.542E+00  4.180E-01  2.542E+00  1.742E+23  1.816E+02
      1    1   3   7   3   5   117     6.416E-01                      4                 25  2.656E-01  1.299E+00  4.443E-01  4.033E+00                2  3.765E+00  7.698E-01  2.251E+00  4.180E-01  2.251E+00  9.425E+22  3.355E+02
      1    1   3   7   3   6   117     3.019E-01                      4                  9  2.656E-01  1.299E+00  6.245E-01  2.125E+00                2  3.765E+00  7.698E-01  1.601E+00  4.180E-01  1.615E+00  1.020E+23  3.099E+02
      1    1   3   7   3   7   117     0.000E+00                      4                  1  2.656E-01  1.299E+00  1.299E+00  5.626E-01                2  3.765E+00  7.698E-01  7.698E-01  4.180E-01  1.050E+00  2.270E+23  1.393E+02
      1    1   3   7   3   8   117     1.204E+00                      4                  9  2.656E-01  1.299E+00  6.245E-01  2.125E+00                2  3.765E+00  7.698E-01  1.601E+00  4.180E-01  2.162E+00  2.793E+23  1.132E+02
      1    1   3   7   3   9   117     2.423E+00                      4                 25  2.656E-01  1.299E+00  4.443E-01  4.033E+00                2  3.765E+00  7.698E-01  2.251E+00  4.180E-01  3.103E+00  2.521E+23  1.254E+02
      1    1   3   7   4   1   117     2.736E+00                      4                 56  2.656E-01  1.299E+00  3.395E-01  6.738E+00                2  3.765E+00  7.698E-01  2.945E+00  4.180E-01  2.945E+00  1.888E+23  1.675E+02
      1    1   3   7   4   2   117     1.909E+00                      4                 55  2.656E-01  1.299E+00  3.416E-01  6.661E+00                2  3.765E+00  7.698E-01  2.927E+00  4.180E-01  2.927E+00  5.834E+22  5.421E+02
      1    1   3   7   4   3   117     1.304E+00                      4                 48  2.656E-01  1.299E+00  3.574E-01  6.106E+00                2  3.765E+00  7.698E-01  2.798E+00  4.180E-01  2.798E+00  3.057E+23  1.034E+02
      1    1   3   7   4   4   117     8.811E-01                      4                 36  2.656E-01  1.299E+00  3.934E-01  5.083E+00                2  3.765E+00  7.698E-01  2.542E+00  4.180E-01  2.542E+00  4.445E+23  7.115E+01
      1    1   3   7   4   5   117     5.821E-01                      4                 25  2.656E-01  1.299E+00  4.443E-01  4.033E+00                2  3.765E+00  7.698E-01  2.251E+00  4.180E-01  2.251E+00  2.300E+23  1.375E+02
      1    1   3   7   4   6   117     4.128E-01                      4                  9  2.656E-01  1.299E+00  6.245E-01  2.125E+00                2  3.765E+00  7.698E-01  1.601E+00  4.180E-01  1.601E+00  4.454E+22  7.099E+02
      1    1   3   7   4   7   117     5.745E-01                      4                  9  2.656E-01  1.299E+00  6.245E-01  2.125E+00                2  3.765E+00  7.698E-01  1.601E+00  4.180E-01  1.780E+00  1.324E+23  2.389E+02
      1    1   3   7   4   8   117     1.367E+00                      4                  9  2.656E-01  1.299E+00  6.245E-01  2.125E+00                2  3.765E+00  7.698E-01  1.601E+00  4.180E-01  2.075E+00  2.034E+23  1.554E+02
      1    1   3   7   4   9   117     2.472E+00                      4                 25  2.656E-01  1.299E+00  4.443E-01  4.033E+00                2  3.765E+00  7.698E-01  2.251E+00  4.180E-01  3.026E+00  1.811E+23  1.746E+02
      1    1   3   7   5   1   117     2.733E+00                      4                 56  2.656E-01  1.299E+00  3.395E-01  6.738E+00                2  3.765E+00  7.698E-01  2.945E+00  4.180E-01  2.945E+00  2.914E+23  1.085E+02
      1    1   3   7   5   2   117     1.922E+00                      4                 55  2.656E-01  1.299E+00  3.416E-01  6.661E+00                2  3.765E+00  7.698E-01  2.927E+00  4.180E-01  2.927E+00  3.337E+23  9.476E+01
      1    1   3   7   5   3   117     1.385E+00                      4                 48  2.656E-01  1.299E+00  3.574E-01  6.106E+00                2  3.765E+00  7.698E-01  2.798E+00  4.180E-01  2.798E+00  5.581E+23  5.666E+01
      1    1   3   7   5   4   117     1.066E+00                      4                 36  2.656E-01  1.299E+00  3.934E-01  5.083E+00                2  3.765E+00  7.698E-01  2.542E+00  4.180E-01  2.542E+00  6.090E+23  5.193E+01
      1    1   3   7   5   5   117     9.071E-01                      4                 25  2.656E-01  1.299E+00  4.443E-01  4.033E+00                2  3.765E+00  7.698E-01  2.251E+00  4.180E-01  2.251E+00  3.142E+23  1.006E+02
      1    1   3   7   5   6   117     9.291E-01                      4                 25  2.656E-01  1.299E+00  4.443E-01  4.033E+00                2  3.765E+00  7.698E-01  2.251E+00  4.180E-01  2.251E+00  6.497E+22  4.867E+02
      1    1   3   7   5   7   117     1.238E+00                      4                 25  2.656E-01  1.299E+00  4.443E-01  4.033E+00                2  3.765E+00  7.698E-01  2.251E+00  4.180E-01  2.383E+00  4.739E+22  6.673E+02
      1    1   3   7   5   8   117     1.910E+00                      4                 25  2.656E-01  1.299E+00  4.443E-01  4.033E+00                2  3.765E+00  7.698E-01  2.251E+00  4.180E-01  2.685E+00  1.014E+23  3.118E+02
      1    1   3   7   5   9   117     2.853E+00                      4                 25  2.656E-01  1.299E+00  4.443E-01  4.033E+00                2  3.765E+00  7.698E-01  2.251E+00  4.180E-01  2.991E+00  9.604E+22  3.293E+02
      1    1   3   7   6   1   117     3.064E+00                      4                 56  2.656E-01  1.299E+00  3.395E-01  6.738E+00                2  3.765E+00  7.698E-01  2.945E+00  4.180E-01  2.945E+00  2.568E+23  1.231E+02
      1    1   3   7   6   2   117     2.304E+00                      4                 55  2.656E-01  1.299E+00  3.416E-01  6.661E+00                2  3.765E+00  7.698E-01  2.927E+00  4.180E-01  2.927E+00  5.470E+23  5.781E+01
      1    1   3   7   6   3   117     1.821E+00                      4                 48  2.656E-01  1.299E+00  3.574E-01  6.106E+00                2  3.765E+00  7.698E-01  2.798E+00  4.180E-01  2.798E+00  8.461E+23  3.737E+01
      1    1   3   7   6   4   117     1.574E+00                      4                 36  2.656E-01  1.299E+00  3.934E-01  5.083E+00                2  3.765E+00  7.698E-01  2.542E+00  4.180E-01  2.542E+00  7.571E+23  4.177E+01
      1    1   3   7   6   5   117     1.511E+00                      4                 36  2.656E-01  1.299E+00  3.934E-01  5.083E+00                2  3.765E+00  7.698E-01  2.542E+00  4.180E-01  2.542E+00  4.357E+23  7.257E+01
      1    1   3   7   6   6   117     1.638E+00                      4                 36  2.656E-01  1.299E+00  3.934E-01  5.083E+00                2  3.765E+00  7.698E-01  2.542E+00  4.180E-01  2.542E+00  2.125E+23  1.488E+02
      1    1   3   7   6   7   117     1.998E+00                      4                 36  2.656E-01  1.299E+00  3.934E-01  5.083E+00                2  3.765E+00  7.698E-01  2.542E+00  4.180E-01  2.685E+00  1.371E+23  2.306E+02
      1    1   3   7   6   8   117     2.612E+00                      4                 36  2.656E-01  1.299E+00  3.934E-01  5.083E+00                2  3.765E+00  7.698E-01  2.542E+00  4.180E-01  2.985E+00  1.056E+23  2.994E+02
      1    1   3   7   6   9   117     3.443E+00                      4                 36  2.656E-01  1.299E+00  3.934E-01  5.083E+00                2  3.765E+00  7.698E-01  2.542E+00  4.180E-01  3.291E+00  5.865E+22  5.391E+02
      1    1   3   7   7   1   117     3.688E+00                      4                 56  2.656E-01  1.299E+00  3.395E-01  6.738E+00                2  3.765E+00  7.698E-01  2.945E+00  4.180E-01  2.945E+00  6.097E+22  5.187E+02
      1    1   3   7   7   2   117     3.000E+00                      4                 55  2.656E-01  1.299E+00  3.416E-01  6.661E+00                2  3.765E+00  7.698E-01  2.927E+00  4.180E-01  2.927E+00  7.384E+23  4.283E+01
      1    1   3   7   7   3   117     2.556E+00                      4                 48  2.656E-01  1.299E+00  3.574E-01  6.106E+00                2  3.765E+00  7.698E-01  2.798E+00  4.180E-01  2.798E+00  1.053E+24  3.003E+01
      1    1   3   7   7   4   117     2.339E+00                      4                 48  2.656E-01  1.299E+00  3.574E-01  6.106E+00                2  3.765E+00  7.698E-01  2.798E+00  4.180E-01  2.798E+00  9.141E+23  3.459E+01
      1    1   3   7   7   5   117     2.317E+00                      4                 48  2.656E-01  1.299E+00  3.574E-01  6.106E+00                2  3.765E+00  7.698E-01  2.798E+00  4.180E-01  2.798E+00  6.566E+23  4.816E+01
      1    1   3   7   7   6   117     2.485E+00                      4                 48  2.656E-01  1.299E+00  3.574E-01  6.106E+00                2  3.765E+00  7.698E-01  2.798E+00  4.180E-01  2.798E+00  4.937E+23  6.406E+01
      1    1   3   7   7   7   117     2.852E+00                      4                 48  2.656E-01  1.299E+00  3.574E-01  6.106E+00                2  3.765E+00  7.698E-01  2.798E+00  4.180E-01  3.010E+00  4.035E+23  7.837E+01
      1    1   3   7   7   8   117     3.421E+00                      4                 48  2.656E-01  1.299E+00  3.574E-01  6.106E+00                2  3.765E+00  7.698E-01  2.798E+00  4.180E-01  3.300E+00  2.936E+23  1.077E+02
      1    1   3   7   7   9   117     4.170E+00                      4                 48  2.656E-01  1.299E+00  3.574E-01  6.106E+00                2  3.765E+00  7.698E-01  2.798E+00  4.180E-01  3.598E+00  1.465E+23  2.159E+02
      1    1   3   7   8   1   117     4.506E+00                      4                 56  2.656E-01  1.299E+00  3.395E-01  6.738E+00                2  3.765E+00  7.698E-01  2.945E+00  4.180E-01  2.945E+00  2.951E+23  1.072E+02
      1    1   3   7   8   2   117     3.888E+00                      4                 55  2.656E-01  1.299E+00  3.416E-01  6.661E+00                2  3.765E+00  7.698E-01  2.927E+00  4.180E-01  2.927E+00  7.721E+23  4.096E+01
      1    1   3   7   8   3   117     3.479E+00                      4                 55  2.656E-01  1.299E+00  3.416E-01  6.661E+00                2  3.765E+00  7.698E-01  2.927E+00  4.180E-01  2.927E+00  9.486E+23  3.334E+01
      1    1   3   7   8   4   117     3.276E+00                      4                 55  2.656E-01  1.299E+00  3.416E-01  6.661E+00                2  3.765E+00  7.698E-01  2.927E+00  4.180E-01  2.927E+00  8.711E+23  3.630E+01
      1    1   3   7   8   5   117     3.266E+00                      4                 55  2.656E-01  1.299E+00  3.416E-01  6.661E+00                2  3.765E+00  7.698E-01  2.927E+00  4.180E-01  2.927E+00  7.884E+23  4.011E+01
      1    1   3   7   8   6   117     3.438E+00                      4                 55  2.656E-01  1.299E+00  3.416E-01  6.661E+00                2  3.765E+00  7.698E-01  2.927E+00  4.180E-01  3.001E+00  7.415E+23  4.264E+01
      1    1   3   7   8   7   117     3.790E+00                      4                 55  2.656E-01  1.299E+00  3.416E-01  6.661E+00                2  3.765E+00  7.698E-01  2.927E+00  4.180E-01  3.260E+00  6.497E+23  4.867E+01
      1    1   3   7   8   8   117     4.315E+00                      4                 55  2.656E-01  1.299E+00  3.416E-01  6.661E+00                2  3.765E+00  7.698E-01  2.927E+00  4.180E-01  3.534E+00  4.603E+23  6.870E+01
      1    1   3   7   8   9   117     4.997E+00                      4                 55  2.656E-01  1.299E+00  3.416E-01  6.661E+00                2  3.765E+00  7.698E-01  2.927E+00  4.180E-01  3.820E+00  2.221E+23  1.424E+02
      1    1   3   7   9   1   117     5.442E+00                      4                 56  2.656E-01  1.299E+00  3.395E-01  6.738E+00                2  3.765E+00  7.698E-01  2.945E+00  4.180E-01  2.945E+00  1.292E+23  2.447E+02
      1    1   3   7   9   2   117     4.886E+00                      4                 56  2.656E-01  1.299E+00  3.395E-01  6.738E+00                2  3.765E+00  7.698E-01  2.945E+00  4.180E-01  2.945E+00  3.847E+23  8.221E+01
      1    1   3   7   9   3   117     4.510E+00                      4                 56  2.656E-01  1.299E+00  3.395E-01  6.738E+00                2  3.765E+00  7.698E-01  2.945E+00  4.180E-01  2.945E+00  4.814E+23  6.568E+01
      1    1   3   7   9   4   117     4.320E+00                      4                 56  2.656E-01  1.299E+00  3.395E-01  6.738E+00                2  3.765E+00  7.698E-01  2.945E+00  4.180E-01  2.945E+00  5.428E+23  5.826E+01
      1    1   3   7   9   5   117     4.310E+00                      4                 56  2.656E-01  1.299E+00  3.395E-01  6.738E+00                2  3.765E+00  7.698E-01  2.945E+00  4.180E-01  2.997E+00  6.716E+23  4.708E+01
      1    1   3   7   9   6   117     4.472E+00                      4                 56  2.656E-01  1.299E+00  3.395E-01  6.738E+00                2  3.765E+00  7.698E-01  2.945E+00  4.180E-01  3.204E+00  7.682E+23  4.117E+01
      1    1   3   7   9   7   117     4.798E+00                      4                 56  2.656E-01  1.299E+00  3.395E-01  6.738E+00                2  3.765E+00  7.698E-01  2.945E+00  4.180E-01  3.440E+00  6.959E+23  4.544E+01
      1    1   3   7   9   8   117     5.280E+00                      4                 56  2.656E-01  1.299E+00  3.395E-01  6.738E+00                2  3.765E+00  7.698E-01  2.945E+00  4.180E-01  3.695E+00  4.710E+23  6.714E+01
      1    1   3   7   9   9   117     5.904E+00                      4                 56  2.656E-01  1.299E+00  3.395E-01  6.738E+00                2  3.765E+00  7.698E-01  2.945E+00  4.180E-01  3.965E+00  2.111E+23  1.498E+02
      1    1   3   7  10   1   117     6.455E+00                      4                 54  2.656E-01  1.299E+00  3.437E-01  6.583E+00                2  3.765E+00  7.698E-01  2.910E+00  4.180E-01  2.962E+00  0.000E+00  Infinity 
      1    1   3   7  10   2   117     5.951E+00                      4                 54  2.656E-01  1.299E+00  3.437E-01  6.583E+00                2  3.765E+00  7.698E-01  2.910E+00  4.180E-01  2.933E+00  5.665E+22  5.582E+02
      1    1   3   7  10   3   117     5.607E+00                      4                 54  2.656E-01  1.299E+00  3.437E-01  6.583E+00                2  3.765E+00  7.698E-01  2.910E+00  4.180E-01  2.968E+00  2.284E+23  1.385E+02
      1    1   3   7  10   4   117     5.430E+00                      4                 54  2.656E-01  1.299E+00  3.437E-01  6.583E+00                2  3.765E+00  7.698E-01  2.910E+00  4.180E-01  3.061E+00  2.544E+23  1.243E+02
      1    1   3   7  10   5   117     5.417E+00                      4                 54  2.656E-01  1.299E+00  3.437E-01  6.583E+00                2  3.765E+00  7.698E-01  2.910E+00  4.180E-01  3.204E+00  4.046E+23  7.816E+01
      1    1   3   7  10   6   117     5.563E+00                      4                 54  2.656E-01  1.299E+00  3.437E-01  6.583E+00                2  3.765E+00  7.698E-01  2.910E+00  4.180E-01  3.387E+00  5.431E+23  5.822E+01
      1    1   3   7  10   7   117     5.862E+00                      4                 54  2.656E-01  1.299E+00  3.437E-01  6.583E+00                2  3.765E+00  7.698E-01  2.910E+00  4.180E-01  3.600E+00  4.855E+23  6.513E+01
      1    1   3   7  10   8   117     6.303E+00                      4                 54  2.656E-01  1.299E+00  3.437E-01  6.583E+00                2  3.765E+00  7.698E-01  2.910E+00  4.180E-01  3.836E+00  2.946E+23  1.073E+02
      1    1   3   7  10   9   117     6.873E+00                      4                 54  2.656E-01  1.299E+00  3.437E-01  6.583E+00                2  3.765E+00  7.698E-01  2.910E+00  4.180E-01  4.089E+00  1.074E+23  2.944E+02
      1    1   3   7  11   1   117     7.519E+00                      4                 50  2.656E-01  1.299E+00  3.526E-01  6.267E+00                2  3.765E+00  7.698E-01  2.836E+00  4.180E-01  3.183E+00  1.053E+20  3.003E+05
      1    1   3   7  11   2   117     7.061E+00                      4                 50  2.656E-01  1.299E+00  3.526E-01  6.267E+00                2  3.765E+00  7.698E-01  2.836E+00  4.180E-01  3.160E+00  5.707E+22  5.541E+02
      1    1   3   7  11   3   117     6.746E+00                      4                 50  2.656E-01  1.299E+00  3.526E-01  6.267E+00                2  3.765E+00  7.698E-01  2.836E+00  4.180E-01  3.189E+00  2.568E+23  1.231E+02
      1    1   3   7  11   4   117     6.580E+00                      4                 50  2.656E-01  1.299E+00  3.526E-01  6.267E+00                2  3.765E+00  7.698E-01  2.836E+00  4.180E-01  3.268E+00  1.622E+23  1.950E+02
      1    1   3   7  11   5   117     6.565E+00                      4                 50  2.656E-01  1.299E+00  3.526E-01  6.267E+00                2  3.765E+00  7.698E-01  2.836E+00  4.180E-01  3.393E+00  1.533E+23  2.063E+02
      1    1   3   7  11   6   117     6.696E+00                      4                 50  2.656E-01  1.299E+00  3.526E-01  6.267E+00                2  3.765E+00  7.698E-01  2.836E+00  4.180E-01  3.555E+00  2.041E+23  1.550E+02
      1    1   3   7  11   7   117     6.967E+00                      4                 50  2.656E-01  1.299E+00  3.526E-01  6.267E+00                2  3.765E+00  7.698E-01  2.836E+00  4.180E-01  3.748E+00  1.622E+23  1.950E+02
      1    1   3   7  11   8   117     7.370E+00                      4                 50  2.656E-01  1.299E+00  3.526E-01  6.267E+00                2  3.765E+00  7.698E-01  2.836E+00  4.180E-01  3.965E+00  6.592E+22  4.797E+02
      1    1   3   7  11   9   117     7.894E+00                      4                 50  2.656E-01  1.299E+00  3.526E-01  6.267E+00                2  3.765E+00  7.698E-01  2.836E+00  4.180E-01  4.200E+00  0.000E+00  Infinity 
      1    1   3   7  12   1   117     8.622E+00                      4                 44  2.656E-01  1.299E+00  3.680E-01  5.776E+00                2  3.765E+00  7.698E-01  2.718E+00  4.180E-01  3.367E+00  9.372E+21  3.374E+03
      1    1   3   7  12   2   117     8.202E+00                      4                 44  2.656E-01  1.299E+00  3.680E-01  5.776E+00                2  3.765E+00  7.698E-01  2.718E+00  4.180E-01  3.347E+00  1.603E+23  1.973E+02
      1    1   3   7  12   3   117     7.912E+00                      4                 44  2.656E-01  1.299E+00  3.680E-01  5.776E+00                2  3.765E+00  7.698E-01  2.718E+00  4.180E-01  3.372E+00  3.326E+23  9.506E+01
      1    1   3   7  12   4   117     7.758E+00                      4                 44  2.656E-01  1.299E+00  3.680E-01  5.776E+00                2  3.765E+00  7.698E-01  2.718E+00  4.180E-01  3.441E+00  1.526E+23  2.073E+02
      1    1   3   7  12   5   117     7.741E+00                      4                 44  2.656E-01  1.299E+00  3.680E-01  5.776E+00                2  3.765E+00  7.698E-01  2.718E+00  4.180E-01  3.551E+00  2.106E+20  1.502E+05
      1    1   3   7  12   6   117     7.858E+00                      4                 44  2.656E-01  1.299E+00  3.680E-01  5.776E+00                2  3.765E+00  7.698E-01  2.718E+00  4.180E-01  3.696E+00  0.000E+00  Infinity 
      1    1   3   7  12   7   117     8.104E+00                      4                 44  2.656E-01  1.299E+00  3.680E-01  5.776E+00                2  3.765E+00  7.698E-01  2.718E+00  4.180E-01  3.871E+00  0.000E+00  Infinity 
      1    1   3   7  12   8   117     8.473E+00                      4                 44  2.656E-01  1.299E+00  3.680E-01  5.776E+00                2  3.765E+00  7.698E-01  2.718E+00  4.180E-01  4.070E+00  0.000E+00  Infinity 
      1    1   3   7  12   9   117     8.955E+00                      4                 44  2.656E-01  1.299E+00  3.680E-01  5.776E+00                2  3.765E+00  7.698E-01  2.718E+00  4.180E-01  4.289E+00  0.000E+00  Infinity 
      1    1   3   7  13   1   117     9.753E+00                      4                 36  2.656E-01  1.299E+00  3.934E-01  5.083E+00                2  3.765E+00  7.698E-01  2.542E+00  4.180E-01  3.498E+00  0.000E+00  Infinity 
      1    1   3   7  13   2   117     9.366E+00                      4                 36  2.656E-01  1.299E+00  3.934E-01  5.083E+00                2  3.765E+00  7.698E-01  2.542E+00  4.180E-01  3.480E+00  1.834E+23  1.724E+02
      1    1   3   7  13   3   117     9.099E+00                      4                 36  2.656E-01  1.299E+00  3.934E-01  5.083E+00                2  3.765E+00  7.698E-01  2.542E+00  4.180E-01  3.502E+00  3.157E+23  1.002E+02
      1    1   3   7  13   4   117     8.955E+00                      4                 36  2.656E-01  1.299E+00  3.934E-01  5.083E+00                2  3.765E+00  7.698E-01  2.542E+00  4.180E-01  3.563E+00  9.245E+22  3.420E+02
      1    1   3   7  13   5   117     8.936E+00                      4                 36  2.656E-01  1.299E+00  3.934E-01  5.083E+00                2  3.765E+00  7.698E-01  2.542E+00  4.180E-01  3.661E+00  0.000E+00  Infinity 
      1    1   3   7  13   6   117     9.041E+00                      4                 36  2.656E-01  1.299E+00  3.934E-01  5.083E+00                2  3.765E+00  7.698E-01  2.542E+00  4.180E-01  3.791E+00  0.000E+00  Infinity 
      1    1   3   7  13   7   117     9.266E+00                      4                 36  2.656E-01  1.299E+00  3.934E-01  5.083E+00                2  3.765E+00  7.698E-01  2.542E+00  4.180E-01  3.950E+00  0.000E+00  Infinity 
      1    1   3   7  13   8   117     9.605E+00                      4                 36  2.656E-01  1.299E+00  3.934E-01  5.083E+00                2  3.765E+00  7.698E-01  2.542E+00  4.180E-01  4.134E+00  0.000E+00  Infinity 
      1    1   3   7  13   9   117     1.005E+01                      4                 36  2.656E-01  1.299E+00  3.934E-01  5.083E+00                2  3.765E+00  7.698E-01  2.542E+00  4.180E-01  4.337E+00  0.000E+00  Infinity 
