**********************************************
*******  Husid Time Series ************
*** Site #   1
*** trial   40
Input Parameters file =  aqk_0604__parameters.out                                                                                                
  4096 samples
dt:  0.010 sec
data format: (1x,f8.3,1p,2x,e11.4)
 Arias intensity =   2.227E+02
 75%-5% duration =   3.770E+00
fault Dis.(km)=    3.84
Hypo  Dis.(km)=   11.75
     time       husid
    0.000  0.0000E+00
    0.010  0.0000E+00
    0.020  0.0000E+00
    0.030  0.0000E+00
    0.040  0.0000E+00
    0.050  0.0000E+00
    0.060  0.0000E+00
    0.070  0.0000E+00
    0.080  0.0000E+00
    0.090  0.0000E+00
    0.100  0.0000E+00
    0.110  0.0000E+00
    0.120  0.0000E+00
    0.130  0.0000E+00
    0.140  0.0000E+00
    0.150  0.0000E+00
    0.160  0.0000E+00
    0.170  0.0000E+00
    0.180  0.0000E+00
    0.190  0.0000E+00
    0.200  4.6558E-10
    0.210  2.3200E-09
    0.220  5.3926E-09
    0.230  1.0411E-08
    0.240  1.8571E-08
    0.250  3.1564E-08
    0.260  5.1122E-08
    0.270  7.8042E-08
    0.280  1.1149E-07
    0.290  1.4942E-07
    0.300  1.8969E-07
    0.310  2.3075E-07
    0.320  2.7161E-07
    0.330  3.1138E-07
    0.340  3.4911E-07
    0.350  3.8395E-07
    0.360  4.1517E-07
    0.370  4.4224E-07
    0.380  4.6488E-07
    0.390  4.8353E-07
    0.400  4.9941E-07
    0.410  5.1423E-07
    0.420  5.2943E-07
    0.430  5.4550E-07
    0.440  5.6160E-07
    0.450  5.7619E-07
    0.460  5.8806E-07
    0.470  5.9679E-07
    0.480  6.0258E-07
    0.490  6.0593E-07
    0.500  6.0748E-07
    0.510  6.0796E-07
    0.520  6.0801E-07
    0.530  6.0812E-07
    0.540  6.0867E-07
    0.550  6.0988E-07
    0.560  6.1185E-07
    0.570  6.1465E-07
    0.580  6.1843E-07
    0.590  6.2137E-07
    0.600  6.2420E-07
    0.610  6.2950E-07
    0.620  6.3709E-07
    0.630  6.4653E-07
    0.640  6.5791E-07
    0.650  6.7228E-07
    0.660  6.9118E-07
    0.670  7.1566E-07
    0.680  7.4527E-07
    0.690  7.7802E-07
    0.700  8.1457E-07
    0.710  8.5327E-07
    0.720  8.9051E-07
    0.730  9.2682E-07
    0.740  9.6239E-07
    0.750  9.9578E-07
    0.760  1.0239E-06
    0.770  1.0437E-06
    0.780  1.0545E-06
    0.790  1.0586E-06
    0.800  1.0593E-06
    0.810  1.0594E-06
    0.820  1.0599E-06
    0.830  1.0616E-06
    0.840  1.0652E-06
    0.850  1.0727E-06
    0.860  1.0875E-06
    0.870  1.1138E-06
    0.880  1.1555E-06
    0.890  1.2158E-06
    0.900  1.2955E-06
    0.910  1.3915E-06
    0.920  1.4966E-06
    0.930  1.6001E-06
    0.940  1.6910E-06
    0.950  1.7614E-06
    0.960  1.8096E-06
    0.970  1.8396E-06
    0.980  1.8575E-06
    0.990  1.8695E-06
    1.000  1.8797E-06
    1.010  1.8914E-06
    1.020  1.9064E-06
    1.030  1.9251E-06
    1.040  1.9456E-06
    1.050  1.9660E-06
    1.060  1.9850E-06
    1.070  2.0021E-06
    1.080  2.0172E-06
    1.090  2.0309E-06
    1.100  2.0440E-06
    1.110  2.0582E-06
    1.120  2.0752E-06
    1.130  2.0966E-06
    1.140  2.1238E-06
    1.150  2.1570E-06
    1.160  2.1948E-06
    1.170  2.2348E-06
    1.180  2.2742E-06
    1.190  2.3108E-06
    1.200  2.3437E-06
    1.210  2.3728E-06
    1.220  2.3975E-06
    1.230  2.4170E-06
    1.240  2.4308E-06
    1.250  2.4395E-06
    1.260  2.4444E-06
    1.270  2.4469E-06
    1.280  2.4482E-06
    1.290  2.4486E-06
    1.300  2.4487E-06
    1.310  2.4488E-06
    1.320  2.4492E-06
    1.330  2.4499E-06
    1.340  2.4509E-06
    1.350  2.4522E-06
    1.360  2.4536E-06
    1.370  2.4549E-06
    1.380  2.4559E-06
    1.390  2.4563E-06
    1.400  2.4564E-06
    1.410  2.4575E-06
    1.420  2.4618E-06
    1.430  2.4717E-06
    1.440  2.4888E-06
    1.450  2.5135E-06
    1.460  2.5457E-06
    1.470  2.5849E-06
    1.480  2.6321E-06
    1.490  2.6910E-06
    1.500  2.7682E-06
    1.510  2.8727E-06
    1.520  3.0119E-06
    1.530  3.1876E-06
    1.540  3.3928E-06
    1.550  3.6151E-06
    1.560  3.8416E-06
    1.570  4.0637E-06
    1.580  4.2776E-06
    1.590  4.4826E-06
    1.600  4.6785E-06
    1.610  4.8640E-06
    1.620  5.0360E-06
    1.630  5.1898E-06
    1.640  5.3223E-06
    1.650  5.4327E-06
    1.660  5.5240E-06
    1.670  5.6010E-06
    1.680  5.6682E-06
    1.690  5.7281E-06
    1.700  5.7808E-06
    1.710  5.8258E-06
    1.720  5.8627E-06
    1.730  5.8917E-06
    1.740  5.9124E-06
    1.750  5.9247E-06
    1.760  5.9298E-06
    1.770  5.9309E-06
    1.780  5.9310E-06
    1.790  5.9321E-06
    1.800  5.9353E-06
    1.810  5.9412E-06
    1.820  5.9496E-06
    1.830  5.9678E-06
    1.840  6.0088E-06
    1.850  6.0905E-06
    1.860  6.2428E-06
    1.870  6.5198E-06
    1.880  6.9377E-06
    1.890  7.4911E-06
    1.900  8.2175E-06
    1.910  1.0331E-05
    1.920  1.4219E-05
    1.930  1.8362E-05
    1.940  2.2755E-05
    1.950  2.7366E-05
    1.960  3.2112E-05
    1.970  3.6871E-05
    1.980  4.1497E-05
    1.990  4.5838E-05
    2.000  4.9728E-05
    2.010  5.2989E-05
    2.020  5.5467E-05
    2.030  5.7114E-05
    2.040  5.8036E-05
    2.050  5.8450E-05
    2.060  5.8584E-05
    2.070  5.8604E-05
    2.080  5.8611E-05
    2.090  5.8646E-05
    2.100  5.8733E-05
    2.110  5.8997E-05
    2.120  5.9923E-05
    2.130  6.1879E-05
    2.140  6.5017E-05
    2.150  7.0146E-05
    2.160  7.7464E-05
    2.170  8.6325E-05
    2.180  9.6038E-05
    2.190  1.0585E-04
    2.200  1.1515E-04
    2.210  1.2349E-04
    2.220  1.3055E-04
    2.230  1.3611E-04
    2.240  1.4006E-04
    2.250  1.4247E-04
    2.260  1.4367E-04
    2.270  1.4409E-04
    2.280  1.4416E-04
    2.290  1.4419E-04
    2.300  1.4455E-04
    2.310  1.4571E-04
    2.320  1.4824E-04
    2.330  1.5251E-04
    2.340  1.5846E-04
    2.350  1.6559E-04
    2.360  1.7327E-04
    2.370  1.8098E-04
    2.380  1.8848E-04
    2.390  1.9576E-04
    2.400  2.0289E-04
    2.410  2.0997E-04
    2.420  2.1701E-04
    2.430  2.2162E-04
    2.440  2.2422E-04
    2.450  2.2686E-04
    2.460  2.2897E-04
    2.470  2.3008E-04
    2.480  2.3069E-04
    2.490  2.3111E-04
    2.500  2.3126E-04
    2.510  2.3127E-04
    2.520  2.3143E-04
    2.530  2.3191E-04
    2.540  2.3256E-04
    2.550  2.3302E-04
    2.560  2.3315E-04
    2.570  2.3317E-04
    2.580  2.3346E-04
    2.590  2.3436E-04
    2.600  2.3591E-04
    2.610  2.3799E-04
    2.620  2.4055E-04
    2.630  2.4351E-04
    2.640  2.4713E-04
    2.650  2.5256E-04
    2.660  2.6034E-04
    2.670  2.7006E-04
    2.680  2.8380E-04
    2.690  3.0132E-04
    2.700  3.1968E-04
    2.710  3.3875E-04
    2.720  3.5866E-04
    2.730  3.7974E-04
    2.740  4.0269E-04
    2.750  4.2828E-04
    2.760  4.5629E-04
    2.770  4.8314E-04
    2.780  5.0779E-04
    2.790  5.3200E-04
    2.800  5.5510E-04
    2.810  5.7595E-04
    2.820  5.9335E-04
    2.830  6.0649E-04
    2.840  6.1527E-04
    2.850  6.2028E-04
    2.860  6.2259E-04
    2.870  6.2335E-04
    2.880  6.2346E-04
    2.890  6.2349E-04
    2.900  6.2371E-04
    2.910  6.2415E-04
    2.920  6.2468E-04
    2.930  6.2515E-04
    2.940  6.2545E-04
    2.950  6.2560E-04
    2.960  6.2567E-04
    2.970  6.2575E-04
    2.980  6.2597E-04
    2.990  6.2662E-04
    3.000  6.2819E-04
    3.010  6.3121E-04
    3.020  6.3617E-04
    3.030  6.4288E-04
    3.040  6.5033E-04
    3.050  6.6096E-04
    3.060  6.7430E-04
    3.070  6.8588E-04
    3.080  6.9546E-04
    3.090  7.0331E-04
    3.100  7.0999E-04
    3.110  7.1593E-04
    3.120  7.2162E-04
    3.130  7.2754E-04
    3.140  7.3381E-04
    3.150  7.4035E-04
    3.160  7.4692E-04
    3.170  7.5327E-04
    3.180  7.5921E-04
    3.190  7.6461E-04
    3.200  7.6927E-04
    3.210  7.7283E-04
    3.220  7.7495E-04
    3.230  7.7573E-04
    3.240  7.7581E-04
    3.250  7.7603E-04
    3.260  7.7693E-04
    3.270  7.7871E-04
    3.280  7.8137E-04
    3.290  7.8489E-04
    3.300  7.8920E-04
    3.310  7.9403E-04
    3.320  7.9887E-04
    3.330  8.0322E-04
    3.340  8.0662E-04
    3.350  8.0888E-04
    3.360  8.1009E-04
    3.370  8.1056E-04
    3.380  8.1070E-04
    3.390  8.1074E-04
    3.400  8.1081E-04
    3.410  8.1097E-04
    3.420  8.1121E-04
    3.430  8.1140E-04
    3.440  8.1144E-04
    3.450  8.1153E-04
    3.460  8.1226E-04
    3.470  8.1440E-04
    3.480  8.1866E-04
    3.490  8.2544E-04
    3.500  8.3485E-04
    3.510  8.4655E-04
    3.520  8.5967E-04
    3.530  8.7305E-04
    3.540  8.8574E-04
    3.550  8.9533E-04
    3.560  9.0252E-04
    3.570  9.1019E-04
    3.580  9.1921E-04
    3.590  9.2986E-04
    3.600  9.4131E-04
    3.610  9.5196E-04
    3.620  9.6036E-04
    3.630  9.6610E-04
    3.640  9.6961E-04
    3.650  9.7165E-04
    3.660  9.7287E-04
    3.670  9.7361E-04
    3.680  9.7398E-04
    3.690  9.7405E-04
    3.700  9.7418E-04
    3.710  9.7504E-04
    3.720  9.7702E-04
    3.730  9.8123E-04
    3.740  9.8758E-04
    3.750  9.9482E-04
    3.760  1.0028E-03
    3.770  1.0110E-03
    3.780  1.0191E-03
    3.790  1.0260E-03
    3.800  1.0303E-03
    3.810  1.0316E-03
    3.820  1.0318E-03
    3.830  1.0347E-03
    3.840  1.0446E-03
    3.850  1.0645E-03
    3.860  1.0954E-03
    3.870  1.1358E-03
    3.880  1.1838E-03
    3.890  1.2380E-03
    3.900  1.2986E-03
    3.910  1.3669E-03
    3.920  1.4453E-03
    3.930  1.5352E-03
    3.940  1.6363E-03
    3.950  1.7461E-03
    3.960  1.8598E-03
    3.970  1.9710E-03
    3.980  2.0817E-03
    3.990  2.1927E-03
    4.000  2.2990E-03
    4.010  2.4000E-03
    4.020  2.4955E-03
    4.030  2.5855E-03
    4.040  2.6698E-03
    4.050  2.7475E-03
    4.060  2.8166E-03
    4.070  2.8734E-03
    4.080  2.9154E-03
    4.090  2.9417E-03
    4.100  2.9548E-03
    4.110  2.9603E-03
    4.120  2.9622E-03
    4.130  2.9627E-03
    4.140  2.9628E-03
    4.150  2.9628E-03
    4.160  2.9628E-03
    4.170  2.9629E-03
    4.180  2.9631E-03
    4.190  2.9637E-03
    4.200  2.9650E-03
    4.210  2.9671E-03
    4.220  2.9701E-03
    4.230  2.9746E-03
    4.240  2.9816E-03
    4.250  2.9923E-03
    4.260  3.0082E-03
    4.270  3.0308E-03
    4.280  3.0606E-03
    4.290  3.0962E-03
    4.300  3.1334E-03
    4.310  3.1674E-03
    4.320  3.1958E-03
    4.330  3.2184E-03
    4.340  3.2367E-03
    4.350  3.2528E-03
    4.360  3.2694E-03
    4.370  3.2890E-03
    4.380  3.3143E-03
    4.390  3.3469E-03
    4.400  3.3879E-03
    4.410  3.4376E-03
    4.420  3.4934E-03
    4.430  3.5514E-03
    4.440  3.6079E-03
    4.450  3.6596E-03
    4.460  3.7033E-03
    4.470  3.7356E-03
    4.480  3.7547E-03
    4.490  3.7622E-03
    4.500  3.7634E-03
    4.510  3.7638E-03
    4.520  3.7668E-03
    4.530  3.7727E-03
    4.540  3.7814E-03
    4.550  3.7928E-03
    4.560  3.8079E-03
    4.570  3.8271E-03
    4.580  3.8468E-03
    4.590  3.8647E-03
    4.600  3.8805E-03
    4.610  3.8920E-03
    4.620  3.8988E-03
    4.630  3.9018E-03
    4.640  3.9026E-03
    4.650  3.9028E-03
    4.660  3.9028E-03
    4.670  3.9028E-03
    4.680  3.9032E-03
    4.690  3.9044E-03
    4.700  3.9061E-03
    4.710  3.9076E-03
    4.720  3.9083E-03
    4.730  3.9084E-03
    4.740  3.9091E-03
    4.750  3.9130E-03
    4.760  3.9219E-03
    4.770  3.9350E-03
    4.780  3.9499E-03
    4.790  3.9633E-03
    4.800  3.9733E-03
    4.810  3.9786E-03
    4.820  3.9808E-03
    4.830  3.9825E-03
    4.840  3.9848E-03
    4.850  3.9888E-03
    4.860  3.9951E-03
    4.870  4.0029E-03
    4.880  4.0103E-03
    4.890  4.0154E-03
    4.900  4.0178E-03
    4.910  4.0184E-03
    4.920  4.0184E-03
    4.930  4.0188E-03
    4.940  4.0204E-03
    4.950  4.0255E-03
    4.960  4.0380E-03
    4.970  4.0613E-03
    4.980  4.0943E-03
    4.990  4.1311E-03
    5.000  4.1661E-03
    5.010  4.1967E-03
    5.020  4.2234E-03
    5.030  4.2465E-03
    5.040  4.2656E-03
    5.050  4.2786E-03
    5.060  4.2842E-03
    5.070  4.2849E-03
    5.080  4.2872E-03
    5.090  4.2993E-03
    5.100  4.3269E-03
    5.110  4.3723E-03
    5.120  4.4352E-03
    5.130  4.5126E-03
    5.140  4.6008E-03
    5.150  4.6960E-03
    5.160  4.7971E-03
    5.170  4.9054E-03
    5.180  5.0239E-03
    5.190  5.1544E-03
    5.200  5.2983E-03
    5.210  5.4576E-03
    5.220  5.6334E-03
    5.230  5.8229E-03
    5.240  6.0185E-03
    5.250  6.2119E-03
    5.260  6.3998E-03
    5.270  6.5868E-03
    5.280  6.7798E-03
    5.290  6.9812E-03
    5.300  7.1927E-03
    5.310  7.4104E-03
    5.320  7.6167E-03
    5.330  7.7827E-03
    5.340  7.8868E-03
    5.350  7.9322E-03
    5.360  7.9428E-03
    5.370  7.9434E-03
    5.380  7.9468E-03
    5.390  7.9555E-03
    5.400  7.9662E-03
    5.410  7.9757E-03
    5.420  7.9829E-03
    5.430  7.9888E-03
    5.440  7.9952E-03
    5.450  8.0043E-03
    5.460  8.0175E-03
    5.470  8.0340E-03
    5.480  8.0559E-03
    5.490  8.0904E-03
    5.500  8.1458E-03
    5.510  8.2210E-03
    5.520  8.3075E-03
    5.530  8.4034E-03
    5.540  8.5122E-03
    5.550  8.6281E-03
    5.560  8.7336E-03
    5.570  8.8134E-03
    5.580  8.8655E-03
    5.590  8.8979E-03
    5.600  8.9198E-03
    5.610  8.9389E-03
    5.620  8.9618E-03
    5.630  8.9952E-03
    5.640  9.0491E-03
    5.650  9.1381E-03
    5.660  9.2748E-03
    5.670  9.4582E-03
    5.680  9.6745E-03
    5.690  9.9171E-03
    5.700  1.0168E-02
    5.710  1.0396E-02
    5.720  1.0582E-02
    5.730  1.0715E-02
    5.740  1.0793E-02
    5.750  1.0826E-02
    5.760  1.0836E-02
    5.770  1.0839E-02
    5.780  1.0845E-02
    5.790  1.0856E-02
    5.800  1.0871E-02
    5.810  1.0883E-02
    5.820  1.0886E-02
    5.830  1.0888E-02
    5.840  1.0907E-02
    5.850  1.0956E-02
    5.860  1.1029E-02
    5.870  1.1107E-02
    5.880  1.1177E-02
    5.890  1.1239E-02
    5.900  1.1296E-02
    5.910  1.1349E-02
    5.920  1.1402E-02
    5.930  1.1453E-02
    5.940  1.1501E-02
    5.950  1.1534E-02
    5.960  1.1548E-02
    5.970  1.1549E-02
    5.980  1.1552E-02
    5.990  1.1570E-02
    6.000  1.1614E-02
    6.010  1.1683E-02
    6.020  1.1760E-02
    6.030  1.1824E-02
    6.040  1.1860E-02
    6.050  1.1870E-02
    6.060  1.1871E-02
    6.070  1.1891E-02
    6.080  1.1941E-02
    6.090  1.2003E-02
    6.100  1.2052E-02
    6.110  1.2075E-02
    6.120  1.2079E-02
    6.130  1.2082E-02
    6.140  1.2101E-02
    6.150  1.2150E-02
    6.160  1.2227E-02
    6.170  1.2317E-02
    6.180  1.2393E-02
    6.190  1.2440E-02
    6.200  1.2456E-02
    6.210  1.2458E-02
    6.220  1.2473E-02
    6.230  1.2517E-02
    6.240  1.2571E-02
    6.250  1.2606E-02
    6.260  1.2614E-02
    6.270  1.2616E-02
    6.280  1.2629E-02
    6.290  1.2664E-02
    6.300  1.2726E-02
    6.310  1.2822E-02
    6.320  1.2977E-02
    6.330  1.3232E-02
    6.340  1.3629E-02
    6.350  1.4181E-02
    6.360  1.4872E-02
    6.370  1.5681E-02
    6.380  1.6581E-02
    6.390  1.7526E-02
    6.400  1.8449E-02
    6.410  1.9298E-02
    6.420  2.0075E-02
    6.430  2.0818E-02
    6.440  2.1570E-02
    6.450  2.2342E-02
    6.460  2.3106E-02
    6.470  2.3838E-02
    6.480  2.4541E-02
    6.490  2.5245E-02
    6.500  2.5981E-02
    6.510  2.6754E-02
    6.520  2.7529E-02
    6.530  2.8246E-02
    6.540  2.8847E-02
    6.550  2.9306E-02
    6.560  2.9635E-02
    6.570  2.9860E-02
    6.580  3.0006E-02
    6.590  3.0093E-02
    6.600  3.0137E-02
    6.610  3.0158E-02
    6.620  3.0169E-02
    6.630  3.0175E-02
    6.640  3.0185E-02
    6.650  3.0210E-02
    6.660  3.0275E-02
    6.670  3.0404E-02
    6.680  3.0596E-02
    6.690  3.0824E-02
    6.700  3.1036E-02
    6.710  3.1186E-02
    6.720  3.1254E-02
    6.730  3.1264E-02
    6.740  3.1278E-02
    6.750  3.1346E-02
    6.760  3.1471E-02
    6.770  3.1605E-02
    6.780  3.1706E-02
    6.790  3.1767E-02
    6.800  3.1805E-02
    6.810  3.1837E-02
    6.820  3.1865E-02
    6.830  3.1889E-02
    6.840  3.1907E-02
    6.850  3.1923E-02
    6.860  3.1941E-02
    6.870  3.1957E-02
    6.880  3.1968E-02
    6.890  3.1973E-02
    6.900  3.1976E-02
    6.910  3.1983E-02
    6.920  3.2016E-02
    6.930  3.2119E-02
    6.940  3.2325E-02
    6.950  3.2624E-02
    6.960  3.2962E-02
    6.970  3.3270E-02
    6.980  3.3507E-02
    6.990  3.3673E-02
    7.000  3.3789E-02
    7.010  3.3871E-02
    7.020  3.3928E-02
    7.030  3.3961E-02
    7.040  3.3980E-02
    7.050  3.3992E-02
    7.060  3.3998E-02
    7.070  3.4000E-02
    7.080  3.4002E-02
    7.090  3.4032E-02
    7.100  3.4149E-02
    7.110  3.4365E-02
    7.120  3.4595E-02
    7.130  3.4727E-02
    7.140  3.4753E-02
    7.150  3.4774E-02
    7.160  3.4887E-02
    7.170  3.5033E-02
    7.180  3.5085E-02
    7.190  3.5116E-02
    7.200  3.5318E-02
    7.210  3.5608E-02
    7.220  3.5819E-02
    7.230  3.5925E-02
    7.240  3.5969E-02
    7.250  3.5985E-02
    7.260  3.5987E-02
    7.270  3.6012E-02
    7.280  3.6091E-02
    7.290  3.6202E-02
    7.300  3.6284E-02
    7.310  3.6307E-02
    7.320  3.6309E-02
    7.330  3.6327E-02
    7.340  3.6357E-02
    7.350  3.6367E-02
    7.360  3.6392E-02
    7.370  3.6616E-02
    7.380  3.7237E-02
    7.390  3.8228E-02
    7.400  3.9413E-02
    7.410  4.0745E-02
    7.420  4.2258E-02
    7.430  4.3861E-02
    7.440  4.5384E-02
    7.450  4.6651E-02
    7.460  4.7449E-02
    7.470  4.7722E-02
    7.480  4.7743E-02
    7.490  4.7783E-02
    7.500  4.7864E-02
    7.510  4.7898E-02
    7.520  4.7910E-02
    7.530  4.8021E-02
    7.540  4.8268E-02
    7.550  4.8553E-02
    7.560  4.8779E-02
    7.570  4.8962E-02
    7.580  4.9245E-02
    7.590  4.9965E-02
    7.600  5.1658E-02
    7.610  5.4768E-02
    7.620  5.9424E-02
    7.630  6.5556E-02
    7.640  7.2897E-02
    7.650  8.0483E-02
    7.660  8.6992E-02
    7.670  9.2005E-02
    7.680  9.5913E-02
    7.690  9.9352E-02
    7.700  1.0293E-01
    7.710  1.0667E-01
    7.720  1.0992E-01
    7.730  1.1237E-01
    7.740  1.1425E-01
    7.750  1.1595E-01
    7.760  1.1792E-01
    7.770  1.2055E-01
    7.780  1.2388E-01
    7.790  1.2740E-01
    7.800  1.3044E-01
    7.810  1.3276E-01
    7.820  1.3438E-01
    7.830  1.3543E-01
    7.840  1.3609E-01
    7.850  1.3649E-01
    7.860  1.3677E-01
    7.870  1.3697E-01
    7.880  1.3710E-01
    7.890  1.3722E-01
    7.900  1.3740E-01
    7.910  1.3781E-01
    7.920  1.3872E-01
    7.930  1.4043E-01
    7.940  1.4287E-01
    7.950  1.4546E-01
    7.960  1.4761E-01
    7.970  1.4908E-01
    7.980  1.4980E-01
    7.990  1.4996E-01
    8.000  1.4998E-01
    8.010  1.5008E-01
    8.020  1.5027E-01
    8.030  1.5048E-01
    8.040  1.5058E-01
    8.050  1.5061E-01
    8.060  1.5066E-01
    8.070  1.5091E-01
    8.080  1.5157E-01
    8.090  1.5258E-01
    8.100  1.5371E-01
    8.110  1.5483E-01
    8.120  1.5594E-01
    8.130  1.5699E-01
    8.140  1.5809E-01
    8.150  1.5965E-01
    8.160  1.6213E-01
    8.170  1.6549E-01
    8.180  1.6908E-01
    8.190  1.7206E-01
    8.200  1.7385E-01
    8.210  1.7444E-01
    8.220  1.7448E-01
    8.230  1.7474E-01
    8.240  1.7564E-01
    8.250  1.7726E-01
    8.260  1.7934E-01
    8.270  1.8128E-01
    8.280  1.8249E-01
    8.290  1.8294E-01
    8.300  1.8300E-01
    8.310  1.8308E-01
    8.320  1.8381E-01
    8.330  1.8608E-01
    8.340  1.9040E-01
    8.350  1.9607E-01
    8.360  2.0134E-01
    8.370  2.0468E-01
    8.380  2.0596E-01
    8.390  2.0614E-01
    8.400  2.0627E-01
    8.410  2.0692E-01
    8.420  2.0808E-01
    8.430  2.0952E-01
    8.440  2.1089E-01
    8.450  2.1191E-01
    8.460  2.1243E-01
    8.470  2.1254E-01
    8.480  2.1257E-01
    8.490  2.1281E-01
    8.500  2.1336E-01
    8.510  2.1426E-01
    8.520  2.1541E-01
    8.530  2.1665E-01
    8.540  2.1786E-01
    8.550  2.1900E-01
    8.560  2.1997E-01
    8.570  2.2053E-01
    8.580  2.2067E-01
    8.590  2.2068E-01
    8.600  2.2078E-01
    8.610  2.2087E-01
    8.620  2.2091E-01
    8.630  2.2134E-01
    8.640  2.2233E-01
    8.650  2.2339E-01
    8.660  2.2403E-01
    8.670  2.2424E-01
    8.680  2.2427E-01
    8.690  2.2428E-01
    8.700  2.2437E-01
    8.710  2.2463E-01
    8.720  2.2525E-01
    8.730  2.2670E-01
    8.740  2.2952E-01
    8.750  2.3346E-01
    8.760  2.3717E-01
    8.770  2.3953E-01
    8.780  2.4050E-01
    8.790  2.4071E-01
    8.800  2.4072E-01
    8.810  2.4083E-01
    8.820  2.4118E-01
    8.830  2.4201E-01
    8.840  2.4391E-01
    8.850  2.4791E-01
    8.860  2.5482E-01
    8.870  2.6467E-01
    8.880  2.7743E-01
    8.890  2.9300E-01
    8.900  3.1021E-01
    8.910  3.2695E-01
    8.920  3.4114E-01
    8.930  3.5176E-01
    8.940  3.5909E-01
    8.950  3.6450E-01
    8.960  3.6964E-01
    8.970  3.7576E-01
    8.980  3.8348E-01
    8.990  3.9287E-01
    9.000  4.0343E-01
    9.010  4.1463E-01
    9.020  4.2644E-01
    9.030  4.3836E-01
    9.040  4.4892E-01
    9.050  4.5667E-01
    9.060  4.6111E-01
    9.070  4.6283E-01
    9.080  4.6309E-01
    9.090  4.6320E-01
    9.100  4.6386E-01
    9.110  4.6515E-01
    9.120  4.6701E-01
    9.130  4.6928E-01
    9.140  4.7145E-01
    9.150  4.7286E-01
    9.160  4.7326E-01
    9.170  4.7336E-01
    9.180  4.7454E-01
    9.190  4.7810E-01
    9.200  4.8438E-01
    9.210  4.9222E-01
    9.220  4.9958E-01
    9.230  5.0495E-01
    9.240  5.0794E-01
    9.250  5.0905E-01
    9.260  5.0921E-01
    9.270  5.0939E-01
    9.280  5.1047E-01
    9.290  5.1253E-01
    9.300  5.1502E-01
    9.310  5.1783E-01
    9.320  5.2141E-01
    9.330  5.2629E-01
    9.340  5.3240E-01
    9.350  5.3876E-01
    9.360  5.4425E-01
    9.370  5.4828E-01
    9.380  5.5056E-01
    9.390  5.5138E-01
    9.400  5.5157E-01
    9.410  5.5175E-01
    9.420  5.5249E-01
    9.430  5.5448E-01
    9.440  5.5739E-01
    9.450  5.6010E-01
    9.460  5.6189E-01
    9.470  5.6276E-01
    9.480  5.6309E-01
    9.490  5.6319E-01
    9.500  5.6322E-01
    9.510  5.6328E-01
    9.520  5.6351E-01
    9.530  5.6393E-01
    9.540  5.6448E-01
    9.550  5.6517E-01
    9.560  5.6611E-01
    9.570  5.6736E-01
    9.580  5.6879E-01
    9.590  5.7031E-01
    9.600  5.7223E-01
    9.610  5.7507E-01
    9.620  5.7884E-01
    9.630  5.8257E-01
    9.640  5.8517E-01
    9.650  5.8631E-01
    9.660  5.8648E-01
    9.670  5.8659E-01
    9.680  5.8718E-01
    9.690  5.8807E-01
    9.700  5.8866E-01
    9.710  5.8877E-01
    9.720  5.8892E-01
    9.730  5.8976E-01
    9.740  5.9118E-01
    9.750  5.9244E-01
    9.760  5.9326E-01
    9.770  5.9378E-01
    9.780  5.9416E-01
    9.790  5.9454E-01
    9.800  5.9492E-01
    9.810  5.9515E-01
    9.820  5.9518E-01
    9.830  5.9547E-01
    9.840  5.9670E-01
    9.850  5.9897E-01
    9.860  6.0151E-01
    9.870  6.0312E-01
    9.880  6.0353E-01
    9.890  6.0359E-01
    9.900  6.0404E-01
    9.910  6.0453E-01
    9.920  6.0465E-01
    9.930  6.0476E-01
    9.940  6.0532E-01
    9.950  6.0617E-01
    9.960  6.0693E-01
    9.970  6.0749E-01
    9.980  6.0798E-01
    9.990  6.0839E-01
   10.000  6.0871E-01
   10.010  6.0898E-01
   10.020  6.0931E-01
   10.030  6.0976E-01
   10.040  6.1031E-01
   10.050  6.1087E-01
   10.060  6.1127E-01
   10.070  6.1141E-01
   10.080  6.1142E-01
   10.090  6.1154E-01
   10.100  6.1204E-01
   10.110  6.1307E-01
   10.120  6.1465E-01
   10.130  6.1691E-01
   10.140  6.2029E-01
   10.150  6.2511E-01
   10.160  6.3124E-01
   10.170  6.3805E-01
   10.180  6.4452E-01
   10.190  6.4976E-01
   10.200  6.5341E-01
   10.210  6.5560E-01
   10.220  6.5669E-01
   10.230  6.5723E-01
   10.240  6.5763E-01
   10.250  6.5816E-01
   10.260  6.5911E-01
   10.270  6.6075E-01
   10.280  6.6296E-01
   10.290  6.6514E-01
   10.300  6.6661E-01
   10.310  6.6714E-01
   10.320  6.6719E-01
   10.330  6.6728E-01
   10.340  6.6758E-01
   10.350  6.6786E-01
   10.360  6.6797E-01
   10.370  6.6799E-01
   10.380  6.6800E-01
   10.390  6.6801E-01
   10.400  6.6801E-01
   10.410  6.6808E-01
   10.420  6.6833E-01
   10.430  6.6891E-01
   10.440  6.6980E-01
   10.450  6.7063E-01
   10.460  6.7106E-01
   10.470  6.7120E-01
   10.480  6.7123E-01
   10.490  6.7124E-01
   10.500  6.7131E-01
   10.510  6.7164E-01
   10.520  6.7250E-01
   10.530  6.7390E-01
   10.540  6.7572E-01
   10.550  6.7782E-01
   10.560  6.7987E-01
   10.570  6.8158E-01
   10.580  6.8276E-01
   10.590  6.8338E-01
   10.600  6.8367E-01
   10.610  6.8380E-01
   10.620  6.8385E-01
   10.630  6.8386E-01
   10.640  6.8388E-01
   10.650  6.8399E-01
   10.660  6.8412E-01
   10.670  6.8415E-01
   10.680  6.8421E-01
   10.690  6.8452E-01
   10.700  6.8502E-01
   10.710  6.8546E-01
   10.720  6.8570E-01
   10.730  6.8578E-01
   10.740  6.8578E-01
   10.750  6.8579E-01
   10.760  6.8583E-01
   10.770  6.8587E-01
   10.780  6.8588E-01
   10.790  6.8601E-01
   10.800  6.8670E-01
   10.810  6.8847E-01
   10.820  6.9151E-01
   10.830  6.9551E-01
   10.840  6.9951E-01
   10.850  7.0265E-01
   10.860  7.0497E-01
   10.870  7.0694E-01
   10.880  7.0873E-01
   10.890  7.1009E-01
   10.900  7.1070E-01
   10.910  7.1077E-01
   10.920  7.1092E-01
   10.930  7.1134E-01
   10.940  7.1168E-01
   10.950  7.1174E-01
   10.960  7.1185E-01
   10.970  7.1239E-01
   10.980  7.1334E-01
   10.990  7.1433E-01
   11.000  7.1490E-01
   11.010  7.1504E-01
   11.020  7.1505E-01
   11.030  7.1510E-01
   11.040  7.1522E-01
   11.050  7.1536E-01
   11.060  7.1557E-01
   11.070  7.1595E-01
   11.080  7.1656E-01
   11.090  7.1736E-01
   11.100  7.1830E-01
   11.110  7.1942E-01
   11.120  7.2064E-01
   11.130  7.2170E-01
   11.140  7.2233E-01
   11.150  7.2260E-01
   11.160  7.2281E-01
   11.170  7.2329E-01
   11.180  7.2442E-01
   11.190  7.2641E-01
   11.200  7.2890E-01
   11.210  7.3120E-01
   11.220  7.3279E-01
   11.230  7.3364E-01
   11.240  7.3402E-01
   11.250  7.3417E-01
   11.260  7.3421E-01
   11.270  7.3421E-01
   11.280  7.3421E-01
   11.290  7.3422E-01
   11.300  7.3426E-01
   11.310  7.3449E-01
   11.320  7.3525E-01
   11.330  7.3696E-01
   11.340  7.3995E-01
   11.350  7.4430E-01
   11.360  7.4951E-01
   11.370  7.5487E-01
   11.380  7.5965E-01
   11.390  7.6338E-01
   11.400  7.6599E-01
   11.410  7.6771E-01
   11.420  7.6879E-01
   11.430  7.6943E-01
   11.440  7.6978E-01
   11.450  7.7001E-01
   11.460  7.7018E-01
   11.470  7.7028E-01
   11.480  7.7032E-01
   11.490  7.7033E-01
   11.500  7.7036E-01
   11.510  7.7053E-01
   11.520  7.7108E-01
   11.530  7.7219E-01
   11.540  7.7353E-01
   11.550  7.7443E-01
   11.560  7.7473E-01
   11.570  7.7475E-01
   11.580  7.7481E-01
   11.590  7.7487E-01
   11.600  7.7489E-01
   11.610  7.7521E-01
   11.620  7.7641E-01
   11.630  7.7892E-01
   11.640  7.8284E-01
   11.650  7.8739E-01
   11.660  7.9102E-01
   11.670  7.9282E-01
   11.680  7.9325E-01
   11.690  7.9329E-01
   11.700  7.9361E-01
   11.710  7.9421E-01
   11.720  7.9469E-01
   11.730  7.9487E-01
   11.740  7.9488E-01
   11.750  7.9499E-01
   11.760  7.9537E-01
   11.770  7.9597E-01
   11.780  7.9666E-01
   11.790  7.9726E-01
   11.800  7.9761E-01
   11.810  7.9775E-01
   11.820  7.9780E-01
   11.830  7.9783E-01
   11.840  7.9786E-01
   11.850  7.9787E-01
   11.860  7.9790E-01
   11.870  7.9811E-01
   11.880  7.9859E-01
   11.890  7.9936E-01
   11.900  8.0026E-01
   11.910  8.0104E-01
   11.920  8.0169E-01
   11.930  8.0239E-01
   11.940  8.0329E-01
   11.950  8.0433E-01
   11.960  8.0539E-01
   11.970  8.0634E-01
   11.980  8.0720E-01
   11.990  8.0805E-01
   12.000  8.0891E-01
   12.010  8.0975E-01
   12.020  8.1051E-01
   12.030  8.1114E-01
   12.040  8.1166E-01
   12.050  8.1212E-01
   12.060  8.1264E-01
   12.070  8.1347E-01
   12.080  8.1484E-01
   12.090  8.1683E-01
   12.100  8.1921E-01
   12.110  8.2162E-01
   12.120  8.2390E-01
   12.130  8.2600E-01
   12.140  8.2783E-01
   12.150  8.2920E-01
   12.160  8.3008E-01
   12.170  8.3053E-01
   12.180  8.3069E-01
   12.190  8.3072E-01
   12.200  8.3073E-01
   12.210  8.3076E-01
   12.220  8.3093E-01
   12.230  8.3141E-01
   12.240  8.3223E-01
   12.250  8.3329E-01
   12.260  8.3449E-01
   12.270  8.3577E-01
   12.280  8.3703E-01
   12.290  8.3816E-01
   12.300  8.3923E-01
   12.310  8.4041E-01
   12.320  8.4170E-01
   12.330  8.4292E-01
   12.340  8.4382E-01
   12.350  8.4428E-01
   12.360  8.4445E-01
   12.370  8.4451E-01
   12.380  8.4455E-01
   12.390  8.4459E-01
   12.400  8.4463E-01
   12.410  8.4466E-01
   12.420  8.4466E-01
   12.430  8.4471E-01
   12.440  8.4501E-01
   12.450  8.4564E-01
   12.460  8.4643E-01
   12.470  8.4706E-01
   12.480  8.4734E-01
   12.490  8.4737E-01
   12.500  8.4748E-01
   12.510  8.4790E-01
   12.520  8.4855E-01
   12.530  8.4931E-01
   12.540  8.4997E-01
   12.550  8.5037E-01
   12.560  8.5052E-01
   12.570  8.5056E-01
   12.580  8.5057E-01
   12.590  8.5060E-01
   12.600  8.5069E-01
   12.610  8.5082E-01
   12.620  8.5089E-01
   12.630  8.5090E-01
   12.640  8.5093E-01
   12.650  8.5102E-01
   12.660  8.5114E-01
   12.670  8.5125E-01
   12.680  8.5136E-01
   12.690  8.5147E-01
   12.700  8.5156E-01
   12.710  8.5163E-01
   12.720  8.5173E-01
   12.730  8.5193E-01
   12.740  8.5230E-01
   12.750  8.5278E-01
   12.760  8.5311E-01
   12.770  8.5318E-01
   12.780  8.5322E-01
   12.790  8.5344E-01
   12.800  8.5384E-01
   12.810  8.5428E-01
   12.820  8.5469E-01
   12.830  8.5506E-01
   12.840  8.5541E-01
   12.850  8.5574E-01
   12.860  8.5606E-01
   12.870  8.5652E-01
   12.880  8.5735E-01
   12.890  8.5870E-01
   12.900  8.6040E-01
   12.910  8.6205E-01
   12.920  8.6347E-01
   12.930  8.6466E-01
   12.940  8.6565E-01
   12.950  8.6641E-01
   12.960  8.6685E-01
   12.970  8.6705E-01
   12.980  8.6717E-01
   12.990  8.6734E-01
   13.000  8.6763E-01
   13.010  8.6804E-01
   13.020  8.6850E-01
   13.030  8.6896E-01
   13.040  8.6939E-01
   13.050  8.6983E-01
   13.060  8.7032E-01
   13.070  8.7088E-01
   13.080  8.7147E-01
   13.090  8.7205E-01
   13.100  8.7252E-01
   13.110  8.7273E-01
   13.120  8.7275E-01
   13.130  8.7308E-01
   13.140  8.7432E-01
   13.150  8.7650E-01
   13.160  8.7905E-01
   13.170  8.8141E-01
   13.180  8.8345E-01
   13.190  8.8520E-01
   13.200  8.8661E-01
   13.210  8.8758E-01
   13.220  8.8804E-01
   13.230  8.8814E-01
   13.240  8.8815E-01
   13.250  8.8815E-01
   13.260  8.8817E-01
   13.270  8.8826E-01
   13.280  8.8845E-01
   13.290  8.8876E-01
   13.300  8.8923E-01
   13.310  8.8996E-01
   13.320  8.9104E-01
   13.330  8.9262E-01
   13.340  8.9496E-01
   13.350  8.9831E-01
   13.360  9.0283E-01
   13.370  9.0837E-01
   13.380  9.1443E-01
   13.390  9.2025E-01
   13.400  9.2525E-01
   13.410  9.2920E-01
   13.420  9.3218E-01
   13.430  9.3433E-01
   13.440  9.3585E-01
   13.450  9.3695E-01
   13.460  9.3788E-01
   13.470  9.3884E-01
   13.480  9.3994E-01
   13.490  9.4118E-01
   13.500  9.4255E-01
   13.510  9.4403E-01
   13.520  9.4569E-01
   13.530  9.4756E-01
   13.540  9.4960E-01
   13.550  9.5166E-01
   13.560  9.5363E-01
   13.570  9.5541E-01
   13.580  9.5698E-01
   13.590  9.5826E-01
   13.600  9.5909E-01
   13.610  9.5947E-01
   13.620  9.5957E-01
   13.630  9.5958E-01
   13.640  9.5961E-01
   13.650  9.5973E-01
   13.660  9.5995E-01
   13.670  9.6028E-01
   13.680  9.6067E-01
   13.690  9.6109E-01
   13.700  9.6148E-01
   13.710  9.6181E-01
   13.720  9.6207E-01
   13.730  9.6230E-01
   13.740  9.6250E-01
   13.750  9.6265E-01
   13.760  9.6279E-01
   13.770  9.6294E-01
   13.780  9.6310E-01
   13.790  9.6324E-01
   13.800  9.6333E-01
   13.810  9.6337E-01
   13.820  9.6337E-01
   13.830  9.6339E-01
   13.840  9.6343E-01
   13.850  9.6350E-01
   13.860  9.6355E-01
   13.870  9.6357E-01
   13.880  9.6358E-01
   13.890  9.6366E-01
   13.900  9.6384E-01
   13.910  9.6404E-01
   13.920  9.6415E-01
   13.930  9.6418E-01
   13.940  9.6418E-01
   13.950  9.6419E-01
   13.960  9.6420E-01
   13.970  9.6421E-01
   13.980  9.6422E-01
   13.990  9.6423E-01
   14.000  9.6427E-01
   14.010  9.6447E-01
   14.020  9.6492E-01
   14.030  9.6565E-01
   14.040  9.6651E-01
   14.050  9.6737E-01
   14.060  9.6812E-01
   14.070  9.6871E-01
   14.080  9.6904E-01
   14.090  9.6917E-01
   14.100  9.6921E-01
   14.110  9.6923E-01
   14.120  9.6925E-01
   14.130  9.6928E-01
   14.140  9.6930E-01
   14.150  9.6933E-01
   14.160  9.6934E-01
   14.170  9.6937E-01
   14.180  9.6943E-01
   14.190  9.6954E-01
   14.200  9.6969E-01
   14.210  9.6987E-01
   14.220  9.7003E-01
   14.230  9.7015E-01
   14.240  9.7026E-01
   14.250  9.7044E-01
   14.260  9.7078E-01
   14.270  9.7130E-01
   14.280  9.7193E-01
   14.290  9.7253E-01
   14.300  9.7301E-01
   14.310  9.7333E-01
   14.320  9.7356E-01
   14.330  9.7371E-01
   14.340  9.7380E-01
   14.350  9.7382E-01
   14.360  9.7383E-01
   14.370  9.7383E-01
   14.380  9.7386E-01
   14.390  9.7406E-01
   14.400  9.7456E-01
   14.410  9.7533E-01
   14.420  9.7614E-01
   14.430  9.7682E-01
   14.440  9.7739E-01
   14.450  9.7790E-01
   14.460  9.7836E-01
   14.470  9.7873E-01
   14.480  9.7899E-01
   14.490  9.7914E-01
   14.500  9.7922E-01
   14.510  9.7928E-01
   14.520  9.7933E-01
   14.530  9.7942E-01
   14.540  9.7956E-01
   14.550  9.7978E-01
   14.560  9.8010E-01
   14.570  9.8057E-01
   14.580  9.8113E-01
   14.590  9.8166E-01
   14.600  9.8211E-01
   14.610  9.8249E-01
   14.620  9.8285E-01
   14.630  9.8318E-01
   14.640  9.8345E-01
   14.650  9.8360E-01
   14.660  9.8365E-01
   14.670  9.8366E-01
   14.680  9.8367E-01
   14.690  9.8370E-01
   14.700  9.8377E-01
   14.710  9.8389E-01
   14.720  9.8402E-01
   14.730  9.8411E-01
   14.740  9.8417E-01
   14.750  9.8420E-01
   14.760  9.8421E-01
   14.770  9.8421E-01
   14.780  9.8422E-01
   14.790  9.8426E-01
   14.800  9.8435E-01
   14.810  9.8448E-01
   14.820  9.8464E-01
   14.830  9.8481E-01
   14.840  9.8497E-01
   14.850  9.8508E-01
   14.860  9.8514E-01
   14.870  9.8516E-01
   14.880  9.8516E-01
   14.890  9.8516E-01
   14.900  9.8516E-01
   14.910  9.8516E-01
   14.920  9.8517E-01
   14.930  9.8518E-01
   14.940  9.8520E-01
   14.950  9.8522E-01
   14.960  9.8523E-01
   14.970  9.8524E-01
   14.980  9.8524E-01
   14.990  9.8524E-01
   15.000  9.8524E-01
   15.010  9.8524E-01
   15.020  9.8524E-01
   15.030  9.8524E-01
   15.040  9.8524E-01
   15.050  9.8525E-01
   15.060  9.8528E-01
   15.070  9.8534E-01
   15.080  9.8541E-01
   15.090  9.8548E-01
   15.100  9.8553E-01
   15.110  9.8556E-01
   15.120  9.8556E-01
   15.130  9.8556E-01
   15.140  9.8559E-01
   15.150  9.8566E-01
   15.160  9.8581E-01
   15.170  9.8602E-01
   15.180  9.8623E-01
   15.190  9.8642E-01
   15.200  9.8657E-01
   15.210  9.8667E-01
   15.220  9.8673E-01
   15.230  9.8676E-01
   15.240  9.8677E-01
   15.250  9.8680E-01
   15.260  9.8686E-01
   15.270  9.8699E-01
   15.280  9.8719E-01
   15.290  9.8745E-01
   15.300  9.8774E-01
   15.310  9.8804E-01
   15.320  9.8835E-01
   15.330  9.8864E-01
   15.340  9.8886E-01
   15.350  9.8897E-01
   15.360  9.8900E-01
   15.370  9.8900E-01
   15.380  9.8901E-01
   15.390  9.8902E-01
   15.400  9.8903E-01
   15.410  9.8906E-01
   15.420  9.8908E-01
   15.430  9.8908E-01
   15.440  9.8908E-01
   15.450  9.8910E-01
   15.460  9.8918E-01
   15.470  9.8937E-01
   15.480  9.8971E-01
   15.490  9.9020E-01
   15.500  9.9080E-01
   15.510  9.9146E-01
   15.520  9.9210E-01
   15.530  9.9268E-01
   15.540  9.9317E-01
   15.550  9.9355E-01
   15.560  9.9384E-01
   15.570  9.9402E-01
   15.580  9.9412E-01
   15.590  9.9417E-01
   15.600  9.9419E-01
   15.610  9.9419E-01
   15.620  9.9419E-01
   15.630  9.9419E-01
   15.640  9.9420E-01
   15.650  9.9421E-01
   15.660  9.9427E-01
   15.670  9.9437E-01
   15.680  9.9447E-01
   15.690  9.9455E-01
   15.700  9.9459E-01
   15.710  9.9462E-01
   15.720  9.9464E-01
   15.730  9.9464E-01
   15.740  9.9464E-01
   15.750  9.9464E-01
   15.760  9.9464E-01
   15.770  9.9464E-01
   15.780  9.9464E-01
   15.790  9.9465E-01
   15.800  9.9465E-01
   15.810  9.9466E-01
   15.820  9.9467E-01
   15.830  9.9469E-01
   15.840  9.9471E-01
   15.850  9.9472E-01
   15.860  9.9473E-01
   15.870  9.9473E-01
   15.880  9.9473E-01
   15.890  9.9473E-01
   15.900  9.9473E-01
   15.910  9.9473E-01
   15.920  9.9473E-01
   15.930  9.9473E-01
   15.940  9.9473E-01
   15.950  9.9473E-01
   15.960  9.9473E-01
   15.970  9.9473E-01
   15.980  9.9473E-01
   15.990  9.9475E-01
   16.000  9.9478E-01
   16.010  9.9483E-01
   16.020  9.9489E-01
   16.030  9.9494E-01
   16.040  9.9498E-01
   16.050  9.9500E-01
   16.060  9.9502E-01
   16.070  9.9503E-01
   16.080  9.9504E-01
   16.090  9.9504E-01
   16.100  9.9505E-01
   16.110  9.9506E-01
   16.120  9.9507E-01
   16.130  9.9507E-01
   16.140  9.9507E-01
   16.150  9.9507E-01
   16.160  9.9507E-01
   16.170  9.9507E-01
   16.180  9.9507E-01
   16.190  9.9507E-01
   16.200  9.9508E-01
   16.210  9.9509E-01
   16.220  9.9510E-01
   16.230  9.9511E-01
   16.240  9.9512E-01
   16.250  9.9512E-01
   16.260  9.9512E-01
   16.270  9.9512E-01
   16.280  9.9513E-01
   16.290  9.9514E-01
   16.300  9.9516E-01
   16.310  9.9521E-01
   16.320  9.9526E-01
   16.330  9.9532E-01
   16.340  9.9538E-01
   16.350  9.9543E-01
   16.360  9.9547E-01
   16.370  9.9551E-01
   16.380  9.9555E-01
   16.390  9.9557E-01
   16.400  9.9558E-01
   16.410  9.9559E-01
   16.420  9.9559E-01
   16.430  9.9559E-01
   16.440  9.9560E-01
   16.450  9.9561E-01
   16.460  9.9562E-01
   16.470  9.9563E-01
   16.480  9.9563E-01
   16.490  9.9564E-01
   16.500  9.9565E-01
   16.510  9.9567E-01
   16.520  9.9568E-01
   16.530  9.9569E-01
   16.540  9.9569E-01
   16.550  9.9569E-01
   16.560  9.9570E-01
   16.570  9.9571E-01
   16.580  9.9571E-01
   16.590  9.9572E-01
   16.600  9.9572E-01
   16.610  9.9572E-01
   16.620  9.9572E-01
   16.630  9.9572E-01
   16.640  9.9573E-01
   16.650  9.9573E-01
   16.660  9.9574E-01
   16.670  9.9576E-01
   16.680  9.9578E-01
   16.690  9.9580E-01
   16.700  9.9581E-01
   16.710  9.9581E-01
   16.720  9.9581E-01
   16.730  9.9583E-01
   16.740  9.9587E-01
   16.750  9.9595E-01
   16.760  9.9607E-01
   16.770  9.9621E-01
   16.780  9.9636E-01
   16.790  9.9648E-01
   16.800  9.9657E-01
   16.810  9.9663E-01
   16.820  9.9666E-01
   16.830  9.9668E-01
   16.840  9.9669E-01
   16.850  9.9670E-01
   16.860  9.9670E-01
   16.870  9.9670E-01
   16.880  9.9670E-01
   16.890  9.9670E-01
   16.900  9.9671E-01
   16.910  9.9671E-01
   16.920  9.9671E-01
   16.930  9.9672E-01
   16.940  9.9673E-01
   16.950  9.9674E-01
   16.960  9.9675E-01
   16.970  9.9676E-01
   16.980  9.9676E-01
   16.990  9.9677E-01
   17.000  9.9679E-01
   17.010  9.9680E-01
   17.020  9.9682E-01
   17.030  9.9683E-01
   17.040  9.9684E-01
   17.050  9.9685E-01
   17.060  9.9685E-01
   17.070  9.9686E-01
   17.080  9.9686E-01
   17.090  9.9687E-01
   17.100  9.9689E-01
   17.110  9.9692E-01
   17.120  9.9696E-01
   17.130  9.9700E-01
   17.140  9.9705E-01
   17.150  9.9709E-01
   17.160  9.9712E-01
   17.170  9.9714E-01
   17.180  9.9715E-01
   17.190  9.9716E-01
   17.200  9.9717E-01
   17.210  9.9718E-01
   17.220  9.9719E-01
   17.230  9.9719E-01
   17.240  9.9720E-01
   17.250  9.9721E-01
   17.260  9.9722E-01
   17.270  9.9724E-01
   17.280  9.9726E-01
   17.290  9.9727E-01
   17.300  9.9729E-01
   17.310  9.9730E-01
   17.320  9.9730E-01
   17.330  9.9731E-01
   17.340  9.9731E-01
   17.350  9.9731E-01
   17.360  9.9731E-01
   17.370  9.9731E-01
   17.380  9.9732E-01
   17.390  9.9732E-01
   17.400  9.9733E-01
   17.410  9.9735E-01
   17.420  9.9736E-01
   17.430  9.9738E-01
   17.440  9.9739E-01
   17.450  9.9741E-01
   17.460  9.9743E-01
   17.470  9.9745E-01
   17.480  9.9748E-01
   17.490  9.9750E-01
   17.500  9.9752E-01
   17.510  9.9753E-01
   17.520  9.9756E-01
   17.530  9.9759E-01
   17.540  9.9763E-01
   17.550  9.9767E-01
   17.560  9.9770E-01
   17.570  9.9773E-01
   17.580  9.9776E-01
   17.590  9.9778E-01
   17.600  9.9779E-01
   17.610  9.9781E-01
   17.620  9.9782E-01
   17.630  9.9783E-01
   17.640  9.9784E-01
   17.650  9.9784E-01
   17.660  9.9784E-01
   17.670  9.9784E-01
   17.680  9.9784E-01
   17.690  9.9784E-01
   17.700  9.9784E-01
   17.710  9.9784E-01
   17.720  9.9784E-01
   17.730  9.9785E-01
   17.740  9.9785E-01
   17.750  9.9785E-01
   17.760  9.9785E-01
   17.770  9.9785E-01
   17.780  9.9785E-01
   17.790  9.9786E-01
   17.800  9.9787E-01
   17.810  9.9789E-01
   17.820  9.9792E-01
   17.830  9.9796E-01
   17.840  9.9800E-01
   17.850  9.9804E-01
   17.860  9.9806E-01
   17.870  9.9807E-01
   17.880  9.9808E-01
   17.890  9.9808E-01
   17.900  9.9808E-01
   17.910  9.9808E-01
   17.920  9.9808E-01
   17.930  9.9808E-01
   17.940  9.9808E-01
   17.950  9.9808E-01
   17.960  9.9808E-01
   17.970  9.9808E-01
   17.980  9.9808E-01
   17.990  9.9808E-01
   18.000  9.9809E-01
   18.010  9.9810E-01
   18.020  9.9812E-01
   18.030  9.9814E-01
   18.040  9.9816E-01
   18.050  9.9818E-01
   18.060  9.9820E-01
   18.070  9.9821E-01
   18.080  9.9822E-01
   18.090  9.9824E-01
   18.100  9.9825E-01
   18.110  9.9826E-01
   18.120  9.9826E-01
   18.130  9.9826E-01
   18.140  9.9826E-01
   18.150  9.9826E-01
   18.160  9.9826E-01
   18.170  9.9826E-01
   18.180  9.9826E-01
   18.190  9.9826E-01
   18.200  9.9827E-01
   18.210  9.9827E-01
   18.220  9.9828E-01
   18.230  9.9828E-01
   18.240  9.9829E-01
   18.250  9.9831E-01
   18.260  9.9833E-01
   18.270  9.9836E-01
   18.280  9.9838E-01
   18.290  9.9841E-01
   18.300  9.9842E-01
   18.310  9.9844E-01
   18.320  9.9845E-01
   18.330  9.9846E-01
   18.340  9.9846E-01
   18.350  9.9846E-01
   18.360  9.9846E-01
   18.370  9.9846E-01
   18.380  9.9847E-01
   18.390  9.9847E-01
   18.400  9.9847E-01
   18.410  9.9848E-01
   18.420  9.9849E-01
   18.430  9.9849E-01
   18.440  9.9850E-01
   18.450  9.9850E-01
   18.460  9.9851E-01
   18.470  9.9851E-01
   18.480  9.9852E-01
   18.490  9.9852E-01
   18.500  9.9853E-01
   18.510  9.9854E-01
   18.520  9.9854E-01
   18.530  9.9855E-01
   18.540  9.9856E-01
   18.550  9.9856E-01
   18.560  9.9856E-01
   18.570  9.9856E-01
   18.580  9.9856E-01
   18.590  9.9856E-01
   18.600  9.9856E-01
   18.610  9.9856E-01
   18.620  9.9856E-01
   18.630  9.9856E-01
   18.640  9.9856E-01
   18.650  9.9856E-01
   18.660  9.9856E-01
   18.670  9.9856E-01
   18.680  9.9857E-01
   18.690  9.9857E-01
   18.700  9.9859E-01
   18.710  9.9860E-01
   18.720  9.9863E-01
   18.730  9.9865E-01
   18.740  9.9867E-01
   18.750  9.9869E-01
   18.760  9.9871E-01
   18.770  9.9872E-01
   18.780  9.9873E-01
   18.790  9.9874E-01
   18.800  9.9875E-01
   18.810  9.9876E-01
   18.820  9.9877E-01
   18.830  9.9877E-01
   18.840  9.9878E-01
   18.850  9.9878E-01
   18.860  9.9878E-01
   18.870  9.9878E-01
   18.880  9.9878E-01
   18.890  9.9878E-01
   18.900  9.9878E-01
   18.910  9.9879E-01
   18.920  9.9879E-01
   18.930  9.9879E-01
   18.940  9.9880E-01
   18.950  9.9880E-01
   18.960  9.9881E-01
   18.970  9.9881E-01
   18.980  9.9881E-01
   18.990  9.9882E-01
   19.000  9.9882E-01
   19.010  9.9882E-01
   19.020  9.9882E-01
   19.030  9.9882E-01
   19.040  9.9882E-01
   19.050  9.9882E-01
   19.060  9.9883E-01
   19.070  9.9883E-01
   19.080  9.9884E-01
   19.090  9.9885E-01
   19.100  9.9885E-01
   19.110  9.9885E-01
   19.120  9.9885E-01
   19.130  9.9885E-01
   19.140  9.9885E-01
   19.150  9.9885E-01
   19.160  9.9885E-01
   19.170  9.9885E-01
   19.180  9.9885E-01
   19.190  9.9885E-01
   19.200  9.9885E-01
   19.210  9.9885E-01
   19.220  9.9886E-01
   19.230  9.9886E-01
   19.240  9.9886E-01
   19.250  9.9886E-01
   19.260  9.9886E-01
   19.270  9.9886E-01
   19.280  9.9887E-01
   19.290  9.9887E-01
   19.300  9.9887E-01
   19.310  9.9888E-01
   19.320  9.9888E-01
   19.330  9.9889E-01
   19.340  9.9889E-01
   19.350  9.9890E-01
   19.360  9.9890E-01
   19.370  9.9891E-01
   19.380  9.9891E-01
   19.390  9.9891E-01
   19.400  9.9891E-01
   19.410  9.9891E-01
   19.420  9.9891E-01
   19.430  9.9892E-01
   19.440  9.9892E-01
   19.450  9.9892E-01
   19.460  9.9892E-01
   19.470  9.9892E-01
   19.480  9.9892E-01
   19.490  9.9893E-01
   19.500  9.9893E-01
   19.510  9.9893E-01
   19.520  9.9893E-01
   19.530  9.9893E-01
   19.540  9.9893E-01
   19.550  9.9894E-01
   19.560  9.9894E-01
   19.570  9.9894E-01
   19.580  9.9894E-01
   19.590  9.9894E-01
   19.600  9.9894E-01
   19.610  9.9894E-01
   19.620  9.9894E-01
   19.630  9.9894E-01
   19.640  9.9894E-01
   19.650  9.9894E-01
   19.660  9.9894E-01
   19.670  9.9894E-01
   19.680  9.9894E-01
   19.690  9.9894E-01
   19.700  9.9894E-01
   19.710  9.9894E-01
   19.720  9.9894E-01
   19.730  9.9894E-01
   19.740  9.9894E-01
   19.750  9.9894E-01
   19.760  9.9894E-01
   19.770  9.9894E-01
   19.780  9.9894E-01
   19.790  9.9894E-01
   19.800  9.9894E-01
   19.810  9.9894E-01
   19.820  9.9894E-01
   19.830  9.9895E-01
   19.840  9.9895E-01
   19.850  9.9895E-01
   19.860  9.9895E-01
   19.870  9.9895E-01
   19.880  9.9895E-01
   19.890  9.9895E-01
   19.900  9.9895E-01
   19.910  9.9895E-01
   19.920  9.9895E-01
   19.930  9.9895E-01
   19.940  9.9895E-01
   19.950  9.9895E-01
   19.960  9.9895E-01
   19.970  9.9895E-01
   19.980  9.9895E-01
   19.990  9.9895E-01
   20.000  9.9896E-01
   20.010  9.9896E-01
   20.020  9.9896E-01
   20.030  9.9896E-01
   20.040  9.9896E-01
   20.050  9.9896E-01
   20.060  9.9896E-01
   20.070  9.9896E-01
   20.080  9.9896E-01
   20.090  9.9896E-01
   20.100  9.9896E-01
   20.110  9.9896E-01
   20.120  9.9896E-01
   20.130  9.9896E-01
   20.140  9.9896E-01
   20.150  9.9897E-01
   20.160  9.9897E-01
   20.170  9.9897E-01
   20.180  9.9897E-01
   20.190  9.9897E-01
   20.200  9.9897E-01
   20.210  9.9897E-01
   20.220  9.9897E-01
   20.230  9.9897E-01
   20.240  9.9897E-01
   20.250  9.9897E-01
   20.260  9.9897E-01
   20.270  9.9897E-01
   20.280  9.9897E-01
   20.290  9.9897E-01
   20.300  9.9898E-01
   20.310  9.9898E-01
   20.320  9.9898E-01
   20.330  9.9898E-01
   20.340  9.9898E-01
   20.350  9.9898E-01
   20.360  9.9898E-01
   20.370  9.9898E-01
   20.380  9.9898E-01
   20.390  9.9898E-01
   20.400  9.9898E-01
   20.410  9.9898E-01
   20.420  9.9898E-01
   20.430  9.9898E-01
   20.440  9.9898E-01
   20.450  9.9898E-01
   20.460  9.9898E-01
   20.470  9.9898E-01
   20.480  9.9898E-01
   20.490  9.9898E-01
   20.500  9.9898E-01
   20.510  9.9898E-01
   20.520  9.9898E-01
   20.530  9.9898E-01
   20.540  9.9898E-01
   20.550  9.9898E-01
   20.560  9.9898E-01
   20.570  9.9899E-01
   20.580  9.9899E-01
   20.590  9.9899E-01
   20.600  9.9899E-01
   20.610  9.9899E-01
   20.620  9.9900E-01
   20.630  9.9900E-01
   20.640  9.9900E-01
   20.650  9.9900E-01
   20.660  9.9900E-01
   20.670  9.9900E-01
   20.680  9.9900E-01
   20.690  9.9900E-01
   20.700  9.9900E-01
   20.710  9.9900E-01
   20.720  9.9900E-01
   20.730  9.9900E-01
   20.740  9.9900E-01
   20.750  9.9900E-01
   20.760  9.9900E-01
   20.770  9.9901E-01
   20.780  9.9901E-01
   20.790  9.9901E-01
   20.800  9.9901E-01
   20.810  9.9901E-01
   20.820  9.9901E-01
   20.830  9.9901E-01
   20.840  9.9901E-01
   20.850  9.9901E-01
   20.860  9.9901E-01
   20.870  9.9901E-01
   20.880  9.9901E-01
   20.890  9.9901E-01
   20.900  9.9901E-01
   20.910  9.9901E-01
   20.920  9.9902E-01
   20.930  9.9902E-01
   20.940  9.9902E-01
   20.950  9.9903E-01
   20.960  9.9903E-01
   20.970  9.9903E-01
   20.980  9.9903E-01
   20.990  9.9903E-01
   21.000  9.9903E-01
   21.010  9.9903E-01
   21.020  9.9903E-01
   21.030  9.9903E-01
   21.040  9.9903E-01
   21.050  9.9903E-01
   21.060  9.9904E-01
   21.070  9.9904E-01
   21.080  9.9904E-01
   21.090  9.9904E-01
   21.100  9.9904E-01
   21.110  9.9904E-01
   21.120  9.9904E-01
   21.130  9.9904E-01
   21.140  9.9904E-01
   21.150  9.9904E-01
   21.160  9.9904E-01
   21.170  9.9905E-01
   21.180  9.9905E-01
   21.190  9.9905E-01
   21.200  9.9905E-01
   21.210  9.9905E-01
   21.220  9.9905E-01
   21.230  9.9905E-01
   21.240  9.9905E-01
   21.250  9.9905E-01
   21.260  9.9905E-01
   21.270  9.9905E-01
   21.280  9.9906E-01
   21.290  9.9906E-01
   21.300  9.9906E-01
   21.310  9.9906E-01
   21.320  9.9906E-01
   21.330  9.9906E-01
   21.340  9.9906E-01
   21.350  9.9906E-01
   21.360  9.9906E-01
   21.370  9.9906E-01
   21.380  9.9906E-01
   21.390  9.9906E-01
   21.400  9.9906E-01
   21.410  9.9906E-01
   21.420  9.9906E-01
   21.430  9.9906E-01
   21.440  9.9906E-01
   21.450  9.9906E-01
   21.460  9.9906E-01
   21.470  9.9906E-01
   21.480  9.9906E-01
   21.490  9.9906E-01
   21.500  9.9906E-01
   21.510  9.9906E-01
   21.520  9.9907E-01
   21.530  9.9907E-01
   21.540  9.9907E-01
   21.550  9.9907E-01
   21.560  9.9907E-01
   21.570  9.9907E-01
   21.580  9.9907E-01
   21.590  9.9908E-01
   21.600  9.9908E-01
   21.610  9.9908E-01
   21.620  9.9908E-01
   21.630  9.9908E-01
   21.640  9.9908E-01
   21.650  9.9908E-01
   21.660  9.9908E-01
   21.670  9.9908E-01
   21.680  9.9908E-01
   21.690  9.9908E-01
   21.700  9.9908E-01
   21.710  9.9908E-01
   21.720  9.9908E-01
   21.730  9.9908E-01
   21.740  9.9908E-01
   21.750  9.9908E-01
   21.760  9.9908E-01
   21.770  9.9909E-01
   21.780  9.9909E-01
   21.790  9.9909E-01
   21.800  9.9910E-01
   21.810  9.9910E-01
   21.820  9.9910E-01
   21.830  9.9910E-01
   21.840  9.9910E-01
   21.850  9.9910E-01
   21.860  9.9910E-01
   21.870  9.9910E-01
   21.880  9.9910E-01
   21.890  9.9910E-01
   21.900  9.9910E-01
   21.910  9.9910E-01
   21.920  9.9911E-01
   21.930  9.9911E-01
   21.940  9.9911E-01
   21.950  9.9911E-01
   21.960  9.9911E-01
   21.970  9.9911E-01
   21.980  9.9912E-01
   21.990  9.9912E-01
   22.000  9.9913E-01
   22.010  9.9914E-01
   22.020  9.9915E-01
   22.030  9.9916E-01
   22.040  9.9917E-01
   22.050  9.9918E-01
   22.060  9.9919E-01
   22.070  9.9919E-01
   22.080  9.9920E-01
   22.090  9.9920E-01
   22.100  9.9920E-01
   22.110  9.9920E-01
   22.120  9.9920E-01
   22.130  9.9920E-01
   22.140  9.9920E-01
   22.150  9.9920E-01
   22.160  9.9920E-01
   22.170  9.9920E-01
   22.180  9.9920E-01
   22.190  9.9920E-01
   22.200  9.9921E-01
   22.210  9.9921E-01
   22.220  9.9921E-01
   22.230  9.9921E-01
   22.240  9.9921E-01
   22.250  9.9921E-01
   22.260  9.9921E-01
   22.270  9.9921E-01
   22.280  9.9921E-01
   22.290  9.9921E-01
   22.300  9.9922E-01
   22.310  9.9922E-01
   22.320  9.9922E-01
   22.330  9.9922E-01
   22.340  9.9922E-01
   22.350  9.9922E-01
   22.360  9.9922E-01
   22.370  9.9922E-01
   22.380  9.9922E-01
   22.390  9.9923E-01
   22.400  9.9923E-01
   22.410  9.9923E-01
   22.420  9.9923E-01
   22.430  9.9923E-01
   22.440  9.9923E-01
   22.450  9.9923E-01
   22.460  9.9923E-01
   22.470  9.9923E-01
   22.480  9.9924E-01
   22.490  9.9924E-01
   22.500  9.9924E-01
   22.510  9.9925E-01
   22.520  9.9925E-01
   22.530  9.9926E-01
   22.540  9.9926E-01
   22.550  9.9926E-01
   22.560  9.9926E-01
   22.570  9.9926E-01
   22.580  9.9926E-01
   22.590  9.9926E-01
   22.600  9.9927E-01
   22.610  9.9927E-01
   22.620  9.9927E-01
   22.630  9.9928E-01
   22.640  9.9928E-01
   22.650  9.9929E-01
   22.660  9.9929E-01
   22.670  9.9930E-01
   22.680  9.9930E-01
   22.690  9.9930E-01
   22.700  9.9931E-01
   22.710  9.9931E-01
   22.720  9.9932E-01
   22.730  9.9932E-01
   22.740  9.9933E-01
   22.750  9.9933E-01
   22.760  9.9933E-01
   22.770  9.9934E-01
   22.780  9.9934E-01
   22.790  9.9934E-01
   22.800  9.9934E-01
   22.810  9.9934E-01
   22.820  9.9934E-01
   22.830  9.9934E-01
   22.840  9.9934E-01
   22.850  9.9935E-01
   22.860  9.9936E-01
   22.870  9.9937E-01
   22.880  9.9938E-01
   22.890  9.9939E-01
   22.900  9.9940E-01
   22.910  9.9941E-01
   22.920  9.9941E-01
   22.930  9.9942E-01
   22.940  9.9943E-01
   22.950  9.9943E-01
   22.960  9.9944E-01
   22.970  9.9944E-01
   22.980  9.9945E-01
   22.990  9.9945E-01
   23.000  9.9945E-01
   23.010  9.9945E-01
   23.020  9.9946E-01
   23.030  9.9946E-01
   23.040  9.9946E-01
   23.050  9.9946E-01
   23.060  9.9946E-01
   23.070  9.9946E-01
   23.080  9.9946E-01
   23.090  9.9946E-01
   23.100  9.9946E-01
   23.110  9.9947E-01
   23.120  9.9947E-01
   23.130  9.9947E-01
   23.140  9.9948E-01
   23.150  9.9948E-01
   23.160  9.9948E-01
   23.170  9.9948E-01
   23.180  9.9948E-01
   23.190  9.9948E-01
   23.200  9.9948E-01
   23.210  9.9948E-01
   23.220  9.9948E-01
   23.230  9.9948E-01
   23.240  9.9948E-01
   23.250  9.9948E-01
   23.260  9.9948E-01
   23.270  9.9948E-01
   23.280  9.9948E-01
   23.290  9.9948E-01
   23.300  9.9948E-01
   23.310  9.9948E-01
   23.320  9.9948E-01
   23.330  9.9948E-01
   23.340  9.9948E-01
   23.350  9.9948E-01
   23.360  9.9948E-01
   23.370  9.9948E-01
   23.380  9.9949E-01
   23.390  9.9949E-01
   23.400  9.9949E-01
   23.410  9.9949E-01
   23.420  9.9950E-01
   23.430  9.9950E-01
   23.440  9.9950E-01
   23.450  9.9950E-01
   23.460  9.9950E-01
   23.470  9.9950E-01
   23.480  9.9950E-01
   23.490  9.9950E-01
   23.500  9.9950E-01
   23.510  9.9950E-01
   23.520  9.9950E-01
   23.530  9.9950E-01
   23.540  9.9950E-01
   23.550  9.9950E-01
   23.560  9.9950E-01
   23.570  9.9950E-01
   23.580  9.9950E-01
   23.590  9.9950E-01
   23.600  9.9951E-01
   23.610  9.9951E-01
   23.620  9.9951E-01
   23.630  9.9951E-01
   23.640  9.9951E-01
   23.650  9.9951E-01
   23.660  9.9951E-01
   23.670  9.9951E-01
   23.680  9.9951E-01
   23.690  9.9951E-01
   23.700  9.9951E-01
   23.710  9.9951E-01
   23.720  9.9951E-01
   23.730  9.9951E-01
   23.740  9.9951E-01
   23.750  9.9951E-01
   23.760  9.9952E-01
   23.770  9.9952E-01
   23.780  9.9952E-01
   23.790  9.9952E-01
   23.800  9.9952E-01
   23.810  9.9953E-01
   23.820  9.9953E-01
   23.830  9.9953E-01
   23.840  9.9954E-01
   23.850  9.9954E-01
   23.860  9.9954E-01
   23.870  9.9954E-01
   23.880  9.9954E-01
   23.890  9.9954E-01
   23.900  9.9954E-01
   23.910  9.9954E-01
   23.920  9.9954E-01
   23.930  9.9954E-01
   23.940  9.9954E-01
   23.950  9.9954E-01
   23.960  9.9955E-01
   23.970  9.9955E-01
   23.980  9.9955E-01
   23.990  9.9955E-01
   24.000  9.9956E-01
   24.010  9.9956E-01
   24.020  9.9956E-01
   24.030  9.9957E-01
   24.040  9.9957E-01
   24.050  9.9957E-01
   24.060  9.9957E-01
   24.070  9.9958E-01
   24.080  9.9958E-01
   24.090  9.9958E-01
   24.100  9.9958E-01
   24.110  9.9958E-01
   24.120  9.9958E-01
   24.130  9.9958E-01
   24.140  9.9958E-01
   24.150  9.9958E-01
   24.160  9.9958E-01
   24.170  9.9958E-01
   24.180  9.9958E-01
   24.190  9.9958E-01
   24.200  9.9958E-01
   24.210  9.9958E-01
   24.220  9.9959E-01
   24.230  9.9959E-01
   24.240  9.9959E-01
   24.250  9.9959E-01
   24.260  9.9959E-01
   24.270  9.9959E-01
   24.280  9.9959E-01
   24.290  9.9959E-01
   24.300  9.9959E-01
   24.310  9.9959E-01
   24.320  9.9960E-01
   24.330  9.9960E-01
   24.340  9.9960E-01
   24.350  9.9960E-01
   24.360  9.9960E-01
   24.370  9.9960E-01
   24.380  9.9960E-01
   24.390  9.9960E-01
   24.400  9.9960E-01
   24.410  9.9960E-01
   24.420  9.9961E-01
   24.430  9.9961E-01
   24.440  9.9962E-01
   24.450  9.9962E-01
   24.460  9.9963E-01
   24.470  9.9963E-01
   24.480  9.9964E-01
   24.490  9.9965E-01
   24.500  9.9966E-01
   24.510  9.9967E-01
   24.520  9.9967E-01
   24.530  9.9968E-01
   24.540  9.9968E-01
   24.550  9.9969E-01
   24.560  9.9969E-01
   24.570  9.9969E-01
   24.580  9.9969E-01
   24.590  9.9969E-01
   24.600  9.9970E-01
   24.610  9.9970E-01
   24.620  9.9970E-01
   24.630  9.9970E-01
   24.640  9.9970E-01
   24.650  9.9970E-01
   24.660  9.9970E-01
   24.670  9.9970E-01
   24.680  9.9970E-01
   24.690  9.9970E-01
   24.700  9.9970E-01
   24.710  9.9970E-01
   24.720  9.9970E-01
   24.730  9.9970E-01
   24.740  9.9970E-01
   24.750  9.9970E-01
   24.760  9.9970E-01
   24.770  9.9971E-01
   24.780  9.9971E-01
   24.790  9.9972E-01
   24.800  9.9972E-01
   24.810  9.9972E-01
   24.820  9.9973E-01
   24.830  9.9973E-01
   24.840  9.9974E-01
   24.850  9.9974E-01
   24.860  9.9974E-01
   24.870  9.9974E-01
   24.880  9.9974E-01
   24.890  9.9974E-01
   24.900  9.9974E-01
   24.910  9.9974E-01
   24.920  9.9974E-01
   24.930  9.9974E-01
   24.940  9.9974E-01
   24.950  9.9974E-01
   24.960  9.9975E-01
   24.970  9.9975E-01
   24.980  9.9975E-01
   24.990  9.9975E-01
   25.000  9.9976E-01
   25.010  9.9976E-01
   25.020  9.9977E-01
   25.030  9.9978E-01
   25.040  9.9979E-01
   25.050  9.9980E-01
   25.060  9.9980E-01
   25.070  9.9981E-01
   25.080  9.9981E-01
   25.090  9.9982E-01
   25.100  9.9983E-01
   25.110  9.9983E-01
   25.120  9.9984E-01
   25.130  9.9984E-01
   25.140  9.9984E-01
   25.150  9.9984E-01
   25.160  9.9984E-01
   25.170  9.9985E-01
   25.180  9.9985E-01
   25.190  9.9985E-01
   25.200  9.9985E-01
   25.210  9.9985E-01
   25.220  9.9985E-01
   25.230  9.9985E-01
   25.240  9.9985E-01
   25.250  9.9985E-01
   25.260  9.9985E-01
   25.270  9.9985E-01
   25.280  9.9986E-01
   25.290  9.9986E-01
   25.300  9.9986E-01
   25.310  9.9986E-01
   25.320  9.9986E-01
   25.330  9.9986E-01
   25.340  9.9986E-01
   25.350  9.9987E-01
   25.360  9.9987E-01
   25.370  9.9987E-01
   25.380  9.9987E-01
   25.390  9.9987E-01
   25.400  9.9987E-01
   25.410  9.9987E-01
   25.420  9.9987E-01
   25.430  9.9987E-01
   25.440  9.9987E-01
   25.450  9.9987E-01
   25.460  9.9987E-01
   25.470  9.9987E-01
   25.480  9.9987E-01
   25.490  9.9987E-01
   25.500  9.9987E-01
   25.510  9.9987E-01
   25.520  9.9988E-01
   25.530  9.9988E-01
   25.540  9.9988E-01
   25.550  9.9988E-01
   25.560  9.9989E-01
   25.570  9.9989E-01
   25.580  9.9989E-01
   25.590  9.9989E-01
   25.600  9.9989E-01
   25.610  9.9989E-01
   25.620  9.9989E-01
   25.630  9.9989E-01
   25.640  9.9989E-01
   25.650  9.9989E-01
   25.660  9.9989E-01
   25.670  9.9989E-01
   25.680  9.9990E-01
   25.690  9.9990E-01
   25.700  9.9990E-01
   25.710  9.9990E-01
   25.720  9.9990E-01
   25.730  9.9990E-01
   25.740  9.9991E-01
   25.750  9.9991E-01
   25.760  9.9991E-01
   25.770  9.9992E-01
   25.780  9.9992E-01
   25.790  9.9992E-01
   25.800  9.9992E-01
   25.810  9.9992E-01
   25.820  9.9992E-01
   25.830  9.9992E-01
   25.840  9.9992E-01
   25.850  9.9992E-01
   25.860  9.9992E-01
   25.870  9.9992E-01
   25.880  9.9992E-01
   25.890  9.9992E-01
   25.900  9.9992E-01
   25.910  9.9993E-01
   25.920  9.9993E-01
   25.930  9.9993E-01
   25.940  9.9993E-01
   25.950  9.9993E-01
   25.960  9.9993E-01
   25.970  9.9993E-01
   25.980  9.9994E-01
   25.990  9.9994E-01
   26.000  9.9994E-01
   26.010  9.9994E-01
   26.020  9.9995E-01
   26.030  9.9995E-01
   26.040  9.9995E-01
   26.050  9.9996E-01
   26.060  9.9996E-01
   26.070  9.9996E-01
   26.080  9.9997E-01
   26.090  9.9997E-01
   26.100  9.9997E-01
   26.110  9.9997E-01
   26.120  9.9997E-01
   26.130  9.9997E-01
   26.140  9.9997E-01
   26.150  9.9997E-01
   26.160  9.9997E-01
   26.170  9.9997E-01
   26.180  9.9997E-01
   26.190  9.9997E-01
   26.200  9.9997E-01
   26.210  9.9997E-01
   26.220  9.9997E-01
   26.230  9.9997E-01
   26.240  9.9997E-01
   26.250  9.9997E-01
   26.260  9.9997E-01
   26.270  9.9997E-01
   26.280  9.9997E-01
   26.290  9.9997E-01
   26.300  9.9997E-01
   26.310  9.9997E-01
   26.320  9.9997E-01
   26.330  9.9997E-01
   26.340  9.9998E-01
   26.350  9.9998E-01
   26.360  9.9998E-01
   26.370  9.9998E-01
   26.380  9.9998E-01
   26.390  9.9998E-01
   26.400  9.9998E-01
   26.410  9.9998E-01
   26.420  9.9998E-01
   26.430  9.9998E-01
   26.440  9.9998E-01
   26.450  9.9998E-01
   26.460  9.9998E-01
   26.470  9.9998E-01
   26.480  9.9998E-01
   26.490  9.9998E-01
   26.500  9.9998E-01
   26.510  9.9998E-01
   26.520  9.9998E-01
   26.530  9.9998E-01
   26.540  9.9998E-01
   26.550  9.9998E-01
   26.560  9.9998E-01
   26.570  9.9998E-01
   26.580  9.9998E-01
   26.590  9.9998E-01
   26.600  9.9998E-01
   26.610  9.9998E-01
   26.620  9.9998E-01
   26.630  9.9998E-01
   26.640  9.9998E-01
   26.650  9.9998E-01
   26.660  9.9998E-01
   26.670  9.9998E-01
   26.680  9.9998E-01
   26.690  9.9998E-01
   26.700  9.9998E-01
   26.710  9.9998E-01
   26.720  9.9998E-01
   26.730  9.9998E-01
   26.740  9.9998E-01
   26.750  9.9998E-01
   26.760  9.9999E-01
   26.770  9.9999E-01
   26.780  9.9999E-01
   26.790  9.9999E-01
   26.800  9.9999E-01
   26.810  9.9999E-01
   26.820  9.9999E-01
   26.830  9.9999E-01
   26.840  9.9999E-01
   26.850  9.9999E-01
   26.860  9.9999E-01
   26.870  9.9999E-01
   26.880  9.9999E-01
   26.890  9.9999E-01
   26.900  9.9999E-01
   26.910  9.9999E-01
   26.920  9.9999E-01
   26.930  9.9999E-01
   26.940  9.9999E-01
   26.950  9.9999E-01
   26.960  9.9999E-01
   26.970  9.9999E-01
   26.980  9.9999E-01
   26.990  9.9999E-01
   27.000  9.9999E-01
   27.010  9.9999E-01
   27.020  9.9999E-01
   27.030  9.9999E-01
   27.040  9.9999E-01
   27.050  9.9999E-01
   27.060  9.9999E-01
   27.070  9.9999E-01
   27.080  9.9999E-01
   27.090  9.9999E-01
   27.100  9.9999E-01
   27.110  9.9999E-01
   27.120  9.9999E-01
   27.130  9.9999E-01
   27.140  9.9999E-01
   27.150  9.9999E-01
   27.160  9.9999E-01
   27.170  9.9999E-01
   27.180  9.9999E-01
   27.190  9.9999E-01
   27.200  9.9999E-01
   27.210  9.9999E-01
   27.220  9.9999E-01
   27.230  9.9999E-01
   27.240  9.9999E-01
   27.250  9.9999E-01
   27.260  9.9999E-01
   27.270  9.9999E-01
   27.280  9.9999E-01
   27.290  9.9999E-01
   27.300  9.9999E-01
   27.310  9.9999E-01
   27.320  1.0000E+00
   27.330  1.0000E+00
   27.340  1.0000E+00
   27.350  1.0000E+00
   27.360  1.0000E+00
   27.370  1.0000E+00
   27.380  1.0000E+00
   27.390  1.0000E+00
   27.400  1.0000E+00
   27.410  1.0000E+00
   27.420  1.0000E+00
   27.430  1.0000E+00
   27.440  1.0000E+00
   27.450  1.0000E+00
   27.460  1.0000E+00
   27.470  1.0000E+00
   27.480  1.0000E+00
   27.490  1.0000E+00
   27.500  1.0000E+00
   27.510  1.0000E+00
   27.520  1.0000E+00
   27.530  1.0000E+00
   27.540  1.0000E+00
   27.550  1.0000E+00
   27.560  1.0000E+00
   27.570  1.0000E+00
   27.580  1.0000E+00
   27.590  1.0000E+00
   27.600  1.0000E+00
   27.610  1.0000E+00
   27.620  1.0000E+00
   27.630  1.0000E+00
   27.640  1.0000E+00
   27.650  1.0000E+00
   27.660  1.0000E+00
   27.670  1.0000E+00
   27.680  1.0000E+00
   27.690  1.0000E+00
   27.700  1.0000E+00
   27.710  1.0000E+00
   27.720  1.0000E+00
   27.730  1.0000E+00
   27.740  1.0000E+00
   27.750  1.0000E+00
   27.760  1.0000E+00
   27.770  1.0000E+00
   27.780  1.0000E+00
   27.790  1.0000E+00
   27.800  1.0000E+00
   27.810  1.0000E+00
   27.820  1.0000E+00
   27.830  1.0000E+00
   27.840  1.0000E+00
   27.850  1.0000E+00
   27.860  1.0000E+00
   27.870  1.0000E+00
   27.880  1.0000E+00
   27.890  1.0000E+00
   27.900  1.0000E+00
   27.910  1.0000E+00
   27.920  1.0000E+00
   27.930  1.0000E+00
   27.940  1.0000E+00
   27.950  1.0000E+00
   27.960  1.0000E+00
   27.970  1.0000E+00
   27.980  1.0000E+00
   27.990  1.0000E+00
   28.000  1.0000E+00
   28.010  1.0000E+00
   28.020  1.0000E+00
   28.030  1.0000E+00
   28.040  1.0000E+00
   28.050  1.0000E+00
   28.060  1.0000E+00
   28.070  1.0000E+00
   28.080  1.0000E+00
   28.090  1.0000E+00
   28.100  1.0000E+00
   28.110  1.0000E+00
   28.120  1.0000E+00
   28.130  1.0000E+00
   28.140  1.0000E+00
   28.150  1.0000E+00
   28.160  1.0000E+00
   28.170  1.0000E+00
   28.180  1.0000E+00
   28.190  1.0000E+00
   28.200  1.0000E+00
   28.210  1.0000E+00
   28.220  1.0000E+00
   28.230  1.0000E+00
   28.240  1.0000E+00
   28.250  1.0000E+00
   28.260  1.0000E+00
   28.270  1.0000E+00
   28.280  1.0000E+00
   28.290  1.0000E+00
   28.300  1.0000E+00
   28.310  1.0000E+00
   28.320  1.0000E+00
   28.330  1.0000E+00
   28.340  1.0000E+00
   28.350  1.0000E+00
   28.360  1.0000E+00
   28.370  1.0000E+00
   28.380  1.0000E+00
   28.390  1.0000E+00
   28.400  1.0000E+00
   28.410  1.0000E+00
   28.420  1.0000E+00
   28.430  1.0000E+00
   28.440  1.0000E+00
   28.450  1.0000E+00
   28.460  1.0000E+00
   28.470  1.0000E+00
   28.480  1.0000E+00
   28.490  1.0000E+00
   28.500  1.0000E+00
   28.510  1.0000E+00
   28.520  1.0000E+00
   28.530  1.0000E+00
   28.540  1.0000E+00
   28.550  1.0000E+00
   28.560  1.0000E+00
   28.570  1.0000E+00
   28.580  1.0000E+00
   28.590  1.0000E+00
   28.600  1.0000E+00
   28.610  1.0000E+00
   28.620  1.0000E+00
   28.630  1.0000E+00
   28.640  1.0000E+00
   28.650  1.0000E+00
   28.660  1.0000E+00
   28.670  1.0000E+00
   28.680  1.0000E+00
   28.690  1.0000E+00
   28.700  1.0000E+00
   28.710  1.0000E+00
   28.720  1.0000E+00
   28.730  1.0000E+00
   28.740  1.0000E+00
   28.750  1.0000E+00
   28.760  1.0000E+00
   28.770  1.0000E+00
   28.780  1.0000E+00
   28.790  1.0000E+00
   28.800  1.0000E+00
   28.810  1.0000E+00
   28.820  1.0000E+00
   28.830  1.0000E+00
   28.840  1.0000E+00
   28.850  1.0000E+00
   28.860  1.0000E+00
   28.870  1.0000E+00
   28.880  1.0000E+00
   28.890  1.0000E+00
   28.900  1.0000E+00
   28.910  1.0000E+00
   28.920  1.0000E+00
   28.930  1.0000E+00
   28.940  1.0000E+00
   28.950  1.0000E+00
   28.960  1.0000E+00
   28.970  1.0000E+00
   28.980  1.0000E+00
   28.990  1.0000E+00
   29.000  1.0000E+00
   29.010  1.0000E+00
   29.020  1.0000E+00
   29.030  1.0000E+00
   29.040  1.0000E+00
   29.050  1.0000E+00
   29.060  1.0000E+00
   29.070  1.0000E+00
   29.080  1.0000E+00
   29.090  1.0000E+00
   29.100  1.0000E+00
   29.110  1.0000E+00
   29.120  1.0000E+00
   29.130  1.0000E+00
   29.140  1.0000E+00
   29.150  1.0000E+00
   29.160  1.0000E+00
   29.170  1.0000E+00
   29.180  1.0000E+00
   29.190  1.0000E+00
   29.200  1.0000E+00
   29.210  1.0000E+00
   29.220  1.0000E+00
   29.230  1.0000E+00
   29.240  1.0000E+00
   29.250  1.0000E+00
   29.260  1.0000E+00
   29.270  1.0000E+00
   29.280  1.0000E+00
   29.290  1.0000E+00
   29.300  1.0000E+00
   29.310  1.0000E+00
   29.320  1.0000E+00
   29.330  1.0000E+00
   29.340  1.0000E+00
   29.350  1.0000E+00
   29.360  1.0000E+00
   29.370  1.0000E+00
   29.380  1.0000E+00
   29.390  1.0000E+00
   29.400  1.0000E+00
   29.410  1.0000E+00
   29.420  1.0000E+00
   29.430  1.0000E+00
   29.440  1.0000E+00
   29.450  1.0000E+00
   29.460  1.0000E+00
   29.470  1.0000E+00
   29.480  1.0000E+00
   29.490  1.0000E+00
   29.500  1.0000E+00
   29.510  1.0000E+00
   29.520  1.0000E+00
   29.530  1.0000E+00
   29.540  1.0000E+00
   29.550  1.0000E+00
   29.560  1.0000E+00
   29.570  1.0000E+00
   29.580  1.0000E+00
   29.590  1.0000E+00
   29.600  1.0000E+00
   29.610  1.0000E+00
   29.620  1.0000E+00
   29.630  1.0000E+00
   29.640  1.0000E+00
   29.650  1.0000E+00
   29.660  1.0000E+00
   29.670  1.0000E+00
   29.680  1.0000E+00
   29.690  1.0000E+00
   29.700  1.0000E+00
   29.710  1.0000E+00
   29.720  1.0000E+00
   29.730  1.0000E+00
   29.740  1.0000E+00
   29.750  1.0000E+00
   29.760  1.0000E+00
   29.770  1.0000E+00
   29.780  1.0000E+00
   29.790  1.0000E+00
   29.800  1.0000E+00
   29.810  1.0000E+00
   29.820  1.0000E+00
   29.830  1.0000E+00
   29.840  1.0000E+00
   29.850  1.0000E+00
   29.860  1.0000E+00
   29.870  1.0000E+00
   29.880  1.0000E+00
   29.890  1.0000E+00
   29.900  1.0000E+00
   29.910  1.0000E+00
   29.920  1.0000E+00
   29.930  1.0000E+00
   29.940  1.0000E+00
   29.950  1.0000E+00
   29.960  1.0000E+00
   29.970  1.0000E+00
   29.980  1.0000E+00
   29.990  1.0000E+00
   30.000  1.0000E+00
   30.010  1.0000E+00
   30.020  1.0000E+00
   30.030  1.0000E+00
   30.040  1.0000E+00
   30.050  1.0000E+00
   30.060  1.0000E+00
   30.070  1.0000E+00
   30.080  1.0000E+00
   30.090  1.0000E+00
   30.100  1.0000E+00
   30.110  1.0000E+00
   30.120  1.0000E+00
   30.130  1.0000E+00
   30.140  1.0000E+00
   30.150  1.0000E+00
   30.160  1.0000E+00
   30.170  1.0000E+00
   30.180  1.0000E+00
   30.190  1.0000E+00
   30.200  1.0000E+00
   30.210  1.0000E+00
   30.220  1.0000E+00
   30.230  1.0000E+00
   30.240  1.0000E+00
   30.250  1.0000E+00
   30.260  1.0000E+00
   30.270  1.0000E+00
   30.280  1.0000E+00
   30.290  1.0000E+00
   30.300  1.0000E+00
   30.310  1.0000E+00
   30.320  1.0000E+00
   30.330  1.0000E+00
   30.340  1.0000E+00
   30.350  1.0000E+00
   30.360  1.0000E+00
   30.370  1.0000E+00
   30.380  1.0000E+00
   30.390  1.0000E+00
   30.400  1.0000E+00
   30.410  1.0000E+00
   30.420  1.0000E+00
   30.430  1.0000E+00
   30.440  1.0000E+00
   30.450  1.0000E+00
   30.460  1.0000E+00
   30.470  1.0000E+00
   30.480  1.0000E+00
   30.490  1.0000E+00
   30.500  1.0000E+00
   30.510  1.0000E+00
   30.520  1.0000E+00
   30.530  1.0000E+00
   30.540  1.0000E+00
   30.550  1.0000E+00
   30.560  1.0000E+00
   30.570  1.0000E+00
   30.580  1.0000E+00
   30.590  1.0000E+00
   30.600  1.0000E+00
   30.610  1.0000E+00
   30.620  1.0000E+00
   30.630  1.0000E+00
   30.640  1.0000E+00
   30.650  1.0000E+00
   30.660  1.0000E+00
   30.670  1.0000E+00
   30.680  1.0000E+00
   30.690  1.0000E+00
   30.700  1.0000E+00
   30.710  1.0000E+00
   30.720  1.0000E+00
   30.730  1.0000E+00
   30.740  1.0000E+00
   30.750  1.0000E+00
   30.760  1.0000E+00
   30.770  1.0000E+00
   30.780  1.0000E+00
   30.790  1.0000E+00
   30.800  1.0000E+00
   30.810  1.0000E+00
   30.820  1.0000E+00
   30.830  1.0000E+00
   30.840  1.0000E+00
   30.850  1.0000E+00
   30.860  1.0000E+00
   30.870  1.0000E+00
   30.880  1.0000E+00
   30.890  1.0000E+00
   30.900  1.0000E+00
   30.910  1.0000E+00
   30.920  1.0000E+00
   30.930  1.0000E+00
   30.940  1.0000E+00
   30.950  1.0000E+00
   30.960  1.0000E+00
   30.970  1.0000E+00
   30.980  1.0000E+00
   30.990  1.0000E+00
   31.000  1.0000E+00
   31.010  1.0000E+00
   31.020  1.0000E+00
   31.030  1.0000E+00
   31.040  1.0000E+00
   31.050  1.0000E+00
   31.060  1.0000E+00
   31.070  1.0000E+00
   31.080  1.0000E+00
   31.090  1.0000E+00
   31.100  1.0000E+00
   31.110  1.0000E+00
   31.120  1.0000E+00
   31.130  1.0000E+00
   31.140  1.0000E+00
   31.150  1.0000E+00
   31.160  1.0000E+00
   31.170  1.0000E+00
   31.180  1.0000E+00
   31.190  1.0000E+00
   31.200  1.0000E+00
   31.210  1.0000E+00
   31.220  1.0000E+00
   31.230  1.0000E+00
   31.240  1.0000E+00
   31.250  1.0000E+00
   31.260  1.0000E+00
   31.270  1.0000E+00
   31.280  1.0000E+00
   31.290  1.0000E+00
   31.300  1.0000E+00
   31.310  1.0000E+00
   31.320  1.0000E+00
   31.330  1.0000E+00
   31.340  1.0000E+00
   31.350  1.0000E+00
   31.360  1.0000E+00
   31.370  1.0000E+00
   31.380  1.0000E+00
   31.390  1.0000E+00
   31.400  1.0000E+00
   31.410  1.0000E+00
   31.420  1.0000E+00
   31.430  1.0000E+00
   31.440  1.0000E+00
   31.450  1.0000E+00
   31.460  1.0000E+00
   31.470  1.0000E+00
   31.480  1.0000E+00
   31.490  1.0000E+00
   31.500  1.0000E+00
   31.510  1.0000E+00
   31.520  1.0000E+00
   31.530  1.0000E+00
   31.540  1.0000E+00
   31.550  1.0000E+00
   31.560  1.0000E+00
   31.570  1.0000E+00
   31.580  1.0000E+00
   31.590  1.0000E+00
   31.600  1.0000E+00
   31.610  1.0000E+00
   31.620  1.0000E+00
   31.630  1.0000E+00
   31.640  1.0000E+00
   31.650  1.0000E+00
   31.660  1.0000E+00
   31.670  1.0000E+00
   31.680  1.0000E+00
   31.690  1.0000E+00
   31.700  1.0000E+00
   31.710  1.0000E+00
   31.720  1.0000E+00
   31.730  1.0000E+00
   31.740  1.0000E+00
   31.750  1.0000E+00
   31.760  1.0000E+00
   31.770  1.0000E+00
   31.780  1.0000E+00
   31.790  1.0000E+00
   31.800  1.0000E+00
   31.810  1.0000E+00
   31.820  1.0000E+00
   31.830  1.0000E+00
   31.840  1.0000E+00
   31.850  1.0000E+00
   31.860  1.0000E+00
   31.870  1.0000E+00
   31.880  1.0000E+00
   31.890  1.0000E+00
   31.900  1.0000E+00
   31.910  1.0000E+00
   31.920  1.0000E+00
   31.930  1.0000E+00
   31.940  1.0000E+00
   31.950  1.0000E+00
   31.960  1.0000E+00
   31.970  1.0000E+00
   31.980  1.0000E+00
   31.990  1.0000E+00
   32.000  1.0000E+00
   32.010  1.0000E+00
   32.020  1.0000E+00
   32.030  1.0000E+00
   32.040  1.0000E+00
   32.050  1.0000E+00
   32.060  1.0000E+00
   32.070  1.0000E+00
   32.080  1.0000E+00
   32.090  1.0000E+00
   32.100  1.0000E+00
   32.110  1.0000E+00
   32.120  1.0000E+00
   32.130  1.0000E+00
   32.140  1.0000E+00
   32.150  1.0000E+00
   32.160  1.0000E+00
   32.170  1.0000E+00
   32.180  1.0000E+00
   32.190  1.0000E+00
   32.200  1.0000E+00
   32.210  1.0000E+00
   32.220  1.0000E+00
   32.230  1.0000E+00
   32.240  1.0000E+00
   32.250  1.0000E+00
   32.260  1.0000E+00
   32.270  1.0000E+00
   32.280  1.0000E+00
   32.290  1.0000E+00
   32.300  1.0000E+00
   32.310  1.0000E+00
   32.320  1.0000E+00
   32.330  1.0000E+00
   32.340  1.0000E+00
   32.350  1.0000E+00
   32.360  1.0000E+00
   32.370  1.0000E+00
   32.380  1.0000E+00
   32.390  1.0000E+00
   32.400  1.0000E+00
   32.410  1.0000E+00
   32.420  1.0000E+00
   32.430  1.0000E+00
   32.440  1.0000E+00
   32.450  1.0000E+00
   32.460  1.0000E+00
   32.470  1.0000E+00
   32.480  1.0000E+00
   32.490  1.0000E+00
   32.500  1.0000E+00
   32.510  1.0000E+00
   32.520  1.0000E+00
   32.530  1.0000E+00
   32.540  1.0000E+00
   32.550  1.0000E+00
   32.560  1.0000E+00
   32.570  1.0000E+00
   32.580  1.0000E+00
   32.590  1.0000E+00
   32.600  1.0000E+00
   32.610  1.0000E+00
   32.620  1.0000E+00
   32.630  1.0000E+00
   32.640  1.0000E+00
   32.650  1.0000E+00
   32.660  1.0000E+00
   32.670  1.0000E+00
   32.680  1.0000E+00
   32.690  1.0000E+00
   32.700  1.0000E+00
   32.710  1.0000E+00
   32.720  1.0000E+00
   32.730  1.0000E+00
   32.740  1.0000E+00
   32.750  1.0000E+00
   32.760  1.0000E+00
   32.770  1.0000E+00
   32.780  1.0000E+00
   32.790  1.0000E+00
   32.800  1.0000E+00
   32.810  1.0000E+00
   32.820  1.0000E+00
   32.830  1.0000E+00
   32.840  1.0000E+00
   32.850  1.0000E+00
   32.860  1.0000E+00
   32.870  1.0000E+00
   32.880  1.0000E+00
   32.890  1.0000E+00
   32.900  1.0000E+00
   32.910  1.0000E+00
   32.920  1.0000E+00
   32.930  1.0000E+00
   32.940  1.0000E+00
   32.950  1.0000E+00
   32.960  1.0000E+00
   32.970  1.0000E+00
   32.980  1.0000E+00
   32.990  1.0000E+00
   33.000  1.0000E+00
   33.010  1.0000E+00
   33.020  1.0000E+00
   33.030  1.0000E+00
   33.040  1.0000E+00
   33.050  1.0000E+00
   33.060  1.0000E+00
   33.070  1.0000E+00
   33.080  1.0000E+00
   33.090  1.0000E+00
   33.100  1.0000E+00
   33.110  1.0000E+00
   33.120  1.0000E+00
   33.130  1.0000E+00
   33.140  1.0000E+00
   33.150  1.0000E+00
   33.160  1.0000E+00
   33.170  1.0000E+00
   33.180  1.0000E+00
   33.190  1.0000E+00
   33.200  1.0000E+00
   33.210  1.0000E+00
   33.220  1.0000E+00
   33.230  1.0000E+00
   33.240  1.0000E+00
   33.250  1.0000E+00
   33.260  1.0000E+00
   33.270  1.0000E+00
   33.280  1.0000E+00
   33.290  1.0000E+00
   33.300  1.0000E+00
   33.310  1.0000E+00
   33.320  1.0000E+00
   33.330  1.0000E+00
   33.340  1.0000E+00
   33.350  1.0000E+00
   33.360  1.0000E+00
   33.370  1.0000E+00
   33.380  1.0000E+00
   33.390  1.0000E+00
   33.400  1.0000E+00
   33.410  1.0000E+00
   33.420  1.0000E+00
   33.430  1.0000E+00
   33.440  1.0000E+00
   33.450  1.0000E+00
   33.460  1.0000E+00
   33.470  1.0000E+00
   33.480  1.0000E+00
   33.490  1.0000E+00
   33.500  1.0000E+00
   33.510  1.0000E+00
   33.520  1.0000E+00
   33.530  1.0000E+00
   33.540  1.0000E+00
   33.550  1.0000E+00
   33.560  1.0000E+00
   33.570  1.0000E+00
   33.580  1.0000E+00
   33.590  1.0000E+00
   33.600  1.0000E+00
   33.610  1.0000E+00
   33.620  1.0000E+00
   33.630  1.0000E+00
   33.640  1.0000E+00
   33.650  1.0000E+00
   33.660  1.0000E+00
   33.670  1.0000E+00
   33.680  1.0000E+00
   33.690  1.0000E+00
   33.700  1.0000E+00
   33.710  1.0000E+00
   33.720  1.0000E+00
   33.730  1.0000E+00
   33.740  1.0000E+00
   33.750  1.0000E+00
   33.760  1.0000E+00
   33.770  1.0000E+00
   33.780  1.0000E+00
   33.790  1.0000E+00
   33.800  1.0000E+00
   33.810  1.0000E+00
   33.820  1.0000E+00
   33.830  1.0000E+00
   33.840  1.0000E+00
   33.850  1.0000E+00
   33.860  1.0000E+00
   33.870  1.0000E+00
   33.880  1.0000E+00
   33.890  1.0000E+00
   33.900  1.0000E+00
   33.910  1.0000E+00
   33.920  1.0000E+00
   33.930  1.0000E+00
   33.940  1.0000E+00
   33.950  1.0000E+00
   33.960  1.0000E+00
   33.970  1.0000E+00
   33.980  1.0000E+00
   33.990  1.0000E+00
   34.000  1.0000E+00
   34.010  1.0000E+00
   34.020  1.0000E+00
   34.030  1.0000E+00
   34.040  1.0000E+00
   34.050  1.0000E+00
   34.060  1.0000E+00
   34.070  1.0000E+00
   34.080  1.0000E+00
   34.090  1.0000E+00
   34.100  1.0000E+00
   34.110  1.0000E+00
   34.120  1.0000E+00
   34.130  1.0000E+00
   34.140  1.0000E+00
   34.150  1.0000E+00
   34.160  1.0000E+00
   34.170  1.0000E+00
   34.180  1.0000E+00
   34.190  1.0000E+00
   34.200  1.0000E+00
   34.210  1.0000E+00
   34.220  1.0000E+00
   34.230  1.0000E+00
   34.240  1.0000E+00
   34.250  1.0000E+00
   34.260  1.0000E+00
   34.270  1.0000E+00
   34.280  1.0000E+00
   34.290  1.0000E+00
   34.300  1.0000E+00
   34.310  1.0000E+00
   34.320  1.0000E+00
   34.330  1.0000E+00
   34.340  1.0000E+00
   34.350  1.0000E+00
   34.360  1.0000E+00
   34.370  1.0000E+00
   34.380  1.0000E+00
   34.390  1.0000E+00
   34.400  1.0000E+00
   34.410  1.0000E+00
   34.420  1.0000E+00
   34.430  1.0000E+00
   34.440  1.0000E+00
   34.450  1.0000E+00
   34.460  1.0000E+00
   34.470  1.0000E+00
   34.480  1.0000E+00
   34.490  1.0000E+00
   34.500  1.0000E+00
   34.510  1.0000E+00
   34.520  1.0000E+00
   34.530  1.0000E+00
   34.540  1.0000E+00
   34.550  1.0000E+00
   34.560  1.0000E+00
   34.570  1.0000E+00
   34.580  1.0000E+00
   34.590  1.0000E+00
   34.600  1.0000E+00
   34.610  1.0000E+00
   34.620  1.0000E+00
   34.630  1.0000E+00
   34.640  1.0000E+00
   34.650  1.0000E+00
   34.660  1.0000E+00
   34.670  1.0000E+00
   34.680  1.0000E+00
   34.690  1.0000E+00
   34.700  1.0000E+00
   34.710  1.0000E+00
   34.720  1.0000E+00
   34.730  1.0000E+00
   34.740  1.0000E+00
   34.750  1.0000E+00
   34.760  1.0000E+00
   34.770  1.0000E+00
   34.780  1.0000E+00
   34.790  1.0000E+00
   34.800  1.0000E+00
   34.810  1.0000E+00
   34.820  1.0000E+00
   34.830  1.0000E+00
   34.840  1.0000E+00
   34.850  1.0000E+00
   34.860  1.0000E+00
   34.870  1.0000E+00
   34.880  1.0000E+00
   34.890  1.0000E+00
   34.900  1.0000E+00
   34.910  1.0000E+00
   34.920  1.0000E+00
   34.930  1.0000E+00
   34.940  1.0000E+00
   34.950  1.0000E+00
   34.960  1.0000E+00
   34.970  1.0000E+00
   34.980  1.0000E+00
   34.990  1.0000E+00
   35.000  1.0000E+00
   35.010  1.0000E+00
   35.020  1.0000E+00
   35.030  1.0000E+00
   35.040  1.0000E+00
   35.050  1.0000E+00
   35.060  1.0000E+00
   35.070  1.0000E+00
   35.080  1.0000E+00
   35.090  1.0000E+00
   35.100  1.0000E+00
   35.110  1.0000E+00
   35.120  1.0000E+00
   35.130  1.0000E+00
   35.140  1.0000E+00
   35.150  1.0000E+00
   35.160  1.0000E+00
   35.170  1.0000E+00
   35.180  1.0000E+00
   35.190  1.0000E+00
   35.200  1.0000E+00
   35.210  1.0000E+00
   35.220  1.0000E+00
   35.230  1.0000E+00
   35.240  1.0000E+00
   35.250  1.0000E+00
   35.260  1.0000E+00
   35.270  1.0000E+00
   35.280  1.0000E+00
   35.290  1.0000E+00
   35.300  1.0000E+00
   35.310  1.0000E+00
   35.320  1.0000E+00
   35.330  1.0000E+00
   35.340  1.0000E+00
   35.350  1.0000E+00
   35.360  1.0000E+00
   35.370  1.0000E+00
   35.380  1.0000E+00
   35.390  1.0000E+00
   35.400  1.0000E+00
   35.410  1.0000E+00
   35.420  1.0000E+00
   35.430  1.0000E+00
   35.440  1.0000E+00
   35.450  1.0000E+00
   35.460  1.0000E+00
   35.470  1.0000E+00
   35.480  1.0000E+00
   35.490  1.0000E+00
   35.500  1.0000E+00
   35.510  1.0000E+00
   35.520  1.0000E+00
   35.530  1.0000E+00
   35.540  1.0000E+00
   35.550  1.0000E+00
   35.560  1.0000E+00
   35.570  1.0000E+00
   35.580  1.0000E+00
   35.590  1.0000E+00
   35.600  1.0000E+00
   35.610  1.0000E+00
   35.620  1.0000E+00
   35.630  1.0000E+00
   35.640  1.0000E+00
   35.650  1.0000E+00
   35.660  1.0000E+00
   35.670  1.0000E+00
   35.680  1.0000E+00
   35.690  1.0000E+00
   35.700  1.0000E+00
   35.710  1.0000E+00
   35.720  1.0000E+00
   35.730  1.0000E+00
   35.740  1.0000E+00
   35.750  1.0000E+00
   35.760  1.0000E+00
   35.770  1.0000E+00
   35.780  1.0000E+00
   35.790  1.0000E+00
   35.800  1.0000E+00
   35.810  1.0000E+00
   35.820  1.0000E+00
   35.830  1.0000E+00
   35.840  1.0000E+00
   35.850  1.0000E+00
   35.860  1.0000E+00
   35.870  1.0000E+00
   35.880  1.0000E+00
   35.890  1.0000E+00
   35.900  1.0000E+00
   35.910  1.0000E+00
   35.920  1.0000E+00
   35.930  1.0000E+00
   35.940  1.0000E+00
   35.950  1.0000E+00
   35.960  1.0000E+00
   35.970  1.0000E+00
   35.980  1.0000E+00
   35.990  1.0000E+00
   36.000  1.0000E+00
   36.010  1.0000E+00
   36.020  1.0000E+00
   36.030  1.0000E+00
   36.040  1.0000E+00
   36.050  1.0000E+00
   36.060  1.0000E+00
   36.070  1.0000E+00
   36.080  1.0000E+00
   36.090  1.0000E+00
   36.100  1.0000E+00
   36.110  1.0000E+00
   36.120  1.0000E+00
   36.130  1.0000E+00
   36.140  1.0000E+00
   36.150  1.0000E+00
   36.160  1.0000E+00
   36.170  1.0000E+00
   36.180  1.0000E+00
   36.190  1.0000E+00
   36.200  1.0000E+00
   36.210  1.0000E+00
   36.220  1.0000E+00
   36.230  1.0000E+00
   36.240  1.0000E+00
   36.250  1.0000E+00
   36.260  1.0000E+00
   36.270  1.0000E+00
   36.280  1.0000E+00
   36.290  1.0000E+00
   36.300  1.0000E+00
   36.310  1.0000E+00
   36.320  1.0000E+00
   36.330  1.0000E+00
   36.340  1.0000E+00
   36.350  1.0000E+00
   36.360  1.0000E+00
   36.370  1.0000E+00
   36.380  1.0000E+00
   36.390  1.0000E+00
   36.400  1.0000E+00
   36.410  1.0000E+00
   36.420  1.0000E+00
   36.430  1.0000E+00
   36.440  1.0000E+00
   36.450  1.0000E+00
   36.460  1.0000E+00
   36.470  1.0000E+00
   36.480  1.0000E+00
   36.490  1.0000E+00
   36.500  1.0000E+00
   36.510  1.0000E+00
   36.520  1.0000E+00
   36.530  1.0000E+00
   36.540  1.0000E+00
   36.550  1.0000E+00
   36.560  1.0000E+00
   36.570  1.0000E+00
   36.580  1.0000E+00
   36.590  1.0000E+00
   36.600  1.0000E+00
   36.610  1.0000E+00
   36.620  1.0000E+00
   36.630  1.0000E+00
   36.640  1.0000E+00
   36.650  1.0000E+00
   36.660  1.0000E+00
   36.670  1.0000E+00
   36.680  1.0000E+00
   36.690  1.0000E+00
   36.700  1.0000E+00
   36.710  1.0000E+00
   36.720  1.0000E+00
   36.730  1.0000E+00
   36.740  1.0000E+00
   36.750  1.0000E+00
   36.760  1.0000E+00
   36.770  1.0000E+00
   36.780  1.0000E+00
   36.790  1.0000E+00
   36.800  1.0000E+00
   36.810  1.0000E+00
   36.820  1.0000E+00
   36.830  1.0000E+00
   36.840  1.0000E+00
   36.850  1.0000E+00
   36.860  1.0000E+00
   36.870  1.0000E+00
   36.880  1.0000E+00
   36.890  1.0000E+00
   36.900  1.0000E+00
   36.910  1.0000E+00
   36.920  1.0000E+00
   36.930  1.0000E+00
   36.940  1.0000E+00
   36.950  1.0000E+00
   36.960  1.0000E+00
   36.970  1.0000E+00
   36.980  1.0000E+00
   36.990  1.0000E+00
   37.000  1.0000E+00
   37.010  1.0000E+00
   37.020  1.0000E+00
   37.030  1.0000E+00
   37.040  1.0000E+00
   37.050  1.0000E+00
   37.060  1.0000E+00
   37.070  1.0000E+00
   37.080  1.0000E+00
   37.090  1.0000E+00
   37.100  1.0000E+00
   37.110  1.0000E+00
   37.120  1.0000E+00
   37.130  1.0000E+00
   37.140  1.0000E+00
   37.150  1.0000E+00
   37.160  1.0000E+00
   37.170  1.0000E+00
   37.180  1.0000E+00
   37.190  1.0000E+00
   37.200  1.0000E+00
   37.210  1.0000E+00
   37.220  1.0000E+00
   37.230  1.0000E+00
   37.240  1.0000E+00
   37.250  1.0000E+00
   37.260  1.0000E+00
   37.270  1.0000E+00
   37.280  1.0000E+00
   37.290  1.0000E+00
   37.300  1.0000E+00
   37.310  1.0000E+00
   37.320  1.0000E+00
   37.330  1.0000E+00
   37.340  1.0000E+00
   37.350  1.0000E+00
   37.360  1.0000E+00
   37.370  1.0000E+00
   37.380  1.0000E+00
   37.390  1.0000E+00
   37.400  1.0000E+00
   37.410  1.0000E+00
   37.420  1.0000E+00
   37.430  1.0000E+00
   37.440  1.0000E+00
   37.450  1.0000E+00
   37.460  1.0000E+00
   37.470  1.0000E+00
   37.480  1.0000E+00
   37.490  1.0000E+00
   37.500  1.0000E+00
   37.510  1.0000E+00
   37.520  1.0000E+00
   37.530  1.0000E+00
   37.540  1.0000E+00
   37.550  1.0000E+00
   37.560  1.0000E+00
   37.570  1.0000E+00
   37.580  1.0000E+00
   37.590  1.0000E+00
   37.600  1.0000E+00
   37.610  1.0000E+00
   37.620  1.0000E+00
   37.630  1.0000E+00
   37.640  1.0000E+00
   37.650  1.0000E+00
   37.660  1.0000E+00
   37.670  1.0000E+00
   37.680  1.0000E+00
   37.690  1.0000E+00
   37.700  1.0000E+00
   37.710  1.0000E+00
   37.720  1.0000E+00
   37.730  1.0000E+00
   37.740  1.0000E+00
   37.750  1.0000E+00
   37.760  1.0000E+00
   37.770  1.0000E+00
   37.780  1.0000E+00
   37.790  1.0000E+00
   37.800  1.0000E+00
   37.810  1.0000E+00
   37.820  1.0000E+00
   37.830  1.0000E+00
   37.840  1.0000E+00
   37.850  1.0000E+00
   37.860  1.0000E+00
   37.870  1.0000E+00
   37.880  1.0000E+00
   37.890  1.0000E+00
   37.900  1.0000E+00
   37.910  1.0000E+00
   37.920  1.0000E+00
   37.930  1.0000E+00
   37.940  1.0000E+00
   37.950  1.0000E+00
   37.960  1.0000E+00
   37.970  1.0000E+00
   37.980  1.0000E+00
   37.990  1.0000E+00
   38.000  1.0000E+00
   38.010  1.0000E+00
   38.020  1.0000E+00
   38.030  1.0000E+00
   38.040  1.0000E+00
   38.050  1.0000E+00
   38.060  1.0000E+00
   38.070  1.0000E+00
   38.080  1.0000E+00
   38.090  1.0000E+00
   38.100  1.0000E+00
   38.110  1.0000E+00
   38.120  1.0000E+00
   38.130  1.0000E+00
   38.140  1.0000E+00
   38.150  1.0000E+00
   38.160  1.0000E+00
   38.170  1.0000E+00
   38.180  1.0000E+00
   38.190  1.0000E+00
   38.200  1.0000E+00
   38.210  1.0000E+00
   38.220  1.0000E+00
   38.230  1.0000E+00
   38.240  1.0000E+00
   38.250  1.0000E+00
   38.260  1.0000E+00
   38.270  1.0000E+00
   38.280  1.0000E+00
   38.290  1.0000E+00
   38.300  1.0000E+00
   38.310  1.0000E+00
   38.320  1.0000E+00
   38.330  1.0000E+00
   38.340  1.0000E+00
   38.350  1.0000E+00
   38.360  1.0000E+00
   38.370  1.0000E+00
   38.380  1.0000E+00
   38.390  1.0000E+00
   38.400  1.0000E+00
   38.410  1.0000E+00
   38.420  1.0000E+00
   38.430  1.0000E+00
   38.440  1.0000E+00
   38.450  1.0000E+00
   38.460  1.0000E+00
   38.470  1.0000E+00
   38.480  1.0000E+00
   38.490  1.0000E+00
   38.500  1.0000E+00
   38.510  1.0000E+00
   38.520  1.0000E+00
   38.530  1.0000E+00
   38.540  1.0000E+00
   38.550  1.0000E+00
   38.560  1.0000E+00
   38.570  1.0000E+00
   38.580  1.0000E+00
   38.590  1.0000E+00
   38.600  1.0000E+00
   38.610  1.0000E+00
   38.620  1.0000E+00
   38.630  1.0000E+00
   38.640  1.0000E+00
   38.650  1.0000E+00
   38.660  1.0000E+00
   38.670  1.0000E+00
   38.680  1.0000E+00
   38.690  1.0000E+00
   38.700  1.0000E+00
   38.710  1.0000E+00
   38.720  1.0000E+00
   38.730  1.0000E+00
   38.740  1.0000E+00
   38.750  1.0000E+00
   38.760  1.0000E+00
   38.770  1.0000E+00
   38.780  1.0000E+00
   38.790  1.0000E+00
   38.800  1.0000E+00
   38.810  1.0000E+00
   38.820  1.0000E+00
   38.830  1.0000E+00
   38.840  1.0000E+00
   38.850  1.0000E+00
   38.860  1.0000E+00
   38.870  1.0000E+00
   38.880  1.0000E+00
   38.890  1.0000E+00
   38.900  1.0000E+00
   38.910  1.0000E+00
   38.920  1.0000E+00
   38.930  1.0000E+00
   38.940  1.0000E+00
   38.950  1.0000E+00
   38.960  1.0000E+00
   38.970  1.0000E+00
   38.980  1.0000E+00
   38.990  1.0000E+00
   39.000  1.0000E+00
   39.010  1.0000E+00
   39.020  1.0000E+00
   39.030  1.0000E+00
   39.040  1.0000E+00
   39.050  1.0000E+00
   39.060  1.0000E+00
   39.070  1.0000E+00
   39.080  1.0000E+00
   39.090  1.0000E+00
   39.100  1.0000E+00
   39.110  1.0000E+00
   39.120  1.0000E+00
   39.130  1.0000E+00
   39.140  1.0000E+00
   39.150  1.0000E+00
   39.160  1.0000E+00
   39.170  1.0000E+00
   39.180  1.0000E+00
   39.190  1.0000E+00
   39.200  1.0000E+00
   39.210  1.0000E+00
   39.220  1.0000E+00
   39.230  1.0000E+00
   39.240  1.0000E+00
   39.250  1.0000E+00
   39.260  1.0000E+00
   39.270  1.0000E+00
   39.280  1.0000E+00
   39.290  1.0000E+00
   39.300  1.0000E+00
   39.310  1.0000E+00
   39.320  1.0000E+00
   39.330  1.0000E+00
   39.340  1.0000E+00
   39.350  1.0000E+00
   39.360  1.0000E+00
   39.370  1.0000E+00
   39.380  1.0000E+00
   39.390  1.0000E+00
   39.400  1.0000E+00
   39.410  1.0000E+00
   39.420  1.0000E+00
   39.430  1.0000E+00
   39.440  1.0000E+00
   39.450  1.0000E+00
   39.460  1.0000E+00
   39.470  1.0000E+00
   39.480  1.0000E+00
   39.490  1.0000E+00
   39.500  1.0000E+00
   39.510  1.0000E+00
   39.520  1.0000E+00
   39.530  1.0000E+00
   39.540  1.0000E+00
   39.550  1.0000E+00
   39.560  1.0000E+00
   39.570  1.0000E+00
   39.580  1.0000E+00
   39.590  1.0000E+00
   39.600  1.0000E+00
   39.610  1.0000E+00
   39.620  1.0000E+00
   39.630  1.0000E+00
   39.640  1.0000E+00
   39.650  1.0000E+00
   39.660  1.0000E+00
   39.670  1.0000E+00
   39.680  1.0000E+00
   39.690  1.0000E+00
   39.700  1.0000E+00
   39.710  1.0000E+00
   39.720  1.0000E+00
   39.730  1.0000E+00
   39.740  1.0000E+00
   39.750  1.0000E+00
   39.760  1.0000E+00
   39.770  1.0000E+00
   39.780  1.0000E+00
   39.790  1.0000E+00
   39.800  1.0000E+00
   39.810  1.0000E+00
   39.820  1.0000E+00
   39.830  1.0000E+00
   39.840  1.0000E+00
   39.850  1.0000E+00
   39.860  1.0000E+00
   39.870  1.0000E+00
   39.880  1.0000E+00
   39.890  1.0000E+00
   39.900  1.0000E+00
   39.910  1.0000E+00
   39.920  1.0000E+00
   39.930  1.0000E+00
   39.940  1.0000E+00
   39.950  1.0000E+00
   39.960  1.0000E+00
   39.970  1.0000E+00
   39.980  1.0000E+00
   39.990  1.0000E+00
   40.000  1.0000E+00
   40.010  1.0000E+00
   40.020  1.0000E+00
   40.030  1.0000E+00
   40.040  1.0000E+00
   40.050  1.0000E+00
   40.060  1.0000E+00
   40.070  1.0000E+00
   40.080  1.0000E+00
   40.090  1.0000E+00
   40.100  1.0000E+00
   40.110  1.0000E+00
   40.120  1.0000E+00
   40.130  1.0000E+00
   40.140  1.0000E+00
   40.150  1.0000E+00
   40.160  1.0000E+00
   40.170  1.0000E+00
   40.180  1.0000E+00
   40.190  1.0000E+00
   40.200  1.0000E+00
   40.210  1.0000E+00
   40.220  1.0000E+00
   40.230  1.0000E+00
   40.240  1.0000E+00
   40.250  1.0000E+00
   40.260  1.0000E+00
   40.270  1.0000E+00
   40.280  1.0000E+00
   40.290  1.0000E+00
   40.300  1.0000E+00
   40.310  1.0000E+00
   40.320  1.0000E+00
   40.330  1.0000E+00
   40.340  1.0000E+00
   40.350  1.0000E+00
   40.360  1.0000E+00
   40.370  1.0000E+00
   40.380  1.0000E+00
   40.390  1.0000E+00
   40.400  1.0000E+00
   40.410  1.0000E+00
   40.420  1.0000E+00
   40.430  1.0000E+00
   40.440  1.0000E+00
   40.450  1.0000E+00
   40.460  1.0000E+00
   40.470  1.0000E+00
   40.480  1.0000E+00
   40.490  1.0000E+00
   40.500  1.0000E+00
   40.510  1.0000E+00
   40.520  1.0000E+00
   40.530  1.0000E+00
   40.540  1.0000E+00
   40.550  1.0000E+00
   40.560  1.0000E+00
   40.570  1.0000E+00
   40.580  1.0000E+00
   40.590  1.0000E+00
   40.600  1.0000E+00
   40.610  1.0000E+00
   40.620  1.0000E+00
   40.630  1.0000E+00
   40.640  1.0000E+00
   40.650  1.0000E+00
   40.660  1.0000E+00
   40.670  1.0000E+00
   40.680  1.0000E+00
   40.690  1.0000E+00
   40.700  1.0000E+00
   40.710  1.0000E+00
   40.720  1.0000E+00
   40.730  1.0000E+00
   40.740  1.0000E+00
   40.750  1.0000E+00
   40.760  1.0000E+00
   40.770  1.0000E+00
   40.780  1.0000E+00
   40.790  1.0000E+00
   40.800  1.0000E+00
   40.810  1.0000E+00
   40.820  1.0000E+00
   40.830  1.0000E+00
   40.840  1.0000E+00
   40.850  1.0000E+00
   40.860  1.0000E+00
   40.870  1.0000E+00
   40.880  1.0000E+00
   40.890  1.0000E+00
   40.900  1.0000E+00
   40.910  1.0000E+00
   40.920  1.0000E+00
   40.930  1.0000E+00
   40.940  1.0000E+00
   40.950  1.0000E+00
