**********************************************
*******     Site #   1
Average PSA and Fourier spectrum over    40 trials
damping:   5%
  50 samples
Mag.          =      6.30
siteLat       =     42.37
siteLon       =     13.34
depth         =      0.00
R             =      8.90
azimuth       =  12619.98
fault Dis.(km)=     7.00
Hypo  Dis.(km)=    12.06
Input Parameters file =  aqg_0604__parameters.out                                                                                                
 data format: (1x,f10.3, 1p, 1x,e11.4, 5x,e11.4, 2x,e11.4, 1x,e11.4)
   freq(Hz) FAS(cm/sec) avgPSA(cm/s**2) avgPSV(cm/s)   avgSD(cm)
     -1.000         NaN             Nan   1.8664E+01         Nan
    999.900         Nan      1.5240E+02          NaN         NaN
      0.200  2.4676E+01      2.3514E+01   1.8712E+01  1.4890E+01
      0.217  2.4676E+01      2.8176E+01   2.0701E+01  1.5210E+01
      0.235  2.9133E+01      3.2893E+01   2.2312E+01  1.5135E+01
      0.254  3.2997E+01      3.8080E+01   2.3849E+01  1.4936E+01
      0.275  3.6140E+01      4.3826E+01   2.5341E+01  1.4653E+01
      0.298  3.8697E+01      4.9408E+01   2.6377E+01  1.4082E+01
      0.323  4.1028E+01      5.5951E+01   2.7578E+01  1.3593E+01
      0.350  4.3761E+01      6.4743E+01   2.9463E+01  1.3408E+01
      0.379  4.6890E+01      7.5272E+01   3.1626E+01  1.3288E+01
      0.410  4.9863E+01      8.6181E+01   3.3431E+01  1.2968E+01
      0.444  5.4427E+01      9.6685E+01   3.4627E+01  1.2402E+01
      0.481  5.4781E+01      1.0446E+02   3.4540E+01  1.1421E+01
      0.521  5.1398E+01      1.0922E+02   3.3344E+01  1.0180E+01
      0.565  4.4110E+01      1.1181E+02   3.1517E+01  8.8835E+00
      0.612  3.7662E+01      1.0937E+02   2.8461E+01  7.4067E+00
      0.662  3.4123E+01      1.0970E+02   2.6358E+01  6.3331E+00
      0.717  3.2462E+01      1.1766E+02   2.6101E+01  5.7900E+00
      0.777  3.4328E+01      1.3564E+02   2.7781E+01  5.6899E+00
      0.842  4.4410E+01      1.6211E+02   3.0654E+01  5.7964E+00
      0.912  5.1684E+01      1.7921E+02   3.1288E+01  5.4624E+00
      0.987  5.0909E+01      1.9588E+02   3.1573E+01  5.0892E+00
      1.069  5.0301E+01      2.0788E+02   3.0937E+01  4.6040E+00
      1.158  5.4324E+01      2.1769E+02   2.9910E+01  4.1097E+00
      1.255  5.4563E+01      2.2029E+02   2.7945E+01  3.5450E+00
      1.359  3.5671E+01      2.1657E+02   2.5366E+01  2.9709E+00
      1.472  3.0975E+01      2.1990E+02   2.3780E+01  2.5714E+00
      1.594  4.3629E+01      2.5497E+02   2.5456E+01  2.5415E+00
      1.727  5.6769E+01      2.9490E+02   2.7183E+01  2.5056E+00
      1.870  5.2322E+01      2.9945E+02   2.5484E+01  2.1688E+00
      2.026  3.5861E+01      2.7963E+02   2.1972E+01  1.7264E+00
      2.194  3.1140E+01      2.9367E+02   2.1304E+01  1.5455E+00
      2.376  4.6178E+01      3.4135E+02   2.2863E+01  1.5313E+00
      2.574  4.9244E+01      3.5137E+02   2.1728E+01  1.3436E+00
      2.788  2.5304E+01      3.4143E+02   1.9494E+01  1.1130E+00
      3.019  3.9472E+01      3.6193E+02   1.9078E+01  1.0057E+00
      3.270  4.5382E+01      3.6313E+02   1.7673E+01  8.6008E-01
      3.542  2.1470E+01      3.4375E+02   1.5446E+01  6.9402E-01
      3.836  2.9655E+01      3.4589E+02   1.4350E+01  5.9529E-01
      4.155  2.3281E+01      3.5327E+02   1.3531E+01  5.1827E-01
      4.501  3.0134E+01      3.6087E+02   1.2761E+01  4.5128E-01
      4.875  2.3512E+01      3.5616E+02   1.1628E+01  3.7966E-01
      5.280  2.6667E+01      3.4958E+02   1.0538E+01  3.1765E-01
      5.719  1.5538E+01      3.3952E+02   9.4493E+00  2.6299E-01
      6.194  2.0754E+01      3.1754E+02   8.1593E+00  2.0966E-01
      6.709  1.6929E+01      3.1390E+02   7.4470E+00  1.7667E-01
      7.266  1.4986E+01      2.9796E+02   6.5263E+00  1.4295E-01
      7.870  1.4407E+01      2.9904E+02   6.0473E+00  1.2229E-01
      8.524  1.0446E+01      2.9201E+02   5.4521E+00  1.0180E-01
      9.233  9.6808E+00      2.7436E+02   4.7295E+00  8.1529E-02
     10.000  9.0631E+00      2.6763E+02   4.2595E+00  6.7792E-02
 
 
