**********************************************
*******  Husid Time Series ************
*** Site #   1
*** trial   40
Input Parameters file =  aqg_0604__parameters.out                                                                                                
  4096 samples
dt:  0.010 sec
data format: (1x,f8.3,1p,2x,e11.4)
 Arias intensity =   2.822E+01
 75%-5% duration =   4.110E+00
fault Dis.(km)=    7.00
Hypo  Dis.(km)=   12.06
     time       husid
    0.000  0.0000E+00
    0.010  0.0000E+00
    0.020  0.0000E+00
    0.030  0.0000E+00
    0.040  0.0000E+00
    0.050  0.0000E+00
    0.060  0.0000E+00
    0.070  0.0000E+00
    0.080  0.0000E+00
    0.090  0.0000E+00
    0.100  0.0000E+00
    0.110  0.0000E+00
    0.120  0.0000E+00
    0.130  0.0000E+00
    0.140  0.0000E+00
    0.150  0.0000E+00
    0.160  0.0000E+00
    0.170  0.0000E+00
    0.180  0.0000E+00
    0.190  0.0000E+00
    0.200  0.0000E+00
    0.210  0.0000E+00
    0.220  0.0000E+00
    0.230  0.0000E+00
    0.240  0.0000E+00
    0.250  0.0000E+00
    0.260  0.0000E+00
    0.270  0.0000E+00
    0.280  0.0000E+00
    0.290  0.0000E+00
    0.300  0.0000E+00
    0.310  0.0000E+00
    0.320  0.0000E+00
    0.330  0.0000E+00
    0.340  0.0000E+00
    0.350  0.0000E+00
    0.360  0.0000E+00
    0.370  0.0000E+00
    0.380  0.0000E+00
    0.390  0.0000E+00
    0.400  0.0000E+00
    0.410  0.0000E+00
    0.420  0.0000E+00
    0.430  0.0000E+00
    0.440  0.0000E+00
    0.450  0.0000E+00
    0.460  0.0000E+00
    0.470  0.0000E+00
    0.480  0.0000E+00
    0.490  0.0000E+00
    0.500  2.0692E-13
    0.510  3.9054E-11
    0.520  3.1470E-10
    0.530  9.1350E-10
    0.540  1.1335E-09
    0.550  1.1379E-09
    0.560  1.1470E-09
    0.570  1.1590E-09
    0.580  1.3063E-09
    0.590  1.6655E-09
    0.600  2.0688E-09
    0.610  2.3489E-09
    0.620  2.4768E-09
    0.630  2.4985E-09
    0.640  2.5335E-09
    0.650  2.7909E-09
    0.660  3.5311E-09
    0.670  5.0627E-09
    0.680  7.6875E-09
    0.690  1.1424E-08
    0.700  1.5792E-08
    0.710  2.0010E-08
    0.720  2.2271E-08
    0.730  2.2522E-08
    0.740  2.3337E-08
    0.750  2.7357E-08
    0.760  3.6560E-08
    0.770  4.8830E-08
    0.780  6.3011E-08
    0.790  7.9946E-08
    0.800  9.7524E-08
    0.810  1.3595E-07
    0.820  1.9734E-07
    0.830  2.5288E-07
    0.840  3.0317E-07
    0.850  3.4962E-07
    0.860  3.9184E-07
    0.870  4.2726E-07
    0.880  4.5400E-07
    0.890  4.7286E-07
    0.900  4.8612E-07
    0.910  4.9576E-07
    0.920  5.0300E-07
    0.930  5.0830E-07
    0.940  5.1151E-07
    0.950  5.1260E-07
    0.960  5.1270E-07
    0.970  5.1395E-07
    0.980  5.2639E-07
    0.990  5.5866E-07
    1.000  6.0238E-07
    1.010  6.5486E-07
    1.020  7.0438E-07
    1.030  7.3788E-07
    1.040  7.6256E-07
    1.050  7.8831E-07
    1.060  8.1667E-07
    1.070  8.4886E-07
    1.080  8.8358E-07
    1.090  9.1695E-07
    1.100  9.4574E-07
    1.110  9.6919E-07
    1.120  9.8298E-07
    1.130  9.8866E-07
    1.140  9.9111E-07
    1.150  9.9177E-07
    1.160  9.9184E-07
    1.170  9.9185E-07
    1.180  9.9188E-07
    1.190  9.9192E-07
    1.200  9.9200E-07
    1.210  9.9215E-07
    1.220  9.9232E-07
    1.230  9.9239E-07
    1.240  9.9241E-07
    1.250  9.9254E-07
    1.260  9.9274E-07
    1.270  9.9348E-07
    1.280  9.9417E-07
    1.290  9.9513E-07
    1.300  9.9662E-07
    1.310  9.9924E-07
    1.320  1.0035E-06
    1.330  1.0083E-06
    1.340  1.0116E-06
    1.350  1.0125E-06
    1.360  1.0128E-06
    1.370  1.0137E-06
    1.380  1.0148E-06
    1.390  1.0170E-06
    1.400  1.0210E-06
    1.410  1.0284E-06
    1.420  1.0461E-06
    1.430  1.0733E-06
    1.440  1.1014E-06
    1.450  1.1249E-06
    1.460  1.1380E-06
    1.470  1.1442E-06
    1.480  1.1469E-06
    1.490  1.1479E-06
    1.500  1.1603E-06
    1.510  1.1937E-06
    1.520  1.2476E-06
    1.530  1.3012E-06
    1.540  1.3339E-06
    1.550  1.3570E-06
    1.560  1.3833E-06
    1.570  1.4199E-06
    1.580  1.4708E-06
    1.590  1.5277E-06
    1.600  1.5815E-06
    1.610  1.6262E-06
    1.620  1.6607E-06
    1.630  1.6895E-06
    1.640  1.7190E-06
    1.650  1.7582E-06
    1.660  1.8188E-06
    1.670  1.9091E-06
    1.680  2.0214E-06
    1.690  2.1316E-06
    1.700  2.2181E-06
    1.710  2.2733E-06
    1.720  2.2995E-06
    1.730  2.3050E-06
    1.740  2.3080E-06
    1.750  2.3359E-06
    1.760  2.4160E-06
    1.770  2.5686E-06
    1.780  2.7978E-06
    1.790  3.0792E-06
    1.800  3.3555E-06
    1.810  3.5789E-06
    1.820  3.7321E-06
    1.830  3.8125E-06
    1.840  3.8405E-06
    1.850  3.8444E-06
    1.860  3.8469E-06
    1.870  3.8632E-06
    1.880  3.9033E-06
    1.890  3.9752E-06
    1.900  4.0947E-06
    1.910  4.2547E-06
    1.920  4.4852E-06
    1.930  4.8542E-06
    1.940  5.3590E-06
    1.950  6.0266E-06
    1.960  6.7833E-06
    1.970  7.4750E-06
    1.980  8.0610E-06
    1.990  8.5320E-06
    2.000  8.8935E-06
    2.010  9.1521E-06
    2.020  9.3149E-06
    2.030  9.3940E-06
    2.040  9.4134E-06
    2.050  9.4177E-06
    2.060  9.4679E-06
    2.070  9.6089E-06
    2.080  9.8371E-06
    2.090  1.0107E-05
    2.100  1.0407E-05
    2.110  1.0714E-05
    2.120  1.1064E-05
    2.130  1.1460E-05
    2.140  1.1802E-05
    2.150  1.2056E-05
    2.160  1.2202E-05
    2.170  1.2256E-05
    2.180  1.2262E-05
    2.190  1.2276E-05
    2.200  1.2347E-05
    2.210  1.2502E-05
    2.220  1.2732E-05
    2.230  1.3003E-05
    2.240  1.3273E-05
    2.250  1.3497E-05
    2.260  1.3628E-05
    2.270  1.3678E-05
    2.280  1.3687E-05
    2.290  1.3693E-05
    2.300  1.3748E-05
    2.310  1.3920E-05
    2.320  1.4269E-05
    2.330  1.4810E-05
    2.340  1.5505E-05
    2.350  1.6286E-05
    2.360  1.7103E-05
    2.370  1.7930E-05
    2.380  1.8722E-05
    2.390  1.9383E-05
    2.400  1.9813E-05
    2.410  1.9992E-05
    2.420  2.0017E-05
    2.430  2.0051E-05
    2.440  2.0220E-05
    2.450  2.0537E-05
    2.460  2.0911E-05
    2.470  2.1207E-05
    2.480  2.1379E-05
    2.490  2.1455E-05
    2.500  2.1478E-05
    2.510  2.1483E-05
    2.520  2.1483E-05
    2.530  2.1485E-05
    2.540  2.1491E-05
    2.550  2.1506E-05
    2.560  2.1534E-05
    2.570  2.1599E-05
    2.580  2.1711E-05
    2.590  2.1832E-05
    2.600  2.1925E-05
    2.610  2.1998E-05
    2.620  2.2088E-05
    2.630  2.2205E-05
    2.640  2.2368E-05
    2.650  2.2600E-05
    2.660  2.2937E-05
    2.670  2.3447E-05
    2.680  2.4213E-05
    2.690  2.5307E-05
    2.700  2.6821E-05
    2.710  2.8839E-05
    2.720  3.1330E-05
    2.730  3.4156E-05
    2.740  3.6897E-05
    2.750  3.9071E-05
    2.760  4.0566E-05
    2.770  4.1527E-05
    2.780  4.2199E-05
    2.790  4.2709E-05
    2.800  4.3074E-05
    2.810  4.3279E-05
    2.820  4.3329E-05
    2.830  4.3348E-05
    2.840  4.3541E-05
    2.850  4.4077E-05
    2.860  4.4956E-05
    2.870  4.6023E-05
    2.880  4.6964E-05
    2.890  4.7647E-05
    2.900  4.8145E-05
    2.910  4.8475E-05
    2.920  4.8586E-05
    2.930  4.8595E-05
    2.940  4.8626E-05
    2.950  4.8953E-05
    2.960  4.9910E-05
    2.970  5.1498E-05
    2.980  5.3287E-05
    2.990  5.4844E-05
    3.000  5.6026E-05
    3.010  5.6889E-05
    3.020  5.7608E-05
    3.030  5.8355E-05
    3.040  5.9248E-05
    3.050  6.0313E-05
    3.060  6.1848E-05
    3.070  6.4130E-05
    3.080  6.6989E-05
    3.090  7.0231E-05
    3.100  7.3556E-05
    3.110  7.6558E-05
    3.120  7.8873E-05
    3.130  8.0403E-05
    3.140  8.1280E-05
    3.150  8.1727E-05
    3.160  8.1906E-05
    3.170  8.1941E-05
    3.180  8.1955E-05
    3.190  8.2008E-05
    3.200  8.2032E-05
    3.210  8.2059E-05
    3.220  8.2374E-05
    3.230  8.3421E-05
    3.240  8.5482E-05
    3.250  8.8466E-05
    3.260  9.1953E-05
    3.270  9.5366E-05
    3.280  9.8193E-05
    3.290  1.0019E-04
    3.300  1.0142E-04
    3.310  1.0210E-04
    3.320  1.0243E-04
    3.330  1.0255E-04
    3.340  1.0257E-04
    3.350  1.0266E-04
    3.360  1.0328E-04
    3.370  1.0505E-04
    3.380  1.0834E-04
    3.390  1.1289E-04
    3.400  1.1804E-04
    3.410  1.2302E-04
    3.420  1.2746E-04
    3.430  1.3158E-04
    3.440  1.3596E-04
    3.450  1.4137E-04
    3.460  1.4832E-04
    3.470  1.5661E-04
    3.480  1.6542E-04
    3.490  1.7374E-04
    3.500  1.8069E-04
    3.510  1.8620E-04
    3.520  1.9078E-04
    3.530  1.9466E-04
    3.540  1.9793E-04
    3.550  2.0052E-04
    3.560  2.0216E-04
    3.570  2.0283E-04
    3.580  2.0292E-04
    3.590  2.0306E-04
    3.600  2.0381E-04
    3.610  2.0521E-04
    3.620  2.0690E-04
    3.630  2.0848E-04
    3.640  2.0964E-04
    3.650  2.1033E-04
    3.660  2.1069E-04
    3.670  2.1086E-04
    3.680  2.1092E-04
    3.690  2.1093E-04
    3.700  2.1103E-04
    3.710  2.1155E-04
    3.720  2.1289E-04
    3.730  2.1530E-04
    3.740  2.1875E-04
    3.750  2.2332E-04
    3.760  2.2962E-04
    3.770  2.3873E-04
    3.780  2.5099E-04
    3.790  2.6468E-04
    3.800  2.7663E-04
    3.810  2.8424E-04
    3.820  2.8745E-04
    3.830  2.8813E-04
    3.840  2.8816E-04
    3.850  2.8826E-04
    3.860  2.8838E-04
    3.870  2.8840E-04
    3.880  2.8848E-04
    3.890  2.8893E-04
    3.900  2.8990E-04
    3.910  2.9117E-04
    3.920  2.9217E-04
    3.930  2.9256E-04
    3.940  2.9260E-04
    3.950  2.9295E-04
    3.960  2.9409E-04
    3.970  2.9628E-04
    3.980  2.9995E-04
    3.990  3.0560E-04
    4.000  3.1338E-04
    4.010  3.2326E-04
    4.020  3.3429E-04
    4.030  3.4506E-04
    4.040  3.5493E-04
    4.050  3.6327E-04
    4.060  3.6966E-04
    4.070  3.7432E-04
    4.080  3.7780E-04
    4.090  3.8069E-04
    4.100  3.8343E-04
    4.110  3.8642E-04
    4.120  3.9025E-04
    4.130  3.9559E-04
    4.140  4.0280E-04
    4.150  4.1172E-04
    4.160  4.2158E-04
    4.170  4.3117E-04
    4.180  4.3916E-04
    4.190  4.4466E-04
    4.200  4.4785E-04
    4.210  4.4963E-04
    4.220  4.5078E-04
    4.230  4.5176E-04
    4.240  4.5262E-04
    4.250  4.5324E-04
    4.260  4.5357E-04
    4.270  4.5372E-04
    4.280  4.5377E-04
    4.290  4.5381E-04
    4.300  4.5390E-04
    4.310  4.5419E-04
    4.320  4.5512E-04
    4.330  4.5727E-04
    4.340  4.6082E-04
    4.350  4.6527E-04
    4.360  4.6992E-04
    4.370  4.7438E-04
    4.380  4.7886E-04
    4.390  4.8385E-04
    4.400  4.8930E-04
    4.410  4.9477E-04
    4.420  4.9900E-04
    4.430  5.0097E-04
    4.440  5.0136E-04
    4.450  5.0138E-04
    4.460  5.0143E-04
    4.470  5.0145E-04
    4.480  5.0174E-04
    4.490  5.0294E-04
    4.500  5.0569E-04
    4.510  5.1044E-04
    4.520  5.1710E-04
    4.530  5.2480E-04
    4.540  5.3243E-04
    4.550  5.3922E-04
    4.560  5.4484E-04
    4.570  5.4922E-04
    4.580  5.5250E-04
    4.590  5.5478E-04
    4.600  5.5586E-04
    4.610  5.5599E-04
    4.620  5.5688E-04
    4.630  5.6106E-04
    4.640  5.6930E-04
    4.650  5.7927E-04
    4.660  5.8851E-04
    4.670  5.9571E-04
    4.680  6.0065E-04
    4.690  6.0399E-04
    4.700  6.0597E-04
    4.710  6.0672E-04
    4.720  6.0680E-04
    4.730  6.0724E-04
    4.740  6.0953E-04
    4.750  6.1559E-04
    4.760  6.2771E-04
    4.770  6.4822E-04
    4.780  6.7783E-04
    4.790  7.1498E-04
    4.800  7.5585E-04
    4.810  7.9623E-04
    4.820  8.3588E-04
    4.830  8.7783E-04
    4.840  9.2429E-04
    4.850  9.7385E-04
    4.860  1.0220E-03
    4.870  1.0642E-03
    4.880  1.0967E-03
    4.890  1.1175E-03
    4.900  1.1271E-03
    4.910  1.1295E-03
    4.920  1.1297E-03
    4.930  1.1309E-03
    4.940  1.1347E-03
    4.950  1.1415E-03
    4.960  1.1520E-03
    4.970  1.1663E-03
    4.980  1.1824E-03
    4.990  1.1963E-03
    5.000  1.2047E-03
    5.010  1.2079E-03
    5.020  1.2083E-03
    5.030  1.2086E-03
    5.040  1.2103E-03
    5.050  1.2148E-03
    5.060  1.2221E-03
    5.070  1.2310E-03
    5.080  1.2403E-03
    5.090  1.2504E-03
    5.100  1.2619E-03
    5.110  1.2748E-03
    5.120  1.2880E-03
    5.130  1.2993E-03
    5.140  1.3067E-03
    5.150  1.3096E-03
    5.160  1.3099E-03
    5.170  1.3115E-03
    5.180  1.3172E-03
    5.190  1.3277E-03
    5.200  1.3444E-03
    5.210  1.3720E-03
    5.220  1.4156E-03
    5.230  1.4720E-03
    5.240  1.5275E-03
    5.250  1.5682E-03
    5.260  1.5899E-03
    5.270  1.5977E-03
    5.280  1.5988E-03
    5.290  1.5993E-03
    5.300  1.6027E-03
    5.310  1.6095E-03
    5.320  1.6177E-03
    5.330  1.6246E-03
    5.340  1.6287E-03
    5.350  1.6303E-03
    5.360  1.6308E-03
    5.370  1.6308E-03
    5.380  1.6308E-03
    5.390  1.6310E-03
    5.400  1.6316E-03
    5.410  1.6330E-03
    5.420  1.6348E-03
    5.430  1.6360E-03
    5.440  1.6362E-03
    5.450  1.6363E-03
    5.460  1.6363E-03
    5.470  1.6366E-03
    5.480  1.6387E-03
    5.490  1.6468E-03
    5.500  1.6734E-03
    5.510  1.7440E-03
    5.520  1.8960E-03
    5.530  2.1700E-03
    5.540  2.5985E-03
    5.550  3.2087E-03
    5.560  4.0139E-03
    5.570  4.9425E-03
    5.580  5.8076E-03
    5.590  6.4403E-03
    5.600  6.8186E-03
    5.610  7.0245E-03
    5.620  7.1449E-03
    5.630  7.2271E-03
    5.640  7.2800E-03
    5.650  7.2997E-03
    5.660  7.3012E-03
    5.670  7.3131E-03
    5.680  7.3615E-03
    5.690  7.4685E-03
    5.700  7.6351E-03
    5.710  7.8154E-03
    5.720  7.9496E-03
    5.730  8.0267E-03
    5.740  8.0702E-03
    5.750  8.0985E-03
    5.760  8.1127E-03
    5.770  8.1146E-03
    5.780  8.1514E-03
    5.790  8.3354E-03
    5.800  8.7887E-03
    5.810  9.5157E-03
    5.820  1.0309E-02
    5.830  1.0931E-02
    5.840  1.1306E-02
    5.850  1.1501E-02
    5.860  1.1629E-02
    5.870  1.1751E-02
    5.880  1.1878E-02
    5.890  1.2015E-02
    5.900  1.2198E-02
    5.910  1.2498E-02
    5.920  1.2973E-02
    5.930  1.3614E-02
    5.940  1.4391E-02
    5.950  1.5262E-02
    5.960  1.6158E-02
    5.970  1.7003E-02
    5.980  1.7718E-02
    5.990  1.8264E-02
    6.000  1.8627E-02
    6.010  1.8797E-02
    6.020  1.8831E-02
    6.030  1.8837E-02
    6.040  1.8865E-02
    6.050  1.8885E-02
    6.060  1.8886E-02
    6.070  1.8908E-02
    6.080  1.8983E-02
    6.090  1.9126E-02
    6.100  1.9355E-02
    6.110  1.9652E-02
    6.120  1.9955E-02
    6.130  2.0208E-02
    6.140  2.0385E-02
    6.150  2.0511E-02
    6.160  2.0652E-02
    6.170  2.0858E-02
    6.180  2.1103E-02
    6.190  2.1301E-02
    6.200  2.1382E-02
    6.210  2.1389E-02
    6.220  2.1415E-02
    6.230  2.1461E-02
    6.240  2.1486E-02
    6.250  2.1490E-02
    6.260  2.1492E-02
    6.270  2.1501E-02
    6.280  2.1505E-02
    6.290  2.1536E-02
    6.300  2.1780E-02
    6.310  2.2412E-02
    6.320  2.3361E-02
    6.330  2.4419E-02
    6.340  2.5405E-02
    6.350  2.6258E-02
    6.360  2.7080E-02
    6.370  2.8092E-02
    6.380  2.9476E-02
    6.390  3.1078E-02
    6.400  3.2497E-02
    6.410  3.3515E-02
    6.420  3.4080E-02
    6.430  3.4241E-02
    6.440  3.4256E-02
    6.450  3.4443E-02
    6.460  3.4913E-02
    6.470  3.5443E-02
    6.480  3.5784E-02
    6.490  3.5932E-02
    6.500  3.5984E-02
    6.510  3.6004E-02
    6.520  3.6014E-02
    6.530  3.6026E-02
    6.540  3.6033E-02
    6.550  3.6041E-02
    6.560  3.6154E-02
    6.570  3.6531E-02
    6.580  3.7187E-02
    6.590  3.8077E-02
    6.600  3.9519E-02
    6.610  4.2420E-02
    6.620  4.7637E-02
    6.630  5.4581E-02
    6.640  6.1269E-02
    6.650  6.5947E-02
    6.660  6.8164E-02
    6.670  6.8742E-02
    6.680  6.8780E-02
    6.690  6.8886E-02
    6.700  6.9238E-02
    6.710  6.9711E-02
    6.720  7.0065E-02
    6.730  7.0198E-02
    6.740  7.0210E-02
    6.750  7.0229E-02
    6.760  7.0272E-02
    6.770  7.0289E-02
    6.780  7.0300E-02
    6.790  7.0377E-02
    6.800  7.0499E-02
    6.810  7.0618E-02
    6.820  7.0812E-02
    6.830  7.1276E-02
    6.840  7.2258E-02
    6.850  7.3951E-02
    6.860  7.6220E-02
    6.870  7.8798E-02
    6.880  8.1668E-02
    6.890  8.4402E-02
    6.900  8.6161E-02
    6.910  8.6896E-02
    6.920  8.7139E-02
    6.930  8.7214E-02
    6.940  8.7225E-02
    6.950  8.7232E-02
    6.960  8.7260E-02
    6.970  8.7282E-02
    6.980  8.7286E-02
    6.990  8.7286E-02
    7.000  8.7296E-02
    7.010  8.7415E-02
    7.020  8.7831E-02
    7.030  8.8610E-02
    7.040  8.9626E-02
    7.050  9.0704E-02
    7.060  9.1574E-02
    7.070  9.2058E-02
    7.080  9.2251E-02
    7.090  9.2300E-02
    7.100  9.2303E-02
    7.110  9.2334E-02
    7.120  9.2451E-02
    7.130  9.2762E-02
    7.140  9.3385E-02
    7.150  9.4374E-02
    7.160  9.5807E-02
    7.170  9.7674E-02
    7.180  9.9756E-02
    7.190  1.0178E-01
    7.200  1.0347E-01
    7.210  1.0459E-01
    7.220  1.0517E-01
    7.230  1.0537E-01
    7.240  1.0539E-01
    7.250  1.0543E-01
    7.260  1.0569E-01
    7.270  1.0639E-01
    7.280  1.0759E-01
    7.290  1.0904E-01
    7.300  1.1043E-01
    7.310  1.1152E-01
    7.320  1.1224E-01
    7.330  1.1269E-01
    7.340  1.1307E-01
    7.350  1.1347E-01
    7.360  1.1406E-01
    7.370  1.1502E-01
    7.380  1.1651E-01
    7.390  1.1857E-01
    7.400  1.2102E-01
    7.410  1.2360E-01
    7.420  1.2581E-01
    7.430  1.2743E-01
    7.440  1.2875E-01
    7.450  1.3021E-01
    7.460  1.3236E-01
    7.470  1.3552E-01
    7.480  1.3949E-01
    7.490  1.4371E-01
    7.500  1.4766E-01
    7.510  1.5117E-01
    7.520  1.5453E-01
    7.530  1.5815E-01
    7.540  1.6202E-01
    7.550  1.6570E-01
    7.560  1.6859E-01
    7.570  1.7031E-01
    7.580  1.7096E-01
    7.590  1.7102E-01
    7.600  1.7127E-01
    7.610  1.7234E-01
    7.620  1.7447E-01
    7.630  1.7785E-01
    7.640  1.8263E-01
    7.650  1.8839E-01
    7.660  1.9497E-01
    7.670  2.0307E-01
    7.680  2.1325E-01
    7.690  2.2475E-01
    7.700  2.3574E-01
    7.710  2.4494E-01
    7.720  2.5243E-01
    7.730  2.5879E-01
    7.740  2.6419E-01
    7.750  2.6838E-01
    7.760  2.7129E-01
    7.770  2.7321E-01
    7.780  2.7427E-01
    7.790  2.7455E-01
    7.800  2.7462E-01
    7.810  2.7521E-01
    7.820  2.7618E-01
    7.830  2.7683E-01
    7.840  2.7705E-01
    7.850  2.7707E-01
    7.860  2.7708E-01
    7.870  2.7710E-01
    7.880  2.7710E-01
    7.890  2.7718E-01
    7.900  2.7734E-01
    7.910  2.7747E-01
    7.920  2.7749E-01
    7.930  2.7756E-01
    7.940  2.7806E-01
    7.950  2.7937E-01
    7.960  2.8132E-01
    7.970  2.8313E-01
    7.980  2.8427E-01
    7.990  2.8480E-01
    8.000  2.8514E-01
    8.010  2.8562E-01
    8.020  2.8641E-01
    8.030  2.8759E-01
    8.040  2.8923E-01
    8.050  2.9112E-01
    8.060  2.9274E-01
    8.070  2.9406E-01
    8.080  2.9535E-01
    8.090  2.9660E-01
    8.100  2.9742E-01
    8.110  2.9773E-01
    8.120  2.9778E-01
    8.130  2.9780E-01
    8.140  2.9787E-01
    8.150  2.9812E-01
    8.160  2.9870E-01
    8.170  2.9964E-01
    8.180  3.0082E-01
    8.190  3.0204E-01
    8.200  3.0308E-01
    8.210  3.0363E-01
    8.220  3.0369E-01
    8.230  3.0417E-01
    8.240  3.0616E-01
    8.250  3.0987E-01
    8.260  3.1488E-01
    8.270  3.2045E-01
    8.280  3.2606E-01
    8.290  3.3190E-01
    8.300  3.3829E-01
    8.310  3.4549E-01
    8.320  3.5370E-01
    8.330  3.6252E-01
    8.340  3.7064E-01
    8.350  3.7692E-01
    8.360  3.8149E-01
    8.370  3.8538E-01
    8.380  3.8975E-01
    8.390  3.9553E-01
    8.400  4.0301E-01
    8.410  4.1144E-01
    8.420  4.1901E-01
    8.430  4.2406E-01
    8.440  4.2657E-01
    8.450  4.2765E-01
    8.460  4.2823E-01
    8.470  4.2874E-01
    8.480  4.2930E-01
    8.490  4.2996E-01
    8.500  4.3090E-01
    8.510  4.3215E-01
    8.520  4.3327E-01
    8.530  4.3385E-01
    8.540  4.3404E-01
    8.550  4.3413E-01
    8.560  4.3433E-01
    8.570  4.3473E-01
    8.580  4.3504E-01
    8.590  4.3507E-01
    8.600  4.3534E-01
    8.610  4.3613E-01
    8.620  4.3728E-01
    8.630  4.3854E-01
    8.640  4.3973E-01
    8.650  4.4081E-01
    8.660  4.4154E-01
    8.670  4.4176E-01
    8.680  4.4177E-01
    8.690  4.4196E-01
    8.700  4.4246E-01
    8.710  4.4326E-01
    8.720  4.4425E-01
    8.730  4.4536E-01
    8.740  4.4646E-01
    8.750  4.4722E-01
    8.760  4.4757E-01
    8.770  4.4772E-01
    8.780  4.4783E-01
    8.790  4.4826E-01
    8.800  4.4947E-01
    8.810  4.5141E-01
    8.820  4.5346E-01
    8.830  4.5512E-01
    8.840  4.5629E-01
    8.850  4.5696E-01
    8.860  4.5716E-01
    8.870  4.5722E-01
    8.880  4.5801E-01
    8.890  4.6038E-01
    8.900  4.6427E-01
    8.910  4.6903E-01
    8.920  4.7383E-01
    8.930  4.7794E-01
    8.940  4.8093E-01
    8.950  4.8287E-01
    8.960  4.8393E-01
    8.970  4.8423E-01
    8.980  4.8425E-01
    8.990  4.8449E-01
    9.000  4.8499E-01
    9.010  4.8570E-01
    9.020  4.8672E-01
    9.030  4.8807E-01
    9.040  4.8947E-01
    9.050  4.9057E-01
    9.060  4.9135E-01
    9.070  4.9206E-01
    9.080  4.9304E-01
    9.090  4.9437E-01
    9.100  4.9576E-01
    9.110  4.9716E-01
    9.120  4.9880E-01
    9.130  5.0064E-01
    9.140  5.0218E-01
    9.150  5.0291E-01
    9.160  5.0301E-01
    9.170  5.0307E-01
    9.180  5.0334E-01
    9.190  5.0368E-01
    9.200  5.0394E-01
    9.210  5.0418E-01
    9.220  5.0474E-01
    9.230  5.0611E-01
    9.240  5.0858E-01
    9.250  5.1200E-01
    9.260  5.1584E-01
    9.270  5.1928E-01
    9.280  5.2174E-01
    9.290  5.2324E-01
    9.300  5.2429E-01
    9.310  5.2561E-01
    9.320  5.2782E-01
    9.330  5.3097E-01
    9.340  5.3422E-01
    9.350  5.3690E-01
    9.360  5.3913E-01
    9.370  5.4090E-01
    9.380  5.4183E-01
    9.390  5.4203E-01
    9.400  5.4208E-01
    9.410  5.4268E-01
    9.420  5.4479E-01
    9.430  5.4925E-01
    9.440  5.5512E-01
    9.450  5.6024E-01
    9.460  5.6337E-01
    9.470  5.6462E-01
    9.480  5.6478E-01
    9.490  5.6506E-01
    9.500  5.6625E-01
    9.510  5.6798E-01
    9.520  5.6955E-01
    9.530  5.7072E-01
    9.540  5.7183E-01
    9.550  5.7343E-01
    9.560  5.7591E-01
    9.570  5.7916E-01
    9.580  5.8285E-01
    9.590  5.8694E-01
    9.600  5.9209E-01
    9.610  5.9928E-01
    9.620  6.0878E-01
    9.630  6.1952E-01
    9.640  6.2981E-01
    9.650  6.3843E-01
    9.660  6.4501E-01
    9.670  6.4925E-01
    9.680  6.5096E-01
    9.690  6.5113E-01
    9.700  6.5155E-01
    9.710  6.5284E-01
    9.720  6.5461E-01
    9.730  6.5657E-01
    9.740  6.5861E-01
    9.750  6.6058E-01
    9.760  6.6214E-01
    9.770  6.6301E-01
    9.780  6.6336E-01
    9.790  6.6346E-01
    9.800  6.6348E-01
    9.810  6.6348E-01
    9.820  6.6348E-01
    9.830  6.6352E-01
    9.840  6.6366E-01
    9.850  6.6404E-01
    9.860  6.6490E-01
    9.870  6.6643E-01
    9.880  6.6866E-01
    9.890  6.7143E-01
    9.900  6.7445E-01
    9.910  6.7734E-01
    9.920  6.7954E-01
    9.930  6.8091E-01
    9.940  6.8157E-01
    9.950  6.8174E-01
    9.960  6.8175E-01
    9.970  6.8188E-01
    9.980  6.8243E-01
    9.990  6.8374E-01
   10.000  6.8588E-01
   10.010  6.8823E-01
   10.020  6.9011E-01
   10.030  6.9146E-01
   10.040  6.9244E-01
   10.050  6.9316E-01
   10.060  6.9362E-01
   10.070  6.9382E-01
   10.080  6.9390E-01
   10.090  6.9404E-01
   10.100  6.9451E-01
   10.110  6.9540E-01
   10.120  6.9648E-01
   10.130  6.9749E-01
   10.140  6.9834E-01
   10.150  6.9895E-01
   10.160  6.9927E-01
   10.170  6.9938E-01
   10.180  6.9942E-01
   10.190  6.9945E-01
   10.200  6.9947E-01
   10.210  6.9950E-01
   10.220  6.9990E-01
   10.230  7.0106E-01
   10.240  7.0261E-01
   10.250  7.0392E-01
   10.260  7.0482E-01
   10.270  7.0529E-01
   10.280  7.0538E-01
   10.290  7.0549E-01
   10.300  7.0596E-01
   10.310  7.0655E-01
   10.320  7.0687E-01
   10.330  7.0692E-01
   10.340  7.0692E-01
   10.350  7.0692E-01
   10.360  7.0693E-01
   10.370  7.0694E-01
   10.380  7.0720E-01
   10.390  7.0840E-01
   10.400  7.1103E-01
   10.410  7.1492E-01
   10.420  7.1925E-01
   10.430  7.2301E-01
   10.440  7.2556E-01
   10.450  7.2685E-01
   10.460  7.2730E-01
   10.470  7.2739E-01
   10.480  7.2740E-01
   10.490  7.2751E-01
   10.500  7.2777E-01
   10.510  7.2817E-01
   10.520  7.2882E-01
   10.530  7.2983E-01
   10.540  7.3131E-01
   10.550  7.3334E-01
   10.560  7.3573E-01
   10.570  7.3777E-01
   10.580  7.3895E-01
   10.590  7.3951E-01
   10.600  7.3995E-01
   10.610  7.4061E-01
   10.620  7.4152E-01
   10.630  7.4235E-01
   10.640  7.4292E-01
   10.650  7.4314E-01
   10.660  7.4318E-01
   10.670  7.4318E-01
   10.680  7.4322E-01
   10.690  7.4326E-01
   10.700  7.4327E-01
   10.710  7.4349E-01
   10.720  7.4473E-01
   10.730  7.4745E-01
   10.740  7.5084E-01
   10.750  7.5370E-01
   10.760  7.5535E-01
   10.770  7.5596E-01
   10.780  7.5604E-01
   10.790  7.5622E-01
   10.800  7.5744E-01
   10.810  7.6073E-01
   10.820  7.6647E-01
   10.830  7.7385E-01
   10.840  7.8107E-01
   10.850  7.8650E-01
   10.860  7.8970E-01
   10.870  7.9106E-01
   10.880  7.9133E-01
   10.890  7.9136E-01
   10.900  7.9155E-01
   10.910  7.9175E-01
   10.920  7.9184E-01
   10.930  7.9186E-01
   10.940  7.9186E-01
   10.950  7.9187E-01
   10.960  7.9198E-01
   10.970  7.9233E-01
   10.980  7.9310E-01
   10.990  7.9422E-01
   11.000  7.9520E-01
   11.010  7.9560E-01
   11.020  7.9564E-01
   11.030  7.9580E-01
   11.040  7.9659E-01
   11.050  7.9860E-01
   11.060  8.0196E-01
   11.070  8.0598E-01
   11.080  8.0940E-01
   11.090  8.1149E-01
   11.100  8.1233E-01
   11.110  8.1248E-01
   11.120  8.1251E-01
   11.130  8.1269E-01
   11.140  8.1293E-01
   11.150  8.1311E-01
   11.160  8.1316E-01
   11.170  8.1317E-01
   11.180  8.1317E-01
   11.190  8.1318E-01
   11.200  8.1332E-01
   11.210  8.1378E-01
   11.220  8.1457E-01
   11.230  8.1553E-01
   11.240  8.1635E-01
   11.250  8.1669E-01
   11.260  8.1672E-01
   11.270  8.1697E-01
   11.280  8.1776E-01
   11.290  8.1886E-01
   11.300  8.1988E-01
   11.310  8.2066E-01
   11.320  8.2120E-01
   11.330  8.2159E-01
   11.340  8.2191E-01
   11.350  8.2218E-01
   11.360  8.2236E-01
   11.370  8.2241E-01
   11.380  8.2241E-01
   11.390  8.2250E-01
   11.400  8.2275E-01
   11.410  8.2322E-01
   11.420  8.2394E-01
   11.430  8.2478E-01
   11.440  8.2544E-01
   11.450  8.2572E-01
   11.460  8.2575E-01
   11.470  8.2582E-01
   11.480  8.2600E-01
   11.490  8.2617E-01
   11.500  8.2626E-01
   11.510  8.2632E-01
   11.520  8.2638E-01
   11.530  8.2647E-01
   11.540  8.2652E-01
   11.550  8.2653E-01
   11.560  8.2654E-01
   11.570  8.2665E-01
   11.580  8.2713E-01
   11.590  8.2809E-01
   11.600  8.2913E-01
   11.610  8.2978E-01
   11.620  8.3008E-01
   11.630  8.3024E-01
   11.640  8.3031E-01
   11.650  8.3032E-01
   11.660  8.3038E-01
   11.670  8.3050E-01
   11.680  8.3056E-01
   11.690  8.3057E-01
   11.700  8.3066E-01
   11.710  8.3092E-01
   11.720  8.3126E-01
   11.730  8.3150E-01
   11.740  8.3161E-01
   11.750  8.3163E-01
   11.760  8.3164E-01
   11.770  8.3165E-01
   11.780  8.3173E-01
   11.790  8.3196E-01
   11.800  8.3251E-01
   11.810  8.3349E-01
   11.820  8.3474E-01
   11.830  8.3607E-01
   11.840  8.3751E-01
   11.850  8.3911E-01
   11.860  8.4069E-01
   11.870  8.4188E-01
   11.880  8.4240E-01
   11.890  8.4247E-01
   11.900  8.4253E-01
   11.910  8.4283E-01
   11.920  8.4349E-01
   11.930  8.4476E-01
   11.940  8.4706E-01
   11.950  8.5063E-01
   11.960  8.5532E-01
   11.970  8.6054E-01
   11.980  8.6542E-01
   11.990  8.6925E-01
   12.000  8.7193E-01
   12.010  8.7362E-01
   12.020  8.7448E-01
   12.030  8.7481E-01
   12.040  8.7490E-01
   12.050  8.7492E-01
   12.060  8.7496E-01
   12.070  8.7504E-01
   12.080  8.7512E-01
   12.090  8.7518E-01
   12.100  8.7521E-01
   12.110  8.7523E-01
   12.120  8.7524E-01
   12.130  8.7539E-01
   12.140  8.7575E-01
   12.150  8.7628E-01
   12.160  8.7693E-01
   12.170  8.7773E-01
   12.180  8.7887E-01
   12.190  8.8061E-01
   12.200  8.8316E-01
   12.210  8.8636E-01
   12.220  8.8965E-01
   12.230  8.9252E-01
   12.240  8.9466E-01
   12.250  8.9604E-01
   12.260  8.9684E-01
   12.270  8.9730E-01
   12.280  8.9754E-01
   12.290  8.9767E-01
   12.300  8.9779E-01
   12.310  8.9803E-01
   12.320  8.9858E-01
   12.330  8.9948E-01
   12.340  9.0031E-01
   12.350  9.0079E-01
   12.360  9.0100E-01
   12.370  9.0109E-01
   12.380  9.0114E-01
   12.390  9.0117E-01
   12.400  9.0117E-01
   12.410  9.0118E-01
   12.420  9.0119E-01
   12.430  9.0120E-01
   12.440  9.0120E-01
   12.450  9.0120E-01
   12.460  9.0122E-01
   12.470  9.0130E-01
   12.480  9.0149E-01
   12.490  9.0173E-01
   12.500  9.0192E-01
   12.510  9.0207E-01
   12.520  9.0225E-01
   12.530  9.0255E-01
   12.540  9.0314E-01
   12.550  9.0432E-01
   12.560  9.0652E-01
   12.570  9.0981E-01
   12.580  9.1356E-01
   12.590  9.1670E-01
   12.600  9.1848E-01
   12.610  9.1920E-01
   12.620  9.1947E-01
   12.630  9.1959E-01
   12.640  9.1963E-01
   12.650  9.1963E-01
   12.660  9.1966E-01
   12.670  9.1981E-01
   12.680  9.2020E-01
   12.690  9.2087E-01
   12.700  9.2177E-01
   12.710  9.2269E-01
   12.720  9.2349E-01
   12.730  9.2423E-01
   12.740  9.2510E-01
   12.750  9.2620E-01
   12.760  9.2730E-01
   12.770  9.2804E-01
   12.780  9.2838E-01
   12.790  9.2848E-01
   12.800  9.2850E-01
   12.810  9.2852E-01
   12.820  9.2856E-01
   12.830  9.2857E-01
   12.840  9.2860E-01
   12.850  9.2876E-01
   12.860  9.2905E-01
   12.870  9.2941E-01
   12.880  9.2973E-01
   12.890  9.2990E-01
   12.900  9.2995E-01
   12.910  9.2996E-01
   12.920  9.3005E-01
   12.930  9.3034E-01
   12.940  9.3076E-01
   12.950  9.3120E-01
   12.960  9.3160E-01
   12.970  9.3197E-01
   12.980  9.3227E-01
   12.990  9.3249E-01
   13.000  9.3259E-01
   13.010  9.3263E-01
   13.020  9.3264E-01
   13.030  9.3265E-01
   13.040  9.3267E-01
   13.050  9.3275E-01
   13.060  9.3294E-01
   13.070  9.3338E-01
   13.080  9.3410E-01
   13.090  9.3485E-01
   13.100  9.3530E-01
   13.110  9.3548E-01
   13.120  9.3556E-01
   13.130  9.3571E-01
   13.140  9.3608E-01
   13.150  9.3662E-01
   13.160  9.3711E-01
   13.170  9.3745E-01
   13.180  9.3777E-01
   13.190  9.3813E-01
   13.200  9.3852E-01
   13.210  9.3882E-01
   13.220  9.3897E-01
   13.230  9.3904E-01
   13.240  9.3910E-01
   13.250  9.3917E-01
   13.260  9.3926E-01
   13.270  9.3933E-01
   13.280  9.3936E-01
   13.290  9.3937E-01
   13.300  9.3942E-01
   13.310  9.3960E-01
   13.320  9.3983E-01
   13.330  9.3997E-01
   13.340  9.4001E-01
   13.350  9.4002E-01
   13.360  9.4002E-01
   13.370  9.4003E-01
   13.380  9.4003E-01
   13.390  9.4005E-01
   13.400  9.4013E-01
   13.410  9.4028E-01
   13.420  9.4048E-01
   13.430  9.4068E-01
   13.440  9.4090E-01
   13.450  9.4119E-01
   13.460  9.4157E-01
   13.470  9.4196E-01
   13.480  9.4223E-01
   13.490  9.4236E-01
   13.500  9.4242E-01
   13.510  9.4245E-01
   13.520  9.4246E-01
   13.530  9.4246E-01
   13.540  9.4254E-01
   13.550  9.4281E-01
   13.560  9.4338E-01
   13.570  9.4422E-01
   13.580  9.4521E-01
   13.590  9.4621E-01
   13.600  9.4709E-01
   13.610  9.4775E-01
   13.620  9.4818E-01
   13.630  9.4843E-01
   13.640  9.4854E-01
   13.650  9.4859E-01
   13.660  9.4863E-01
   13.670  9.4870E-01
   13.680  9.4881E-01
   13.690  9.4896E-01
   13.700  9.4918E-01
   13.710  9.4955E-01
   13.720  9.5026E-01
   13.730  9.5146E-01
   13.740  9.5295E-01
   13.750  9.5431E-01
   13.760  9.5535E-01
   13.770  9.5616E-01
   13.780  9.5679E-01
   13.790  9.5718E-01
   13.800  9.5730E-01
   13.810  9.5732E-01
   13.820  9.5755E-01
   13.830  9.5825E-01
   13.840  9.5944E-01
   13.850  9.6097E-01
   13.860  9.6258E-01
   13.870  9.6398E-01
   13.880  9.6500E-01
   13.890  9.6563E-01
   13.900  9.6601E-01
   13.910  9.6629E-01
   13.920  9.6656E-01
   13.930  9.6691E-01
   13.940  9.6746E-01
   13.950  9.6828E-01
   13.960  9.6933E-01
   13.970  9.7058E-01
   13.980  9.7193E-01
   13.990  9.7316E-01
   14.000  9.7402E-01
   14.010  9.7448E-01
   14.020  9.7469E-01
   14.030  9.7478E-01
   14.040  9.7481E-01
   14.050  9.7484E-01
   14.060  9.7488E-01
   14.070  9.7490E-01
   14.080  9.7492E-01
   14.090  9.7492E-01
   14.100  9.7492E-01
   14.110  9.7492E-01
   14.120  9.7492E-01
   14.130  9.7492E-01
   14.140  9.7492E-01
   14.150  9.7492E-01
   14.160  9.7492E-01
   14.170  9.7494E-01
   14.180  9.7502E-01
   14.190  9.7522E-01
   14.200  9.7544E-01
   14.210  9.7556E-01
   14.220  9.7557E-01
   14.230  9.7563E-01
   14.240  9.7589E-01
   14.250  9.7642E-01
   14.260  9.7722E-01
   14.270  9.7819E-01
   14.280  9.7916E-01
   14.290  9.7994E-01
   14.300  9.8050E-01
   14.310  9.8093E-01
   14.320  9.8128E-01
   14.330  9.8158E-01
   14.340  9.8180E-01
   14.350  9.8193E-01
   14.360  9.8199E-01
   14.370  9.8200E-01
   14.380  9.8200E-01
   14.390  9.8201E-01
   14.400  9.8203E-01
   14.410  9.8203E-01
   14.420  9.8203E-01
   14.430  9.8204E-01
   14.440  9.8205E-01
   14.450  9.8208E-01
   14.460  9.8211E-01
   14.470  9.8213E-01
   14.480  9.8213E-01
   14.490  9.8215E-01
   14.500  9.8222E-01
   14.510  9.8236E-01
   14.520  9.8251E-01
   14.530  9.8263E-01
   14.540  9.8272E-01
   14.550  9.8280E-01
   14.560  9.8290E-01
   14.570  9.8305E-01
   14.580  9.8326E-01
   14.590  9.8351E-01
   14.600  9.8371E-01
   14.610  9.8385E-01
   14.620  9.8394E-01
   14.630  9.8399E-01
   14.640  9.8403E-01
   14.650  9.8407E-01
   14.660  9.8412E-01
   14.670  9.8418E-01
   14.680  9.8425E-01
   14.690  9.8432E-01
   14.700  9.8440E-01
   14.710  9.8452E-01
   14.720  9.8469E-01
   14.730  9.8496E-01
   14.740  9.8534E-01
   14.750  9.8574E-01
   14.760  9.8610E-01
   14.770  9.8641E-01
   14.780  9.8667E-01
   14.790  9.8690E-01
   14.800  9.8710E-01
   14.810  9.8724E-01
   14.820  9.8732E-01
   14.830  9.8735E-01
   14.840  9.8737E-01
   14.850  9.8738E-01
   14.860  9.8739E-01
   14.870  9.8739E-01
   14.880  9.8740E-01
   14.890  9.8744E-01
   14.900  9.8756E-01
   14.910  9.8782E-01
   14.920  9.8822E-01
   14.930  9.8867E-01
   14.940  9.8908E-01
   14.950  9.8937E-01
   14.960  9.8955E-01
   14.970  9.8963E-01
   14.980  9.8965E-01
   14.990  9.8966E-01
   15.000  9.8967E-01
   15.010  9.8970E-01
   15.020  9.8974E-01
   15.030  9.8979E-01
   15.040  9.8988E-01
   15.050  9.9004E-01
   15.060  9.9026E-01
   15.070  9.9052E-01
   15.080  9.9079E-01
   15.090  9.9102E-01
   15.100  9.9119E-01
   15.110  9.9128E-01
   15.120  9.9131E-01
   15.130  9.9131E-01
   15.140  9.9131E-01
   15.150  9.9132E-01
   15.160  9.9135E-01
   15.170  9.9140E-01
   15.180  9.9144E-01
   15.190  9.9148E-01
   15.200  9.9152E-01
   15.210  9.9159E-01
   15.220  9.9169E-01
   15.230  9.9183E-01
   15.240  9.9199E-01
   15.250  9.9215E-01
   15.260  9.9227E-01
   15.270  9.9233E-01
   15.280  9.9235E-01
   15.290  9.9236E-01
   15.300  9.9236E-01
   15.310  9.9236E-01
   15.320  9.9237E-01
   15.330  9.9239E-01
   15.340  9.9242E-01
   15.350  9.9247E-01
   15.360  9.9253E-01
   15.370  9.9260E-01
   15.380  9.9269E-01
   15.390  9.9279E-01
   15.400  9.9289E-01
   15.410  9.9300E-01
   15.420  9.9315E-01
   15.430  9.9336E-01
   15.440  9.9363E-01
   15.450  9.9395E-01
   15.460  9.9426E-01
   15.470  9.9454E-01
   15.480  9.9475E-01
   15.490  9.9490E-01
   15.500  9.9497E-01
   15.510  9.9499E-01
   15.520  9.9499E-01
   15.530  9.9500E-01
   15.540  9.9501E-01
   15.550  9.9503E-01
   15.560  9.9508E-01
   15.570  9.9512E-01
   15.580  9.9516E-01
   15.590  9.9519E-01
   15.600  9.9521E-01
   15.610  9.9521E-01
   15.620  9.9522E-01
   15.630  9.9522E-01
   15.640  9.9522E-01
   15.650  9.9522E-01
   15.660  9.9523E-01
   15.670  9.9524E-01
   15.680  9.9526E-01
   15.690  9.9528E-01
   15.700  9.9529E-01
   15.710  9.9529E-01
   15.720  9.9529E-01
   15.730  9.9530E-01
   15.740  9.9531E-01
   15.750  9.9531E-01
   15.760  9.9531E-01
   15.770  9.9532E-01
   15.780  9.9538E-01
   15.790  9.9548E-01
   15.800  9.9560E-01
   15.810  9.9569E-01
   15.820  9.9574E-01
   15.830  9.9576E-01
   15.840  9.9576E-01
   15.850  9.9577E-01
   15.860  9.9582E-01
   15.870  9.9592E-01
   15.880  9.9607E-01
   15.890  9.9626E-01
   15.900  9.9648E-01
   15.910  9.9670E-01
   15.920  9.9689E-01
   15.930  9.9700E-01
   15.940  9.9707E-01
   15.950  9.9710E-01
   15.960  9.9712E-01
   15.970  9.9712E-01
   15.980  9.9712E-01
   15.990  9.9712E-01
   16.000  9.9712E-01
   16.010  9.9713E-01
   16.020  9.9713E-01
   16.030  9.9714E-01
   16.040  9.9714E-01
   16.050  9.9715E-01
   16.060  9.9716E-01
   16.070  9.9718E-01
   16.080  9.9722E-01
   16.090  9.9728E-01
   16.100  9.9734E-01
   16.110  9.9737E-01
   16.120  9.9739E-01
   16.130  9.9739E-01
   16.140  9.9739E-01
   16.150  9.9740E-01
   16.160  9.9744E-01
   16.170  9.9750E-01
   16.180  9.9756E-01
   16.190  9.9760E-01
   16.200  9.9762E-01
   16.210  9.9763E-01
   16.220  9.9763E-01
   16.230  9.9763E-01
   16.240  9.9763E-01
   16.250  9.9763E-01
   16.260  9.9764E-01
   16.270  9.9764E-01
   16.280  9.9764E-01
   16.290  9.9764E-01
   16.300  9.9764E-01
   16.310  9.9764E-01
   16.320  9.9765E-01
   16.330  9.9766E-01
   16.340  9.9768E-01
   16.350  9.9772E-01
   16.360  9.9778E-01
   16.370  9.9785E-01
   16.380  9.9789E-01
   16.390  9.9790E-01
   16.400  9.9791E-01
   16.410  9.9791E-01
   16.420  9.9791E-01
   16.430  9.9791E-01
   16.440  9.9791E-01
   16.450  9.9791E-01
   16.460  9.9791E-01
   16.470  9.9791E-01
   16.480  9.9791E-01
   16.490  9.9791E-01
   16.500  9.9791E-01
   16.510  9.9791E-01
   16.520  9.9792E-01
   16.530  9.9792E-01
   16.540  9.9792E-01
   16.550  9.9792E-01
   16.560  9.9794E-01
   16.570  9.9797E-01
   16.580  9.9801E-01
   16.590  9.9804E-01
   16.600  9.9805E-01
   16.610  9.9806E-01
   16.620  9.9807E-01
   16.630  9.9807E-01
   16.640  9.9807E-01
   16.650  9.9807E-01
   16.660  9.9809E-01
   16.670  9.9813E-01
   16.680  9.9817E-01
   16.690  9.9820E-01
   16.700  9.9822E-01
   16.710  9.9822E-01
   16.720  9.9822E-01
   16.730  9.9822E-01
   16.740  9.9822E-01
   16.750  9.9822E-01
   16.760  9.9823E-01
   16.770  9.9826E-01
   16.780  9.9831E-01
   16.790  9.9839E-01
   16.800  9.9849E-01
   16.810  9.9860E-01
   16.820  9.9868E-01
   16.830  9.9875E-01
   16.840  9.9881E-01
   16.850  9.9888E-01
   16.860  9.9898E-01
   16.870  9.9907E-01
   16.880  9.9913E-01
   16.890  9.9917E-01
   16.900  9.9918E-01
   16.910  9.9919E-01
   16.920  9.9919E-01
   16.930  9.9919E-01
   16.940  9.9919E-01
   16.950  9.9920E-01
   16.960  9.9921E-01
   16.970  9.9922E-01
   16.980  9.9922E-01
   16.990  9.9923E-01
   17.000  9.9923E-01
   17.010  9.9923E-01
   17.020  9.9923E-01
   17.030  9.9923E-01
   17.040  9.9923E-01
   17.050  9.9923E-01
   17.060  9.9925E-01
   17.070  9.9927E-01
   17.080  9.9932E-01
   17.090  9.9937E-01
   17.100  9.9943E-01
   17.110  9.9948E-01
   17.120  9.9952E-01
   17.130  9.9954E-01
   17.140  9.9955E-01
   17.150  9.9956E-01
   17.160  9.9956E-01
   17.170  9.9957E-01
   17.180  9.9957E-01
   17.190  9.9958E-01
   17.200  9.9960E-01
   17.210  9.9962E-01
   17.220  9.9963E-01
   17.230  9.9964E-01
   17.240  9.9965E-01
   17.250  9.9965E-01
   17.260  9.9965E-01
   17.270  9.9965E-01
   17.280  9.9966E-01
   17.290  9.9967E-01
   17.300  9.9968E-01
   17.310  9.9968E-01
   17.320  9.9969E-01
   17.330  9.9969E-01
   17.340  9.9970E-01
   17.350  9.9970E-01
   17.360  9.9971E-01
   17.370  9.9971E-01
   17.380  9.9971E-01
   17.390  9.9972E-01
   17.400  9.9972E-01
   17.410  9.9972E-01
   17.420  9.9972E-01
   17.430  9.9972E-01
   17.440  9.9972E-01
   17.450  9.9972E-01
   17.460  9.9972E-01
   17.470  9.9972E-01
   17.480  9.9973E-01
   17.490  9.9973E-01
   17.500  9.9973E-01
   17.510  9.9974E-01
   17.520  9.9974E-01
   17.530  9.9974E-01
   17.540  9.9974E-01
   17.550  9.9974E-01
   17.560  9.9974E-01
   17.570  9.9974E-01
   17.580  9.9974E-01
   17.590  9.9974E-01
   17.600  9.9975E-01
   17.610  9.9975E-01
   17.620  9.9975E-01
   17.630  9.9975E-01
   17.640  9.9975E-01
   17.650  9.9975E-01
   17.660  9.9975E-01
   17.670  9.9975E-01
   17.680  9.9976E-01
   17.690  9.9976E-01
   17.700  9.9976E-01
   17.710  9.9977E-01
   17.720  9.9977E-01
   17.730  9.9978E-01
   17.740  9.9978E-01
   17.750  9.9978E-01
   17.760  9.9978E-01
   17.770  9.9978E-01
   17.780  9.9978E-01
   17.790  9.9978E-01
   17.800  9.9978E-01
   17.810  9.9978E-01
   17.820  9.9979E-01
   17.830  9.9979E-01
   17.840  9.9980E-01
   17.850  9.9980E-01
   17.860  9.9980E-01
   17.870  9.9980E-01
   17.880  9.9980E-01
   17.890  9.9980E-01
   17.900  9.9980E-01
   17.910  9.9980E-01
   17.920  9.9980E-01
   17.930  9.9980E-01
   17.940  9.9980E-01
   17.950  9.9980E-01
   17.960  9.9980E-01
   17.970  9.9980E-01
   17.980  9.9980E-01
   17.990  9.9980E-01
   18.000  9.9980E-01
   18.010  9.9980E-01
   18.020  9.9980E-01
   18.030  9.9980E-01
   18.040  9.9981E-01
   18.050  9.9981E-01
   18.060  9.9981E-01
   18.070  9.9981E-01
   18.080  9.9981E-01
   18.090  9.9981E-01
   18.100  9.9981E-01
   18.110  9.9981E-01
   18.120  9.9982E-01
   18.130  9.9982E-01
   18.140  9.9982E-01
   18.150  9.9982E-01
   18.160  9.9982E-01
   18.170  9.9982E-01
   18.180  9.9982E-01
   18.190  9.9983E-01
   18.200  9.9983E-01
   18.210  9.9984E-01
   18.220  9.9984E-01
   18.230  9.9985E-01
   18.240  9.9985E-01
   18.250  9.9986E-01
   18.260  9.9986E-01
   18.270  9.9986E-01
   18.280  9.9987E-01
   18.290  9.9987E-01
   18.300  9.9987E-01
   18.310  9.9988E-01
   18.320  9.9988E-01
   18.330  9.9988E-01
   18.340  9.9988E-01
   18.350  9.9988E-01
   18.360  9.9988E-01
   18.370  9.9988E-01
   18.380  9.9988E-01
   18.390  9.9988E-01
   18.400  9.9988E-01
   18.410  9.9988E-01
   18.420  9.9988E-01
   18.430  9.9988E-01
   18.440  9.9988E-01
   18.450  9.9988E-01
   18.460  9.9988E-01
   18.470  9.9988E-01
   18.480  9.9989E-01
   18.490  9.9989E-01
   18.500  9.9989E-01
   18.510  9.9990E-01
   18.520  9.9990E-01
   18.530  9.9991E-01
   18.540  9.9991E-01
   18.550  9.9991E-01
   18.560  9.9991E-01
   18.570  9.9991E-01
   18.580  9.9991E-01
   18.590  9.9991E-01
   18.600  9.9991E-01
   18.610  9.9991E-01
   18.620  9.9991E-01
   18.630  9.9991E-01
   18.640  9.9991E-01
   18.650  9.9991E-01
   18.660  9.9991E-01
   18.670  9.9991E-01
   18.680  9.9991E-01
   18.690  9.9991E-01
   18.700  9.9991E-01
   18.710  9.9991E-01
   18.720  9.9991E-01
   18.730  9.9991E-01
   18.740  9.9991E-01
   18.750  9.9992E-01
   18.760  9.9992E-01
   18.770  9.9992E-01
   18.780  9.9992E-01
   18.790  9.9992E-01
   18.800  9.9992E-01
   18.810  9.9992E-01
   18.820  9.9992E-01
   18.830  9.9992E-01
   18.840  9.9992E-01
   18.850  9.9992E-01
   18.860  9.9992E-01
   18.870  9.9992E-01
   18.880  9.9992E-01
   18.890  9.9992E-01
   18.900  9.9992E-01
   18.910  9.9992E-01
   18.920  9.9992E-01
   18.930  9.9992E-01
   18.940  9.9992E-01
   18.950  9.9992E-01
   18.960  9.9992E-01
   18.970  9.9992E-01
   18.980  9.9992E-01
   18.990  9.9992E-01
   19.000  9.9992E-01
   19.010  9.9992E-01
   19.020  9.9992E-01
   19.030  9.9992E-01
   19.040  9.9992E-01
   19.050  9.9992E-01
   19.060  9.9992E-01
   19.070  9.9992E-01
   19.080  9.9992E-01
   19.090  9.9992E-01
   19.100  9.9992E-01
   19.110  9.9992E-01
   19.120  9.9992E-01
   19.130  9.9992E-01
   19.140  9.9992E-01
   19.150  9.9992E-01
   19.160  9.9992E-01
   19.170  9.9992E-01
   19.180  9.9992E-01
   19.190  9.9992E-01
   19.200  9.9992E-01
   19.210  9.9993E-01
   19.220  9.9993E-01
   19.230  9.9993E-01
   19.240  9.9993E-01
   19.250  9.9993E-01
   19.260  9.9993E-01
   19.270  9.9993E-01
   19.280  9.9993E-01
   19.290  9.9993E-01
   19.300  9.9993E-01
   19.310  9.9993E-01
   19.320  9.9993E-01
   19.330  9.9993E-01
   19.340  9.9993E-01
   19.350  9.9993E-01
   19.360  9.9993E-01
   19.370  9.9993E-01
   19.380  9.9993E-01
   19.390  9.9993E-01
   19.400  9.9993E-01
   19.410  9.9993E-01
   19.420  9.9993E-01
   19.430  9.9993E-01
   19.440  9.9993E-01
   19.450  9.9993E-01
   19.460  9.9993E-01
   19.470  9.9993E-01
   19.480  9.9993E-01
   19.490  9.9993E-01
   19.500  9.9993E-01
   19.510  9.9993E-01
   19.520  9.9993E-01
   19.530  9.9993E-01
   19.540  9.9993E-01
   19.550  9.9993E-01
   19.560  9.9993E-01
   19.570  9.9993E-01
   19.580  9.9993E-01
   19.590  9.9993E-01
   19.600  9.9993E-01
   19.610  9.9994E-01
   19.620  9.9994E-01
   19.630  9.9994E-01
   19.640  9.9994E-01
   19.650  9.9994E-01
   19.660  9.9994E-01
   19.670  9.9994E-01
   19.680  9.9994E-01
   19.690  9.9994E-01
   19.700  9.9994E-01
   19.710  9.9994E-01
   19.720  9.9994E-01
   19.730  9.9994E-01
   19.740  9.9994E-01
   19.750  9.9994E-01
   19.760  9.9994E-01
   19.770  9.9994E-01
   19.780  9.9994E-01
   19.790  9.9994E-01
   19.800  9.9994E-01
   19.810  9.9994E-01
   19.820  9.9994E-01
   19.830  9.9994E-01
   19.840  9.9994E-01
   19.850  9.9994E-01
   19.860  9.9994E-01
   19.870  9.9994E-01
   19.880  9.9994E-01
   19.890  9.9994E-01
   19.900  9.9994E-01
   19.910  9.9994E-01
   19.920  9.9994E-01
   19.930  9.9994E-01
   19.940  9.9994E-01
   19.950  9.9994E-01
   19.960  9.9994E-01
   19.970  9.9994E-01
   19.980  9.9994E-01
   19.990  9.9994E-01
   20.000  9.9994E-01
   20.010  9.9994E-01
   20.020  9.9994E-01
   20.030  9.9994E-01
   20.040  9.9994E-01
   20.050  9.9994E-01
   20.060  9.9994E-01
   20.070  9.9994E-01
   20.080  9.9994E-01
   20.090  9.9994E-01
   20.100  9.9994E-01
   20.110  9.9994E-01
   20.120  9.9994E-01
   20.130  9.9994E-01
   20.140  9.9994E-01
   20.150  9.9994E-01
   20.160  9.9994E-01
   20.170  9.9994E-01
   20.180  9.9994E-01
   20.190  9.9994E-01
   20.200  9.9994E-01
   20.210  9.9994E-01
   20.220  9.9994E-01
   20.230  9.9994E-01
   20.240  9.9994E-01
   20.250  9.9994E-01
   20.260  9.9994E-01
   20.270  9.9994E-01
   20.280  9.9994E-01
   20.290  9.9994E-01
   20.300  9.9994E-01
   20.310  9.9994E-01
   20.320  9.9994E-01
   20.330  9.9994E-01
   20.340  9.9994E-01
   20.350  9.9994E-01
   20.360  9.9994E-01
   20.370  9.9994E-01
   20.380  9.9994E-01
   20.390  9.9994E-01
   20.400  9.9994E-01
   20.410  9.9994E-01
   20.420  9.9994E-01
   20.430  9.9994E-01
   20.440  9.9994E-01
   20.450  9.9994E-01
   20.460  9.9994E-01
   20.470  9.9994E-01
   20.480  9.9994E-01
   20.490  9.9994E-01
   20.500  9.9994E-01
   20.510  9.9994E-01
   20.520  9.9994E-01
   20.530  9.9994E-01
   20.540  9.9994E-01
   20.550  9.9994E-01
   20.560  9.9994E-01
   20.570  9.9994E-01
   20.580  9.9994E-01
   20.590  9.9994E-01
   20.600  9.9994E-01
   20.610  9.9994E-01
   20.620  9.9994E-01
   20.630  9.9994E-01
   20.640  9.9994E-01
   20.650  9.9994E-01
   20.660  9.9994E-01
   20.670  9.9995E-01
   20.680  9.9995E-01
   20.690  9.9995E-01
   20.700  9.9995E-01
   20.710  9.9995E-01
   20.720  9.9995E-01
   20.730  9.9995E-01
   20.740  9.9995E-01
   20.750  9.9995E-01
   20.760  9.9995E-01
   20.770  9.9995E-01
   20.780  9.9995E-01
   20.790  9.9995E-01
   20.800  9.9995E-01
   20.810  9.9995E-01
   20.820  9.9995E-01
   20.830  9.9995E-01
   20.840  9.9995E-01
   20.850  9.9995E-01
   20.860  9.9995E-01
   20.870  9.9995E-01
   20.880  9.9995E-01
   20.890  9.9995E-01
   20.900  9.9995E-01
   20.910  9.9995E-01
   20.920  9.9995E-01
   20.930  9.9995E-01
   20.940  9.9995E-01
   20.950  9.9995E-01
   20.960  9.9995E-01
   20.970  9.9995E-01
   20.980  9.9995E-01
   20.990  9.9995E-01
   21.000  9.9995E-01
   21.010  9.9995E-01
   21.020  9.9995E-01
   21.030  9.9995E-01
   21.040  9.9995E-01
   21.050  9.9995E-01
   21.060  9.9995E-01
   21.070  9.9995E-01
   21.080  9.9995E-01
   21.090  9.9995E-01
   21.100  9.9995E-01
   21.110  9.9995E-01
   21.120  9.9995E-01
   21.130  9.9995E-01
   21.140  9.9995E-01
   21.150  9.9995E-01
   21.160  9.9995E-01
   21.170  9.9995E-01
   21.180  9.9995E-01
   21.190  9.9995E-01
   21.200  9.9995E-01
   21.210  9.9995E-01
   21.220  9.9995E-01
   21.230  9.9995E-01
   21.240  9.9995E-01
   21.250  9.9995E-01
   21.260  9.9995E-01
   21.270  9.9995E-01
   21.280  9.9995E-01
   21.290  9.9995E-01
   21.300  9.9995E-01
   21.310  9.9995E-01
   21.320  9.9995E-01
   21.330  9.9995E-01
   21.340  9.9995E-01
   21.350  9.9995E-01
   21.360  9.9995E-01
   21.370  9.9995E-01
   21.380  9.9995E-01
   21.390  9.9995E-01
   21.400  9.9995E-01
   21.410  9.9995E-01
   21.420  9.9995E-01
   21.430  9.9995E-01
   21.440  9.9995E-01
   21.450  9.9995E-01
   21.460  9.9995E-01
   21.470  9.9995E-01
   21.480  9.9995E-01
   21.490  9.9996E-01
   21.500  9.9996E-01
   21.510  9.9996E-01
   21.520  9.9996E-01
   21.530  9.9996E-01
   21.540  9.9996E-01
   21.550  9.9996E-01
   21.560  9.9996E-01
   21.570  9.9996E-01
   21.580  9.9996E-01
   21.590  9.9996E-01
   21.600  9.9996E-01
   21.610  9.9996E-01
   21.620  9.9996E-01
   21.630  9.9996E-01
   21.640  9.9996E-01
   21.650  9.9996E-01
   21.660  9.9996E-01
   21.670  9.9996E-01
   21.680  9.9996E-01
   21.690  9.9996E-01
   21.700  9.9996E-01
   21.710  9.9996E-01
   21.720  9.9996E-01
   21.730  9.9996E-01
   21.740  9.9996E-01
   21.750  9.9996E-01
   21.760  9.9996E-01
   21.770  9.9996E-01
   21.780  9.9996E-01
   21.790  9.9996E-01
   21.800  9.9996E-01
   21.810  9.9996E-01
   21.820  9.9996E-01
   21.830  9.9996E-01
   21.840  9.9996E-01
   21.850  9.9996E-01
   21.860  9.9996E-01
   21.870  9.9996E-01
   21.880  9.9996E-01
   21.890  9.9996E-01
   21.900  9.9996E-01
   21.910  9.9997E-01
   21.920  9.9997E-01
   21.930  9.9997E-01
   21.940  9.9997E-01
   21.950  9.9997E-01
   21.960  9.9997E-01
   21.970  9.9997E-01
   21.980  9.9997E-01
   21.990  9.9997E-01
   22.000  9.9997E-01
   22.010  9.9997E-01
   22.020  9.9997E-01
   22.030  9.9997E-01
   22.040  9.9997E-01
   22.050  9.9997E-01
   22.060  9.9997E-01
   22.070  9.9997E-01
   22.080  9.9997E-01
   22.090  9.9997E-01
   22.100  9.9997E-01
   22.110  9.9997E-01
   22.120  9.9997E-01
   22.130  9.9997E-01
   22.140  9.9997E-01
   22.150  9.9997E-01
   22.160  9.9997E-01
   22.170  9.9997E-01
   22.180  9.9997E-01
   22.190  9.9997E-01
   22.200  9.9997E-01
   22.210  9.9997E-01
   22.220  9.9997E-01
   22.230  9.9997E-01
   22.240  9.9997E-01
   22.250  9.9997E-01
   22.260  9.9997E-01
   22.270  9.9997E-01
   22.280  9.9997E-01
   22.290  9.9997E-01
   22.300  9.9997E-01
   22.310  9.9997E-01
   22.320  9.9997E-01
   22.330  9.9997E-01
   22.340  9.9997E-01
   22.350  9.9997E-01
   22.360  9.9997E-01
   22.370  9.9997E-01
   22.380  9.9997E-01
   22.390  9.9997E-01
   22.400  9.9997E-01
   22.410  9.9997E-01
   22.420  9.9997E-01
   22.430  9.9997E-01
   22.440  9.9997E-01
   22.450  9.9997E-01
   22.460  9.9997E-01
   22.470  9.9998E-01
   22.480  9.9998E-01
   22.490  9.9998E-01
   22.500  9.9998E-01
   22.510  9.9998E-01
   22.520  9.9998E-01
   22.530  9.9998E-01
   22.540  9.9998E-01
   22.550  9.9998E-01
   22.560  9.9998E-01
   22.570  9.9998E-01
   22.580  9.9998E-01
   22.590  9.9998E-01
   22.600  9.9998E-01
   22.610  9.9998E-01
   22.620  9.9998E-01
   22.630  9.9998E-01
   22.640  9.9998E-01
   22.650  9.9998E-01
   22.660  9.9998E-01
   22.670  9.9998E-01
   22.680  9.9998E-01
   22.690  9.9998E-01
   22.700  9.9998E-01
   22.710  9.9998E-01
   22.720  9.9998E-01
   22.730  9.9998E-01
   22.740  9.9998E-01
   22.750  9.9998E-01
   22.760  9.9998E-01
   22.770  9.9998E-01
   22.780  9.9998E-01
   22.790  9.9998E-01
   22.800  9.9998E-01
   22.810  9.9998E-01
   22.820  9.9998E-01
   22.830  9.9998E-01
   22.840  9.9998E-01
   22.850  9.9998E-01
   22.860  9.9998E-01
   22.870  9.9998E-01
   22.880  9.9998E-01
   22.890  9.9998E-01
   22.900  9.9998E-01
   22.910  9.9998E-01
   22.920  9.9998E-01
   22.930  9.9998E-01
   22.940  9.9998E-01
   22.950  9.9998E-01
   22.960  9.9998E-01
   22.970  9.9998E-01
   22.980  9.9998E-01
   22.990  9.9998E-01
   23.000  9.9998E-01
   23.010  9.9998E-01
   23.020  9.9998E-01
   23.030  9.9998E-01
   23.040  9.9999E-01
   23.050  9.9999E-01
   23.060  9.9999E-01
   23.070  9.9999E-01
   23.080  9.9999E-01
   23.090  9.9999E-01
   23.100  9.9999E-01
   23.110  9.9999E-01
   23.120  9.9999E-01
   23.130  9.9999E-01
   23.140  9.9999E-01
   23.150  9.9999E-01
   23.160  9.9999E-01
   23.170  9.9999E-01
   23.180  9.9999E-01
   23.190  9.9999E-01
   23.200  9.9999E-01
   23.210  9.9999E-01
   23.220  9.9999E-01
   23.230  9.9999E-01
   23.240  9.9999E-01
   23.250  9.9999E-01
   23.260  9.9999E-01
   23.270  9.9999E-01
   23.280  9.9999E-01
   23.290  9.9999E-01
   23.300  9.9999E-01
   23.310  9.9999E-01
   23.320  9.9999E-01
   23.330  9.9999E-01
   23.340  9.9999E-01
   23.350  9.9999E-01
   23.360  9.9999E-01
   23.370  9.9999E-01
   23.380  9.9999E-01
   23.390  9.9999E-01
   23.400  9.9999E-01
   23.410  9.9999E-01
   23.420  9.9999E-01
   23.430  9.9999E-01
   23.440  9.9999E-01
   23.450  9.9999E-01
   23.460  9.9999E-01
   23.470  9.9999E-01
   23.480  9.9999E-01
   23.490  9.9999E-01
   23.500  9.9999E-01
   23.510  9.9999E-01
   23.520  9.9999E-01
   23.530  9.9999E-01
   23.540  9.9999E-01
   23.550  9.9999E-01
   23.560  9.9999E-01
   23.570  9.9999E-01
   23.580  9.9999E-01
   23.590  9.9999E-01
   23.600  9.9999E-01
   23.610  9.9999E-01
   23.620  9.9999E-01
   23.630  9.9999E-01
   23.640  9.9999E-01
   23.650  9.9999E-01
   23.660  9.9999E-01
   23.670  9.9999E-01
   23.680  9.9999E-01
   23.690  9.9999E-01
   23.700  9.9999E-01
   23.710  9.9999E-01
   23.720  9.9999E-01
   23.730  9.9999E-01
   23.740  9.9999E-01
   23.750  9.9999E-01
   23.760  9.9999E-01
   23.770  9.9999E-01
   23.780  9.9999E-01
   23.790  9.9999E-01
   23.800  9.9999E-01
   23.810  9.9999E-01
   23.820  9.9999E-01
   23.830  9.9999E-01
   23.840  9.9999E-01
   23.850  9.9999E-01
   23.860  9.9999E-01
   23.870  9.9999E-01
   23.880  9.9999E-01
   23.890  9.9999E-01
   23.900  9.9999E-01
   23.910  9.9999E-01
   23.920  9.9999E-01
   23.930  9.9999E-01
   23.940  9.9999E-01
   23.950  9.9999E-01
   23.960  9.9999E-01
   23.970  9.9999E-01
   23.980  9.9999E-01
   23.990  9.9999E-01
   24.000  9.9999E-01
   24.010  9.9999E-01
   24.020  9.9999E-01
   24.030  9.9999E-01
   24.040  9.9999E-01
   24.050  9.9999E-01
   24.060  9.9999E-01
   24.070  9.9999E-01
   24.080  9.9999E-01
   24.090  9.9999E-01
   24.100  9.9999E-01
   24.110  9.9999E-01
   24.120  9.9999E-01
   24.130  9.9999E-01
   24.140  9.9999E-01
   24.150  9.9999E-01
   24.160  9.9999E-01
   24.170  9.9999E-01
   24.180  9.9999E-01
   24.190  9.9999E-01
   24.200  9.9999E-01
   24.210  9.9999E-01
   24.220  9.9999E-01
   24.230  9.9999E-01
   24.240  9.9999E-01
   24.250  9.9999E-01
   24.260  9.9999E-01
   24.270  9.9999E-01
   24.280  9.9999E-01
   24.290  9.9999E-01
   24.300  9.9999E-01
   24.310  9.9999E-01
   24.320  9.9999E-01
   24.330  9.9999E-01
   24.340  9.9999E-01
   24.350  9.9999E-01
   24.360  9.9999E-01
   24.370  9.9999E-01
   24.380  9.9999E-01
   24.390  9.9999E-01
   24.400  9.9999E-01
   24.410  9.9999E-01
   24.420  9.9999E-01
   24.430  9.9999E-01
   24.440  9.9999E-01
   24.450  9.9999E-01
   24.460  9.9999E-01
   24.470  9.9999E-01
   24.480  9.9999E-01
   24.490  9.9999E-01
   24.500  9.9999E-01
   24.510  9.9999E-01
   24.520  9.9999E-01
   24.530  9.9999E-01
   24.540  9.9999E-01
   24.550  9.9999E-01
   24.560  9.9999E-01
   24.570  9.9999E-01
   24.580  9.9999E-01
   24.590  9.9999E-01
   24.600  9.9999E-01
   24.610  9.9999E-01
   24.620  9.9999E-01
   24.630  9.9999E-01
   24.640  9.9999E-01
   24.650  9.9999E-01
   24.660  9.9999E-01
   24.670  9.9999E-01
   24.680  9.9999E-01
   24.690  9.9999E-01
   24.700  9.9999E-01
   24.710  9.9999E-01
   24.720  9.9999E-01
   24.730  9.9999E-01
   24.740  9.9999E-01
   24.750  9.9999E-01
   24.760  9.9999E-01
   24.770  9.9999E-01
   24.780  9.9999E-01
   24.790  9.9999E-01
   24.800  9.9999E-01
   24.810  9.9999E-01
   24.820  9.9999E-01
   24.830  9.9999E-01
   24.840  9.9999E-01
   24.850  9.9999E-01
   24.860  9.9999E-01
   24.870  9.9999E-01
   24.880  9.9999E-01
   24.890  9.9999E-01
   24.900  9.9999E-01
   24.910  9.9999E-01
   24.920  9.9999E-01
   24.930  9.9999E-01
   24.940  9.9999E-01
   24.950  9.9999E-01
   24.960  9.9999E-01
   24.970  9.9999E-01
   24.980  9.9999E-01
   24.990  9.9999E-01
   25.000  9.9999E-01
   25.010  9.9999E-01
   25.020  9.9999E-01
   25.030  9.9999E-01
   25.040  9.9999E-01
   25.050  9.9999E-01
   25.060  1.0000E+00
   25.070  1.0000E+00
   25.080  1.0000E+00
   25.090  1.0000E+00
   25.100  1.0000E+00
   25.110  1.0000E+00
   25.120  1.0000E+00
   25.130  1.0000E+00
   25.140  1.0000E+00
   25.150  1.0000E+00
   25.160  1.0000E+00
   25.170  1.0000E+00
   25.180  1.0000E+00
   25.190  1.0000E+00
   25.200  1.0000E+00
   25.210  1.0000E+00
   25.220  1.0000E+00
   25.230  1.0000E+00
   25.240  1.0000E+00
   25.250  1.0000E+00
   25.260  1.0000E+00
   25.270  1.0000E+00
   25.280  1.0000E+00
   25.290  1.0000E+00
   25.300  1.0000E+00
   25.310  1.0000E+00
   25.320  1.0000E+00
   25.330  1.0000E+00
   25.340  1.0000E+00
   25.350  1.0000E+00
   25.360  1.0000E+00
   25.370  1.0000E+00
   25.380  1.0000E+00
   25.390  1.0000E+00
   25.400  1.0000E+00
   25.410  1.0000E+00
   25.420  1.0000E+00
   25.430  1.0000E+00
   25.440  1.0000E+00
   25.450  1.0000E+00
   25.460  1.0000E+00
   25.470  1.0000E+00
   25.480  1.0000E+00
   25.490  1.0000E+00
   25.500  1.0000E+00
   25.510  1.0000E+00
   25.520  1.0000E+00
   25.530  1.0000E+00
   25.540  1.0000E+00
   25.550  1.0000E+00
   25.560  1.0000E+00
   25.570  1.0000E+00
   25.580  1.0000E+00
   25.590  1.0000E+00
   25.600  1.0000E+00
   25.610  1.0000E+00
   25.620  1.0000E+00
   25.630  1.0000E+00
   25.640  1.0000E+00
   25.650  1.0000E+00
   25.660  1.0000E+00
   25.670  1.0000E+00
   25.680  1.0000E+00
   25.690  1.0000E+00
   25.700  1.0000E+00
   25.710  1.0000E+00
   25.720  1.0000E+00
   25.730  1.0000E+00
   25.740  1.0000E+00
   25.750  1.0000E+00
   25.760  1.0000E+00
   25.770  1.0000E+00
   25.780  1.0000E+00
   25.790  1.0000E+00
   25.800  1.0000E+00
   25.810  1.0000E+00
   25.820  1.0000E+00
   25.830  1.0000E+00
   25.840  1.0000E+00
   25.850  1.0000E+00
   25.860  1.0000E+00
   25.870  1.0000E+00
   25.880  1.0000E+00
   25.890  1.0000E+00
   25.900  1.0000E+00
   25.910  1.0000E+00
   25.920  1.0000E+00
   25.930  1.0000E+00
   25.940  1.0000E+00
   25.950  1.0000E+00
   25.960  1.0000E+00
   25.970  1.0000E+00
   25.980  1.0000E+00
   25.990  1.0000E+00
   26.000  1.0000E+00
   26.010  1.0000E+00
   26.020  1.0000E+00
   26.030  1.0000E+00
   26.040  1.0000E+00
   26.050  1.0000E+00
   26.060  1.0000E+00
   26.070  1.0000E+00
   26.080  1.0000E+00
   26.090  1.0000E+00
   26.100  1.0000E+00
   26.110  1.0000E+00
   26.120  1.0000E+00
   26.130  1.0000E+00
   26.140  1.0000E+00
   26.150  1.0000E+00
   26.160  1.0000E+00
   26.170  1.0000E+00
   26.180  1.0000E+00
   26.190  1.0000E+00
   26.200  1.0000E+00
   26.210  1.0000E+00
   26.220  1.0000E+00
   26.230  1.0000E+00
   26.240  1.0000E+00
   26.250  1.0000E+00
   26.260  1.0000E+00
   26.270  1.0000E+00
   26.280  1.0000E+00
   26.290  1.0000E+00
   26.300  1.0000E+00
   26.310  1.0000E+00
   26.320  1.0000E+00
   26.330  1.0000E+00
   26.340  1.0000E+00
   26.350  1.0000E+00
   26.360  1.0000E+00
   26.370  1.0000E+00
   26.380  1.0000E+00
   26.390  1.0000E+00
   26.400  1.0000E+00
   26.410  1.0000E+00
   26.420  1.0000E+00
   26.430  1.0000E+00
   26.440  1.0000E+00
   26.450  1.0000E+00
   26.460  1.0000E+00
   26.470  1.0000E+00
   26.480  1.0000E+00
   26.490  1.0000E+00
   26.500  1.0000E+00
   26.510  1.0000E+00
   26.520  1.0000E+00
   26.530  1.0000E+00
   26.540  1.0000E+00
   26.550  1.0000E+00
   26.560  1.0000E+00
   26.570  1.0000E+00
   26.580  1.0000E+00
   26.590  1.0000E+00
   26.600  1.0000E+00
   26.610  1.0000E+00
   26.620  1.0000E+00
   26.630  1.0000E+00
   26.640  1.0000E+00
   26.650  1.0000E+00
   26.660  1.0000E+00
   26.670  1.0000E+00
   26.680  1.0000E+00
   26.690  1.0000E+00
   26.700  1.0000E+00
   26.710  1.0000E+00
   26.720  1.0000E+00
   26.730  1.0000E+00
   26.740  1.0000E+00
   26.750  1.0000E+00
   26.760  1.0000E+00
   26.770  1.0000E+00
   26.780  1.0000E+00
   26.790  1.0000E+00
   26.800  1.0000E+00
   26.810  1.0000E+00
   26.820  1.0000E+00
   26.830  1.0000E+00
   26.840  1.0000E+00
   26.850  1.0000E+00
   26.860  1.0000E+00
   26.870  1.0000E+00
   26.880  1.0000E+00
   26.890  1.0000E+00
   26.900  1.0000E+00
   26.910  1.0000E+00
   26.920  1.0000E+00
   26.930  1.0000E+00
   26.940  1.0000E+00
   26.950  1.0000E+00
   26.960  1.0000E+00
   26.970  1.0000E+00
   26.980  1.0000E+00
   26.990  1.0000E+00
   27.000  1.0000E+00
   27.010  1.0000E+00
   27.020  1.0000E+00
   27.030  1.0000E+00
   27.040  1.0000E+00
   27.050  1.0000E+00
   27.060  1.0000E+00
   27.070  1.0000E+00
   27.080  1.0000E+00
   27.090  1.0000E+00
   27.100  1.0000E+00
   27.110  1.0000E+00
   27.120  1.0000E+00
   27.130  1.0000E+00
   27.140  1.0000E+00
   27.150  1.0000E+00
   27.160  1.0000E+00
   27.170  1.0000E+00
   27.180  1.0000E+00
   27.190  1.0000E+00
   27.200  1.0000E+00
   27.210  1.0000E+00
   27.220  1.0000E+00
   27.230  1.0000E+00
   27.240  1.0000E+00
   27.250  1.0000E+00
   27.260  1.0000E+00
   27.270  1.0000E+00
   27.280  1.0000E+00
   27.290  1.0000E+00
   27.300  1.0000E+00
   27.310  1.0000E+00
   27.320  1.0000E+00
   27.330  1.0000E+00
   27.340  1.0000E+00
   27.350  1.0000E+00
   27.360  1.0000E+00
   27.370  1.0000E+00
   27.380  1.0000E+00
   27.390  1.0000E+00
   27.400  1.0000E+00
   27.410  1.0000E+00
   27.420  1.0000E+00
   27.430  1.0000E+00
   27.440  1.0000E+00
   27.450  1.0000E+00
   27.460  1.0000E+00
   27.470  1.0000E+00
   27.480  1.0000E+00
   27.490  1.0000E+00
   27.500  1.0000E+00
   27.510  1.0000E+00
   27.520  1.0000E+00
   27.530  1.0000E+00
   27.540  1.0000E+00
   27.550  1.0000E+00
   27.560  1.0000E+00
   27.570  1.0000E+00
   27.580  1.0000E+00
   27.590  1.0000E+00
   27.600  1.0000E+00
   27.610  1.0000E+00
   27.620  1.0000E+00
   27.630  1.0000E+00
   27.640  1.0000E+00
   27.650  1.0000E+00
   27.660  1.0000E+00
   27.670  1.0000E+00
   27.680  1.0000E+00
   27.690  1.0000E+00
   27.700  1.0000E+00
   27.710  1.0000E+00
   27.720  1.0000E+00
   27.730  1.0000E+00
   27.740  1.0000E+00
   27.750  1.0000E+00
   27.760  1.0000E+00
   27.770  1.0000E+00
   27.780  1.0000E+00
   27.790  1.0000E+00
   27.800  1.0000E+00
   27.810  1.0000E+00
   27.820  1.0000E+00
   27.830  1.0000E+00
   27.840  1.0000E+00
   27.850  1.0000E+00
   27.860  1.0000E+00
   27.870  1.0000E+00
   27.880  1.0000E+00
   27.890  1.0000E+00
   27.900  1.0000E+00
   27.910  1.0000E+00
   27.920  1.0000E+00
   27.930  1.0000E+00
   27.940  1.0000E+00
   27.950  1.0000E+00
   27.960  1.0000E+00
   27.970  1.0000E+00
   27.980  1.0000E+00
   27.990  1.0000E+00
   28.000  1.0000E+00
   28.010  1.0000E+00
   28.020  1.0000E+00
   28.030  1.0000E+00
   28.040  1.0000E+00
   28.050  1.0000E+00
   28.060  1.0000E+00
   28.070  1.0000E+00
   28.080  1.0000E+00
   28.090  1.0000E+00
   28.100  1.0000E+00
   28.110  1.0000E+00
   28.120  1.0000E+00
   28.130  1.0000E+00
   28.140  1.0000E+00
   28.150  1.0000E+00
   28.160  1.0000E+00
   28.170  1.0000E+00
   28.180  1.0000E+00
   28.190  1.0000E+00
   28.200  1.0000E+00
   28.210  1.0000E+00
   28.220  1.0000E+00
   28.230  1.0000E+00
   28.240  1.0000E+00
   28.250  1.0000E+00
   28.260  1.0000E+00
   28.270  1.0000E+00
   28.280  1.0000E+00
   28.290  1.0000E+00
   28.300  1.0000E+00
   28.310  1.0000E+00
   28.320  1.0000E+00
   28.330  1.0000E+00
   28.340  1.0000E+00
   28.350  1.0000E+00
   28.360  1.0000E+00
   28.370  1.0000E+00
   28.380  1.0000E+00
   28.390  1.0000E+00
   28.400  1.0000E+00
   28.410  1.0000E+00
   28.420  1.0000E+00
   28.430  1.0000E+00
   28.440  1.0000E+00
   28.450  1.0000E+00
   28.460  1.0000E+00
   28.470  1.0000E+00
   28.480  1.0000E+00
   28.490  1.0000E+00
   28.500  1.0000E+00
   28.510  1.0000E+00
   28.520  1.0000E+00
   28.530  1.0000E+00
   28.540  1.0000E+00
   28.550  1.0000E+00
   28.560  1.0000E+00
   28.570  1.0000E+00
   28.580  1.0000E+00
   28.590  1.0000E+00
   28.600  1.0000E+00
   28.610  1.0000E+00
   28.620  1.0000E+00
   28.630  1.0000E+00
   28.640  1.0000E+00
   28.650  1.0000E+00
   28.660  1.0000E+00
   28.670  1.0000E+00
   28.680  1.0000E+00
   28.690  1.0000E+00
   28.700  1.0000E+00
   28.710  1.0000E+00
   28.720  1.0000E+00
   28.730  1.0000E+00
   28.740  1.0000E+00
   28.750  1.0000E+00
   28.760  1.0000E+00
   28.770  1.0000E+00
   28.780  1.0000E+00
   28.790  1.0000E+00
   28.800  1.0000E+00
   28.810  1.0000E+00
   28.820  1.0000E+00
   28.830  1.0000E+00
   28.840  1.0000E+00
   28.850  1.0000E+00
   28.860  1.0000E+00
   28.870  1.0000E+00
   28.880  1.0000E+00
   28.890  1.0000E+00
   28.900  1.0000E+00
   28.910  1.0000E+00
   28.920  1.0000E+00
   28.930  1.0000E+00
   28.940  1.0000E+00
   28.950  1.0000E+00
   28.960  1.0000E+00
   28.970  1.0000E+00
   28.980  1.0000E+00
   28.990  1.0000E+00
   29.000  1.0000E+00
   29.010  1.0000E+00
   29.020  1.0000E+00
   29.030  1.0000E+00
   29.040  1.0000E+00
   29.050  1.0000E+00
   29.060  1.0000E+00
   29.070  1.0000E+00
   29.080  1.0000E+00
   29.090  1.0000E+00
   29.100  1.0000E+00
   29.110  1.0000E+00
   29.120  1.0000E+00
   29.130  1.0000E+00
   29.140  1.0000E+00
   29.150  1.0000E+00
   29.160  1.0000E+00
   29.170  1.0000E+00
   29.180  1.0000E+00
   29.190  1.0000E+00
   29.200  1.0000E+00
   29.210  1.0000E+00
   29.220  1.0000E+00
   29.230  1.0000E+00
   29.240  1.0000E+00
   29.250  1.0000E+00
   29.260  1.0000E+00
   29.270  1.0000E+00
   29.280  1.0000E+00
   29.290  1.0000E+00
   29.300  1.0000E+00
   29.310  1.0000E+00
   29.320  1.0000E+00
   29.330  1.0000E+00
   29.340  1.0000E+00
   29.350  1.0000E+00
   29.360  1.0000E+00
   29.370  1.0000E+00
   29.380  1.0000E+00
   29.390  1.0000E+00
   29.400  1.0000E+00
   29.410  1.0000E+00
   29.420  1.0000E+00
   29.430  1.0000E+00
   29.440  1.0000E+00
   29.450  1.0000E+00
   29.460  1.0000E+00
   29.470  1.0000E+00
   29.480  1.0000E+00
   29.490  1.0000E+00
   29.500  1.0000E+00
   29.510  1.0000E+00
   29.520  1.0000E+00
   29.530  1.0000E+00
   29.540  1.0000E+00
   29.550  1.0000E+00
   29.560  1.0000E+00
   29.570  1.0000E+00
   29.580  1.0000E+00
   29.590  1.0000E+00
   29.600  1.0000E+00
   29.610  1.0000E+00
   29.620  1.0000E+00
   29.630  1.0000E+00
   29.640  1.0000E+00
   29.650  1.0000E+00
   29.660  1.0000E+00
   29.670  1.0000E+00
   29.680  1.0000E+00
   29.690  1.0000E+00
   29.700  1.0000E+00
   29.710  1.0000E+00
   29.720  1.0000E+00
   29.730  1.0000E+00
   29.740  1.0000E+00
   29.750  1.0000E+00
   29.760  1.0000E+00
   29.770  1.0000E+00
   29.780  1.0000E+00
   29.790  1.0000E+00
   29.800  1.0000E+00
   29.810  1.0000E+00
   29.820  1.0000E+00
   29.830  1.0000E+00
   29.840  1.0000E+00
   29.850  1.0000E+00
   29.860  1.0000E+00
   29.870  1.0000E+00
   29.880  1.0000E+00
   29.890  1.0000E+00
   29.900  1.0000E+00
   29.910  1.0000E+00
   29.920  1.0000E+00
   29.930  1.0000E+00
   29.940  1.0000E+00
   29.950  1.0000E+00
   29.960  1.0000E+00
   29.970  1.0000E+00
   29.980  1.0000E+00
   29.990  1.0000E+00
   30.000  1.0000E+00
   30.010  1.0000E+00
   30.020  1.0000E+00
   30.030  1.0000E+00
   30.040  1.0000E+00
   30.050  1.0000E+00
   30.060  1.0000E+00
   30.070  1.0000E+00
   30.080  1.0000E+00
   30.090  1.0000E+00
   30.100  1.0000E+00
   30.110  1.0000E+00
   30.120  1.0000E+00
   30.130  1.0000E+00
   30.140  1.0000E+00
   30.150  1.0000E+00
   30.160  1.0000E+00
   30.170  1.0000E+00
   30.180  1.0000E+00
   30.190  1.0000E+00
   30.200  1.0000E+00
   30.210  1.0000E+00
   30.220  1.0000E+00
   30.230  1.0000E+00
   30.240  1.0000E+00
   30.250  1.0000E+00
   30.260  1.0000E+00
   30.270  1.0000E+00
   30.280  1.0000E+00
   30.290  1.0000E+00
   30.300  1.0000E+00
   30.310  1.0000E+00
   30.320  1.0000E+00
   30.330  1.0000E+00
   30.340  1.0000E+00
   30.350  1.0000E+00
   30.360  1.0000E+00
   30.370  1.0000E+00
   30.380  1.0000E+00
   30.390  1.0000E+00
   30.400  1.0000E+00
   30.410  1.0000E+00
   30.420  1.0000E+00
   30.430  1.0000E+00
   30.440  1.0000E+00
   30.450  1.0000E+00
   30.460  1.0000E+00
   30.470  1.0000E+00
   30.480  1.0000E+00
   30.490  1.0000E+00
   30.500  1.0000E+00
   30.510  1.0000E+00
   30.520  1.0000E+00
   30.530  1.0000E+00
   30.540  1.0000E+00
   30.550  1.0000E+00
   30.560  1.0000E+00
   30.570  1.0000E+00
   30.580  1.0000E+00
   30.590  1.0000E+00
   30.600  1.0000E+00
   30.610  1.0000E+00
   30.620  1.0000E+00
   30.630  1.0000E+00
   30.640  1.0000E+00
   30.650  1.0000E+00
   30.660  1.0000E+00
   30.670  1.0000E+00
   30.680  1.0000E+00
   30.690  1.0000E+00
   30.700  1.0000E+00
   30.710  1.0000E+00
   30.720  1.0000E+00
   30.730  1.0000E+00
   30.740  1.0000E+00
   30.750  1.0000E+00
   30.760  1.0000E+00
   30.770  1.0000E+00
   30.780  1.0000E+00
   30.790  1.0000E+00
   30.800  1.0000E+00
   30.810  1.0000E+00
   30.820  1.0000E+00
   30.830  1.0000E+00
   30.840  1.0000E+00
   30.850  1.0000E+00
   30.860  1.0000E+00
   30.870  1.0000E+00
   30.880  1.0000E+00
   30.890  1.0000E+00
   30.900  1.0000E+00
   30.910  1.0000E+00
   30.920  1.0000E+00
   30.930  1.0000E+00
   30.940  1.0000E+00
   30.950  1.0000E+00
   30.960  1.0000E+00
   30.970  1.0000E+00
   30.980  1.0000E+00
   30.990  1.0000E+00
   31.000  1.0000E+00
   31.010  1.0000E+00
   31.020  1.0000E+00
   31.030  1.0000E+00
   31.040  1.0000E+00
   31.050  1.0000E+00
   31.060  1.0000E+00
   31.070  1.0000E+00
   31.080  1.0000E+00
   31.090  1.0000E+00
   31.100  1.0000E+00
   31.110  1.0000E+00
   31.120  1.0000E+00
   31.130  1.0000E+00
   31.140  1.0000E+00
   31.150  1.0000E+00
   31.160  1.0000E+00
   31.170  1.0000E+00
   31.180  1.0000E+00
   31.190  1.0000E+00
   31.200  1.0000E+00
   31.210  1.0000E+00
   31.220  1.0000E+00
   31.230  1.0000E+00
   31.240  1.0000E+00
   31.250  1.0000E+00
   31.260  1.0000E+00
   31.270  1.0000E+00
   31.280  1.0000E+00
   31.290  1.0000E+00
   31.300  1.0000E+00
   31.310  1.0000E+00
   31.320  1.0000E+00
   31.330  1.0000E+00
   31.340  1.0000E+00
   31.350  1.0000E+00
   31.360  1.0000E+00
   31.370  1.0000E+00
   31.380  1.0000E+00
   31.390  1.0000E+00
   31.400  1.0000E+00
   31.410  1.0000E+00
   31.420  1.0000E+00
   31.430  1.0000E+00
   31.440  1.0000E+00
   31.450  1.0000E+00
   31.460  1.0000E+00
   31.470  1.0000E+00
   31.480  1.0000E+00
   31.490  1.0000E+00
   31.500  1.0000E+00
   31.510  1.0000E+00
   31.520  1.0000E+00
   31.530  1.0000E+00
   31.540  1.0000E+00
   31.550  1.0000E+00
   31.560  1.0000E+00
   31.570  1.0000E+00
   31.580  1.0000E+00
   31.590  1.0000E+00
   31.600  1.0000E+00
   31.610  1.0000E+00
   31.620  1.0000E+00
   31.630  1.0000E+00
   31.640  1.0000E+00
   31.650  1.0000E+00
   31.660  1.0000E+00
   31.670  1.0000E+00
   31.680  1.0000E+00
   31.690  1.0000E+00
   31.700  1.0000E+00
   31.710  1.0000E+00
   31.720  1.0000E+00
   31.730  1.0000E+00
   31.740  1.0000E+00
   31.750  1.0000E+00
   31.760  1.0000E+00
   31.770  1.0000E+00
   31.780  1.0000E+00
   31.790  1.0000E+00
   31.800  1.0000E+00
   31.810  1.0000E+00
   31.820  1.0000E+00
   31.830  1.0000E+00
   31.840  1.0000E+00
   31.850  1.0000E+00
   31.860  1.0000E+00
   31.870  1.0000E+00
   31.880  1.0000E+00
   31.890  1.0000E+00
   31.900  1.0000E+00
   31.910  1.0000E+00
   31.920  1.0000E+00
   31.930  1.0000E+00
   31.940  1.0000E+00
   31.950  1.0000E+00
   31.960  1.0000E+00
   31.970  1.0000E+00
   31.980  1.0000E+00
   31.990  1.0000E+00
   32.000  1.0000E+00
   32.010  1.0000E+00
   32.020  1.0000E+00
   32.030  1.0000E+00
   32.040  1.0000E+00
   32.050  1.0000E+00
   32.060  1.0000E+00
   32.070  1.0000E+00
   32.080  1.0000E+00
   32.090  1.0000E+00
   32.100  1.0000E+00
   32.110  1.0000E+00
   32.120  1.0000E+00
   32.130  1.0000E+00
   32.140  1.0000E+00
   32.150  1.0000E+00
   32.160  1.0000E+00
   32.170  1.0000E+00
   32.180  1.0000E+00
   32.190  1.0000E+00
   32.200  1.0000E+00
   32.210  1.0000E+00
   32.220  1.0000E+00
   32.230  1.0000E+00
   32.240  1.0000E+00
   32.250  1.0000E+00
   32.260  1.0000E+00
   32.270  1.0000E+00
   32.280  1.0000E+00
   32.290  1.0000E+00
   32.300  1.0000E+00
   32.310  1.0000E+00
   32.320  1.0000E+00
   32.330  1.0000E+00
   32.340  1.0000E+00
   32.350  1.0000E+00
   32.360  1.0000E+00
   32.370  1.0000E+00
   32.380  1.0000E+00
   32.390  1.0000E+00
   32.400  1.0000E+00
   32.410  1.0000E+00
   32.420  1.0000E+00
   32.430  1.0000E+00
   32.440  1.0000E+00
   32.450  1.0000E+00
   32.460  1.0000E+00
   32.470  1.0000E+00
   32.480  1.0000E+00
   32.490  1.0000E+00
   32.500  1.0000E+00
   32.510  1.0000E+00
   32.520  1.0000E+00
   32.530  1.0000E+00
   32.540  1.0000E+00
   32.550  1.0000E+00
   32.560  1.0000E+00
   32.570  1.0000E+00
   32.580  1.0000E+00
   32.590  1.0000E+00
   32.600  1.0000E+00
   32.610  1.0000E+00
   32.620  1.0000E+00
   32.630  1.0000E+00
   32.640  1.0000E+00
   32.650  1.0000E+00
   32.660  1.0000E+00
   32.670  1.0000E+00
   32.680  1.0000E+00
   32.690  1.0000E+00
   32.700  1.0000E+00
   32.710  1.0000E+00
   32.720  1.0000E+00
   32.730  1.0000E+00
   32.740  1.0000E+00
   32.750  1.0000E+00
   32.760  1.0000E+00
   32.770  1.0000E+00
   32.780  1.0000E+00
   32.790  1.0000E+00
   32.800  1.0000E+00
   32.810  1.0000E+00
   32.820  1.0000E+00
   32.830  1.0000E+00
   32.840  1.0000E+00
   32.850  1.0000E+00
   32.860  1.0000E+00
   32.870  1.0000E+00
   32.880  1.0000E+00
   32.890  1.0000E+00
   32.900  1.0000E+00
   32.910  1.0000E+00
   32.920  1.0000E+00
   32.930  1.0000E+00
   32.940  1.0000E+00
   32.950  1.0000E+00
   32.960  1.0000E+00
   32.970  1.0000E+00
   32.980  1.0000E+00
   32.990  1.0000E+00
   33.000  1.0000E+00
   33.010  1.0000E+00
   33.020  1.0000E+00
   33.030  1.0000E+00
   33.040  1.0000E+00
   33.050  1.0000E+00
   33.060  1.0000E+00
   33.070  1.0000E+00
   33.080  1.0000E+00
   33.090  1.0000E+00
   33.100  1.0000E+00
   33.110  1.0000E+00
   33.120  1.0000E+00
   33.130  1.0000E+00
   33.140  1.0000E+00
   33.150  1.0000E+00
   33.160  1.0000E+00
   33.170  1.0000E+00
   33.180  1.0000E+00
   33.190  1.0000E+00
   33.200  1.0000E+00
   33.210  1.0000E+00
   33.220  1.0000E+00
   33.230  1.0000E+00
   33.240  1.0000E+00
   33.250  1.0000E+00
   33.260  1.0000E+00
   33.270  1.0000E+00
   33.280  1.0000E+00
   33.290  1.0000E+00
   33.300  1.0000E+00
   33.310  1.0000E+00
   33.320  1.0000E+00
   33.330  1.0000E+00
   33.340  1.0000E+00
   33.350  1.0000E+00
   33.360  1.0000E+00
   33.370  1.0000E+00
   33.380  1.0000E+00
   33.390  1.0000E+00
   33.400  1.0000E+00
   33.410  1.0000E+00
   33.420  1.0000E+00
   33.430  1.0000E+00
   33.440  1.0000E+00
   33.450  1.0000E+00
   33.460  1.0000E+00
   33.470  1.0000E+00
   33.480  1.0000E+00
   33.490  1.0000E+00
   33.500  1.0000E+00
   33.510  1.0000E+00
   33.520  1.0000E+00
   33.530  1.0000E+00
   33.540  1.0000E+00
   33.550  1.0000E+00
   33.560  1.0000E+00
   33.570  1.0000E+00
   33.580  1.0000E+00
   33.590  1.0000E+00
   33.600  1.0000E+00
   33.610  1.0000E+00
   33.620  1.0000E+00
   33.630  1.0000E+00
   33.640  1.0000E+00
   33.650  1.0000E+00
   33.660  1.0000E+00
   33.670  1.0000E+00
   33.680  1.0000E+00
   33.690  1.0000E+00
   33.700  1.0000E+00
   33.710  1.0000E+00
   33.720  1.0000E+00
   33.730  1.0000E+00
   33.740  1.0000E+00
   33.750  1.0000E+00
   33.760  1.0000E+00
   33.770  1.0000E+00
   33.780  1.0000E+00
   33.790  1.0000E+00
   33.800  1.0000E+00
   33.810  1.0000E+00
   33.820  1.0000E+00
   33.830  1.0000E+00
   33.840  1.0000E+00
   33.850  1.0000E+00
   33.860  1.0000E+00
   33.870  1.0000E+00
   33.880  1.0000E+00
   33.890  1.0000E+00
   33.900  1.0000E+00
   33.910  1.0000E+00
   33.920  1.0000E+00
   33.930  1.0000E+00
   33.940  1.0000E+00
   33.950  1.0000E+00
   33.960  1.0000E+00
   33.970  1.0000E+00
   33.980  1.0000E+00
   33.990  1.0000E+00
   34.000  1.0000E+00
   34.010  1.0000E+00
   34.020  1.0000E+00
   34.030  1.0000E+00
   34.040  1.0000E+00
   34.050  1.0000E+00
   34.060  1.0000E+00
   34.070  1.0000E+00
   34.080  1.0000E+00
   34.090  1.0000E+00
   34.100  1.0000E+00
   34.110  1.0000E+00
   34.120  1.0000E+00
   34.130  1.0000E+00
   34.140  1.0000E+00
   34.150  1.0000E+00
   34.160  1.0000E+00
   34.170  1.0000E+00
   34.180  1.0000E+00
   34.190  1.0000E+00
   34.200  1.0000E+00
   34.210  1.0000E+00
   34.220  1.0000E+00
   34.230  1.0000E+00
   34.240  1.0000E+00
   34.250  1.0000E+00
   34.260  1.0000E+00
   34.270  1.0000E+00
   34.280  1.0000E+00
   34.290  1.0000E+00
   34.300  1.0000E+00
   34.310  1.0000E+00
   34.320  1.0000E+00
   34.330  1.0000E+00
   34.340  1.0000E+00
   34.350  1.0000E+00
   34.360  1.0000E+00
   34.370  1.0000E+00
   34.380  1.0000E+00
   34.390  1.0000E+00
   34.400  1.0000E+00
   34.410  1.0000E+00
   34.420  1.0000E+00
   34.430  1.0000E+00
   34.440  1.0000E+00
   34.450  1.0000E+00
   34.460  1.0000E+00
   34.470  1.0000E+00
   34.480  1.0000E+00
   34.490  1.0000E+00
   34.500  1.0000E+00
   34.510  1.0000E+00
   34.520  1.0000E+00
   34.530  1.0000E+00
   34.540  1.0000E+00
   34.550  1.0000E+00
   34.560  1.0000E+00
   34.570  1.0000E+00
   34.580  1.0000E+00
   34.590  1.0000E+00
   34.600  1.0000E+00
   34.610  1.0000E+00
   34.620  1.0000E+00
   34.630  1.0000E+00
   34.640  1.0000E+00
   34.650  1.0000E+00
   34.660  1.0000E+00
   34.670  1.0000E+00
   34.680  1.0000E+00
   34.690  1.0000E+00
   34.700  1.0000E+00
   34.710  1.0000E+00
   34.720  1.0000E+00
   34.730  1.0000E+00
   34.740  1.0000E+00
   34.750  1.0000E+00
   34.760  1.0000E+00
   34.770  1.0000E+00
   34.780  1.0000E+00
   34.790  1.0000E+00
   34.800  1.0000E+00
   34.810  1.0000E+00
   34.820  1.0000E+00
   34.830  1.0000E+00
   34.840  1.0000E+00
   34.850  1.0000E+00
   34.860  1.0000E+00
   34.870  1.0000E+00
   34.880  1.0000E+00
   34.890  1.0000E+00
   34.900  1.0000E+00
   34.910  1.0000E+00
   34.920  1.0000E+00
   34.930  1.0000E+00
   34.940  1.0000E+00
   34.950  1.0000E+00
   34.960  1.0000E+00
   34.970  1.0000E+00
   34.980  1.0000E+00
   34.990  1.0000E+00
   35.000  1.0000E+00
   35.010  1.0000E+00
   35.020  1.0000E+00
   35.030  1.0000E+00
   35.040  1.0000E+00
   35.050  1.0000E+00
   35.060  1.0000E+00
   35.070  1.0000E+00
   35.080  1.0000E+00
   35.090  1.0000E+00
   35.100  1.0000E+00
   35.110  1.0000E+00
   35.120  1.0000E+00
   35.130  1.0000E+00
   35.140  1.0000E+00
   35.150  1.0000E+00
   35.160  1.0000E+00
   35.170  1.0000E+00
   35.180  1.0000E+00
   35.190  1.0000E+00
   35.200  1.0000E+00
   35.210  1.0000E+00
   35.220  1.0000E+00
   35.230  1.0000E+00
   35.240  1.0000E+00
   35.250  1.0000E+00
   35.260  1.0000E+00
   35.270  1.0000E+00
   35.280  1.0000E+00
   35.290  1.0000E+00
   35.300  1.0000E+00
   35.310  1.0000E+00
   35.320  1.0000E+00
   35.330  1.0000E+00
   35.340  1.0000E+00
   35.350  1.0000E+00
   35.360  1.0000E+00
   35.370  1.0000E+00
   35.380  1.0000E+00
   35.390  1.0000E+00
   35.400  1.0000E+00
   35.410  1.0000E+00
   35.420  1.0000E+00
   35.430  1.0000E+00
   35.440  1.0000E+00
   35.450  1.0000E+00
   35.460  1.0000E+00
   35.470  1.0000E+00
   35.480  1.0000E+00
   35.490  1.0000E+00
   35.500  1.0000E+00
   35.510  1.0000E+00
   35.520  1.0000E+00
   35.530  1.0000E+00
   35.540  1.0000E+00
   35.550  1.0000E+00
   35.560  1.0000E+00
   35.570  1.0000E+00
   35.580  1.0000E+00
   35.590  1.0000E+00
   35.600  1.0000E+00
   35.610  1.0000E+00
   35.620  1.0000E+00
   35.630  1.0000E+00
   35.640  1.0000E+00
   35.650  1.0000E+00
   35.660  1.0000E+00
   35.670  1.0000E+00
   35.680  1.0000E+00
   35.690  1.0000E+00
   35.700  1.0000E+00
   35.710  1.0000E+00
   35.720  1.0000E+00
   35.730  1.0000E+00
   35.740  1.0000E+00
   35.750  1.0000E+00
   35.760  1.0000E+00
   35.770  1.0000E+00
   35.780  1.0000E+00
   35.790  1.0000E+00
   35.800  1.0000E+00
   35.810  1.0000E+00
   35.820  1.0000E+00
   35.830  1.0000E+00
   35.840  1.0000E+00
   35.850  1.0000E+00
   35.860  1.0000E+00
   35.870  1.0000E+00
   35.880  1.0000E+00
   35.890  1.0000E+00
   35.900  1.0000E+00
   35.910  1.0000E+00
   35.920  1.0000E+00
   35.930  1.0000E+00
   35.940  1.0000E+00
   35.950  1.0000E+00
   35.960  1.0000E+00
   35.970  1.0000E+00
   35.980  1.0000E+00
   35.990  1.0000E+00
   36.000  1.0000E+00
   36.010  1.0000E+00
   36.020  1.0000E+00
   36.030  1.0000E+00
   36.040  1.0000E+00
   36.050  1.0000E+00
   36.060  1.0000E+00
   36.070  1.0000E+00
   36.080  1.0000E+00
   36.090  1.0000E+00
   36.100  1.0000E+00
   36.110  1.0000E+00
   36.120  1.0000E+00
   36.130  1.0000E+00
   36.140  1.0000E+00
   36.150  1.0000E+00
   36.160  1.0000E+00
   36.170  1.0000E+00
   36.180  1.0000E+00
   36.190  1.0000E+00
   36.200  1.0000E+00
   36.210  1.0000E+00
   36.220  1.0000E+00
   36.230  1.0000E+00
   36.240  1.0000E+00
   36.250  1.0000E+00
   36.260  1.0000E+00
   36.270  1.0000E+00
   36.280  1.0000E+00
   36.290  1.0000E+00
   36.300  1.0000E+00
   36.310  1.0000E+00
   36.320  1.0000E+00
   36.330  1.0000E+00
   36.340  1.0000E+00
   36.350  1.0000E+00
   36.360  1.0000E+00
   36.370  1.0000E+00
   36.380  1.0000E+00
   36.390  1.0000E+00
   36.400  1.0000E+00
   36.410  1.0000E+00
   36.420  1.0000E+00
   36.430  1.0000E+00
   36.440  1.0000E+00
   36.450  1.0000E+00
   36.460  1.0000E+00
   36.470  1.0000E+00
   36.480  1.0000E+00
   36.490  1.0000E+00
   36.500  1.0000E+00
   36.510  1.0000E+00
   36.520  1.0000E+00
   36.530  1.0000E+00
   36.540  1.0000E+00
   36.550  1.0000E+00
   36.560  1.0000E+00
   36.570  1.0000E+00
   36.580  1.0000E+00
   36.590  1.0000E+00
   36.600  1.0000E+00
   36.610  1.0000E+00
   36.620  1.0000E+00
   36.630  1.0000E+00
   36.640  1.0000E+00
   36.650  1.0000E+00
   36.660  1.0000E+00
   36.670  1.0000E+00
   36.680  1.0000E+00
   36.690  1.0000E+00
   36.700  1.0000E+00
   36.710  1.0000E+00
   36.720  1.0000E+00
   36.730  1.0000E+00
   36.740  1.0000E+00
   36.750  1.0000E+00
   36.760  1.0000E+00
   36.770  1.0000E+00
   36.780  1.0000E+00
   36.790  1.0000E+00
   36.800  1.0000E+00
   36.810  1.0000E+00
   36.820  1.0000E+00
   36.830  1.0000E+00
   36.840  1.0000E+00
   36.850  1.0000E+00
   36.860  1.0000E+00
   36.870  1.0000E+00
   36.880  1.0000E+00
   36.890  1.0000E+00
   36.900  1.0000E+00
   36.910  1.0000E+00
   36.920  1.0000E+00
   36.930  1.0000E+00
   36.940  1.0000E+00
   36.950  1.0000E+00
   36.960  1.0000E+00
   36.970  1.0000E+00
   36.980  1.0000E+00
   36.990  1.0000E+00
   37.000  1.0000E+00
   37.010  1.0000E+00
   37.020  1.0000E+00
   37.030  1.0000E+00
   37.040  1.0000E+00
   37.050  1.0000E+00
   37.060  1.0000E+00
   37.070  1.0000E+00
   37.080  1.0000E+00
   37.090  1.0000E+00
   37.100  1.0000E+00
   37.110  1.0000E+00
   37.120  1.0000E+00
   37.130  1.0000E+00
   37.140  1.0000E+00
   37.150  1.0000E+00
   37.160  1.0000E+00
   37.170  1.0000E+00
   37.180  1.0000E+00
   37.190  1.0000E+00
   37.200  1.0000E+00
   37.210  1.0000E+00
   37.220  1.0000E+00
   37.230  1.0000E+00
   37.240  1.0000E+00
   37.250  1.0000E+00
   37.260  1.0000E+00
   37.270  1.0000E+00
   37.280  1.0000E+00
   37.290  1.0000E+00
   37.300  1.0000E+00
   37.310  1.0000E+00
   37.320  1.0000E+00
   37.330  1.0000E+00
   37.340  1.0000E+00
   37.350  1.0000E+00
   37.360  1.0000E+00
   37.370  1.0000E+00
   37.380  1.0000E+00
   37.390  1.0000E+00
   37.400  1.0000E+00
   37.410  1.0000E+00
   37.420  1.0000E+00
   37.430  1.0000E+00
   37.440  1.0000E+00
   37.450  1.0000E+00
   37.460  1.0000E+00
   37.470  1.0000E+00
   37.480  1.0000E+00
   37.490  1.0000E+00
   37.500  1.0000E+00
   37.510  1.0000E+00
   37.520  1.0000E+00
   37.530  1.0000E+00
   37.540  1.0000E+00
   37.550  1.0000E+00
   37.560  1.0000E+00
   37.570  1.0000E+00
   37.580  1.0000E+00
   37.590  1.0000E+00
   37.600  1.0000E+00
   37.610  1.0000E+00
   37.620  1.0000E+00
   37.630  1.0000E+00
   37.640  1.0000E+00
   37.650  1.0000E+00
   37.660  1.0000E+00
   37.670  1.0000E+00
   37.680  1.0000E+00
   37.690  1.0000E+00
   37.700  1.0000E+00
   37.710  1.0000E+00
   37.720  1.0000E+00
   37.730  1.0000E+00
   37.740  1.0000E+00
   37.750  1.0000E+00
   37.760  1.0000E+00
   37.770  1.0000E+00
   37.780  1.0000E+00
   37.790  1.0000E+00
   37.800  1.0000E+00
   37.810  1.0000E+00
   37.820  1.0000E+00
   37.830  1.0000E+00
   37.840  1.0000E+00
   37.850  1.0000E+00
   37.860  1.0000E+00
   37.870  1.0000E+00
   37.880  1.0000E+00
   37.890  1.0000E+00
   37.900  1.0000E+00
   37.910  1.0000E+00
   37.920  1.0000E+00
   37.930  1.0000E+00
   37.940  1.0000E+00
   37.950  1.0000E+00
   37.960  1.0000E+00
   37.970  1.0000E+00
   37.980  1.0000E+00
   37.990  1.0000E+00
   38.000  1.0000E+00
   38.010  1.0000E+00
   38.020  1.0000E+00
   38.030  1.0000E+00
   38.040  1.0000E+00
   38.050  1.0000E+00
   38.060  1.0000E+00
   38.070  1.0000E+00
   38.080  1.0000E+00
   38.090  1.0000E+00
   38.100  1.0000E+00
   38.110  1.0000E+00
   38.120  1.0000E+00
   38.130  1.0000E+00
   38.140  1.0000E+00
   38.150  1.0000E+00
   38.160  1.0000E+00
   38.170  1.0000E+00
   38.180  1.0000E+00
   38.190  1.0000E+00
   38.200  1.0000E+00
   38.210  1.0000E+00
   38.220  1.0000E+00
   38.230  1.0000E+00
   38.240  1.0000E+00
   38.250  1.0000E+00
   38.260  1.0000E+00
   38.270  1.0000E+00
   38.280  1.0000E+00
   38.290  1.0000E+00
   38.300  1.0000E+00
   38.310  1.0000E+00
   38.320  1.0000E+00
   38.330  1.0000E+00
   38.340  1.0000E+00
   38.350  1.0000E+00
   38.360  1.0000E+00
   38.370  1.0000E+00
   38.380  1.0000E+00
   38.390  1.0000E+00
   38.400  1.0000E+00
   38.410  1.0000E+00
   38.420  1.0000E+00
   38.430  1.0000E+00
   38.440  1.0000E+00
   38.450  1.0000E+00
   38.460  1.0000E+00
   38.470  1.0000E+00
   38.480  1.0000E+00
   38.490  1.0000E+00
   38.500  1.0000E+00
   38.510  1.0000E+00
   38.520  1.0000E+00
   38.530  1.0000E+00
   38.540  1.0000E+00
   38.550  1.0000E+00
   38.560  1.0000E+00
   38.570  1.0000E+00
   38.580  1.0000E+00
   38.590  1.0000E+00
   38.600  1.0000E+00
   38.610  1.0000E+00
   38.620  1.0000E+00
   38.630  1.0000E+00
   38.640  1.0000E+00
   38.650  1.0000E+00
   38.660  1.0000E+00
   38.670  1.0000E+00
   38.680  1.0000E+00
   38.690  1.0000E+00
   38.700  1.0000E+00
   38.710  1.0000E+00
   38.720  1.0000E+00
   38.730  1.0000E+00
   38.740  1.0000E+00
   38.750  1.0000E+00
   38.760  1.0000E+00
   38.770  1.0000E+00
   38.780  1.0000E+00
   38.790  1.0000E+00
   38.800  1.0000E+00
   38.810  1.0000E+00
   38.820  1.0000E+00
   38.830  1.0000E+00
   38.840  1.0000E+00
   38.850  1.0000E+00
   38.860  1.0000E+00
   38.870  1.0000E+00
   38.880  1.0000E+00
   38.890  1.0000E+00
   38.900  1.0000E+00
   38.910  1.0000E+00
   38.920  1.0000E+00
   38.930  1.0000E+00
   38.940  1.0000E+00
   38.950  1.0000E+00
   38.960  1.0000E+00
   38.970  1.0000E+00
   38.980  1.0000E+00
   38.990  1.0000E+00
   39.000  1.0000E+00
   39.010  1.0000E+00
   39.020  1.0000E+00
   39.030  1.0000E+00
   39.040  1.0000E+00
   39.050  1.0000E+00
   39.060  1.0000E+00
   39.070  1.0000E+00
   39.080  1.0000E+00
   39.090  1.0000E+00
   39.100  1.0000E+00
   39.110  1.0000E+00
   39.120  1.0000E+00
   39.130  1.0000E+00
   39.140  1.0000E+00
   39.150  1.0000E+00
   39.160  1.0000E+00
   39.170  1.0000E+00
   39.180  1.0000E+00
   39.190  1.0000E+00
   39.200  1.0000E+00
   39.210  1.0000E+00
   39.220  1.0000E+00
   39.230  1.0000E+00
   39.240  1.0000E+00
   39.250  1.0000E+00
   39.260  1.0000E+00
   39.270  1.0000E+00
   39.280  1.0000E+00
   39.290  1.0000E+00
   39.300  1.0000E+00
   39.310  1.0000E+00
   39.320  1.0000E+00
   39.330  1.0000E+00
   39.340  1.0000E+00
   39.350  1.0000E+00
   39.360  1.0000E+00
   39.370  1.0000E+00
   39.380  1.0000E+00
   39.390  1.0000E+00
   39.400  1.0000E+00
   39.410  1.0000E+00
   39.420  1.0000E+00
   39.430  1.0000E+00
   39.440  1.0000E+00
   39.450  1.0000E+00
   39.460  1.0000E+00
   39.470  1.0000E+00
   39.480  1.0000E+00
   39.490  1.0000E+00
   39.500  1.0000E+00
   39.510  1.0000E+00
   39.520  1.0000E+00
   39.530  1.0000E+00
   39.540  1.0000E+00
   39.550  1.0000E+00
   39.560  1.0000E+00
   39.570  1.0000E+00
   39.580  1.0000E+00
   39.590  1.0000E+00
   39.600  1.0000E+00
   39.610  1.0000E+00
   39.620  1.0000E+00
   39.630  1.0000E+00
   39.640  1.0000E+00
   39.650  1.0000E+00
   39.660  1.0000E+00
   39.670  1.0000E+00
   39.680  1.0000E+00
   39.690  1.0000E+00
   39.700  1.0000E+00
   39.710  1.0000E+00
   39.720  1.0000E+00
   39.730  1.0000E+00
   39.740  1.0000E+00
   39.750  1.0000E+00
   39.760  1.0000E+00
   39.770  1.0000E+00
   39.780  1.0000E+00
   39.790  1.0000E+00
   39.800  1.0000E+00
   39.810  1.0000E+00
   39.820  1.0000E+00
   39.830  1.0000E+00
   39.840  1.0000E+00
   39.850  1.0000E+00
   39.860  1.0000E+00
   39.870  1.0000E+00
   39.880  1.0000E+00
   39.890  1.0000E+00
   39.900  1.0000E+00
   39.910  1.0000E+00
   39.920  1.0000E+00
   39.930  1.0000E+00
   39.940  1.0000E+00
   39.950  1.0000E+00
   39.960  1.0000E+00
   39.970  1.0000E+00
   39.980  1.0000E+00
   39.990  1.0000E+00
   40.000  1.0000E+00
   40.010  1.0000E+00
   40.020  1.0000E+00
   40.030  1.0000E+00
   40.040  1.0000E+00
   40.050  1.0000E+00
   40.060  1.0000E+00
   40.070  1.0000E+00
   40.080  1.0000E+00
   40.090  1.0000E+00
   40.100  1.0000E+00
   40.110  1.0000E+00
   40.120  1.0000E+00
   40.130  1.0000E+00
   40.140  1.0000E+00
   40.150  1.0000E+00
   40.160  1.0000E+00
   40.170  1.0000E+00
   40.180  1.0000E+00
   40.190  1.0000E+00
   40.200  1.0000E+00
   40.210  1.0000E+00
   40.220  1.0000E+00
   40.230  1.0000E+00
   40.240  1.0000E+00
   40.250  1.0000E+00
   40.260  1.0000E+00
   40.270  1.0000E+00
   40.280  1.0000E+00
   40.290  1.0000E+00
   40.300  1.0000E+00
   40.310  1.0000E+00
   40.320  1.0000E+00
   40.330  1.0000E+00
   40.340  1.0000E+00
   40.350  1.0000E+00
   40.360  1.0000E+00
   40.370  1.0000E+00
   40.380  1.0000E+00
   40.390  1.0000E+00
   40.400  1.0000E+00
   40.410  1.0000E+00
   40.420  1.0000E+00
   40.430  1.0000E+00
   40.440  1.0000E+00
   40.450  1.0000E+00
   40.460  1.0000E+00
   40.470  1.0000E+00
   40.480  1.0000E+00
   40.490  1.0000E+00
   40.500  1.0000E+00
   40.510  1.0000E+00
   40.520  1.0000E+00
   40.530  1.0000E+00
   40.540  1.0000E+00
   40.550  1.0000E+00
   40.560  1.0000E+00
   40.570  1.0000E+00
   40.580  1.0000E+00
   40.590  1.0000E+00
   40.600  1.0000E+00
   40.610  1.0000E+00
   40.620  1.0000E+00
   40.630  1.0000E+00
   40.640  1.0000E+00
   40.650  1.0000E+00
   40.660  1.0000E+00
   40.670  1.0000E+00
   40.680  1.0000E+00
   40.690  1.0000E+00
   40.700  1.0000E+00
   40.710  1.0000E+00
   40.720  1.0000E+00
   40.730  1.0000E+00
   40.740  1.0000E+00
   40.750  1.0000E+00
   40.760  1.0000E+00
   40.770  1.0000E+00
   40.780  1.0000E+00
   40.790  1.0000E+00
   40.800  1.0000E+00
   40.810  1.0000E+00
   40.820  1.0000E+00
   40.830  1.0000E+00
   40.840  1.0000E+00
   40.850  1.0000E+00
   40.860  1.0000E+00
   40.870  1.0000E+00
   40.880  1.0000E+00
   40.890  1.0000E+00
   40.900  1.0000E+00
   40.910  1.0000E+00
   40.920  1.0000E+00
   40.930  1.0000E+00
   40.940  1.0000E+00
   40.950  1.0000E+00
