  isite ihyp  i0  j0   i   j nsubs Diff_T_arrive NoOfEffectiveSubfaults NumberOfActiveSubs     f0main 1stElmntF0         f0        hij iflagscalefactor   1/f0main    1/1stF0       1/f0 riset_orig    dur_sub subFaultM0  Tot/subM0
      1    1  15   8   1   1   264     1.851E+00                      5                 60  2.903E-01  1.862E+00  4.757E-01  6.320E+00                2  3.445E+00  5.370E-01  2.102E+00  1.844E-01  6.006E+02  0.000E+00  Infinity 
      1    1  15   8   1   2   264     1.820E+00                      5                 60  2.903E-01  1.862E+00  4.757E-01  6.320E+00                2  3.445E+00  5.370E-01  2.102E+00  1.844E-01  6.006E+02  0.000E+00  Infinity 
      1    1  15   8   1   3   264     1.806E+00                      5                 60  2.903E-01  1.862E+00  4.757E-01  6.320E+00                2  3.445E+00  5.370E-01  2.102E+00  1.844E-01  6.007E+02  0.000E+00  Infinity 
      1    1  15   8   1   4   264     1.813E+00                      5                 60  2.903E-01  1.862E+00  4.757E-01  6.320E+00                2  3.445E+00  5.370E-01  2.102E+00  1.844E-01  6.007E+02  0.000E+00  Infinity 
      1    1  15   8   1   5   264     1.839E+00                      5                 60  2.903E-01  1.862E+00  4.757E-01  6.320E+00                2  3.445E+00  5.370E-01  2.102E+00  1.844E-01  6.007E+02  0.000E+00  Infinity 
      1    1  15   8   1   6   264     1.888E+00                      5                 60  2.903E-01  1.862E+00  4.757E-01  6.320E+00                2  3.445E+00  5.370E-01  2.102E+00  1.844E-01  6.008E+02  0.000E+00  Infinity 
      1    1  15   8   1   7   264     1.959E+00                      5                 60  2.903E-01  1.862E+00  4.757E-01  6.320E+00                2  3.445E+00  5.370E-01  2.102E+00  1.844E-01  6.008E+02  0.000E+00  Infinity 
      1    1  15   8   1   8   264     2.054E+00                      5                 60  2.903E-01  1.862E+00  4.757E-01  6.320E+00                2  3.445E+00  5.370E-01  2.102E+00  1.844E-01  6.009E+02  0.000E+00  Infinity 
      1    1  15   8   1   9   264     2.172E+00                      5                 60  2.903E-01  1.862E+00  4.757E-01  6.320E+00                2  3.445E+00  5.370E-01  2.102E+00  1.844E-01  6.009E+02  0.000E+00  Infinity 
      1    1  15   8   1  10   264     2.313E+00                      5                 60  2.903E-01  1.862E+00  4.757E-01  6.320E+00                2  3.445E+00  5.370E-01  2.102E+00  1.844E-01  6.009E+02  0.000E+00  Infinity 
      1    1  15   8   1  11   264     2.477E+00                      5                 60  2.903E-01  1.862E+00  4.757E-01  6.320E+00                2  3.445E+00  5.370E-01  2.102E+00  1.844E-01  6.010E+02  0.000E+00  Infinity 
      1    1  15   8   1  12   264     2.662E+00                      5                 60  2.903E-01  1.862E+00  4.757E-01  6.320E+00                2  3.445E+00  5.370E-01  2.102E+00  1.844E-01  6.010E+02  0.000E+00  Infinity 
      1    1  15   8   2   1   264     1.741E+00                      5                 60  2.903E-01  1.862E+00  4.757E-01  6.320E+00                2  3.445E+00  5.370E-01  2.102E+00  1.844E-01  6.006E+02  0.000E+00  Infinity 
      1    1  15   8   2   2   264     1.701E+00                      5                 60  2.903E-01  1.862E+00  4.757E-01  6.320E+00                2  3.445E+00  5.370E-01  2.102E+00  1.844E-01  6.007E+02  0.000E+00  Infinity 
      1    1  15   8   2   3   264     1.680E+00                      5                 60  2.903E-01  1.862E+00  4.757E-01  6.320E+00                2  3.445E+00  5.370E-01  2.102E+00  1.844E-01  6.007E+02  0.000E+00  Infinity 
      1    1  15   8   2   4   264     1.679E+00                      5                 60  2.903E-01  1.862E+00  4.757E-01  6.320E+00                2  3.445E+00  5.370E-01  2.102E+00  1.844E-01  6.008E+02  0.000E+00  Infinity 
      1    1  15   8   2   5   264     1.700E+00                      5                 60  2.903E-01  1.862E+00  4.757E-01  6.320E+00                2  3.445E+00  5.370E-01  2.102E+00  1.844E-01  6.008E+02  0.000E+00  Infinity 
      1    1  15   8   2   6   264     1.745E+00                      5                 60  2.903E-01  1.862E+00  4.757E-01  6.320E+00                2  3.445E+00  5.370E-01  2.102E+00  1.844E-01  6.008E+02  0.000E+00  Infinity 
      1    1  15   8   2   7   264     1.813E+00                      5                 60  2.903E-01  1.862E+00  4.757E-01  6.320E+00                2  3.445E+00  5.370E-01  2.102E+00  1.844E-01  6.009E+02  0.000E+00  Infinity 
      1    1  15   8   2   8   264     1.907E+00                      5                 60  2.903E-01  1.862E+00  4.757E-01  6.320E+00                2  3.445E+00  5.370E-01  2.102E+00  1.844E-01  6.009E+02  0.000E+00  Infinity 
      1    1  15   8   2   9   264     2.026E+00                      5                 60  2.903E-01  1.862E+00  4.757E-01  6.320E+00                2  3.445E+00  5.370E-01  2.102E+00  1.844E-01  6.010E+02  0.000E+00  Infinity 
      1    1  15   8   2  10   264     2.170E+00                      5                 60  2.903E-01  1.862E+00  4.757E-01  6.320E+00                2  3.445E+00  5.370E-01  2.102E+00  1.844E-01  6.010E+02  0.000E+00  Infinity 
      1    1  15   8   2  11   264     2.338E+00                      5                 60  2.903E-01  1.862E+00  4.757E-01  6.320E+00                2  3.445E+00  5.370E-01  2.102E+00  1.844E-01  6.010E+02  0.000E+00  Infinity 
      1    1  15   8   2  12   264     2.529E+00                      5                 60  2.903E-01  1.862E+00  4.757E-01  6.320E+00                2  3.445E+00  5.370E-01  2.102E+00  1.844E-01  6.011E+02  0.000E+00  Infinity 
      1    1  15   8   3   1   264     1.636E+00                      5                 60  2.903E-01  1.862E+00  4.757E-01  6.320E+00                2  3.445E+00  5.370E-01  2.102E+00  1.844E-01  6.007E+02  0.000E+00  Infinity 
      1    1  15   8   3   2   264     1.587E+00                      5                 60  2.903E-01  1.862E+00  4.757E-01  6.320E+00                2  3.445E+00  5.370E-01  2.102E+00  1.844E-01  6.008E+02  3.201E+21  3.505E+03
      1    1  15   8   3   3   264     1.557E+00                      5                 60  2.903E-01  1.862E+00  4.757E-01  6.320E+00                2  3.445E+00  5.370E-01  2.102E+00  1.844E-01  6.008E+02  0.000E+00  Infinity 
      1    1  15   8   3   4   264     1.548E+00                      5                 60  2.903E-01  1.862E+00  4.757E-01  6.320E+00                2  3.445E+00  5.370E-01  2.102E+00  1.844E-01  6.008E+02  0.000E+00  Infinity 
      1    1  15   8   3   5   264     1.562E+00                      5                 60  2.903E-01  1.862E+00  4.757E-01  6.320E+00                2  3.445E+00  5.370E-01  2.102E+00  1.844E-01  6.009E+02  0.000E+00  Infinity 
      1    1  15   8   3   6   264     1.602E+00                      5                 60  2.903E-01  1.862E+00  4.757E-01  6.320E+00                2  3.445E+00  5.370E-01  2.102E+00  1.844E-01  6.009E+02  0.000E+00  Infinity 
      1    1  15   8   3   7   264     1.668E+00                      5                 60  2.903E-01  1.862E+00  4.757E-01  6.320E+00                2  3.445E+00  5.370E-01  2.102E+00  1.844E-01  6.009E+02  0.000E+00  Infinity 
      1    1  15   8   3   8   264     1.760E+00                      5                 60  2.903E-01  1.862E+00  4.757E-01  6.320E+00                2  3.445E+00  5.370E-01  2.102E+00  1.844E-01  6.010E+02  0.000E+00  Infinity 
      1    1  15   8   3   9   264     1.880E+00                      5                 60  2.903E-01  1.862E+00  4.757E-01  6.320E+00                2  3.445E+00  5.370E-01  2.102E+00  1.844E-01  6.010E+02  0.000E+00  Infinity 
      1    1  15   8   3  10   264     2.027E+00                      5                 60  2.903E-01  1.862E+00  4.757E-01  6.320E+00                2  3.445E+00  5.370E-01  2.102E+00  1.844E-01  6.011E+02  0.000E+00  Infinity 
      1    1  15   8   3  11   264     2.200E+00                      5                 60  2.903E-01  1.862E+00  4.757E-01  6.320E+00                2  3.445E+00  5.370E-01  2.102E+00  1.844E-01  6.011E+02  0.000E+00  Infinity 
      1    1  15   8   3  12   264     2.398E+00                      5                 60  2.903E-01  1.862E+00  4.757E-01  6.320E+00                2  3.445E+00  5.370E-01  2.102E+00  1.844E-01  6.011E+02  0.000E+00  Infinity 
      1    1  15   8   4   1   264     1.537E+00                      5                 85  2.903E-01  1.862E+00  4.235E-01  7.877E+00                2  3.445E+00  5.370E-01  2.361E+00  1.844E-01  6.010E+02  4.934E+21  2.274E+03
      1    1  15   8   4   2   264     1.477E+00                      5                 85  2.903E-01  1.862E+00  4.235E-01  7.877E+00                2  3.445E+00  5.370E-01  2.361E+00  1.844E-01  6.011E+02  7.392E+21  1.518E+03
      1    1  15   8   4   3   264     1.437E+00                      5                 85  2.903E-01  1.862E+00  4.235E-01  7.877E+00                2  3.445E+00  5.370E-01  2.361E+00  1.844E-01  6.011E+02  2.711E+21  4.139E+03
      1    1  15   8   4   4   264     1.419E+00                      5                 85  2.903E-01  1.862E+00  4.235E-01  7.877E+00                2  3.445E+00  5.370E-01  2.361E+00  1.844E-01  6.012E+02  2.388E+21  4.699E+03
      1    1  15   8   4   5   264     1.426E+00                      5                 85  2.903E-01  1.862E+00  4.235E-01  7.877E+00                2  3.445E+00  5.370E-01  2.361E+00  1.844E-01  6.012E+02  0.000E+00  Infinity 
      1    1  15   8   4   6   264     1.460E+00                      5                 85  2.903E-01  1.862E+00  4.235E-01  7.877E+00                2  3.445E+00  5.370E-01  2.361E+00  1.844E-01  6.012E+02  0.000E+00  Infinity 
      1    1  15   8   4   7   264     1.522E+00                      5                 85  2.903E-01  1.862E+00  4.235E-01  7.877E+00                2  3.445E+00  5.370E-01  2.361E+00  1.844E-01  6.013E+02  0.000E+00  Infinity 
      1    1  15   8   4   8   264     1.613E+00                      5                 85  2.903E-01  1.862E+00  4.235E-01  7.877E+00                2  3.445E+00  5.370E-01  2.361E+00  1.844E-01  6.013E+02  0.000E+00  Infinity 
      1    1  15   8   4   9   264     1.735E+00                      5                 85  2.903E-01  1.862E+00  4.235E-01  7.877E+00                2  3.445E+00  5.370E-01  2.361E+00  1.844E-01  6.013E+02  0.000E+00  Infinity 
      1    1  15   8   4  10   264     1.885E+00                      5                 85  2.903E-01  1.862E+00  4.235E-01  7.877E+00                2  3.445E+00  5.370E-01  2.361E+00  1.844E-01  6.014E+02  0.000E+00  Infinity 
      1    1  15   8   4  11   264     2.064E+00                      5                 85  2.903E-01  1.862E+00  4.235E-01  7.877E+00                2  3.445E+00  5.370E-01  2.361E+00  1.844E-01  6.014E+02  0.000E+00  Infinity 
      1    1  15   8   4  12   264     2.269E+00                      5                 85  2.903E-01  1.862E+00  4.235E-01  7.877E+00                2  3.445E+00  5.370E-01  2.361E+00  1.844E-01  6.015E+02  0.000E+00  Infinity 
      1    1  15   8   5   1   264     1.445E+00                      5                106  2.903E-01  1.862E+00  3.935E-01  9.063E+00                2  3.445E+00  5.370E-01  2.541E+00  1.844E-01  6.013E+02  1.121E+22  1.001E+03
      1    1  15   8   5   2   264     1.373E+00                      5                106  2.903E-01  1.862E+00  3.935E-01  9.063E+00                2  3.445E+00  5.370E-01  2.541E+00  1.844E-01  6.013E+02  9.470E+21  1.185E+03
      1    1  15   8   5   3   264     1.322E+00                      5                106  2.903E-01  1.862E+00  3.935E-01  9.063E+00                2  3.445E+00  5.370E-01  2.541E+00  1.844E-01  6.014E+02  1.529E+22  7.337E+02
      1    1  15   8   5   4   264     1.294E+00                      5                106  2.903E-01  1.862E+00  3.935E-01  9.063E+00                2  3.445E+00  5.370E-01  2.541E+00  1.844E-01  6.014E+02  5.265E+21  2.131E+03
      1    1  15   8   5   5   264     1.292E+00                      5                106  2.903E-01  1.862E+00  3.935E-01  9.063E+00                2  3.445E+00  5.370E-01  2.541E+00  1.844E-01  6.014E+02  2.116E+21  5.302E+03
      1    1  15   8   5   6   264     1.319E+00                      5                106  2.903E-01  1.862E+00  3.935E-01  9.063E+00                2  3.445E+00  5.370E-01  2.541E+00  1.844E-01  6.015E+02  0.000E+00  Infinity 
      1    1  15   8   5   7   264     1.377E+00                      5                106  2.903E-01  1.862E+00  3.935E-01  9.063E+00                2  3.445E+00  5.370E-01  2.541E+00  1.844E-01  6.015E+02  0.000E+00  Infinity 
      1    1  15   8   5   8   264     1.467E+00                      5                106  2.903E-01  1.862E+00  3.935E-01  9.063E+00                2  3.445E+00  5.370E-01  2.541E+00  1.844E-01  6.015E+02  0.000E+00  Infinity 
      1    1  15   8   5   9   264     1.589E+00                      5                106  2.903E-01  1.862E+00  3.935E-01  9.063E+00                2  3.445E+00  5.370E-01  2.541E+00  1.844E-01  6.016E+02  0.000E+00  Infinity 
      1    1  15   8   5  10   264     1.744E+00                      5                106  2.903E-01  1.862E+00  3.935E-01  9.063E+00                2  3.445E+00  5.370E-01  2.541E+00  1.844E-01  6.016E+02  0.000E+00  Infinity 
      1    1  15   8   5  11   264     1.929E+00                      5                106  2.903E-01  1.862E+00  3.935E-01  9.063E+00                2  3.445E+00  5.370E-01  2.541E+00  1.844E-01  6.017E+02  0.000E+00  Infinity 
      1    1  15   8   5  12   264     2.144E+00                      5                106  2.903E-01  1.862E+00  3.935E-01  9.063E+00                2  3.445E+00  5.370E-01  2.541E+00  1.844E-01  6.017E+02  0.000E+00  Infinity 
      1    1  15   8   6   1   264     1.362E+00                      5                123  2.903E-01  1.862E+00  3.744E-01  9.963E+00                2  3.445E+00  5.370E-01  2.671E+00  1.844E-01  6.015E+02  3.818E+22  2.938E+02
      1    1  15   8   6   2   264     1.277E+00                      5                123  2.903E-01  1.862E+00  3.744E-01  9.963E+00                2  3.445E+00  5.370E-01  2.671E+00  1.844E-01  6.015E+02  2.555E+22  4.391E+02
      1    1  15   8   6   3   264     1.213E+00                      5                123  2.903E-01  1.862E+00  3.744E-01  9.963E+00                2  3.445E+00  5.370E-01  2.671E+00  1.844E-01  6.016E+02  2.128E+22  5.274E+02
      1    1  15   8   6   4   264     1.173E+00                      5                123  2.903E-01  1.862E+00  3.744E-01  9.963E+00                2  3.445E+00  5.370E-01  2.671E+00  1.844E-01  6.016E+02  1.617E+22  6.941E+02
      1    1  15   8   6   5   264     1.161E+00                      5                123  2.903E-01  1.862E+00  3.744E-01  9.963E+00                2  3.445E+00  5.370E-01  2.671E+00  1.844E-01  6.016E+02  1.424E+22  7.877E+02
      1    1  15   8   6   6   264     1.179E+00                      5                123  2.903E-01  1.862E+00  3.744E-01  9.963E+00                2  3.445E+00  5.370E-01  2.671E+00  1.844E-01  6.017E+02  7.065E+21  1.588E+03
      1    1  15   8   6   7   264     1.232E+00                      5                123  2.903E-01  1.862E+00  3.744E-01  9.963E+00                2  3.445E+00  5.370E-01  2.671E+00  1.844E-01  6.017E+02  1.484E+21  7.558E+03
      1    1  15   8   6   8   264     1.320E+00                      5                123  2.903E-01  1.862E+00  3.744E-01  9.963E+00                2  3.445E+00  5.370E-01  2.671E+00  1.844E-01  6.017E+02  0.000E+00  Infinity 
      1    1  15   8   6   9   264     1.444E+00                      5                123  2.903E-01  1.862E+00  3.744E-01  9.963E+00                2  3.445E+00  5.370E-01  2.671E+00  1.844E-01  6.018E+02  0.000E+00  Infinity 
      1    1  15   8   6  10   264     1.604E+00                      5                123  2.903E-01  1.862E+00  3.744E-01  9.963E+00                2  3.445E+00  5.370E-01  2.671E+00  1.844E-01  6.018E+02  0.000E+00  Infinity 
      1    1  15   8   6  11   264     1.798E+00                      5                123  2.903E-01  1.862E+00  3.744E-01  9.963E+00                2  3.445E+00  5.370E-01  2.671E+00  1.844E-01  6.019E+02  0.000E+00  Infinity 
      1    1  15   8   6  12   264     2.022E+00                      5                123  2.903E-01  1.862E+00  3.744E-01  9.963E+00                2  3.445E+00  5.370E-01  2.671E+00  1.844E-01  6.019E+02  0.000E+00  Infinity 
      1    1  15   8   7   1   264     1.291E+00                      5                143  2.903E-01  1.862E+00  3.561E-01  1.097E+01                2  3.445E+00  5.370E-01  2.808E+00  1.844E-01  6.017E+02  7.467E+22  1.503E+02
      1    1  15   8   7   2   264     1.190E+00                      5                143  2.903E-01  1.862E+00  3.561E-01  1.097E+01                2  3.445E+00  5.370E-01  2.808E+00  1.844E-01  6.017E+02  7.001E+22  1.603E+02
      1    1  15   8   7   3   264     1.111E+00                      5                143  2.903E-01  1.862E+00  3.561E-01  1.097E+01                2  3.445E+00  5.370E-01  2.808E+00  1.844E-01  6.018E+02  4.388E+22  2.557E+02
      1    1  15   8   7   4   264     1.057E+00                      5                143  2.903E-01  1.862E+00  3.561E-01  1.097E+01                2  3.445E+00  5.370E-01  2.808E+00  1.844E-01  6.018E+02  4.437E+22  2.529E+02
      1    1  15   8   7   5   264     1.033E+00                      5                143  2.903E-01  1.862E+00  3.561E-01  1.097E+01                2  3.445E+00  5.370E-01  2.808E+00  1.844E-01  6.018E+02  1.223E+22  9.175E+02
      1    1  15   8   7   6   264     1.041E+00                      5                143  2.903E-01  1.862E+00  3.561E-01  1.097E+01                2  3.445E+00  5.370E-01  2.808E+00  1.844E-01  6.019E+02  8.686E+21  1.292E+03
      1    1  15   8   7   7   264     1.087E+00                      5                143  2.903E-01  1.862E+00  3.561E-01  1.097E+01                2  3.445E+00  5.370E-01  2.808E+00  1.844E-01  6.019E+02  9.524E+20  1.178E+04
      1    1  15   8   7   8   264     1.173E+00                      5                143  2.903E-01  1.862E+00  3.561E-01  1.097E+01                2  3.445E+00  5.370E-01  2.808E+00  1.844E-01  6.019E+02  0.000E+00  Infinity 
      1    1  15   8   7   9   264     1.300E+00                      5                143  2.903E-01  1.862E+00  3.561E-01  1.097E+01                2  3.445E+00  5.370E-01  2.808E+00  1.844E-01  6.020E+02  0.000E+00  Infinity 
      1    1  15   8   7  10   264     1.466E+00                      5                143  2.903E-01  1.862E+00  3.561E-01  1.097E+01                2  3.445E+00  5.370E-01  2.808E+00  1.844E-01  6.020E+02  0.000E+00  Infinity 
      1    1  15   8   7  11   264     1.670E+00                      5                143  2.903E-01  1.862E+00  3.561E-01  1.097E+01                2  3.445E+00  5.370E-01  2.808E+00  1.844E-01  6.021E+02  0.000E+00  Infinity 
      1    1  15   8   7  12   264     1.907E+00                      5                143  2.903E-01  1.862E+00  3.561E-01  1.097E+01                2  3.445E+00  5.370E-01  2.808E+00  1.844E-01  6.021E+02  0.000E+00  Infinity 
      1    1  15   8   8   1   264     1.232E+00                      5                155  2.903E-01  1.862E+00  3.467E-01  1.155E+01                2  3.445E+00  5.370E-01  2.885E+00  1.844E-01  6.018E+02  7.819E+22  1.435E+02
      1    1  15   8   8   2   264     1.116E+00                      5                155  2.903E-01  1.862E+00  3.467E-01  1.155E+01                2  3.445E+00  5.370E-01  2.885E+00  1.844E-01  6.019E+02  1.236E+23  9.079E+01
      1    1  15   8   8   3   264     1.020E+00                      5                155  2.903E-01  1.862E+00  3.467E-01  1.155E+01                2  3.445E+00  5.370E-01  2.885E+00  1.844E-01  6.019E+02  9.135E+22  1.228E+02
      1    1  15   8   8   4   264     9.492E-01                      5                155  2.903E-01  1.862E+00  3.467E-01  1.155E+01                2  3.445E+00  5.370E-01  2.885E+00  1.844E-01  6.019E+02  8.406E+22  1.335E+02
      1    1  15   8   8   5   264     9.093E-01                      5                155  2.903E-01  1.862E+00  3.467E-01  1.155E+01                2  3.445E+00  5.370E-01  2.885E+00  1.844E-01  6.020E+02  3.652E+22  3.072E+02
      1    1  15   8   8   6   264     9.058E-01                      5                155  2.903E-01  1.862E+00  3.467E-01  1.155E+01                2  3.445E+00  5.370E-01  2.885E+00  1.844E-01  6.020E+02  1.237E+22  9.069E+02
      1    1  15   8   8   7   264     9.435E-01                      5                155  2.903E-01  1.862E+00  3.467E-01  1.155E+01                2  3.445E+00  5.370E-01  2.885E+00  1.844E-01  6.020E+02  1.886E+21  5.949E+03
      1    1  15   8   8   8   264     1.026E+00                      5                155  2.903E-01  1.862E+00  3.467E-01  1.155E+01                2  3.445E+00  5.370E-01  2.885E+00  1.844E-01  6.021E+02  0.000E+00  Infinity 
      1    1  15   8   8   9   264     1.156E+00                      5                155  2.903E-01  1.862E+00  3.467E-01  1.155E+01                2  3.445E+00  5.370E-01  2.885E+00  1.844E-01  6.021E+02  1.902E+21  5.900E+03
      1    1  15   8   8  10   264     1.330E+00                      5                155  2.903E-01  1.862E+00  3.467E-01  1.155E+01                2  3.445E+00  5.370E-01  2.885E+00  1.844E-01  6.022E+02  0.000E+00  Infinity 
      1    1  15   8   8  11   264     1.546E+00                      5                155  2.903E-01  1.862E+00  3.467E-01  1.155E+01                2  3.445E+00  5.370E-01  2.885E+00  1.844E-01  6.022E+02  0.000E+00  Infinity 
      1    1  15   8   8  12   264     1.799E+00                      5                155  2.903E-01  1.862E+00  3.467E-01  1.155E+01                2  3.445E+00  5.370E-01  2.885E+00  1.844E-01  6.022E+02  0.000E+00  Infinity 
      1    1  15   8   9   1   264     1.190E+00                      5                155  2.903E-01  1.862E+00  3.467E-01  1.155E+01                2  3.445E+00  5.370E-01  2.885E+00  1.844E-01  6.019E+02  1.462E+23  7.676E+01
      1    1  15   8   9   2   264     1.056E+00                      5                134  2.903E-01  1.862E+00  3.639E-01  1.052E+01                2  3.445E+00  5.370E-01  2.748E+00  1.844E-01  6.018E+02  2.473E+23  4.537E+01
      1    1  15   8   9   3   264     9.410E-01                      5                134  2.903E-01  1.862E+00  3.639E-01  1.052E+01                2  3.445E+00  5.370E-01  2.748E+00  1.844E-01  6.018E+02  2.179E+23  5.150E+01
      1    1  15   8   9   4   264     8.512E-01                      5                134  2.903E-01  1.862E+00  3.639E-01  1.052E+01                2  3.445E+00  5.370E-01  2.748E+00  1.844E-01  6.019E+02  1.270E+23  8.835E+01
      1    1  15   8   9   5   264     7.928E-01                      5                134  2.903E-01  1.862E+00  3.639E-01  1.052E+01                2  3.445E+00  5.370E-01  2.748E+00  1.844E-01  6.019E+02  5.188E+22  2.163E+02
      1    1  15   8   9   6   264     7.737E-01                      5                134  2.903E-01  1.862E+00  3.639E-01  1.052E+01                2  3.445E+00  5.370E-01  2.748E+00  1.844E-01  6.019E+02  1.595E+22  7.035E+02
      1    1  15   8   9   7   264     8.007E-01                      5                134  2.903E-01  1.862E+00  3.639E-01  1.052E+01                2  3.445E+00  5.370E-01  2.748E+00  1.844E-01  6.020E+02  5.278E+21  2.126E+03
      1    1  15   8   9   8   264     8.798E-01                      5                134  2.903E-01  1.862E+00  3.639E-01  1.052E+01                2  3.445E+00  5.370E-01  2.748E+00  1.844E-01  6.020E+02  1.592E+21  7.046E+03
      1    1  15   8   9   9   264     1.013E+00                      5                134  2.903E-01  1.862E+00  3.639E-01  1.052E+01                2  3.445E+00  5.370E-01  2.748E+00  1.844E-01  6.021E+02  0.000E+00  Infinity 
      1    1  15   8   9  10   264     1.198E+00                      5                134  2.903E-01  1.862E+00  3.639E-01  1.052E+01                2  3.445E+00  5.370E-01  2.748E+00  1.844E-01  6.021E+02  0.000E+00  Infinity 
      1    1  15   8   9  11   264     1.430E+00                      5                134  2.903E-01  1.862E+00  3.639E-01  1.052E+01                2  3.445E+00  5.370E-01  2.748E+00  1.844E-01  6.021E+02  0.000E+00  Infinity 
      1    1  15   8   9  12   264     1.701E+00                      5                134  2.903E-01  1.862E+00  3.639E-01  1.052E+01                2  3.445E+00  5.370E-01  2.748E+00  1.844E-01  6.022E+02  0.000E+00  Infinity 
      1    1  15   8  10   1   264     1.168E+00                      5                155  2.903E-01  1.862E+00  3.467E-01  1.155E+01                2  3.445E+00  5.370E-01  2.885E+00  1.844E-01  6.019E+02  2.236E+23  5.017E+01
      1    1  15   8  10   2   264     1.015E+00                      5                134  2.903E-01  1.862E+00  3.639E-01  1.052E+01                2  3.445E+00  5.370E-01  2.748E+00  1.844E-01  6.019E+02  3.001E+23  3.739E+01
      1    1  15   8  10   3   264     8.798E-01                      5                109  2.903E-01  1.862E+00  3.898E-01  9.225E+00                2  3.445E+00  5.370E-01  2.565E+00  1.844E-01  6.017E+02  3.068E+23  3.657E+01
      1    1  15   8  10   4   264     7.673E-01                      5                109  2.903E-01  1.862E+00  3.898E-01  9.225E+00                2  3.445E+00  5.370E-01  2.565E+00  1.844E-01  6.017E+02  1.795E+23  6.250E+01
      1    1  15   8  10   5   264     6.863E-01                      5                109  2.903E-01  1.862E+00  3.898E-01  9.225E+00                2  3.445E+00  5.370E-01  2.565E+00  1.844E-01  6.018E+02  5.839E+22  1.922E+02
      1    1  15   8  10   6   264     6.467E-01                      5                109  2.903E-01  1.862E+00  3.898E-01  9.225E+00                2  3.445E+00  5.370E-01  2.565E+00  1.844E-01  6.018E+02  1.293E+22  8.680E+02
      1    1  15   8  10   7   264     6.593E-01                      5                109  2.903E-01  1.862E+00  3.898E-01  9.225E+00                2  3.445E+00  5.370E-01  2.565E+00  1.844E-01  6.019E+02  6.241E+21  1.798E+03
      1    1  15   8  10   8   264     7.330E-01                      5                109  2.903E-01  1.862E+00  3.898E-01  9.225E+00                2  3.445E+00  5.370E-01  2.565E+00  1.844E-01  6.019E+02  0.000E+00  Infinity 
      1    1  15   8  10   9   264     8.716E-01                      5                109  2.903E-01  1.862E+00  3.898E-01  9.225E+00                2  3.445E+00  5.370E-01  2.565E+00  1.844E-01  6.019E+02  0.000E+00  Infinity 
      1    1  15   8  10  10   264     1.071E+00                      5                109  2.903E-01  1.862E+00  3.898E-01  9.225E+00                2  3.445E+00  5.370E-01  2.565E+00  1.844E-01  6.020E+02  0.000E+00  Infinity 
      1    1  15   8  10  11   264     1.323E+00                      5                109  2.903E-01  1.862E+00  3.898E-01  9.225E+00                2  3.445E+00  5.370E-01  2.565E+00  1.844E-01  6.020E+02  0.000E+00  Infinity 
      1    1  15   8  10  12   264     1.616E+00                      5                109  2.903E-01  1.862E+00  3.898E-01  9.225E+00                2  3.445E+00  5.370E-01  2.565E+00  1.844E-01  6.021E+02  0.000E+00  Infinity 
      1    1  15   8  11   1   264     1.172E+00                      5                155  2.903E-01  1.862E+00  3.467E-01  1.155E+01                2  3.445E+00  5.370E-01  2.885E+00  1.844E-01  6.020E+02  3.088E+23  3.633E+01
      1    1  15   8  11   2   264     9.998E-01                      5                134  2.903E-01  1.862E+00  3.639E-01  1.052E+01                2  3.445E+00  5.370E-01  2.748E+00  1.844E-01  6.019E+02  4.737E+23  2.368E+01
      1    1  15   8  11   3   264     8.418E-01                      5                109  2.903E-01  1.862E+00  3.898E-01  9.225E+00                2  3.445E+00  5.370E-01  2.565E+00  1.844E-01  6.018E+02  5.242E+23  2.141E+01
      1    1  15   8  11   4   264     7.036E-01                      5                 81  2.903E-01  1.862E+00  4.304E-01  7.640E+00                2  3.445E+00  5.370E-01  2.323E+00  1.844E-01  6.016E+02  2.777E+23  4.041E+01
      1    1  15   8  11   5   264     5.950E-01                      5                 81  2.903E-01  1.862E+00  4.304E-01  7.640E+00                2  3.445E+00  5.370E-01  2.323E+00  1.844E-01  6.016E+02  1.214E+23  9.241E+01
      1    1  15   8  11   6   264     5.284E-01                      5                 81  2.903E-01  1.862E+00  4.304E-01  7.640E+00                2  3.445E+00  5.370E-01  2.323E+00  1.844E-01  6.016E+02  1.565E+22  7.168E+02
      1    1  15   8  11   7   264     5.205E-01                      5                 81  2.903E-01  1.862E+00  4.304E-01  7.640E+00                2  3.445E+00  5.370E-01  2.323E+00  1.844E-01  6.017E+02  4.029E+21  2.785E+03
      1    1  15   8  11   8   264     5.864E-01                      5                 81  2.903E-01  1.862E+00  4.304E-01  7.640E+00                2  3.445E+00  5.370E-01  2.323E+00  1.844E-01  6.017E+02  1.998E+21  5.615E+03
      1    1  15   8  11   9   264     7.329E-01                      5                 81  2.903E-01  1.862E+00  4.304E-01  7.640E+00                2  3.445E+00  5.370E-01  2.323E+00  1.844E-01  6.018E+02  0.000E+00  Infinity 
      1    1  15   8  11  10   264     9.530E-01                      5                 81  2.903E-01  1.862E+00  4.304E-01  7.640E+00                2  3.445E+00  5.370E-01  2.323E+00  1.844E-01  6.018E+02  0.000E+00  Infinity 
      1    1  15   8  11  11   264     1.232E+00                      5                 81  2.903E-01  1.862E+00  4.304E-01  7.640E+00                2  3.445E+00  5.370E-01  2.323E+00  1.844E-01  6.018E+02  0.000E+00  Infinity 
      1    1  15   8  11  12   264     1.553E+00                      5                 81  2.903E-01  1.862E+00  4.304E-01  7.640E+00                2  3.445E+00  5.370E-01  2.323E+00  1.844E-01  6.019E+02  0.000E+00  Infinity 
      1    1  15   8  12   1   264     1.206E+00                      5                155  2.903E-01  1.862E+00  3.467E-01  1.155E+01                2  3.445E+00  5.370E-01  2.885E+00  1.844E-01  6.021E+02  2.665E+23  4.210E+01
      1    1  15   8  12   2   264     1.016E+00                      5                134  2.903E-01  1.862E+00  3.639E-01  1.052E+01                2  3.445E+00  5.370E-01  2.748E+00  1.844E-01  6.020E+02  4.590E+23  2.444E+01
      1    1  15   8  12   3   264     8.348E-01                      5                109  2.903E-01  1.862E+00  3.898E-01  9.225E+00                2  3.445E+00  5.370E-01  2.565E+00  1.844E-01  6.018E+02  4.843E+23  2.317E+01
      1    1  15   8  12   4   264     6.693E-01                      5                 81  2.903E-01  1.862E+00  4.304E-01  7.640E+00                2  3.445E+00  5.370E-01  2.323E+00  1.844E-01  6.016E+02  2.942E+23  3.814E+01
      1    1  15   8  12   5   264     5.277E-01                      5                 49  2.903E-01  1.862E+00  5.089E-01  5.563E+00                2  3.445E+00  5.370E-01  1.965E+00  1.844E-01  6.013E+02  6.041E+22  1.857E+02
      1    1  15   8  12   6   264     4.257E-01                      5                 49  2.903E-01  1.862E+00  5.089E-01  5.563E+00                2  3.445E+00  5.370E-01  1.965E+00  1.844E-01  6.014E+02  2.663E+22  4.214E+02
      1    1  15   8  12   7   264     3.867E-01                      5                 49  2.903E-01  1.862E+00  5.089E-01  5.563E+00                2  3.445E+00  5.370E-01  1.965E+00  1.844E-01  6.014E+02  3.282E+21  3.419E+03
      1    1  15   8  12   8   264     4.397E-01                      5                 49  2.903E-01  1.862E+00  5.089E-01  5.563E+00                2  3.445E+00  5.370E-01  1.965E+00  1.844E-01  6.014E+02  0.000E+00  Infinity 
      1    1  15   8  12   9   264     5.990E-01                      5                 49  2.903E-01  1.862E+00  5.089E-01  5.563E+00                2  3.445E+00  5.370E-01  1.965E+00  1.844E-01  6.015E+02  0.000E+00  Infinity 
      1    1  15   8  12  10   264     8.501E-01                      5                 49  2.903E-01  1.862E+00  5.089E-01  5.563E+00                2  3.445E+00  5.370E-01  1.965E+00  1.844E-01  6.015E+02  0.000E+00  Infinity 
      1    1  15   8  12  11   264     1.164E+00                      5                 49  2.903E-01  1.862E+00  5.089E-01  5.563E+00                2  3.445E+00  5.370E-01  1.965E+00  1.844E-01  6.015E+02  0.000E+00  Infinity 
      1    1  15   8  12  12   264     1.518E+00                      5                 81  2.903E-01  1.862E+00  4.304E-01  7.640E+00                2  3.445E+00  5.370E-01  2.323E+00  1.844E-01  6.019E+02  0.000E+00  Infinity 
      1    1  15   8  13   1   264     1.277E+00                      5                155  2.903E-01  1.862E+00  3.467E-01  1.155E+01                2  3.445E+00  5.370E-01  2.885E+00  1.844E-01  6.021E+02  1.742E+23  6.442E+01
      1    1  15   8  13   2   264     1.071E+00                      5                134  2.903E-01  1.862E+00  3.639E-01  1.052E+01                2  3.445E+00  5.370E-01  2.748E+00  1.844E-01  6.020E+02  3.388E+23  3.312E+01
      1    1  15   8  13   3   264     8.696E-01                      5                109  2.903E-01  1.862E+00  3.898E-01  9.225E+00                2  3.445E+00  5.370E-01  2.565E+00  1.844E-01  6.019E+02  3.664E+23  3.063E+01
      1    1  15   8  13   4   264     6.770E-01                      5                 81  2.903E-01  1.862E+00  4.304E-01  7.640E+00                2  3.445E+00  5.370E-01  2.323E+00  1.844E-01  6.017E+02  1.992E+23  5.632E+01
      1    1  15   8  13   5   264     4.998E-01                      5                 49  2.903E-01  1.862E+00  5.089E-01  5.563E+00                2  3.445E+00  5.370E-01  1.965E+00  1.844E-01  6.014E+02  5.594E+22  2.006E+02
      1    1  15   8  13   6   264     3.518E-01                      5                 25  2.903E-01  1.862E+00  6.369E-01  3.654E+00                2  3.445E+00  5.370E-01  1.570E+00  1.844E-01  6.010E+02  6.074E+21  1.847E+03
      1    1  15   8  13   7   264     2.643E-01                      5                 25  2.903E-01  1.862E+00  6.369E-01  3.654E+00                2  3.445E+00  5.370E-01  1.570E+00  1.844E-01  6.011E+02  1.486E+21  7.550E+03
      1    1  15   8  13   8   264     2.931E-01                      5                 25  2.903E-01  1.862E+00  6.369E-01  3.654E+00                2  3.445E+00  5.370E-01  1.570E+00  1.844E-01  6.011E+02  0.000E+00  Infinity 
      1    1  15   8  13   9   264     4.766E-01                      5                 25  2.903E-01  1.862E+00  6.369E-01  3.654E+00                2  3.445E+00  5.370E-01  1.570E+00  1.844E-01  6.011E+02  0.000E+00  Infinity 
      1    1  15   8  13  10   264     7.762E-01                      5                 25  2.903E-01  1.862E+00  6.369E-01  3.654E+00                2  3.445E+00  5.370E-01  1.570E+00  1.844E-01  6.012E+02  0.000E+00  Infinity 
      1    1  15   8  13  11   264     1.136E+00                      5                 49  2.903E-01  1.862E+00  5.089E-01  5.563E+00                2  3.445E+00  5.370E-01  1.965E+00  1.844E-01  6.016E+02  0.000E+00  Infinity 
      1    1  15   8  13  12   264     1.526E+00                      5                 81  2.903E-01  1.862E+00  4.304E-01  7.640E+00                2  3.445E+00  5.370E-01  2.323E+00  1.844E-01  6.020E+02  0.000E+00  Infinity 
      1    1  15   8  14   1   264     1.389E+00                      5                155  2.903E-01  1.862E+00  3.467E-01  1.155E+01                2  3.445E+00  5.370E-01  2.885E+00  1.844E-01  6.022E+02  1.437E+23  7.810E+01
      1    1  15   8  14   2   264     1.172E+00                      5                134  2.903E-01  1.862E+00  3.639E-01  1.052E+01                2  3.445E+00  5.370E-01  2.748E+00  1.844E-01  6.021E+02  2.628E+23  4.269E+01
      1    1  15   8  14   3   264     9.562E-01                      5                109  2.903E-01  1.862E+00  3.898E-01  9.225E+00                2  3.445E+00  5.370E-01  2.565E+00  1.844E-01  6.020E+02  3.026E+23  3.707E+01
      1    1  15   8  14   4   264     7.430E-01                      5                 81  2.903E-01  1.862E+00  4.304E-01  7.640E+00                2  3.445E+00  5.370E-01  2.323E+00  1.844E-01  6.018E+02  1.676E+23  6.693E+01
      1    1  15   8  14   5   264     5.350E-01                      5                 49  2.903E-01  1.862E+00  5.089E-01  5.563E+00                2  3.445E+00  5.370E-01  1.965E+00  1.844E-01  6.014E+02  4.626E+22  2.426E+02
      1    1  15   8  14   6   264     3.385E-01                      5                 25  2.903E-01  1.862E+00  6.369E-01  3.654E+00                2  3.445E+00  5.370E-01  1.570E+00  1.844E-01  6.011E+02  5.341E+21  2.101E+03
      1    1  15   8  14   7   264     1.759E-01                      5                  9  2.903E-01  1.862E+00  8.952E-01  1.952E+00                2  3.445E+00  5.370E-01  1.117E+00  1.844E-01  6.007E+02  0.000E+00  Infinity 
      1    1  15   8  14   8   264     1.467E-01                      5                  9  2.903E-01  1.862E+00  8.952E-01  1.952E+00                2  3.445E+00  5.370E-01  1.117E+00  1.844E-01  6.007E+02  0.000E+00  Infinity 
      1    1  15   8  14   9   264     3.882E-01                      5                  9  2.903E-01  1.862E+00  8.952E-01  1.952E+00                2  3.445E+00  5.370E-01  1.117E+00  1.844E-01  6.007E+02  0.000E+00  Infinity 
      1    1  15   8  14  10   264     7.629E-01                      5                 25  2.903E-01  1.862E+00  6.369E-01  3.654E+00                2  3.445E+00  5.370E-01  1.570E+00  1.844E-01  6.012E+02  0.000E+00  Infinity 
      1    1  15   8  14  11   264     1.172E+00                      5                 49  2.903E-01  1.862E+00  5.089E-01  5.563E+00                2  3.445E+00  5.370E-01  1.965E+00  1.844E-01  6.017E+02  0.000E+00  Infinity 
      1    1  15   8  14  12   264     1.592E+00                      5                 81  2.903E-01  1.862E+00  4.304E-01  7.640E+00                2  3.445E+00  5.370E-01  2.323E+00  1.844E-01  6.021E+02  0.000E+00  Infinity 
      1    1  15   8  15   1   264     1.546E+00                      5                155  2.903E-01  1.862E+00  3.467E-01  1.155E+01                2  3.445E+00  5.370E-01  2.885E+00  1.844E-01  6.023E+02  1.293E+23  8.677E+01
      1    1  15   8  15   2   264     1.325E+00                      5                134  2.903E-01  1.862E+00  3.639E-01  1.052E+01                2  3.445E+00  5.370E-01  2.748E+00  1.844E-01  6.022E+02  2.976E+23  3.770E+01
      1    1  15   8  15   3   264     1.104E+00                      5                109  2.903E-01  1.862E+00  3.898E-01  9.225E+00                2  3.445E+00  5.370E-01  2.565E+00  1.844E-01  6.020E+02  3.087E+23  3.635E+01
      1    1  15   8  15   4   264     8.832E-01                      5                 81  2.903E-01  1.862E+00  4.304E-01  7.640E+00                2  3.445E+00  5.370E-01  2.323E+00  1.844E-01  6.018E+02  1.771E+23  6.334E+01
      1    1  15   8  15   5   264     6.624E-01                      5                 49  2.903E-01  1.862E+00  5.089E-01  5.563E+00                2  3.445E+00  5.370E-01  1.965E+00  1.844E-01  6.015E+02  4.759E+22  2.358E+02
      1    1  15   8  15   6   264     4.417E-01                      5                 25  2.903E-01  1.862E+00  6.369E-01  3.654E+00                2  3.445E+00  5.370E-01  1.570E+00  1.844E-01  6.012E+02  4.337E+21  2.587E+03
      1    1  15   8  15   7   264     2.207E-01                      5                  9  2.903E-01  1.862E+00  8.952E-01  1.952E+00                2  3.445E+00  5.370E-01  1.117E+00  1.844E-01  6.007E+02  0.000E+00  Infinity 
      1    1  15   8  15   8   264     0.000E+00                      5                  1  2.903E-01  1.862E+00  1.862E+00  5.404E-01                2  3.445E+00  5.370E-01  5.370E-01  1.844E-01  6.002E+02  0.000E+00  Infinity 
      1    1  15   8  15   9   264     4.330E-01                      5                  9  2.903E-01  1.862E+00  8.952E-01  1.952E+00                2  3.445E+00  5.370E-01  1.117E+00  1.844E-01  6.008E+02  0.000E+00  Infinity 
      1    1  15   8  15  10   264     8.658E-01                      5                 25  2.903E-01  1.862E+00  6.369E-01  3.654E+00                2  3.445E+00  5.370E-01  1.570E+00  1.844E-01  6.013E+02  0.000E+00  Infinity 
      1    1  15   8  15  11   264     1.299E+00                      5                 49  2.903E-01  1.862E+00  5.089E-01  5.563E+00                2  3.445E+00  5.370E-01  1.965E+00  1.844E-01  6.017E+02  0.000E+00  Infinity 
      1    1  15   8  15  12   264     1.732E+00                      5                 81  2.903E-01  1.862E+00  4.304E-01  7.640E+00                2  3.445E+00  5.370E-01  2.323E+00  1.844E-01  6.021E+02  0.000E+00  Infinity 
      1    1  15   8  16   1   264     1.750E+00                      5                155  2.903E-01  1.862E+00  3.467E-01  1.155E+01                2  3.445E+00  5.370E-01  2.885E+00  1.844E-01  6.023E+02  1.158E+23  9.689E+01
      1    1  15   8  16   2   264     1.532E+00                      5                134  2.903E-01  1.862E+00  3.639E-01  1.052E+01                2  3.445E+00  5.370E-01  2.748E+00  1.844E-01  6.022E+02  3.262E+23  3.439E+01
      1    1  15   8  16   3   264     1.317E+00                      5                109  2.903E-01  1.862E+00  3.898E-01  9.225E+00                2  3.445E+00  5.370E-01  2.565E+00  1.844E-01  6.021E+02  3.731E+23  3.008E+01
      1    1  15   8  16   4   264     1.104E+00                      5                 81  2.903E-01  1.862E+00  4.304E-01  7.640E+00                2  3.445E+00  5.370E-01  2.323E+00  1.844E-01  6.019E+02  1.719E+23  6.526E+01
      1    1  15   8  16   5   264     8.956E-01                      5                 49  2.903E-01  1.862E+00  5.089E-01  5.563E+00                2  3.445E+00  5.370E-01  1.965E+00  1.844E-01  6.016E+02  4.680E+22  2.398E+02
      1    1  15   8  16   6   264     6.991E-01                      5                 25  2.903E-01  1.862E+00  6.369E-01  3.654E+00                2  3.445E+00  5.370E-01  1.570E+00  1.844E-01  6.012E+02  7.633E+21  1.470E+03
      1    1  15   8  16   7   264     5.365E-01                      5                  9  2.903E-01  1.862E+00  8.952E-01  1.952E+00                2  3.445E+00  5.370E-01  1.117E+00  1.844E-01  6.008E+02  0.000E+00  Infinity 
      1    1  15   8  16   8   264     5.071E-01                      5                  9  2.903E-01  1.862E+00  8.952E-01  1.952E+00                2  3.445E+00  5.370E-01  1.117E+00  1.844E-01  6.008E+02  0.000E+00  Infinity 
      1    1  15   8  16   9   264     7.487E-01                      5                  9  2.903E-01  1.862E+00  8.952E-01  1.952E+00                2  3.445E+00  5.370E-01  1.117E+00  1.844E-01  6.009E+02  0.000E+00  Infinity 
      1    1  15   8  16  10   264     1.123E+00                      5                 25  2.903E-01  1.862E+00  6.369E-01  3.654E+00                2  3.445E+00  5.370E-01  1.570E+00  1.844E-01  6.014E+02  0.000E+00  Infinity 
      1    1  15   8  16  11   264     1.532E+00                      5                 49  2.903E-01  1.862E+00  5.089E-01  5.563E+00                2  3.445E+00  5.370E-01  1.965E+00  1.844E-01  6.018E+02  0.000E+00  Infinity 
      1    1  15   8  16  12   264     1.952E+00                      5                 81  2.903E-01  1.862E+00  4.304E-01  7.640E+00                2  3.445E+00  5.370E-01  2.323E+00  1.844E-01  6.022E+02  0.000E+00  Infinity 
      1    1  15   8  17   1   264     1.998E+00                      5                155  2.903E-01  1.862E+00  3.467E-01  1.155E+01                2  3.445E+00  5.370E-01  2.885E+00  1.844E-01  6.024E+02  1.211E+23  9.264E+01
      1    1  15   8  17   2   264     1.792E+00                      5                134  2.903E-01  1.862E+00  3.639E-01  1.052E+01                2  3.445E+00  5.370E-01  2.748E+00  1.844E-01  6.023E+02  2.346E+23  4.783E+01
      1    1  15   8  17   3   264     1.591E+00                      5                109  2.903E-01  1.862E+00  3.898E-01  9.225E+00                2  3.445E+00  5.370E-01  2.565E+00  1.844E-01  6.022E+02  2.195E+23  5.111E+01
      1    1  15   8  17   4   264     1.398E+00                      5                 81  2.903E-01  1.862E+00  4.304E-01  7.640E+00                2  3.445E+00  5.370E-01  2.323E+00  1.844E-01  6.020E+02  9.843E+22  1.140E+02
      1    1  15   8  17   5   264     1.221E+00                      5                 49  2.903E-01  1.862E+00  5.089E-01  5.563E+00                2  3.445E+00  5.370E-01  1.965E+00  1.844E-01  6.016E+02  3.337E+22  3.363E+02
      1    1  15   8  17   6   264     1.073E+00                      5                 25  2.903E-01  1.862E+00  6.369E-01  3.654E+00                2  3.445E+00  5.370E-01  1.570E+00  1.844E-01  6.013E+02  3.727E+21  3.010E+03
      1    1  15   8  17   7   264     9.854E-01                      5                 25  2.903E-01  1.862E+00  6.369E-01  3.654E+00                2  3.445E+00  5.370E-01  1.570E+00  1.844E-01  6.013E+02  0.000E+00  Infinity 
      1    1  15   8  17   8   264     1.014E+00                      5                 25  2.903E-01  1.862E+00  6.369E-01  3.654E+00                2  3.445E+00  5.370E-01  1.570E+00  1.844E-01  6.014E+02  0.000E+00  Infinity 
      1    1  15   8  17   9   264     1.198E+00                      5                 25  2.903E-01  1.862E+00  6.369E-01  3.654E+00                2  3.445E+00  5.370E-01  1.570E+00  1.844E-01  6.014E+02  0.000E+00  Infinity 
      1    1  15   8  17  10   264     1.497E+00                      5                 25  2.903E-01  1.862E+00  6.369E-01  3.654E+00                2  3.445E+00  5.370E-01  1.570E+00  1.844E-01  6.014E+02  0.000E+00  Infinity 
      1    1  15   8  17  11   264     1.857E+00                      5                 49  2.903E-01  1.862E+00  5.089E-01  5.563E+00                2  3.445E+00  5.370E-01  1.965E+00  1.844E-01  6.019E+02  0.000E+00  Infinity 
      1    1  15   8  17  12   264     2.247E+00                      5                 81  2.903E-01  1.862E+00  4.304E-01  7.640E+00                2  3.445E+00  5.370E-01  2.323E+00  1.844E-01  6.023E+02  0.000E+00  Infinity 
      1    1  15   8  18   1   264     2.288E+00                      5                155  2.903E-01  1.862E+00  3.467E-01  1.155E+01                2  3.445E+00  5.370E-01  2.885E+00  1.844E-01  6.025E+02  4.351E+22  2.579E+02
      1    1  15   8  18   2   264     2.098E+00                      5                134  2.903E-01  1.862E+00  3.639E-01  1.052E+01                2  3.445E+00  5.370E-01  2.748E+00  1.844E-01  6.024E+02  9.032E+22  1.242E+02
      1    1  15   8  18   3   264     1.917E+00                      5                109  2.903E-01  1.862E+00  3.898E-01  9.225E+00                2  3.445E+00  5.370E-01  2.565E+00  1.844E-01  6.022E+02  8.284E+22  1.354E+02
      1    1  15   8  18   4   264     1.751E+00                      5                 81  2.903E-01  1.862E+00  4.304E-01  7.640E+00                2  3.445E+00  5.370E-01  2.323E+00  1.844E-01  6.020E+02  3.988E+22  2.814E+02
      1    1  15   8  18   5   264     1.609E+00                      5                 49  2.903E-01  1.862E+00  5.089E-01  5.563E+00                2  3.445E+00  5.370E-01  1.965E+00  1.844E-01  6.017E+02  2.178E+22  5.153E+02
      1    1  15   8  18   6   264     1.507E+00                      5                 49  2.903E-01  1.862E+00  5.089E-01  5.563E+00                2  3.445E+00  5.370E-01  1.965E+00  1.844E-01  6.017E+02  1.129E+21  9.942E+03
      1    1  15   8  18   7   264     1.469E+00                      5                 49  2.903E-01  1.862E+00  5.089E-01  5.563E+00                2  3.445E+00  5.370E-01  1.965E+00  1.844E-01  6.018E+02  0.000E+00  Infinity 
      1    1  15   8  18   8   264     1.521E+00                      5                 49  2.903E-01  1.862E+00  5.089E-01  5.563E+00                2  3.445E+00  5.370E-01  1.965E+00  1.844E-01  6.018E+02  0.000E+00  Infinity 
      1    1  15   8  18   9   264     1.681E+00                      5                 49  2.903E-01  1.862E+00  5.089E-01  5.563E+00                2  3.445E+00  5.370E-01  1.965E+00  1.844E-01  6.019E+02  0.000E+00  Infinity 
      1    1  15   8  18  10   264     1.932E+00                      5                 49  2.903E-01  1.862E+00  5.089E-01  5.563E+00                2  3.445E+00  5.370E-01  1.965E+00  1.844E-01  6.019E+02  0.000E+00  Infinity 
      1    1  15   8  18  11   264     2.246E+00                      5                 49  2.903E-01  1.862E+00  5.089E-01  5.563E+00                2  3.445E+00  5.370E-01  1.965E+00  1.844E-01  6.019E+02  0.000E+00  Infinity 
      1    1  15   8  18  12   264     2.599E+00                      5                 81  2.903E-01  1.862E+00  4.304E-01  7.640E+00                2  3.445E+00  5.370E-01  2.323E+00  1.844E-01  6.023E+02  0.000E+00  Infinity 
      1    1  15   8  19   1   264     2.615E+00                      5                155  2.903E-01  1.862E+00  3.467E-01  1.155E+01                2  3.445E+00  5.370E-01  2.885E+00  1.844E-01  6.025E+02  1.635E+22  6.863E+02
      1    1  15   8  19   2   264     2.443E+00                      5                134  2.903E-01  1.862E+00  3.639E-01  1.052E+01                2  3.445E+00  5.370E-01  2.748E+00  1.844E-01  6.024E+02  1.954E+22  5.741E+02
      1    1  15   8  19   3   264     2.284E+00                      5                109  2.903E-01  1.862E+00  3.898E-01  9.225E+00                2  3.445E+00  5.370E-01  2.565E+00  1.844E-01  6.023E+02  1.154E+22  9.721E+02
      1    1  15   8  19   4   264     2.146E+00                      5                 81  2.903E-01  1.862E+00  4.304E-01  7.640E+00                2  3.445E+00  5.370E-01  2.323E+00  1.844E-01  6.021E+02  3.497E+21  3.209E+03
      1    1  15   8  19   5   264     2.038E+00                      5                 81  2.903E-01  1.862E+00  4.304E-01  7.640E+00                2  3.445E+00  5.370E-01  2.323E+00  1.844E-01  6.021E+02  2.344E+21  4.788E+03
      1    1  15   8  19   6   264     1.971E+00                      5                 81  2.903E-01  1.862E+00  4.304E-01  7.640E+00                2  3.445E+00  5.370E-01  2.323E+00  1.844E-01  6.022E+02  0.000E+00  Infinity 
      1    1  15   8  19   7   264     1.963E+00                      5                 81  2.903E-01  1.862E+00  4.304E-01  7.640E+00                2  3.445E+00  5.370E-01  2.323E+00  1.844E-01  6.022E+02  0.000E+00  Infinity 
      1    1  15   8  19   8   264     2.028E+00                      5                 81  2.903E-01  1.862E+00  4.304E-01  7.640E+00                2  3.445E+00  5.370E-01  2.323E+00  1.844E-01  6.022E+02  0.000E+00  Infinity 
      1    1  15   8  19   9   264     2.175E+00                      5                 81  2.903E-01  1.862E+00  4.304E-01  7.640E+00                2  3.445E+00  5.370E-01  2.323E+00  1.844E-01  6.023E+02  0.000E+00  Infinity 
      1    1  15   8  19  10   264     2.395E+00                      5                 81  2.903E-01  1.862E+00  4.304E-01  7.640E+00                2  3.445E+00  5.370E-01  2.323E+00  1.844E-01  6.023E+02  0.000E+00  Infinity 
      1    1  15   8  19  11   264     2.674E+00                      5                 81  2.903E-01  1.862E+00  4.304E-01  7.640E+00                2  3.445E+00  5.370E-01  2.323E+00  1.844E-01  6.024E+02  0.000E+00  Infinity 
      1    1  15   8  19  12   264     2.995E+00                      5                 81  2.903E-01  1.862E+00  4.304E-01  7.640E+00                2  3.445E+00  5.370E-01  2.323E+00  1.844E-01  6.024E+02  0.000E+00  Infinity 
      1    1  15   8  20   1   264     2.972E+00                      5                155  2.903E-01  1.862E+00  3.467E-01  1.155E+01                2  3.445E+00  5.370E-01  2.885E+00  1.844E-01  6.026E+02  0.000E+00  Infinity 
      1    1  15   8  20   2   264     2.819E+00                      5                134  2.903E-01  1.862E+00  3.639E-01  1.052E+01                2  3.445E+00  5.370E-01  2.748E+00  1.844E-01  6.025E+02  2.205E+21  5.088E+03
      1    1  15   8  20   3   264     2.683E+00                      5                109  2.903E-01  1.862E+00  3.898E-01  9.225E+00                2  3.445E+00  5.370E-01  2.565E+00  1.844E-01  6.024E+02  1.305E+21  8.596E+03
      1    1  15   8  20   4   264     2.571E+00                      5                109  2.903E-01  1.862E+00  3.898E-01  9.225E+00                2  3.445E+00  5.370E-01  2.565E+00  1.844E-01  6.024E+02  1.525E+21  7.358E+03
      1    1  15   8  20   5   264     2.490E+00                      5                109  2.903E-01  1.862E+00  3.898E-01  9.225E+00                2  3.445E+00  5.370E-01  2.565E+00  1.844E-01  6.024E+02  0.000E+00  Infinity 
      1    1  15   8  20   6   264     2.450E+00                      5                109  2.903E-01  1.862E+00  3.898E-01  9.225E+00                2  3.445E+00  5.370E-01  2.565E+00  1.844E-01  6.025E+02  0.000E+00  Infinity 
      1    1  15   8  20   7   264     2.462E+00                      5                109  2.903E-01  1.862E+00  3.898E-01  9.225E+00                2  3.445E+00  5.370E-01  2.565E+00  1.844E-01  6.025E+02  0.000E+00  Infinity 
      1    1  15   8  20   8   264     2.536E+00                      5                109  2.903E-01  1.862E+00  3.898E-01  9.225E+00                2  3.445E+00  5.370E-01  2.565E+00  1.844E-01  6.025E+02  0.000E+00  Infinity 
      1    1  15   8  20   9   264     2.674E+00                      5                109  2.903E-01  1.862E+00  3.898E-01  9.225E+00                2  3.445E+00  5.370E-01  2.565E+00  1.844E-01  6.026E+02  0.000E+00  Infinity 
      1    1  15   8  20  10   264     2.874E+00                      5                109  2.903E-01  1.862E+00  3.898E-01  9.225E+00                2  3.445E+00  5.370E-01  2.565E+00  1.844E-01  6.026E+02  0.000E+00  Infinity 
      1    1  15   8  20  11   264     3.126E+00                      5                109  2.903E-01  1.862E+00  3.898E-01  9.225E+00                2  3.445E+00  5.370E-01  2.565E+00  1.844E-01  6.027E+02  0.000E+00  Infinity 
      1    1  15   8  20  12   264     3.419E+00                      5                109  2.903E-01  1.862E+00  3.898E-01  9.225E+00                2  3.445E+00  5.370E-01  2.565E+00  1.844E-01  6.027E+02  0.000E+00  Infinity 
      1    1  15   8  21   1   264     3.354E+00                      5                155  2.903E-01  1.862E+00  3.467E-01  1.155E+01                2  3.445E+00  5.370E-01  2.885E+00  1.844E-01  6.027E+02  0.000E+00  Infinity 
      1    1  15   8  21   2   264     3.220E+00                      5                134  2.903E-01  1.862E+00  3.639E-01  1.052E+01                2  3.445E+00  5.370E-01  2.748E+00  1.844E-01  6.026E+02  0.000E+00  Infinity 
      1    1  15   8  21   3   264     3.105E+00                      5                134  2.903E-01  1.862E+00  3.639E-01  1.052E+01                2  3.445E+00  5.370E-01  2.748E+00  1.844E-01  6.026E+02  0.000E+00  Infinity 
      1    1  15   8  21   4   264     3.015E+00                      5                134  2.903E-01  1.862E+00  3.639E-01  1.052E+01                2  3.445E+00  5.370E-01  2.748E+00  1.844E-01  6.026E+02  0.000E+00  Infinity 
      1    1  15   8  21   5   264     2.957E+00                      5                134  2.903E-01  1.862E+00  3.639E-01  1.052E+01                2  3.445E+00  5.370E-01  2.748E+00  1.844E-01  6.027E+02  0.000E+00  Infinity 
      1    1  15   8  21   6   264     2.937E+00                      5                134  2.903E-01  1.862E+00  3.639E-01  1.052E+01                2  3.445E+00  5.370E-01  2.748E+00  1.844E-01  6.027E+02  0.000E+00  Infinity 
      1    1  15   8  21   7   264     2.964E+00                      5                134  2.903E-01  1.862E+00  3.639E-01  1.052E+01                2  3.445E+00  5.370E-01  2.748E+00  1.844E-01  6.028E+02  0.000E+00  Infinity 
      1    1  15   8  21   8   264     3.043E+00                      5                134  2.903E-01  1.862E+00  3.639E-01  1.052E+01                2  3.445E+00  5.370E-01  2.748E+00  1.844E-01  6.028E+02  0.000E+00  Infinity 
      1    1  15   8  21   9   264     3.176E+00                      5                134  2.903E-01  1.862E+00  3.639E-01  1.052E+01                2  3.445E+00  5.370E-01  2.748E+00  1.844E-01  6.028E+02  0.000E+00  Infinity 
      1    1  15   8  21  10   264     3.361E+00                      5                134  2.903E-01  1.862E+00  3.639E-01  1.052E+01                2  3.445E+00  5.370E-01  2.748E+00  1.844E-01  6.029E+02  0.000E+00  Infinity 
      1    1  15   8  21  11   264     3.593E+00                      5                134  2.903E-01  1.862E+00  3.639E-01  1.052E+01                2  3.445E+00  5.370E-01  2.748E+00  1.844E-01  6.029E+02  0.000E+00  Infinity 
      1    1  15   8  21  12   264     3.863E+00                      5                134  2.903E-01  1.862E+00  3.639E-01  1.052E+01                2  3.445E+00  5.370E-01  2.748E+00  1.844E-01  6.029E+02  0.000E+00  Infinity 
      1    1  15   8  22   1   264     3.757E+00                      5                155  2.903E-01  1.862E+00  3.467E-01  1.155E+01                2  3.445E+00  5.370E-01  2.885E+00  1.844E-01  6.027E+02  0.000E+00  Infinity 
      1    1  15   8  22   2   264     3.640E+00                      5                155  2.903E-01  1.862E+00  3.467E-01  1.155E+01                2  3.445E+00  5.370E-01  2.885E+00  1.844E-01  6.028E+02  0.000E+00  Infinity 
      1    1  15   8  22   3   264     3.544E+00                      5                155  2.903E-01  1.862E+00  3.467E-01  1.155E+01                2  3.445E+00  5.370E-01  2.885E+00  1.844E-01  6.028E+02  0.000E+00  Infinity 
      1    1  15   8  22   4   264     3.474E+00                      5                155  2.903E-01  1.862E+00  3.467E-01  1.155E+01                2  3.445E+00  5.370E-01  2.885E+00  1.844E-01  6.028E+02  0.000E+00  Infinity 
      1    1  15   8  22   5   264     3.433E+00                      5                155  2.903E-01  1.862E+00  3.467E-01  1.155E+01                2  3.445E+00  5.370E-01  2.885E+00  1.844E-01  6.029E+02  0.000E+00  Infinity 
      1    1  15   8  22   6   264     3.430E+00                      5                155  2.903E-01  1.862E+00  3.467E-01  1.155E+01                2  3.445E+00  5.370E-01  2.885E+00  1.844E-01  6.029E+02  0.000E+00  Infinity 
      1    1  15   8  22   7   264     3.468E+00                      5                155  2.903E-01  1.862E+00  3.467E-01  1.155E+01                2  3.445E+00  5.370E-01  2.885E+00  1.844E-01  6.030E+02  0.000E+00  Infinity 
      1    1  15   8  22   8   264     3.550E+00                      5                155  2.903E-01  1.862E+00  3.467E-01  1.155E+01                2  3.445E+00  5.370E-01  2.885E+00  1.844E-01  6.030E+02  0.000E+00  Infinity 
      1    1  15   8  22   9   264     3.679E+00                      5                155  2.903E-01  1.862E+00  3.467E-01  1.155E+01                2  3.445E+00  5.370E-01  2.885E+00  1.844E-01  6.030E+02  0.000E+00  Infinity 
      1    1  15   8  22  10   264     3.854E+00                      5                155  2.903E-01  1.862E+00  3.467E-01  1.155E+01                2  3.445E+00  5.370E-01  2.885E+00  1.844E-01  6.031E+02  0.000E+00  Infinity 
      1    1  15   8  22  11   264     4.070E+00                      5                155  2.903E-01  1.862E+00  3.467E-01  1.155E+01                2  3.445E+00  5.370E-01  2.885E+00  1.844E-01  6.031E+02  0.000E+00  Infinity 
      1    1  15   8  22  12   264     4.322E+00                      5                155  2.903E-01  1.862E+00  3.467E-01  1.155E+01                2  3.445E+00  5.370E-01  2.885E+00  1.844E-01  6.031E+02  0.000E+00  Infinity 
