 nptsTotalWave =   124070 npw2TotalWave =   131072
 
 itr  i0  j0   i   j t_arrive(i0,j0) t_arrive_min t_arrive(i,j) risetime(i,j) risetime_max dur_path(i,j) dur_sub(i,j) t_arrive(i,j)+dur_sub(i,j) imx jmx t_arrive(imax,jmax) dur_sub(imax,jmax) t_arrive(imax,jmax)+dur_sub(imax,jmax) risetime_max t_end_max
   1  15   8   1   1          1665.7       1665.7        1667.6           2.1          2.9        598.48       600.58                     2268.1  22  12              1670.0              603.1                                 2273.2          2.9    2273.2
   1  15   8   1   2          1665.7       1665.7        1667.5           2.1          2.9        598.52       600.62                     2268.2  22  12              1670.0              603.1                                 2273.2          2.9    2273.2
   1  15   8   1   3          1665.7       1665.7        1667.5           2.1          2.9        598.56       600.66                     2268.2  22  12              1670.0              603.1                                 2273.2          2.9    2273.2
   1  15   8   1   4          1665.7       1665.7        1667.5           2.1          2.9        598.60       600.70                     2268.2  22  12              1670.0              603.1                                 2273.2          2.9    2273.2
   1  15   8   1   5          1665.7       1665.7        1667.6           2.1          2.9        598.63       600.74                     2268.3  22  12              1670.0              603.1                                 2273.2          2.9    2273.2
   1  15   8   1   6          1665.7       1665.7        1667.6           2.1          2.9        598.67       600.77                     2268.4  22  12              1670.0              603.1                                 2273.2          2.9    2273.2
   1  15   8   1   7          1665.7       1665.7        1667.7           2.1          2.9        598.71       600.81                     2268.5  22  12              1670.0              603.1                                 2273.2          2.9    2273.2
   1  15   8   1   8          1665.7       1665.7        1667.8           2.1          2.9        598.75       600.85                     2268.6  22  12              1670.0              603.1                                 2273.2          2.9    2273.2
   1  15   8   1   9          1665.7       1665.7        1667.9           2.1          2.9        598.79       600.89                     2268.8  22  12              1670.0              603.1                                 2273.2          2.9    2273.2
   1  15   8   1  10          1665.7       1665.7        1668.0           2.1          2.9        598.83       600.93                     2269.0  22  12              1670.0              603.1                                 2273.2          2.9    2273.2
   1  15   8   1  11          1665.7       1665.7        1668.2           2.1          2.9        598.86       600.97                     2269.2  22  12              1670.0              603.1                                 2273.2          2.9    2273.2
   1  15   8   1  12          1665.7       1665.7        1668.4           2.1          2.9        598.90       601.00                     2269.4  22  12              1670.0              603.1                                 2273.2          2.9    2273.2
   1  15   8   2   1          1665.7       1665.7        1667.5           2.1          2.9        598.55       600.65                     2268.1  22  12              1670.0              603.1                                 2273.2          2.9    2273.2
   1  15   8   2   2          1665.7       1665.7        1667.4           2.1          2.9        598.58       600.69                     2268.1  22  12              1670.0              603.1                                 2273.2          2.9    2273.2
   1  15   8   2   3          1665.7       1665.7        1667.4           2.1          2.9        598.62       600.73                     2268.1  22  12              1670.0              603.1                                 2273.2          2.9    2273.2
   1  15   8   2   4          1665.7       1665.7        1667.4           2.1          2.9        598.66       600.76                     2268.2  22  12              1670.0              603.1                                 2273.2          2.9    2273.2
   1  15   8   2   5          1665.7       1665.7        1667.4           2.1          2.9        598.70       600.80                     2268.2  22  12              1670.0              603.1                                 2273.2          2.9    2273.2
   1  15   8   2   6          1665.7       1665.7        1667.5           2.1          2.9        598.74       600.84                     2268.3  22  12              1670.0              603.1                                 2273.2          2.9    2273.2
   1  15   8   2   7          1665.7       1665.7        1667.5           2.1          2.9        598.78       600.88                     2268.4  22  12              1670.0              603.1                                 2273.2          2.9    2273.2
   1  15   8   2   8          1665.7       1665.7        1667.6           2.1          2.9        598.81       600.92                     2268.5  22  12              1670.0              603.1                                 2273.2          2.9    2273.2
   1  15   8   2   9          1665.7       1665.7        1667.7           2.1          2.9        598.85       600.95                     2268.7  22  12              1670.0              603.1                                 2273.2          2.9    2273.2
   1  15   8   2  10          1665.7       1665.7        1667.9           2.1          2.9        598.89       600.99                     2268.9  22  12              1670.0              603.1                                 2273.2          2.9    2273.2
   1  15   8   2  11          1665.7       1665.7        1668.1           2.1          2.9        598.93       601.03                     2269.1  22  12              1670.0              603.1                                 2273.2          2.9    2273.2
   1  15   8   2  12          1665.7       1665.7        1668.2           2.1          2.9        598.97       601.07                     2269.3  22  12              1670.0              603.1                                 2273.2          2.9    2273.2
   1  15   8   3   1          1665.7       1665.7        1667.3           2.1          2.9        598.61       600.71                     2268.1  22  12              1670.0              603.1                                 2273.2          2.9    2273.2
   1  15   8   3   2          1665.7       1665.7        1667.3           2.1          2.9        598.65       600.75                     2268.1  22  12              1670.0              603.1                                 2273.2          2.9    2273.2
   1  15   8   3   3          1665.7       1665.7        1667.3           2.1          2.9        598.69       600.79                     2268.1  22  12              1670.0              603.1                                 2273.2          2.9    2273.2
   1  15   8   3   4          1665.7       1665.7        1667.3           2.1          2.9        598.73       600.83                     2268.1  22  12              1670.0              603.1                                 2273.2          2.9    2273.2
   1  15   8   3   5          1665.7       1665.7        1667.3           2.1          2.9        598.76       600.87                     2268.1  22  12              1670.0              603.1                                 2273.2          2.9    2273.2
   1  15   8   3   6          1665.7       1665.7        1667.3           2.1          2.9        598.80       600.90                     2268.2  22  12              1670.0              603.1                                 2273.2          2.9    2273.2
   1  15   8   3   7          1665.7       1665.7        1667.4           2.1          2.9        598.84       600.94                     2268.3  22  12              1670.0              603.1                                 2273.2          2.9    2273.2
   1  15   8   3   8          1665.7       1665.7        1667.5           2.1          2.9        598.88       600.98                     2268.5  22  12              1670.0              603.1                                 2273.2          2.9    2273.2
   1  15   8   3   9          1665.7       1665.7        1667.6           2.1          2.9        598.92       601.02                     2268.6  22  12              1670.0              603.1                                 2273.2          2.9    2273.2
   1  15   8   3  10          1665.7       1665.7        1667.7           2.1          2.9        598.96       601.06                     2268.8  22  12              1670.0              603.1                                 2273.2          2.9    2273.2
   1  15   8   3  11          1665.7       1665.7        1667.9           2.1          2.9        598.99       601.10                     2269.0  22  12              1670.0              603.1                                 2273.2          2.9    2273.2
   1  15   8   3  12          1665.7       1665.7        1668.1           2.1          2.9        599.03       601.13                     2269.2  22  12              1670.0              603.1                                 2273.2          2.9    2273.2
   1  15   8   4   1          1665.7       1665.7        1667.2           2.4          2.9        598.68       601.04                     2268.3  22  12              1670.0              603.1                                 2273.2          2.9    2273.2
   1  15   8   4   2          1665.7       1665.7        1667.2           2.4          2.9        598.71       601.08                     2268.3  22  12              1670.0              603.1                                 2273.2          2.9    2273.2
   1  15   8   4   3          1665.7       1665.7        1667.1           2.4          2.9        598.75       601.11                     2268.3  22  12              1670.0              603.1                                 2273.2          2.9    2273.2
   1  15   8   4   4          1665.7       1665.7        1667.1           2.4          2.9        598.79       601.15                     2268.3  22  12              1670.0              603.1                                 2273.2          2.9    2273.2
   1  15   8   4   5          1665.7       1665.7        1667.1           2.4          2.9        598.83       601.19                     2268.3  22  12              1670.0              603.1                                 2273.2          2.9    2273.2
   1  15   8   4   6          1665.7       1665.7        1667.2           2.4          2.9        598.87       601.23                     2268.4  22  12              1670.0              603.1                                 2273.2          2.9    2273.2
   1  15   8   4   7          1665.7       1665.7        1667.2           2.4          2.9        598.91       601.27                     2268.5  22  12              1670.0              603.1                                 2273.2          2.9    2273.2
   1  15   8   4   8          1665.7       1665.7        1667.3           2.4          2.9        598.94       601.30                     2268.6  22  12              1670.0              603.1                                 2273.2          2.9    2273.2
   1  15   8   4   9          1665.7       1665.7        1667.4           2.4          2.9        598.98       601.34                     2268.8  22  12              1670.0              603.1                                 2273.2          2.9    2273.2
   1  15   8   4  10          1665.7       1665.7        1667.6           2.4          2.9        599.02       601.38                     2269.0  22  12              1670.0              603.1                                 2273.2          2.9    2273.2
   1  15   8   4  11          1665.7       1665.7        1667.8           2.4          2.9        599.06       601.42                     2269.2  22  12              1670.0              603.1                                 2273.2          2.9    2273.2
   1  15   8   4  12          1665.7       1665.7        1668.0           2.4          2.9        599.10       601.46                     2269.4  22  12              1670.0              603.1                                 2273.2          2.9    2273.2
   1  15   8   5   1          1665.7       1665.7        1667.2           2.5          2.9        598.74       601.28                     2268.4  22  12              1670.0              603.1                                 2273.2          2.9    2273.2
   1  15   8   5   2          1665.7       1665.7        1667.1           2.5          2.9        598.78       601.32                     2268.4  22  12              1670.0              603.1                                 2273.2          2.9    2273.2
   1  15   8   5   3          1665.7       1665.7        1667.0           2.5          2.9        598.82       601.36                     2268.4  22  12              1670.0              603.1                                 2273.2          2.9    2273.2
   1  15   8   5   4          1665.7       1665.7        1667.0           2.5          2.9        598.86       601.40                     2268.4  22  12              1670.0              603.1                                 2273.2          2.9    2273.2
   1  15   8   5   5          1665.7       1665.7        1667.0           2.5          2.9        598.89       601.43                     2268.4  22  12              1670.0              603.1                                 2273.2          2.9    2273.2
   1  15   8   5   6          1665.7       1665.7        1667.0           2.5          2.9        598.93       601.47                     2268.5  22  12              1670.0              603.1                                 2273.2          2.9    2273.2
   1  15   8   5   7          1665.7       1665.7        1667.1           2.5          2.9        598.97       601.51                     2268.6  22  12              1670.0              603.1                                 2273.2          2.9    2273.2
   1  15   8   5   8          1665.7       1665.7        1667.2           2.5          2.9        599.01       601.55                     2268.7  22  12              1670.0              603.1                                 2273.2          2.9    2273.2
   1  15   8   5   9          1665.7       1665.7        1667.3           2.5          2.9        599.05       601.59                     2268.9  22  12              1670.0              603.1                                 2273.2          2.9    2273.2
   1  15   8   5  10          1665.7       1665.7        1667.5           2.5          2.9        599.08       601.63                     2269.1  22  12              1670.0              603.1                                 2273.2          2.9    2273.2
   1  15   8   5  11          1665.7       1665.7        1667.6           2.5          2.9        599.12       601.66                     2269.3  22  12              1670.0              603.1                                 2273.2          2.9    2273.2
   1  15   8   5  12          1665.7       1665.7        1667.9           2.5          2.9        599.16       601.70                     2269.6  22  12              1670.0              603.1                                 2273.2          2.9    2273.2
   1  15   8   6   1          1665.7       1665.7        1667.1           2.7          2.9        598.81       601.48                     2268.6  22  12              1670.0              603.1                                 2273.2          2.9    2273.2
   1  15   8   6   2          1665.7       1665.7        1667.0           2.7          2.9        598.84       601.51                     2268.5  22  12              1670.0              603.1                                 2273.2          2.9    2273.2
   1  15   8   6   3          1665.7       1665.7        1666.9           2.7          2.9        598.88       601.55                     2268.5  22  12              1670.0              603.1                                 2273.2          2.9    2273.2
   1  15   8   6   4          1665.7       1665.7        1666.9           2.7          2.9        598.92       601.59                     2268.5  22  12              1670.0              603.1                                 2273.2          2.9    2273.2
   1  15   8   6   5          1665.7       1665.7        1666.9           2.7          2.9        598.96       601.63                     2268.5  22  12              1670.0              603.1                                 2273.2          2.9    2273.2
   1  15   8   6   6          1665.7       1665.7        1666.9           2.7          2.9        599.00       601.67                     2268.6  22  12              1670.0              603.1                                 2273.2          2.9    2273.2
   1  15   8   6   7          1665.7       1665.7        1666.9           2.7          2.9        599.03       601.71                     2268.6  22  12              1670.0              603.1                                 2273.2          2.9    2273.2
   1  15   8   6   8          1665.7       1665.7        1667.0           2.7          2.9        599.07       601.74                     2268.8  22  12              1670.0              603.1                                 2273.2          2.9    2273.2
   1  15   8   6   9          1665.7       1665.7        1667.2           2.7          2.9        599.11       601.78                     2268.9  22  12              1670.0              603.1                                 2273.2          2.9    2273.2
   1  15   8   6  10          1665.7       1665.7        1667.3           2.7          2.9        599.15       601.82                     2269.1  22  12              1670.0              603.1                                 2273.2          2.9    2273.2
   1  15   8   6  11          1665.7       1665.7        1667.5           2.7          2.9        599.19       601.86                     2269.4  22  12              1670.0              603.1                                 2273.2          2.9    2273.2
   1  15   8   6  12          1665.7       1665.7        1667.7           2.7          2.9        599.23       601.90                     2269.6  22  12              1670.0              603.1                                 2273.2          2.9    2273.2
   1  15   8   7   1          1665.7       1665.7        1667.0           2.8          2.9        598.87       601.68                     2268.7  22  12              1670.0              603.1                                 2273.2          2.9    2273.2
   1  15   8   7   2          1665.7       1665.7        1666.9           2.8          2.9        598.91       601.72                     2268.6  22  12              1670.0              603.1                                 2273.2          2.9    2273.2
   1  15   8   7   3          1665.7       1665.7        1666.8           2.8          2.9        598.95       601.76                     2268.6  22  12              1670.0              603.1                                 2273.2          2.9    2273.2
   1  15   8   7   4          1665.7       1665.7        1666.8           2.8          2.9        598.98       601.79                     2268.6  22  12              1670.0              603.1                                 2273.2          2.9    2273.2
   1  15   8   7   5          1665.7       1665.7        1666.7           2.8          2.9        599.02       601.83                     2268.6  22  12              1670.0              603.1                                 2273.2          2.9    2273.2
   1  15   8   7   6          1665.7       1665.7        1666.8           2.8          2.9        599.06       601.87                     2268.6  22  12              1670.0              603.1                                 2273.2          2.9    2273.2
   1  15   8   7   7          1665.7       1665.7        1666.8           2.8          2.9        599.10       601.91                     2268.7  22  12              1670.0              603.1                                 2273.2          2.9    2273.2
   1  15   8   7   8          1665.7       1665.7        1666.9           2.8          2.9        599.14       601.95                     2268.8  22  12              1670.0              603.1                                 2273.2          2.9    2273.2
   1  15   8   7   9          1665.7       1665.7        1667.0           2.8          2.9        599.18       601.98                     2269.0  22  12              1670.0              603.1                                 2273.2          2.9    2273.2
   1  15   8   7  10          1665.7       1665.7        1667.2           2.8          2.9        599.21       602.02                     2269.2  22  12              1670.0              603.1                                 2273.2          2.9    2273.2
   1  15   8   7  11          1665.7       1665.7        1667.4           2.8          2.9        599.25       602.06                     2269.4  22  12              1670.0              603.1                                 2273.2          2.9    2273.2
   1  15   8   7  12          1665.7       1665.7        1667.6           2.8          2.9        599.29       602.10                     2269.7  22  12              1670.0              603.1                                 2273.2          2.9    2273.2
   1  15   8   8   1          1665.7       1665.7        1666.9           2.9          2.9        598.94       601.82                     2268.8  22  12              1670.0              603.1                                 2273.2          2.9    2273.2
   1  15   8   8   2          1665.7       1665.7        1666.8           2.9          2.9        598.97       601.86                     2268.7  22  12              1670.0              603.1                                 2273.2          2.9    2273.2
   1  15   8   8   3          1665.7       1665.7        1666.7           2.9          2.9        599.01       601.90                     2268.6  22  12              1670.0              603.1                                 2273.2          2.9    2273.2
   1  15   8   8   4          1665.7       1665.7        1666.7           2.9          2.9        599.05       601.93                     2268.6  22  12              1670.0              603.1                                 2273.2          2.9    2273.2
   1  15   8   8   5          1665.7       1665.7        1666.6           2.9          2.9        599.09       601.97                     2268.6  22  12              1670.0              603.1                                 2273.2          2.9    2273.2
   1  15   8   8   6          1665.7       1665.7        1666.6           2.9          2.9        599.13       602.01                     2268.6  22  12              1670.0              603.1                                 2273.2          2.9    2273.2
   1  15   8   8   7          1665.7       1665.7        1666.7           2.9          2.9        599.16       602.05                     2268.7  22  12              1670.0              603.1                                 2273.2          2.9    2273.2
   1  15   8   8   8          1665.7       1665.7        1666.7           2.9          2.9        599.20       602.09                     2268.8  22  12              1670.0              603.1                                 2273.2          2.9    2273.2
   1  15   8   8   9          1665.7       1665.7        1666.9           2.9          2.9        599.24       602.13                     2269.0  22  12              1670.0              603.1                                 2273.2          2.9    2273.2
   1  15   8   8  10          1665.7       1665.7        1667.0           2.9          2.9        599.28       602.16                     2269.2  22  12              1670.0              603.1                                 2273.2          2.9    2273.2
   1  15   8   8  11          1665.7       1665.7        1667.3           2.9          2.9        599.32       602.20                     2269.5  22  12              1670.0              603.1                                 2273.2          2.9    2273.2
   1  15   8   8  12          1665.7       1665.7        1667.5           2.9          2.9        599.36       602.24                     2269.8  22  12              1670.0              603.1                                 2273.2          2.9    2273.2
   1  15   8   9   1          1665.7       1665.7        1666.9           2.9          2.9        599.00       601.88                     2268.8  22  12              1670.0              603.1                                 2273.2          2.9    2273.2
   1  15   8   9   2          1665.7       1665.7        1666.8           2.7          2.9        599.04       601.79                     2268.6  22  12              1670.0              603.1                                 2273.2          2.9    2273.2
   1  15   8   9   3          1665.7       1665.7        1666.7           2.7          2.9        599.08       601.82                     2268.5  22  12              1670.0              603.1                                 2273.2          2.9    2273.2
   1  15   8   9   4          1665.7       1665.7        1666.6           2.7          2.9        599.11       601.86                     2268.4  22  12              1670.0              603.1                                 2273.2          2.9    2273.2
   1  15   8   9   5          1665.7       1665.7        1666.5           2.7          2.9        599.15       601.90                     2268.4  22  12              1670.0              603.1                                 2273.2          2.9    2273.2
   1  15   8   9   6          1665.7       1665.7        1666.5           2.7          2.9        599.19       601.94                     2268.4  22  12              1670.0              603.1                                 2273.2          2.9    2273.2
   1  15   8   9   7          1665.7       1665.7        1666.5           2.7          2.9        599.23       601.98                     2268.5  22  12              1670.0              603.1                                 2273.2          2.9    2273.2
   1  15   8   9   8          1665.7       1665.7        1666.6           2.7          2.9        599.27       602.02                     2268.6  22  12              1670.0              603.1                                 2273.2          2.9    2273.2
   1  15   8   9   9          1665.7       1665.7        1666.7           2.7          2.9        599.31       602.05                     2268.8  22  12              1670.0              603.1                                 2273.2          2.9    2273.2
   1  15   8   9  10          1665.7       1665.7        1666.9           2.7          2.9        599.34       602.09                     2269.0  22  12              1670.0              603.1                                 2273.2          2.9    2273.2
   1  15   8   9  11          1665.7       1665.7        1667.1           2.7          2.9        599.38       602.13                     2269.3  22  12              1670.0              603.1                                 2273.2          2.9    2273.2
   1  15   8   9  12          1665.7       1665.7        1667.4           2.7          2.9        599.42       602.17                     2269.6  22  12              1670.0              603.1                                 2273.2          2.9    2273.2
   1  15   8  10   1          1665.7       1665.7        1666.9           2.9          2.9        599.07       601.95                     2268.8  22  12              1670.0              603.1                                 2273.2          2.9    2273.2
   1  15   8  10   2          1665.7       1665.7        1666.7           2.7          2.9        599.10       601.85                     2268.6  22  12              1670.0              603.1                                 2273.2          2.9    2273.2
   1  15   8  10   3          1665.7       1665.7        1666.6           2.6          2.9        599.14       601.71                     2268.3  22  12              1670.0              603.1                                 2273.2          2.9    2273.2
   1  15   8  10   4          1665.7       1665.7        1666.5           2.6          2.9        599.18       601.74                     2268.2  22  12              1670.0              603.1                                 2273.2          2.9    2273.2
   1  15   8  10   5          1665.7       1665.7        1666.4           2.6          2.9        599.22       601.78                     2268.2  22  12              1670.0              603.1                                 2273.2          2.9    2273.2
   1  15   8  10   6          1665.7       1665.7        1666.4           2.6          2.9        599.26       601.82                     2268.2  22  12              1670.0              603.1                                 2273.2          2.9    2273.2
   1  15   8  10   7          1665.7       1665.7        1666.4           2.6          2.9        599.29       601.86                     2268.2  22  12              1670.0              603.1                                 2273.2          2.9    2273.2
   1  15   8  10   8          1665.7       1665.7        1666.4           2.6          2.9        599.33       601.90                     2268.3  22  12              1670.0              603.1                                 2273.2          2.9    2273.2
   1  15   8  10   9          1665.7       1665.7        1666.6           2.6          2.9        599.37       601.94                     2268.5  22  12              1670.0              603.1                                 2273.2          2.9    2273.2
   1  15   8  10  10          1665.7       1665.7        1666.8           2.6          2.9        599.41       601.97                     2268.8  22  12              1670.0              603.1                                 2273.2          2.9    2273.2
   1  15   8  10  11          1665.7       1665.7        1667.0           2.6          2.9        599.45       602.01                     2269.0  22  12              1670.0              603.1                                 2273.2          2.9    2273.2
   1  15   8  10  12          1665.7       1665.7        1667.3           2.6          2.9        599.49       602.05                     2269.4  22  12              1670.0              603.1                                 2273.2          2.9    2273.2
   1  15   8  11   1          1665.7       1665.7        1666.9           2.9          2.9        599.13       602.01                     2268.9  22  12              1670.0              603.1                                 2273.2          2.9    2273.2
   1  15   8  11   2          1665.7       1665.7        1666.7           2.7          2.9        599.17       601.92                     2268.6  22  12              1670.0              603.1                                 2273.2          2.9    2273.2
   1  15   8  11   3          1665.7       1665.7        1666.6           2.6          2.9        599.21       601.77                     2268.3  22  12              1670.0              603.1                                 2273.2          2.9    2273.2
   1  15   8  11   4          1665.7       1665.7        1666.4           2.3          2.9        599.24       601.57                     2268.0  22  12              1670.0              603.1                                 2273.2          2.9    2273.2
   1  15   8  11   5          1665.7       1665.7        1666.3           2.3          2.9        599.28       601.61                     2267.9  22  12              1670.0              603.1                                 2273.2          2.9    2273.2
   1  15   8  11   6          1665.7       1665.7        1666.2           2.3          2.9        599.32       601.64                     2267.9  22  12              1670.0              603.1                                 2273.2          2.9    2273.2
   1  15   8  11   7          1665.7       1665.7        1666.2           2.3          2.9        599.36       601.68                     2267.9  22  12              1670.0              603.1                                 2273.2          2.9    2273.2
   1  15   8  11   8          1665.7       1665.7        1666.3           2.3          2.9        599.40       601.72                     2268.0  22  12              1670.0              603.1                                 2273.2          2.9    2273.2
   1  15   8  11   9          1665.7       1665.7        1666.4           2.3          2.9        599.44       601.76                     2268.2  22  12              1670.0              603.1                                 2273.2          2.9    2273.2
   1  15   8  11  10          1665.7       1665.7        1666.7           2.3          2.9        599.47       601.80                     2268.5  22  12              1670.0              603.1                                 2273.2          2.9    2273.2
   1  15   8  11  11          1665.7       1665.7        1666.9           2.3          2.9        599.51       601.84                     2268.8  22  12              1670.0              603.1                                 2273.2          2.9    2273.2
   1  15   8  11  12          1665.7       1665.7        1667.3           2.3          2.9        599.55       601.87                     2269.1  22  12              1670.0              603.1                                 2273.2          2.9    2273.2
   1  15   8  12   1          1665.7       1665.7        1666.9           2.9          2.9        599.19       602.08                     2269.0  22  12              1670.0              603.1                                 2273.2          2.9    2273.2
   1  15   8  12   2          1665.7       1665.7        1666.7           2.7          2.9        599.23       601.98                     2268.7  22  12              1670.0              603.1                                 2273.2          2.9    2273.2
   1  15   8  12   3          1665.7       1665.7        1666.5           2.6          2.9        599.27       601.84                     2268.4  22  12              1670.0              603.1                                 2273.2          2.9    2273.2
   1  15   8  12   4          1665.7       1665.7        1666.4           2.3          2.9        599.31       601.63                     2268.0  22  12              1670.0              603.1                                 2273.2          2.9    2273.2
   1  15   8  12   5          1665.7       1665.7        1666.2           2.0          2.9        599.35       601.31                     2267.6  22  12              1670.0              603.1                                 2273.2          2.9    2273.2
   1  15   8  12   6          1665.7       1665.7        1666.1           2.0          2.9        599.39       601.35                     2267.5  22  12              1670.0              603.1                                 2273.2          2.9    2273.2
   1  15   8  12   7          1665.7       1665.7        1666.1           2.0          2.9        599.42       601.39                     2267.5  22  12              1670.0              603.1                                 2273.2          2.9    2273.2
   1  15   8  12   8          1665.7       1665.7        1666.2           2.0          2.9        599.46       601.43                     2267.6  22  12              1670.0              603.1                                 2273.2          2.9    2273.2
   1  15   8  12   9          1665.7       1665.7        1666.3           2.0          2.9        599.50       601.47                     2267.8  22  12              1670.0              603.1                                 2273.2          2.9    2273.2
   1  15   8  12  10          1665.7       1665.7        1666.6           2.0          2.9        599.54       601.50                     2268.1  22  12              1670.0              603.1                                 2273.2          2.9    2273.2
   1  15   8  12  11          1665.7       1665.7        1666.9           2.0          2.9        599.58       601.54                     2268.4  22  12              1670.0              603.1                                 2273.2          2.9    2273.2
   1  15   8  12  12          1665.7       1665.7        1667.2           2.3          2.9        599.61       601.94                     2269.2  22  12              1670.0              603.1                                 2273.2          2.9    2273.2
   1  15   8  13   1          1665.7       1665.7        1667.0           2.9          2.9        599.26       602.14                     2269.1  22  12              1670.0              603.1                                 2273.2          2.9    2273.2
   1  15   8  13   2          1665.7       1665.7        1666.8           2.7          2.9        599.30       602.05                     2268.8  22  12              1670.0              603.1                                 2273.2          2.9    2273.2
   1  15   8  13   3          1665.7       1665.7        1666.6           2.6          2.9        599.34       601.90                     2268.5  22  12              1670.0              603.1                                 2273.2          2.9    2273.2
   1  15   8  13   4          1665.7       1665.7        1666.4           2.3          2.9        599.37       601.70                     2268.1  22  12              1670.0              603.1                                 2273.2          2.9    2273.2
   1  15   8  13   5          1665.7       1665.7        1666.2           2.0          2.9        599.41       601.38                     2267.6  22  12              1670.0              603.1                                 2273.2          2.9    2273.2
   1  15   8  13   6          1665.7       1665.7        1666.1           1.6          2.9        599.45       601.02                     2267.1  22  12              1670.0              603.1                                 2273.2          2.9    2273.2
   1  15   8  13   7          1665.7       1665.7        1666.0           1.6          2.9        599.49       601.06                     2267.0  22  12              1670.0              603.1                                 2273.2          2.9    2273.2
   1  15   8  13   8          1665.7       1665.7        1666.0           1.6          2.9        599.53       601.10                     2267.1  22  12              1670.0              603.1                                 2273.2          2.9    2273.2
   1  15   8  13   9          1665.7       1665.7        1666.2           1.6          2.9        599.57       601.14                     2267.3  22  12              1670.0              603.1                                 2273.2          2.9    2273.2
   1  15   8  13  10          1665.7       1665.7        1666.5           1.6          2.9        599.60       601.17                     2267.7  22  12              1670.0              603.1                                 2273.2          2.9    2273.2
   1  15   8  13  11          1665.7       1665.7        1666.8           2.0          2.9        599.64       601.61                     2268.5  22  12              1670.0              603.1                                 2273.2          2.9    2273.2
   1  15   8  13  12          1665.7       1665.7        1667.2           2.3          2.9        599.68       602.00                     2269.2  22  12              1670.0              603.1                                 2273.2          2.9    2273.2
   1  15   8  14   1          1665.7       1665.7        1667.1           2.9          2.9        599.32       602.21                     2269.3  22  12              1670.0              603.1                                 2273.2          2.9    2273.2
   1  15   8  14   2          1665.7       1665.7        1666.9           2.7          2.9        599.36       602.11                     2269.0  22  12              1670.0              603.1                                 2273.2          2.9    2273.2
   1  15   8  14   3          1665.7       1665.7        1666.7           2.6          2.9        599.40       601.97                     2268.6  22  12              1670.0              603.1                                 2273.2          2.9    2273.2
   1  15   8  14   4          1665.7       1665.7        1666.5           2.3          2.9        599.44       601.76                     2268.2  22  12              1670.0              603.1                                 2273.2          2.9    2273.2
   1  15   8  14   5          1665.7       1665.7        1666.2           2.0          2.9        599.48       601.44                     2267.7  22  12              1670.0              603.1                                 2273.2          2.9    2273.2
   1  15   8  14   6          1665.7       1665.7        1666.1           1.6          2.9        599.52       601.09                     2267.1  22  12              1670.0              603.1                                 2273.2          2.9    2273.2
   1  15   8  14   7          1665.7       1665.7        1665.9           1.1          2.9        599.55       600.67                     2266.6  22  12              1670.0              603.1                                 2273.2          2.9    2273.2
   1  15   8  14   8          1665.7       1665.7        1665.9           1.1          2.9        599.59       600.71                     2266.6  22  12              1670.0              603.1                                 2273.2          2.9    2273.2
   1  15   8  14   9          1665.7       1665.7        1666.1           1.1          2.9        599.63       600.75                     2266.8  22  12              1670.0              603.1                                 2273.2          2.9    2273.2
   1  15   8  14  10          1665.7       1665.7        1666.5           1.6          2.9        599.67       601.24                     2267.7  22  12              1670.0              603.1                                 2273.2          2.9    2273.2
   1  15   8  14  11          1665.7       1665.7        1666.9           2.0          2.9        599.71       601.67                     2268.6  22  12              1670.0              603.1                                 2273.2          2.9    2273.2
   1  15   8  14  12          1665.7       1665.7        1667.3           2.3          2.9        599.74       602.07                     2269.4  22  12              1670.0              603.1                                 2273.2          2.9    2273.2
   1  15   8  15   1          1665.7       1665.7        1667.3           2.9          2.9        599.39       602.27                     2269.5  22  12              1670.0              603.1                                 2273.2          2.9    2273.2
   1  15   8  15   2          1665.7       1665.7        1667.0           2.7          2.9        599.43       602.18                     2269.2  22  12              1670.0              603.1                                 2273.2          2.9    2273.2
   1  15   8  15   3          1665.7       1665.7        1666.8           2.6          2.9        599.47       602.03                     2268.8  22  12              1670.0              603.1                                 2273.2          2.9    2273.2
   1  15   8  15   4          1665.7       1665.7        1666.6           2.3          2.9        599.50       601.83                     2268.4  22  12              1670.0              603.1                                 2273.2          2.9    2273.2
   1  15   8  15   5          1665.7       1665.7        1666.4           2.0          2.9        599.54       601.51                     2267.9  22  12              1670.0              603.1                                 2273.2          2.9    2273.2
   1  15   8  15   6          1665.7       1665.7        1666.2           1.6          2.9        599.58       601.15                     2267.3  22  12              1670.0              603.1                                 2273.2          2.9    2273.2
   1  15   8  15   7          1665.7       1665.7        1665.9           1.1          2.9        599.62       600.74                     2266.7  22  12              1670.0              603.1                                 2273.2          2.9    2273.2
   1  15   8  15   8          1665.7       1665.7        1665.7           0.5          2.9        599.66       600.19                     2265.9  22  12              1670.0              603.1                                 2273.2          2.9    2273.2
   1  15   8  15   9          1665.7       1665.7        1666.1           1.1          2.9        599.69       600.81                     2267.0  22  12              1670.0              603.1                                 2273.2          2.9    2273.2
   1  15   8  15  10          1665.7       1665.7        1666.6           1.6          2.9        599.73       601.30                     2267.9  22  12              1670.0              603.1                                 2273.2          2.9    2273.2
   1  15   8  15  11          1665.7       1665.7        1667.0           2.0          2.9        599.77       601.74                     2268.7  22  12              1670.0              603.1                                 2273.2          2.9    2273.2
   1  15   8  15  12          1665.7       1665.7        1667.4           2.3          2.9        599.81       602.13                     2269.6  22  12              1670.0              603.1                                 2273.2          2.9    2273.2
   1  15   8  16   1          1665.7       1665.7        1667.5           2.9          2.9        599.45       602.34                     2269.8  22  12              1670.0              603.1                                 2273.2          2.9    2273.2
   1  15   8  16   2          1665.7       1665.7        1667.2           2.7          2.9        599.49       602.24                     2269.5  22  12              1670.0              603.1                                 2273.2          2.9    2273.2
   1  15   8  16   3          1665.7       1665.7        1667.0           2.6          2.9        599.53       602.10                     2269.1  22  12              1670.0              603.1                                 2273.2          2.9    2273.2
   1  15   8  16   4          1665.7       1665.7        1666.8           2.3          2.9        599.57       601.89                     2268.7  22  12              1670.0              603.1                                 2273.2          2.9    2273.2
   1  15   8  16   5          1665.7       1665.7        1666.6           2.0          2.9        599.61       601.57                     2268.2  22  12              1670.0              603.1                                 2273.2          2.9    2273.2
   1  15   8  16   6          1665.7       1665.7        1666.4           1.6          2.9        599.65       601.22                     2267.6  22  12              1670.0              603.1                                 2273.2          2.9    2273.2
   1  15   8  16   7          1665.7       1665.7        1666.2           1.1          2.9        599.68       600.80                     2267.0  22  12              1670.0              603.1                                 2273.2          2.9    2273.2
   1  15   8  16   8          1665.7       1665.7        1666.2           1.1          2.9        599.72       600.84                     2267.1  22  12              1670.0              603.1                                 2273.2          2.9    2273.2
   1  15   8  16   9          1665.7       1665.7        1666.5           1.1          2.9        599.76       600.88                     2267.3  22  12              1670.0              603.1                                 2273.2          2.9    2273.2
   1  15   8  16  10          1665.7       1665.7        1666.8           1.6          2.9        599.80       601.37                     2268.2  22  12              1670.0              603.1                                 2273.2          2.9    2273.2
   1  15   8  16  11          1665.7       1665.7        1667.2           2.0          2.9        599.84       601.80                     2269.0  22  12              1670.0              603.1                                 2273.2          2.9    2273.2
   1  15   8  16  12          1665.7       1665.7        1667.7           2.3          2.9        599.87       602.20                     2269.9  22  12              1670.0              603.1                                 2273.2          2.9    2273.2
   1  15   8  17   1          1665.7       1665.7        1667.7           2.9          2.9        599.52       602.40                     2270.1  22  12              1670.0              603.1                                 2273.2          2.9    2273.2
   1  15   8  17   2          1665.7       1665.7        1667.5           2.7          2.9        599.56       602.31                     2269.8  22  12              1670.0              603.1                                 2273.2          2.9    2273.2
   1  15   8  17   3          1665.7       1665.7        1667.3           2.6          2.9        599.60       602.16                     2269.5  22  12              1670.0              603.1                                 2273.2          2.9    2273.2
   1  15   8  17   4          1665.7       1665.7        1667.1           2.3          2.9        599.63       601.96                     2269.1  22  12              1670.0              603.1                                 2273.2          2.9    2273.2
   1  15   8  17   5          1665.7       1665.7        1666.9           2.0          2.9        599.67       601.64                     2268.6  22  12              1670.0              603.1                                 2273.2          2.9    2273.2
   1  15   8  17   6          1665.7       1665.7        1666.8           1.6          2.9        599.71       601.28                     2268.1  22  12              1670.0              603.1                                 2273.2          2.9    2273.2
   1  15   8  17   7          1665.7       1665.7        1666.7           1.6          2.9        599.75       601.32                     2268.0  22  12              1670.0              603.1                                 2273.2          2.9    2273.2
   1  15   8  17   8          1665.7       1665.7        1666.7           1.6          2.9        599.79       601.36                     2268.1  22  12              1670.0              603.1                                 2273.2          2.9    2273.2
   1  15   8  17   9          1665.7       1665.7        1666.9           1.6          2.9        599.82       601.39                     2268.3  22  12              1670.0              603.1                                 2273.2          2.9    2273.2
   1  15   8  17  10          1665.7       1665.7        1667.2           1.6          2.9        599.86       601.43                     2268.6  22  12              1670.0              603.1                                 2273.2          2.9    2273.2
   1  15   8  17  11          1665.7       1665.7        1667.6           2.0          2.9        599.90       601.87                     2269.4  22  12              1670.0              603.1                                 2273.2          2.9    2273.2
   1  15   8  17  12          1665.7       1665.7        1668.0           2.3          2.9        599.94       602.26                     2270.2  22  12              1670.0              603.1                                 2273.2          2.9    2273.2
   1  15   8  18   1          1665.7       1665.7        1668.0           2.9          2.9        599.58       602.47                     2270.5  22  12              1670.0              603.1                                 2273.2          2.9    2273.2
   1  15   8  18   2          1665.7       1665.7        1667.8           2.7          2.9        599.62       602.37                     2270.2  22  12              1670.0              603.1                                 2273.2          2.9    2273.2
   1  15   8  18   3          1665.7       1665.7        1667.6           2.6          2.9        599.66       602.23                     2269.9  22  12              1670.0              603.1                                 2273.2          2.9    2273.2
   1  15   8  18   4          1665.7       1665.7        1667.5           2.3          2.9        599.70       602.02                     2269.5  22  12              1670.0              603.1                                 2273.2          2.9    2273.2
   1  15   8  18   5          1665.7       1665.7        1667.3           2.0          2.9        599.74       601.70                     2269.0  22  12              1670.0              603.1                                 2273.2          2.9    2273.2
   1  15   8  18   6          1665.7       1665.7        1667.2           2.0          2.9        599.78       601.74                     2269.0  22  12              1670.0              603.1                                 2273.2          2.9    2273.2
   1  15   8  18   7          1665.7       1665.7        1667.2           2.0          2.9        599.81       601.78                     2269.0  22  12              1670.0              603.1                                 2273.2          2.9    2273.2
   1  15   8  18   8          1665.7       1665.7        1667.2           2.0          2.9        599.85       601.82                     2269.1  22  12              1670.0              603.1                                 2273.2          2.9    2273.2
   1  15   8  18   9          1665.7       1665.7        1667.4           2.0          2.9        599.89       601.85                     2269.2  22  12              1670.0              603.1                                 2273.2          2.9    2273.2
   1  15   8  18  10          1665.7       1665.7        1667.6           2.0          2.9        599.93       601.89                     2269.5  22  12              1670.0              603.1                                 2273.2          2.9    2273.2
   1  15   8  18  11          1665.7       1665.7        1668.0           2.0          2.9        599.97       601.93                     2269.9  22  12              1670.0              603.1                                 2273.2          2.9    2273.2
   1  15   8  18  12          1665.7       1665.7        1668.3           2.3          2.9        600.00       602.33                     2270.6  22  12              1670.0              603.1                                 2273.2          2.9    2273.2
   1  15   8  19   1          1665.7       1665.7        1668.3           2.9          2.9        599.65       602.53                     2270.9  22  12              1670.0              603.1                                 2273.2          2.9    2273.2
   1  15   8  19   2          1665.7       1665.7        1668.2           2.7          2.9        599.69       602.44                     2270.6  22  12              1670.0              603.1                                 2273.2          2.9    2273.2
   1  15   8  19   3          1665.7       1665.7        1668.0           2.6          2.9        599.73       602.29                     2270.3  22  12              1670.0              603.1                                 2273.2          2.9    2273.2
   1  15   8  19   4          1665.7       1665.7        1667.9           2.3          2.9        599.76       602.09                     2269.9  22  12              1670.0              603.1                                 2273.2          2.9    2273.2
   1  15   8  19   5          1665.7       1665.7        1667.8           2.3          2.9        599.80       602.13                     2269.9  22  12              1670.0              603.1                                 2273.2          2.9    2273.2
   1  15   8  19   6          1665.7       1665.7        1667.7           2.3          2.9        599.84       602.16                     2269.8  22  12              1670.0              603.1                                 2273.2          2.9    2273.2
   1  15   8  19   7          1665.7       1665.7        1667.7           2.3          2.9        599.88       602.20                     2269.9  22  12              1670.0              603.1                                 2273.2          2.9    2273.2
   1  15   8  19   8          1665.7       1665.7        1667.7           2.3          2.9        599.92       602.24                     2270.0  22  12              1670.0              603.1                                 2273.2          2.9    2273.2
   1  15   8  19   9          1665.7       1665.7        1667.9           2.3          2.9        599.95       602.28                     2270.2  22  12              1670.0              603.1                                 2273.2          2.9    2273.2
   1  15   8  19  10          1665.7       1665.7        1668.1           2.3          2.9        599.99       602.32                     2270.4  22  12              1670.0              603.1                                 2273.2          2.9    2273.2
   1  15   8  19  11          1665.7       1665.7        1668.4           2.3          2.9        600.03       602.35                     2270.7  22  12              1670.0              603.1                                 2273.2          2.9    2273.2
   1  15   8  19  12          1665.7       1665.7        1668.7           2.3          2.9        600.07       602.39                     2271.1  22  12              1670.0              603.1                                 2273.2          2.9    2273.2
   1  15   8  20   1          1665.7       1665.7        1668.7           2.9          2.9        599.71       602.60                     2271.3  22  12              1670.0              603.1                                 2273.2          2.9    2273.2
   1  15   8  20   2          1665.7       1665.7        1668.5           2.7          2.9        599.75       602.50                     2271.0  22  12              1670.0              603.1                                 2273.2          2.9    2273.2
   1  15   8  20   3          1665.7       1665.7        1668.4           2.6          2.9        599.79       602.36                     2270.8  22  12              1670.0              603.1                                 2273.2          2.9    2273.2
   1  15   8  20   4          1665.7       1665.7        1668.3           2.6          2.9        599.83       602.39                     2270.7  22  12              1670.0              603.1                                 2273.2          2.9    2273.2
   1  15   8  20   5          1665.7       1665.7        1668.2           2.6          2.9        599.87       602.43                     2270.6  22  12              1670.0              603.1                                 2273.2          2.9    2273.2
   1  15   8  20   6          1665.7       1665.7        1668.2           2.6          2.9        599.90       602.47                     2270.6  22  12              1670.0              603.1                                 2273.2          2.9    2273.2
   1  15   8  20   7          1665.7       1665.7        1668.2           2.6          2.9        599.94       602.51                     2270.7  22  12              1670.0              603.1                                 2273.2          2.9    2273.2
   1  15   8  20   8          1665.7       1665.7        1668.2           2.6          2.9        599.98       602.55                     2270.8  22  12              1670.0              603.1                                 2273.2          2.9    2273.2
   1  15   8  20   9          1665.7       1665.7        1668.4           2.6          2.9        600.02       602.58                     2271.0  22  12              1670.0              603.1                                 2273.2          2.9    2273.2
   1  15   8  20  10          1665.7       1665.7        1668.6           2.6          2.9        600.06       602.62                     2271.2  22  12              1670.0              603.1                                 2273.2          2.9    2273.2
   1  15   8  20  11          1665.7       1665.7        1668.8           2.6          2.9        600.10       602.66                     2271.5  22  12              1670.0              603.1                                 2273.2          2.9    2273.2
   1  15   8  20  12          1665.7       1665.7        1669.1           2.6          2.9        600.13       602.70                     2271.8  22  12              1670.0              603.1                                 2273.2          2.9    2273.2
   1  15   8  21   1          1665.7       1665.7        1669.1           2.9          2.9        599.78       602.66                     2271.7  22  12              1670.0              603.1                                 2273.2          2.9    2273.2
   1  15   8  21   2          1665.7       1665.7        1668.9           2.7          2.9        599.82       602.57                     2271.5  22  12              1670.0              603.1                                 2273.2          2.9    2273.2
   1  15   8  21   3          1665.7       1665.7        1668.8           2.7          2.9        599.86       602.60                     2271.4  22  12              1670.0              603.1                                 2273.2          2.9    2273.2
   1  15   8  21   4          1665.7       1665.7        1668.7           2.7          2.9        599.89       602.64                     2271.4  22  12              1670.0              603.1                                 2273.2          2.9    2273.2
   1  15   8  21   5          1665.7       1665.7        1668.7           2.7          2.9        599.93       602.68                     2271.3  22  12              1670.0              603.1                                 2273.2          2.9    2273.2
   1  15   8  21   6          1665.7       1665.7        1668.6           2.7          2.9        599.97       602.72                     2271.4  22  12              1670.0              603.1                                 2273.2          2.9    2273.2
   1  15   8  21   7          1665.7       1665.7        1668.7           2.7          2.9        600.01       602.76                     2271.4  22  12              1670.0              603.1                                 2273.2          2.9    2273.2
   1  15   8  21   8          1665.7       1665.7        1668.8           2.7          2.9        600.05       602.79                     2271.5  22  12              1670.0              603.1                                 2273.2          2.9    2273.2
   1  15   8  21   9          1665.7       1665.7        1668.9           2.7          2.9        600.08       602.83                     2271.7  22  12              1670.0              603.1                                 2273.2          2.9    2273.2
   1  15   8  21  10          1665.7       1665.7        1669.1           2.7          2.9        600.12       602.87                     2271.9  22  12              1670.0              603.1                                 2273.2          2.9    2273.2
   1  15   8  21  11          1665.7       1665.7        1669.3           2.7          2.9        600.16       602.91                     2272.2  22  12              1670.0              603.1                                 2273.2          2.9    2273.2
   1  15   8  21  12          1665.7       1665.7        1669.6           2.7          2.9        600.20       602.95                     2272.5  22  12              1670.0              603.1                                 2273.2          2.9    2273.2
   1  15   8  22   1          1665.7       1665.7        1669.5           2.9          2.9        599.84       602.73                     2272.2  22  12              1670.0              603.1                                 2273.2          2.9    2273.2
   1  15   8  22   2          1665.7       1665.7        1669.4           2.9          2.9        599.88       602.77                     2272.1  22  12              1670.0              603.1                                 2273.2          2.9    2273.2
   1  15   8  22   3          1665.7       1665.7        1669.3           2.9          2.9        599.92       602.81                     2272.1  22  12              1670.0              603.1                                 2273.2          2.9    2273.2
   1  15   8  22   4          1665.7       1665.7        1669.2           2.9          2.9        599.96       602.84                     2272.0  22  12              1670.0              603.1                                 2273.2          2.9    2273.2
   1  15   8  22   5          1665.7       1665.7        1669.1           2.9          2.9        600.00       602.88                     2272.0  22  12              1670.0              603.1                                 2273.2          2.9    2273.2
   1  15   8  22   6          1665.7       1665.7        1669.1           2.9          2.9        600.03       602.92                     2272.1  22  12              1670.0              603.1                                 2273.2          2.9    2273.2
   1  15   8  22   7          1665.7       1665.7        1669.2           2.9          2.9        600.07       602.96                     2272.1  22  12              1670.0              603.1                                 2273.2          2.9    2273.2
   1  15   8  22   8          1665.7       1665.7        1669.3           2.9          2.9        600.11       603.00                     2272.3  22  12              1670.0              603.1                                 2273.2          2.9    2273.2
   1  15   8  22   9          1665.7       1665.7        1669.4           2.9          2.9        600.15       603.03                     2272.4  22  12              1670.0              603.1                                 2273.2          2.9    2273.2
   1  15   8  22  10          1665.7       1665.7        1669.6           2.9          2.9        600.19       603.07                     2272.6  22  12              1670.0              603.1                                 2273.2          2.9    2273.2
   1  15   8  22  11          1665.7       1665.7        1669.8           2.9          2.9        600.23       603.11                     2272.9  22  12              1670.0              603.1                                 2273.2          2.9    2273.2
   1  15   8  22  12          1665.7       1665.7        1670.0           2.9          2.9        600.26       603.15                     2273.2  22  12              1670.0              603.1                                 2273.2          2.9    2273.2
