**********************************************
*******     Site #   1
Average PSA and Fourier spectrum over     1 trials
damping:   5%
  50 samples
Mag.          =      6.00
siteLat       =     44.88
siteLon       =     11.06
depth         =      3.70
R             =   6082.53
azimuth       =  18628.39
fault Dis.(km)=  6229.97
Hypo  Dis.(km)=  6094.66
Input Parameters file =  MRN_exsim_z_parameters.out                                                                                              
 data format: (1x,f10.3, 1p, 1x,e11.4, 5x,e11.4, 2x,e11.4, 1x,e11.4)
   freq(Hz)     per(s) FAS(cm/sec) avgPSA(cm/s**2) avgPSV(cm/s)   avgSD(cm)        minY        maxY
     -1.000        NaN         NaN             Nan   2.9087E-03         Nan
    999.900      0.000         Nan      1.3919E-03          NaN         NaN  1.3919E-03  1.3919E-03
      0.200      5.000  9.5671E-06      1.6764E-03   1.3340E-03  1.0616E-03
      0.217      4.616  6.3827E-06      1.6259E-03   1.1946E-03  8.7768E-04
      0.235      4.262  7.3899E-06      1.5857E-03   1.0756E-03  7.2964E-04
      0.254      3.935  7.4035E-06      1.5532E-03   9.7275E-04  6.0922E-04
      0.275      3.633  5.5530E-06      1.5267E-03   8.8279E-04  5.1046E-04
      0.298      3.354  5.9988E-06      1.5050E-03   8.0344E-04  4.2892E-04
      0.323      3.097  1.0131E-05      1.4870E-03   7.3292E-04  3.6125E-04
      0.350      2.859  1.3715E-05      1.4720E-03   6.6987E-04  3.0484E-04
      0.379      2.640  1.4396E-05      1.4595E-03   6.1323E-04  2.5765E-04
      0.410      2.437  1.3294E-05      1.4491E-03   5.6212E-04  2.1805E-04
      0.444      2.250  1.4097E-05      1.4403E-03   5.1585E-04  1.8475E-04
      0.481      2.078  1.6287E-05      1.4329E-03   4.7382E-04  1.5668E-04
      0.521      1.918  1.5411E-05      1.4267E-03   4.3557E-04  1.3297E-04
      0.565      1.771  1.3231E-05      1.4215E-03   4.0066E-04  1.1293E-04
      0.612      1.635  1.3313E-05      1.4170E-03   3.6876E-04  9.5965E-05
      0.662      1.510  9.9042E-06      1.4132E-03   3.3956E-04  8.1585E-05
      0.717      1.394  7.6146E-06      1.4100E-03   3.1279E-04  6.9388E-05
      0.777      1.287  4.8034E-06      1.4073E-03   2.8824E-04  5.9034E-05
      0.842      1.188  4.2580E-06      1.4050E-03   2.6569E-04  5.0240E-05
      0.912      1.097  3.5296E-06      1.4031E-03   2.4496E-04  4.2766E-05
      0.987      1.013  4.4362E-06      1.4014E-03   2.2589E-04  3.6411E-05
      1.069      0.935  3.6410E-06      1.4000E-03   2.0835E-04  3.1006E-05
      1.158      0.863  2.2540E-06      1.3988E-03   1.9220E-04  2.6408E-05
      1.255      0.797  2.8749E-06      1.3978E-03   1.7732E-04  2.2494E-05
      1.359      0.736  4.5316E-06      1.3969E-03   1.6361E-04  1.9163E-05
      1.472      0.679  4.7756E-06      1.3962E-03   1.5098E-04  1.6326E-05
      1.594      0.627  2.3364E-06      1.3955E-03   1.3933E-04  1.3910E-05
      1.727      0.579  1.4987E-06      1.3950E-03   1.2859E-04  1.1853E-05
      1.870      0.535  2.9420E-06      1.3946E-03   1.1868E-04  1.0100E-05
      2.026      0.494  2.3651E-06      1.3942E-03   1.0954E-04  8.6073E-06
      2.194      0.456  1.0742E-06      1.3938E-03   1.0111E-04  7.3353E-06
      2.376      0.421  2.8549E-06      1.3936E-03   9.3337E-05  6.2515E-06
      2.574      0.389  3.4741E-06      1.3933E-03   8.6160E-05  5.3280E-06
      2.788      0.359  1.3751E-06      1.3931E-03   7.9537E-05  4.5410E-06
      3.019      0.331  7.9890E-07      1.3929E-03   7.3425E-05  3.8704E-06
      3.270      0.306  1.1435E-06      1.3928E-03   6.7783E-05  3.2989E-06
      3.542      0.282  1.5241E-06      1.3927E-03   6.2576E-05  2.8118E-06
      3.836      0.261  1.2102E-06      1.3925E-03   5.7770E-05  2.3966E-06
      4.155      0.241  1.3401E-06      1.3925E-03   5.3334E-05  2.0428E-06
      4.501      0.222  3.9841E-07      1.3924E-03   4.9238E-05  1.7412E-06
      4.875      0.205  1.2680E-06      1.3923E-03   4.5458E-05  1.4842E-06
      5.280      0.189  1.9702E-06      1.3922E-03   4.1968E-05  1.2651E-06
      5.719      0.175  1.5946E-06      1.3922E-03   3.8746E-05  1.0784E-06
      6.194      0.161  1.9005E-06      1.3922E-03   3.5772E-05  9.1919E-07
      6.709      0.149  9.4659E-07      1.3921E-03   3.3026E-05  7.8351E-07
      7.266      0.138  1.1649E-06      1.3921E-03   3.0492E-05  6.6787E-07
      7.870      0.127  4.8395E-07      1.3921E-03   2.8151E-05  5.6930E-07
      8.524      0.117  6.1737E-07      1.3920E-03   2.5991E-05  4.8527E-07
      9.233      0.108  8.3611E-07      1.3920E-03   2.3996E-05  4.1365E-07
     10.000      0.100  3.1074E-07      1.3920E-03   2.2155E-05  3.5260E-07
 
 
