**********************************************
*******     Site #   1
Average PSA and Fourier spectrum over     1 trials
damping:   5%
  50 samples
Mag.          =      6.00
siteLat       =     44.88
siteLon       =     11.06
depth         =      3.70
R             =   6082.53
azimuth       =  18628.39
fault Dis.(km)=  6229.97
Hypo  Dis.(km)=  6094.66
Input Parameters file =  MRN_exsim_x_parameters.out                                                                                              
 data format: (1x,f10.3, 1p, 1x,e11.4, 5x,e11.4, 2x,e11.4, 1x,e11.4)
   freq(Hz)     per(s) FAS(cm/sec) avgPSA(cm/s**2) avgPSV(cm/s)   avgSD(cm)        minY        maxY
     -1.000        NaN         NaN             Nan   3.6017E-03         Nan
    999.900      0.000         Nan      1.6585E-03          NaN         NaN  1.6585E-03  1.6585E-03
      0.200      5.000  3.8437E-05      1.9438E-03   1.5469E-03  1.2310E-03
      0.217      4.616  2.8645E-05      1.8933E-03   1.3910E-03  1.0220E-03
      0.235      4.262  1.9895E-05      1.8531E-03   1.2570E-03  8.5267E-04
      0.254      3.935  1.6973E-05      1.8206E-03   1.1402E-03  7.1408E-04
      0.275      3.633  1.9878E-05      1.7940E-03   1.0374E-03  5.9982E-04
      0.298      3.354  2.3592E-05      1.7722E-03   9.4610E-04  5.0508E-04
      0.323      3.097  2.4841E-05      1.7541E-03   8.6461E-04  4.2616E-04
      0.350      2.859  2.2144E-05      1.7391E-03   7.9143E-04  3.6016E-04
      0.379      2.640  1.6853E-05      1.7266E-03   7.2543E-04  3.0479E-04
      0.410      2.437  1.6084E-05      1.7161E-03   6.6569E-04  2.5823E-04
      0.444      2.250  2.1549E-05      1.7073E-03   6.1145E-04  2.1899E-04
      0.481      2.078  2.1916E-05      1.6998E-03   5.6207E-04  1.8586E-04
      0.521      1.918  1.5989E-05      1.6936E-03   5.1703E-04  1.5785E-04
      0.565      1.771  1.7549E-05      1.6883E-03   4.7586E-04  1.3413E-04
      0.612      1.635  1.8288E-05      1.6838E-03   4.3818E-04  1.1403E-04
      0.662      1.510  1.2462E-05      1.6800E-03   4.0365E-04  9.6984E-05
      0.717      1.394  1.5386E-05      1.6768E-03   3.7196E-04  8.2512E-05
      0.777      1.287  1.0361E-05      1.6740E-03   3.4286E-04  7.0221E-05
      0.842      1.188  1.0371E-05      1.6717E-03   3.1611E-04  5.9775E-05
      0.912      1.097  7.5963E-06      1.6697E-03   2.9151E-04  5.0893E-05
      0.987      1.013  7.0070E-06      1.6681E-03   2.6887E-04  4.3339E-05
      1.069      0.935  6.8055E-06      1.6666E-03   2.4803E-04  3.6911E-05
      1.158      0.863  7.3347E-06      1.6654E-03   2.2883E-04  3.1441E-05
      1.255      0.797  6.1659E-06      1.6644E-03   2.1114E-04  2.6784E-05
      1.359      0.736  7.3550E-06      1.6635E-03   1.9483E-04  2.2820E-05
      1.472      0.679  4.1403E-06      1.6628E-03   1.7980E-04  1.9443E-05
      1.594      0.627  2.6264E-06      1.6621E-03   1.6594E-04  1.6567E-05
      1.727      0.579  4.0392E-06      1.6616E-03   1.5316E-04  1.4118E-05
      1.870      0.535  4.1422E-07      1.6611E-03   1.4137E-04  1.2031E-05
      2.026      0.494  3.2090E-06      1.6607E-03   1.3049E-04  1.0253E-05
      2.194      0.456  3.8119E-06      1.6604E-03   1.2045E-04  8.7381E-06
      2.376      0.421  3.3864E-06      1.6601E-03   1.1119E-04  7.4473E-06
      2.574      0.389  1.1952E-06      1.6599E-03   1.0264E-04  6.3473E-06
      2.788      0.359  2.3575E-06      1.6597E-03   9.4755E-05  5.4099E-06
      3.019      0.331  1.0275E-06      1.6595E-03   8.7475E-05  4.6110E-06
      3.270      0.306  1.3822E-06      1.6593E-03   8.0755E-05  3.9302E-06
      3.542      0.282  4.3689E-07      1.6592E-03   7.4553E-05  3.3499E-06
      3.836      0.261  7.0339E-07      1.6591E-03   6.8828E-05  2.8553E-06
      4.155      0.241  1.7244E-06      1.6590E-03   6.3543E-05  2.4338E-06
      4.501      0.222  5.2387E-07      1.6589E-03   5.8664E-05  2.0745E-06
      4.875      0.205  7.6348E-07      1.6588E-03   5.4160E-05  1.7683E-06
      5.280      0.189  1.8857E-06      1.6588E-03   5.0003E-05  1.5073E-06
      5.719      0.175  2.1449E-06      1.6587E-03   4.6164E-05  1.2848E-06
      6.194      0.161  1.2575E-06      1.6587E-03   4.2621E-05  1.0952E-06
      6.709      0.149  1.2531E-07      1.6587E-03   3.9350E-05  9.3353E-07
      7.266      0.138  9.4481E-07      1.6586E-03   3.6330E-05  7.9574E-07
      7.870      0.127  4.5657E-07      1.6586E-03   3.3541E-05  6.7830E-07
      8.524      0.117  1.0139E-06      1.6586E-03   3.0967E-05  5.7819E-07
      9.233      0.108  8.3113E-07      1.6586E-03   2.8591E-05  4.9285E-07
     10.000      0.100  1.2638E-06      1.6585E-03   2.6397E-05  4.2011E-07
 
 
