**********************************************
*******     Site #   1
Average PSA and Fourier spectrum over     1 trials
damping:   5%
  50 samples
Mag.          =      6.00
siteLat       =     44.88
siteLon       =     11.06
depth         =      3.70
R             =   5984.30
azimuth       =  18599.22
fault Dis.(km)=  6141.93
Hypo  Dis.(km)=  5996.57
Input Parameters file =  MRN_exsim_parameters.out                                                                                                
 data format: (1x,f10.3, 1p, 1x,e11.4, 5x,e11.4, 2x,e11.4, 1x,e11.4)
   freq(Hz)     per(s) FAS(cm/sec) avgPSA(cm/s**2) avgPSV(cm/s)   avgSD(cm)        minY        maxY
     -1.000        NaN         NaN             Nan   3.7900E-03         Nan
    999.900      0.000         Nan      1.6755E-03          NaN         NaN  1.6755E-03  1.6755E-03
      0.200      5.000  4.3107E-05      1.9719E-03   1.5692E-03  1.2487E-03
      0.217      4.616  3.3683E-05      1.9210E-03   1.4114E-03  1.0370E-03
      0.235      4.262  2.4091E-05      1.8798E-03   1.2751E-03  8.6496E-04
      0.254      3.935  1.9794E-05      1.8461E-03   1.1562E-03  7.2412E-04
      0.275      3.633  2.2249E-05      1.8185E-03   1.0515E-03  6.0802E-04
      0.298      3.354  2.5607E-05      1.7957E-03   9.5865E-04  5.1178E-04
      0.323      3.097  2.5508E-05      1.7768E-03   8.7575E-04  4.3165E-04
      0.350      2.859  2.0697E-05      1.7609E-03   8.0136E-04  3.6468E-04
      0.379      2.640  1.3056E-05      1.7477E-03   7.3431E-04  3.0852E-04
      0.410      2.437  8.4935E-06      1.7366E-03   6.7366E-04  2.6132E-04
      0.444      2.250  1.1951E-05      1.7273E-03   6.1862E-04  2.2156E-04
      0.481      2.078  1.3730E-05      1.7194E-03   5.6855E-04  1.8800E-04
      0.521      1.918  9.7103E-06      1.7128E-03   5.2289E-04  1.5963E-04
      0.565      1.771  3.5020E-06      1.7071E-03   4.8118E-04  1.3563E-04
      0.612      1.635  6.2490E-06      1.7024E-03   4.4302E-04  1.1529E-04
      0.662      1.510  6.6652E-06      1.6983E-03   4.0806E-04  9.8044E-05
      0.717      1.394  3.2834E-06      1.6949E-03   3.7599E-04  8.3406E-05
      0.777      1.287  3.8876E-06      1.6920E-03   3.4654E-04  7.0975E-05
      0.842      1.188  6.0758E-06      1.6896E-03   3.1948E-04  6.0413E-05
      0.912      1.097  1.6253E-06      1.6875E-03   2.9460E-04  5.1433E-05
      0.987      1.013  5.6224E-06      1.6857E-03   2.7171E-04  4.3796E-05
      1.069      0.935  4.6583E-06      1.6842E-03   2.5063E-04  3.7299E-05
      1.158      0.863  9.3705E-06      1.6829E-03   2.3123E-04  3.1770E-05
      1.255      0.797  8.0333E-06      1.6818E-03   2.1334E-04  2.7064E-05
      1.359      0.736  7.7559E-06      1.6808E-03   1.9686E-04  2.3057E-05
      1.472      0.679  7.5621E-06      1.6800E-03   1.8167E-04  1.9645E-05
      1.594      0.627  5.0066E-06      1.6794E-03   1.6766E-04  1.6739E-05
      1.727      0.579  4.3288E-06      1.6788E-03   1.5474E-04  1.4264E-05
      1.870      0.535  5.1144E-06      1.6783E-03   1.4283E-04  1.2155E-05
      2.026      0.494  3.3926E-06      1.6779E-03   1.3184E-04  1.0359E-05
      2.194      0.456  3.3108E-06      1.6775E-03   1.2169E-04  8.8282E-06
      2.376      0.421  3.8923E-06      1.6772E-03   1.1234E-04  7.5240E-06
      2.574      0.389  2.8323E-06      1.6769E-03   1.0370E-04  6.4126E-06
      2.788      0.359  2.0322E-06      1.6767E-03   9.5730E-05  5.4655E-06
      3.019      0.331  9.8238E-07      1.6765E-03   8.8374E-05  4.6584E-06
      3.270      0.306  2.3671E-06      1.6764E-03   8.1585E-05  3.9706E-06
      3.542      0.282  1.6393E-06      1.6762E-03   7.5319E-05  3.3843E-06
      3.836      0.261  1.4871E-06      1.6761E-03   6.9534E-05  2.8847E-06
      4.155      0.241  2.1962E-06      1.6760E-03   6.4195E-05  2.4588E-06
      4.501      0.222  1.2634E-06      1.6759E-03   5.9266E-05  2.0958E-06
      4.875      0.205  1.8369E-07      1.6759E-03   5.4716E-05  1.7865E-06
      5.280      0.189  4.0621E-07      1.6758E-03   5.0516E-05  1.5228E-06
      5.719      0.175  6.5472E-07      1.6758E-03   4.6638E-05  1.2980E-06
      6.194      0.161  8.2663E-07      1.6757E-03   4.3058E-05  1.1064E-06
      6.709      0.149  2.5389E-07      1.6757E-03   3.9753E-05  9.4310E-07
      7.266      0.138  9.4325E-07      1.6756E-03   3.6702E-05  8.0390E-07
      7.870      0.127  1.5607E-06      1.6756E-03   3.3885E-05  6.8525E-07
      8.524      0.117  3.1618E-07      1.6756E-03   3.1285E-05  5.8412E-07
      9.233      0.108  5.1269E-07      1.6756E-03   2.8884E-05  4.9791E-07
     10.000      0.100  5.7284E-08      1.6755E-03   2.6667E-05  4.2442E-07
 
 
