**********************************************
*******     Site #   1
Average PSA and Fourier spectrum over     1 trials
damping:   5%
  50 samples
Mag.          =      6.00
siteLat       =     44.88
siteLon       =     11.06
depth         =      3.70
R             =   6082.53
azimuth       =  18628.39
fault Dis.(km)=  6229.97
Hypo  Dis.(km)=  6094.66
Input Parameters file =  MRN_exsim_y_parameters.out                                                                                              
 data format: (1x,f10.3, 1p, 1x,e11.4, 5x,e11.4, 2x,e11.4, 1x,e11.4)
   freq(Hz)     per(s) FAS(cm/sec) avgPSA(cm/s**2) avgPSV(cm/s)   avgSD(cm)        minY        maxY
     -1.000        NaN         NaN             Nan   4.8134E-03         Nan
    999.900      0.000         Nan      1.8206E-03          NaN         NaN  1.8206E-03  1.8206E-03
      0.200      5.000  2.5538E-05      2.1263E-03   1.6920E-03  1.3465E-03
      0.217      4.616  2.4792E-05      2.0714E-03   1.5219E-03  1.1181E-03
      0.235      4.262  2.7349E-05      2.0280E-03   1.3757E-03  9.3316E-04
      0.254      3.935  2.8984E-05      1.9931E-03   1.2483E-03  7.8176E-04
      0.275      3.633  2.7268E-05      1.9647E-03   1.1361E-03  6.5690E-04
      0.298      3.354  2.2066E-05      1.9415E-03   1.0365E-03  5.5332E-04
      0.323      3.097  1.5462E-05      1.9222E-03   9.4745E-04  4.6699E-04
      0.350      2.859  1.2195E-05      1.9063E-03   8.6748E-04  3.9477E-04
      0.379      2.640  1.4259E-05      1.8929E-03   7.9532E-04  3.3416E-04
      0.410      2.437  1.4892E-05      1.8818E-03   7.2996E-04  2.8316E-04
      0.444      2.250  1.0676E-05      1.8724E-03   6.7060E-04  2.4017E-04
      0.481      2.078  4.3640E-06      1.8645E-03   6.1653E-04  2.0387E-04
      0.521      1.918  4.1203E-06      1.8579E-03   5.6719E-04  1.7316E-04
      0.565      1.771  3.9740E-06      1.8523E-03   5.2209E-04  1.4716E-04
      0.612      1.635  4.6219E-06      1.8475E-03   4.8079E-04  1.2512E-04
      0.662      1.510  4.3412E-06      1.8435E-03   4.4293E-04  1.0642E-04
      0.717      1.394  6.2332E-06      1.8401E-03   4.0818E-04  9.0548E-05
      0.777      1.287  8.8561E-06      1.8372E-03   3.7627E-04  7.7064E-05
      0.842      1.188  6.0383E-06      1.8347E-03   3.4693E-04  6.5603E-05
      0.912      1.097  7.4589E-06      1.8326E-03   3.1994E-04  5.5857E-05
      0.987      1.013  3.1622E-06      1.8308E-03   2.9511E-04  4.7568E-05
      1.069      0.935  2.6345E-06      1.8293E-03   2.7224E-04  4.0514E-05
      1.158      0.863  1.2616E-06      1.8280E-03   2.5117E-04  3.4511E-05
      1.255      0.797  4.5653E-06      1.8269E-03   2.3176E-04  2.9400E-05
      1.359      0.736  5.1920E-06      1.8260E-03   2.1387E-04  2.5049E-05
      1.472      0.679  4.1686E-06      1.8252E-03   1.9737E-04  2.1343E-05
      1.594      0.627  2.5913E-06      1.8245E-03   1.8216E-04  1.8186E-05
      1.727      0.579  1.2690E-06      1.8240E-03   1.6813E-04  1.5497E-05
      1.870      0.535  1.1534E-06      1.8235E-03   1.5518E-04  1.3207E-05
      2.026      0.494  2.4090E-06      1.8230E-03   1.4324E-04  1.1255E-05
      2.194      0.456  2.3085E-06      1.8227E-03   1.3223E-04  9.5923E-06
      2.376      0.421  2.4313E-06      1.8224E-03   1.2206E-04  8.1753E-06
      2.574      0.389  4.0214E-07      1.8221E-03   1.1268E-04  6.9678E-06
      2.788      0.359  3.1393E-07      1.8219E-03   1.0402E-04  5.9388E-06
      3.019      0.331  1.2164E-06      1.8217E-03   9.6027E-05  5.0618E-06
      3.270      0.306  1.9259E-06      1.8216E-03   8.8651E-05  4.3144E-06
      3.542      0.282  2.4005E-06      1.8214E-03   8.1842E-05  3.6774E-06
      3.836      0.261  2.3362E-06      1.8213E-03   7.5558E-05  3.1345E-06
      4.155      0.241  9.6275E-07      1.8212E-03   6.9756E-05  2.6718E-06
      4.501      0.222  1.7897E-06      1.8211E-03   6.4400E-05  2.2774E-06
      4.875      0.205  8.1723E-07      1.8211E-03   5.9456E-05  1.9412E-06
      5.280      0.189  1.9487E-06      1.8210E-03   5.4892E-05  1.6547E-06
      5.719      0.175  7.1051E-07      1.8209E-03   5.0679E-05  1.4104E-06
      6.194      0.161  1.0311E-06      1.8209E-03   4.6789E-05  1.2023E-06
      6.709      0.149  1.6328E-06      1.8209E-03   4.3198E-05  1.0248E-06
      7.266      0.138  1.6010E-06      1.8208E-03   3.9882E-05  8.7356E-07
      7.870      0.127  1.3001E-06      1.8208E-03   3.6821E-05  7.4463E-07
      8.524      0.117  1.0416E-06      1.8208E-03   3.3996E-05  6.3473E-07
      9.233      0.108  1.4544E-06      1.8208E-03   3.1387E-05  5.4105E-07
     10.000      0.100  1.2875E-07      1.8207E-03   2.8978E-05  4.6120E-07
 
 
