**********************************************
*******     Site #   1
Average PSA and Fourier spectrum over    40 trials
damping:   5%
  50 samples
Mag.          =      6.30
siteLat       =     42.38
siteLon       =     13.34
depth         =      0.00
R             =      8.22
azimuth       =  12553.47
fault Dis.(km)=     6.43
Hypo  Dis.(km)=    12.05
Input Parameters file =  aqv_0604__parameters.out                                                                                                
 data format: (1x,f10.3, 1p, 1x,e11.4, 5x,e11.4, 2x,e11.4, 1x,e11.4)
   freq(Hz) FAS(cm/sec) avgPSA(cm/s**2) avgPSV(cm/s)   avgSD(cm)
     -1.000         NaN             Nan   3.6843E+01         Nan
    999.900         Nan      3.0328E+02          NaN         NaN
      0.200  2.8706E+01      3.1014E+01   2.4680E+01  1.9640E+01
      0.217  2.8706E+01      3.6194E+01   2.6592E+01  1.9538E+01
      0.235  3.3834E+01      4.2265E+01   2.8670E+01  1.9448E+01
      0.254  3.8724E+01      4.9833E+01   3.1210E+01  1.9546E+01
      0.275  4.3972E+01      6.0244E+01   3.4834E+01  2.0142E+01
      0.298  4.9739E+01      7.1448E+01   3.8143E+01  2.0363E+01
      0.323  5.5366E+01      8.4030E+01   4.1418E+01  2.0415E+01
      0.350  6.0503E+01      9.8297E+01   4.4732E+01  2.0356E+01
      0.379  6.5128E+01      1.1302E+02   4.7485E+01  1.9951E+01
      0.410  6.9500E+01      1.3084E+02   5.0753E+01  1.9688E+01
      0.444  8.1511E+01      1.5247E+02   5.4605E+01  1.9557E+01
      0.481  8.7040E+01      1.7353E+02   5.7380E+01  1.8974E+01
      0.521  9.2477E+01      1.9713E+02   6.0183E+01  1.8374E+01
      0.565  8.4464E+01      2.1881E+02   6.1674E+01  1.7384E+01
      0.612  7.2111E+01      2.3807E+02   6.1955E+01  1.6123E+01
      0.662  6.8623E+01      2.6181E+02   6.2905E+01  1.5114E+01
      0.717  8.4103E+01      3.0969E+02   6.8700E+01  1.5240E+01
      0.777  1.1997E+02      3.9209E+02   8.0305E+01  1.6447E+01
      0.842  1.8187E+02      4.8538E+02   9.1783E+01  1.7356E+01
      0.912  2.0910E+02      5.4440E+02   9.5043E+01  1.6593E+01
      0.987  1.7572E+02      5.6314E+02   9.0772E+01  1.4631E+01
      1.069  1.3688E+02      5.5354E+02   8.2377E+01  1.2259E+01
      1.158  1.0816E+02      5.0002E+02   6.8703E+01  9.4398E+00
      1.255  8.5506E+01      4.6789E+02   5.9356E+01  7.5297E+00
      1.359  8.5073E+01      4.6436E+02   5.4388E+01  6.3700E+00
      1.472  6.5470E+01      4.3053E+02   4.6555E+01  5.0343E+00
      1.594  4.3037E+01      4.0159E+02   4.0094E+01  4.0029E+00
      1.727  4.2959E+01      3.9002E+02   3.5951E+01  3.3138E+00
      1.870  3.6468E+01      4.0371E+02   3.4357E+01  2.9240E+00
      2.026  5.2489E+01      4.4542E+02   3.4998E+01  2.7499E+00
      2.194  5.1500E+01      4.8786E+02   3.5392E+01  2.5675E+00
      2.376  5.7019E+01      5.7001E+02   3.8178E+01  2.5571E+00
      2.574  9.4534E+01      7.3946E+02   4.5727E+01  2.8277E+00
      2.788  1.1504E+02      8.1600E+02   4.6588E+01  2.6599E+00
      3.019  8.6134E+01      7.3416E+02   3.8699E+01  2.0399E+00
      3.270  4.6165E+01      6.1689E+02   3.0022E+01  1.4611E+00
      3.542  2.6683E+01      5.3866E+02   2.4204E+01  1.0875E+00
      3.836  3.5698E+01      5.4154E+02   2.2466E+01  9.3201E-01
      4.155  2.7558E+01      6.0601E+02   2.3211E+01  8.8904E-01
      4.501  8.3234E+01      7.3341E+02   2.5936E+01  9.1716E-01
      4.875  5.4311E+01      6.9506E+02   2.2693E+01  7.4092E-01
      5.280  2.5114E+01      5.8871E+02   1.7746E+01  5.3495E-01
      5.719  2.1580E+01      5.7326E+02   1.5955E+01  4.4403E-01
      6.194  5.1829E+01      6.4587E+02   1.6596E+01  4.2644E-01
      6.709  3.1598E+01      6.1976E+02   1.4703E+01  3.4882E-01
      7.266  1.9317E+01      5.4775E+02   1.1998E+01  2.6279E-01
      7.870  2.5068E+01      5.6384E+02   1.1402E+01  2.3058E-01
      8.524  1.7429E+01      5.3846E+02   1.0054E+01  1.8771E-01
      9.233  9.2974E+00      4.9287E+02   8.4963E+00  1.4646E-01
     10.000  2.8861E+01      5.1414E+02   8.1828E+00  1.3023E-01
 
 
