 itr  i0  j0   i   j t_arrive(i0,j0) t_arrive_min t_arrive(i,j) risetime(i,j) risetime_max dur_path(i,j) dur_sub(i,j) t_arrive(i,j)+dur_sub(i,j) imx jmx t_arrive(imax,jmax) dur_sub(imax,jmax) t_arrive(imax,jmax)+dur_sub(imax,jmax) risetime_max t_end_max
   1   7  11   1   1             3.2          3.2           7.4           3.3          3.3          0.00         3.30                       10.7  20   1                11.9                4.5                                   16.4          3.3      16.4
   1   7  11   1   2             3.2          3.2           6.8           3.3          3.3          0.00         3.27                       10.1  20   1                11.9                4.5                                   16.4          3.3      16.4
   1   7  11   1   3             3.2          3.2           6.3           3.2          3.3          0.00         3.19                        9.5  20   1                11.9                4.5                                   16.4          3.3      16.4
   1   7  11   1   4             3.2          3.2           5.8           3.1          3.3          0.00         3.08                        8.9  20   1                11.9                4.5                                   16.4          3.3      16.4
   1   7  11   1   5             3.2          3.2           5.5           2.9          3.3          0.00         2.92                        8.4  20   1                11.9                4.5                                   16.4          3.3      16.4
   1   7  11   1   6             3.2          3.2           5.2           2.9          3.3          0.00         2.92                        8.1  20   1                11.9                4.5                                   16.4          3.3      16.4
   1   7  11   1   7             3.2          3.2           5.0           2.9          3.3          0.00         2.92                        7.9  20   1                11.9                4.5                                   16.4          3.3      16.4
   1   7  11   1   8             3.2          3.2           4.9           2.9          3.3          0.00         2.92                        7.8  20   1                11.9                4.5                                   16.4          3.3      16.4
   1   7  11   1   9             3.2          3.2           4.9           2.9          3.3          0.00         2.92                        7.8  20   1                11.9                4.5                                   16.4          3.3      16.4
   1   7  11   1  10             3.2          3.2           5.0           2.9          3.3          0.05         2.96                        8.0  20   1                11.9                4.5                                   16.4          3.3      16.4
   1   7  11   1  11             3.2          3.2           5.2           2.9          3.3          0.21         3.13                        8.3  20   1                11.9                4.5                                   16.4          3.3      16.4
   1   7  11   1  12             3.2          3.2           5.6           2.9          3.3          0.39         3.31                        8.9  20   1                11.9                4.5                                   16.4          3.3      16.4
   1   7  11   1  13             3.2          3.2           6.0           2.9          3.3          0.57         3.49                        9.5  20   1                11.9                4.5                                   16.4          3.3      16.4
   1   7  11   1  14             3.2          3.2           6.5           2.9          3.3          0.76         3.67                       10.2  20   1                11.9                4.5                                   16.4          3.3      16.4
   1   7  11   2   1             3.2          3.2           7.2           3.3          3.3          0.00         3.30                       10.5  20   1                11.9                4.5                                   16.4          3.3      16.4
   1   7  11   2   2             3.2          3.2           6.6           3.3          3.3          0.00         3.27                        9.9  20   1                11.9                4.5                                   16.4          3.3      16.4
   1   7  11   2   3             3.2          3.2           6.1           3.2          3.3          0.00         3.19                        9.3  20   1                11.9                4.5                                   16.4          3.3      16.4
   1   7  11   2   4             3.2          3.2           5.6           3.1          3.3          0.00         3.08                        8.7  20   1                11.9                4.5                                   16.4          3.3      16.4
   1   7  11   2   5             3.2          3.2           5.2           2.9          3.3          0.00         2.92                        8.1  20   1                11.9                4.5                                   16.4          3.3      16.4
   1   7  11   2   6             3.2          3.2           4.9           2.7          3.3          0.00         2.66                        7.6  20   1                11.9                4.5                                   16.4          3.3      16.4
   1   7  11   2   7             3.2          3.2           4.7           2.7          3.3          0.00         2.66                        7.3  20   1                11.9                4.5                                   16.4          3.3      16.4
   1   7  11   2   8             3.2          3.2           4.6           2.7          3.3          0.00         2.66                        7.2  20   1                11.9                4.5                                   16.4          3.3      16.4
   1   7  11   2   9             3.2          3.2           4.5           2.7          3.3          0.00         2.66                        7.2  20   1                11.9                4.5                                   16.4          3.3      16.4
   1   7  11   2  10             3.2          3.2           4.6           2.7          3.3          0.03         2.69                        7.3  20   1                11.9                4.5                                   16.4          3.3      16.4
   1   7  11   2  11             3.2          3.2           4.8           2.7          3.3          0.20         2.86                        7.7  20   1                11.9                4.5                                   16.4          3.3      16.4
   1   7  11   2  12             3.2          3.2           5.2           2.7          3.3          0.38         3.04                        8.2  20   1                11.9                4.5                                   16.4          3.3      16.4
   1   7  11   2  13             3.2          3.2           5.6           2.7          3.3          0.56         3.22                        8.9  20   1                11.9                4.5                                   16.4          3.3      16.4
   1   7  11   2  14             3.2          3.2           6.2           2.7          3.3          0.75         3.41                        9.6  20   1                11.9                4.5                                   16.4          3.3      16.4
   1   7  11   3   1             3.2          3.2           7.1           3.3          3.3          0.00         3.30                       10.4  20   1                11.9                4.5                                   16.4          3.3      16.4
   1   7  11   3   2             3.2          3.2           6.5           3.3          3.3          0.00         3.27                        9.8  20   1                11.9                4.5                                   16.4          3.3      16.4
   1   7  11   3   3             3.2          3.2           5.9           3.2          3.3          0.00         3.19                        9.1  20   1                11.9                4.5                                   16.4          3.3      16.4
   1   7  11   3   4             3.2          3.2           5.4           3.1          3.3          0.00         3.08                        8.5  20   1                11.9                4.5                                   16.4          3.3      16.4
   1   7  11   3   5             3.2          3.2           5.0           2.9          3.3          0.00         2.92                        7.9  20   1                11.9                4.5                                   16.4          3.3      16.4
   1   7  11   3   6             3.2          3.2           4.7           2.7          3.3          0.00         2.66                        7.4  20   1                11.9                4.5                                   16.4          3.3      16.4
   1   7  11   3   7             3.2          3.2           4.4           2.4          3.3          0.00         2.39                        6.8  20   1                11.9                4.5                                   16.4          3.3      16.4
   1   7  11   3   8             3.2          3.2           4.3           2.4          3.3          0.00         2.39                        6.7  20   1                11.9                4.5                                   16.4          3.3      16.4
   1   7  11   3   9             3.2          3.2           4.2           2.4          3.3          0.00         2.39                        6.6  20   1                11.9                4.5                                   16.4          3.3      16.4
   1   7  11   3  10             3.2          3.2           4.2           2.4          3.3          0.03         2.42                        6.7  20   1                11.9                4.5                                   16.4          3.3      16.4
   1   7  11   3  11             3.2          3.2           4.4           2.4          3.3          0.20         2.59                        7.0  20   1                11.9                4.5                                   16.4          3.3      16.4
   1   7  11   3  12             3.2          3.2           4.8           2.4          3.3          0.37         2.77                        7.6  20   1                11.9                4.5                                   16.4          3.3      16.4
   1   7  11   3  13             3.2          3.2           5.3           2.4          3.3          0.56         2.95                        8.3  20   1                11.9                4.5                                   16.4          3.3      16.4
   1   7  11   3  14             3.2          3.2           5.9           2.4          3.3          0.75         3.14                        9.1  20   1                11.9                4.5                                   16.4          3.3      16.4
   1   7  11   4   1             3.2          3.2           7.0           3.3          3.3          0.00         3.30                       10.3  20   1                11.9                4.5                                   16.4          3.3      16.4
   1   7  11   4   2             3.2          3.2           6.4           3.3          3.3          0.00         3.27                        9.7  20   1                11.9                4.5                                   16.4          3.3      16.4
   1   7  11   4   3             3.2          3.2           5.8           3.2          3.3          0.00         3.19                        9.0  20   1                11.9                4.5                                   16.4          3.3      16.4
   1   7  11   4   4             3.2          3.2           5.3           3.1          3.3          0.00         3.08                        8.4  20   1                11.9                4.5                                   16.4          3.3      16.4
   1   7  11   4   5             3.2          3.2           4.9           2.9          3.3          0.00         2.92                        7.8  20   1                11.9                4.5                                   16.4          3.3      16.4
   1   7  11   4   6             3.2          3.2           4.5           2.7          3.3          0.00         2.66                        7.2  20   1                11.9                4.5                                   16.4          3.3      16.4
   1   7  11   4   7             3.2          3.2           4.3           2.4          3.3          0.00         2.39                        6.7  20   1                11.9                4.5                                   16.4          3.3      16.4
   1   7  11   4   8             3.2          3.2           4.1           2.1          3.3          0.00         2.11                        6.2  20   1                11.9                4.5                                   16.4          3.3      16.4
   1   7  11   4   9             3.2          3.2           3.9           2.1          3.3          0.00         2.11                        6.0  20   1                11.9                4.5                                   16.4          3.3      16.4
   1   7  11   4  10             3.2          3.2           3.9           2.1          3.3          0.04         2.15                        6.1  20   1                11.9                4.5                                   16.4          3.3      16.4
   1   7  11   4  11             3.2          3.2           4.1           2.1          3.3          0.21         2.32                        6.4  20   1                11.9                4.5                                   16.4          3.3      16.4
   1   7  11   4  12             3.2          3.2           4.5           2.1          3.3          0.39         2.49                        7.0  20   1                11.9                4.5                                   16.4          3.3      16.4
   1   7  11   4  13             3.2          3.2           5.0           2.1          3.3          0.57         2.67                        7.7  20   1                11.9                4.5                                   16.4          3.3      16.4
   1   7  11   4  14             3.2          3.2           5.7           2.1          3.3          0.76         2.86                        8.6  20   1                11.9                4.5                                   16.4          3.3      16.4
   1   7  11   5   1             3.2          3.2           7.0           3.3          3.3          0.00         3.30                       10.3  20   1                11.9                4.5                                   16.4          3.3      16.4
   1   7  11   5   2             3.2          3.2           6.4           3.3          3.3          0.00         3.27                        9.7  20   1                11.9                4.5                                   16.4          3.3      16.4
   1   7  11   5   3             3.2          3.2           5.8           3.2          3.3          0.00         3.19                        9.0  20   1                11.9                4.5                                   16.4          3.3      16.4
   1   7  11   5   4             3.2          3.2           5.3           3.1          3.3          0.00         3.08                        8.4  20   1                11.9                4.5                                   16.4          3.3      16.4
   1   7  11   5   5             3.2          3.2           4.9           2.9          3.3          0.00         2.92                        7.8  20   1                11.9                4.5                                   16.4          3.3      16.4
   1   7  11   5   6             3.2          3.2           4.5           2.7          3.3          0.00         2.66                        7.2  20   1                11.9                4.5                                   16.4          3.3      16.4
   1   7  11   5   7             3.2          3.2           4.2           2.4          3.3          0.00         2.39                        6.6  20   1                11.9                4.5                                   16.4          3.3      16.4
   1   7  11   5   8             3.2          3.2           3.9           2.1          3.3          0.00         2.11                        6.0  20   1                11.9                4.5                                   16.4          3.3      16.4
   1   7  11   5   9             3.2          3.2           3.7           1.7          3.3          0.00         1.68                        5.4  20   1                11.9                4.5                                   16.4          3.3      16.4
   1   7  11   5  10             3.2          3.2           3.6           1.7          3.3          0.07         1.75                        5.4  20   1                11.9                4.5                                   16.4          3.3      16.4
   1   7  11   5  11             3.2          3.2           3.8           1.7          3.3          0.24         1.92                        5.7  20   1                11.9                4.5                                   16.4          3.3      16.4
   1   7  11   5  12             3.2          3.2           4.2           1.7          3.3          0.41         2.09                        6.3  20   1                11.9                4.5                                   16.4          3.3      16.4
   1   7  11   5  13             3.2          3.2           4.8           1.7          3.3          0.59         2.27                        7.1  20   1                11.9                4.5                                   16.4          3.3      16.4
   1   7  11   5  14             3.2          3.2           5.6           2.1          3.3          0.78         2.88                        8.4  20   1                11.9                4.5                                   16.4          3.3      16.4
   1   7  11   6   1             3.2          3.2           7.1           3.3          3.3          0.00         3.30                       10.4  20   1                11.9                4.5                                   16.4          3.3      16.4
   1   7  11   6   2             3.2          3.2           6.5           3.3          3.3          0.00         3.27                        9.7  20   1                11.9                4.5                                   16.4          3.3      16.4
   1   7  11   6   3             3.2          3.2           5.9           3.2          3.3          0.00         3.19                        9.1  20   1                11.9                4.5                                   16.4          3.3      16.4
   1   7  11   6   4             3.2          3.2           5.4           3.1          3.3          0.00         3.08                        8.4  20   1                11.9                4.5                                   16.4          3.3      16.4
   1   7  11   6   5             3.2          3.2           4.9           2.9          3.3          0.00         2.92                        7.8  20   1                11.9                4.5                                   16.4          3.3      16.4
   1   7  11   6   6             3.2          3.2           4.5           2.7          3.3          0.00         2.66                        7.2  20   1                11.9                4.5                                   16.4          3.3      16.4
   1   7  11   6   7             3.2          3.2           4.2           2.4          3.3          0.00         2.39                        6.6  20   1                11.9                4.5                                   16.4          3.3      16.4
   1   7  11   6   8             3.2          3.2           3.9           2.1          3.3          0.00         2.11                        6.0  20   1                11.9                4.5                                   16.4          3.3      16.4
   1   7  11   6   9             3.2          3.2           3.6           1.7          3.3          0.00         1.68                        5.3  20   1                11.9                4.5                                   16.4          3.3      16.4
   1   7  11   6  10             3.2          3.2           3.4           1.2          3.3          0.12         1.31                        4.7  20   1                11.9                4.5                                   16.4          3.3      16.4
   1   7  11   6  11             3.2          3.2           3.5           1.2          3.3          0.28         1.47                        4.9  20   1                11.9                4.5                                   16.4          3.3      16.4
   1   7  11   6  12             3.2          3.2           4.0           1.2          3.3          0.45         1.64                        5.6  20   1                11.9                4.5                                   16.4          3.3      16.4
   1   7  11   6  13             3.2          3.2           4.7           1.7          3.3          0.62         2.31                        7.0  20   1                11.9                4.5                                   16.4          3.3      16.4
   1   7  11   6  14             3.2          3.2           5.5           2.1          3.3          0.81         2.91                        8.4  20   1                11.9                4.5                                   16.4          3.3      16.4
   1   7  11   7   1             3.2          3.2           7.2           3.3          3.3          0.00         3.30                       10.5  20   1                11.9                4.5                                   16.4          3.3      16.4
   1   7  11   7   2             3.2          3.2           6.6           3.3          3.3          0.00         3.27                        9.8  20   1                11.9                4.5                                   16.4          3.3      16.4
   1   7  11   7   3             3.2          3.2           6.0           3.2          3.3          0.00         3.19                        9.2  20   1                11.9                4.5                                   16.4          3.3      16.4
   1   7  11   7   4             3.2          3.2           5.5           3.1          3.3          0.00         3.08                        8.6  20   1                11.9                4.5                                   16.4          3.3      16.4
   1   7  11   7   5             3.2          3.2           5.0           2.9          3.3          0.00         2.92                        7.9  20   1                11.9                4.5                                   16.4          3.3      16.4
   1   7  11   7   6             3.2          3.2           4.6           2.7          3.3          0.00         2.66                        7.3  20   1                11.9                4.5                                   16.4          3.3      16.4
   1   7  11   7   7             3.2          3.2           4.3           2.4          3.3          0.00         2.39                        6.6  20   1                11.9                4.5                                   16.4          3.3      16.4
   1   7  11   7   8             3.2          3.2           3.9           2.1          3.3          0.00         2.11                        6.0  20   1                11.9                4.5                                   16.4          3.3      16.4
   1   7  11   7   9             3.2          3.2           3.7           1.7          3.3          0.03         1.71                        5.4  20   1                11.9                4.5                                   16.4          3.3      16.4
   1   7  11   7  10             3.2          3.2           3.4           1.2          3.3          0.17         1.37                        4.8  20   1                11.9                4.5                                   16.4          3.3      16.4
   1   7  11   7  11             3.2          3.2           3.2           0.6          3.3          0.33         0.90                        4.1  20   1                11.9                4.5                                   16.4          3.3      16.4
   1   7  11   7  12             3.2          3.2           3.9           1.2          3.3          0.49         1.69                        5.6  20   1                11.9                4.5                                   16.4          3.3      16.4
   1   7  11   7  13             3.2          3.2           4.7           1.7          3.3          0.67         2.35                        7.1  20   1                11.9                4.5                                   16.4          3.3      16.4
   1   7  11   7  14             3.2          3.2           5.5           2.1          3.3          0.85         2.95                        8.5  20   1                11.9                4.5                                   16.4          3.3      16.4
   1   7  11   8   1             3.2          3.2           7.4           3.3          3.3          0.00         3.30                       10.7  20   1                11.9                4.5                                   16.4          3.3      16.4
   1   7  11   8   2             3.2          3.2           6.7           3.3          3.3          0.00         3.27                       10.0  20   1                11.9                4.5                                   16.4          3.3      16.4
   1   7  11   8   3             3.2          3.2           6.2           3.2          3.3          0.00         3.19                        9.4  20   1                11.9                4.5                                   16.4          3.3      16.4
   1   7  11   8   4             3.2          3.2           5.7           3.1          3.3          0.00         3.08                        8.7  20   1                11.9                4.5                                   16.4          3.3      16.4
   1   7  11   8   5             3.2          3.2           5.2           2.9          3.3          0.00         2.92                        8.1  20   1                11.9                4.5                                   16.4          3.3      16.4
   1   7  11   8   6             3.2          3.2           4.8           2.7          3.3          0.00         2.66                        7.4  20   1                11.9                4.5                                   16.4          3.3      16.4
   1   7  11   8   7             3.2          3.2           4.4           2.4          3.3          0.00         2.39                        6.8  20   1                11.9                4.5                                   16.4          3.3      16.4
   1   7  11   8   8             3.2          3.2           4.1           2.1          3.3          0.00         2.11                        6.2  20   1                11.9                4.5                                   16.4          3.3      16.4
   1   7  11   8   9             3.2          3.2           3.9           1.7          3.3          0.10         1.79                        5.6  20   1                11.9                4.5                                   16.4          3.3      16.4
   1   7  11   8  10             3.2          3.2           3.6           1.2          3.3          0.24         1.44                        5.1  20   1                11.9                4.5                                   16.4          3.3      16.4
   1   7  11   8  11             3.2          3.2           3.6           1.2          3.3          0.39         1.59                        5.2  20   1                11.9                4.5                                   16.4          3.3      16.4
   1   7  11   8  12             3.2          3.2           4.2           1.2          3.3          0.55         1.75                        5.9  20   1                11.9                4.5                                   16.4          3.3      16.4
   1   7  11   8  13             3.2          3.2           4.9           1.7          3.3          0.72         2.41                        7.3  20   1                11.9                4.5                                   16.4          3.3      16.4
   1   7  11   8  14             3.2          3.2           5.6           2.1          3.3          0.90         3.00                        8.6  20   1                11.9                4.5                                   16.4          3.3      16.4
   1   7  11   9   1             3.2          3.2           7.6           3.3          3.3          0.00         3.30                       10.9  20   1                11.9                4.5                                   16.4          3.3      16.4
   1   7  11   9   2             3.2          3.2           7.0           3.3          3.3          0.00         3.27                       10.2  20   1                11.9                4.5                                   16.4          3.3      16.4
   1   7  11   9   3             3.2          3.2           6.4           3.2          3.3          0.00         3.19                        9.6  20   1                11.9                4.5                                   16.4          3.3      16.4
   1   7  11   9   4             3.2          3.2           5.9           3.1          3.3          0.00         3.08                        9.0  20   1                11.9                4.5                                   16.4          3.3      16.4
   1   7  11   9   5             3.2          3.2           5.4           2.9          3.3          0.00         2.92                        8.4  20   1                11.9                4.5                                   16.4          3.3      16.4
   1   7  11   9   6             3.2          3.2           5.0           2.7          3.3          0.00         2.66                        7.7  20   1                11.9                4.5                                   16.4          3.3      16.4
   1   7  11   9   7             3.2          3.2           4.7           2.4          3.3          0.00         2.39                        7.1  20   1                11.9                4.5                                   16.4          3.3      16.4
   1   7  11   9   8             3.2          3.2           4.4           2.1          3.3          0.07         2.18                        6.6  20   1                11.9                4.5                                   16.4          3.3      16.4
   1   7  11   9   9             3.2          3.2           4.2           1.7          3.3          0.19         1.87                        6.0  20   1                11.9                4.5                                   16.4          3.3      16.4
   1   7  11   9  10             3.2          3.2           4.1           1.7          3.3          0.32         2.00                        6.1  20   1                11.9                4.5                                   16.4          3.3      16.4
   1   7  11   9  11             3.2          3.2           4.1           1.7          3.3          0.47         2.15                        6.3  20   1                11.9                4.5                                   16.4          3.3      16.4
   1   7  11   9  12             3.2          3.2           4.5           1.7          3.3          0.62         2.31                        6.9  20   1                11.9                4.5                                   16.4          3.3      16.4
   1   7  11   9  13             3.2          3.2           5.2           1.7          3.3          0.79         2.47                        7.6  20   1                11.9                4.5                                   16.4          3.3      16.4
   1   7  11   9  14             3.2          3.2           5.9           2.1          3.3          0.96         3.06                        8.9  20   1                11.9                4.5                                   16.4          3.3      16.4
   1   7  11  10   1             3.2          3.2           7.8           3.3          3.3          0.09         3.40                       11.2  20   1                11.9                4.5                                   16.4          3.3      16.4
   1   7  11  10   2             3.2          3.2           7.2           3.3          3.3          0.02         3.29                       10.5  20   1                11.9                4.5                                   16.4          3.3      16.4
   1   7  11  10   3             3.2          3.2           6.7           3.2          3.3          0.00         3.19                        9.9  20   1                11.9                4.5                                   16.4          3.3      16.4
   1   7  11  10   4             3.2          3.2           6.2           3.1          3.3          0.00         3.08                        9.3  20   1                11.9                4.5                                   16.4          3.3      16.4
   1   7  11  10   5             3.2          3.2           5.7           2.9          3.3          0.00         2.92                        8.7  20   1                11.9                4.5                                   16.4          3.3      16.4
   1   7  11  10   6             3.2          3.2           5.4           2.7          3.3          0.02         2.68                        8.0  20   1                11.9                4.5                                   16.4          3.3      16.4
   1   7  11  10   7             3.2          3.2           5.0           2.4          3.3          0.09         2.48                        7.5  20   1                11.9                4.5                                   16.4          3.3      16.4
   1   7  11  10   8             3.2          3.2           4.8           2.1          3.3          0.18         2.28                        7.0  20   1                11.9                4.5                                   16.4          3.3      16.4
   1   7  11  10   9             3.2          3.2           4.6           2.1          3.3          0.29         2.39                        7.0  20   1                11.9                4.5                                   16.4          3.3      16.4
   1   7  11  10  10             3.2          3.2           4.5           2.1          3.3          0.41         2.52                        7.0  20   1                11.9                4.5                                   16.4          3.3      16.4
   1   7  11  10  11             3.2          3.2           4.7           2.1          3.3          0.55         2.66                        7.3  20   1                11.9                4.5                                   16.4          3.3      16.4
   1   7  11  10  12             3.2          3.2           5.0           2.1          3.3          0.70         2.81                        7.8  20   1                11.9                4.5                                   16.4          3.3      16.4
   1   7  11  10  13             3.2          3.2           5.5           2.1          3.3          0.86         2.97                        8.5  20   1                11.9                4.5                                   16.4          3.3      16.4
   1   7  11  10  14             3.2          3.2           6.2           2.1          3.3          1.03         3.13                        9.3  20   1                11.9                4.5                                   16.4          3.3      16.4
   1   7  11  11   1             3.2          3.2           8.1           3.3          3.3          0.21         3.51                       11.6  20   1                11.9                4.5                                   16.4          3.3      16.4
   1   7  11  11   2             3.2          3.2           7.5           3.3          3.3          0.14         3.41                       10.9  20   1                11.9                4.5                                   16.4          3.3      16.4
   1   7  11  11   3             3.2          3.2           7.0           3.2          3.3          0.10         3.30                       10.3  20   1                11.9                4.5                                   16.4          3.3      16.4
   1   7  11  11   4             3.2          3.2           6.5           3.1          3.3          0.09         3.17                        9.7  20   1                11.9                4.5                                   16.4          3.3      16.4
   1   7  11  11   5             3.2          3.2           6.1           2.9          3.3          0.10         3.02                        9.1  20   1                11.9                4.5                                   16.4          3.3      16.4
   1   7  11  11   6             3.2          3.2           5.7           2.7          3.3          0.14         2.80                        8.5  20   1                11.9                4.5                                   16.4          3.3      16.4
   1   7  11  11   7             3.2          3.2           5.4           2.4          3.3          0.20         2.60                        8.0  20   1                11.9                4.5                                   16.4          3.3      16.4
   1   7  11  11   8             3.2          3.2           5.2           2.4          3.3          0.29         2.68                        7.9  20   1                11.9                4.5                                   16.4          3.3      16.4
   1   7  11  11   9             3.2          3.2           5.1           2.4          3.3          0.39         2.78                        7.8  20   1                11.9                4.5                                   16.4          3.3      16.4
   1   7  11  11  10             3.2          3.2           5.0           2.4          3.3          0.51         2.90                        7.9  20   1                11.9                4.5                                   16.4          3.3      16.4
   1   7  11  11  11             3.2          3.2           5.2           2.4          3.3          0.64         3.04                        8.2  20   1                11.9                4.5                                   16.4          3.3      16.4
   1   7  11  11  12             3.2          3.2           5.5           2.4          3.3          0.79         3.18                        8.7  20   1                11.9                4.5                                   16.4          3.3      16.4
   1   7  11  11  13             3.2          3.2           6.0           2.4          3.3          0.94         3.33                        9.3  20   1                11.9                4.5                                   16.4          3.3      16.4
   1   7  11  11  14             3.2          3.2           6.5           2.4          3.3          1.10         3.50                       10.0  20   1                11.9                4.5                                   16.4          3.3      16.4
   1   7  11  12   1             3.2          3.2           8.4           3.3          3.3          0.33         3.63                       12.0  20   1                11.9                4.5                                   16.4          3.3      16.4
   1   7  11  12   2             3.2          3.2           7.9           3.3          3.3          0.27         3.54                       11.4  20   1                11.9                4.5                                   16.4          3.3      16.4
   1   7  11  12   3             3.2          3.2           7.3           3.2          3.3          0.23         3.43                       10.8  20   1                11.9                4.5                                   16.4          3.3      16.4
   1   7  11  12   4             3.2          3.2           6.9           3.1          3.3          0.22         3.30                       10.2  20   1                11.9                4.5                                   16.4          3.3      16.4
   1   7  11  12   5             3.2          3.2           6.5           2.9          3.3          0.23         3.15                        9.6  20   1                11.9                4.5                                   16.4          3.3      16.4
   1   7  11  12   6             3.2          3.2           6.1           2.7          3.3          0.27         2.93                        9.1  20   1                11.9                4.5                                   16.4          3.3      16.4
   1   7  11  12   7             3.2          3.2           5.9           2.7          3.3          0.33         2.99                        8.9  20   1                11.9                4.5                                   16.4          3.3      16.4
   1   7  11  12   8             3.2          3.2           5.7           2.7          3.3          0.40         3.07                        8.7  20   1                11.9                4.5                                   16.4          3.3      16.4
   1   7  11  12   9             3.2          3.2           5.6           2.7          3.3          0.50         3.16                        8.7  20   1                11.9                4.5                                   16.4          3.3      16.4
   1   7  11  12  10             3.2          3.2           5.6           2.7          3.3          0.61         3.28                        8.8  20   1                11.9                4.5                                   16.4          3.3      16.4
   1   7  11  12  11             3.2          3.2           5.7           2.7          3.3          0.74         3.40                        9.1  20   1                11.9                4.5                                   16.4          3.3      16.4
   1   7  11  12  12             3.2          3.2           6.0           2.7          3.3          0.88         3.54                        9.5  20   1                11.9                4.5                                   16.4          3.3      16.4
   1   7  11  12  13             3.2          3.2           6.4           2.7          3.3          1.03         3.69                       10.1  20   1                11.9                4.5                                   16.4          3.3      16.4
   1   7  11  12  14             3.2          3.2           6.9           2.7          3.3          1.18         3.85                       10.8  20   1                11.9                4.5                                   16.4          3.3      16.4
   1   7  11  13   1             3.2          3.2           8.8           3.3          3.3          0.46         3.76                       12.5  20   1                11.9                4.5                                   16.4          3.3      16.4
   1   7  11  13   2             3.2          3.2           8.2           3.3          3.3          0.40         3.67                       11.9  20   1                11.9                4.5                                   16.4          3.3      16.4
   1   7  11  13   3             3.2          3.2           7.7           3.2          3.3          0.37         3.56                       11.3  20   1                11.9                4.5                                   16.4          3.3      16.4
   1   7  11  13   4             3.2          3.2           7.3           3.1          3.3          0.35         3.43                       10.7  20   1                11.9                4.5                                   16.4          3.3      16.4
   1   7  11  13   5             3.2          3.2           6.9           2.9          3.3          0.36         3.28                       10.2  20   1                11.9                4.5                                   16.4          3.3      16.4
   1   7  11  13   6             3.2          3.2           6.6           2.9          3.3          0.40         3.31                        9.9  20   1                11.9                4.5                                   16.4          3.3      16.4
   1   7  11  13   7             3.2          3.2           6.3           2.9          3.3          0.45         3.37                        9.7  20   1                11.9                4.5                                   16.4          3.3      16.4
   1   7  11  13   8             3.2          3.2           6.2           2.9          3.3          0.53         3.44                        9.6  20   1                11.9                4.5                                   16.4          3.3      16.4
   1   7  11  13   9             3.2          3.2           6.1           2.9          3.3          0.62         3.53                        9.6  20   1                11.9                4.5                                   16.4          3.3      16.4
   1   7  11  13  10             3.2          3.2           6.1           2.9          3.3          0.73         3.64                        9.7  20   1                11.9                4.5                                   16.4          3.3      16.4
   1   7  11  13  11             3.2          3.2           6.3           2.9          3.3          0.85         3.76                       10.0  20   1                11.9                4.5                                   16.4          3.3      16.4
   1   7  11  13  12             3.2          3.2           6.5           2.9          3.3          0.98         3.90                       10.4  20   1                11.9                4.5                                   16.4          3.3      16.4
   1   7  11  13  13             3.2          3.2           6.9           2.9          3.3          1.12         4.04                       10.9  20   1                11.9                4.5                                   16.4          3.3      16.4
   1   7  11  13  14             3.2          3.2           7.4           2.9          3.3          1.27         4.19                       11.6  20   1                11.9                4.5                                   16.4          3.3      16.4
   1   7  11  14   1             3.2          3.2           9.1           3.3          3.3          0.59         3.89                       13.0  20   1                11.9                4.5                                   16.4          3.3      16.4
   1   7  11  14   2             3.2          3.2           8.6           3.3          3.3          0.54         3.80                       12.4  20   1                11.9                4.5                                   16.4          3.3      16.4
   1   7  11  14   3             3.2          3.2           8.2           3.2          3.3          0.50         3.70                       11.9  20   1                11.9                4.5                                   16.4          3.3      16.4
   1   7  11  14   4             3.2          3.2           7.7           3.1          3.3          0.49         3.57                       11.3  20   1                11.9                4.5                                   16.4          3.3      16.4
   1   7  11  14   5             3.2          3.2           7.4           3.1          3.3          0.50         3.58                       11.0  20   1                11.9                4.5                                   16.4          3.3      16.4
   1   7  11  14   6             3.2          3.2           7.1           3.1          3.3          0.53         3.61                       10.7  20   1                11.9                4.5                                   16.4          3.3      16.4
   1   7  11  14   7             3.2          3.2           6.8           3.1          3.3          0.58         3.66                       10.5  20   1                11.9                4.5                                   16.4          3.3      16.4
   1   7  11  14   8             3.2          3.2           6.7           3.1          3.3          0.65         3.73                       10.4  20   1                11.9                4.5                                   16.4          3.3      16.4
   1   7  11  14   9             3.2          3.2           6.6           3.1          3.3          0.74         3.82                       10.4  20   1                11.9                4.5                                   16.4          3.3      16.4
   1   7  11  14  10             3.2          3.2           6.7           3.1          3.3          0.84         3.92                       10.6  20   1                11.9                4.5                                   16.4          3.3      16.4
   1   7  11  14  11             3.2          3.2           6.8           3.1          3.3          0.96         4.04                       10.8  20   1                11.9                4.5                                   16.4          3.3      16.4
   1   7  11  14  12             3.2          3.2           7.1           3.1          3.3          1.09         4.16                       11.2  20   1                11.9                4.5                                   16.4          3.3      16.4
   1   7  11  14  13             3.2          3.2           7.4           3.1          3.3          1.22         4.30                       11.7  20   1                11.9                4.5                                   16.4          3.3      16.4
   1   7  11  14  14             3.2          3.2           7.9           3.1          3.3          1.37         4.45                       12.3  20   1                11.9                4.5                                   16.4          3.3      16.4
   1   7  11  15   1             3.2          3.2           9.5           3.3          3.3          0.72         4.03                       13.6  20   1                11.9                4.5                                   16.4          3.3      16.4
   1   7  11  15   2             3.2          3.2           9.1           3.3          3.3          0.67         3.94                       13.0  20   1                11.9                4.5                                   16.4          3.3      16.4
   1   7  11  15   3             3.2          3.2           8.6           3.2          3.3          0.64         3.84                       12.4  20   1                11.9                4.5                                   16.4          3.3      16.4
   1   7  11  15   4             3.2          3.2           8.2           3.2          3.3          0.63         3.83                       12.0  20   1                11.9                4.5                                   16.4          3.3      16.4
   1   7  11  15   5             3.2          3.2           7.9           3.2          3.3          0.64         3.84                       11.7  20   1                11.9                4.5                                   16.4          3.3      16.4
   1   7  11  15   6             3.2          3.2           7.6           3.2          3.3          0.67         3.87                       11.4  20   1                11.9                4.5                                   16.4          3.3      16.4
   1   7  11  15   7             3.2          3.2           7.4           3.2          3.3          0.72         3.91                       11.3  20   1                11.9                4.5                                   16.4          3.3      16.4
   1   7  11  15   8             3.2          3.2           7.2           3.2          3.3          0.78         3.98                       11.2  20   1                11.9                4.5                                   16.4          3.3      16.4
   1   7  11  15   9             3.2          3.2           7.2           3.2          3.3          0.87         4.06                       11.2  20   1                11.9                4.5                                   16.4          3.3      16.4
   1   7  11  15  10             3.2          3.2           7.2           3.2          3.3          0.96         4.16                       11.4  20   1                11.9                4.5                                   16.4          3.3      16.4
   1   7  11  15  11             3.2          3.2           7.4           3.2          3.3          1.07         4.27                       11.6  20   1                11.9                4.5                                   16.4          3.3      16.4
   1   7  11  15  12             3.2          3.2           7.6           3.2          3.3          1.20         4.39                       12.0  20   1                11.9                4.5                                   16.4          3.3      16.4
   1   7  11  15  13             3.2          3.2           7.9           3.2          3.3          1.33         4.52                       12.5  20   1                11.9                4.5                                   16.4          3.3      16.4
   1   7  11  15  14             3.2          3.2           8.4           3.2          3.3          1.47         4.66                       13.0  20   1                11.9                4.5                                   16.4          3.3      16.4
   1   7  11  16   1             3.2          3.2          10.0           3.3          3.3          0.86         4.16                       14.1  20   1                11.9                4.5                                   16.4          3.3      16.4
   1   7  11  16   2             3.2          3.2           9.5           3.3          3.3          0.81         4.08                       13.6  20   1                11.9                4.5                                   16.4          3.3      16.4
   1   7  11  16   3             3.2          3.2           9.1           3.3          3.3          0.79         4.05                       13.1  20   1                11.9                4.5                                   16.4          3.3      16.4
   1   7  11  16   4             3.2          3.2           8.7           3.3          3.3          0.78         4.04                       12.7  20   1                11.9                4.5                                   16.4          3.3      16.4
   1   7  11  16   5             3.2          3.2           8.4           3.3          3.3          0.78         4.05                       12.4  20   1                11.9                4.5                                   16.4          3.3      16.4
   1   7  11  16   6             3.2          3.2           8.1           3.3          3.3          0.81         4.08                       12.2  20   1                11.9                4.5                                   16.4          3.3      16.4
   1   7  11  16   7             3.2          3.2           7.9           3.3          3.3          0.86         4.12                       12.0  20   1                11.9                4.5                                   16.4          3.3      16.4
   1   7  11  16   8             3.2          3.2           7.8           3.3          3.3          0.92         4.19                       12.0  20   1                11.9                4.5                                   16.4          3.3      16.4
   1   7  11  16   9             3.2          3.2           7.8           3.3          3.3          1.00         4.26                       12.0  20   1                11.9                4.5                                   16.4          3.3      16.4
   1   7  11  16  10             3.2          3.2           7.8           3.3          3.3          1.09         4.36                       12.2  20   1                11.9                4.5                                   16.4          3.3      16.4
   1   7  11  16  11             3.2          3.2           7.9           3.3          3.3          1.20         4.46                       12.4  20   1                11.9                4.5                                   16.4          3.3      16.4
   1   7  11  16  12             3.2          3.2           8.2           3.3          3.3          1.31         4.58                       12.7  20   1                11.9                4.5                                   16.4          3.3      16.4
   1   7  11  16  13             3.2          3.2           8.5           3.3          3.3          1.44         4.71                       13.2  20   1                11.9                4.5                                   16.4          3.3      16.4
   1   7  11  16  14             3.2          3.2           8.9           3.3          3.3          1.58         4.84                       13.7  20   1                11.9                4.5                                   16.4          3.3      16.4
   1   7  11  17   1             3.2          3.2          10.4           3.3          3.3          1.00         4.30                       14.7  20   1                11.9                4.5                                   16.4          3.3      16.4
   1   7  11  17   2             3.2          3.2          10.0           3.3          3.3          0.96         4.26                       14.2  20   1                11.9                4.5                                   16.4          3.3      16.4
   1   7  11  17   3             3.2          3.2           9.6           3.3          3.3          0.93         4.23                       13.8  20   1                11.9                4.5                                   16.4          3.3      16.4
   1   7  11  17   4             3.2          3.2           9.2           3.3          3.3          0.92         4.22                       13.4  20   1                11.9                4.5                                   16.4          3.3      16.4
   1   7  11  17   5             3.2          3.2           8.9           3.3          3.3          0.93         4.23                       13.1  20   1                11.9                4.5                                   16.4          3.3      16.4
   1   7  11  17   6             3.2          3.2           8.6           3.3          3.3          0.96         4.26                       12.9  20   1                11.9                4.5                                   16.4          3.3      16.4
   1   7  11  17   7             3.2          3.2           8.5           3.3          3.3          1.00         4.30                       12.8  20   1                11.9                4.5                                   16.4          3.3      16.4
   1   7  11  17   8             3.2          3.2           8.4           3.3          3.3          1.06         4.36                       12.7  20   1                11.9                4.5                                   16.4          3.3      16.4
   1   7  11  17   9             3.2          3.2           8.3           3.3          3.3          1.13         4.43                       12.8  20   1                11.9                4.5                                   16.4          3.3      16.4
   1   7  11  17  10             3.2          3.2           8.4           3.3          3.3          1.22         4.52                       12.9  20   1                11.9                4.5                                   16.4          3.3      16.4
   1   7  11  17  11             3.2          3.2           8.5           3.3          3.3          1.32         4.62                       13.1  20   1                11.9                4.5                                   16.4          3.3      16.4
   1   7  11  17  12             3.2          3.2           8.7           3.3          3.3          1.43         4.73                       13.5  20   1                11.9                4.5                                   16.4          3.3      16.4
   1   7  11  17  13             3.2          3.2           9.0           3.3          3.3          1.55         4.86                       13.9  20   1                11.9                4.5                                   16.4          3.3      16.4
   1   7  11  17  14             3.2          3.2           9.4           3.3          3.3          1.69         4.99                       14.4  20   1                11.9                4.5                                   16.4          3.3      16.4
   1   7  11  18   1             3.2          3.2          10.9           3.2          3.3          1.14         4.39                       15.3  20   1                11.9                4.5                                   16.4          3.3      16.4
   1   7  11  18   2             3.2          3.2          10.4           3.2          3.3          1.10         4.35                       14.8  20   1                11.9                4.5                                   16.4          3.3      16.4
   1   7  11  18   3             3.2          3.2          10.1           3.2          3.3          1.08         4.33                       14.4  20   1                11.9                4.5                                   16.4          3.3      16.4
   1   7  11  18   4             3.2          3.2           9.7           3.2          3.3          1.07         4.32                       14.0  20   1                11.9                4.5                                   16.4          3.3      16.4
   1   7  11  18   5             3.2          3.2           9.4           3.2          3.3          1.08         4.33                       13.8  20   1                11.9                4.5                                   16.4          3.3      16.4
   1   7  11  18   6             3.2          3.2           9.2           3.2          3.3          1.10         4.35                       13.5  20   1                11.9                4.5                                   16.4          3.3      16.4
   1   7  11  18   7             3.2          3.2           9.0           3.2          3.3          1.14         4.39                       13.4  20   1                11.9                4.5                                   16.4          3.3      16.4
   1   7  11  18   8             3.2          3.2           8.9           3.2          3.3          1.20         4.45                       13.4  20   1                11.9                4.5                                   16.4          3.3      16.4
   1   7  11  18   9             3.2          3.2           8.9           3.2          3.3          1.27         4.52                       13.4  20   1                11.9                4.5                                   16.4          3.3      16.4
   1   7  11  18  10             3.2          3.2           9.0           3.2          3.3          1.35         4.60                       13.6  20   1                11.9                4.5                                   16.4          3.3      16.4
   1   7  11  18  11             3.2          3.2           9.1           3.2          3.3          1.45         4.70                       13.8  20   1                11.9                4.5                                   16.4          3.3      16.4
   1   7  11  18  12             3.2          3.2           9.3           3.2          3.3          1.56         4.80                       14.1  20   1                11.9                4.5                                   16.4          3.3      16.4
   1   7  11  18  13             3.2          3.2           9.6           3.2          3.3          1.67         4.92                       14.5  20   1                11.9                4.5                                   16.4          3.3      16.4
   1   7  11  18  14             3.2          3.2           9.9           3.2          3.3          1.80         5.05                       15.0  20   1                11.9                4.5                                   16.4          3.3      16.4
   1   7  11  19   1             3.2          3.2          11.4           3.2          3.3          1.29         4.46                       15.8  20   1                11.9                4.5                                   16.4          3.3      16.4
   1   7  11  19   2             3.2          3.2          10.9           3.2          3.3          1.25         4.42                       15.4  20   1                11.9                4.5                                   16.4          3.3      16.4
   1   7  11  19   3             3.2          3.2          10.6           3.2          3.3          1.22         4.39                       15.0  20   1                11.9                4.5                                   16.4          3.3      16.4
   1   7  11  19   4             3.2          3.2          10.2           3.2          3.3          1.22         4.39                       14.6  20   1                11.9                4.5                                   16.4          3.3      16.4
   1   7  11  19   5             3.2          3.2          10.0           3.2          3.3          1.22         4.39                       14.4  20   1                11.9                4.5                                   16.4          3.3      16.4
   1   7  11  19   6             3.2          3.2           9.8           3.2          3.3          1.25         4.42                       14.2  20   1                11.9                4.5                                   16.4          3.3      16.4
   1   7  11  19   7             3.2          3.2           9.6           3.2          3.3          1.29         4.45                       14.1  20   1                11.9                4.5                                   16.4          3.3      16.4
   1   7  11  19   8             3.2          3.2           9.5           3.2          3.3          1.34         4.51                       14.0  20   1                11.9                4.5                                   16.4          3.3      16.4
   1   7  11  19   9             3.2          3.2           9.5           3.2          3.3          1.41         4.57                       14.1  20   1                11.9                4.5                                   16.4          3.3      16.4
   1   7  11  19  10             3.2          3.2           9.6           3.2          3.3          1.49         4.66                       14.2  20   1                11.9                4.5                                   16.4          3.3      16.4
   1   7  11  19  11             3.2          3.2           9.7           3.2          3.3          1.58         4.75                       14.4  20   1                11.9                4.5                                   16.4          3.3      16.4
   1   7  11  19  12             3.2          3.2           9.9           3.2          3.3          1.68         4.85                       14.7  20   1                11.9                4.5                                   16.4          3.3      16.4
   1   7  11  19  13             3.2          3.2          10.1           3.2          3.3          1.79         4.96                       15.1  20   1                11.9                4.5                                   16.4          3.3      16.4
   1   7  11  19  14             3.2          3.2          10.5           3.2          3.3          1.92         5.09                       15.6  20   1                11.9                4.5                                   16.4          3.3      16.4
   1   7  11  20   1             3.2          3.2          11.9           3.1          3.3          1.43         4.49                       16.4  20   1                11.9                4.5                                   16.4          3.3      16.4
   1   7  11  20   2             3.2          3.2          11.5           3.1          3.3          1.40         4.45                       15.9  20   1                11.9                4.5                                   16.4          3.3      16.4
   1   7  11  20   3             3.2          3.2          11.1           3.1          3.3          1.37         4.43                       15.5  20   1                11.9                4.5                                   16.4          3.3      16.4
   1   7  11  20   4             3.2          3.2          10.8           3.1          3.3          1.37         4.42                       15.2  20   1                11.9                4.5                                   16.4          3.3      16.4
   1   7  11  20   5             3.2          3.2          10.5           3.1          3.3          1.37         4.43                       15.0  20   1                11.9                4.5                                   16.4          3.3      16.4
   1   7  11  20   6             3.2          3.2          10.3           3.1          3.3          1.39         4.45                       14.8  20   1                11.9                4.5                                   16.4          3.3      16.4
   1   7  11  20   7             3.2          3.2          10.2           3.1          3.3          1.43         4.49                       14.7  20   1                11.9                4.5                                   16.4          3.3      16.4
   1   7  11  20   8             3.2          3.2          10.1           3.1          3.3          1.48         4.54                       14.6  20   1                11.9                4.5                                   16.4          3.3      16.4
   1   7  11  20   9             3.2          3.2          10.1           3.1          3.3          1.55         4.60                       14.7  20   1                11.9                4.5                                   16.4          3.3      16.4
   1   7  11  20  10             3.2          3.2          10.1           3.1          3.3          1.62         4.68                       14.8  20   1                11.9                4.5                                   16.4          3.3      16.4
   1   7  11  20  11             3.2          3.2          10.3           3.1          3.3          1.71         4.77                       15.0  20   1                11.9                4.5                                   16.4          3.3      16.4
   1   7  11  20  12             3.2          3.2          10.5           3.1          3.3          1.81         4.87                       15.3  20   1                11.9                4.5                                   16.4          3.3      16.4
   1   7  11  20  13             3.2          3.2          10.7           3.1          3.3          1.92         4.98                       15.7  20   1                11.9                4.5                                   16.4          3.3      16.4
   1   7  11  20  14             3.2          3.2          11.0           3.1          3.3          2.04         5.10                       16.1  20   1                11.9                4.5                                   16.4          3.3      16.4
