**********************************************
*******     Site #   1
Average PSA and Fourier spectrum over    40 trials
damping:   5%
  50 samples
Mag.          =      6.30
siteLat       =     42.36
siteLon       =     13.40
depth         =      0.00
R             =      8.44
azimuth       =  10477.54
fault Dis.(km)=     4.28
Hypo  Dis.(km)=    11.58
Input Parameters file =  aqu_0604__parameters.out                                                                                                
 data format: (1x,f10.3, 1p, 1x,e11.4, 5x,e11.4, 2x,e11.4, 1x,e11.4)
   freq(Hz) FAS(cm/sec) avgPSA(cm/s**2) avgPSV(cm/s)   avgSD(cm)
     -1.000         NaN             Nan   5.2177E+01         Nan
    999.900         Nan      3.9791E+02          NaN         NaN
      0.200  4.0281E+01      4.3310E+01   3.4465E+01  2.7427E+01
      0.217  4.0281E+01      5.2829E+01   3.8814E+01  2.8517E+01
      0.235  4.8442E+01      6.4462E+01   4.3727E+01  2.9662E+01
      0.254  5.6259E+01      7.8215E+01   4.8985E+01  3.0678E+01
      0.275  6.4658E+01      9.4242E+01   5.4493E+01  3.1510E+01
      0.298  7.4243E+01      1.1479E+02   6.1280E+01  3.2715E+01
      0.323  8.5323E+01      1.4162E+02   6.9804E+01  3.4406E+01
      0.350  9.8109E+01      1.7197E+02   7.8258E+01  3.5613E+01
      0.379  1.1171E+02      2.0780E+02   8.7307E+01  3.6682E+01
      0.410  1.2534E+02      2.4421E+02   9.4734E+01  3.6749E+01
      0.444  1.5166E+02      2.8444E+02   1.0187E+02  3.6485E+01
      0.481  1.6339E+02      3.3191E+02   1.0975E+02  3.6291E+01
      0.521  1.8326E+02      3.8103E+02   1.1632E+02  3.5513E+01
      0.565  1.9715E+02      4.2029E+02   1.1847E+02  3.3392E+01
      0.612  2.0045E+02      4.5629E+02   1.1874E+02  3.0902E+01
      0.662  1.9312E+02      4.8812E+02   1.1728E+02  2.8179E+01
      0.717  1.7324E+02      4.7513E+02   1.0540E+02  2.3381E+01
      0.777  1.3925E+02      4.4317E+02   9.0766E+01  1.8590E+01
      0.842  9.0374E+01      4.0770E+02   7.7094E+01  1.4578E+01
      0.912  7.7877E+01      3.8630E+02   6.7443E+01  1.1774E+01
      0.987  7.4783E+01      3.8882E+02   6.2674E+01  1.0102E+01
      1.069  6.4216E+01      3.9417E+02   5.8660E+01  8.7297E+00
      1.158  6.4508E+01      4.2437E+02   5.8308E+01  8.0116E+00
      1.255  8.7141E+01      4.6215E+02   5.8627E+01  7.4372E+00
      1.359  8.2915E+01      5.1231E+02   6.0003E+01  7.0277E+00
      1.472  6.4957E+01      5.8301E+02   6.3044E+01  6.8173E+00
      1.594  1.2064E+02      7.4234E+02   7.4114E+01  7.3994E+00
      1.727  2.2289E+02      9.5344E+02   8.7885E+01  8.1010E+00
      1.870  1.7768E+02      9.1154E+02   7.7576E+01  6.6020E+00
      2.026  8.2349E+01      7.8367E+02   6.1576E+01  4.8382E+00
      2.194  7.4552E+01      7.0430E+02   5.1093E+01  3.7065E+00
      2.376  4.6953E+01      6.7945E+02   4.5508E+01  3.0480E+00
      2.574  4.9062E+01      7.2759E+02   4.4993E+01  2.7823E+00
      2.788  1.2480E+02      8.9357E+02   5.1017E+01  2.9127E+00
      3.019  1.4146E+02      9.5197E+02   5.0181E+01  2.6452E+00
      3.270  5.8506E+01      8.3385E+02   4.0582E+01  1.9750E+00
      3.542  4.3060E+01      8.1065E+02   3.6425E+01  1.6367E+00
      3.836  6.8016E+01      9.0339E+02   3.7478E+01  1.5548E+00
      4.155  1.1035E+02      9.4797E+02   3.6309E+01  1.3907E+00
      4.501  4.4799E+01      8.3125E+02   2.9395E+01  1.0395E+00
      4.875  3.0020E+01      8.2757E+02   2.7020E+01  8.8218E-01
      5.280  9.1930E+01      8.9991E+02   2.7127E+01  8.1772E-01
      5.719  2.5976E+01      8.1679E+02   2.2732E+01  6.3266E-01
      6.194  5.2030E+01      8.4442E+02   2.1698E+01  5.5754E-01
      6.709  3.6786E+01      8.2336E+02   1.9533E+01  4.6341E-01
      7.266  2.8115E+01      8.0666E+02   1.7669E+01  3.8700E-01
      7.870  3.4631E+01      7.9798E+02   1.6137E+01  3.2634E-01
      8.524  2.4169E+01      7.3237E+02   1.3674E+01  2.5531E-01
      9.233  1.4421E+01      6.9737E+02   1.2021E+01  2.0723E-01
     10.000  3.6578E+01      6.7599E+02   1.0759E+01  1.7123E-01
 
 
