**********************************************
*******  Husid Time Series ************
*** Site #   1
*** trial   40
Input Parameters file =  aqu_0604_z_parameters.out                                                                                               
  4096 samples
dt:  0.010 sec
data format: (1x,f8.3,1p,2x,e11.4)
 Arias intensity =   1.617E+02
 75%-5% duration =   3.400E+00
fault Dis.(km)=    4.28
Hypo  Dis.(km)=   11.58
     time       husid
    0.000  0.0000E+00
    0.010  0.0000E+00
    0.020  0.0000E+00
    0.030  0.0000E+00
    0.040  0.0000E+00
    0.050  0.0000E+00
    0.060  0.0000E+00
    0.070  0.0000E+00
    0.080  0.0000E+00
    0.090  0.0000E+00
    0.100  0.0000E+00
    0.110  0.0000E+00
    0.120  0.0000E+00
    0.130  0.0000E+00
    0.140  0.0000E+00
    0.150  0.0000E+00
    0.160  0.0000E+00
    0.170  0.0000E+00
    0.180  0.0000E+00
    0.190  0.0000E+00
    0.200  0.0000E+00
    0.210  0.0000E+00
    0.220  0.0000E+00
    0.230  0.0000E+00
    0.240  0.0000E+00
    0.250  0.0000E+00
    0.260  0.0000E+00
    0.270  0.0000E+00
    0.280  0.0000E+00
    0.290  0.0000E+00
    0.300  0.0000E+00
    0.310  0.0000E+00
    0.320  0.0000E+00
    0.330  0.0000E+00
    0.340  0.0000E+00
    0.350  0.0000E+00
    0.360  0.0000E+00
    0.370  1.6896E-09
    0.380  7.6186E-09
    0.390  1.5281E-08
    0.400  2.4308E-08
    0.410  3.3713E-08
    0.420  4.2043E-08
    0.430  4.7928E-08
    0.440  5.0915E-08
    0.450  5.1766E-08
    0.460  5.1822E-08
    0.470  5.2153E-08
    0.480  5.2616E-08
    0.490  5.3170E-08
    0.500  5.4388E-08
    0.510  6.1670E-08
    0.520  7.7914E-08
    0.530  1.1114E-07
    0.540  1.5381E-07
    0.550  1.8485E-07
    0.560  2.0269E-07
    0.570  2.1025E-07
    0.580  2.1216E-07
    0.590  2.1228E-07
    0.600  2.1265E-07
    0.610  2.1391E-07
    0.620  2.1610E-07
    0.630  2.1916E-07
    0.640  2.2325E-07
    0.650  2.2914E-07
    0.660  2.3866E-07
    0.670  2.5461E-07
    0.680  2.7930E-07
    0.690  3.0570E-07
    0.700  3.3481E-07
    0.710  3.7435E-07
    0.720  4.1601E-07
    0.730  4.4891E-07
    0.740  4.6894E-07
    0.750  4.7730E-07
    0.760  4.7857E-07
    0.770  4.8021E-07
    0.780  4.9209E-07
    0.790  5.2546E-07
    0.800  5.8828E-07
    0.810  6.7806E-07
    0.820  7.7946E-07
    0.830  8.7133E-07
    0.840  9.5181E-07
    0.850  9.9969E-07
    0.860  1.0074E-06
    0.870  1.0135E-06
    0.880  1.0520E-06
    0.890  1.1368E-06
    0.900  1.2617E-06
    0.910  1.4155E-06
    0.920  1.6023E-06
    0.930  1.8269E-06
    0.940  2.1427E-06
    0.950  2.5461E-06
    0.960  2.9561E-06
    0.970  3.3572E-06
    0.980  3.7292E-06
    0.990  4.0581E-06
    1.000  4.3421E-06
    1.010  4.5858E-06
    1.020  4.7908E-06
    1.030  4.9287E-06
    1.040  4.9814E-06
    1.050  4.9891E-06
    1.060  4.9920E-06
    1.070  5.0200E-06
    1.080  5.1013E-06
    1.090  5.2982E-06
    1.100  5.6377E-06
    1.110  6.0612E-06
    1.120  6.5442E-06
    1.130  7.0783E-06
    1.140  7.6580E-06
    1.150  8.2657E-06
    1.160  8.8673E-06
    1.170  9.4183E-06
    1.180  9.6936E-06
    1.190  9.7442E-06
    1.200  9.7489E-06
    1.210  9.7672E-06
    1.220  9.8464E-06
    1.230  1.0013E-05
    1.240  1.0250E-05
    1.250  1.0548E-05
    1.260  1.0920E-05
    1.270  1.1336E-05
    1.280  1.1675E-05
    1.290  1.1942E-05
    1.300  1.2219E-05
    1.310  1.2480E-05
    1.320  1.2774E-05
    1.330  1.3095E-05
    1.340  1.3371E-05
    1.350  1.3594E-05
    1.360  1.3759E-05
    1.370  1.3871E-05
    1.380  1.3938E-05
    1.390  1.3972E-05
    1.400  1.3978E-05
    1.410  1.3984E-05
    1.420  1.4015E-05
    1.430  1.4088E-05
    1.440  1.4205E-05
    1.450  1.4369E-05
    1.460  1.4628E-05
    1.470  1.4999E-05
    1.480  1.5425E-05
    1.490  1.5853E-05
    1.500  1.6221E-05
    1.510  1.6482E-05
    1.520  1.6628E-05
    1.530  1.6685E-05
    1.540  1.6695E-05
    1.550  1.6697E-05
    1.560  1.6711E-05
    1.570  1.6748E-05
    1.580  1.6817E-05
    1.590  1.6934E-05
    1.600  1.7113E-05
    1.610  1.7366E-05
    1.620  1.7723E-05
    1.630  1.8250E-05
    1.640  1.9074E-05
    1.650  2.0670E-05
    1.660  2.3268E-05
    1.670  2.6408E-05
    1.680  2.9604E-05
    1.690  3.2290E-05
    1.700  3.4087E-05
    1.710  3.4970E-05
    1.720  3.5197E-05
    1.730  3.5216E-05
    1.740  3.5459E-05
    1.750  3.6200E-05
    1.760  3.7478E-05
    1.770  3.9120E-05
    1.780  4.0916E-05
    1.790  4.2668E-05
    1.800  4.4435E-05
    1.810  4.6138E-05
    1.820  4.7550E-05
    1.830  4.8698E-05
    1.840  4.9638E-05
    1.850  5.0442E-05
    1.860  5.1168E-05
    1.870  5.1838E-05
    1.880  5.2413E-05
    1.890  5.2817E-05
    1.900  5.3006E-05
    1.910  5.3038E-05
    1.920  5.3065E-05
    1.930  5.3232E-05
    1.940  5.3583E-05
    1.950  5.4002E-05
    1.960  5.4374E-05
    1.970  5.4568E-05
    1.980  5.4610E-05
    1.990  5.4615E-05
    2.000  5.4621E-05
    2.010  5.4653E-05
    2.020  5.4780E-05
    2.030  5.5027E-05
    2.040  5.5291E-05
    2.050  5.5513E-05
    2.060  5.5655E-05
    2.070  5.5712E-05
    2.080  5.5723E-05
    2.090  5.5723E-05
    2.100  5.5724E-05
    2.110  5.5728E-05
    2.120  5.5744E-05
    2.130  5.5764E-05
    2.140  5.5775E-05
    2.150  5.5777E-05
    2.160  5.5785E-05
    2.170  5.5791E-05
    2.180  5.5796E-05
    2.190  5.5797E-05
    2.200  5.5802E-05
    2.210  5.5806E-05
    2.220  5.5818E-05
    2.230  5.5824E-05
    2.240  5.5825E-05
    2.250  5.5831E-05
    2.260  5.5858E-05
    2.270  5.5896E-05
    2.280  5.5924E-05
    2.290  5.5928E-05
    2.300  5.5963E-05
    2.310  5.6172E-05
    2.320  5.6712E-05
    2.330  5.7944E-05
    2.340  6.0118E-05
    2.350  6.3016E-05
    2.360  6.6441E-05
    2.370  7.0048E-05
    2.380  7.3457E-05
    2.390  7.6409E-05
    2.400  7.8777E-05
    2.410  8.0676E-05
    2.420  8.2322E-05
    2.430  8.3812E-05
    2.440  8.5177E-05
    2.450  8.6225E-05
    2.460  8.6887E-05
    2.470  8.7412E-05
    2.480  8.7691E-05
    2.490  8.7735E-05
    2.500  8.8299E-05
    2.510  9.0118E-05
    2.520  9.3566E-05
    2.530  9.8336E-05
    2.540  1.0345E-04
    2.550  1.0781E-04
    2.560  1.1072E-04
    2.570  1.1214E-04
    2.580  1.1254E-04
    2.590  1.1257E-04
    2.600  1.1272E-04
    2.610  1.1316E-04
    2.620  1.1387E-04
    2.630  1.1457E-04
    2.640  1.1497E-04
    2.650  1.1507E-04
    2.660  1.1508E-04
    2.670  1.1515E-04
    2.680  1.1522E-04
    2.690  1.1524E-04
    2.700  1.1539E-04
    2.710  1.1585E-04
    2.720  1.1692E-04
    2.730  1.1866E-04
    2.740  1.2067E-04
    2.750  1.2237E-04
    2.760  1.2330E-04
    2.770  1.2351E-04
    2.780  1.2357E-04
    2.790  1.2405E-04
    2.800  1.2515E-04
    2.810  1.2672E-04
    2.820  1.2856E-04
    2.830  1.3046E-04
    2.840  1.3218E-04
    2.850  1.3360E-04
    2.860  1.3474E-04
    2.870  1.3578E-04
    2.880  1.3692E-04
    2.890  1.3836E-04
    2.900  1.4043E-04
    2.910  1.4314E-04
    2.920  1.4671E-04
    2.930  1.5160E-04
    2.940  1.5779E-04
    2.950  1.6457E-04
    2.960  1.7087E-04
    2.970  1.7611E-04
    2.980  1.8004E-04
    2.990  1.8266E-04
    3.000  1.8407E-04
    3.010  1.8453E-04
    3.020  1.8457E-04
    3.030  1.8477E-04
    3.040  1.8545E-04
    3.050  1.8658E-04
    3.060  1.8785E-04
    3.070  1.8933E-04
    3.080  1.9159E-04
    3.090  1.9543E-04
    3.100  2.0162E-04
    3.110  2.1037E-04
    3.120  2.2181E-04
    3.130  2.3395E-04
    3.140  2.4339E-04
    3.150  2.4889E-04
    3.160  2.5121E-04
    3.170  2.5192E-04
    3.180  2.5206E-04
    3.190  2.5207E-04
    3.200  2.5208E-04
    3.210  2.5208E-04
    3.220  2.5219E-04
    3.230  2.5258E-04
    3.240  2.5349E-04
    3.250  2.5505E-04
    3.260  2.5730E-04
    3.270  2.6029E-04
    3.280  2.6407E-04
    3.290  2.6865E-04
    3.300  2.7362E-04
    3.310  2.7805E-04
    3.320  2.8180E-04
    3.330  2.8433E-04
    3.340  2.8522E-04
    3.350  2.8531E-04
    3.360  2.8557E-04
    3.370  2.8707E-04
    3.380  2.9006E-04
    3.390  2.9344E-04
    3.400  2.9619E-04
    3.410  2.9770E-04
    3.420  2.9807E-04
    3.430  2.9818E-04
    3.440  2.9932E-04
    3.450  3.0205E-04
    3.460  3.0571E-04
    3.470  3.0881E-04
    3.480  3.1075E-04
    3.490  3.1177E-04
    3.500  3.1207E-04
    3.510  3.1209E-04
    3.520  3.1238E-04
    3.530  3.1309E-04
    3.540  3.1383E-04
    3.550  3.1412E-04
    3.560  3.1419E-04
    3.570  3.1505E-04
    3.580  3.1759E-04
    3.590  3.2182E-04
    3.600  3.2647E-04
    3.610  3.2986E-04
    3.620  3.3124E-04
    3.630  3.3139E-04
    3.640  3.3171E-04
    3.650  3.3334E-04
    3.660  3.3663E-04
    3.670  3.4094E-04
    3.680  3.4527E-04
    3.690  3.4826E-04
    3.700  3.4936E-04
    3.710  3.4944E-04
    3.720  3.4990E-04
    3.730  3.5136E-04
    3.740  3.5307E-04
    3.750  3.5391E-04
    3.760  3.5400E-04
    3.770  3.5462E-04
    3.780  3.5745E-04
    3.790  3.6366E-04
    3.800  3.7331E-04
    3.810  3.8558E-04
    3.820  3.9913E-04
    3.830  4.1285E-04
    3.840  4.2523E-04
    3.850  4.3539E-04
    3.860  4.4291E-04
    3.870  4.4729E-04
    3.880  4.4914E-04
    3.890  4.4973E-04
    3.900  4.4992E-04
    3.910  4.4997E-04
    3.920  4.4998E-04
    3.930  4.5024E-04
    3.940  4.5174E-04
    3.950  4.5658E-04
    3.960  4.6751E-04
    3.970  4.8573E-04
    3.980  5.0875E-04
    3.990  5.3159E-04
    4.000  5.5088E-04
    4.010  5.6548E-04
    4.020  5.7599E-04
    4.030  5.8419E-04
    4.040  5.9133E-04
    4.050  5.9777E-04
    4.060  6.0333E-04
    4.070  6.0786E-04
    4.080  6.1118E-04
    4.090  6.1329E-04
    4.100  6.1435E-04
    4.110  6.1469E-04
    4.120  6.1472E-04
    4.130  6.1493E-04
    4.140  6.1597E-04
    4.150  6.1840E-04
    4.160  6.2220E-04
    4.170  6.2643E-04
    4.180  6.2997E-04
    4.190  6.3215E-04
    4.200  6.3291E-04
    4.210  6.3297E-04
    4.220  6.3351E-04
    4.230  6.3540E-04
    4.240  6.3878E-04
    4.250  6.4331E-04
    4.260  6.4818E-04
    4.270  6.5193E-04
    4.280  6.5346E-04
    4.290  6.5360E-04
    4.300  6.5458E-04
    4.310  6.5784E-04
    4.320  6.6311E-04
    4.330  6.6867E-04
    4.340  6.7239E-04
    4.350  6.7360E-04
    4.360  6.7372E-04
    4.370  6.7529E-04
    4.380  6.8013E-04
    4.390  6.8830E-04
    4.400  6.9771E-04
    4.410  7.0492E-04
    4.420  7.0809E-04
    4.430  7.0860E-04
    4.440  7.0872E-04
    4.450  7.0925E-04
    4.460  7.0993E-04
    4.470  7.1034E-04
    4.480  7.1042E-04
    4.490  7.1046E-04
    4.500  7.1085E-04
    4.510  7.1189E-04
    4.520  7.1314E-04
    4.530  7.1365E-04
    4.540  7.1377E-04
    4.550  7.1592E-04
    4.560  7.2391E-04
    4.570  7.3982E-04
    4.580  7.6041E-04
    4.590  7.7789E-04
    4.600  7.8689E-04
    4.610  7.8906E-04
    4.620  7.8917E-04
    4.630  7.8996E-04
    4.640  7.9184E-04
    4.650  7.9414E-04
    4.660  7.9615E-04
    4.670  7.9788E-04
    4.680  8.0003E-04
    4.690  8.0375E-04
    4.700  8.0928E-04
    4.710  8.1468E-04
    4.720  8.1834E-04
    4.730  8.2065E-04
    4.740  8.2291E-04
    4.750  8.2632E-04
    4.760  8.3160E-04
    4.770  8.3882E-04
    4.780  8.4751E-04
    4.790  8.5629E-04
    4.800  8.6214E-04
    4.810  8.6352E-04
    4.820  8.6443E-04
    4.830  8.7034E-04
    4.840  8.8086E-04
    4.850  8.9196E-04
    4.860  9.0215E-04
    4.870  9.1339E-04
    4.880  9.2954E-04
    4.890  9.5591E-04
    4.900  9.9847E-04
    4.910  1.0600E-03
    4.920  1.1331E-03
    4.930  1.1999E-03
    4.940  1.2446E-03
    4.950  1.2658E-03
    4.960  1.2728E-03
    4.970  1.2744E-03
    4.980  1.2746E-03
    4.990  1.2746E-03
    5.000  1.2746E-03
    5.010  1.2747E-03
    5.020  1.2747E-03
    5.030  1.2747E-03
    5.040  1.2748E-03
    5.050  1.2757E-03
    5.060  1.2798E-03
    5.070  1.2912E-03
    5.080  1.3126E-03
    5.090  1.3412E-03
    5.100  1.3679E-03
    5.110  1.3866E-03
    5.120  1.4007E-03
    5.130  1.4201E-03
    5.140  1.4602E-03
    5.150  1.5355E-03
    5.160  1.6447E-03
    5.170  1.7653E-03
    5.180  1.8680E-03
    5.190  1.9339E-03
    5.200  1.9627E-03
    5.210  1.9689E-03
    5.220  1.9694E-03
    5.230  1.9750E-03
    5.240  1.9927E-03
    5.250  2.0260E-03
    5.260  2.0709E-03
    5.270  2.1143E-03
    5.280  2.1440E-03
    5.290  2.1591E-03
    5.300  2.1659E-03
    5.310  2.1711E-03
    5.320  2.1800E-03
    5.330  2.1985E-03
    5.340  2.2306E-03
    5.350  2.2733E-03
    5.360  2.3180E-03
    5.370  2.3558E-03
    5.380  2.3793E-03
    5.390  2.3863E-03
    5.400  2.3890E-03
    5.410  2.4234E-03
    5.420  2.5256E-03
    5.430  2.6797E-03
    5.440  2.8160E-03
    5.450  2.8859E-03
    5.460  2.9019E-03
    5.470  2.9039E-03
    5.480  2.9278E-03
    5.490  2.9963E-03
    5.500  3.1090E-03
    5.510  3.2424E-03
    5.520  3.3704E-03
    5.530  3.4912E-03
    5.540  3.6214E-03
    5.550  3.7589E-03
    5.560  3.8682E-03
    5.570  3.9278E-03
    5.580  3.9551E-03
    5.590  3.9760E-03
    5.600  4.0153E-03
    5.610  4.1031E-03
    5.620  4.2551E-03
    5.630  4.4657E-03
    5.640  4.7080E-03
    5.650  4.9172E-03
    5.660  5.0251E-03
    5.670  5.0422E-03
    5.680  5.0574E-03
    5.690  5.1266E-03
    5.700  5.2340E-03
    5.710  5.3610E-03
    5.720  5.5424E-03
    5.730  5.8466E-03
    5.740  6.3183E-03
    5.750  6.9476E-03
    5.760  7.6894E-03
    5.770  8.4625E-03
    5.780  9.1233E-03
    5.790  9.5402E-03
    5.800  9.7222E-03
    5.810  9.7845E-03
    5.820  9.8184E-03
    5.830  9.8725E-03
    5.840  9.9862E-03
    5.850  1.0172E-02
    5.860  1.0408E-02
    5.870  1.0679E-02
    5.880  1.0958E-02
    5.890  1.1184E-02
    5.900  1.1318E-02
    5.910  1.1366E-02
    5.920  1.1370E-02
    5.930  1.1424E-02
    5.940  1.1596E-02
    5.950  1.1834E-02
    5.960  1.2027E-02
    5.970  1.2161E-02
    5.980  1.2321E-02
    5.990  1.2648E-02
    6.000  1.3265E-02
    6.010  1.4120E-02
    6.020  1.5014E-02
    6.030  1.5779E-02
    6.040  1.6303E-02
    6.050  1.6555E-02
    6.060  1.6620E-02
    6.070  1.6625E-02
    6.080  1.6664E-02
    6.090  1.6800E-02
    6.100  1.7094E-02
    6.110  1.7574E-02
    6.120  1.8122E-02
    6.130  1.8536E-02
    6.140  1.8744E-02
    6.150  1.8826E-02
    6.160  1.8874E-02
    6.170  1.8950E-02
    6.180  1.9121E-02
    6.190  1.9463E-02
    6.200  2.0006E-02
    6.210  2.0678E-02
    6.220  2.1340E-02
    6.230  2.1860E-02
    6.240  2.2163E-02
    6.250  2.2245E-02
    6.260  2.2271E-02
    6.270  2.2533E-02
    6.280  2.3140E-02
    6.290  2.3818E-02
    6.300  2.4238E-02
    6.310  2.4381E-02
    6.320  2.4399E-02
    6.330  2.4412E-02
    6.340  2.4490E-02
    6.350  2.4642E-02
    6.360  2.4802E-02
    6.370  2.4915E-02
    6.380  2.4995E-02
    6.390  2.5076E-02
    6.400  2.5152E-02
    6.410  2.5191E-02
    6.420  2.5195E-02
    6.430  2.5203E-02
    6.440  2.5210E-02
    6.450  2.5223E-02
    6.460  2.5367E-02
    6.470  2.5841E-02
    6.480  2.6673E-02
    6.490  2.7578E-02
    6.500  2.8227E-02
    6.510  2.8538E-02
    6.520  2.8617E-02
    6.530  2.8621E-02
    6.540  2.8653E-02
    6.550  2.8738E-02
    6.560  2.8871E-02
    6.570  2.9043E-02
    6.580  2.9261E-02
    6.590  2.9544E-02
    6.600  2.9916E-02
    6.610  3.0383E-02
    6.620  3.0894E-02
    6.630  3.1340E-02
    6.640  3.1661E-02
    6.650  3.1881E-02
    6.660  3.2029E-02
    6.670  3.2112E-02
    6.680  3.2143E-02
    6.690  3.2149E-02
    6.700  3.2149E-02
    6.710  3.2150E-02
    6.720  3.2165E-02
    6.730  3.2236E-02
    6.740  3.2423E-02
    6.750  3.2753E-02
    6.760  3.3133E-02
    6.770  3.3440E-02
    6.780  3.3632E-02
    6.790  3.3719E-02
    6.800  3.3736E-02
    6.810  3.3748E-02
    6.820  3.3853E-02
    6.830  3.4134E-02
    6.840  3.4608E-02
    6.850  3.5197E-02
    6.860  3.5781E-02
    6.870  3.6255E-02
    6.880  3.6551E-02
    6.890  3.6647E-02
    6.900  3.6658E-02
    6.910  3.6800E-02
    6.920  3.7291E-02
    6.930  3.8328E-02
    6.940  3.9830E-02
    6.950  4.1277E-02
    6.960  4.2199E-02
    6.970  4.2583E-02
    6.980  4.2670E-02
    6.990  4.2674E-02
    7.000  4.2687E-02
    7.010  4.2695E-02
    7.020  4.2717E-02
    7.030  4.2946E-02
    7.040  4.3656E-02
    7.050  4.4937E-02
    7.060  4.6699E-02
    7.070  4.8762E-02
    7.080  5.0860E-02
    7.090  5.2770E-02
    7.100  5.4349E-02
    7.110  5.5379E-02
    7.120  5.5775E-02
    7.130  5.5829E-02
    7.140  5.5834E-02
    7.150  5.5853E-02
    7.160  5.5867E-02
    7.170  5.5870E-02
    7.180  5.5888E-02
    7.190  5.6108E-02
    7.200  5.6878E-02
    7.210  5.8236E-02
    7.220  5.9737E-02
    7.230  6.0920E-02
    7.240  6.1660E-02
    7.250  6.2044E-02
    7.260  6.2193E-02
    7.270  6.2218E-02
    7.280  6.2237E-02
    7.290  6.2333E-02
    7.300  6.2445E-02
    7.310  6.2482E-02
    7.320  6.2498E-02
    7.330  6.2617E-02
    7.340  6.2821E-02
    7.350  6.2990E-02
    7.360  6.3063E-02
    7.370  6.3070E-02
    7.380  6.3143E-02
    7.390  6.3364E-02
    7.400  6.3612E-02
    7.410  6.3741E-02
    7.420  6.3769E-02
    7.430  6.3770E-02
    7.440  6.3791E-02
    7.450  6.3860E-02
    7.460  6.3961E-02
    7.470  6.4053E-02
    7.480  6.4132E-02
    7.490  6.4215E-02
    7.500  6.4287E-02
    7.510  6.4332E-02
    7.520  6.4358E-02
    7.530  6.4362E-02
    7.540  6.4414E-02
    7.550  6.4731E-02
    7.560  6.5527E-02
    7.570  6.6800E-02
    7.580  6.8335E-02
    7.590  6.9935E-02
    7.600  7.1441E-02
    7.610  7.2626E-02
    7.620  7.3382E-02
    7.630  7.3840E-02
    7.640  7.4172E-02
    7.650  7.4463E-02
    7.660  7.4708E-02
    7.670  7.4857E-02
    7.680  7.4897E-02
    7.690  7.4913E-02
    7.700  7.5116E-02
    7.710  7.5802E-02
    7.720  7.7281E-02
    7.730  7.9529E-02
    7.740  8.1952E-02
    7.750  8.4054E-02
    7.760  8.5864E-02
    7.770  8.7667E-02
    7.780  8.9640E-02
    7.790  9.1724E-02
    7.800  9.3759E-02
    7.810  9.5525E-02
    7.820  9.6749E-02
    7.830  9.7352E-02
    7.840  9.7532E-02
    7.850  9.7548E-02
    7.860  9.7581E-02
    7.870  9.7740E-02
    7.880  9.8088E-02
    7.890  9.8692E-02
    7.900  9.9801E-02
    7.910  1.0185E-01
    7.920  1.0495E-01
    7.930  1.0862E-01
    7.940  1.1250E-01
    7.950  1.1639E-01
    7.960  1.2010E-01
    7.970  1.2376E-01
    7.980  1.2757E-01
    7.990  1.3124E-01
    8.000  1.3390E-01
    8.010  1.3513E-01
    8.020  1.3548E-01
    8.030  1.3568E-01
    8.040  1.3622E-01
    8.050  1.3748E-01
    8.060  1.3958E-01
    8.070  1.4251E-01
    8.080  1.4603E-01
    8.090  1.4938E-01
    8.100  1.5185E-01
    8.110  1.5347E-01
    8.120  1.5469E-01
    8.130  1.5591E-01
    8.140  1.5729E-01
    8.150  1.5894E-01
    8.160  1.6100E-01
    8.170  1.6362E-01
    8.180  1.6674E-01
    8.190  1.7012E-01
    8.200  1.7362E-01
    8.210  1.7707E-01
    8.220  1.8019E-01
    8.230  1.8272E-01
    8.240  1.8479E-01
    8.250  1.8651E-01
    8.260  1.8774E-01
    8.270  1.8834E-01
    8.280  1.8851E-01
    8.290  1.8856E-01
    8.300  1.8863E-01
    8.310  1.8883E-01
    8.320  1.8911E-01
    8.330  1.8931E-01
    8.340  1.8935E-01
    8.350  1.8943E-01
    8.360  1.8997E-01
    8.370  1.9095E-01
    8.380  1.9181E-01
    8.390  1.9227E-01
    8.400  1.9246E-01
    8.410  1.9257E-01
    8.420  1.9269E-01
    8.430  1.9283E-01
    8.440  1.9297E-01
    8.450  1.9313E-01
    8.460  1.9346E-01
    8.470  1.9425E-01
    8.480  1.9604E-01
    8.490  1.9929E-01
    8.500  2.0415E-01
    8.510  2.1022E-01
    8.520  2.1633E-01
    8.530  2.2112E-01
    8.540  2.2393E-01
    8.550  2.2495E-01
    8.560  2.2506E-01
    8.570  2.2523E-01
    8.580  2.2579E-01
    8.590  2.2656E-01
    8.600  2.2743E-01
    8.610  2.2858E-01
    8.620  2.3047E-01
    8.630  2.3318E-01
    8.640  2.3605E-01
    8.650  2.3846E-01
    8.660  2.4039E-01
    8.670  2.4217E-01
    8.680  2.4397E-01
    8.690  2.4565E-01
    8.700  2.4687E-01
    8.710  2.4745E-01
    8.720  2.4756E-01
    8.730  2.4758E-01
    8.740  2.4774E-01
    8.750  2.4829E-01
    8.760  2.4973E-01
    8.770  2.5244E-01
    8.780  2.5589E-01
    8.790  2.5883E-01
    8.800  2.6057E-01
    8.810  2.6136E-01
    8.820  2.6179E-01
    8.830  2.6247E-01
    8.840  2.6402E-01
    8.850  2.6642E-01
    8.860  2.6869E-01
    8.870  2.7024E-01
    8.880  2.7132E-01
    8.890  2.7247E-01
    8.900  2.7400E-01
    8.910  2.7573E-01
    8.920  2.7722E-01
    8.930  2.7830E-01
    8.940  2.7919E-01
    8.950  2.8038E-01
    8.960  2.8238E-01
    8.970  2.8536E-01
    8.980  2.8873E-01
    8.990  2.9153E-01
    9.000  2.9324E-01
    9.010  2.9423E-01
    9.020  2.9528E-01
    9.030  2.9729E-01
    9.040  3.0120E-01
    9.050  3.0719E-01
    9.060  3.1419E-01
    9.070  3.2044E-01
    9.080  3.2487E-01
    9.090  3.2780E-01
    9.100  3.3019E-01
    9.110  3.3262E-01
    9.120  3.3482E-01
    9.130  3.3610E-01
    9.140  3.3644E-01
    9.150  3.3645E-01
    9.160  3.3646E-01
    9.170  3.3648E-01
    9.180  3.3649E-01
    9.190  3.3651E-01
    9.200  3.3660E-01
    9.210  3.3719E-01
    9.220  3.3905E-01
    9.230  3.4264E-01
    9.240  3.4769E-01
    9.250  3.5357E-01
    9.260  3.5946E-01
    9.270  3.6478E-01
    9.280  3.6967E-01
    9.290  3.7492E-01
    9.300  3.8149E-01
    9.310  3.8939E-01
    9.320  3.9736E-01
    9.330  4.0448E-01
    9.340  4.1124E-01
    9.350  4.1879E-01
    9.360  4.2791E-01
    9.370  4.3838E-01
    9.380  4.4908E-01
    9.390  4.5853E-01
    9.400  4.6578E-01
    9.410  4.7087E-01
    9.420  4.7442E-01
    9.430  4.7702E-01
    9.440  4.7908E-01
    9.450  4.8074E-01
    9.460  4.8192E-01
    9.470  4.8236E-01
    9.480  4.8243E-01
    9.490  4.8330E-01
    9.500  4.8546E-01
    9.510  4.8816E-01
    9.520  4.9048E-01
    9.530  4.9203E-01
    9.540  4.9282E-01
    9.550  4.9307E-01
    9.560  4.9308E-01
    9.570  4.9325E-01
    9.580  4.9384E-01
    9.590  4.9492E-01
    9.600  4.9669E-01
    9.610  4.9963E-01
    9.620  5.0402E-01
    9.630  5.0883E-01
    9.640  5.1222E-01
    9.650  5.1359E-01
    9.660  5.1384E-01
    9.670  5.1386E-01
    9.680  5.1387E-01
    9.690  5.1392E-01
    9.700  5.1399E-01
    9.710  5.1402E-01
    9.720  5.1404E-01
    9.730  5.1419E-01
    9.740  5.1451E-01
    9.750  5.1500E-01
    9.760  5.1584E-01
    9.770  5.1723E-01
    9.780  5.1903E-01
    9.790  5.2075E-01
    9.800  5.2197E-01
    9.810  5.2246E-01
    9.820  5.2251E-01
    9.830  5.2291E-01
    9.840  5.2405E-01
    9.850  5.2546E-01
    9.860  5.2672E-01
    9.870  5.2809E-01
    9.880  5.3047E-01
    9.890  5.3511E-01
    9.900  5.4222E-01
    9.910  5.4972E-01
    9.920  5.5474E-01
    9.930  5.5662E-01
    9.940  5.5693E-01
    9.950  5.5693E-01
    9.960  5.5693E-01
    9.970  5.5695E-01
    9.980  5.5704E-01
    9.990  5.5719E-01
   10.000  5.5738E-01
   10.010  5.5768E-01
   10.020  5.5816E-01
   10.030  5.5890E-01
   10.040  5.5983E-01
   10.050  5.6054E-01
   10.060  5.6074E-01
   10.070  5.6084E-01
   10.080  5.6153E-01
   10.090  5.6285E-01
   10.100  5.6456E-01
   10.110  5.6689E-01
   10.120  5.7044E-01
   10.130  5.7555E-01
   10.140  5.8200E-01
   10.150  5.8905E-01
   10.160  5.9603E-01
   10.170  6.0294E-01
   10.180  6.0998E-01
   10.190  6.1738E-01
   10.200  6.2541E-01
   10.210  6.3394E-01
   10.220  6.4214E-01
   10.230  6.4868E-01
   10.240  6.5284E-01
   10.250  6.5495E-01
   10.260  6.5587E-01
   10.270  6.5639E-01
   10.280  6.5713E-01
   10.290  6.5883E-01
   10.300  6.6225E-01
   10.310  6.6750E-01
   10.320  6.7374E-01
   10.330  6.7945E-01
   10.340  6.8342E-01
   10.350  6.8567E-01
   10.360  6.8693E-01
   10.370  6.8784E-01
   10.380  6.8877E-01
   10.390  6.9000E-01
   10.400  6.9189E-01
   10.410  6.9500E-01
   10.420  6.9965E-01
   10.430  7.0560E-01
   10.440  7.1268E-01
   10.450  7.2133E-01
   10.460  7.3239E-01
   10.470  7.4613E-01
   10.480  7.6147E-01
   10.490  7.7599E-01
   10.500  7.8779E-01
   10.510  7.9660E-01
   10.520  8.0291E-01
   10.530  8.0735E-01
   10.540  8.1057E-01
   10.550  8.1279E-01
   10.560  8.1408E-01
   10.570  8.1466E-01
   10.580  8.1491E-01
   10.590  8.1507E-01
   10.600  8.1526E-01
   10.610  8.1541E-01
   10.620  8.1546E-01
   10.630  8.1546E-01
   10.640  8.1547E-01
   10.650  8.1547E-01
   10.660  8.1550E-01
   10.670  8.1568E-01
   10.680  8.1610E-01
   10.690  8.1666E-01
   10.700  8.1718E-01
   10.710  8.1758E-01
   10.720  8.1795E-01
   10.730  8.1845E-01
   10.740  8.1925E-01
   10.750  8.2037E-01
   10.760  8.2141E-01
   10.770  8.2184E-01
   10.780  8.2188E-01
   10.790  8.2213E-01
   10.800  8.2279E-01
   10.810  8.2361E-01
   10.820  8.2437E-01
   10.830  8.2506E-01
   10.840  8.2566E-01
   10.850  8.2605E-01
   10.860  8.2619E-01
   10.870  8.2621E-01
   10.880  8.2623E-01
   10.890  8.2627E-01
   10.900  8.2628E-01
   10.910  8.2641E-01
   10.920  8.2708E-01
   10.930  8.2843E-01
   10.940  8.2992E-01
   10.950  8.3092E-01
   10.960  8.3144E-01
   10.970  8.3180E-01
   10.980  8.3235E-01
   10.990  8.3330E-01
   11.000  8.3461E-01
   11.010  8.3601E-01
   11.020  8.3725E-01
   11.030  8.3830E-01
   11.040  8.3934E-01
   11.050  8.4070E-01
   11.060  8.4266E-01
   11.070  8.4510E-01
   11.080  8.4746E-01
   11.090  8.4928E-01
   11.100  8.5063E-01
   11.110  8.5183E-01
   11.120  8.5324E-01
   11.130  8.5521E-01
   11.140  8.5781E-01
   11.150  8.6066E-01
   11.160  8.6318E-01
   11.170  8.6485E-01
   11.180  8.6552E-01
   11.190  8.6561E-01
   11.200  8.6564E-01
   11.210  8.6575E-01
   11.220  8.6579E-01
   11.230  8.6580E-01
   11.240  8.6587E-01
   11.250  8.6594E-01
   11.260  8.6598E-01
   11.270  8.6599E-01
   11.280  8.6600E-01
   11.290  8.6605E-01
   11.300  8.6606E-01
   11.310  8.6618E-01
   11.320  8.6693E-01
   11.330  8.6871E-01
   11.340  8.7123E-01
   11.350  8.7371E-01
   11.360  8.7543E-01
   11.370  8.7619E-01
   11.380  8.7634E-01
   11.390  8.7635E-01
   11.400  8.7645E-01
   11.410  8.7669E-01
   11.420  8.7712E-01
   11.430  8.7769E-01
   11.440  8.7828E-01
   11.450  8.7876E-01
   11.460  8.7909E-01
   11.470  8.7926E-01
   11.480  8.7929E-01
   11.490  8.7930E-01
   11.500  8.7939E-01
   11.510  8.7971E-01
   11.520  8.8044E-01
   11.530  8.8172E-01
   11.540  8.8343E-01
   11.550  8.8529E-01
   11.560  8.8708E-01
   11.570  8.8877E-01
   11.580  8.9035E-01
   11.590  8.9180E-01
   11.600  8.9310E-01
   11.610  8.9417E-01
   11.620  8.9484E-01
   11.630  8.9509E-01
   11.640  8.9512E-01
   11.650  8.9513E-01
   11.660  8.9515E-01
   11.670  8.9516E-01
   11.680  8.9517E-01
   11.690  8.9525E-01
   11.700  8.9551E-01
   11.710  8.9608E-01
   11.720  8.9709E-01
   11.730  8.9843E-01
   11.740  8.9967E-01
   11.750  9.0037E-01
   11.760  9.0051E-01
   11.770  9.0055E-01
   11.780  9.0076E-01
   11.790  9.0098E-01
   11.800  9.0102E-01
   11.810  9.0110E-01
   11.820  9.0145E-01
   11.830  9.0204E-01
   11.840  9.0269E-01
   11.850  9.0323E-01
   11.860  9.0360E-01
   11.870  9.0380E-01
   11.880  9.0389E-01
   11.890  9.0392E-01
   11.900  9.0392E-01
   11.910  9.0393E-01
   11.920  9.0396E-01
   11.930  9.0401E-01
   11.940  9.0405E-01
   11.950  9.0408E-01
   11.960  9.0413E-01
   11.970  9.0426E-01
   11.980  9.0461E-01
   11.990  9.0529E-01
   12.000  9.0617E-01
   12.010  9.0699E-01
   12.020  9.0750E-01
   12.030  9.0766E-01
   12.040  9.0768E-01
   12.050  9.0795E-01
   12.060  9.0861E-01
   12.070  9.0940E-01
   12.080  9.0999E-01
   12.090  9.1030E-01
   12.100  9.1047E-01
   12.110  9.1061E-01
   12.120  9.1080E-01
   12.130  9.1104E-01
   12.140  9.1130E-01
   12.150  9.1148E-01
   12.160  9.1155E-01
   12.170  9.1156E-01
   12.180  9.1156E-01
   12.190  9.1156E-01
   12.200  9.1163E-01
   12.210  9.1195E-01
   12.220  9.1262E-01
   12.230  9.1360E-01
   12.240  9.1475E-01
   12.250  9.1600E-01
   12.260  9.1723E-01
   12.270  9.1834E-01
   12.280  9.1917E-01
   12.290  9.1967E-01
   12.300  9.1997E-01
   12.310  9.2018E-01
   12.320  9.2031E-01
   12.330  9.2037E-01
   12.340  9.2038E-01
   12.350  9.2038E-01
   12.360  9.2042E-01
   12.370  9.2050E-01
   12.380  9.2069E-01
   12.390  9.2101E-01
   12.400  9.2135E-01
   12.410  9.2160E-01
   12.420  9.2173E-01
   12.430  9.2176E-01
   12.440  9.2176E-01
   12.450  9.2183E-01
   12.460  9.2207E-01
   12.470  9.2249E-01
   12.480  9.2306E-01
   12.490  9.2373E-01
   12.500  9.2448E-01
   12.510  9.2521E-01
   12.520  9.2581E-01
   12.530  9.2619E-01
   12.540  9.2636E-01
   12.550  9.2641E-01
   12.560  9.2642E-01
   12.570  9.2642E-01
   12.580  9.2644E-01
   12.590  9.2650E-01
   12.600  9.2661E-01
   12.610  9.2672E-01
   12.620  9.2683E-01
   12.630  9.2695E-01
   12.640  9.2716E-01
   12.650  9.2761E-01
   12.660  9.2848E-01
   12.670  9.2992E-01
   12.680  9.3179E-01
   12.690  9.3383E-01
   12.700  9.3583E-01
   12.710  9.3765E-01
   12.720  9.3909E-01
   12.730  9.3988E-01
   12.740  9.4007E-01
   12.750  9.4011E-01
   12.760  9.4043E-01
   12.770  9.4106E-01
   12.780  9.4179E-01
   12.790  9.4247E-01
   12.800  9.4309E-01
   12.810  9.4366E-01
   12.820  9.4421E-01
   12.830  9.4475E-01
   12.840  9.4528E-01
   12.850  9.4581E-01
   12.860  9.4631E-01
   12.870  9.4670E-01
   12.880  9.4689E-01
   12.890  9.4691E-01
   12.900  9.4698E-01
   12.910  9.4729E-01
   12.920  9.4791E-01
   12.930  9.4877E-01
   12.940  9.4977E-01
   12.950  9.5078E-01
   12.960  9.5177E-01
   12.970  9.5273E-01
   12.980  9.5368E-01
   12.990  9.5464E-01
   13.000  9.5565E-01
   13.010  9.5665E-01
   13.020  9.5759E-01
   13.030  9.5852E-01
   13.040  9.5956E-01
   13.050  9.6079E-01
   13.060  9.6216E-01
   13.070  9.6357E-01
   13.080  9.6499E-01
   13.090  9.6646E-01
   13.100  9.6794E-01
   13.110  9.6926E-01
   13.120  9.7033E-01
   13.130  9.7117E-01
   13.140  9.7183E-01
   13.150  9.7233E-01
   13.160  9.7268E-01
   13.170  9.7292E-01
   13.180  9.7313E-01
   13.190  9.7335E-01
   13.200  9.7356E-01
   13.210  9.7374E-01
   13.220  9.7382E-01
   13.230  9.7383E-01
   13.240  9.7389E-01
   13.250  9.7413E-01
   13.260  9.7452E-01
   13.270  9.7488E-01
   13.280  9.7511E-01
   13.290  9.7523E-01
   13.300  9.7530E-01
   13.310  9.7533E-01
   13.320  9.7534E-01
   13.330  9.7534E-01
   13.340  9.7534E-01
   13.350  9.7534E-01
   13.360  9.7536E-01
   13.370  9.7543E-01
   13.380  9.7556E-01
   13.390  9.7572E-01
   13.400  9.7588E-01
   13.410  9.7599E-01
   13.420  9.7606E-01
   13.430  9.7609E-01
   13.440  9.7610E-01
   13.450  9.7610E-01
   13.460  9.7610E-01
   13.470  9.7611E-01
   13.480  9.7614E-01
   13.490  9.7622E-01
   13.500  9.7637E-01
   13.510  9.7657E-01
   13.520  9.7678E-01
   13.530  9.7696E-01
   13.540  9.7715E-01
   13.550  9.7737E-01
   13.560  9.7761E-01
   13.570  9.7782E-01
   13.580  9.7796E-01
   13.590  9.7803E-01
   13.600  9.7805E-01
   13.610  9.7806E-01
   13.620  9.7807E-01
   13.630  9.7812E-01
   13.640  9.7823E-01
   13.650  9.7839E-01
   13.660  9.7862E-01
   13.670  9.7887E-01
   13.680  9.7912E-01
   13.690  9.7929E-01
   13.700  9.7941E-01
   13.710  9.7946E-01
   13.720  9.7948E-01
   13.730  9.7948E-01
   13.740  9.7950E-01
   13.750  9.7954E-01
   13.760  9.7961E-01
   13.770  9.7970E-01
   13.780  9.7982E-01
   13.790  9.7999E-01
   13.800  9.8028E-01
   13.810  9.8072E-01
   13.820  9.8133E-01
   13.830  9.8205E-01
   13.840  9.8277E-01
   13.850  9.8341E-01
   13.860  9.8391E-01
   13.870  9.8431E-01
   13.880  9.8463E-01
   13.890  9.8491E-01
   13.900  9.8519E-01
   13.910  9.8549E-01
   13.920  9.8586E-01
   13.930  9.8628E-01
   13.940  9.8672E-01
   13.950  9.8712E-01
   13.960  9.8749E-01
   13.970  9.8782E-01
   13.980  9.8812E-01
   13.990  9.8836E-01
   14.000  9.8855E-01
   14.010  9.8871E-01
   14.020  9.8890E-01
   14.030  9.8917E-01
   14.040  9.8955E-01
   14.050  9.8999E-01
   14.060  9.9038E-01
   14.070  9.9060E-01
   14.080  9.9065E-01
   14.090  9.9066E-01
   14.100  9.9075E-01
   14.110  9.9090E-01
   14.120  9.9106E-01
   14.130  9.9116E-01
   14.140  9.9120E-01
   14.150  9.9122E-01
   14.160  9.9123E-01
   14.170  9.9127E-01
   14.180  9.9133E-01
   14.190  9.9143E-01
   14.200  9.9153E-01
   14.210  9.9161E-01
   14.220  9.9166E-01
   14.230  9.9168E-01
   14.240  9.9169E-01
   14.250  9.9171E-01
   14.260  9.9174E-01
   14.270  9.9180E-01
   14.280  9.9188E-01
   14.290  9.9194E-01
   14.300  9.9200E-01
   14.310  9.9204E-01
   14.320  9.9210E-01
   14.330  9.9217E-01
   14.340  9.9226E-01
   14.350  9.9234E-01
   14.360  9.9240E-01
   14.370  9.9245E-01
   14.380  9.9248E-01
   14.390  9.9252E-01
   14.400  9.9256E-01
   14.410  9.9263E-01
   14.420  9.9269E-01
   14.430  9.9274E-01
   14.440  9.9277E-01
   14.450  9.9278E-01
   14.460  9.9279E-01
   14.470  9.9279E-01
   14.480  9.9280E-01
   14.490  9.9284E-01
   14.500  9.9292E-01
   14.510  9.9303E-01
   14.520  9.9313E-01
   14.530  9.9321E-01
   14.540  9.9325E-01
   14.550  9.9327E-01
   14.560  9.9328E-01
   14.570  9.9329E-01
   14.580  9.9331E-01
   14.590  9.9332E-01
   14.600  9.9333E-01
   14.610  9.9334E-01
   14.620  9.9334E-01
   14.630  9.9334E-01
   14.640  9.9335E-01
   14.650  9.9336E-01
   14.660  9.9341E-01
   14.670  9.9348E-01
   14.680  9.9359E-01
   14.690  9.9371E-01
   14.700  9.9383E-01
   14.710  9.9392E-01
   14.720  9.9399E-01
   14.730  9.9404E-01
   14.740  9.9406E-01
   14.750  9.9407E-01
   14.760  9.9408E-01
   14.770  9.9408E-01
   14.780  9.9408E-01
   14.790  9.9408E-01
   14.800  9.9410E-01
   14.810  9.9414E-01
   14.820  9.9421E-01
   14.830  9.9429E-01
   14.840  9.9436E-01
   14.850  9.9440E-01
   14.860  9.9443E-01
   14.870  9.9445E-01
   14.880  9.9449E-01
   14.890  9.9456E-01
   14.900  9.9466E-01
   14.910  9.9478E-01
   14.920  9.9491E-01
   14.930  9.9501E-01
   14.940  9.9508E-01
   14.950  9.9511E-01
   14.960  9.9512E-01
   14.970  9.9512E-01
   14.980  9.9512E-01
   14.990  9.9512E-01
   15.000  9.9512E-01
   15.010  9.9512E-01
   15.020  9.9513E-01
   15.030  9.9513E-01
   15.040  9.9514E-01
   15.050  9.9515E-01
   15.060  9.9516E-01
   15.070  9.9517E-01
   15.080  9.9517E-01
   15.090  9.9517E-01
   15.100  9.9517E-01
   15.110  9.9517E-01
   15.120  9.9518E-01
   15.130  9.9519E-01
   15.140  9.9521E-01
   15.150  9.9523E-01
   15.160  9.9526E-01
   15.170  9.9529E-01
   15.180  9.9531E-01
   15.190  9.9533E-01
   15.200  9.9534E-01
   15.210  9.9534E-01
   15.220  9.9534E-01
   15.230  9.9534E-01
   15.240  9.9535E-01
   15.250  9.9536E-01
   15.260  9.9538E-01
   15.270  9.9540E-01
   15.280  9.9543E-01
   15.290  9.9547E-01
   15.300  9.9551E-01
   15.310  9.9554E-01
   15.320  9.9557E-01
   15.330  9.9559E-01
   15.340  9.9560E-01
   15.350  9.9561E-01
   15.360  9.9561E-01
   15.370  9.9562E-01
   15.380  9.9563E-01
   15.390  9.9563E-01
   15.400  9.9563E-01
   15.410  9.9563E-01
   15.420  9.9563E-01
   15.430  9.9563E-01
   15.440  9.9563E-01
   15.450  9.9563E-01
   15.460  9.9564E-01
   15.470  9.9564E-01
   15.480  9.9564E-01
   15.490  9.9565E-01
   15.500  9.9569E-01
   15.510  9.9577E-01
   15.520  9.9592E-01
   15.530  9.9615E-01
   15.540  9.9645E-01
   15.550  9.9679E-01
   15.560  9.9712E-01
   15.570  9.9742E-01
   15.580  9.9766E-01
   15.590  9.9782E-01
   15.600  9.9791E-01
   15.610  9.9795E-01
   15.620  9.9797E-01
   15.630  9.9797E-01
   15.640  9.9798E-01
   15.650  9.9799E-01
   15.660  9.9800E-01
   15.670  9.9802E-01
   15.680  9.9805E-01
   15.690  9.9808E-01
   15.700  9.9811E-01
   15.710  9.9813E-01
   15.720  9.9816E-01
   15.730  9.9818E-01
   15.740  9.9821E-01
   15.750  9.9824E-01
   15.760  9.9828E-01
   15.770  9.9832E-01
   15.780  9.9835E-01
   15.790  9.9840E-01
   15.800  9.9843E-01
   15.810  9.9846E-01
   15.820  9.9848E-01
   15.830  9.9848E-01
   15.840  9.9848E-01
   15.850  9.9848E-01
   15.860  9.9849E-01
   15.870  9.9849E-01
   15.880  9.9850E-01
   15.890  9.9852E-01
   15.900  9.9854E-01
   15.910  9.9856E-01
   15.920  9.9860E-01
   15.930  9.9863E-01
   15.940  9.9868E-01
   15.950  9.9872E-01
   15.960  9.9877E-01
   15.970  9.9883E-01
   15.980  9.9888E-01
   15.990  9.9894E-01
   16.000  9.9899E-01
   16.010  9.9904E-01
   16.020  9.9908E-01
   16.030  9.9911E-01
   16.040  9.9914E-01
   16.050  9.9916E-01
   16.060  9.9918E-01
   16.070  9.9919E-01
   16.080  9.9920E-01
   16.090  9.9920E-01
   16.100  9.9920E-01
   16.110  9.9920E-01
   16.120  9.9920E-01
   16.130  9.9920E-01
   16.140  9.9921E-01
   16.150  9.9922E-01
   16.160  9.9922E-01
   16.170  9.9923E-01
   16.180  9.9923E-01
   16.190  9.9923E-01
   16.200  9.9923E-01
   16.210  9.9923E-01
   16.220  9.9923E-01
   16.230  9.9924E-01
   16.240  9.9924E-01
   16.250  9.9924E-01
   16.260  9.9924E-01
   16.270  9.9924E-01
   16.280  9.9924E-01
   16.290  9.9924E-01
   16.300  9.9925E-01
   16.310  9.9925E-01
   16.320  9.9925E-01
   16.330  9.9925E-01
   16.340  9.9925E-01
   16.350  9.9926E-01
   16.360  9.9927E-01
   16.370  9.9928E-01
   16.380  9.9930E-01
   16.390  9.9932E-01
   16.400  9.9933E-01
   16.410  9.9934E-01
   16.420  9.9935E-01
   16.430  9.9935E-01
   16.440  9.9935E-01
   16.450  9.9935E-01
   16.460  9.9936E-01
   16.470  9.9936E-01
   16.480  9.9937E-01
   16.490  9.9937E-01
   16.500  9.9937E-01
   16.510  9.9937E-01
   16.520  9.9937E-01
   16.530  9.9937E-01
   16.540  9.9938E-01
   16.550  9.9938E-01
   16.560  9.9938E-01
   16.570  9.9938E-01
   16.580  9.9938E-01
   16.590  9.9939E-01
   16.600  9.9939E-01
   16.610  9.9940E-01
   16.620  9.9941E-01
   16.630  9.9942E-01
   16.640  9.9942E-01
   16.650  9.9943E-01
   16.660  9.9944E-01
   16.670  9.9944E-01
   16.680  9.9945E-01
   16.690  9.9945E-01
   16.700  9.9945E-01
   16.710  9.9945E-01
   16.720  9.9945E-01
   16.730  9.9945E-01
   16.740  9.9945E-01
   16.750  9.9945E-01
   16.760  9.9945E-01
   16.770  9.9946E-01
   16.780  9.9946E-01
   16.790  9.9946E-01
   16.800  9.9946E-01
   16.810  9.9947E-01
   16.820  9.9947E-01
   16.830  9.9948E-01
   16.840  9.9949E-01
   16.850  9.9950E-01
   16.860  9.9951E-01
   16.870  9.9952E-01
   16.880  9.9953E-01
   16.890  9.9954E-01
   16.900  9.9954E-01
   16.910  9.9955E-01
   16.920  9.9956E-01
   16.930  9.9957E-01
   16.940  9.9958E-01
   16.950  9.9959E-01
   16.960  9.9960E-01
   16.970  9.9960E-01
   16.980  9.9960E-01
   16.990  9.9960E-01
   17.000  9.9960E-01
   17.010  9.9960E-01
   17.020  9.9960E-01
   17.030  9.9961E-01
   17.040  9.9961E-01
   17.050  9.9961E-01
   17.060  9.9962E-01
   17.070  9.9962E-01
   17.080  9.9962E-01
   17.090  9.9962E-01
   17.100  9.9962E-01
   17.110  9.9962E-01
   17.120  9.9963E-01
   17.130  9.9963E-01
   17.140  9.9963E-01
   17.150  9.9964E-01
   17.160  9.9964E-01
   17.170  9.9965E-01
   17.180  9.9965E-01
   17.190  9.9966E-01
   17.200  9.9966E-01
   17.210  9.9967E-01
   17.220  9.9968E-01
   17.230  9.9968E-01
   17.240  9.9968E-01
   17.250  9.9968E-01
   17.260  9.9968E-01
   17.270  9.9968E-01
   17.280  9.9968E-01
   17.290  9.9969E-01
   17.300  9.9969E-01
   17.310  9.9969E-01
   17.320  9.9969E-01
   17.330  9.9970E-01
   17.340  9.9970E-01
   17.350  9.9970E-01
   17.360  9.9970E-01
   17.370  9.9970E-01
   17.380  9.9970E-01
   17.390  9.9970E-01
   17.400  9.9970E-01
   17.410  9.9970E-01
   17.420  9.9970E-01
   17.430  9.9971E-01
   17.440  9.9971E-01
   17.450  9.9971E-01
   17.460  9.9971E-01
   17.470  9.9971E-01
   17.480  9.9972E-01
   17.490  9.9972E-01
   17.500  9.9973E-01
   17.510  9.9973E-01
   17.520  9.9973E-01
   17.530  9.9973E-01
   17.540  9.9973E-01
   17.550  9.9973E-01
   17.560  9.9973E-01
   17.570  9.9974E-01
   17.580  9.9974E-01
   17.590  9.9974E-01
   17.600  9.9974E-01
   17.610  9.9974E-01
   17.620  9.9974E-01
   17.630  9.9974E-01
   17.640  9.9974E-01
   17.650  9.9975E-01
   17.660  9.9975E-01
   17.670  9.9975E-01
   17.680  9.9975E-01
   17.690  9.9975E-01
   17.700  9.9975E-01
   17.710  9.9975E-01
   17.720  9.9975E-01
   17.730  9.9975E-01
   17.740  9.9975E-01
   17.750  9.9975E-01
   17.760  9.9975E-01
   17.770  9.9975E-01
   17.780  9.9975E-01
   17.790  9.9975E-01
   17.800  9.9975E-01
   17.810  9.9975E-01
   17.820  9.9975E-01
   17.830  9.9975E-01
   17.840  9.9975E-01
   17.850  9.9975E-01
   17.860  9.9975E-01
   17.870  9.9975E-01
   17.880  9.9976E-01
   17.890  9.9976E-01
   17.900  9.9976E-01
   17.910  9.9977E-01
   17.920  9.9977E-01
   17.930  9.9978E-01
   17.940  9.9978E-01
   17.950  9.9978E-01
   17.960  9.9978E-01
   17.970  9.9978E-01
   17.980  9.9978E-01
   17.990  9.9978E-01
   18.000  9.9978E-01
   18.010  9.9978E-01
   18.020  9.9978E-01
   18.030  9.9979E-01
   18.040  9.9979E-01
   18.050  9.9979E-01
   18.060  9.9979E-01
   18.070  9.9979E-01
   18.080  9.9979E-01
   18.090  9.9980E-01
   18.100  9.9980E-01
   18.110  9.9980E-01
   18.120  9.9980E-01
   18.130  9.9980E-01
   18.140  9.9980E-01
   18.150  9.9980E-01
   18.160  9.9980E-01
   18.170  9.9980E-01
   18.180  9.9980E-01
   18.190  9.9980E-01
   18.200  9.9980E-01
   18.210  9.9980E-01
   18.220  9.9980E-01
   18.230  9.9980E-01
   18.240  9.9980E-01
   18.250  9.9980E-01
   18.260  9.9980E-01
   18.270  9.9980E-01
   18.280  9.9980E-01
   18.290  9.9980E-01
   18.300  9.9980E-01
   18.310  9.9980E-01
   18.320  9.9980E-01
   18.330  9.9980E-01
   18.340  9.9980E-01
   18.350  9.9980E-01
   18.360  9.9980E-01
   18.370  9.9980E-01
   18.380  9.9980E-01
   18.390  9.9980E-01
   18.400  9.9980E-01
   18.410  9.9980E-01
   18.420  9.9980E-01
   18.430  9.9981E-01
   18.440  9.9981E-01
   18.450  9.9981E-01
   18.460  9.9981E-01
   18.470  9.9981E-01
   18.480  9.9981E-01
   18.490  9.9981E-01
   18.500  9.9981E-01
   18.510  9.9981E-01
   18.520  9.9981E-01
   18.530  9.9981E-01
   18.540  9.9981E-01
   18.550  9.9981E-01
   18.560  9.9981E-01
   18.570  9.9981E-01
   18.580  9.9981E-01
   18.590  9.9981E-01
   18.600  9.9981E-01
   18.610  9.9981E-01
   18.620  9.9981E-01
   18.630  9.9981E-01
   18.640  9.9981E-01
   18.650  9.9981E-01
   18.660  9.9981E-01
   18.670  9.9981E-01
   18.680  9.9981E-01
   18.690  9.9981E-01
   18.700  9.9981E-01
   18.710  9.9981E-01
   18.720  9.9981E-01
   18.730  9.9981E-01
   18.740  9.9981E-01
   18.750  9.9981E-01
   18.760  9.9981E-01
   18.770  9.9981E-01
   18.780  9.9981E-01
   18.790  9.9982E-01
   18.800  9.9982E-01
   18.810  9.9982E-01
   18.820  9.9982E-01
   18.830  9.9982E-01
   18.840  9.9982E-01
   18.850  9.9982E-01
   18.860  9.9982E-01
   18.870  9.9982E-01
   18.880  9.9982E-01
   18.890  9.9982E-01
   18.900  9.9982E-01
   18.910  9.9982E-01
   18.920  9.9982E-01
   18.930  9.9982E-01
   18.940  9.9982E-01
   18.950  9.9982E-01
   18.960  9.9982E-01
   18.970  9.9982E-01
   18.980  9.9982E-01
   18.990  9.9982E-01
   19.000  9.9982E-01
   19.010  9.9982E-01
   19.020  9.9982E-01
   19.030  9.9982E-01
   19.040  9.9982E-01
   19.050  9.9982E-01
   19.060  9.9982E-01
   19.070  9.9982E-01
   19.080  9.9982E-01
   19.090  9.9982E-01
   19.100  9.9982E-01
   19.110  9.9982E-01
   19.120  9.9982E-01
   19.130  9.9982E-01
   19.140  9.9982E-01
   19.150  9.9982E-01
   19.160  9.9982E-01
   19.170  9.9982E-01
   19.180  9.9982E-01
   19.190  9.9982E-01
   19.200  9.9982E-01
   19.210  9.9982E-01
   19.220  9.9982E-01
   19.230  9.9982E-01
   19.240  9.9982E-01
   19.250  9.9982E-01
   19.260  9.9982E-01
   19.270  9.9982E-01
   19.280  9.9983E-01
   19.290  9.9983E-01
   19.300  9.9983E-01
   19.310  9.9983E-01
   19.320  9.9983E-01
   19.330  9.9983E-01
   19.340  9.9983E-01
   19.350  9.9983E-01
   19.360  9.9983E-01
   19.370  9.9983E-01
   19.380  9.9983E-01
   19.390  9.9983E-01
   19.400  9.9983E-01
   19.410  9.9983E-01
   19.420  9.9983E-01
   19.430  9.9983E-01
   19.440  9.9983E-01
   19.450  9.9983E-01
   19.460  9.9983E-01
   19.470  9.9983E-01
   19.480  9.9983E-01
   19.490  9.9983E-01
   19.500  9.9983E-01
   19.510  9.9983E-01
   19.520  9.9983E-01
   19.530  9.9983E-01
   19.540  9.9983E-01
   19.550  9.9983E-01
   19.560  9.9983E-01
   19.570  9.9983E-01
   19.580  9.9983E-01
   19.590  9.9983E-01
   19.600  9.9983E-01
   19.610  9.9983E-01
   19.620  9.9983E-01
   19.630  9.9983E-01
   19.640  9.9983E-01
   19.650  9.9983E-01
   19.660  9.9983E-01
   19.670  9.9983E-01
   19.680  9.9983E-01
   19.690  9.9984E-01
   19.700  9.9984E-01
   19.710  9.9984E-01
   19.720  9.9984E-01
   19.730  9.9984E-01
   19.740  9.9984E-01
   19.750  9.9984E-01
   19.760  9.9984E-01
   19.770  9.9984E-01
   19.780  9.9984E-01
   19.790  9.9984E-01
   19.800  9.9984E-01
   19.810  9.9984E-01
   19.820  9.9984E-01
   19.830  9.9984E-01
   19.840  9.9984E-01
   19.850  9.9984E-01
   19.860  9.9984E-01
   19.870  9.9984E-01
   19.880  9.9984E-01
   19.890  9.9984E-01
   19.900  9.9984E-01
   19.910  9.9984E-01
   19.920  9.9984E-01
   19.930  9.9984E-01
   19.940  9.9984E-01
   19.950  9.9984E-01
   19.960  9.9984E-01
   19.970  9.9984E-01
   19.980  9.9984E-01
   19.990  9.9984E-01
   20.000  9.9984E-01
   20.010  9.9984E-01
   20.020  9.9984E-01
   20.030  9.9984E-01
   20.040  9.9984E-01
   20.050  9.9984E-01
   20.060  9.9984E-01
   20.070  9.9984E-01
   20.080  9.9984E-01
   20.090  9.9984E-01
   20.100  9.9984E-01
   20.110  9.9984E-01
   20.120  9.9984E-01
   20.130  9.9984E-01
   20.140  9.9984E-01
   20.150  9.9984E-01
   20.160  9.9984E-01
   20.170  9.9984E-01
   20.180  9.9984E-01
   20.190  9.9984E-01
   20.200  9.9984E-01
   20.210  9.9984E-01
   20.220  9.9984E-01
   20.230  9.9984E-01
   20.240  9.9984E-01
   20.250  9.9984E-01
   20.260  9.9984E-01
   20.270  9.9984E-01
   20.280  9.9984E-01
   20.290  9.9984E-01
   20.300  9.9984E-01
   20.310  9.9984E-01
   20.320  9.9984E-01
   20.330  9.9984E-01
   20.340  9.9984E-01
   20.350  9.9984E-01
   20.360  9.9984E-01
   20.370  9.9984E-01
   20.380  9.9984E-01
   20.390  9.9984E-01
   20.400  9.9984E-01
   20.410  9.9984E-01
   20.420  9.9984E-01
   20.430  9.9984E-01
   20.440  9.9984E-01
   20.450  9.9984E-01
   20.460  9.9984E-01
   20.470  9.9984E-01
   20.480  9.9984E-01
   20.490  9.9984E-01
   20.500  9.9984E-01
   20.510  9.9984E-01
   20.520  9.9984E-01
   20.530  9.9984E-01
   20.540  9.9984E-01
   20.550  9.9984E-01
   20.560  9.9984E-01
   20.570  9.9984E-01
   20.580  9.9984E-01
   20.590  9.9984E-01
   20.600  9.9984E-01
   20.610  9.9984E-01
   20.620  9.9984E-01
   20.630  9.9984E-01
   20.640  9.9984E-01
   20.650  9.9984E-01
   20.660  9.9984E-01
   20.670  9.9984E-01
   20.680  9.9984E-01
   20.690  9.9984E-01
   20.700  9.9985E-01
   20.710  9.9985E-01
   20.720  9.9985E-01
   20.730  9.9985E-01
   20.740  9.9985E-01
   20.750  9.9985E-01
   20.760  9.9985E-01
   20.770  9.9985E-01
   20.780  9.9985E-01
   20.790  9.9985E-01
   20.800  9.9985E-01
   20.810  9.9985E-01
   20.820  9.9985E-01
   20.830  9.9985E-01
   20.840  9.9985E-01
   20.850  9.9985E-01
   20.860  9.9985E-01
   20.870  9.9986E-01
   20.880  9.9986E-01
   20.890  9.9986E-01
   20.900  9.9986E-01
   20.910  9.9986E-01
   20.920  9.9986E-01
   20.930  9.9986E-01
   20.940  9.9986E-01
   20.950  9.9986E-01
   20.960  9.9986E-01
   20.970  9.9986E-01
   20.980  9.9986E-01
   20.990  9.9986E-01
   21.000  9.9986E-01
   21.010  9.9986E-01
   21.020  9.9986E-01
   21.030  9.9986E-01
   21.040  9.9986E-01
   21.050  9.9986E-01
   21.060  9.9986E-01
   21.070  9.9986E-01
   21.080  9.9986E-01
   21.090  9.9986E-01
   21.100  9.9987E-01
   21.110  9.9987E-01
   21.120  9.9987E-01
   21.130  9.9987E-01
   21.140  9.9987E-01
   21.150  9.9987E-01
   21.160  9.9987E-01
   21.170  9.9987E-01
   21.180  9.9987E-01
   21.190  9.9987E-01
   21.200  9.9987E-01
   21.210  9.9987E-01
   21.220  9.9987E-01
   21.230  9.9987E-01
   21.240  9.9987E-01
   21.250  9.9987E-01
   21.260  9.9987E-01
   21.270  9.9987E-01
   21.280  9.9987E-01
   21.290  9.9987E-01
   21.300  9.9987E-01
   21.310  9.9987E-01
   21.320  9.9987E-01
   21.330  9.9987E-01
   21.340  9.9987E-01
   21.350  9.9987E-01
   21.360  9.9987E-01
   21.370  9.9987E-01
   21.380  9.9987E-01
   21.390  9.9987E-01
   21.400  9.9987E-01
   21.410  9.9987E-01
   21.420  9.9987E-01
   21.430  9.9987E-01
   21.440  9.9987E-01
   21.450  9.9988E-01
   21.460  9.9988E-01
   21.470  9.9988E-01
   21.480  9.9988E-01
   21.490  9.9988E-01
   21.500  9.9988E-01
   21.510  9.9988E-01
   21.520  9.9988E-01
   21.530  9.9988E-01
   21.540  9.9989E-01
   21.550  9.9989E-01
   21.560  9.9989E-01
   21.570  9.9989E-01
   21.580  9.9989E-01
   21.590  9.9989E-01
   21.600  9.9989E-01
   21.610  9.9989E-01
   21.620  9.9989E-01
   21.630  9.9989E-01
   21.640  9.9989E-01
   21.650  9.9989E-01
   21.660  9.9989E-01
   21.670  9.9989E-01
   21.680  9.9989E-01
   21.690  9.9989E-01
   21.700  9.9989E-01
   21.710  9.9989E-01
   21.720  9.9989E-01
   21.730  9.9989E-01
   21.740  9.9989E-01
   21.750  9.9989E-01
   21.760  9.9989E-01
   21.770  9.9989E-01
   21.780  9.9989E-01
   21.790  9.9989E-01
   21.800  9.9989E-01
   21.810  9.9989E-01
   21.820  9.9989E-01
   21.830  9.9989E-01
   21.840  9.9989E-01
   21.850  9.9989E-01
   21.860  9.9989E-01
   21.870  9.9990E-01
   21.880  9.9990E-01
   21.890  9.9990E-01
   21.900  9.9990E-01
   21.910  9.9990E-01
   21.920  9.9990E-01
   21.930  9.9990E-01
   21.940  9.9990E-01
   21.950  9.9990E-01
   21.960  9.9990E-01
   21.970  9.9990E-01
   21.980  9.9990E-01
   21.990  9.9990E-01
   22.000  9.9990E-01
   22.010  9.9990E-01
   22.020  9.9990E-01
   22.030  9.9990E-01
   22.040  9.9990E-01
   22.050  9.9990E-01
   22.060  9.9990E-01
   22.070  9.9990E-01
   22.080  9.9990E-01
   22.090  9.9990E-01
   22.100  9.9990E-01
   22.110  9.9991E-01
   22.120  9.9991E-01
   22.130  9.9991E-01
   22.140  9.9991E-01
   22.150  9.9991E-01
   22.160  9.9991E-01
   22.170  9.9991E-01
   22.180  9.9991E-01
   22.190  9.9991E-01
   22.200  9.9991E-01
   22.210  9.9991E-01
   22.220  9.9991E-01
   22.230  9.9991E-01
   22.240  9.9991E-01
   22.250  9.9991E-01
   22.260  9.9991E-01
   22.270  9.9991E-01
   22.280  9.9991E-01
   22.290  9.9991E-01
   22.300  9.9991E-01
   22.310  9.9991E-01
   22.320  9.9991E-01
   22.330  9.9991E-01
   22.340  9.9991E-01
   22.350  9.9991E-01
   22.360  9.9992E-01
   22.370  9.9992E-01
   22.380  9.9992E-01
   22.390  9.9992E-01
   22.400  9.9992E-01
   22.410  9.9992E-01
   22.420  9.9992E-01
   22.430  9.9992E-01
   22.440  9.9992E-01
   22.450  9.9993E-01
   22.460  9.9993E-01
   22.470  9.9993E-01
   22.480  9.9993E-01
   22.490  9.9993E-01
   22.500  9.9993E-01
   22.510  9.9993E-01
   22.520  9.9993E-01
   22.530  9.9993E-01
   22.540  9.9993E-01
   22.550  9.9993E-01
   22.560  9.9993E-01
   22.570  9.9993E-01
   22.580  9.9993E-01
   22.590  9.9993E-01
   22.600  9.9993E-01
   22.610  9.9993E-01
   22.620  9.9993E-01
   22.630  9.9993E-01
   22.640  9.9993E-01
   22.650  9.9993E-01
   22.660  9.9993E-01
   22.670  9.9993E-01
   22.680  9.9993E-01
   22.690  9.9993E-01
   22.700  9.9993E-01
   22.710  9.9993E-01
   22.720  9.9993E-01
   22.730  9.9993E-01
   22.740  9.9993E-01
   22.750  9.9994E-01
   22.760  9.9994E-01
   22.770  9.9994E-01
   22.780  9.9994E-01
   22.790  9.9994E-01
   22.800  9.9994E-01
   22.810  9.9994E-01
   22.820  9.9994E-01
   22.830  9.9994E-01
   22.840  9.9995E-01
   22.850  9.9995E-01
   22.860  9.9995E-01
   22.870  9.9995E-01
   22.880  9.9995E-01
   22.890  9.9995E-01
   22.900  9.9995E-01
   22.910  9.9995E-01
   22.920  9.9995E-01
   22.930  9.9995E-01
   22.940  9.9995E-01
   22.950  9.9995E-01
   22.960  9.9995E-01
   22.970  9.9995E-01
   22.980  9.9995E-01
   22.990  9.9995E-01
   23.000  9.9995E-01
   23.010  9.9995E-01
   23.020  9.9995E-01
   23.030  9.9995E-01
   23.040  9.9995E-01
   23.050  9.9995E-01
   23.060  9.9995E-01
   23.070  9.9995E-01
   23.080  9.9995E-01
   23.090  9.9995E-01
   23.100  9.9995E-01
   23.110  9.9995E-01
   23.120  9.9995E-01
   23.130  9.9995E-01
   23.140  9.9995E-01
   23.150  9.9995E-01
   23.160  9.9995E-01
   23.170  9.9995E-01
   23.180  9.9995E-01
   23.190  9.9995E-01
   23.200  9.9995E-01
   23.210  9.9995E-01
   23.220  9.9995E-01
   23.230  9.9995E-01
   23.240  9.9995E-01
   23.250  9.9995E-01
   23.260  9.9995E-01
   23.270  9.9995E-01
   23.280  9.9995E-01
   23.290  9.9996E-01
   23.300  9.9996E-01
   23.310  9.9996E-01
   23.320  9.9996E-01
   23.330  9.9996E-01
   23.340  9.9996E-01
   23.350  9.9996E-01
   23.360  9.9996E-01
   23.370  9.9996E-01
   23.380  9.9996E-01
   23.390  9.9996E-01
   23.400  9.9996E-01
   23.410  9.9996E-01
   23.420  9.9996E-01
   23.430  9.9997E-01
   23.440  9.9997E-01
   23.450  9.9997E-01
   23.460  9.9997E-01
   23.470  9.9997E-01
   23.480  9.9997E-01
   23.490  9.9997E-01
   23.500  9.9997E-01
   23.510  9.9997E-01
   23.520  9.9997E-01
   23.530  9.9997E-01
   23.540  9.9997E-01
   23.550  9.9997E-01
   23.560  9.9997E-01
   23.570  9.9997E-01
   23.580  9.9997E-01
   23.590  9.9997E-01
   23.600  9.9997E-01
   23.610  9.9997E-01
   23.620  9.9997E-01
   23.630  9.9997E-01
   23.640  9.9997E-01
   23.650  9.9997E-01
   23.660  9.9997E-01
   23.670  9.9997E-01
   23.680  9.9997E-01
   23.690  9.9997E-01
   23.700  9.9997E-01
   23.710  9.9997E-01
   23.720  9.9997E-01
   23.730  9.9997E-01
   23.740  9.9997E-01
   23.750  9.9997E-01
   23.760  9.9997E-01
   23.770  9.9997E-01
   23.780  9.9997E-01
   23.790  9.9997E-01
   23.800  9.9997E-01
   23.810  9.9997E-01
   23.820  9.9997E-01
   23.830  9.9997E-01
   23.840  9.9997E-01
   23.850  9.9997E-01
   23.860  9.9997E-01
   23.870  9.9997E-01
   23.880  9.9997E-01
   23.890  9.9997E-01
   23.900  9.9997E-01
   23.910  9.9997E-01
   23.920  9.9997E-01
   23.930  9.9997E-01
   23.940  9.9997E-01
   23.950  9.9997E-01
   23.960  9.9997E-01
   23.970  9.9997E-01
   23.980  9.9997E-01
   23.990  9.9997E-01
   24.000  9.9997E-01
   24.010  9.9998E-01
   24.020  9.9998E-01
   24.030  9.9998E-01
   24.040  9.9998E-01
   24.050  9.9998E-01
   24.060  9.9998E-01
   24.070  9.9998E-01
   24.080  9.9998E-01
   24.090  9.9998E-01
   24.100  9.9998E-01
   24.110  9.9998E-01
   24.120  9.9998E-01
   24.130  9.9998E-01
   24.140  9.9998E-01
   24.150  9.9998E-01
   24.160  9.9998E-01
   24.170  9.9998E-01
   24.180  9.9998E-01
   24.190  9.9998E-01
   24.200  9.9998E-01
   24.210  9.9998E-01
   24.220  9.9998E-01
   24.230  9.9998E-01
   24.240  9.9998E-01
   24.250  9.9998E-01
   24.260  9.9998E-01
   24.270  9.9998E-01
   24.280  9.9998E-01
   24.290  9.9998E-01
   24.300  9.9998E-01
   24.310  9.9998E-01
   24.320  9.9998E-01
   24.330  9.9998E-01
   24.340  9.9998E-01
   24.350  9.9998E-01
   24.360  9.9998E-01
   24.370  9.9998E-01
   24.380  9.9998E-01
   24.390  9.9998E-01
   24.400  9.9998E-01
   24.410  9.9998E-01
   24.420  9.9998E-01
   24.430  9.9998E-01
   24.440  9.9998E-01
   24.450  9.9998E-01
   24.460  9.9999E-01
   24.470  9.9999E-01
   24.480  9.9999E-01
   24.490  9.9999E-01
   24.500  9.9999E-01
   24.510  9.9999E-01
   24.520  9.9999E-01
   24.530  9.9999E-01
   24.540  9.9999E-01
   24.550  9.9999E-01
   24.560  9.9999E-01
   24.570  9.9999E-01
   24.580  9.9999E-01
   24.590  9.9999E-01
   24.600  9.9999E-01
   24.610  9.9999E-01
   24.620  9.9999E-01
   24.630  9.9999E-01
   24.640  9.9999E-01
   24.650  9.9999E-01
   24.660  9.9999E-01
   24.670  9.9999E-01
   24.680  9.9999E-01
   24.690  9.9999E-01
   24.700  9.9999E-01
   24.710  9.9999E-01
   24.720  9.9999E-01
   24.730  9.9999E-01
   24.740  9.9999E-01
   24.750  9.9999E-01
   24.760  9.9999E-01
   24.770  9.9999E-01
   24.780  9.9999E-01
   24.790  9.9999E-01
   24.800  9.9999E-01
   24.810  9.9999E-01
   24.820  9.9999E-01
   24.830  9.9999E-01
   24.840  9.9999E-01
   24.850  9.9999E-01
   24.860  9.9999E-01
   24.870  9.9999E-01
   24.880  9.9999E-01
   24.890  9.9999E-01
   24.900  9.9999E-01
   24.910  9.9999E-01
   24.920  9.9999E-01
   24.930  9.9999E-01
   24.940  9.9999E-01
   24.950  9.9999E-01
   24.960  9.9999E-01
   24.970  9.9999E-01
   24.980  9.9999E-01
   24.990  9.9999E-01
   25.000  9.9999E-01
   25.010  9.9999E-01
   25.020  9.9999E-01
   25.030  9.9999E-01
   25.040  9.9999E-01
   25.050  9.9999E-01
   25.060  9.9999E-01
   25.070  9.9999E-01
   25.080  9.9999E-01
   25.090  9.9999E-01
   25.100  9.9999E-01
   25.110  9.9999E-01
   25.120  9.9999E-01
   25.130  9.9999E-01
   25.140  9.9999E-01
   25.150  9.9999E-01
   25.160  9.9999E-01
   25.170  9.9999E-01
   25.180  9.9999E-01
   25.190  9.9999E-01
   25.200  9.9999E-01
   25.210  9.9999E-01
   25.220  9.9999E-01
   25.230  9.9999E-01
   25.240  9.9999E-01
   25.250  9.9999E-01
   25.260  9.9999E-01
   25.270  9.9999E-01
   25.280  9.9999E-01
   25.290  9.9999E-01
   25.300  9.9999E-01
   25.310  9.9999E-01
   25.320  9.9999E-01
   25.330  9.9999E-01
   25.340  9.9999E-01
   25.350  9.9999E-01
   25.360  1.0000E+00
   25.370  1.0000E+00
   25.380  1.0000E+00
   25.390  1.0000E+00
   25.400  1.0000E+00
   25.410  1.0000E+00
   25.420  1.0000E+00
   25.430  1.0000E+00
   25.440  1.0000E+00
   25.450  1.0000E+00
   25.460  1.0000E+00
   25.470  1.0000E+00
   25.480  1.0000E+00
   25.490  1.0000E+00
   25.500  1.0000E+00
   25.510  1.0000E+00
   25.520  1.0000E+00
   25.530  1.0000E+00
   25.540  1.0000E+00
   25.550  1.0000E+00
   25.560  1.0000E+00
   25.570  1.0000E+00
   25.580  1.0000E+00
   25.590  1.0000E+00
   25.600  1.0000E+00
   25.610  1.0000E+00
   25.620  1.0000E+00
   25.630  1.0000E+00
   25.640  1.0000E+00
   25.650  1.0000E+00
   25.660  1.0000E+00
   25.670  1.0000E+00
   25.680  1.0000E+00
   25.690  1.0000E+00
   25.700  1.0000E+00
   25.710  1.0000E+00
   25.720  1.0000E+00
   25.730  1.0000E+00
   25.740  1.0000E+00
   25.750  1.0000E+00
   25.760  1.0000E+00
   25.770  1.0000E+00
   25.780  1.0000E+00
   25.790  1.0000E+00
   25.800  1.0000E+00
   25.810  1.0000E+00
   25.820  1.0000E+00
   25.830  1.0000E+00
   25.840  1.0000E+00
   25.850  1.0000E+00
   25.860  1.0000E+00
   25.870  1.0000E+00
   25.880  1.0000E+00
   25.890  1.0000E+00
   25.900  1.0000E+00
   25.910  1.0000E+00
   25.920  1.0000E+00
   25.930  1.0000E+00
   25.940  1.0000E+00
   25.950  1.0000E+00
   25.960  1.0000E+00
   25.970  1.0000E+00
   25.980  1.0000E+00
   25.990  1.0000E+00
   26.000  1.0000E+00
   26.010  1.0000E+00
   26.020  1.0000E+00
   26.030  1.0000E+00
   26.040  1.0000E+00
   26.050  1.0000E+00
   26.060  1.0000E+00
   26.070  1.0000E+00
   26.080  1.0000E+00
   26.090  1.0000E+00
   26.100  1.0000E+00
   26.110  1.0000E+00
   26.120  1.0000E+00
   26.130  1.0000E+00
   26.140  1.0000E+00
   26.150  1.0000E+00
   26.160  1.0000E+00
   26.170  1.0000E+00
   26.180  1.0000E+00
   26.190  1.0000E+00
   26.200  1.0000E+00
   26.210  1.0000E+00
   26.220  1.0000E+00
   26.230  1.0000E+00
   26.240  1.0000E+00
   26.250  1.0000E+00
   26.260  1.0000E+00
   26.270  1.0000E+00
   26.280  1.0000E+00
   26.290  1.0000E+00
   26.300  1.0000E+00
   26.310  1.0000E+00
   26.320  1.0000E+00
   26.330  1.0000E+00
   26.340  1.0000E+00
   26.350  1.0000E+00
   26.360  1.0000E+00
   26.370  1.0000E+00
   26.380  1.0000E+00
   26.390  1.0000E+00
   26.400  1.0000E+00
   26.410  1.0000E+00
   26.420  1.0000E+00
   26.430  1.0000E+00
   26.440  1.0000E+00
   26.450  1.0000E+00
   26.460  1.0000E+00
   26.470  1.0000E+00
   26.480  1.0000E+00
   26.490  1.0000E+00
   26.500  1.0000E+00
   26.510  1.0000E+00
   26.520  1.0000E+00
   26.530  1.0000E+00
   26.540  1.0000E+00
   26.550  1.0000E+00
   26.560  1.0000E+00
   26.570  1.0000E+00
   26.580  1.0000E+00
   26.590  1.0000E+00
   26.600  1.0000E+00
   26.610  1.0000E+00
   26.620  1.0000E+00
   26.630  1.0000E+00
   26.640  1.0000E+00
   26.650  1.0000E+00
   26.660  1.0000E+00
   26.670  1.0000E+00
   26.680  1.0000E+00
   26.690  1.0000E+00
   26.700  1.0000E+00
   26.710  1.0000E+00
   26.720  1.0000E+00
   26.730  1.0000E+00
   26.740  1.0000E+00
   26.750  1.0000E+00
   26.760  1.0000E+00
   26.770  1.0000E+00
   26.780  1.0000E+00
   26.790  1.0000E+00
   26.800  1.0000E+00
   26.810  1.0000E+00
   26.820  1.0000E+00
   26.830  1.0000E+00
   26.840  1.0000E+00
   26.850  1.0000E+00
   26.860  1.0000E+00
   26.870  1.0000E+00
   26.880  1.0000E+00
   26.890  1.0000E+00
   26.900  1.0000E+00
   26.910  1.0000E+00
   26.920  1.0000E+00
   26.930  1.0000E+00
   26.940  1.0000E+00
   26.950  1.0000E+00
   26.960  1.0000E+00
   26.970  1.0000E+00
   26.980  1.0000E+00
   26.990  1.0000E+00
   27.000  1.0000E+00
   27.010  1.0000E+00
   27.020  1.0000E+00
   27.030  1.0000E+00
   27.040  1.0000E+00
   27.050  1.0000E+00
   27.060  1.0000E+00
   27.070  1.0000E+00
   27.080  1.0000E+00
   27.090  1.0000E+00
   27.100  1.0000E+00
   27.110  1.0000E+00
   27.120  1.0000E+00
   27.130  1.0000E+00
   27.140  1.0000E+00
   27.150  1.0000E+00
   27.160  1.0000E+00
   27.170  1.0000E+00
   27.180  1.0000E+00
   27.190  1.0000E+00
   27.200  1.0000E+00
   27.210  1.0000E+00
   27.220  1.0000E+00
   27.230  1.0000E+00
   27.240  1.0000E+00
   27.250  1.0000E+00
   27.260  1.0000E+00
   27.270  1.0000E+00
   27.280  1.0000E+00
   27.290  1.0000E+00
   27.300  1.0000E+00
   27.310  1.0000E+00
   27.320  1.0000E+00
   27.330  1.0000E+00
   27.340  1.0000E+00
   27.350  1.0000E+00
   27.360  1.0000E+00
   27.370  1.0000E+00
   27.380  1.0000E+00
   27.390  1.0000E+00
   27.400  1.0000E+00
   27.410  1.0000E+00
   27.420  1.0000E+00
   27.430  1.0000E+00
   27.440  1.0000E+00
   27.450  1.0000E+00
   27.460  1.0000E+00
   27.470  1.0000E+00
   27.480  1.0000E+00
   27.490  1.0000E+00
   27.500  1.0000E+00
   27.510  1.0000E+00
   27.520  1.0000E+00
   27.530  1.0000E+00
   27.540  1.0000E+00
   27.550  1.0000E+00
   27.560  1.0000E+00
   27.570  1.0000E+00
   27.580  1.0000E+00
   27.590  1.0000E+00
   27.600  1.0000E+00
   27.610  1.0000E+00
   27.620  1.0000E+00
   27.630  1.0000E+00
   27.640  1.0000E+00
   27.650  1.0000E+00
   27.660  1.0000E+00
   27.670  1.0000E+00
   27.680  1.0000E+00
   27.690  1.0000E+00
   27.700  1.0000E+00
   27.710  1.0000E+00
   27.720  1.0000E+00
   27.730  1.0000E+00
   27.740  1.0000E+00
   27.750  1.0000E+00
   27.760  1.0000E+00
   27.770  1.0000E+00
   27.780  1.0000E+00
   27.790  1.0000E+00
   27.800  1.0000E+00
   27.810  1.0000E+00
   27.820  1.0000E+00
   27.830  1.0000E+00
   27.840  1.0000E+00
   27.850  1.0000E+00
   27.860  1.0000E+00
   27.870  1.0000E+00
   27.880  1.0000E+00
   27.890  1.0000E+00
   27.900  1.0000E+00
   27.910  1.0000E+00
   27.920  1.0000E+00
   27.930  1.0000E+00
   27.940  1.0000E+00
   27.950  1.0000E+00
   27.960  1.0000E+00
   27.970  1.0000E+00
   27.980  1.0000E+00
   27.990  1.0000E+00
   28.000  1.0000E+00
   28.010  1.0000E+00
   28.020  1.0000E+00
   28.030  1.0000E+00
   28.040  1.0000E+00
   28.050  1.0000E+00
   28.060  1.0000E+00
   28.070  1.0000E+00
   28.080  1.0000E+00
   28.090  1.0000E+00
   28.100  1.0000E+00
   28.110  1.0000E+00
   28.120  1.0000E+00
   28.130  1.0000E+00
   28.140  1.0000E+00
   28.150  1.0000E+00
   28.160  1.0000E+00
   28.170  1.0000E+00
   28.180  1.0000E+00
   28.190  1.0000E+00
   28.200  1.0000E+00
   28.210  1.0000E+00
   28.220  1.0000E+00
   28.230  1.0000E+00
   28.240  1.0000E+00
   28.250  1.0000E+00
   28.260  1.0000E+00
   28.270  1.0000E+00
   28.280  1.0000E+00
   28.290  1.0000E+00
   28.300  1.0000E+00
   28.310  1.0000E+00
   28.320  1.0000E+00
   28.330  1.0000E+00
   28.340  1.0000E+00
   28.350  1.0000E+00
   28.360  1.0000E+00
   28.370  1.0000E+00
   28.380  1.0000E+00
   28.390  1.0000E+00
   28.400  1.0000E+00
   28.410  1.0000E+00
   28.420  1.0000E+00
   28.430  1.0000E+00
   28.440  1.0000E+00
   28.450  1.0000E+00
   28.460  1.0000E+00
   28.470  1.0000E+00
   28.480  1.0000E+00
   28.490  1.0000E+00
   28.500  1.0000E+00
   28.510  1.0000E+00
   28.520  1.0000E+00
   28.530  1.0000E+00
   28.540  1.0000E+00
   28.550  1.0000E+00
   28.560  1.0000E+00
   28.570  1.0000E+00
   28.580  1.0000E+00
   28.590  1.0000E+00
   28.600  1.0000E+00
   28.610  1.0000E+00
   28.620  1.0000E+00
   28.630  1.0000E+00
   28.640  1.0000E+00
   28.650  1.0000E+00
   28.660  1.0000E+00
   28.670  1.0000E+00
   28.680  1.0000E+00
   28.690  1.0000E+00
   28.700  1.0000E+00
   28.710  1.0000E+00
   28.720  1.0000E+00
   28.730  1.0000E+00
   28.740  1.0000E+00
   28.750  1.0000E+00
   28.760  1.0000E+00
   28.770  1.0000E+00
   28.780  1.0000E+00
   28.790  1.0000E+00
   28.800  1.0000E+00
   28.810  1.0000E+00
   28.820  1.0000E+00
   28.830  1.0000E+00
   28.840  1.0000E+00
   28.850  1.0000E+00
   28.860  1.0000E+00
   28.870  1.0000E+00
   28.880  1.0000E+00
   28.890  1.0000E+00
   28.900  1.0000E+00
   28.910  1.0000E+00
   28.920  1.0000E+00
   28.930  1.0000E+00
   28.940  1.0000E+00
   28.950  1.0000E+00
   28.960  1.0000E+00
   28.970  1.0000E+00
   28.980  1.0000E+00
   28.990  1.0000E+00
   29.000  1.0000E+00
   29.010  1.0000E+00
   29.020  1.0000E+00
   29.030  1.0000E+00
   29.040  1.0000E+00
   29.050  1.0000E+00
   29.060  1.0000E+00
   29.070  1.0000E+00
   29.080  1.0000E+00
   29.090  1.0000E+00
   29.100  1.0000E+00
   29.110  1.0000E+00
   29.120  1.0000E+00
   29.130  1.0000E+00
   29.140  1.0000E+00
   29.150  1.0000E+00
   29.160  1.0000E+00
   29.170  1.0000E+00
   29.180  1.0000E+00
   29.190  1.0000E+00
   29.200  1.0000E+00
   29.210  1.0000E+00
   29.220  1.0000E+00
   29.230  1.0000E+00
   29.240  1.0000E+00
   29.250  1.0000E+00
   29.260  1.0000E+00
   29.270  1.0000E+00
   29.280  1.0000E+00
   29.290  1.0000E+00
   29.300  1.0000E+00
   29.310  1.0000E+00
   29.320  1.0000E+00
   29.330  1.0000E+00
   29.340  1.0000E+00
   29.350  1.0000E+00
   29.360  1.0000E+00
   29.370  1.0000E+00
   29.380  1.0000E+00
   29.390  1.0000E+00
   29.400  1.0000E+00
   29.410  1.0000E+00
   29.420  1.0000E+00
   29.430  1.0000E+00
   29.440  1.0000E+00
   29.450  1.0000E+00
   29.460  1.0000E+00
   29.470  1.0000E+00
   29.480  1.0000E+00
   29.490  1.0000E+00
   29.500  1.0000E+00
   29.510  1.0000E+00
   29.520  1.0000E+00
   29.530  1.0000E+00
   29.540  1.0000E+00
   29.550  1.0000E+00
   29.560  1.0000E+00
   29.570  1.0000E+00
   29.580  1.0000E+00
   29.590  1.0000E+00
   29.600  1.0000E+00
   29.610  1.0000E+00
   29.620  1.0000E+00
   29.630  1.0000E+00
   29.640  1.0000E+00
   29.650  1.0000E+00
   29.660  1.0000E+00
   29.670  1.0000E+00
   29.680  1.0000E+00
   29.690  1.0000E+00
   29.700  1.0000E+00
   29.710  1.0000E+00
   29.720  1.0000E+00
   29.730  1.0000E+00
   29.740  1.0000E+00
   29.750  1.0000E+00
   29.760  1.0000E+00
   29.770  1.0000E+00
   29.780  1.0000E+00
   29.790  1.0000E+00
   29.800  1.0000E+00
   29.810  1.0000E+00
   29.820  1.0000E+00
   29.830  1.0000E+00
   29.840  1.0000E+00
   29.850  1.0000E+00
   29.860  1.0000E+00
   29.870  1.0000E+00
   29.880  1.0000E+00
   29.890  1.0000E+00
   29.900  1.0000E+00
   29.910  1.0000E+00
   29.920  1.0000E+00
   29.930  1.0000E+00
   29.940  1.0000E+00
   29.950  1.0000E+00
   29.960  1.0000E+00
   29.970  1.0000E+00
   29.980  1.0000E+00
   29.990  1.0000E+00
   30.000  1.0000E+00
   30.010  1.0000E+00
   30.020  1.0000E+00
   30.030  1.0000E+00
   30.040  1.0000E+00
   30.050  1.0000E+00
   30.060  1.0000E+00
   30.070  1.0000E+00
   30.080  1.0000E+00
   30.090  1.0000E+00
   30.100  1.0000E+00
   30.110  1.0000E+00
   30.120  1.0000E+00
   30.130  1.0000E+00
   30.140  1.0000E+00
   30.150  1.0000E+00
   30.160  1.0000E+00
   30.170  1.0000E+00
   30.180  1.0000E+00
   30.190  1.0000E+00
   30.200  1.0000E+00
   30.210  1.0000E+00
   30.220  1.0000E+00
   30.230  1.0000E+00
   30.240  1.0000E+00
   30.250  1.0000E+00
   30.260  1.0000E+00
   30.270  1.0000E+00
   30.280  1.0000E+00
   30.290  1.0000E+00
   30.300  1.0000E+00
   30.310  1.0000E+00
   30.320  1.0000E+00
   30.330  1.0000E+00
   30.340  1.0000E+00
   30.350  1.0000E+00
   30.360  1.0000E+00
   30.370  1.0000E+00
   30.380  1.0000E+00
   30.390  1.0000E+00
   30.400  1.0000E+00
   30.410  1.0000E+00
   30.420  1.0000E+00
   30.430  1.0000E+00
   30.440  1.0000E+00
   30.450  1.0000E+00
   30.460  1.0000E+00
   30.470  1.0000E+00
   30.480  1.0000E+00
   30.490  1.0000E+00
   30.500  1.0000E+00
   30.510  1.0000E+00
   30.520  1.0000E+00
   30.530  1.0000E+00
   30.540  1.0000E+00
   30.550  1.0000E+00
   30.560  1.0000E+00
   30.570  1.0000E+00
   30.580  1.0000E+00
   30.590  1.0000E+00
   30.600  1.0000E+00
   30.610  1.0000E+00
   30.620  1.0000E+00
   30.630  1.0000E+00
   30.640  1.0000E+00
   30.650  1.0000E+00
   30.660  1.0000E+00
   30.670  1.0000E+00
   30.680  1.0000E+00
   30.690  1.0000E+00
   30.700  1.0000E+00
   30.710  1.0000E+00
   30.720  1.0000E+00
   30.730  1.0000E+00
   30.740  1.0000E+00
   30.750  1.0000E+00
   30.760  1.0000E+00
   30.770  1.0000E+00
   30.780  1.0000E+00
   30.790  1.0000E+00
   30.800  1.0000E+00
   30.810  1.0000E+00
   30.820  1.0000E+00
   30.830  1.0000E+00
   30.840  1.0000E+00
   30.850  1.0000E+00
   30.860  1.0000E+00
   30.870  1.0000E+00
   30.880  1.0000E+00
   30.890  1.0000E+00
   30.900  1.0000E+00
   30.910  1.0000E+00
   30.920  1.0000E+00
   30.930  1.0000E+00
   30.940  1.0000E+00
   30.950  1.0000E+00
   30.960  1.0000E+00
   30.970  1.0000E+00
   30.980  1.0000E+00
   30.990  1.0000E+00
   31.000  1.0000E+00
   31.010  1.0000E+00
   31.020  1.0000E+00
   31.030  1.0000E+00
   31.040  1.0000E+00
   31.050  1.0000E+00
   31.060  1.0000E+00
   31.070  1.0000E+00
   31.080  1.0000E+00
   31.090  1.0000E+00
   31.100  1.0000E+00
   31.110  1.0000E+00
   31.120  1.0000E+00
   31.130  1.0000E+00
   31.140  1.0000E+00
   31.150  1.0000E+00
   31.160  1.0000E+00
   31.170  1.0000E+00
   31.180  1.0000E+00
   31.190  1.0000E+00
   31.200  1.0000E+00
   31.210  1.0000E+00
   31.220  1.0000E+00
   31.230  1.0000E+00
   31.240  1.0000E+00
   31.250  1.0000E+00
   31.260  1.0000E+00
   31.270  1.0000E+00
   31.280  1.0000E+00
   31.290  1.0000E+00
   31.300  1.0000E+00
   31.310  1.0000E+00
   31.320  1.0000E+00
   31.330  1.0000E+00
   31.340  1.0000E+00
   31.350  1.0000E+00
   31.360  1.0000E+00
   31.370  1.0000E+00
   31.380  1.0000E+00
   31.390  1.0000E+00
   31.400  1.0000E+00
   31.410  1.0000E+00
   31.420  1.0000E+00
   31.430  1.0000E+00
   31.440  1.0000E+00
   31.450  1.0000E+00
   31.460  1.0000E+00
   31.470  1.0000E+00
   31.480  1.0000E+00
   31.490  1.0000E+00
   31.500  1.0000E+00
   31.510  1.0000E+00
   31.520  1.0000E+00
   31.530  1.0000E+00
   31.540  1.0000E+00
   31.550  1.0000E+00
   31.560  1.0000E+00
   31.570  1.0000E+00
   31.580  1.0000E+00
   31.590  1.0000E+00
   31.600  1.0000E+00
   31.610  1.0000E+00
   31.620  1.0000E+00
   31.630  1.0000E+00
   31.640  1.0000E+00
   31.650  1.0000E+00
   31.660  1.0000E+00
   31.670  1.0000E+00
   31.680  1.0000E+00
   31.690  1.0000E+00
   31.700  1.0000E+00
   31.710  1.0000E+00
   31.720  1.0000E+00
   31.730  1.0000E+00
   31.740  1.0000E+00
   31.750  1.0000E+00
   31.760  1.0000E+00
   31.770  1.0000E+00
   31.780  1.0000E+00
   31.790  1.0000E+00
   31.800  1.0000E+00
   31.810  1.0000E+00
   31.820  1.0000E+00
   31.830  1.0000E+00
   31.840  1.0000E+00
   31.850  1.0000E+00
   31.860  1.0000E+00
   31.870  1.0000E+00
   31.880  1.0000E+00
   31.890  1.0000E+00
   31.900  1.0000E+00
   31.910  1.0000E+00
   31.920  1.0000E+00
   31.930  1.0000E+00
   31.940  1.0000E+00
   31.950  1.0000E+00
   31.960  1.0000E+00
   31.970  1.0000E+00
   31.980  1.0000E+00
   31.990  1.0000E+00
   32.000  1.0000E+00
   32.010  1.0000E+00
   32.020  1.0000E+00
   32.030  1.0000E+00
   32.040  1.0000E+00
   32.050  1.0000E+00
   32.060  1.0000E+00
   32.070  1.0000E+00
   32.080  1.0000E+00
   32.090  1.0000E+00
   32.100  1.0000E+00
   32.110  1.0000E+00
   32.120  1.0000E+00
   32.130  1.0000E+00
   32.140  1.0000E+00
   32.150  1.0000E+00
   32.160  1.0000E+00
   32.170  1.0000E+00
   32.180  1.0000E+00
   32.190  1.0000E+00
   32.200  1.0000E+00
   32.210  1.0000E+00
   32.220  1.0000E+00
   32.230  1.0000E+00
   32.240  1.0000E+00
   32.250  1.0000E+00
   32.260  1.0000E+00
   32.270  1.0000E+00
   32.280  1.0000E+00
   32.290  1.0000E+00
   32.300  1.0000E+00
   32.310  1.0000E+00
   32.320  1.0000E+00
   32.330  1.0000E+00
   32.340  1.0000E+00
   32.350  1.0000E+00
   32.360  1.0000E+00
   32.370  1.0000E+00
   32.380  1.0000E+00
   32.390  1.0000E+00
   32.400  1.0000E+00
   32.410  1.0000E+00
   32.420  1.0000E+00
   32.430  1.0000E+00
   32.440  1.0000E+00
   32.450  1.0000E+00
   32.460  1.0000E+00
   32.470  1.0000E+00
   32.480  1.0000E+00
   32.490  1.0000E+00
   32.500  1.0000E+00
   32.510  1.0000E+00
   32.520  1.0000E+00
   32.530  1.0000E+00
   32.540  1.0000E+00
   32.550  1.0000E+00
   32.560  1.0000E+00
   32.570  1.0000E+00
   32.580  1.0000E+00
   32.590  1.0000E+00
   32.600  1.0000E+00
   32.610  1.0000E+00
   32.620  1.0000E+00
   32.630  1.0000E+00
   32.640  1.0000E+00
   32.650  1.0000E+00
   32.660  1.0000E+00
   32.670  1.0000E+00
   32.680  1.0000E+00
   32.690  1.0000E+00
   32.700  1.0000E+00
   32.710  1.0000E+00
   32.720  1.0000E+00
   32.730  1.0000E+00
   32.740  1.0000E+00
   32.750  1.0000E+00
   32.760  1.0000E+00
   32.770  1.0000E+00
   32.780  1.0000E+00
   32.790  1.0000E+00
   32.800  1.0000E+00
   32.810  1.0000E+00
   32.820  1.0000E+00
   32.830  1.0000E+00
   32.840  1.0000E+00
   32.850  1.0000E+00
   32.860  1.0000E+00
   32.870  1.0000E+00
   32.880  1.0000E+00
   32.890  1.0000E+00
   32.900  1.0000E+00
   32.910  1.0000E+00
   32.920  1.0000E+00
   32.930  1.0000E+00
   32.940  1.0000E+00
   32.950  1.0000E+00
   32.960  1.0000E+00
   32.970  1.0000E+00
   32.980  1.0000E+00
   32.990  1.0000E+00
   33.000  1.0000E+00
   33.010  1.0000E+00
   33.020  1.0000E+00
   33.030  1.0000E+00
   33.040  1.0000E+00
   33.050  1.0000E+00
   33.060  1.0000E+00
   33.070  1.0000E+00
   33.080  1.0000E+00
   33.090  1.0000E+00
   33.100  1.0000E+00
   33.110  1.0000E+00
   33.120  1.0000E+00
   33.130  1.0000E+00
   33.140  1.0000E+00
   33.150  1.0000E+00
   33.160  1.0000E+00
   33.170  1.0000E+00
   33.180  1.0000E+00
   33.190  1.0000E+00
   33.200  1.0000E+00
   33.210  1.0000E+00
   33.220  1.0000E+00
   33.230  1.0000E+00
   33.240  1.0000E+00
   33.250  1.0000E+00
   33.260  1.0000E+00
   33.270  1.0000E+00
   33.280  1.0000E+00
   33.290  1.0000E+00
   33.300  1.0000E+00
   33.310  1.0000E+00
   33.320  1.0000E+00
   33.330  1.0000E+00
   33.340  1.0000E+00
   33.350  1.0000E+00
   33.360  1.0000E+00
   33.370  1.0000E+00
   33.380  1.0000E+00
   33.390  1.0000E+00
   33.400  1.0000E+00
   33.410  1.0000E+00
   33.420  1.0000E+00
   33.430  1.0000E+00
   33.440  1.0000E+00
   33.450  1.0000E+00
   33.460  1.0000E+00
   33.470  1.0000E+00
   33.480  1.0000E+00
   33.490  1.0000E+00
   33.500  1.0000E+00
   33.510  1.0000E+00
   33.520  1.0000E+00
   33.530  1.0000E+00
   33.540  1.0000E+00
   33.550  1.0000E+00
   33.560  1.0000E+00
   33.570  1.0000E+00
   33.580  1.0000E+00
   33.590  1.0000E+00
   33.600  1.0000E+00
   33.610  1.0000E+00
   33.620  1.0000E+00
   33.630  1.0000E+00
   33.640  1.0000E+00
   33.650  1.0000E+00
   33.660  1.0000E+00
   33.670  1.0000E+00
   33.680  1.0000E+00
   33.690  1.0000E+00
   33.700  1.0000E+00
   33.710  1.0000E+00
   33.720  1.0000E+00
   33.730  1.0000E+00
   33.740  1.0000E+00
   33.750  1.0000E+00
   33.760  1.0000E+00
   33.770  1.0000E+00
   33.780  1.0000E+00
   33.790  1.0000E+00
   33.800  1.0000E+00
   33.810  1.0000E+00
   33.820  1.0000E+00
   33.830  1.0000E+00
   33.840  1.0000E+00
   33.850  1.0000E+00
   33.860  1.0000E+00
   33.870  1.0000E+00
   33.880  1.0000E+00
   33.890  1.0000E+00
   33.900  1.0000E+00
   33.910  1.0000E+00
   33.920  1.0000E+00
   33.930  1.0000E+00
   33.940  1.0000E+00
   33.950  1.0000E+00
   33.960  1.0000E+00
   33.970  1.0000E+00
   33.980  1.0000E+00
   33.990  1.0000E+00
   34.000  1.0000E+00
   34.010  1.0000E+00
   34.020  1.0000E+00
   34.030  1.0000E+00
   34.040  1.0000E+00
   34.050  1.0000E+00
   34.060  1.0000E+00
   34.070  1.0000E+00
   34.080  1.0000E+00
   34.090  1.0000E+00
   34.100  1.0000E+00
   34.110  1.0000E+00
   34.120  1.0000E+00
   34.130  1.0000E+00
   34.140  1.0000E+00
   34.150  1.0000E+00
   34.160  1.0000E+00
   34.170  1.0000E+00
   34.180  1.0000E+00
   34.190  1.0000E+00
   34.200  1.0000E+00
   34.210  1.0000E+00
   34.220  1.0000E+00
   34.230  1.0000E+00
   34.240  1.0000E+00
   34.250  1.0000E+00
   34.260  1.0000E+00
   34.270  1.0000E+00
   34.280  1.0000E+00
   34.290  1.0000E+00
   34.300  1.0000E+00
   34.310  1.0000E+00
   34.320  1.0000E+00
   34.330  1.0000E+00
   34.340  1.0000E+00
   34.350  1.0000E+00
   34.360  1.0000E+00
   34.370  1.0000E+00
   34.380  1.0000E+00
   34.390  1.0000E+00
   34.400  1.0000E+00
   34.410  1.0000E+00
   34.420  1.0000E+00
   34.430  1.0000E+00
   34.440  1.0000E+00
   34.450  1.0000E+00
   34.460  1.0000E+00
   34.470  1.0000E+00
   34.480  1.0000E+00
   34.490  1.0000E+00
   34.500  1.0000E+00
   34.510  1.0000E+00
   34.520  1.0000E+00
   34.530  1.0000E+00
   34.540  1.0000E+00
   34.550  1.0000E+00
   34.560  1.0000E+00
   34.570  1.0000E+00
   34.580  1.0000E+00
   34.590  1.0000E+00
   34.600  1.0000E+00
   34.610  1.0000E+00
   34.620  1.0000E+00
   34.630  1.0000E+00
   34.640  1.0000E+00
   34.650  1.0000E+00
   34.660  1.0000E+00
   34.670  1.0000E+00
   34.680  1.0000E+00
   34.690  1.0000E+00
   34.700  1.0000E+00
   34.710  1.0000E+00
   34.720  1.0000E+00
   34.730  1.0000E+00
   34.740  1.0000E+00
   34.750  1.0000E+00
   34.760  1.0000E+00
   34.770  1.0000E+00
   34.780  1.0000E+00
   34.790  1.0000E+00
   34.800  1.0000E+00
   34.810  1.0000E+00
   34.820  1.0000E+00
   34.830  1.0000E+00
   34.840  1.0000E+00
   34.850  1.0000E+00
   34.860  1.0000E+00
   34.870  1.0000E+00
   34.880  1.0000E+00
   34.890  1.0000E+00
   34.900  1.0000E+00
   34.910  1.0000E+00
   34.920  1.0000E+00
   34.930  1.0000E+00
   34.940  1.0000E+00
   34.950  1.0000E+00
   34.960  1.0000E+00
   34.970  1.0000E+00
   34.980  1.0000E+00
   34.990  1.0000E+00
   35.000  1.0000E+00
   35.010  1.0000E+00
   35.020  1.0000E+00
   35.030  1.0000E+00
   35.040  1.0000E+00
   35.050  1.0000E+00
   35.060  1.0000E+00
   35.070  1.0000E+00
   35.080  1.0000E+00
   35.090  1.0000E+00
   35.100  1.0000E+00
   35.110  1.0000E+00
   35.120  1.0000E+00
   35.130  1.0000E+00
   35.140  1.0000E+00
   35.150  1.0000E+00
   35.160  1.0000E+00
   35.170  1.0000E+00
   35.180  1.0000E+00
   35.190  1.0000E+00
   35.200  1.0000E+00
   35.210  1.0000E+00
   35.220  1.0000E+00
   35.230  1.0000E+00
   35.240  1.0000E+00
   35.250  1.0000E+00
   35.260  1.0000E+00
   35.270  1.0000E+00
   35.280  1.0000E+00
   35.290  1.0000E+00
   35.300  1.0000E+00
   35.310  1.0000E+00
   35.320  1.0000E+00
   35.330  1.0000E+00
   35.340  1.0000E+00
   35.350  1.0000E+00
   35.360  1.0000E+00
   35.370  1.0000E+00
   35.380  1.0000E+00
   35.390  1.0000E+00
   35.400  1.0000E+00
   35.410  1.0000E+00
   35.420  1.0000E+00
   35.430  1.0000E+00
   35.440  1.0000E+00
   35.450  1.0000E+00
   35.460  1.0000E+00
   35.470  1.0000E+00
   35.480  1.0000E+00
   35.490  1.0000E+00
   35.500  1.0000E+00
   35.510  1.0000E+00
   35.520  1.0000E+00
   35.530  1.0000E+00
   35.540  1.0000E+00
   35.550  1.0000E+00
   35.560  1.0000E+00
   35.570  1.0000E+00
   35.580  1.0000E+00
   35.590  1.0000E+00
   35.600  1.0000E+00
   35.610  1.0000E+00
   35.620  1.0000E+00
   35.630  1.0000E+00
   35.640  1.0000E+00
   35.650  1.0000E+00
   35.660  1.0000E+00
   35.670  1.0000E+00
   35.680  1.0000E+00
   35.690  1.0000E+00
   35.700  1.0000E+00
   35.710  1.0000E+00
   35.720  1.0000E+00
   35.730  1.0000E+00
   35.740  1.0000E+00
   35.750  1.0000E+00
   35.760  1.0000E+00
   35.770  1.0000E+00
   35.780  1.0000E+00
   35.790  1.0000E+00
   35.800  1.0000E+00
   35.810  1.0000E+00
   35.820  1.0000E+00
   35.830  1.0000E+00
   35.840  1.0000E+00
   35.850  1.0000E+00
   35.860  1.0000E+00
   35.870  1.0000E+00
   35.880  1.0000E+00
   35.890  1.0000E+00
   35.900  1.0000E+00
   35.910  1.0000E+00
   35.920  1.0000E+00
   35.930  1.0000E+00
   35.940  1.0000E+00
   35.950  1.0000E+00
   35.960  1.0000E+00
   35.970  1.0000E+00
   35.980  1.0000E+00
   35.990  1.0000E+00
   36.000  1.0000E+00
   36.010  1.0000E+00
   36.020  1.0000E+00
   36.030  1.0000E+00
   36.040  1.0000E+00
   36.050  1.0000E+00
   36.060  1.0000E+00
   36.070  1.0000E+00
   36.080  1.0000E+00
   36.090  1.0000E+00
   36.100  1.0000E+00
   36.110  1.0000E+00
   36.120  1.0000E+00
   36.130  1.0000E+00
   36.140  1.0000E+00
   36.150  1.0000E+00
   36.160  1.0000E+00
   36.170  1.0000E+00
   36.180  1.0000E+00
   36.190  1.0000E+00
   36.200  1.0000E+00
   36.210  1.0000E+00
   36.220  1.0000E+00
   36.230  1.0000E+00
   36.240  1.0000E+00
   36.250  1.0000E+00
   36.260  1.0000E+00
   36.270  1.0000E+00
   36.280  1.0000E+00
   36.290  1.0000E+00
   36.300  1.0000E+00
   36.310  1.0000E+00
   36.320  1.0000E+00
   36.330  1.0000E+00
   36.340  1.0000E+00
   36.350  1.0000E+00
   36.360  1.0000E+00
   36.370  1.0000E+00
   36.380  1.0000E+00
   36.390  1.0000E+00
   36.400  1.0000E+00
   36.410  1.0000E+00
   36.420  1.0000E+00
   36.430  1.0000E+00
   36.440  1.0000E+00
   36.450  1.0000E+00
   36.460  1.0000E+00
   36.470  1.0000E+00
   36.480  1.0000E+00
   36.490  1.0000E+00
   36.500  1.0000E+00
   36.510  1.0000E+00
   36.520  1.0000E+00
   36.530  1.0000E+00
   36.540  1.0000E+00
   36.550  1.0000E+00
   36.560  1.0000E+00
   36.570  1.0000E+00
   36.580  1.0000E+00
   36.590  1.0000E+00
   36.600  1.0000E+00
   36.610  1.0000E+00
   36.620  1.0000E+00
   36.630  1.0000E+00
   36.640  1.0000E+00
   36.650  1.0000E+00
   36.660  1.0000E+00
   36.670  1.0000E+00
   36.680  1.0000E+00
   36.690  1.0000E+00
   36.700  1.0000E+00
   36.710  1.0000E+00
   36.720  1.0000E+00
   36.730  1.0000E+00
   36.740  1.0000E+00
   36.750  1.0000E+00
   36.760  1.0000E+00
   36.770  1.0000E+00
   36.780  1.0000E+00
   36.790  1.0000E+00
   36.800  1.0000E+00
   36.810  1.0000E+00
   36.820  1.0000E+00
   36.830  1.0000E+00
   36.840  1.0000E+00
   36.850  1.0000E+00
   36.860  1.0000E+00
   36.870  1.0000E+00
   36.880  1.0000E+00
   36.890  1.0000E+00
   36.900  1.0000E+00
   36.910  1.0000E+00
   36.920  1.0000E+00
   36.930  1.0000E+00
   36.940  1.0000E+00
   36.950  1.0000E+00
   36.960  1.0000E+00
   36.970  1.0000E+00
   36.980  1.0000E+00
   36.990  1.0000E+00
   37.000  1.0000E+00
   37.010  1.0000E+00
   37.020  1.0000E+00
   37.030  1.0000E+00
   37.040  1.0000E+00
   37.050  1.0000E+00
   37.060  1.0000E+00
   37.070  1.0000E+00
   37.080  1.0000E+00
   37.090  1.0000E+00
   37.100  1.0000E+00
   37.110  1.0000E+00
   37.120  1.0000E+00
   37.130  1.0000E+00
   37.140  1.0000E+00
   37.150  1.0000E+00
   37.160  1.0000E+00
   37.170  1.0000E+00
   37.180  1.0000E+00
   37.190  1.0000E+00
   37.200  1.0000E+00
   37.210  1.0000E+00
   37.220  1.0000E+00
   37.230  1.0000E+00
   37.240  1.0000E+00
   37.250  1.0000E+00
   37.260  1.0000E+00
   37.270  1.0000E+00
   37.280  1.0000E+00
   37.290  1.0000E+00
   37.300  1.0000E+00
   37.310  1.0000E+00
   37.320  1.0000E+00
   37.330  1.0000E+00
   37.340  1.0000E+00
   37.350  1.0000E+00
   37.360  1.0000E+00
   37.370  1.0000E+00
   37.380  1.0000E+00
   37.390  1.0000E+00
   37.400  1.0000E+00
   37.410  1.0000E+00
   37.420  1.0000E+00
   37.430  1.0000E+00
   37.440  1.0000E+00
   37.450  1.0000E+00
   37.460  1.0000E+00
   37.470  1.0000E+00
   37.480  1.0000E+00
   37.490  1.0000E+00
   37.500  1.0000E+00
   37.510  1.0000E+00
   37.520  1.0000E+00
   37.530  1.0000E+00
   37.540  1.0000E+00
   37.550  1.0000E+00
   37.560  1.0000E+00
   37.570  1.0000E+00
   37.580  1.0000E+00
   37.590  1.0000E+00
   37.600  1.0000E+00
   37.610  1.0000E+00
   37.620  1.0000E+00
   37.630  1.0000E+00
   37.640  1.0000E+00
   37.650  1.0000E+00
   37.660  1.0000E+00
   37.670  1.0000E+00
   37.680  1.0000E+00
   37.690  1.0000E+00
   37.700  1.0000E+00
   37.710  1.0000E+00
   37.720  1.0000E+00
   37.730  1.0000E+00
   37.740  1.0000E+00
   37.750  1.0000E+00
   37.760  1.0000E+00
   37.770  1.0000E+00
   37.780  1.0000E+00
   37.790  1.0000E+00
   37.800  1.0000E+00
   37.810  1.0000E+00
   37.820  1.0000E+00
   37.830  1.0000E+00
   37.840  1.0000E+00
   37.850  1.0000E+00
   37.860  1.0000E+00
   37.870  1.0000E+00
   37.880  1.0000E+00
   37.890  1.0000E+00
   37.900  1.0000E+00
   37.910  1.0000E+00
   37.920  1.0000E+00
   37.930  1.0000E+00
   37.940  1.0000E+00
   37.950  1.0000E+00
   37.960  1.0000E+00
   37.970  1.0000E+00
   37.980  1.0000E+00
   37.990  1.0000E+00
   38.000  1.0000E+00
   38.010  1.0000E+00
   38.020  1.0000E+00
   38.030  1.0000E+00
   38.040  1.0000E+00
   38.050  1.0000E+00
   38.060  1.0000E+00
   38.070  1.0000E+00
   38.080  1.0000E+00
   38.090  1.0000E+00
   38.100  1.0000E+00
   38.110  1.0000E+00
   38.120  1.0000E+00
   38.130  1.0000E+00
   38.140  1.0000E+00
   38.150  1.0000E+00
   38.160  1.0000E+00
   38.170  1.0000E+00
   38.180  1.0000E+00
   38.190  1.0000E+00
   38.200  1.0000E+00
   38.210  1.0000E+00
   38.220  1.0000E+00
   38.230  1.0000E+00
   38.240  1.0000E+00
   38.250  1.0000E+00
   38.260  1.0000E+00
   38.270  1.0000E+00
   38.280  1.0000E+00
   38.290  1.0000E+00
   38.300  1.0000E+00
   38.310  1.0000E+00
   38.320  1.0000E+00
   38.330  1.0000E+00
   38.340  1.0000E+00
   38.350  1.0000E+00
   38.360  1.0000E+00
   38.370  1.0000E+00
   38.380  1.0000E+00
   38.390  1.0000E+00
   38.400  1.0000E+00
   38.410  1.0000E+00
   38.420  1.0000E+00
   38.430  1.0000E+00
   38.440  1.0000E+00
   38.450  1.0000E+00
   38.460  1.0000E+00
   38.470  1.0000E+00
   38.480  1.0000E+00
   38.490  1.0000E+00
   38.500  1.0000E+00
   38.510  1.0000E+00
   38.520  1.0000E+00
   38.530  1.0000E+00
   38.540  1.0000E+00
   38.550  1.0000E+00
   38.560  1.0000E+00
   38.570  1.0000E+00
   38.580  1.0000E+00
   38.590  1.0000E+00
   38.600  1.0000E+00
   38.610  1.0000E+00
   38.620  1.0000E+00
   38.630  1.0000E+00
   38.640  1.0000E+00
   38.650  1.0000E+00
   38.660  1.0000E+00
   38.670  1.0000E+00
   38.680  1.0000E+00
   38.690  1.0000E+00
   38.700  1.0000E+00
   38.710  1.0000E+00
   38.720  1.0000E+00
   38.730  1.0000E+00
   38.740  1.0000E+00
   38.750  1.0000E+00
   38.760  1.0000E+00
   38.770  1.0000E+00
   38.780  1.0000E+00
   38.790  1.0000E+00
   38.800  1.0000E+00
   38.810  1.0000E+00
   38.820  1.0000E+00
   38.830  1.0000E+00
   38.840  1.0000E+00
   38.850  1.0000E+00
   38.860  1.0000E+00
   38.870  1.0000E+00
   38.880  1.0000E+00
   38.890  1.0000E+00
   38.900  1.0000E+00
   38.910  1.0000E+00
   38.920  1.0000E+00
   38.930  1.0000E+00
   38.940  1.0000E+00
   38.950  1.0000E+00
   38.960  1.0000E+00
   38.970  1.0000E+00
   38.980  1.0000E+00
   38.990  1.0000E+00
   39.000  1.0000E+00
   39.010  1.0000E+00
   39.020  1.0000E+00
   39.030  1.0000E+00
   39.040  1.0000E+00
   39.050  1.0000E+00
   39.060  1.0000E+00
   39.070  1.0000E+00
   39.080  1.0000E+00
   39.090  1.0000E+00
   39.100  1.0000E+00
   39.110  1.0000E+00
   39.120  1.0000E+00
   39.130  1.0000E+00
   39.140  1.0000E+00
   39.150  1.0000E+00
   39.160  1.0000E+00
   39.170  1.0000E+00
   39.180  1.0000E+00
   39.190  1.0000E+00
   39.200  1.0000E+00
   39.210  1.0000E+00
   39.220  1.0000E+00
   39.230  1.0000E+00
   39.240  1.0000E+00
   39.250  1.0000E+00
   39.260  1.0000E+00
   39.270  1.0000E+00
   39.280  1.0000E+00
   39.290  1.0000E+00
   39.300  1.0000E+00
   39.310  1.0000E+00
   39.320  1.0000E+00
   39.330  1.0000E+00
   39.340  1.0000E+00
   39.350  1.0000E+00
   39.360  1.0000E+00
   39.370  1.0000E+00
   39.380  1.0000E+00
   39.390  1.0000E+00
   39.400  1.0000E+00
   39.410  1.0000E+00
   39.420  1.0000E+00
   39.430  1.0000E+00
   39.440  1.0000E+00
   39.450  1.0000E+00
   39.460  1.0000E+00
   39.470  1.0000E+00
   39.480  1.0000E+00
   39.490  1.0000E+00
   39.500  1.0000E+00
   39.510  1.0000E+00
   39.520  1.0000E+00
   39.530  1.0000E+00
   39.540  1.0000E+00
   39.550  1.0000E+00
   39.560  1.0000E+00
   39.570  1.0000E+00
   39.580  1.0000E+00
   39.590  1.0000E+00
   39.600  1.0000E+00
   39.610  1.0000E+00
   39.620  1.0000E+00
   39.630  1.0000E+00
   39.640  1.0000E+00
   39.650  1.0000E+00
   39.660  1.0000E+00
   39.670  1.0000E+00
   39.680  1.0000E+00
   39.690  1.0000E+00
   39.700  1.0000E+00
   39.710  1.0000E+00
   39.720  1.0000E+00
   39.730  1.0000E+00
   39.740  1.0000E+00
   39.750  1.0000E+00
   39.760  1.0000E+00
   39.770  1.0000E+00
   39.780  1.0000E+00
   39.790  1.0000E+00
   39.800  1.0000E+00
   39.810  1.0000E+00
   39.820  1.0000E+00
   39.830  1.0000E+00
   39.840  1.0000E+00
   39.850  1.0000E+00
   39.860  1.0000E+00
   39.870  1.0000E+00
   39.880  1.0000E+00
   39.890  1.0000E+00
   39.900  1.0000E+00
   39.910  1.0000E+00
   39.920  1.0000E+00
   39.930  1.0000E+00
   39.940  1.0000E+00
   39.950  1.0000E+00
   39.960  1.0000E+00
   39.970  1.0000E+00
   39.980  1.0000E+00
   39.990  1.0000E+00
   40.000  1.0000E+00
   40.010  1.0000E+00
   40.020  1.0000E+00
   40.030  1.0000E+00
   40.040  1.0000E+00
   40.050  1.0000E+00
   40.060  1.0000E+00
   40.070  1.0000E+00
   40.080  1.0000E+00
   40.090  1.0000E+00
   40.100  1.0000E+00
   40.110  1.0000E+00
   40.120  1.0000E+00
   40.130  1.0000E+00
   40.140  1.0000E+00
   40.150  1.0000E+00
   40.160  1.0000E+00
   40.170  1.0000E+00
   40.180  1.0000E+00
   40.190  1.0000E+00
   40.200  1.0000E+00
   40.210  1.0000E+00
   40.220  1.0000E+00
   40.230  1.0000E+00
   40.240  1.0000E+00
   40.250  1.0000E+00
   40.260  1.0000E+00
   40.270  1.0000E+00
   40.280  1.0000E+00
   40.290  1.0000E+00
   40.300  1.0000E+00
   40.310  1.0000E+00
   40.320  1.0000E+00
   40.330  1.0000E+00
   40.340  1.0000E+00
   40.350  1.0000E+00
   40.360  1.0000E+00
   40.370  1.0000E+00
   40.380  1.0000E+00
   40.390  1.0000E+00
   40.400  1.0000E+00
   40.410  1.0000E+00
   40.420  1.0000E+00
   40.430  1.0000E+00
   40.440  1.0000E+00
   40.450  1.0000E+00
   40.460  1.0000E+00
   40.470  1.0000E+00
   40.480  1.0000E+00
   40.490  1.0000E+00
   40.500  1.0000E+00
   40.510  1.0000E+00
   40.520  1.0000E+00
   40.530  1.0000E+00
   40.540  1.0000E+00
   40.550  1.0000E+00
   40.560  1.0000E+00
   40.570  1.0000E+00
   40.580  1.0000E+00
   40.590  1.0000E+00
   40.600  1.0000E+00
   40.610  1.0000E+00
   40.620  1.0000E+00
   40.630  1.0000E+00
   40.640  1.0000E+00
   40.650  1.0000E+00
   40.660  1.0000E+00
   40.670  1.0000E+00
   40.680  1.0000E+00
   40.690  1.0000E+00
   40.700  1.0000E+00
   40.710  1.0000E+00
   40.720  1.0000E+00
   40.730  1.0000E+00
   40.740  1.0000E+00
   40.750  1.0000E+00
   40.760  1.0000E+00
   40.770  1.0000E+00
   40.780  1.0000E+00
   40.790  1.0000E+00
   40.800  1.0000E+00
   40.810  1.0000E+00
   40.820  1.0000E+00
   40.830  1.0000E+00
   40.840  1.0000E+00
   40.850  1.0000E+00
   40.860  1.0000E+00
   40.870  1.0000E+00
   40.880  1.0000E+00
   40.890  1.0000E+00
   40.900  1.0000E+00
   40.910  1.0000E+00
   40.920  1.0000E+00
   40.930  1.0000E+00
   40.940  1.0000E+00
   40.950  1.0000E+00
