**********************************************
*******  Husid Time Series ************
*** Site #   1
*** trial   40
Input Parameters file =  aqu_0604_y_parameters.out                                                                                               
  4096 samples
dt:  0.010 sec
data format: (1x,f8.3,1p,2x,e11.4)
 Arias intensity =   1.911E+02
 75%-5% duration =   4.050E+00
fault Dis.(km)=    4.28
Hypo  Dis.(km)=   11.58
     time       husid
    0.000  0.0000E+00
    0.010  0.0000E+00
    0.020  0.0000E+00
    0.030  0.0000E+00
    0.040  0.0000E+00
    0.050  0.0000E+00
    0.060  0.0000E+00
    0.070  0.0000E+00
    0.080  0.0000E+00
    0.090  0.0000E+00
    0.100  0.0000E+00
    0.110  0.0000E+00
    0.120  0.0000E+00
    0.130  0.0000E+00
    0.140  0.0000E+00
    0.150  0.0000E+00
    0.160  0.0000E+00
    0.170  0.0000E+00
    0.180  0.0000E+00
    0.190  0.0000E+00
    0.200  0.0000E+00
    0.210  0.0000E+00
    0.220  0.0000E+00
    0.230  0.0000E+00
    0.240  0.0000E+00
    0.250  0.0000E+00
    0.260  0.0000E+00
    0.270  0.0000E+00
    0.280  0.0000E+00
    0.290  0.0000E+00
    0.300  0.0000E+00
    0.310  0.0000E+00
    0.320  0.0000E+00
    0.330  0.0000E+00
    0.340  0.0000E+00
    0.350  0.0000E+00
    0.360  0.0000E+00
    0.370  0.0000E+00
    0.380  0.0000E+00
    0.390  0.0000E+00
    0.400  0.0000E+00
    0.410  0.0000E+00
    0.420  0.0000E+00
    0.430  0.0000E+00
    0.440  0.0000E+00
    0.450  0.0000E+00
    0.460  0.0000E+00
    0.470  0.0000E+00
    0.480  2.6314E-09
    0.490  1.1893E-08
    0.500  2.2896E-08
    0.510  3.3601E-08
    0.520  4.2714E-08
    0.530  4.9815E-08
    0.540  5.4896E-08
    0.550  5.7984E-08
    0.560  5.9243E-08
    0.570  5.9391E-08
    0.580  5.9900E-08
    0.590  6.2563E-08
    0.600  6.8807E-08
    0.610  7.9511E-08
    0.620  9.5281E-08
    0.630  1.1654E-07
    0.640  1.4316E-07
    0.650  1.7402E-07
    0.660  2.0691E-07
    0.670  2.2078E-07
    0.680  2.2369E-07
    0.690  2.2930E-07
    0.700  2.3589E-07
    0.710  2.4201E-07
    0.720  2.4733E-07
    0.730  2.5185E-07
    0.740  2.5604E-07
    0.750  2.6061E-07
    0.760  2.6554E-07
    0.770  2.7002E-07
    0.780  2.7310E-07
    0.790  2.7466E-07
    0.800  2.7527E-07
    0.810  2.7542E-07
    0.820  2.7545E-07
    0.830  2.7604E-07
    0.840  2.7883E-07
    0.850  2.8657E-07
    0.860  3.0237E-07
    0.870  3.2791E-07
    0.880  3.6175E-07
    0.890  3.9970E-07
    0.900  4.3754E-07
    0.910  4.7304E-07
    0.920  5.0582E-07
    0.930  5.3639E-07
    0.940  5.6576E-07
    0.950  5.9521E-07
    0.960  6.2568E-07
    0.970  6.5681E-07
    0.980  6.8674E-07
    0.990  7.1323E-07
    1.000  7.3467E-07
    1.010  7.5278E-07
    1.020  7.6270E-07
    1.030  7.7915E-07
    1.040  7.8883E-07
    1.050  7.9913E-07
    1.060  8.5058E-07
    1.070  9.7283E-07
    1.080  1.1738E-06
    1.090  1.4326E-06
    1.100  1.7148E-06
    1.110  1.9945E-06
    1.120  2.2640E-06
    1.130  2.4676E-06
    1.140  2.5911E-06
    1.150  2.6688E-06
    1.160  2.7061E-06
    1.170  2.7150E-06
    1.180  2.7159E-06
    1.190  2.7207E-06
    1.200  2.7294E-06
    1.210  2.7412E-06
    1.220  2.7544E-06
    1.230  2.7737E-06
    1.240  2.8217E-06
    1.250  2.9004E-06
    1.260  2.9990E-06
    1.270  3.1567E-06
    1.280  3.3572E-06
    1.290  3.5403E-06
    1.300  3.6927E-06
    1.310  3.8235E-06
    1.320  3.9330E-06
    1.330  4.0390E-06
    1.340  4.1280E-06
    1.350  4.1666E-06
    1.360  4.1736E-06
    1.370  4.1777E-06
    1.380  4.2138E-06
    1.390  4.3192E-06
    1.400  4.5219E-06
    1.410  4.8243E-06
    1.420  5.2002E-06
    1.430  5.6106E-06
    1.440  6.0297E-06
    1.450  6.4112E-06
    1.460  6.7884E-06
    1.470  7.2541E-06
    1.480  7.8331E-06
    1.490  8.3926E-06
    1.500  8.8807E-06
    1.510  9.3477E-06
    1.520  9.6784E-06
    1.530  9.8644E-06
    1.540  9.9707E-06
    1.550  1.0013E-05
    1.560  1.0019E-05
    1.570  1.0037E-05
    1.580  1.0150E-05
    1.590  1.0455E-05
    1.600  1.0998E-05
    1.610  1.1793E-05
    1.620  1.2785E-05
    1.630  1.3885E-05
    1.640  1.5069E-05
    1.650  1.6297E-05
    1.660  1.7415E-05
    1.670  1.8337E-05
    1.680  1.9035E-05
    1.690  1.9455E-05
    1.700  1.9629E-05
    1.710  1.9662E-05
    1.720  1.9668E-05
    1.730  1.9715E-05
    1.740  1.9829E-05
    1.750  2.0059E-05
    1.760  2.0455E-05
    1.770  2.1033E-05
    1.780  2.1856E-05
    1.790  2.2979E-05
    1.800  2.4406E-05
    1.810  2.6056E-05
    1.820  2.7770E-05
    1.830  2.9466E-05
    1.840  3.0830E-05
    1.850  3.1735E-05
    1.860  3.2347E-05
    1.870  3.2722E-05
    1.880  3.2898E-05
    1.890  3.2932E-05
    1.900  3.2957E-05
    1.910  3.3155E-05
    1.920  3.3672E-05
    1.930  3.4579E-05
    1.940  3.5992E-05
    1.950  3.7827E-05
    1.960  3.9813E-05
    1.970  4.1832E-05
    1.980  4.3800E-05
    1.990  4.5666E-05
    2.000  4.7402E-05
    2.010  4.8966E-05
    2.020  5.0192E-05
    2.030  5.1010E-05
    2.040  5.1508E-05
    2.050  5.1770E-05
    2.060  5.1882E-05
    2.070  5.1928E-05
    2.080  5.1943E-05
    2.090  5.1948E-05
    2.100  5.2025E-05
    2.110  5.2301E-05
    2.120  5.3123E-05
    2.130  5.4628E-05
    2.140  5.6246E-05
    2.150  5.7675E-05
    2.160  5.8897E-05
    2.170  6.0208E-05
    2.180  6.1662E-05
    2.190  6.3035E-05
    2.200  6.4371E-05
    2.210  6.5635E-05
    2.220  6.6729E-05
    2.230  6.7553E-05
    2.240  6.7981E-05
    2.250  6.8089E-05
    2.260  6.8129E-05
    2.270  6.8159E-05
    2.280  6.8161E-05
    2.290  6.8184E-05
    2.300  6.8292E-05
    2.310  6.8573E-05
    2.320  6.9134E-05
    2.330  7.0080E-05
    2.340  7.1534E-05
    2.350  7.3599E-05
    2.360  7.6307E-05
    2.370  7.9599E-05
    2.380  8.3362E-05
    2.390  8.7438E-05
    2.400  9.1603E-05
    2.410  9.5654E-05
    2.420  9.9354E-05
    2.430  1.0236E-04
    2.440  1.0443E-04
    2.450  1.0559E-04
    2.460  1.0606E-04
    2.470  1.0615E-04
    2.480  1.0617E-04
    2.490  1.0642E-04
    2.500  1.0701E-04
    2.510  1.0807E-04
    2.520  1.0988E-04
    2.530  1.1226E-04
    2.540  1.1477E-04
    2.550  1.1698E-04
    2.560  1.1864E-04
    2.570  1.1979E-04
    2.580  1.2060E-04
    2.590  1.2115E-04
    2.600  1.2145E-04
    2.610  1.2153E-04
    2.620  1.2156E-04
    2.630  1.2196E-04
    2.640  1.2338E-04
    2.650  1.2652E-04
    2.660  1.3173E-04
    2.670  1.3873E-04
    2.680  1.4676E-04
    2.690  1.5500E-04
    2.700  1.6320E-04
    2.710  1.7095E-04
    2.720  1.7712E-04
    2.730  1.8130E-04
    2.740  1.8327E-04
    2.750  1.8358E-04
    2.760  1.8383E-04
    2.770  1.8553E-04
    2.780  1.8948E-04
    2.790  1.9549E-04
    2.800  2.0304E-04
    2.810  2.1155E-04
    2.820  2.2043E-04
    2.830  2.2920E-04
    2.840  2.3737E-04
    2.850  2.4459E-04
    2.860  2.5070E-04
    2.870  2.5568E-04
    2.880  2.5959E-04
    2.890  2.6238E-04
    2.900  2.6435E-04
    2.910  2.6591E-04
    2.920  2.6709E-04
    2.930  2.6776E-04
    2.940  2.6792E-04
    2.950  2.6799E-04
    2.960  2.6871E-04
    2.970  2.7065E-04
    2.980  2.7384E-04
    2.990  2.7781E-04
    3.000  2.8189E-04
    3.010  2.8565E-04
    3.020  2.8931E-04
    3.030  2.9305E-04
    3.040  2.9695E-04
    3.050  3.0121E-04
    3.060  3.0584E-04
    3.070  3.1059E-04
    3.080  3.1500E-04
    3.090  3.1871E-04
    3.100  3.2151E-04
    3.110  3.2348E-04
    3.120  3.2479E-04
    3.130  3.2556E-04
    3.140  3.2588E-04
    3.150  3.2592E-04
    3.160  3.2604E-04
    3.170  3.2663E-04
    3.180  3.2791E-04
    3.190  3.2999E-04
    3.200  3.3299E-04
    3.210  3.3668E-04
    3.220  3.4052E-04
    3.230  3.4395E-04
    3.240  3.4665E-04
    3.250  3.4861E-04
    3.260  3.4994E-04
    3.270  3.5080E-04
    3.280  3.5136E-04
    3.290  3.5159E-04
    3.300  3.5163E-04
    3.310  3.5163E-04
    3.320  3.5173E-04
    3.330  3.5211E-04
    3.340  3.5318E-04
    3.350  3.5565E-04
    3.360  3.5960E-04
    3.370  3.6517E-04
    3.380  3.7266E-04
    3.390  3.8123E-04
    3.400  3.9000E-04
    3.410  3.9857E-04
    3.420  4.0700E-04
    3.430  4.1563E-04
    3.440  4.2459E-04
    3.450  4.3348E-04
    3.460  4.4129E-04
    3.470  4.4678E-04
    3.480  4.4937E-04
    3.490  4.4989E-04
    3.500  4.5004E-04
    3.510  4.5125E-04
    3.520  4.5408E-04
    3.530  4.5846E-04
    3.540  4.6435E-04
    3.550  4.7149E-04
    3.560  4.7898E-04
    3.570  4.8532E-04
    3.580  4.8912E-04
    3.590  4.9035E-04
    3.600  4.9043E-04
    3.610  4.9096E-04
    3.620  4.9229E-04
    3.630  4.9404E-04
    3.640  4.9601E-04
    3.650  4.9801E-04
    3.660  4.9989E-04
    3.670  5.0165E-04
    3.680  5.0341E-04
    3.690  5.0503E-04
    3.700  5.0645E-04
    3.710  5.0790E-04
    3.720  5.0964E-04
    3.730  5.1192E-04
    3.740  5.1495E-04
    3.750  5.1868E-04
    3.760  5.2240E-04
    3.770  5.2536E-04
    3.780  5.2734E-04
    3.790  5.2833E-04
    3.800  5.2856E-04
    3.810  5.2857E-04
    3.820  5.2874E-04
    3.830  5.2937E-04
    3.840  5.3027E-04
    3.850  5.3115E-04
    3.860  5.3191E-04
    3.870  5.3245E-04
    3.880  5.3286E-04
    3.890  5.3335E-04
    3.900  5.3427E-04
    3.910  5.3609E-04
    3.920  5.3932E-04
    3.930  5.4397E-04
    3.940  5.4931E-04
    3.950  5.5465E-04
    3.960  5.5980E-04
    3.970  5.6493E-04
    3.980  5.7006E-04
    3.990  5.7472E-04
    4.000  5.7827E-04
    4.010  5.8048E-04
    4.020  5.8160E-04
    4.030  5.8205E-04
    4.040  5.8216E-04
    4.050  5.8216E-04
    4.060  5.8229E-04
    4.070  5.8273E-04
    4.080  5.8360E-04
    4.090  5.8493E-04
    4.100  5.8673E-04
    4.110  5.8902E-04
    4.120  5.9200E-04
    4.130  5.9616E-04
    4.140  6.0230E-04
    4.150  6.1191E-04
    4.160  6.2691E-04
    4.170  6.4729E-04
    4.180  6.6876E-04
    4.190  6.8647E-04
    4.200  6.9762E-04
    4.210  7.0238E-04
    4.220  7.0385E-04
    4.230  7.0425E-04
    4.240  7.0444E-04
    4.250  7.0469E-04
    4.260  7.0484E-04
    4.270  7.0487E-04
    4.280  7.0536E-04
    4.290  7.0721E-04
    4.300  7.1103E-04
    4.310  7.1668E-04
    4.320  7.2353E-04
    4.330  7.3068E-04
    4.340  7.3743E-04
    4.350  7.4309E-04
    4.360  7.4722E-04
    4.370  7.4997E-04
    4.380  7.5159E-04
    4.390  7.5231E-04
    4.400  7.5256E-04
    4.410  7.5275E-04
    4.420  7.5343E-04
    4.430  7.5637E-04
    4.440  7.6499E-04
    4.450  7.8239E-04
    4.460  8.0825E-04
    4.470  8.3773E-04
    4.480  8.6417E-04
    4.490  8.8318E-04
    4.500  8.9435E-04
    4.510  8.9968E-04
    4.520  9.0137E-04
    4.530  9.0151E-04
    4.540  9.0271E-04
    4.550  9.0734E-04
    4.560  9.1517E-04
    4.570  9.2292E-04
    4.580  9.2692E-04
    4.590  9.2748E-04
    4.600  9.2839E-04
    4.610  9.3296E-04
    4.620  9.4102E-04
    4.630  9.4968E-04
    4.640  9.5693E-04
    4.650  9.6216E-04
    4.660  9.6563E-04
    4.670  9.6761E-04
    4.680  9.6834E-04
    4.690  9.6840E-04
    4.700  9.6866E-04
    4.710  9.6949E-04
    4.720  9.7053E-04
    4.730  9.7123E-04
    4.740  9.7150E-04
    4.750  9.7155E-04
    4.760  9.7158E-04
    4.770  9.7205E-04
    4.780  9.7441E-04
    4.790  9.8036E-04
    4.800  9.9040E-04
    4.810  1.0050E-03
    4.820  1.0268E-03
    4.830  1.0599E-03
    4.840  1.1055E-03
    4.850  1.1593E-03
    4.860  1.2135E-03
    4.870  1.2619E-03
    4.880  1.3014E-03
    4.890  1.3314E-03
    4.900  1.3526E-03
    4.910  1.3670E-03
    4.920  1.3766E-03
    4.930  1.3833E-03
    4.940  1.3892E-03
    4.950  1.3962E-03
    4.960  1.4052E-03
    4.970  1.4135E-03
    4.980  1.4172E-03
    4.990  1.4176E-03
    5.000  1.4235E-03
    5.010  1.4507E-03
    5.020  1.5159E-03
    5.030  1.6232E-03
    5.040  1.7537E-03
    5.050  1.8785E-03
    5.060  1.9813E-03
    5.070  2.0635E-03
    5.080  2.1335E-03
    5.090  2.1981E-03
    5.100  2.2565E-03
    5.110  2.3011E-03
    5.120  2.3236E-03
    5.130  2.3277E-03
    5.140  2.3301E-03
    5.150  2.3440E-03
    5.160  2.3687E-03
    5.170  2.3984E-03
    5.180  2.4316E-03
    5.190  2.4711E-03
    5.200  2.5183E-03
    5.210  2.5706E-03
    5.220  2.6222E-03
    5.230  2.6701E-03
    5.240  2.7165E-03
    5.250  2.7651E-03
    5.260  2.8180E-03
    5.270  2.8740E-03
    5.280  2.9312E-03
    5.290  2.9917E-03
    5.300  3.0605E-03
    5.310  3.1398E-03
    5.320  3.2221E-03
    5.330  3.2918E-03
    5.340  3.3369E-03
    5.350  3.3587E-03
    5.360  3.3664E-03
    5.370  3.3678E-03
    5.380  3.3688E-03
    5.390  3.3804E-03
    5.400  3.4221E-03
    5.410  3.5028E-03
    5.420  3.6008E-03
    5.430  3.6804E-03
    5.440  3.7274E-03
    5.450  3.7507E-03
    5.460  3.7626E-03
    5.470  3.7706E-03
    5.480  3.7789E-03
    5.490  3.7914E-03
    5.500  3.8101E-03
    5.510  3.8295E-03
    5.520  3.8405E-03
    5.530  3.8425E-03
    5.540  3.8449E-03
    5.550  3.8657E-03
    5.560  3.9259E-03
    5.570  4.0329E-03
    5.580  4.1767E-03
    5.590  4.3473E-03
    5.600  4.5425E-03
    5.610  4.7534E-03
    5.620  4.9503E-03
    5.630  5.0958E-03
    5.640  5.1798E-03
    5.650  5.2232E-03
    5.660  5.2503E-03
    5.670  5.2725E-03
    5.680  5.2885E-03
    5.690  5.2952E-03
    5.700  5.2961E-03
    5.710  5.2968E-03
    5.720  5.3030E-03
    5.730  5.3196E-03
    5.740  5.3402E-03
    5.750  5.3522E-03
    5.760  5.3551E-03
    5.770  5.3553E-03
    5.780  5.3555E-03
    5.790  5.3605E-03
    5.800  5.3860E-03
    5.810  5.4464E-03
    5.820  5.5260E-03
    5.830  5.5853E-03
    5.840  5.6047E-03
    5.850  5.6084E-03
    5.860  5.6655E-03
    5.870  5.8634E-03
    5.880  6.2425E-03
    5.890  6.7326E-03
    5.900  7.1930E-03
    5.910  7.5453E-03
    5.920  7.8049E-03
    5.930  8.0200E-03
    5.940  8.2322E-03
    5.950  8.4632E-03
    5.960  8.6922E-03
    5.970  8.8524E-03
    5.980  8.9115E-03
    5.990  8.9173E-03
    6.000  8.9195E-03
    6.010  8.9224E-03
    6.020  8.9227E-03
    6.030  8.9233E-03
    6.040  8.9237E-03
    6.050  8.9331E-03
    6.060  8.9720E-03
    6.070  9.0529E-03
    6.080  9.1810E-03
    6.090  9.3697E-03
    6.100  9.6515E-03
    6.110  1.0031E-02
    6.120  1.0432E-02
    6.130  1.0816E-02
    6.140  1.1259E-02
    6.150  1.1883E-02
    6.160  1.2770E-02
    6.170  1.3856E-02
    6.180  1.4915E-02
    6.190  1.5735E-02
    6.200  1.6277E-02
    6.210  1.6651E-02
    6.220  1.6965E-02
    6.230  1.7200E-02
    6.240  1.7277E-02
    6.250  1.7311E-02
    6.260  1.7690E-02
    6.270  1.8641E-02
    6.280  1.9844E-02
    6.290  2.0852E-02
    6.300  2.1569E-02
    6.310  2.2093E-02
    6.320  2.2500E-02
    6.330  2.2811E-02
    6.340  2.3048E-02
    6.350  2.3244E-02
    6.360  2.3391E-02
    6.370  2.3455E-02
    6.380  2.3461E-02
    6.390  2.3493E-02
    6.400  2.3584E-02
    6.410  2.3698E-02
    6.420  2.3824E-02
    6.430  2.4018E-02
    6.440  2.4439E-02
    6.450  2.5317E-02
    6.460  2.6621E-02
    6.470  2.7889E-02
    6.480  2.8709E-02
    6.490  2.9105E-02
    6.500  2.9309E-02
    6.510  2.9486E-02
    6.520  2.9709E-02
    6.530  2.9983E-02
    6.540  3.0259E-02
    6.550  3.0483E-02
    6.560  3.0668E-02
    6.570  3.0871E-02
    6.580  3.1132E-02
    6.590  3.1468E-02
    6.600  3.1904E-02
    6.610  3.2458E-02
    6.620  3.3128E-02
    6.630  3.3839E-02
    6.640  3.4385E-02
    6.650  3.4658E-02
    6.660  3.4752E-02
    6.670  3.4778E-02
    6.680  3.4787E-02
    6.690  3.4790E-02
    6.700  3.4793E-02
    6.710  3.4844E-02
    6.720  3.5147E-02
    6.730  3.6083E-02
    6.740  3.7903E-02
    6.750  4.0380E-02
    6.760  4.2944E-02
    6.770  4.5213E-02
    6.780  4.7233E-02
    6.790  4.9352E-02
    6.800  5.1980E-02
    6.810  5.5148E-02
    6.820  5.8272E-02
    6.830  6.0604E-02
    6.840  6.1930E-02
    6.850  6.2631E-02
    6.860  6.3243E-02
    6.870  6.4278E-02
    6.880  6.5959E-02
    6.890  6.7853E-02
    6.900  6.9338E-02
    6.910  7.0234E-02
    6.920  7.0706E-02
    6.930  7.0928E-02
    6.940  7.1000E-02
    6.950  7.1006E-02
    6.960  7.1046E-02
    6.970  7.1272E-02
    6.980  7.1849E-02
    6.990  7.2757E-02
    7.000  7.3766E-02
    7.010  7.4677E-02
    7.020  7.5415E-02
    7.030  7.5941E-02
    7.040  7.6261E-02
    7.050  7.6488E-02
    7.060  7.6760E-02
    7.070  7.7188E-02
    7.080  7.7749E-02
    7.090  7.8153E-02
    7.100  7.8232E-02
    7.110  7.8315E-02
    7.120  7.8696E-02
    7.130  7.9271E-02
    7.140  7.9820E-02
    7.150  8.0212E-02
    7.160  8.0469E-02
    7.170  8.0698E-02
    7.180  8.1081E-02
    7.190  8.1930E-02
    7.200  8.3527E-02
    7.210  8.5645E-02
    7.220  8.7535E-02
    7.230  8.8651E-02
    7.240  8.9024E-02
    7.250  8.9057E-02
    7.260  8.9108E-02
    7.270  8.9320E-02
    7.280  8.9900E-02
    7.290  9.1304E-02
    7.300  9.3861E-02
    7.310  9.7128E-02
    7.320  1.0005E-01
    7.330  1.0193E-01
    7.340  1.0293E-01
    7.350  1.0354E-01
    7.360  1.0404E-01
    7.370  1.0451E-01
    7.380  1.0501E-01
    7.390  1.0567E-01
    7.400  1.0669E-01
    7.410  1.0810E-01
    7.420  1.0975E-01
    7.430  1.1135E-01
    7.440  1.1242E-01
    7.450  1.1278E-01
    7.460  1.1281E-01
    7.470  1.1316E-01
    7.480  1.1429E-01
    7.490  1.1627E-01
    7.500  1.1890E-01
    7.510  1.2175E-01
    7.520  1.2436E-01
    7.530  1.2631E-01
    7.540  1.2752E-01
    7.550  1.2822E-01
    7.560  1.2861E-01
    7.570  1.2874E-01
    7.580  1.2876E-01
    7.590  1.2905E-01
    7.600  1.2984E-01
    7.610  1.3096E-01
    7.620  1.3221E-01
    7.630  1.3374E-01
    7.640  1.3593E-01
    7.650  1.3916E-01
    7.660  1.4344E-01
    7.670  1.4817E-01
    7.680  1.5239E-01
    7.690  1.5533E-01
    7.700  1.5718E-01
    7.710  1.5876E-01
    7.720  1.6091E-01
    7.730  1.6392E-01
    7.740  1.6725E-01
    7.750  1.7009E-01
    7.760  1.7200E-01
    7.770  1.7300E-01
    7.780  1.7346E-01
    7.790  1.7370E-01
    7.800  1.7397E-01
    7.810  1.7451E-01
    7.820  1.7537E-01
    7.830  1.7612E-01
    7.840  1.7637E-01
    7.850  1.7638E-01
    7.860  1.7648E-01
    7.870  1.7662E-01
    7.880  1.7675E-01
    7.890  1.7693E-01
    7.900  1.7730E-01
    7.910  1.7788E-01
    7.920  1.7842E-01
    7.930  1.7860E-01
    7.940  1.7874E-01
    7.950  1.8010E-01
    7.960  1.8358E-01
    7.970  1.8859E-01
    7.980  1.9364E-01
    7.990  1.9776E-01
    8.000  2.0092E-01
    8.010  2.0368E-01
    8.020  2.0672E-01
    8.030  2.1071E-01
    8.040  2.1619E-01
    8.050  2.2324E-01
    8.060  2.3151E-01
    8.070  2.4051E-01
    8.080  2.4996E-01
    8.090  2.5964E-01
    8.100  2.6904E-01
    8.110  2.7720E-01
    8.120  2.8330E-01
    8.130  2.8701E-01
    8.140  2.8881E-01
    8.150  2.8954E-01
    8.160  2.8982E-01
    8.170  2.8993E-01
    8.180  2.8994E-01
    8.190  2.9008E-01
    8.200  2.9091E-01
    8.210  2.9290E-01
    8.220  2.9575E-01
    8.230  2.9870E-01
    8.240  3.0130E-01
    8.250  3.0365E-01
    8.260  3.0627E-01
    8.270  3.0958E-01
    8.280  3.1329E-01
    8.290  3.1669E-01
    8.300  3.1953E-01
    8.310  3.2215E-01
    8.320  3.2505E-01
    8.330  3.2860E-01
    8.340  3.3274E-01
    8.350  3.3656E-01
    8.360  3.3899E-01
    8.370  3.3989E-01
    8.380  3.4007E-01
    8.390  3.4012E-01
    8.400  3.4023E-01
    8.410  3.4049E-01
    8.420  3.4107E-01
    8.430  3.4240E-01
    8.440  3.4494E-01
    8.450  3.4842E-01
    8.460  3.5192E-01
    8.470  3.5473E-01
    8.480  3.5680E-01
    8.490  3.5853E-01
    8.500  3.6016E-01
    8.510  3.6143E-01
    8.520  3.6188E-01
    8.530  3.6194E-01
    8.540  3.6241E-01
    8.550  3.6326E-01
    8.560  3.6410E-01
    8.570  3.6480E-01
    8.580  3.6530E-01
    8.590  3.6555E-01
    8.600  3.6559E-01
    8.610  3.6566E-01
    8.620  3.6600E-01
    8.630  3.6657E-01
    8.640  3.6720E-01
    8.650  3.6789E-01
    8.660  3.6875E-01
    8.670  3.6999E-01
    8.680  3.7167E-01
    8.690  3.7324E-01
    8.700  3.7419E-01
    8.710  3.7465E-01
    8.720  3.7500E-01
    8.730  3.7547E-01
    8.740  3.7617E-01
    8.750  3.7713E-01
    8.760  3.7813E-01
    8.770  3.7881E-01
    8.780  3.7907E-01
    8.790  3.7918E-01
    8.800  3.7938E-01
    8.810  3.7991E-01
    8.820  3.8065E-01
    8.830  3.8116E-01
    8.840  3.8131E-01
    8.850  3.8133E-01
    8.860  3.8162E-01
    8.870  3.8258E-01
    8.880  3.8406E-01
    8.890  3.8532E-01
    8.900  3.8587E-01
    8.910  3.8593E-01
    8.920  3.8601E-01
    8.930  3.8635E-01
    8.940  3.8697E-01
    8.950  3.8784E-01
    8.960  3.8881E-01
    8.970  3.8947E-01
    8.980  3.8961E-01
    8.990  3.8981E-01
    9.000  3.9094E-01
    9.010  3.9309E-01
    9.020  3.9564E-01
    9.030  3.9805E-01
    9.040  4.0005E-01
    9.050  4.0141E-01
    9.060  4.0203E-01
    9.070  4.0214E-01
    9.080  4.0216E-01
    9.090  4.0223E-01
    9.100  4.0225E-01
    9.110  4.0239E-01
    9.120  4.0319E-01
    9.130  4.0498E-01
    9.140  4.0736E-01
    9.150  4.0983E-01
    9.160  4.1239E-01
    9.170  4.1512E-01
    9.180  4.1794E-01
    9.190  4.2069E-01
    9.200  4.2297E-01
    9.210  4.2442E-01
    9.220  4.2518E-01
    9.230  4.2570E-01
    9.240  4.2643E-01
    9.250  4.2793E-01
    9.260  4.3045E-01
    9.270  4.3328E-01
    9.280  4.3522E-01
    9.290  4.3589E-01
    9.300  4.3594E-01
    9.310  4.3628E-01
    9.320  4.3783E-01
    9.330  4.4137E-01
    9.340  4.4689E-01
    9.350  4.5350E-01
    9.360  4.6000E-01
    9.370  4.6574E-01
    9.380  4.7059E-01
    9.390  4.7420E-01
    9.400  4.7595E-01
    9.410  4.7628E-01
    9.420  4.7633E-01
    9.430  4.7664E-01
    9.440  4.7723E-01
    9.450  4.7818E-01
    9.460  4.7969E-01
    9.470  4.8152E-01
    9.480  4.8309E-01
    9.490  4.8416E-01
    9.500  4.8493E-01
    9.510  4.8566E-01
    9.520  4.8664E-01
    9.530  4.8826E-01
    9.540  4.9088E-01
    9.550  4.9447E-01
    9.560  4.9844E-01
    9.570  5.0226E-01
    9.580  5.0578E-01
    9.590  5.0919E-01
    9.600  5.1294E-01
    9.610  5.1726E-01
    9.620  5.2152E-01
    9.630  5.2461E-01
    9.640  5.2604E-01
    9.650  5.2637E-01
    9.660  5.2639E-01
    9.670  5.2666E-01
    9.680  5.2751E-01
    9.690  5.2916E-01
    9.700  5.3169E-01
    9.710  5.3507E-01
    9.720  5.3899E-01
    9.730  5.4272E-01
    9.740  5.4543E-01
    9.750  5.4693E-01
    9.760  5.4754E-01
    9.770  5.4770E-01
    9.780  5.4772E-01
    9.790  5.4800E-01
    9.800  5.4937E-01
    9.810  5.5272E-01
    9.820  5.5799E-01
    9.830  5.6400E-01
    9.840  5.6922E-01
    9.850  5.7260E-01
    9.860  5.7414E-01
    9.870  5.7456E-01
    9.880  5.7459E-01
    9.890  5.7461E-01
    9.900  5.7467E-01
    9.910  5.7469E-01
    9.920  5.7470E-01
    9.930  5.7470E-01
    9.940  5.7470E-01
    9.950  5.7470E-01
    9.960  5.7470E-01
    9.970  5.7471E-01
    9.980  5.7475E-01
    9.990  5.7479E-01
   10.000  5.7479E-01
   10.010  5.7489E-01
   10.020  5.7528E-01
   10.030  5.7602E-01
   10.040  5.7696E-01
   10.050  5.7806E-01
   10.060  5.7933E-01
   10.070  5.8067E-01
   10.080  5.8197E-01
   10.090  5.8332E-01
   10.100  5.8495E-01
   10.110  5.8717E-01
   10.120  5.9032E-01
   10.130  5.9491E-01
   10.140  6.0133E-01
   10.150  6.0884E-01
   10.160  6.1514E-01
   10.170  6.1845E-01
   10.180  6.1919E-01
   10.190  6.1930E-01
   10.200  6.2017E-01
   10.210  6.2173E-01
   10.220  6.2333E-01
   10.230  6.2464E-01
   10.240  6.2554E-01
   10.250  6.2599E-01
   10.260  6.2609E-01
   10.270  6.2610E-01
   10.280  6.2614E-01
   10.290  6.2619E-01
   10.300  6.2621E-01
   10.310  6.2621E-01
   10.320  6.2621E-01
   10.330  6.2623E-01
   10.340  6.2633E-01
   10.350  6.2663E-01
   10.360  6.2709E-01
   10.370  6.2756E-01
   10.380  6.2786E-01
   10.390  6.2793E-01
   10.400  6.2796E-01
   10.410  6.2822E-01
   10.420  6.2890E-01
   10.430  6.3010E-01
   10.440  6.3169E-01
   10.450  6.3338E-01
   10.460  6.3491E-01
   10.470  6.3604E-01
   10.480  6.3653E-01
   10.490  6.3659E-01
   10.500  6.3660E-01
   10.510  6.3660E-01
   10.520  6.3665E-01
   10.530  6.3679E-01
   10.540  6.3695E-01
   10.550  6.3706E-01
   10.560  6.3714E-01
   10.570  6.3723E-01
   10.580  6.3745E-01
   10.590  6.3794E-01
   10.600  6.3896E-01
   10.610  6.4095E-01
   10.620  6.4436E-01
   10.630  6.4920E-01
   10.640  6.5508E-01
   10.650  6.6205E-01
   10.660  6.7094E-01
   10.670  6.8252E-01
   10.680  6.9596E-01
   10.690  7.0898E-01
   10.700  7.1975E-01
   10.710  7.2789E-01
   10.720  7.3399E-01
   10.730  7.3869E-01
   10.740  7.4228E-01
   10.750  7.4475E-01
   10.760  7.4614E-01
   10.770  7.4677E-01
   10.780  7.4708E-01
   10.790  7.4738E-01
   10.800  7.4781E-01
   10.810  7.4827E-01
   10.820  7.4846E-01
   10.830  7.4851E-01
   10.840  7.4902E-01
   10.850  7.5024E-01
   10.860  7.5176E-01
   10.870  7.5311E-01
   10.880  7.5421E-01
   10.890  7.5525E-01
   10.900  7.5648E-01
   10.910  7.5805E-01
   10.920  7.5980E-01
   10.930  7.6125E-01
   10.940  7.6198E-01
   10.950  7.6213E-01
   10.960  7.6214E-01
   10.970  7.6215E-01
   10.980  7.6218E-01
   10.990  7.6253E-01
   11.000  7.6367E-01
   11.010  7.6561E-01
   11.020  7.6789E-01
   11.030  7.7009E-01
   11.040  7.7202E-01
   11.050  7.7367E-01
   11.060  7.7507E-01
   11.070  7.7622E-01
   11.080  7.7711E-01
   11.090  7.7790E-01
   11.100  7.7880E-01
   11.110  7.8004E-01
   11.120  7.8158E-01
   11.130  7.8313E-01
   11.140  7.8432E-01
   11.150  7.8493E-01
   11.160  7.8505E-01
   11.170  7.8511E-01
   11.180  7.8544E-01
   11.190  7.8608E-01
   11.200  7.8694E-01
   11.210  7.8797E-01
   11.220  7.8899E-01
   11.230  7.8967E-01
   11.240  7.8991E-01
   11.250  7.8993E-01
   11.260  7.9002E-01
   11.270  7.9024E-01
   11.280  7.9045E-01
   11.290  7.9058E-01
   11.300  7.9062E-01
   11.310  7.9063E-01
   11.320  7.9079E-01
   11.330  7.9125E-01
   11.340  7.9192E-01
   11.350  7.9255E-01
   11.360  7.9300E-01
   11.370  7.9319E-01
   11.380  7.9323E-01
   11.390  7.9323E-01
   11.400  7.9324E-01
   11.410  7.9325E-01
   11.420  7.9338E-01
   11.430  7.9377E-01
   11.440  7.9429E-01
   11.450  7.9469E-01
   11.460  7.9486E-01
   11.470  7.9488E-01
   11.480  7.9492E-01
   11.490  7.9515E-01
   11.500  7.9578E-01
   11.510  7.9713E-01
   11.520  7.9959E-01
   11.530  8.0328E-01
   11.540  8.0793E-01
   11.550  8.1314E-01
   11.560  8.1859E-01
   11.570  8.2402E-01
   11.580  8.2925E-01
   11.590  8.3446E-01
   11.600  8.4003E-01
   11.610  8.4608E-01
   11.620  8.5217E-01
   11.630  8.5768E-01
   11.640  8.6228E-01
   11.650  8.6580E-01
   11.660  8.6825E-01
   11.670  8.6973E-01
   11.680  8.7035E-01
   11.690  8.7049E-01
   11.700  8.7051E-01
   11.710  8.7051E-01
   11.720  8.7053E-01
   11.730  8.7055E-01
   11.740  8.7056E-01
   11.750  8.7057E-01
   11.760  8.7058E-01
   11.770  8.7068E-01
   11.780  8.7101E-01
   11.790  8.7182E-01
   11.800  8.7318E-01
   11.810  8.7486E-01
   11.820  8.7641E-01
   11.830  8.7735E-01
   11.840  8.7765E-01
   11.850  8.7767E-01
   11.860  8.7774E-01
   11.870  8.7803E-01
   11.880  8.7845E-01
   11.890  8.7883E-01
   11.900  8.7905E-01
   11.910  8.7915E-01
   11.920  8.7919E-01
   11.930  8.7925E-01
   11.940  8.7940E-01
   11.950  8.7972E-01
   11.960  8.8021E-01
   11.970  8.8073E-01
   11.980  8.8108E-01
   11.990  8.8121E-01
   12.000  8.8123E-01
   12.010  8.8131E-01
   12.020  8.8156E-01
   12.030  8.8187E-01
   12.040  8.8208E-01
   12.050  8.8219E-01
   12.060  8.8225E-01
   12.070  8.8227E-01
   12.080  8.8227E-01
   12.090  8.8227E-01
   12.100  8.8228E-01
   12.110  8.8230E-01
   12.120  8.8235E-01
   12.130  8.8246E-01
   12.140  8.8265E-01
   12.150  8.8284E-01
   12.160  8.8294E-01
   12.170  8.8295E-01
   12.180  8.8302E-01
   12.190  8.8329E-01
   12.200  8.8369E-01
   12.210  8.8406E-01
   12.220  8.8436E-01
   12.230  8.8464E-01
   12.240  8.8496E-01
   12.250  8.8535E-01
   12.260  8.8580E-01
   12.270  8.8619E-01
   12.280  8.8645E-01
   12.290  8.8656E-01
   12.300  8.8659E-01
   12.310  8.8659E-01
   12.320  8.8661E-01
   12.330  8.8667E-01
   12.340  8.8685E-01
   12.350  8.8723E-01
   12.360  8.8789E-01
   12.370  8.8880E-01
   12.380  8.8981E-01
   12.390  8.9088E-01
   12.400  8.9200E-01
   12.410  8.9324E-01
   12.420  8.9463E-01
   12.430  8.9621E-01
   12.440  8.9800E-01
   12.450  8.9991E-01
   12.460  9.0183E-01
   12.470  9.0368E-01
   12.480  9.0550E-01
   12.490  9.0743E-01
   12.500  9.0945E-01
   12.510  9.1148E-01
   12.520  9.1345E-01
   12.530  9.1527E-01
   12.540  9.1689E-01
   12.550  9.1832E-01
   12.560  9.1963E-01
   12.570  9.2102E-01
   12.580  9.2262E-01
   12.590  9.2433E-01
   12.600  9.2579E-01
   12.610  9.2685E-01
   12.620  9.2765E-01
   12.630  9.2834E-01
   12.640  9.2907E-01
   12.650  9.2989E-01
   12.660  9.3077E-01
   12.670  9.3156E-01
   12.680  9.3221E-01
   12.690  9.3274E-01
   12.700  9.3311E-01
   12.710  9.3334E-01
   12.720  9.3347E-01
   12.730  9.3352E-01
   12.740  9.3354E-01
   12.750  9.3354E-01
   12.760  9.3354E-01
   12.770  9.3356E-01
   12.780  9.3361E-01
   12.790  9.3368E-01
   12.800  9.3381E-01
   12.810  9.3397E-01
   12.820  9.3412E-01
   12.830  9.3422E-01
   12.840  9.3426E-01
   12.850  9.3426E-01
   12.860  9.3429E-01
   12.870  9.3441E-01
   12.880  9.3468E-01
   12.890  9.3506E-01
   12.900  9.3547E-01
   12.910  9.3583E-01
   12.920  9.3613E-01
   12.930  9.3638E-01
   12.940  9.3663E-01
   12.950  9.3694E-01
   12.960  9.3726E-01
   12.970  9.3754E-01
   12.980  9.3779E-01
   12.990  9.3803E-01
   13.000  9.3827E-01
   13.010  9.3850E-01
   13.020  9.3871E-01
   13.030  9.3888E-01
   13.040  9.3901E-01
   13.050  9.3913E-01
   13.060  9.3927E-01
   13.070  9.3951E-01
   13.080  9.3986E-01
   13.090  9.4029E-01
   13.100  9.4074E-01
   13.110  9.4116E-01
   13.120  9.4149E-01
   13.130  9.4169E-01
   13.140  9.4176E-01
   13.150  9.4177E-01
   13.160  9.4178E-01
   13.170  9.4178E-01
   13.180  9.4180E-01
   13.190  9.4184E-01
   13.200  9.4195E-01
   13.210  9.4214E-01
   13.220  9.4243E-01
   13.230  9.4282E-01
   13.240  9.4330E-01
   13.250  9.4388E-01
   13.260  9.4456E-01
   13.270  9.4538E-01
   13.280  9.4635E-01
   13.290  9.4742E-01
   13.300  9.4851E-01
   13.310  9.4956E-01
   13.320  9.5053E-01
   13.330  9.5142E-01
   13.340  9.5217E-01
   13.350  9.5278E-01
   13.360  9.5330E-01
   13.370  9.5378E-01
   13.380  9.5431E-01
   13.390  9.5492E-01
   13.400  9.5560E-01
   13.410  9.5636E-01
   13.420  9.5719E-01
   13.430  9.5810E-01
   13.440  9.5906E-01
   13.450  9.5999E-01
   13.460  9.6082E-01
   13.470  9.6154E-01
   13.480  9.6219E-01
   13.490  9.6281E-01
   13.500  9.6341E-01
   13.510  9.6401E-01
   13.520  9.6459E-01
   13.530  9.6511E-01
   13.540  9.6554E-01
   13.550  9.6587E-01
   13.560  9.6607E-01
   13.570  9.6616E-01
   13.580  9.6618E-01
   13.590  9.6618E-01
   13.600  9.6619E-01
   13.610  9.6622E-01
   13.620  9.6625E-01
   13.630  9.6627E-01
   13.640  9.6628E-01
   13.650  9.6628E-01
   13.660  9.6629E-01
   13.670  9.6632E-01
   13.680  9.6636E-01
   13.690  9.6643E-01
   13.700  9.6656E-01
   13.710  9.6679E-01
   13.720  9.6719E-01
   13.730  9.6777E-01
   13.740  9.6852E-01
   13.750  9.6936E-01
   13.760  9.7026E-01
   13.770  9.7116E-01
   13.780  9.7203E-01
   13.790  9.7284E-01
   13.800  9.7357E-01
   13.810  9.7419E-01
   13.820  9.7468E-01
   13.830  9.7504E-01
   13.840  9.7531E-01
   13.850  9.7552E-01
   13.860  9.7569E-01
   13.870  9.7580E-01
   13.880  9.7587E-01
   13.890  9.7590E-01
   13.900  9.7592E-01
   13.910  9.7594E-01
   13.920  9.7599E-01
   13.930  9.7606E-01
   13.940  9.7616E-01
   13.950  9.7631E-01
   13.960  9.7650E-01
   13.970  9.7677E-01
   13.980  9.7708E-01
   13.990  9.7735E-01
   14.000  9.7756E-01
   14.010  9.7769E-01
   14.020  9.7778E-01
   14.030  9.7783E-01
   14.040  9.7786E-01
   14.050  9.7786E-01
   14.060  9.7787E-01
   14.070  9.7792E-01
   14.080  9.7807E-01
   14.090  9.7829E-01
   14.100  9.7853E-01
   14.110  9.7876E-01
   14.120  9.7895E-01
   14.130  9.7909E-01
   14.140  9.7918E-01
   14.150  9.7925E-01
   14.160  9.7931E-01
   14.170  9.7937E-01
   14.180  9.7946E-01
   14.190  9.7959E-01
   14.200  9.7978E-01
   14.210  9.8008E-01
   14.220  9.8047E-01
   14.230  9.8095E-01
   14.240  9.8148E-01
   14.250  9.8202E-01
   14.260  9.8256E-01
   14.270  9.8307E-01
   14.280  9.8356E-01
   14.290  9.8402E-01
   14.300  9.8443E-01
   14.310  9.8481E-01
   14.320  9.8514E-01
   14.330  9.8543E-01
   14.340  9.8568E-01
   14.350  9.8589E-01
   14.360  9.8605E-01
   14.370  9.8618E-01
   14.380  9.8630E-01
   14.390  9.8644E-01
   14.400  9.8659E-01
   14.410  9.8673E-01
   14.420  9.8684E-01
   14.430  9.8691E-01
   14.440  9.8696E-01
   14.450  9.8699E-01
   14.460  9.8701E-01
   14.470  9.8702E-01
   14.480  9.8704E-01
   14.490  9.8705E-01
   14.500  9.8705E-01
   14.510  9.8706E-01
   14.520  9.8706E-01
   14.530  9.8707E-01
   14.540  9.8708E-01
   14.550  9.8708E-01
   14.560  9.8708E-01
   14.570  9.8709E-01
   14.580  9.8714E-01
   14.590  9.8726E-01
   14.600  9.8749E-01
   14.610  9.8781E-01
   14.620  9.8822E-01
   14.630  9.8867E-01
   14.640  9.8913E-01
   14.650  9.8958E-01
   14.660  9.9002E-01
   14.670  9.9039E-01
   14.680  9.9071E-01
   14.690  9.9098E-01
   14.700  9.9124E-01
   14.710  9.9151E-01
   14.720  9.9179E-01
   14.730  9.9207E-01
   14.740  9.9233E-01
   14.750  9.9254E-01
   14.760  9.9269E-01
   14.770  9.9280E-01
   14.780  9.9289E-01
   14.790  9.9296E-01
   14.800  9.9301E-01
   14.810  9.9303E-01
   14.820  9.9306E-01
   14.830  9.9308E-01
   14.840  9.9312E-01
   14.850  9.9316E-01
   14.860  9.9321E-01
   14.870  9.9327E-01
   14.880  9.9331E-01
   14.890  9.9333E-01
   14.900  9.9333E-01
   14.910  9.9333E-01
   14.920  9.9334E-01
   14.930  9.9335E-01
   14.940  9.9338E-01
   14.950  9.9343E-01
   14.960  9.9348E-01
   14.970  9.9353E-01
   14.980  9.9357E-01
   14.990  9.9359E-01
   15.000  9.9359E-01
   15.010  9.9359E-01
   15.020  9.9361E-01
   15.030  9.9365E-01
   15.040  9.9372E-01
   15.050  9.9379E-01
   15.060  9.9384E-01
   15.070  9.9388E-01
   15.080  9.9390E-01
   15.090  9.9392E-01
   15.100  9.9393E-01
   15.110  9.9393E-01
   15.120  9.9393E-01
   15.130  9.9395E-01
   15.140  9.9398E-01
   15.150  9.9402E-01
   15.160  9.9406E-01
   15.170  9.9411E-01
   15.180  9.9421E-01
   15.190  9.9435E-01
   15.200  9.9454E-01
   15.210  9.9472E-01
   15.220  9.9487E-01
   15.230  9.9499E-01
   15.240  9.9508E-01
   15.250  9.9515E-01
   15.260  9.9522E-01
   15.270  9.9529E-01
   15.280  9.9536E-01
   15.290  9.9543E-01
   15.300  9.9547E-01
   15.310  9.9550E-01
   15.320  9.9550E-01
   15.330  9.9550E-01
   15.340  9.9550E-01
   15.350  9.9550E-01
   15.360  9.9550E-01
   15.370  9.9550E-01
   15.380  9.9550E-01
   15.390  9.9550E-01
   15.400  9.9551E-01
   15.410  9.9551E-01
   15.420  9.9552E-01
   15.430  9.9555E-01
   15.440  9.9561E-01
   15.450  9.9572E-01
   15.460  9.9589E-01
   15.470  9.9609E-01
   15.480  9.9630E-01
   15.490  9.9648E-01
   15.500  9.9662E-01
   15.510  9.9673E-01
   15.520  9.9679E-01
   15.530  9.9684E-01
   15.540  9.9687E-01
   15.550  9.9689E-01
   15.560  9.9691E-01
   15.570  9.9695E-01
   15.580  9.9700E-01
   15.590  9.9706E-01
   15.600  9.9714E-01
   15.610  9.9721E-01
   15.620  9.9729E-01
   15.630  9.9738E-01
   15.640  9.9747E-01
   15.650  9.9754E-01
   15.660  9.9761E-01
   15.670  9.9766E-01
   15.680  9.9770E-01
   15.690  9.9773E-01
   15.700  9.9775E-01
   15.710  9.9778E-01
   15.720  9.9780E-01
   15.730  9.9780E-01
   15.740  9.9781E-01
   15.750  9.9781E-01
   15.760  9.9783E-01
   15.770  9.9786E-01
   15.780  9.9790E-01
   15.790  9.9795E-01
   15.800  9.9799E-01
   15.810  9.9803E-01
   15.820  9.9807E-01
   15.830  9.9811E-01
   15.840  9.9813E-01
   15.850  9.9813E-01
   15.860  9.9813E-01
   15.870  9.9814E-01
   15.880  9.9818E-01
   15.890  9.9824E-01
   15.900  9.9833E-01
   15.910  9.9842E-01
   15.920  9.9849E-01
   15.930  9.9854E-01
   15.940  9.9857E-01
   15.950  9.9858E-01
   15.960  9.9858E-01
   15.970  9.9858E-01
   15.980  9.9859E-01
   15.990  9.9860E-01
   16.000  9.9861E-01
   16.010  9.9863E-01
   16.020  9.9866E-01
   16.030  9.9871E-01
   16.040  9.9879E-01
   16.050  9.9888E-01
   16.060  9.9897E-01
   16.070  9.9905E-01
   16.080  9.9911E-01
   16.090  9.9914E-01
   16.100  9.9916E-01
   16.110  9.9917E-01
   16.120  9.9917E-01
   16.130  9.9917E-01
   16.140  9.9917E-01
   16.150  9.9917E-01
   16.160  9.9918E-01
   16.170  9.9920E-01
   16.180  9.9922E-01
   16.190  9.9925E-01
   16.200  9.9926E-01
   16.210  9.9927E-01
   16.220  9.9928E-01
   16.230  9.9929E-01
   16.240  9.9929E-01
   16.250  9.9929E-01
   16.260  9.9930E-01
   16.270  9.9930E-01
   16.280  9.9931E-01
   16.290  9.9931E-01
   16.300  9.9931E-01
   16.310  9.9932E-01
   16.320  9.9933E-01
   16.330  9.9934E-01
   16.340  9.9935E-01
   16.350  9.9935E-01
   16.360  9.9936E-01
   16.370  9.9936E-01
   16.380  9.9936E-01
   16.390  9.9936E-01
   16.400  9.9936E-01
   16.410  9.9936E-01
   16.420  9.9936E-01
   16.430  9.9936E-01
   16.440  9.9936E-01
   16.450  9.9936E-01
   16.460  9.9937E-01
   16.470  9.9937E-01
   16.480  9.9938E-01
   16.490  9.9938E-01
   16.500  9.9940E-01
   16.510  9.9941E-01
   16.520  9.9942E-01
   16.530  9.9943E-01
   16.540  9.9943E-01
   16.550  9.9943E-01
   16.560  9.9944E-01
   16.570  9.9945E-01
   16.580  9.9945E-01
   16.590  9.9946E-01
   16.600  9.9946E-01
   16.610  9.9947E-01
   16.620  9.9947E-01
   16.630  9.9947E-01
   16.640  9.9947E-01
   16.650  9.9947E-01
   16.660  9.9947E-01
   16.670  9.9948E-01
   16.680  9.9948E-01
   16.690  9.9949E-01
   16.700  9.9949E-01
   16.710  9.9949E-01
   16.720  9.9949E-01
   16.730  9.9949E-01
   16.740  9.9949E-01
   16.750  9.9950E-01
   16.760  9.9950E-01
   16.770  9.9951E-01
   16.780  9.9952E-01
   16.790  9.9952E-01
   16.800  9.9953E-01
   16.810  9.9953E-01
   16.820  9.9954E-01
   16.830  9.9954E-01
   16.840  9.9954E-01
   16.850  9.9954E-01
   16.860  9.9954E-01
   16.870  9.9955E-01
   16.880  9.9955E-01
   16.890  9.9955E-01
   16.900  9.9956E-01
   16.910  9.9956E-01
   16.920  9.9957E-01
   16.930  9.9957E-01
   16.940  9.9958E-01
   16.950  9.9958E-01
   16.960  9.9958E-01
   16.970  9.9958E-01
   16.980  9.9958E-01
   16.990  9.9958E-01
   17.000  9.9958E-01
   17.010  9.9958E-01
   17.020  9.9958E-01
   17.030  9.9958E-01
   17.040  9.9958E-01
   17.050  9.9958E-01
   17.060  9.9958E-01
   17.070  9.9958E-01
   17.080  9.9958E-01
   17.090  9.9958E-01
   17.100  9.9958E-01
   17.110  9.9958E-01
   17.120  9.9958E-01
   17.130  9.9958E-01
   17.140  9.9959E-01
   17.150  9.9959E-01
   17.160  9.9959E-01
   17.170  9.9959E-01
   17.180  9.9960E-01
   17.190  9.9960E-01
   17.200  9.9960E-01
   17.210  9.9960E-01
   17.220  9.9960E-01
   17.230  9.9960E-01
   17.240  9.9960E-01
   17.250  9.9960E-01
   17.260  9.9960E-01
   17.270  9.9960E-01
   17.280  9.9961E-01
   17.290  9.9961E-01
   17.300  9.9961E-01
   17.310  9.9961E-01
   17.320  9.9961E-01
   17.330  9.9961E-01
   17.340  9.9961E-01
   17.350  9.9961E-01
   17.360  9.9961E-01
   17.370  9.9961E-01
   17.380  9.9961E-01
   17.390  9.9961E-01
   17.400  9.9961E-01
   17.410  9.9961E-01
   17.420  9.9961E-01
   17.430  9.9961E-01
   17.440  9.9961E-01
   17.450  9.9961E-01
   17.460  9.9961E-01
   17.470  9.9962E-01
   17.480  9.9962E-01
   17.490  9.9962E-01
   17.500  9.9962E-01
   17.510  9.9962E-01
   17.520  9.9962E-01
   17.530  9.9963E-01
   17.540  9.9963E-01
   17.550  9.9963E-01
   17.560  9.9963E-01
   17.570  9.9964E-01
   17.580  9.9964E-01
   17.590  9.9964E-01
   17.600  9.9964E-01
   17.610  9.9964E-01
   17.620  9.9964E-01
   17.630  9.9964E-01
   17.640  9.9964E-01
   17.650  9.9964E-01
   17.660  9.9964E-01
   17.670  9.9964E-01
   17.680  9.9964E-01
   17.690  9.9964E-01
   17.700  9.9965E-01
   17.710  9.9965E-01
   17.720  9.9965E-01
   17.730  9.9965E-01
   17.740  9.9965E-01
   17.750  9.9965E-01
   17.760  9.9965E-01
   17.770  9.9965E-01
   17.780  9.9965E-01
   17.790  9.9965E-01
   17.800  9.9965E-01
   17.810  9.9965E-01
   17.820  9.9965E-01
   17.830  9.9965E-01
   17.840  9.9965E-01
   17.850  9.9965E-01
   17.860  9.9965E-01
   17.870  9.9965E-01
   17.880  9.9965E-01
   17.890  9.9965E-01
   17.900  9.9965E-01
   17.910  9.9965E-01
   17.920  9.9965E-01
   17.930  9.9965E-01
   17.940  9.9965E-01
   17.950  9.9965E-01
   17.960  9.9965E-01
   17.970  9.9965E-01
   17.980  9.9965E-01
   17.990  9.9965E-01
   18.000  9.9965E-01
   18.010  9.9965E-01
   18.020  9.9966E-01
   18.030  9.9966E-01
   18.040  9.9966E-01
   18.050  9.9966E-01
   18.060  9.9966E-01
   18.070  9.9966E-01
   18.080  9.9966E-01
   18.090  9.9966E-01
   18.100  9.9966E-01
   18.110  9.9966E-01
   18.120  9.9967E-01
   18.130  9.9967E-01
   18.140  9.9967E-01
   18.150  9.9967E-01
   18.160  9.9967E-01
   18.170  9.9968E-01
   18.180  9.9968E-01
   18.190  9.9968E-01
   18.200  9.9968E-01
   18.210  9.9968E-01
   18.220  9.9968E-01
   18.230  9.9968E-01
   18.240  9.9968E-01
   18.250  9.9968E-01
   18.260  9.9968E-01
   18.270  9.9968E-01
   18.280  9.9968E-01
   18.290  9.9968E-01
   18.300  9.9968E-01
   18.310  9.9968E-01
   18.320  9.9968E-01
   18.330  9.9968E-01
   18.340  9.9968E-01
   18.350  9.9969E-01
   18.360  9.9969E-01
   18.370  9.9969E-01
   18.380  9.9969E-01
   18.390  9.9969E-01
   18.400  9.9969E-01
   18.410  9.9969E-01
   18.420  9.9969E-01
   18.430  9.9969E-01
   18.440  9.9969E-01
   18.450  9.9969E-01
   18.460  9.9969E-01
   18.470  9.9969E-01
   18.480  9.9969E-01
   18.490  9.9969E-01
   18.500  9.9969E-01
   18.510  9.9969E-01
   18.520  9.9969E-01
   18.530  9.9970E-01
   18.540  9.9970E-01
   18.550  9.9970E-01
   18.560  9.9970E-01
   18.570  9.9970E-01
   18.580  9.9970E-01
   18.590  9.9970E-01
   18.600  9.9970E-01
   18.610  9.9970E-01
   18.620  9.9970E-01
   18.630  9.9970E-01
   18.640  9.9970E-01
   18.650  9.9970E-01
   18.660  9.9970E-01
   18.670  9.9970E-01
   18.680  9.9970E-01
   18.690  9.9970E-01
   18.700  9.9970E-01
   18.710  9.9970E-01
   18.720  9.9971E-01
   18.730  9.9971E-01
   18.740  9.9971E-01
   18.750  9.9971E-01
   18.760  9.9971E-01
   18.770  9.9971E-01
   18.780  9.9971E-01
   18.790  9.9971E-01
   18.800  9.9971E-01
   18.810  9.9971E-01
   18.820  9.9971E-01
   18.830  9.9971E-01
   18.840  9.9971E-01
   18.850  9.9971E-01
   18.860  9.9971E-01
   18.870  9.9971E-01
   18.880  9.9971E-01
   18.890  9.9971E-01
   18.900  9.9971E-01
   18.910  9.9971E-01
   18.920  9.9971E-01
   18.930  9.9971E-01
   18.940  9.9971E-01
   18.950  9.9972E-01
   18.960  9.9972E-01
   18.970  9.9972E-01
   18.980  9.9973E-01
   18.990  9.9973E-01
   19.000  9.9974E-01
   19.010  9.9974E-01
   19.020  9.9974E-01
   19.030  9.9975E-01
   19.040  9.9975E-01
   19.050  9.9975E-01
   19.060  9.9975E-01
   19.070  9.9975E-01
   19.080  9.9975E-01
   19.090  9.9975E-01
   19.100  9.9975E-01
   19.110  9.9975E-01
   19.120  9.9975E-01
   19.130  9.9975E-01
   19.140  9.9975E-01
   19.150  9.9976E-01
   19.160  9.9976E-01
   19.170  9.9976E-01
   19.180  9.9976E-01
   19.190  9.9976E-01
   19.200  9.9976E-01
   19.210  9.9976E-01
   19.220  9.9976E-01
   19.230  9.9976E-01
   19.240  9.9976E-01
   19.250  9.9976E-01
   19.260  9.9976E-01
   19.270  9.9976E-01
   19.280  9.9976E-01
   19.290  9.9976E-01
   19.300  9.9976E-01
   19.310  9.9976E-01
   19.320  9.9976E-01
   19.330  9.9977E-01
   19.340  9.9977E-01
   19.350  9.9977E-01
   19.360  9.9977E-01
   19.370  9.9977E-01
   19.380  9.9977E-01
   19.390  9.9977E-01
   19.400  9.9977E-01
   19.410  9.9977E-01
   19.420  9.9977E-01
   19.430  9.9977E-01
   19.440  9.9977E-01
   19.450  9.9977E-01
   19.460  9.9977E-01
   19.470  9.9977E-01
   19.480  9.9977E-01
   19.490  9.9977E-01
   19.500  9.9977E-01
   19.510  9.9977E-01
   19.520  9.9977E-01
   19.530  9.9977E-01
   19.540  9.9977E-01
   19.550  9.9977E-01
   19.560  9.9977E-01
   19.570  9.9977E-01
   19.580  9.9977E-01
   19.590  9.9977E-01
   19.600  9.9977E-01
   19.610  9.9977E-01
   19.620  9.9977E-01
   19.630  9.9977E-01
   19.640  9.9977E-01
   19.650  9.9977E-01
   19.660  9.9977E-01
   19.670  9.9978E-01
   19.680  9.9978E-01
   19.690  9.9978E-01
   19.700  9.9978E-01
   19.710  9.9978E-01
   19.720  9.9978E-01
   19.730  9.9978E-01
   19.740  9.9978E-01
   19.750  9.9978E-01
   19.760  9.9978E-01
   19.770  9.9978E-01
   19.780  9.9978E-01
   19.790  9.9978E-01
   19.800  9.9978E-01
   19.810  9.9978E-01
   19.820  9.9978E-01
   19.830  9.9978E-01
   19.840  9.9979E-01
   19.850  9.9979E-01
   19.860  9.9979E-01
   19.870  9.9979E-01
   19.880  9.9979E-01
   19.890  9.9980E-01
   19.900  9.9980E-01
   19.910  9.9980E-01
   19.920  9.9980E-01
   19.930  9.9980E-01
   19.940  9.9980E-01
   19.950  9.9980E-01
   19.960  9.9980E-01
   19.970  9.9980E-01
   19.980  9.9980E-01
   19.990  9.9980E-01
   20.000  9.9980E-01
   20.010  9.9980E-01
   20.020  9.9980E-01
   20.030  9.9980E-01
   20.040  9.9980E-01
   20.050  9.9980E-01
   20.060  9.9980E-01
   20.070  9.9980E-01
   20.080  9.9980E-01
   20.090  9.9980E-01
   20.100  9.9980E-01
   20.110  9.9980E-01
   20.120  9.9980E-01
   20.130  9.9980E-01
   20.140  9.9980E-01
   20.150  9.9980E-01
   20.160  9.9980E-01
   20.170  9.9980E-01
   20.180  9.9980E-01
   20.190  9.9981E-01
   20.200  9.9981E-01
   20.210  9.9981E-01
   20.220  9.9981E-01
   20.230  9.9981E-01
   20.240  9.9981E-01
   20.250  9.9981E-01
   20.260  9.9981E-01
   20.270  9.9981E-01
   20.280  9.9981E-01
   20.290  9.9981E-01
   20.300  9.9981E-01
   20.310  9.9981E-01
   20.320  9.9981E-01
   20.330  9.9981E-01
   20.340  9.9981E-01
   20.350  9.9981E-01
   20.360  9.9981E-01
   20.370  9.9981E-01
   20.380  9.9981E-01
   20.390  9.9981E-01
   20.400  9.9981E-01
   20.410  9.9981E-01
   20.420  9.9981E-01
   20.430  9.9981E-01
   20.440  9.9981E-01
   20.450  9.9981E-01
   20.460  9.9981E-01
   20.470  9.9981E-01
   20.480  9.9981E-01
   20.490  9.9981E-01
   20.500  9.9981E-01
   20.510  9.9981E-01
   20.520  9.9981E-01
   20.530  9.9981E-01
   20.540  9.9981E-01
   20.550  9.9981E-01
   20.560  9.9981E-01
   20.570  9.9981E-01
   20.580  9.9981E-01
   20.590  9.9981E-01
   20.600  9.9981E-01
   20.610  9.9981E-01
   20.620  9.9981E-01
   20.630  9.9981E-01
   20.640  9.9981E-01
   20.650  9.9981E-01
   20.660  9.9981E-01
   20.670  9.9981E-01
   20.680  9.9981E-01
   20.690  9.9981E-01
   20.700  9.9981E-01
   20.710  9.9981E-01
   20.720  9.9981E-01
   20.730  9.9981E-01
   20.740  9.9981E-01
   20.750  9.9981E-01
   20.760  9.9981E-01
   20.770  9.9981E-01
   20.780  9.9981E-01
   20.790  9.9981E-01
   20.800  9.9981E-01
   20.810  9.9981E-01
   20.820  9.9981E-01
   20.830  9.9981E-01
   20.840  9.9981E-01
   20.850  9.9981E-01
   20.860  9.9981E-01
   20.870  9.9981E-01
   20.880  9.9981E-01
   20.890  9.9981E-01
   20.900  9.9981E-01
   20.910  9.9981E-01
   20.920  9.9981E-01
   20.930  9.9981E-01
   20.940  9.9981E-01
   20.950  9.9981E-01
   20.960  9.9981E-01
   20.970  9.9981E-01
   20.980  9.9981E-01
   20.990  9.9981E-01
   21.000  9.9981E-01
   21.010  9.9981E-01
   21.020  9.9981E-01
   21.030  9.9981E-01
   21.040  9.9982E-01
   21.050  9.9982E-01
   21.060  9.9982E-01
   21.070  9.9982E-01
   21.080  9.9982E-01
   21.090  9.9982E-01
   21.100  9.9982E-01
   21.110  9.9982E-01
   21.120  9.9982E-01
   21.130  9.9982E-01
   21.140  9.9982E-01
   21.150  9.9982E-01
   21.160  9.9982E-01
   21.170  9.9982E-01
   21.180  9.9982E-01
   21.190  9.9982E-01
   21.200  9.9982E-01
   21.210  9.9982E-01
   21.220  9.9982E-01
   21.230  9.9982E-01
   21.240  9.9982E-01
   21.250  9.9982E-01
   21.260  9.9983E-01
   21.270  9.9983E-01
   21.280  9.9983E-01
   21.290  9.9983E-01
   21.300  9.9983E-01
   21.310  9.9983E-01
   21.320  9.9983E-01
   21.330  9.9983E-01
   21.340  9.9983E-01
   21.350  9.9983E-01
   21.360  9.9983E-01
   21.370  9.9983E-01
   21.380  9.9983E-01
   21.390  9.9983E-01
   21.400  9.9983E-01
   21.410  9.9983E-01
   21.420  9.9983E-01
   21.430  9.9983E-01
   21.440  9.9983E-01
   21.450  9.9984E-01
   21.460  9.9984E-01
   21.470  9.9984E-01
   21.480  9.9984E-01
   21.490  9.9984E-01
   21.500  9.9984E-01
   21.510  9.9984E-01
   21.520  9.9984E-01
   21.530  9.9984E-01
   21.540  9.9985E-01
   21.550  9.9985E-01
   21.560  9.9985E-01
   21.570  9.9985E-01
   21.580  9.9985E-01
   21.590  9.9985E-01
   21.600  9.9985E-01
   21.610  9.9985E-01
   21.620  9.9985E-01
   21.630  9.9985E-01
   21.640  9.9985E-01
   21.650  9.9985E-01
   21.660  9.9985E-01
   21.670  9.9985E-01
   21.680  9.9985E-01
   21.690  9.9986E-01
   21.700  9.9986E-01
   21.710  9.9986E-01
   21.720  9.9986E-01
   21.730  9.9986E-01
   21.740  9.9986E-01
   21.750  9.9986E-01
   21.760  9.9986E-01
   21.770  9.9986E-01
   21.780  9.9986E-01
   21.790  9.9986E-01
   21.800  9.9986E-01
   21.810  9.9986E-01
   21.820  9.9986E-01
   21.830  9.9986E-01
   21.840  9.9986E-01
   21.850  9.9986E-01
   21.860  9.9986E-01
   21.870  9.9986E-01
   21.880  9.9986E-01
   21.890  9.9986E-01
   21.900  9.9986E-01
   21.910  9.9986E-01
   21.920  9.9986E-01
   21.930  9.9986E-01
   21.940  9.9986E-01
   21.950  9.9986E-01
   21.960  9.9986E-01
   21.970  9.9986E-01
   21.980  9.9986E-01
   21.990  9.9986E-01
   22.000  9.9986E-01
   22.010  9.9986E-01
   22.020  9.9986E-01
   22.030  9.9986E-01
   22.040  9.9986E-01
   22.050  9.9986E-01
   22.060  9.9986E-01
   22.070  9.9986E-01
   22.080  9.9986E-01
   22.090  9.9986E-01
   22.100  9.9986E-01
   22.110  9.9986E-01
   22.120  9.9986E-01
   22.130  9.9986E-01
   22.140  9.9986E-01
   22.150  9.9986E-01
   22.160  9.9986E-01
   22.170  9.9986E-01
   22.180  9.9986E-01
   22.190  9.9987E-01
   22.200  9.9987E-01
   22.210  9.9987E-01
   22.220  9.9987E-01
   22.230  9.9987E-01
   22.240  9.9987E-01
   22.250  9.9987E-01
   22.260  9.9987E-01
   22.270  9.9987E-01
   22.280  9.9987E-01
   22.290  9.9987E-01
   22.300  9.9987E-01
   22.310  9.9987E-01
   22.320  9.9987E-01
   22.330  9.9987E-01
   22.340  9.9987E-01
   22.350  9.9987E-01
   22.360  9.9987E-01
   22.370  9.9987E-01
   22.380  9.9987E-01
   22.390  9.9987E-01
   22.400  9.9987E-01
   22.410  9.9987E-01
   22.420  9.9987E-01
   22.430  9.9988E-01
   22.440  9.9988E-01
   22.450  9.9988E-01
   22.460  9.9988E-01
   22.470  9.9988E-01
   22.480  9.9988E-01
   22.490  9.9989E-01
   22.500  9.9989E-01
   22.510  9.9989E-01
   22.520  9.9989E-01
   22.530  9.9989E-01
   22.540  9.9989E-01
   22.550  9.9989E-01
   22.560  9.9989E-01
   22.570  9.9989E-01
   22.580  9.9989E-01
   22.590  9.9989E-01
   22.600  9.9989E-01
   22.610  9.9989E-01
   22.620  9.9989E-01
   22.630  9.9989E-01
   22.640  9.9989E-01
   22.650  9.9989E-01
   22.660  9.9989E-01
   22.670  9.9989E-01
   22.680  9.9989E-01
   22.690  9.9989E-01
   22.700  9.9989E-01
   22.710  9.9989E-01
   22.720  9.9989E-01
   22.730  9.9989E-01
   22.740  9.9989E-01
   22.750  9.9989E-01
   22.760  9.9989E-01
   22.770  9.9989E-01
   22.780  9.9989E-01
   22.790  9.9989E-01
   22.800  9.9989E-01
   22.810  9.9989E-01
   22.820  9.9989E-01
   22.830  9.9989E-01
   22.840  9.9989E-01
   22.850  9.9989E-01
   22.860  9.9989E-01
   22.870  9.9989E-01
   22.880  9.9990E-01
   22.890  9.9990E-01
   22.900  9.9990E-01
   22.910  9.9990E-01
   22.920  9.9990E-01
   22.930  9.9990E-01
   22.940  9.9990E-01
   22.950  9.9990E-01
   22.960  9.9990E-01
   22.970  9.9990E-01
   22.980  9.9990E-01
   22.990  9.9990E-01
   23.000  9.9990E-01
   23.010  9.9990E-01
   23.020  9.9990E-01
   23.030  9.9990E-01
   23.040  9.9990E-01
   23.050  9.9990E-01
   23.060  9.9990E-01
   23.070  9.9990E-01
   23.080  9.9990E-01
   23.090  9.9990E-01
   23.100  9.9990E-01
   23.110  9.9990E-01
   23.120  9.9990E-01
   23.130  9.9990E-01
   23.140  9.9990E-01
   23.150  9.9990E-01
   23.160  9.9990E-01
   23.170  9.9990E-01
   23.180  9.9990E-01
   23.190  9.9990E-01
   23.200  9.9990E-01
   23.210  9.9990E-01
   23.220  9.9990E-01
   23.230  9.9990E-01
   23.240  9.9990E-01
   23.250  9.9990E-01
   23.260  9.9990E-01
   23.270  9.9990E-01
   23.280  9.9991E-01
   23.290  9.9991E-01
   23.300  9.9991E-01
   23.310  9.9991E-01
   23.320  9.9991E-01
   23.330  9.9991E-01
   23.340  9.9991E-01
   23.350  9.9991E-01
   23.360  9.9991E-01
   23.370  9.9991E-01
   23.380  9.9991E-01
   23.390  9.9991E-01
   23.400  9.9992E-01
   23.410  9.9992E-01
   23.420  9.9992E-01
   23.430  9.9992E-01
   23.440  9.9992E-01
   23.450  9.9992E-01
   23.460  9.9992E-01
   23.470  9.9992E-01
   23.480  9.9992E-01
   23.490  9.9992E-01
   23.500  9.9992E-01
   23.510  9.9992E-01
   23.520  9.9992E-01
   23.530  9.9992E-01
   23.540  9.9992E-01
   23.550  9.9992E-01
   23.560  9.9992E-01
   23.570  9.9992E-01
   23.580  9.9992E-01
   23.590  9.9992E-01
   23.600  9.9992E-01
   23.610  9.9992E-01
   23.620  9.9992E-01
   23.630  9.9992E-01
   23.640  9.9992E-01
   23.650  9.9992E-01
   23.660  9.9992E-01
   23.670  9.9992E-01
   23.680  9.9992E-01
   23.690  9.9992E-01
   23.700  9.9993E-01
   23.710  9.9993E-01
   23.720  9.9993E-01
   23.730  9.9993E-01
   23.740  9.9993E-01
   23.750  9.9993E-01
   23.760  9.9993E-01
   23.770  9.9993E-01
   23.780  9.9993E-01
   23.790  9.9993E-01
   23.800  9.9993E-01
   23.810  9.9993E-01
   23.820  9.9993E-01
   23.830  9.9993E-01
   23.840  9.9993E-01
   23.850  9.9993E-01
   23.860  9.9993E-01
   23.870  9.9993E-01
   23.880  9.9993E-01
   23.890  9.9993E-01
   23.900  9.9993E-01
   23.910  9.9993E-01
   23.920  9.9993E-01
   23.930  9.9993E-01
   23.940  9.9993E-01
   23.950  9.9993E-01
   23.960  9.9993E-01
   23.970  9.9993E-01
   23.980  9.9993E-01
   23.990  9.9994E-01
   24.000  9.9994E-01
   24.010  9.9994E-01
   24.020  9.9994E-01
   24.030  9.9994E-01
   24.040  9.9994E-01
   24.050  9.9994E-01
   24.060  9.9994E-01
   24.070  9.9994E-01
   24.080  9.9994E-01
   24.090  9.9994E-01
   24.100  9.9994E-01
   24.110  9.9994E-01
   24.120  9.9994E-01
   24.130  9.9994E-01
   24.140  9.9994E-01
   24.150  9.9994E-01
   24.160  9.9995E-01
   24.170  9.9995E-01
   24.180  9.9995E-01
   24.190  9.9995E-01
   24.200  9.9995E-01
   24.210  9.9995E-01
   24.220  9.9995E-01
   24.230  9.9995E-01
   24.240  9.9995E-01
   24.250  9.9995E-01
   24.260  9.9995E-01
   24.270  9.9995E-01
   24.280  9.9995E-01
   24.290  9.9995E-01
   24.300  9.9995E-01
   24.310  9.9995E-01
   24.320  9.9995E-01
   24.330  9.9995E-01
   24.340  9.9996E-01
   24.350  9.9996E-01
   24.360  9.9996E-01
   24.370  9.9996E-01
   24.380  9.9996E-01
   24.390  9.9996E-01
   24.400  9.9996E-01
   24.410  9.9996E-01
   24.420  9.9996E-01
   24.430  9.9996E-01
   24.440  9.9996E-01
   24.450  9.9996E-01
   24.460  9.9996E-01
   24.470  9.9996E-01
   24.480  9.9996E-01
   24.490  9.9996E-01
   24.500  9.9996E-01
   24.510  9.9996E-01
   24.520  9.9996E-01
   24.530  9.9996E-01
   24.540  9.9996E-01
   24.550  9.9996E-01
   24.560  9.9996E-01
   24.570  9.9996E-01
   24.580  9.9996E-01
   24.590  9.9996E-01
   24.600  9.9996E-01
   24.610  9.9996E-01
   24.620  9.9996E-01
   24.630  9.9996E-01
   24.640  9.9996E-01
   24.650  9.9996E-01
   24.660  9.9996E-01
   24.670  9.9996E-01
   24.680  9.9997E-01
   24.690  9.9997E-01
   24.700  9.9997E-01
   24.710  9.9997E-01
   24.720  9.9997E-01
   24.730  9.9997E-01
   24.740  9.9997E-01
   24.750  9.9997E-01
   24.760  9.9997E-01
   24.770  9.9997E-01
   24.780  9.9997E-01
   24.790  9.9997E-01
   24.800  9.9997E-01
   24.810  9.9997E-01
   24.820  9.9998E-01
   24.830  9.9998E-01
   24.840  9.9998E-01
   24.850  9.9998E-01
   24.860  9.9998E-01
   24.870  9.9998E-01
   24.880  9.9998E-01
   24.890  9.9998E-01
   24.900  9.9998E-01
   24.910  9.9998E-01
   24.920  9.9998E-01
   24.930  9.9998E-01
   24.940  9.9998E-01
   24.950  9.9998E-01
   24.960  9.9998E-01
   24.970  9.9998E-01
   24.980  9.9998E-01
   24.990  9.9998E-01
   25.000  9.9998E-01
   25.010  9.9998E-01
   25.020  9.9998E-01
   25.030  9.9998E-01
   25.040  9.9998E-01
   25.050  9.9998E-01
   25.060  9.9998E-01
   25.070  9.9998E-01
   25.080  9.9998E-01
   25.090  9.9998E-01
   25.100  9.9998E-01
   25.110  9.9998E-01
   25.120  9.9998E-01
   25.130  9.9998E-01
   25.140  9.9998E-01
   25.150  9.9998E-01
   25.160  9.9998E-01
   25.170  9.9998E-01
   25.180  9.9999E-01
   25.190  9.9999E-01
   25.200  9.9999E-01
   25.210  9.9999E-01
   25.220  9.9999E-01
   25.230  9.9999E-01
   25.240  9.9999E-01
   25.250  9.9999E-01
   25.260  9.9999E-01
   25.270  9.9999E-01
   25.280  9.9999E-01
   25.290  9.9999E-01
   25.300  9.9999E-01
   25.310  9.9999E-01
   25.320  9.9999E-01
   25.330  9.9999E-01
   25.340  9.9999E-01
   25.350  9.9999E-01
   25.360  9.9999E-01
   25.370  9.9999E-01
   25.380  9.9999E-01
   25.390  9.9999E-01
   25.400  9.9999E-01
   25.410  9.9999E-01
   25.420  9.9999E-01
   25.430  9.9999E-01
   25.440  9.9999E-01
   25.450  9.9999E-01
   25.460  9.9999E-01
   25.470  9.9999E-01
   25.480  9.9999E-01
   25.490  9.9999E-01
   25.500  9.9999E-01
   25.510  9.9999E-01
   25.520  9.9999E-01
   25.530  9.9999E-01
   25.540  9.9999E-01
   25.550  9.9999E-01
   25.560  9.9999E-01
   25.570  9.9999E-01
   25.580  9.9999E-01
   25.590  9.9999E-01
   25.600  9.9999E-01
   25.610  9.9999E-01
   25.620  9.9999E-01
   25.630  9.9999E-01
   25.640  9.9999E-01
   25.650  9.9999E-01
   25.660  9.9999E-01
   25.670  9.9999E-01
   25.680  9.9999E-01
   25.690  9.9999E-01
   25.700  9.9999E-01
   25.710  9.9999E-01
   25.720  9.9999E-01
   25.730  9.9999E-01
   25.740  9.9999E-01
   25.750  9.9999E-01
   25.760  9.9999E-01
   25.770  9.9999E-01
   25.780  9.9999E-01
   25.790  9.9999E-01
   25.800  9.9999E-01
   25.810  9.9999E-01
   25.820  1.0000E+00
   25.830  1.0000E+00
   25.840  1.0000E+00
   25.850  1.0000E+00
   25.860  1.0000E+00
   25.870  1.0000E+00
   25.880  1.0000E+00
   25.890  1.0000E+00
   25.900  1.0000E+00
   25.910  1.0000E+00
   25.920  1.0000E+00
   25.930  1.0000E+00
   25.940  1.0000E+00
   25.950  1.0000E+00
   25.960  1.0000E+00
   25.970  1.0000E+00
   25.980  1.0000E+00
   25.990  1.0000E+00
   26.000  1.0000E+00
   26.010  1.0000E+00
   26.020  1.0000E+00
   26.030  1.0000E+00
   26.040  1.0000E+00
   26.050  1.0000E+00
   26.060  1.0000E+00
   26.070  1.0000E+00
   26.080  1.0000E+00
   26.090  1.0000E+00
   26.100  1.0000E+00
   26.110  1.0000E+00
   26.120  1.0000E+00
   26.130  1.0000E+00
   26.140  1.0000E+00
   26.150  1.0000E+00
   26.160  1.0000E+00
   26.170  1.0000E+00
   26.180  1.0000E+00
   26.190  1.0000E+00
   26.200  1.0000E+00
   26.210  1.0000E+00
   26.220  1.0000E+00
   26.230  1.0000E+00
   26.240  1.0000E+00
   26.250  1.0000E+00
   26.260  1.0000E+00
   26.270  1.0000E+00
   26.280  1.0000E+00
   26.290  1.0000E+00
   26.300  1.0000E+00
   26.310  1.0000E+00
   26.320  1.0000E+00
   26.330  1.0000E+00
   26.340  1.0000E+00
   26.350  1.0000E+00
   26.360  1.0000E+00
   26.370  1.0000E+00
   26.380  1.0000E+00
   26.390  1.0000E+00
   26.400  1.0000E+00
   26.410  1.0000E+00
   26.420  1.0000E+00
   26.430  1.0000E+00
   26.440  1.0000E+00
   26.450  1.0000E+00
   26.460  1.0000E+00
   26.470  1.0000E+00
   26.480  1.0000E+00
   26.490  1.0000E+00
   26.500  1.0000E+00
   26.510  1.0000E+00
   26.520  1.0000E+00
   26.530  1.0000E+00
   26.540  1.0000E+00
   26.550  1.0000E+00
   26.560  1.0000E+00
   26.570  1.0000E+00
   26.580  1.0000E+00
   26.590  1.0000E+00
   26.600  1.0000E+00
   26.610  1.0000E+00
   26.620  1.0000E+00
   26.630  1.0000E+00
   26.640  1.0000E+00
   26.650  1.0000E+00
   26.660  1.0000E+00
   26.670  1.0000E+00
   26.680  1.0000E+00
   26.690  1.0000E+00
   26.700  1.0000E+00
   26.710  1.0000E+00
   26.720  1.0000E+00
   26.730  1.0000E+00
   26.740  1.0000E+00
   26.750  1.0000E+00
   26.760  1.0000E+00
   26.770  1.0000E+00
   26.780  1.0000E+00
   26.790  1.0000E+00
   26.800  1.0000E+00
   26.810  1.0000E+00
   26.820  1.0000E+00
   26.830  1.0000E+00
   26.840  1.0000E+00
   26.850  1.0000E+00
   26.860  1.0000E+00
   26.870  1.0000E+00
   26.880  1.0000E+00
   26.890  1.0000E+00
   26.900  1.0000E+00
   26.910  1.0000E+00
   26.920  1.0000E+00
   26.930  1.0000E+00
   26.940  1.0000E+00
   26.950  1.0000E+00
   26.960  1.0000E+00
   26.970  1.0000E+00
   26.980  1.0000E+00
   26.990  1.0000E+00
   27.000  1.0000E+00
   27.010  1.0000E+00
   27.020  1.0000E+00
   27.030  1.0000E+00
   27.040  1.0000E+00
   27.050  1.0000E+00
   27.060  1.0000E+00
   27.070  1.0000E+00
   27.080  1.0000E+00
   27.090  1.0000E+00
   27.100  1.0000E+00
   27.110  1.0000E+00
   27.120  1.0000E+00
   27.130  1.0000E+00
   27.140  1.0000E+00
   27.150  1.0000E+00
   27.160  1.0000E+00
   27.170  1.0000E+00
   27.180  1.0000E+00
   27.190  1.0000E+00
   27.200  1.0000E+00
   27.210  1.0000E+00
   27.220  1.0000E+00
   27.230  1.0000E+00
   27.240  1.0000E+00
   27.250  1.0000E+00
   27.260  1.0000E+00
   27.270  1.0000E+00
   27.280  1.0000E+00
   27.290  1.0000E+00
   27.300  1.0000E+00
   27.310  1.0000E+00
   27.320  1.0000E+00
   27.330  1.0000E+00
   27.340  1.0000E+00
   27.350  1.0000E+00
   27.360  1.0000E+00
   27.370  1.0000E+00
   27.380  1.0000E+00
   27.390  1.0000E+00
   27.400  1.0000E+00
   27.410  1.0000E+00
   27.420  1.0000E+00
   27.430  1.0000E+00
   27.440  1.0000E+00
   27.450  1.0000E+00
   27.460  1.0000E+00
   27.470  1.0000E+00
   27.480  1.0000E+00
   27.490  1.0000E+00
   27.500  1.0000E+00
   27.510  1.0000E+00
   27.520  1.0000E+00
   27.530  1.0000E+00
   27.540  1.0000E+00
   27.550  1.0000E+00
   27.560  1.0000E+00
   27.570  1.0000E+00
   27.580  1.0000E+00
   27.590  1.0000E+00
   27.600  1.0000E+00
   27.610  1.0000E+00
   27.620  1.0000E+00
   27.630  1.0000E+00
   27.640  1.0000E+00
   27.650  1.0000E+00
   27.660  1.0000E+00
   27.670  1.0000E+00
   27.680  1.0000E+00
   27.690  1.0000E+00
   27.700  1.0000E+00
   27.710  1.0000E+00
   27.720  1.0000E+00
   27.730  1.0000E+00
   27.740  1.0000E+00
   27.750  1.0000E+00
   27.760  1.0000E+00
   27.770  1.0000E+00
   27.780  1.0000E+00
   27.790  1.0000E+00
   27.800  1.0000E+00
   27.810  1.0000E+00
   27.820  1.0000E+00
   27.830  1.0000E+00
   27.840  1.0000E+00
   27.850  1.0000E+00
   27.860  1.0000E+00
   27.870  1.0000E+00
   27.880  1.0000E+00
   27.890  1.0000E+00
   27.900  1.0000E+00
   27.910  1.0000E+00
   27.920  1.0000E+00
   27.930  1.0000E+00
   27.940  1.0000E+00
   27.950  1.0000E+00
   27.960  1.0000E+00
   27.970  1.0000E+00
   27.980  1.0000E+00
   27.990  1.0000E+00
   28.000  1.0000E+00
   28.010  1.0000E+00
   28.020  1.0000E+00
   28.030  1.0000E+00
   28.040  1.0000E+00
   28.050  1.0000E+00
   28.060  1.0000E+00
   28.070  1.0000E+00
   28.080  1.0000E+00
   28.090  1.0000E+00
   28.100  1.0000E+00
   28.110  1.0000E+00
   28.120  1.0000E+00
   28.130  1.0000E+00
   28.140  1.0000E+00
   28.150  1.0000E+00
   28.160  1.0000E+00
   28.170  1.0000E+00
   28.180  1.0000E+00
   28.190  1.0000E+00
   28.200  1.0000E+00
   28.210  1.0000E+00
   28.220  1.0000E+00
   28.230  1.0000E+00
   28.240  1.0000E+00
   28.250  1.0000E+00
   28.260  1.0000E+00
   28.270  1.0000E+00
   28.280  1.0000E+00
   28.290  1.0000E+00
   28.300  1.0000E+00
   28.310  1.0000E+00
   28.320  1.0000E+00
   28.330  1.0000E+00
   28.340  1.0000E+00
   28.350  1.0000E+00
   28.360  1.0000E+00
   28.370  1.0000E+00
   28.380  1.0000E+00
   28.390  1.0000E+00
   28.400  1.0000E+00
   28.410  1.0000E+00
   28.420  1.0000E+00
   28.430  1.0000E+00
   28.440  1.0000E+00
   28.450  1.0000E+00
   28.460  1.0000E+00
   28.470  1.0000E+00
   28.480  1.0000E+00
   28.490  1.0000E+00
   28.500  1.0000E+00
   28.510  1.0000E+00
   28.520  1.0000E+00
   28.530  1.0000E+00
   28.540  1.0000E+00
   28.550  1.0000E+00
   28.560  1.0000E+00
   28.570  1.0000E+00
   28.580  1.0000E+00
   28.590  1.0000E+00
   28.600  1.0000E+00
   28.610  1.0000E+00
   28.620  1.0000E+00
   28.630  1.0000E+00
   28.640  1.0000E+00
   28.650  1.0000E+00
   28.660  1.0000E+00
   28.670  1.0000E+00
   28.680  1.0000E+00
   28.690  1.0000E+00
   28.700  1.0000E+00
   28.710  1.0000E+00
   28.720  1.0000E+00
   28.730  1.0000E+00
   28.740  1.0000E+00
   28.750  1.0000E+00
   28.760  1.0000E+00
   28.770  1.0000E+00
   28.780  1.0000E+00
   28.790  1.0000E+00
   28.800  1.0000E+00
   28.810  1.0000E+00
   28.820  1.0000E+00
   28.830  1.0000E+00
   28.840  1.0000E+00
   28.850  1.0000E+00
   28.860  1.0000E+00
   28.870  1.0000E+00
   28.880  1.0000E+00
   28.890  1.0000E+00
   28.900  1.0000E+00
   28.910  1.0000E+00
   28.920  1.0000E+00
   28.930  1.0000E+00
   28.940  1.0000E+00
   28.950  1.0000E+00
   28.960  1.0000E+00
   28.970  1.0000E+00
   28.980  1.0000E+00
   28.990  1.0000E+00
   29.000  1.0000E+00
   29.010  1.0000E+00
   29.020  1.0000E+00
   29.030  1.0000E+00
   29.040  1.0000E+00
   29.050  1.0000E+00
   29.060  1.0000E+00
   29.070  1.0000E+00
   29.080  1.0000E+00
   29.090  1.0000E+00
   29.100  1.0000E+00
   29.110  1.0000E+00
   29.120  1.0000E+00
   29.130  1.0000E+00
   29.140  1.0000E+00
   29.150  1.0000E+00
   29.160  1.0000E+00
   29.170  1.0000E+00
   29.180  1.0000E+00
   29.190  1.0000E+00
   29.200  1.0000E+00
   29.210  1.0000E+00
   29.220  1.0000E+00
   29.230  1.0000E+00
   29.240  1.0000E+00
   29.250  1.0000E+00
   29.260  1.0000E+00
   29.270  1.0000E+00
   29.280  1.0000E+00
   29.290  1.0000E+00
   29.300  1.0000E+00
   29.310  1.0000E+00
   29.320  1.0000E+00
   29.330  1.0000E+00
   29.340  1.0000E+00
   29.350  1.0000E+00
   29.360  1.0000E+00
   29.370  1.0000E+00
   29.380  1.0000E+00
   29.390  1.0000E+00
   29.400  1.0000E+00
   29.410  1.0000E+00
   29.420  1.0000E+00
   29.430  1.0000E+00
   29.440  1.0000E+00
   29.450  1.0000E+00
   29.460  1.0000E+00
   29.470  1.0000E+00
   29.480  1.0000E+00
   29.490  1.0000E+00
   29.500  1.0000E+00
   29.510  1.0000E+00
   29.520  1.0000E+00
   29.530  1.0000E+00
   29.540  1.0000E+00
   29.550  1.0000E+00
   29.560  1.0000E+00
   29.570  1.0000E+00
   29.580  1.0000E+00
   29.590  1.0000E+00
   29.600  1.0000E+00
   29.610  1.0000E+00
   29.620  1.0000E+00
   29.630  1.0000E+00
   29.640  1.0000E+00
   29.650  1.0000E+00
   29.660  1.0000E+00
   29.670  1.0000E+00
   29.680  1.0000E+00
   29.690  1.0000E+00
   29.700  1.0000E+00
   29.710  1.0000E+00
   29.720  1.0000E+00
   29.730  1.0000E+00
   29.740  1.0000E+00
   29.750  1.0000E+00
   29.760  1.0000E+00
   29.770  1.0000E+00
   29.780  1.0000E+00
   29.790  1.0000E+00
   29.800  1.0000E+00
   29.810  1.0000E+00
   29.820  1.0000E+00
   29.830  1.0000E+00
   29.840  1.0000E+00
   29.850  1.0000E+00
   29.860  1.0000E+00
   29.870  1.0000E+00
   29.880  1.0000E+00
   29.890  1.0000E+00
   29.900  1.0000E+00
   29.910  1.0000E+00
   29.920  1.0000E+00
   29.930  1.0000E+00
   29.940  1.0000E+00
   29.950  1.0000E+00
   29.960  1.0000E+00
   29.970  1.0000E+00
   29.980  1.0000E+00
   29.990  1.0000E+00
   30.000  1.0000E+00
   30.010  1.0000E+00
   30.020  1.0000E+00
   30.030  1.0000E+00
   30.040  1.0000E+00
   30.050  1.0000E+00
   30.060  1.0000E+00
   30.070  1.0000E+00
   30.080  1.0000E+00
   30.090  1.0000E+00
   30.100  1.0000E+00
   30.110  1.0000E+00
   30.120  1.0000E+00
   30.130  1.0000E+00
   30.140  1.0000E+00
   30.150  1.0000E+00
   30.160  1.0000E+00
   30.170  1.0000E+00
   30.180  1.0000E+00
   30.190  1.0000E+00
   30.200  1.0000E+00
   30.210  1.0000E+00
   30.220  1.0000E+00
   30.230  1.0000E+00
   30.240  1.0000E+00
   30.250  1.0000E+00
   30.260  1.0000E+00
   30.270  1.0000E+00
   30.280  1.0000E+00
   30.290  1.0000E+00
   30.300  1.0000E+00
   30.310  1.0000E+00
   30.320  1.0000E+00
   30.330  1.0000E+00
   30.340  1.0000E+00
   30.350  1.0000E+00
   30.360  1.0000E+00
   30.370  1.0000E+00
   30.380  1.0000E+00
   30.390  1.0000E+00
   30.400  1.0000E+00
   30.410  1.0000E+00
   30.420  1.0000E+00
   30.430  1.0000E+00
   30.440  1.0000E+00
   30.450  1.0000E+00
   30.460  1.0000E+00
   30.470  1.0000E+00
   30.480  1.0000E+00
   30.490  1.0000E+00
   30.500  1.0000E+00
   30.510  1.0000E+00
   30.520  1.0000E+00
   30.530  1.0000E+00
   30.540  1.0000E+00
   30.550  1.0000E+00
   30.560  1.0000E+00
   30.570  1.0000E+00
   30.580  1.0000E+00
   30.590  1.0000E+00
   30.600  1.0000E+00
   30.610  1.0000E+00
   30.620  1.0000E+00
   30.630  1.0000E+00
   30.640  1.0000E+00
   30.650  1.0000E+00
   30.660  1.0000E+00
   30.670  1.0000E+00
   30.680  1.0000E+00
   30.690  1.0000E+00
   30.700  1.0000E+00
   30.710  1.0000E+00
   30.720  1.0000E+00
   30.730  1.0000E+00
   30.740  1.0000E+00
   30.750  1.0000E+00
   30.760  1.0000E+00
   30.770  1.0000E+00
   30.780  1.0000E+00
   30.790  1.0000E+00
   30.800  1.0000E+00
   30.810  1.0000E+00
   30.820  1.0000E+00
   30.830  1.0000E+00
   30.840  1.0000E+00
   30.850  1.0000E+00
   30.860  1.0000E+00
   30.870  1.0000E+00
   30.880  1.0000E+00
   30.890  1.0000E+00
   30.900  1.0000E+00
   30.910  1.0000E+00
   30.920  1.0000E+00
   30.930  1.0000E+00
   30.940  1.0000E+00
   30.950  1.0000E+00
   30.960  1.0000E+00
   30.970  1.0000E+00
   30.980  1.0000E+00
   30.990  1.0000E+00
   31.000  1.0000E+00
   31.010  1.0000E+00
   31.020  1.0000E+00
   31.030  1.0000E+00
   31.040  1.0000E+00
   31.050  1.0000E+00
   31.060  1.0000E+00
   31.070  1.0000E+00
   31.080  1.0000E+00
   31.090  1.0000E+00
   31.100  1.0000E+00
   31.110  1.0000E+00
   31.120  1.0000E+00
   31.130  1.0000E+00
   31.140  1.0000E+00
   31.150  1.0000E+00
   31.160  1.0000E+00
   31.170  1.0000E+00
   31.180  1.0000E+00
   31.190  1.0000E+00
   31.200  1.0000E+00
   31.210  1.0000E+00
   31.220  1.0000E+00
   31.230  1.0000E+00
   31.240  1.0000E+00
   31.250  1.0000E+00
   31.260  1.0000E+00
   31.270  1.0000E+00
   31.280  1.0000E+00
   31.290  1.0000E+00
   31.300  1.0000E+00
   31.310  1.0000E+00
   31.320  1.0000E+00
   31.330  1.0000E+00
   31.340  1.0000E+00
   31.350  1.0000E+00
   31.360  1.0000E+00
   31.370  1.0000E+00
   31.380  1.0000E+00
   31.390  1.0000E+00
   31.400  1.0000E+00
   31.410  1.0000E+00
   31.420  1.0000E+00
   31.430  1.0000E+00
   31.440  1.0000E+00
   31.450  1.0000E+00
   31.460  1.0000E+00
   31.470  1.0000E+00
   31.480  1.0000E+00
   31.490  1.0000E+00
   31.500  1.0000E+00
   31.510  1.0000E+00
   31.520  1.0000E+00
   31.530  1.0000E+00
   31.540  1.0000E+00
   31.550  1.0000E+00
   31.560  1.0000E+00
   31.570  1.0000E+00
   31.580  1.0000E+00
   31.590  1.0000E+00
   31.600  1.0000E+00
   31.610  1.0000E+00
   31.620  1.0000E+00
   31.630  1.0000E+00
   31.640  1.0000E+00
   31.650  1.0000E+00
   31.660  1.0000E+00
   31.670  1.0000E+00
   31.680  1.0000E+00
   31.690  1.0000E+00
   31.700  1.0000E+00
   31.710  1.0000E+00
   31.720  1.0000E+00
   31.730  1.0000E+00
   31.740  1.0000E+00
   31.750  1.0000E+00
   31.760  1.0000E+00
   31.770  1.0000E+00
   31.780  1.0000E+00
   31.790  1.0000E+00
   31.800  1.0000E+00
   31.810  1.0000E+00
   31.820  1.0000E+00
   31.830  1.0000E+00
   31.840  1.0000E+00
   31.850  1.0000E+00
   31.860  1.0000E+00
   31.870  1.0000E+00
   31.880  1.0000E+00
   31.890  1.0000E+00
   31.900  1.0000E+00
   31.910  1.0000E+00
   31.920  1.0000E+00
   31.930  1.0000E+00
   31.940  1.0000E+00
   31.950  1.0000E+00
   31.960  1.0000E+00
   31.970  1.0000E+00
   31.980  1.0000E+00
   31.990  1.0000E+00
   32.000  1.0000E+00
   32.010  1.0000E+00
   32.020  1.0000E+00
   32.030  1.0000E+00
   32.040  1.0000E+00
   32.050  1.0000E+00
   32.060  1.0000E+00
   32.070  1.0000E+00
   32.080  1.0000E+00
   32.090  1.0000E+00
   32.100  1.0000E+00
   32.110  1.0000E+00
   32.120  1.0000E+00
   32.130  1.0000E+00
   32.140  1.0000E+00
   32.150  1.0000E+00
   32.160  1.0000E+00
   32.170  1.0000E+00
   32.180  1.0000E+00
   32.190  1.0000E+00
   32.200  1.0000E+00
   32.210  1.0000E+00
   32.220  1.0000E+00
   32.230  1.0000E+00
   32.240  1.0000E+00
   32.250  1.0000E+00
   32.260  1.0000E+00
   32.270  1.0000E+00
   32.280  1.0000E+00
   32.290  1.0000E+00
   32.300  1.0000E+00
   32.310  1.0000E+00
   32.320  1.0000E+00
   32.330  1.0000E+00
   32.340  1.0000E+00
   32.350  1.0000E+00
   32.360  1.0000E+00
   32.370  1.0000E+00
   32.380  1.0000E+00
   32.390  1.0000E+00
   32.400  1.0000E+00
   32.410  1.0000E+00
   32.420  1.0000E+00
   32.430  1.0000E+00
   32.440  1.0000E+00
   32.450  1.0000E+00
   32.460  1.0000E+00
   32.470  1.0000E+00
   32.480  1.0000E+00
   32.490  1.0000E+00
   32.500  1.0000E+00
   32.510  1.0000E+00
   32.520  1.0000E+00
   32.530  1.0000E+00
   32.540  1.0000E+00
   32.550  1.0000E+00
   32.560  1.0000E+00
   32.570  1.0000E+00
   32.580  1.0000E+00
   32.590  1.0000E+00
   32.600  1.0000E+00
   32.610  1.0000E+00
   32.620  1.0000E+00
   32.630  1.0000E+00
   32.640  1.0000E+00
   32.650  1.0000E+00
   32.660  1.0000E+00
   32.670  1.0000E+00
   32.680  1.0000E+00
   32.690  1.0000E+00
   32.700  1.0000E+00
   32.710  1.0000E+00
   32.720  1.0000E+00
   32.730  1.0000E+00
   32.740  1.0000E+00
   32.750  1.0000E+00
   32.760  1.0000E+00
   32.770  1.0000E+00
   32.780  1.0000E+00
   32.790  1.0000E+00
   32.800  1.0000E+00
   32.810  1.0000E+00
   32.820  1.0000E+00
   32.830  1.0000E+00
   32.840  1.0000E+00
   32.850  1.0000E+00
   32.860  1.0000E+00
   32.870  1.0000E+00
   32.880  1.0000E+00
   32.890  1.0000E+00
   32.900  1.0000E+00
   32.910  1.0000E+00
   32.920  1.0000E+00
   32.930  1.0000E+00
   32.940  1.0000E+00
   32.950  1.0000E+00
   32.960  1.0000E+00
   32.970  1.0000E+00
   32.980  1.0000E+00
   32.990  1.0000E+00
   33.000  1.0000E+00
   33.010  1.0000E+00
   33.020  1.0000E+00
   33.030  1.0000E+00
   33.040  1.0000E+00
   33.050  1.0000E+00
   33.060  1.0000E+00
   33.070  1.0000E+00
   33.080  1.0000E+00
   33.090  1.0000E+00
   33.100  1.0000E+00
   33.110  1.0000E+00
   33.120  1.0000E+00
   33.130  1.0000E+00
   33.140  1.0000E+00
   33.150  1.0000E+00
   33.160  1.0000E+00
   33.170  1.0000E+00
   33.180  1.0000E+00
   33.190  1.0000E+00
   33.200  1.0000E+00
   33.210  1.0000E+00
   33.220  1.0000E+00
   33.230  1.0000E+00
   33.240  1.0000E+00
   33.250  1.0000E+00
   33.260  1.0000E+00
   33.270  1.0000E+00
   33.280  1.0000E+00
   33.290  1.0000E+00
   33.300  1.0000E+00
   33.310  1.0000E+00
   33.320  1.0000E+00
   33.330  1.0000E+00
   33.340  1.0000E+00
   33.350  1.0000E+00
   33.360  1.0000E+00
   33.370  1.0000E+00
   33.380  1.0000E+00
   33.390  1.0000E+00
   33.400  1.0000E+00
   33.410  1.0000E+00
   33.420  1.0000E+00
   33.430  1.0000E+00
   33.440  1.0000E+00
   33.450  1.0000E+00
   33.460  1.0000E+00
   33.470  1.0000E+00
   33.480  1.0000E+00
   33.490  1.0000E+00
   33.500  1.0000E+00
   33.510  1.0000E+00
   33.520  1.0000E+00
   33.530  1.0000E+00
   33.540  1.0000E+00
   33.550  1.0000E+00
   33.560  1.0000E+00
   33.570  1.0000E+00
   33.580  1.0000E+00
   33.590  1.0000E+00
   33.600  1.0000E+00
   33.610  1.0000E+00
   33.620  1.0000E+00
   33.630  1.0000E+00
   33.640  1.0000E+00
   33.650  1.0000E+00
   33.660  1.0000E+00
   33.670  1.0000E+00
   33.680  1.0000E+00
   33.690  1.0000E+00
   33.700  1.0000E+00
   33.710  1.0000E+00
   33.720  1.0000E+00
   33.730  1.0000E+00
   33.740  1.0000E+00
   33.750  1.0000E+00
   33.760  1.0000E+00
   33.770  1.0000E+00
   33.780  1.0000E+00
   33.790  1.0000E+00
   33.800  1.0000E+00
   33.810  1.0000E+00
   33.820  1.0000E+00
   33.830  1.0000E+00
   33.840  1.0000E+00
   33.850  1.0000E+00
   33.860  1.0000E+00
   33.870  1.0000E+00
   33.880  1.0000E+00
   33.890  1.0000E+00
   33.900  1.0000E+00
   33.910  1.0000E+00
   33.920  1.0000E+00
   33.930  1.0000E+00
   33.940  1.0000E+00
   33.950  1.0000E+00
   33.960  1.0000E+00
   33.970  1.0000E+00
   33.980  1.0000E+00
   33.990  1.0000E+00
   34.000  1.0000E+00
   34.010  1.0000E+00
   34.020  1.0000E+00
   34.030  1.0000E+00
   34.040  1.0000E+00
   34.050  1.0000E+00
   34.060  1.0000E+00
   34.070  1.0000E+00
   34.080  1.0000E+00
   34.090  1.0000E+00
   34.100  1.0000E+00
   34.110  1.0000E+00
   34.120  1.0000E+00
   34.130  1.0000E+00
   34.140  1.0000E+00
   34.150  1.0000E+00
   34.160  1.0000E+00
   34.170  1.0000E+00
   34.180  1.0000E+00
   34.190  1.0000E+00
   34.200  1.0000E+00
   34.210  1.0000E+00
   34.220  1.0000E+00
   34.230  1.0000E+00
   34.240  1.0000E+00
   34.250  1.0000E+00
   34.260  1.0000E+00
   34.270  1.0000E+00
   34.280  1.0000E+00
   34.290  1.0000E+00
   34.300  1.0000E+00
   34.310  1.0000E+00
   34.320  1.0000E+00
   34.330  1.0000E+00
   34.340  1.0000E+00
   34.350  1.0000E+00
   34.360  1.0000E+00
   34.370  1.0000E+00
   34.380  1.0000E+00
   34.390  1.0000E+00
   34.400  1.0000E+00
   34.410  1.0000E+00
   34.420  1.0000E+00
   34.430  1.0000E+00
   34.440  1.0000E+00
   34.450  1.0000E+00
   34.460  1.0000E+00
   34.470  1.0000E+00
   34.480  1.0000E+00
   34.490  1.0000E+00
   34.500  1.0000E+00
   34.510  1.0000E+00
   34.520  1.0000E+00
   34.530  1.0000E+00
   34.540  1.0000E+00
   34.550  1.0000E+00
   34.560  1.0000E+00
   34.570  1.0000E+00
   34.580  1.0000E+00
   34.590  1.0000E+00
   34.600  1.0000E+00
   34.610  1.0000E+00
   34.620  1.0000E+00
   34.630  1.0000E+00
   34.640  1.0000E+00
   34.650  1.0000E+00
   34.660  1.0000E+00
   34.670  1.0000E+00
   34.680  1.0000E+00
   34.690  1.0000E+00
   34.700  1.0000E+00
   34.710  1.0000E+00
   34.720  1.0000E+00
   34.730  1.0000E+00
   34.740  1.0000E+00
   34.750  1.0000E+00
   34.760  1.0000E+00
   34.770  1.0000E+00
   34.780  1.0000E+00
   34.790  1.0000E+00
   34.800  1.0000E+00
   34.810  1.0000E+00
   34.820  1.0000E+00
   34.830  1.0000E+00
   34.840  1.0000E+00
   34.850  1.0000E+00
   34.860  1.0000E+00
   34.870  1.0000E+00
   34.880  1.0000E+00
   34.890  1.0000E+00
   34.900  1.0000E+00
   34.910  1.0000E+00
   34.920  1.0000E+00
   34.930  1.0000E+00
   34.940  1.0000E+00
   34.950  1.0000E+00
   34.960  1.0000E+00
   34.970  1.0000E+00
   34.980  1.0000E+00
   34.990  1.0000E+00
   35.000  1.0000E+00
   35.010  1.0000E+00
   35.020  1.0000E+00
   35.030  1.0000E+00
   35.040  1.0000E+00
   35.050  1.0000E+00
   35.060  1.0000E+00
   35.070  1.0000E+00
   35.080  1.0000E+00
   35.090  1.0000E+00
   35.100  1.0000E+00
   35.110  1.0000E+00
   35.120  1.0000E+00
   35.130  1.0000E+00
   35.140  1.0000E+00
   35.150  1.0000E+00
   35.160  1.0000E+00
   35.170  1.0000E+00
   35.180  1.0000E+00
   35.190  1.0000E+00
   35.200  1.0000E+00
   35.210  1.0000E+00
   35.220  1.0000E+00
   35.230  1.0000E+00
   35.240  1.0000E+00
   35.250  1.0000E+00
   35.260  1.0000E+00
   35.270  1.0000E+00
   35.280  1.0000E+00
   35.290  1.0000E+00
   35.300  1.0000E+00
   35.310  1.0000E+00
   35.320  1.0000E+00
   35.330  1.0000E+00
   35.340  1.0000E+00
   35.350  1.0000E+00
   35.360  1.0000E+00
   35.370  1.0000E+00
   35.380  1.0000E+00
   35.390  1.0000E+00
   35.400  1.0000E+00
   35.410  1.0000E+00
   35.420  1.0000E+00
   35.430  1.0000E+00
   35.440  1.0000E+00
   35.450  1.0000E+00
   35.460  1.0000E+00
   35.470  1.0000E+00
   35.480  1.0000E+00
   35.490  1.0000E+00
   35.500  1.0000E+00
   35.510  1.0000E+00
   35.520  1.0000E+00
   35.530  1.0000E+00
   35.540  1.0000E+00
   35.550  1.0000E+00
   35.560  1.0000E+00
   35.570  1.0000E+00
   35.580  1.0000E+00
   35.590  1.0000E+00
   35.600  1.0000E+00
   35.610  1.0000E+00
   35.620  1.0000E+00
   35.630  1.0000E+00
   35.640  1.0000E+00
   35.650  1.0000E+00
   35.660  1.0000E+00
   35.670  1.0000E+00
   35.680  1.0000E+00
   35.690  1.0000E+00
   35.700  1.0000E+00
   35.710  1.0000E+00
   35.720  1.0000E+00
   35.730  1.0000E+00
   35.740  1.0000E+00
   35.750  1.0000E+00
   35.760  1.0000E+00
   35.770  1.0000E+00
   35.780  1.0000E+00
   35.790  1.0000E+00
   35.800  1.0000E+00
   35.810  1.0000E+00
   35.820  1.0000E+00
   35.830  1.0000E+00
   35.840  1.0000E+00
   35.850  1.0000E+00
   35.860  1.0000E+00
   35.870  1.0000E+00
   35.880  1.0000E+00
   35.890  1.0000E+00
   35.900  1.0000E+00
   35.910  1.0000E+00
   35.920  1.0000E+00
   35.930  1.0000E+00
   35.940  1.0000E+00
   35.950  1.0000E+00
   35.960  1.0000E+00
   35.970  1.0000E+00
   35.980  1.0000E+00
   35.990  1.0000E+00
   36.000  1.0000E+00
   36.010  1.0000E+00
   36.020  1.0000E+00
   36.030  1.0000E+00
   36.040  1.0000E+00
   36.050  1.0000E+00
   36.060  1.0000E+00
   36.070  1.0000E+00
   36.080  1.0000E+00
   36.090  1.0000E+00
   36.100  1.0000E+00
   36.110  1.0000E+00
   36.120  1.0000E+00
   36.130  1.0000E+00
   36.140  1.0000E+00
   36.150  1.0000E+00
   36.160  1.0000E+00
   36.170  1.0000E+00
   36.180  1.0000E+00
   36.190  1.0000E+00
   36.200  1.0000E+00
   36.210  1.0000E+00
   36.220  1.0000E+00
   36.230  1.0000E+00
   36.240  1.0000E+00
   36.250  1.0000E+00
   36.260  1.0000E+00
   36.270  1.0000E+00
   36.280  1.0000E+00
   36.290  1.0000E+00
   36.300  1.0000E+00
   36.310  1.0000E+00
   36.320  1.0000E+00
   36.330  1.0000E+00
   36.340  1.0000E+00
   36.350  1.0000E+00
   36.360  1.0000E+00
   36.370  1.0000E+00
   36.380  1.0000E+00
   36.390  1.0000E+00
   36.400  1.0000E+00
   36.410  1.0000E+00
   36.420  1.0000E+00
   36.430  1.0000E+00
   36.440  1.0000E+00
   36.450  1.0000E+00
   36.460  1.0000E+00
   36.470  1.0000E+00
   36.480  1.0000E+00
   36.490  1.0000E+00
   36.500  1.0000E+00
   36.510  1.0000E+00
   36.520  1.0000E+00
   36.530  1.0000E+00
   36.540  1.0000E+00
   36.550  1.0000E+00
   36.560  1.0000E+00
   36.570  1.0000E+00
   36.580  1.0000E+00
   36.590  1.0000E+00
   36.600  1.0000E+00
   36.610  1.0000E+00
   36.620  1.0000E+00
   36.630  1.0000E+00
   36.640  1.0000E+00
   36.650  1.0000E+00
   36.660  1.0000E+00
   36.670  1.0000E+00
   36.680  1.0000E+00
   36.690  1.0000E+00
   36.700  1.0000E+00
   36.710  1.0000E+00
   36.720  1.0000E+00
   36.730  1.0000E+00
   36.740  1.0000E+00
   36.750  1.0000E+00
   36.760  1.0000E+00
   36.770  1.0000E+00
   36.780  1.0000E+00
   36.790  1.0000E+00
   36.800  1.0000E+00
   36.810  1.0000E+00
   36.820  1.0000E+00
   36.830  1.0000E+00
   36.840  1.0000E+00
   36.850  1.0000E+00
   36.860  1.0000E+00
   36.870  1.0000E+00
   36.880  1.0000E+00
   36.890  1.0000E+00
   36.900  1.0000E+00
   36.910  1.0000E+00
   36.920  1.0000E+00
   36.930  1.0000E+00
   36.940  1.0000E+00
   36.950  1.0000E+00
   36.960  1.0000E+00
   36.970  1.0000E+00
   36.980  1.0000E+00
   36.990  1.0000E+00
   37.000  1.0000E+00
   37.010  1.0000E+00
   37.020  1.0000E+00
   37.030  1.0000E+00
   37.040  1.0000E+00
   37.050  1.0000E+00
   37.060  1.0000E+00
   37.070  1.0000E+00
   37.080  1.0000E+00
   37.090  1.0000E+00
   37.100  1.0000E+00
   37.110  1.0000E+00
   37.120  1.0000E+00
   37.130  1.0000E+00
   37.140  1.0000E+00
   37.150  1.0000E+00
   37.160  1.0000E+00
   37.170  1.0000E+00
   37.180  1.0000E+00
   37.190  1.0000E+00
   37.200  1.0000E+00
   37.210  1.0000E+00
   37.220  1.0000E+00
   37.230  1.0000E+00
   37.240  1.0000E+00
   37.250  1.0000E+00
   37.260  1.0000E+00
   37.270  1.0000E+00
   37.280  1.0000E+00
   37.290  1.0000E+00
   37.300  1.0000E+00
   37.310  1.0000E+00
   37.320  1.0000E+00
   37.330  1.0000E+00
   37.340  1.0000E+00
   37.350  1.0000E+00
   37.360  1.0000E+00
   37.370  1.0000E+00
   37.380  1.0000E+00
   37.390  1.0000E+00
   37.400  1.0000E+00
   37.410  1.0000E+00
   37.420  1.0000E+00
   37.430  1.0000E+00
   37.440  1.0000E+00
   37.450  1.0000E+00
   37.460  1.0000E+00
   37.470  1.0000E+00
   37.480  1.0000E+00
   37.490  1.0000E+00
   37.500  1.0000E+00
   37.510  1.0000E+00
   37.520  1.0000E+00
   37.530  1.0000E+00
   37.540  1.0000E+00
   37.550  1.0000E+00
   37.560  1.0000E+00
   37.570  1.0000E+00
   37.580  1.0000E+00
   37.590  1.0000E+00
   37.600  1.0000E+00
   37.610  1.0000E+00
   37.620  1.0000E+00
   37.630  1.0000E+00
   37.640  1.0000E+00
   37.650  1.0000E+00
   37.660  1.0000E+00
   37.670  1.0000E+00
   37.680  1.0000E+00
   37.690  1.0000E+00
   37.700  1.0000E+00
   37.710  1.0000E+00
   37.720  1.0000E+00
   37.730  1.0000E+00
   37.740  1.0000E+00
   37.750  1.0000E+00
   37.760  1.0000E+00
   37.770  1.0000E+00
   37.780  1.0000E+00
   37.790  1.0000E+00
   37.800  1.0000E+00
   37.810  1.0000E+00
   37.820  1.0000E+00
   37.830  1.0000E+00
   37.840  1.0000E+00
   37.850  1.0000E+00
   37.860  1.0000E+00
   37.870  1.0000E+00
   37.880  1.0000E+00
   37.890  1.0000E+00
   37.900  1.0000E+00
   37.910  1.0000E+00
   37.920  1.0000E+00
   37.930  1.0000E+00
   37.940  1.0000E+00
   37.950  1.0000E+00
   37.960  1.0000E+00
   37.970  1.0000E+00
   37.980  1.0000E+00
   37.990  1.0000E+00
   38.000  1.0000E+00
   38.010  1.0000E+00
   38.020  1.0000E+00
   38.030  1.0000E+00
   38.040  1.0000E+00
   38.050  1.0000E+00
   38.060  1.0000E+00
   38.070  1.0000E+00
   38.080  1.0000E+00
   38.090  1.0000E+00
   38.100  1.0000E+00
   38.110  1.0000E+00
   38.120  1.0000E+00
   38.130  1.0000E+00
   38.140  1.0000E+00
   38.150  1.0000E+00
   38.160  1.0000E+00
   38.170  1.0000E+00
   38.180  1.0000E+00
   38.190  1.0000E+00
   38.200  1.0000E+00
   38.210  1.0000E+00
   38.220  1.0000E+00
   38.230  1.0000E+00
   38.240  1.0000E+00
   38.250  1.0000E+00
   38.260  1.0000E+00
   38.270  1.0000E+00
   38.280  1.0000E+00
   38.290  1.0000E+00
   38.300  1.0000E+00
   38.310  1.0000E+00
   38.320  1.0000E+00
   38.330  1.0000E+00
   38.340  1.0000E+00
   38.350  1.0000E+00
   38.360  1.0000E+00
   38.370  1.0000E+00
   38.380  1.0000E+00
   38.390  1.0000E+00
   38.400  1.0000E+00
   38.410  1.0000E+00
   38.420  1.0000E+00
   38.430  1.0000E+00
   38.440  1.0000E+00
   38.450  1.0000E+00
   38.460  1.0000E+00
   38.470  1.0000E+00
   38.480  1.0000E+00
   38.490  1.0000E+00
   38.500  1.0000E+00
   38.510  1.0000E+00
   38.520  1.0000E+00
   38.530  1.0000E+00
   38.540  1.0000E+00
   38.550  1.0000E+00
   38.560  1.0000E+00
   38.570  1.0000E+00
   38.580  1.0000E+00
   38.590  1.0000E+00
   38.600  1.0000E+00
   38.610  1.0000E+00
   38.620  1.0000E+00
   38.630  1.0000E+00
   38.640  1.0000E+00
   38.650  1.0000E+00
   38.660  1.0000E+00
   38.670  1.0000E+00
   38.680  1.0000E+00
   38.690  1.0000E+00
   38.700  1.0000E+00
   38.710  1.0000E+00
   38.720  1.0000E+00
   38.730  1.0000E+00
   38.740  1.0000E+00
   38.750  1.0000E+00
   38.760  1.0000E+00
   38.770  1.0000E+00
   38.780  1.0000E+00
   38.790  1.0000E+00
   38.800  1.0000E+00
   38.810  1.0000E+00
   38.820  1.0000E+00
   38.830  1.0000E+00
   38.840  1.0000E+00
   38.850  1.0000E+00
   38.860  1.0000E+00
   38.870  1.0000E+00
   38.880  1.0000E+00
   38.890  1.0000E+00
   38.900  1.0000E+00
   38.910  1.0000E+00
   38.920  1.0000E+00
   38.930  1.0000E+00
   38.940  1.0000E+00
   38.950  1.0000E+00
   38.960  1.0000E+00
   38.970  1.0000E+00
   38.980  1.0000E+00
   38.990  1.0000E+00
   39.000  1.0000E+00
   39.010  1.0000E+00
   39.020  1.0000E+00
   39.030  1.0000E+00
   39.040  1.0000E+00
   39.050  1.0000E+00
   39.060  1.0000E+00
   39.070  1.0000E+00
   39.080  1.0000E+00
   39.090  1.0000E+00
   39.100  1.0000E+00
   39.110  1.0000E+00
   39.120  1.0000E+00
   39.130  1.0000E+00
   39.140  1.0000E+00
   39.150  1.0000E+00
   39.160  1.0000E+00
   39.170  1.0000E+00
   39.180  1.0000E+00
   39.190  1.0000E+00
   39.200  1.0000E+00
   39.210  1.0000E+00
   39.220  1.0000E+00
   39.230  1.0000E+00
   39.240  1.0000E+00
   39.250  1.0000E+00
   39.260  1.0000E+00
   39.270  1.0000E+00
   39.280  1.0000E+00
   39.290  1.0000E+00
   39.300  1.0000E+00
   39.310  1.0000E+00
   39.320  1.0000E+00
   39.330  1.0000E+00
   39.340  1.0000E+00
   39.350  1.0000E+00
   39.360  1.0000E+00
   39.370  1.0000E+00
   39.380  1.0000E+00
   39.390  1.0000E+00
   39.400  1.0000E+00
   39.410  1.0000E+00
   39.420  1.0000E+00
   39.430  1.0000E+00
   39.440  1.0000E+00
   39.450  1.0000E+00
   39.460  1.0000E+00
   39.470  1.0000E+00
   39.480  1.0000E+00
   39.490  1.0000E+00
   39.500  1.0000E+00
   39.510  1.0000E+00
   39.520  1.0000E+00
   39.530  1.0000E+00
   39.540  1.0000E+00
   39.550  1.0000E+00
   39.560  1.0000E+00
   39.570  1.0000E+00
   39.580  1.0000E+00
   39.590  1.0000E+00
   39.600  1.0000E+00
   39.610  1.0000E+00
   39.620  1.0000E+00
   39.630  1.0000E+00
   39.640  1.0000E+00
   39.650  1.0000E+00
   39.660  1.0000E+00
   39.670  1.0000E+00
   39.680  1.0000E+00
   39.690  1.0000E+00
   39.700  1.0000E+00
   39.710  1.0000E+00
   39.720  1.0000E+00
   39.730  1.0000E+00
   39.740  1.0000E+00
   39.750  1.0000E+00
   39.760  1.0000E+00
   39.770  1.0000E+00
   39.780  1.0000E+00
   39.790  1.0000E+00
   39.800  1.0000E+00
   39.810  1.0000E+00
   39.820  1.0000E+00
   39.830  1.0000E+00
   39.840  1.0000E+00
   39.850  1.0000E+00
   39.860  1.0000E+00
   39.870  1.0000E+00
   39.880  1.0000E+00
   39.890  1.0000E+00
   39.900  1.0000E+00
   39.910  1.0000E+00
   39.920  1.0000E+00
   39.930  1.0000E+00
   39.940  1.0000E+00
   39.950  1.0000E+00
   39.960  1.0000E+00
   39.970  1.0000E+00
   39.980  1.0000E+00
   39.990  1.0000E+00
   40.000  1.0000E+00
   40.010  1.0000E+00
   40.020  1.0000E+00
   40.030  1.0000E+00
   40.040  1.0000E+00
   40.050  1.0000E+00
   40.060  1.0000E+00
   40.070  1.0000E+00
   40.080  1.0000E+00
   40.090  1.0000E+00
   40.100  1.0000E+00
   40.110  1.0000E+00
   40.120  1.0000E+00
   40.130  1.0000E+00
   40.140  1.0000E+00
   40.150  1.0000E+00
   40.160  1.0000E+00
   40.170  1.0000E+00
   40.180  1.0000E+00
   40.190  1.0000E+00
   40.200  1.0000E+00
   40.210  1.0000E+00
   40.220  1.0000E+00
   40.230  1.0000E+00
   40.240  1.0000E+00
   40.250  1.0000E+00
   40.260  1.0000E+00
   40.270  1.0000E+00
   40.280  1.0000E+00
   40.290  1.0000E+00
   40.300  1.0000E+00
   40.310  1.0000E+00
   40.320  1.0000E+00
   40.330  1.0000E+00
   40.340  1.0000E+00
   40.350  1.0000E+00
   40.360  1.0000E+00
   40.370  1.0000E+00
   40.380  1.0000E+00
   40.390  1.0000E+00
   40.400  1.0000E+00
   40.410  1.0000E+00
   40.420  1.0000E+00
   40.430  1.0000E+00
   40.440  1.0000E+00
   40.450  1.0000E+00
   40.460  1.0000E+00
   40.470  1.0000E+00
   40.480  1.0000E+00
   40.490  1.0000E+00
   40.500  1.0000E+00
   40.510  1.0000E+00
   40.520  1.0000E+00
   40.530  1.0000E+00
   40.540  1.0000E+00
   40.550  1.0000E+00
   40.560  1.0000E+00
   40.570  1.0000E+00
   40.580  1.0000E+00
   40.590  1.0000E+00
   40.600  1.0000E+00
   40.610  1.0000E+00
   40.620  1.0000E+00
   40.630  1.0000E+00
   40.640  1.0000E+00
   40.650  1.0000E+00
   40.660  1.0000E+00
   40.670  1.0000E+00
   40.680  1.0000E+00
   40.690  1.0000E+00
   40.700  1.0000E+00
   40.710  1.0000E+00
   40.720  1.0000E+00
   40.730  1.0000E+00
   40.740  1.0000E+00
   40.750  1.0000E+00
   40.760  1.0000E+00
   40.770  1.0000E+00
   40.780  1.0000E+00
   40.790  1.0000E+00
   40.800  1.0000E+00
   40.810  1.0000E+00
   40.820  1.0000E+00
   40.830  1.0000E+00
   40.840  1.0000E+00
   40.850  1.0000E+00
   40.860  1.0000E+00
   40.870  1.0000E+00
   40.880  1.0000E+00
   40.890  1.0000E+00
   40.900  1.0000E+00
   40.910  1.0000E+00
   40.920  1.0000E+00
   40.930  1.0000E+00
   40.940  1.0000E+00
   40.950  1.0000E+00
