**********************************************
*******     Site #   1
Average PSA and Fourier spectrum over    40 trials
damping:   5%
  50 samples
Mag.          =      6.30
siteLat       =     42.36
siteLon       =     13.40
depth         =      0.00
R             =      8.44
azimuth       =  10477.54
fault Dis.(km)=     4.28
Hypo  Dis.(km)=    11.58
Input Parameters file =  aqu_0604_z_parameters.out                                                                                               
 data format: (1x,f10.3, 1p, 1x,e11.4, 5x,e11.4, 2x,e11.4, 1x,e11.4)
   freq(Hz) FAS(cm/sec) avgPSA(cm/s**2) avgPSV(cm/s)   avgSD(cm)
     -1.000         NaN             Nan   5.2625E+01         Nan
    999.900         Nan      3.9326E+02          NaN         NaN
      0.200  4.5182E+01      5.0164E+01   3.9919E+01  3.1767E+01
      0.217  4.5182E+01      5.9913E+01   4.4019E+01  3.2341E+01
      0.235  5.4071E+01      7.2420E+01   4.9125E+01  3.3323E+01
      0.254  6.3164E+01      8.8171E+01   5.5220E+01  3.4583E+01
      0.275  7.3505E+01      1.0662E+02   6.1651E+01  3.5649E+01
      0.298  8.5232E+01      1.2998E+02   6.9393E+01  3.7046E+01
      0.323  9.8023E+01      1.5814E+02   7.7948E+01  3.8420E+01
      0.350  1.1189E+02      1.9000E+02   8.6463E+01  3.9347E+01
      0.379  1.2609E+02      2.2293E+02   9.3665E+01  3.9353E+01
      0.410  1.3976E+02      2.5349E+02   9.8332E+01  3.8144E+01
      0.444  1.6283E+02      2.9341E+02   1.0509E+02  3.7636E+01
      0.481  1.7080E+02      3.3594E+02   1.1108E+02  3.6732E+01
      0.521  1.8194E+02      3.7729E+02   1.1518E+02  3.5165E+01
      0.565  1.9115E+02      4.1849E+02   1.1796E+02  3.3249E+01
      0.612  1.9746E+02      4.5552E+02   1.1854E+02  3.0849E+01
      0.662  1.9802E+02      4.7218E+02   1.1345E+02  2.7258E+01
      0.717  1.8475E+02      4.5882E+02   1.0178E+02  2.2578E+01
      0.777  1.5098E+02      4.1788E+02   8.5586E+01  1.7529E+01
      0.842  9.0570E+01      3.7256E+02   7.0448E+01  1.3321E+01
      0.912  6.5864E+01      3.5533E+02   6.2036E+01  1.0830E+01
      0.987  6.4547E+01      3.6564E+02   5.8937E+01  9.4999E+00
      1.069  6.5300E+01      3.8822E+02   5.7775E+01  8.5980E+00
      1.158  7.2650E+01      4.3106E+02   5.9228E+01  8.1380E+00
      1.255  9.0679E+01      4.7721E+02   6.0538E+01  7.6796E+00
      1.359  8.9236E+01      5.3359E+02   6.2496E+01  7.3197E+00
      1.472  7.2801E+01      5.8381E+02   6.3131E+01  6.8267E+00
      1.594  1.1998E+02      7.0673E+02   7.0558E+01  7.0444E+00
      1.727  1.9181E+02      8.5735E+02   7.9028E+01  7.2845E+00
      1.870  1.5279E+02      8.2188E+02   6.9945E+01  5.9526E+00
      2.026  7.8750E+01      7.6017E+02   5.9730E+01  4.6932E+00
      2.194  8.0602E+01      7.1692E+02   5.2008E+01  3.7729E+00
      2.376  5.3084E+01      6.8370E+02   4.5793E+01  3.0671E+00
      2.574  4.4622E+01      7.2464E+02   4.4810E+01  2.7710E+00
      2.788  1.2672E+02      9.0724E+02   5.1797E+01  2.9573E+00
      3.019  1.6982E+02      9.7617E+02   5.1456E+01  2.7124E+00
      3.270  6.1666E+01      8.3063E+02   4.0425E+01  1.9674E+00
      3.542  4.3450E+01      7.7540E+02   3.4841E+01  1.5655E+00
      3.836  6.2722E+01      8.5561E+02   3.5495E+01  1.4725E+00
      4.155  1.1171E+02      9.2370E+02   3.5380E+01  1.3551E+00
      4.501  4.7600E+01      8.4497E+02   2.9881E+01  1.0567E+00
      4.875  2.8883E+01      8.2416E+02   2.6908E+01  8.7854E-01
      5.280  9.6440E+01      9.0444E+02   2.7264E+01  8.2184E-01
      5.719  2.7251E+01      8.0504E+02   2.2405E+01  6.2356E-01
      6.194  4.3638E+01      7.8932E+02   2.0282E+01  5.2116E-01
      6.709  3.5496E+01      7.8529E+02   1.8630E+01  4.4198E-01
      7.266  2.5317E+01      7.5881E+02   1.6621E+01  3.6405E-01
      7.870  3.2041E+01      7.6198E+02   1.5409E+01  3.1162E-01
      8.524  2.8491E+01      7.5223E+02   1.4045E+01  2.6223E-01
      9.233  1.2494E+01      6.9080E+02   1.1908E+01  2.0527E-01
     10.000  3.6769E+01      6.6617E+02   1.0602E+01  1.6874E-01
 
 
