**********************************************
*******     Site #   1
Average PSA and Fourier spectrum over    40 trials
damping:   5%
  50 samples
Mag.          =      6.30
siteLat       =     42.36
siteLon       =     13.40
depth         =      0.00
R             =      8.44
azimuth       =  10477.54
fault Dis.(km)=     4.28
Hypo  Dis.(km)=    11.58
Input Parameters file =  aqu_0604_y_parameters.out                                                                                               
 data format: (1x,f10.3, 1p, 1x,e11.4, 5x,e11.4, 2x,e11.4, 1x,e11.4)
   freq(Hz) FAS(cm/sec) avgPSA(cm/s**2) avgPSV(cm/s)   avgSD(cm)
     -1.000         NaN             Nan   5.0590E+01         Nan
    999.900         Nan      4.0766E+02          NaN         NaN
      0.200  3.8142E+01      4.4367E+01   3.5306E+01  2.8096E+01
      0.217  3.8142E+01      5.2845E+01   3.8826E+01  2.8526E+01
      0.235  4.5240E+01      6.2499E+01   4.2395E+01  2.8758E+01
      0.254  5.2749E+01      7.4824E+01   4.6861E+01  2.9348E+01
      0.275  6.1503E+01      9.0231E+01   5.2174E+01  3.0168E+01
      0.298  7.1264E+01      1.0959E+02   5.8506E+01  3.1234E+01
      0.323  8.1142E+01      1.3120E+02   6.4669E+01  3.1875E+01
      0.350  9.0716E+01      1.5855E+02   7.2152E+01  3.2834E+01
      0.379  1.0007E+02      1.8800E+02   7.8989E+01  3.3187E+01
      0.410  1.1035E+02      2.2283E+02   8.6438E+01  3.3531E+01
      0.444  1.3868E+02      2.6986E+02   9.6649E+01  3.4615E+01
      0.481  1.5598E+02      3.2102E+02   1.0615E+02  3.5100E+01
      0.521  1.8845E+02      3.6502E+02   1.1144E+02  3.4022E+01
      0.565  2.0900E+02      4.1401E+02   1.1670E+02  3.2892E+01
      0.612  2.0947E+02      4.4182E+02   1.1498E+02  2.9921E+01
      0.662  1.9084E+02      4.5775E+02   1.0998E+02  2.6425E+01
      0.717  1.5865E+02      4.3598E+02   9.6715E+01  2.1455E+01
      0.777  1.2040E+02      4.0443E+02   8.2831E+01  1.6965E+01
      0.842  7.9898E+01      3.8750E+02   7.3275E+01  1.3856E+01
      0.912  7.0797E+01      3.7836E+02   6.6055E+01  1.1532E+01
      0.987  7.2383E+01      3.8465E+02   6.2002E+01  9.9939E+00
      1.069  7.5191E+01      4.0372E+02   6.0081E+01  8.9413E+00
      1.158  7.2564E+01      4.2743E+02   5.8729E+01  8.0694E+00
      1.255  8.3012E+01      4.6163E+02   5.8560E+01  7.4288E+00
      1.359  8.2775E+01      5.0879E+02   5.9591E+01  6.9794E+00
      1.472  7.0800E+01      5.8416E+02   6.3168E+01  6.8307E+00
      1.594  1.0817E+02      7.4317E+02   7.4196E+01  7.4076E+00
      1.727  2.2341E+02      9.4933E+02   8.7507E+01  8.0661E+00
      1.870  1.7493E+02      9.1292E+02   7.7693E+01  6.6120E+00
      2.026  8.2975E+01      8.0855E+02   6.3530E+01  4.9918E+00
      2.194  7.2971E+01      7.2347E+02   5.2484E+01  3.8074E+00
      2.376  5.1596E+01      6.9762E+02   4.6725E+01  3.1296E+00
      2.574  5.7975E+01      7.7737E+02   4.8072E+01  2.9727E+00
      2.788  1.2977E+02      9.4871E+02   5.4165E+01  3.0925E+00
      3.019  1.6756E+02      1.0515E+03   5.5429E+01  2.9218E+00
      3.270  6.9589E+01      9.0226E+02   4.3911E+01  2.1370E+00
      3.542  4.3490E+01      8.7523E+02   3.9327E+01  1.7671E+00
      3.836  6.5403E+01      9.1608E+02   3.8004E+01  1.5766E+00
      4.155  1.1222E+02      9.7044E+02   3.7170E+01  1.4237E+00
      4.501  4.9532E+01      8.6542E+02   3.0604E+01  1.0822E+00
      4.875  2.7753E+01      8.1339E+02   2.6557E+01  8.6706E-01
      5.280  9.3091E+01      9.0784E+02   2.7366E+01  8.2493E-01
      5.719  3.0544E+01      8.2161E+02   2.2866E+01  6.3639E-01
      6.194  4.8374E+01      8.2584E+02   2.1220E+01  5.4527E-01
      6.709  3.1590E+01      7.9449E+02   1.8848E+01  4.4716E-01
      7.266  2.3566E+01      7.6846E+02   1.6832E+01  3.6868E-01
      7.870  3.3873E+01      7.9453E+02   1.6068E+01  3.2493E-01
      8.524  2.3501E+01      7.6038E+02   1.4197E+01  2.6507E-01
      9.233  1.6623E+01      7.1435E+02   1.2314E+01  2.1227E-01
     10.000  3.3520E+01      6.7316E+02   1.0714E+01  1.7051E-01
 
 
