**********************************************
*******  Husid Time Series ************
*** Site #   1
*** trial   40
Input Parameters file =  aqu_0604__parameters.out                                                                                                
  4096 samples
dt:  0.010 sec
data format: (1x,f8.3,1p,2x,e11.4)
 Arias intensity =   1.364E+02
 75%-5% duration =   5.200E+00
fault Dis.(km)=    4.28
Hypo  Dis.(km)=   11.58
     time       husid
    0.000  0.0000E+00
    0.010  0.0000E+00
    0.020  2.1081E-09
    0.030  6.2394E-09
    0.040  7.2620E-09
    0.050  7.3507E-09
    0.060  8.3189E-09
    0.070  1.0848E-08
    0.080  1.4659E-08
    0.090  1.9066E-08
    0.100  2.3310E-08
    0.110  2.6579E-08
    0.120  2.8262E-08
    0.130  2.8585E-08
    0.140  2.8805E-08
    0.150  3.0363E-08
    0.160  3.3991E-08
    0.170  3.9639E-08
    0.180  4.6815E-08
    0.190  5.4901E-08
    0.200  6.3518E-08
    0.210  7.2760E-08
    0.220  8.2955E-08
    0.230  9.4114E-08
    0.240  1.0560E-07
    0.250  1.1635E-07
    0.260  1.2528E-07
    0.270  1.3157E-07
    0.280  1.3498E-07
    0.290  1.3612E-07
    0.300  1.3622E-07
    0.310  1.3656E-07
    0.320  1.3811E-07
    0.330  1.4135E-07
    0.340  1.4594E-07
    0.350  1.5072E-07
    0.360  1.5430E-07
    0.370  1.5597E-07
    0.380  1.5620E-07
    0.390  1.5682E-07
    0.400  1.6029E-07
    0.410  1.6802E-07
    0.420  1.7934E-07
    0.430  1.8325E-07
    0.440  1.8348E-07
    0.450  1.8667E-07
    0.460  1.9321E-07
    0.470  1.9976E-07
    0.480  2.0575E-07
    0.490  2.1065E-07
    0.500  2.1422E-07
    0.510  2.1640E-07
    0.520  2.1726E-07
    0.530  2.1735E-07
    0.540  2.1838E-07
    0.550  2.2363E-07
    0.560  2.2615E-07
    0.570  2.3036E-07
    0.580  2.3140E-07
    0.590  2.3170E-07
    0.600  2.3424E-07
    0.610  2.3941E-07
    0.620  2.4519E-07
    0.630  2.4972E-07
    0.640  2.5258E-07
    0.650  2.5414E-07
    0.660  2.5488E-07
    0.670  2.5516E-07
    0.680  2.5522E-07
    0.690  2.5523E-07
    0.700  2.5530E-07
    0.710  2.5549E-07
    0.720  2.5570E-07
    0.730  2.5576E-07
    0.740  2.5587E-07
    0.750  2.9064E-07
    0.760  4.0697E-07
    0.770  4.7170E-07
    0.780  4.9518E-07
    0.790  5.2641E-07
    0.800  5.6919E-07
    0.810  6.2374E-07
    0.820  6.8661E-07
    0.830  7.5264E-07
    0.840  8.1709E-07
    0.850  8.7696E-07
    0.860  9.3192E-07
    0.870  1.0090E-06
    0.880  1.1183E-06
    0.890  1.2415E-06
    0.900  1.3832E-06
    0.910  1.5382E-06
    0.920  1.7325E-06
    0.930  1.9350E-06
    0.940  2.0777E-06
    0.950  2.1629E-06
    0.960  2.2023E-06
    0.970  2.2135E-06
    0.980  2.2143E-06
    0.990  2.2176E-06
    1.000  2.2294E-06
    1.010  2.2607E-06
    1.020  2.3265E-06
    1.030  2.4163E-06
    1.040  2.4935E-06
    1.050  2.5271E-06
    1.060  2.5302E-06
    1.070  2.5588E-06
    1.080  2.6742E-06
    1.090  2.9071E-06
    1.100  3.2325E-06
    1.110  3.6051E-06
    1.120  3.9878E-06
    1.130  4.3578E-06
    1.140  4.7011E-06
    1.150  5.0083E-06
    1.160  5.2745E-06
    1.170  5.5005E-06
    1.180  5.6919E-06
    1.190  5.8550E-06
    1.200  5.9925E-06
    1.210  6.1022E-06
    1.220  6.1775E-06
    1.230  6.2134E-06
    1.240  6.2193E-06
    1.250  6.2276E-06
    1.260  6.2689E-06
    1.270  6.4591E-06
    1.280  6.8814E-06
    1.290  7.4091E-06
    1.300  8.0108E-06
    1.310  8.5889E-06
    1.320  9.0188E-06
    1.330  9.2037E-06
    1.340  9.2304E-06
    1.350  9.2338E-06
    1.360  9.2651E-06
    1.370  9.3345E-06
    1.380  9.4203E-06
    1.390  9.5067E-06
    1.400  9.5646E-06
    1.410  9.5789E-06
    1.420  9.5809E-06
    1.430  9.6474E-06
    1.440  9.8006E-06
    1.450  9.9417E-06
    1.460  1.0046E-05
    1.470  1.0099E-05
    1.480  1.0113E-05
    1.490  1.0116E-05
    1.500  1.0157E-05
    1.510  1.0296E-05
    1.520  1.0576E-05
    1.530  1.0987E-05
    1.540  1.1518E-05
    1.550  1.2142E-05
    1.560  1.2803E-05
    1.570  1.3488E-05
    1.580  1.4217E-05
    1.590  1.5051E-05
    1.600  1.6009E-05
    1.610  1.7126E-05
    1.620  1.8240E-05
    1.630  1.9278E-05
    1.640  2.0291E-05
    1.650  2.1197E-05
    1.660  2.1958E-05
    1.670  2.2396E-05
    1.680  2.2639E-05
    1.690  2.2947E-05
    1.700  2.3356E-05
    1.710  2.3784E-05
    1.720  2.4188E-05
    1.730  2.4535E-05
    1.740  2.4808E-05
    1.750  2.5013E-05
    1.760  2.5153E-05
    1.770  2.5240E-05
    1.780  2.5282E-05
    1.790  2.5295E-05
    1.800  2.5298E-05
    1.810  2.5305E-05
    1.820  2.5311E-05
    1.830  2.5322E-05
    1.840  2.5375E-05
    1.850  2.5463E-05
    1.860  2.5588E-05
    1.870  2.5714E-05
    1.880  2.5795E-05
    1.890  2.5850E-05
    1.900  2.5897E-05
    1.910  2.5967E-05
    1.920  2.6085E-05
    1.930  2.6243E-05
    1.940  2.6387E-05
    1.950  2.6435E-05
    1.960  2.6440E-05
    1.970  2.6506E-05
    1.980  2.6717E-05
    1.990  2.7105E-05
    2.000  2.7735E-05
    2.010  2.8434E-05
    2.020  2.8882E-05
    2.030  2.9078E-05
    2.040  2.9117E-05
    2.050  2.9132E-05
    2.060  2.9284E-05
    2.070  2.9769E-05
    2.080  3.0816E-05
    2.090  3.2614E-05
    2.100  3.5152E-05
    2.110  3.8110E-05
    2.120  4.0978E-05
    2.130  4.3327E-05
    2.140  4.4993E-05
    2.150  4.6065E-05
    2.160  4.6762E-05
    2.170  4.7317E-05
    2.180  4.7931E-05
    2.190  4.8773E-05
    2.200  4.9956E-05
    2.210  5.1471E-05
    2.220  5.3164E-05
    2.230  5.4858E-05
    2.240  5.6274E-05
    2.250  5.7198E-05
    2.260  5.7678E-05
    2.270  5.7774E-05
    2.280  5.7799E-05
    2.290  5.7955E-05
    2.300  5.8301E-05
    2.310  5.8758E-05
    2.320  5.9178E-05
    2.330  5.9435E-05
    2.340  5.9517E-05
    2.350  5.9523E-05
    2.360  5.9556E-05
    2.370  5.9614E-05
    2.380  5.9635E-05
    2.390  5.9668E-05
    2.400  5.9983E-05
    2.410  6.0966E-05
    2.420  6.2883E-05
    2.430  6.5170E-05
    2.440  6.7146E-05
    2.450  6.8616E-05
    2.460  6.9349E-05
    2.470  6.9503E-05
    2.480  6.9527E-05
    2.490  6.9715E-05
    2.500  7.0042E-05
    2.510  7.0330E-05
    2.520  7.0449E-05
    2.530  7.0461E-05
    2.540  7.0479E-05
    2.550  7.0579E-05
    2.560  7.0788E-05
    2.570  7.1075E-05
    2.580  7.1384E-05
    2.590  7.1685E-05
    2.600  7.1982E-05
    2.610  7.2380E-05
    2.620  7.2880E-05
    2.630  7.3245E-05
    2.640  7.3376E-05
    2.650  7.3387E-05
    2.660  7.3447E-05
    2.670  7.3641E-05
    2.680  7.3914E-05
    2.690  7.4188E-05
    2.700  7.4410E-05
    2.710  7.4574E-05
    2.720  7.4711E-05
    2.730  7.4855E-05
    2.740  7.5015E-05
    2.750  7.5128E-05
    2.760  7.5153E-05
    2.770  7.5189E-05
    2.780  7.5412E-05
    2.790  7.5857E-05
    2.800  7.6322E-05
    2.810  7.6549E-05
    2.820  7.6574E-05
    2.830  7.6891E-05
    2.840  7.8158E-05
    2.850  8.0606E-05
    2.860  8.3878E-05
    2.870  8.7375E-05
    2.880  9.0615E-05
    2.890  9.3286E-05
    2.900  9.5184E-05
    2.910  9.6219E-05
    2.920  9.6551E-05
    2.930  9.6602E-05
    2.940  9.6605E-05
    2.950  9.6639E-05
    2.960  9.6698E-05
    2.970  9.6717E-05
    2.980  9.6738E-05
    2.990  9.6881E-05
    3.000  9.7228E-05
    3.010  9.7726E-05
    3.020  9.8281E-05
    3.030  9.8656E-05
    3.040  9.8713E-05
    3.050  9.8804E-05
    3.060  9.9185E-05
    3.070  9.9746E-05
    3.080  1.0015E-04
    3.090  1.0025E-04
    3.100  1.0053E-04
    3.110  1.0300E-04
    3.120  1.0924E-04
    3.130  1.1954E-04
    3.140  1.3405E-04
    3.150  1.5189E-04
    3.160  1.7121E-04
    3.170  1.8989E-04
    3.180  2.0647E-04
    3.190  2.1987E-04
    3.200  2.2925E-04
    3.210  2.3448E-04
    3.220  2.3643E-04
    3.230  2.3672E-04
    3.240  2.3684E-04
    3.250  2.3750E-04
    3.260  2.3843E-04
    3.270  2.3911E-04
    3.280  2.3937E-04
    3.290  2.3942E-04
    3.300  2.3944E-04
    3.310  2.3957E-04
    3.320  2.4021E-04
    3.330  2.4192E-04
    3.340  2.4487E-04
    3.350  2.4854E-04
    3.360  2.5232E-04
    3.370  2.5702E-04
    3.380  2.6150E-04
    3.390  2.6415E-04
    3.400  2.6543E-04
    3.410  2.6575E-04
    3.420  2.6577E-04
    3.430  2.6579E-04
    3.440  2.6590E-04
    3.450  2.6620E-04
    3.460  2.6691E-04
    3.470  2.6813E-04
    3.480  2.6960E-04
    3.490  2.7108E-04
    3.500  2.7210E-04
    3.510  2.7234E-04
    3.520  2.7235E-04
    3.530  2.7242E-04
    3.540  2.7250E-04
    3.550  2.7252E-04
    3.560  2.7272E-04
    3.570  2.7383E-04
    3.580  2.7662E-04
    3.590  2.8159E-04
    3.600  2.8818E-04
    3.610  2.9598E-04
    3.620  3.0485E-04
    3.630  3.1428E-04
    3.640  3.2419E-04
    3.650  3.3439E-04
    3.660  3.4457E-04
    3.670  3.5389E-04
    3.680  3.6092E-04
    3.690  3.6496E-04
    3.700  3.6665E-04
    3.710  3.6722E-04
    3.720  3.6748E-04
    3.730  3.6778E-04
    3.740  3.6833E-04
    3.750  3.6924E-04
    3.760  3.7054E-04
    3.770  3.7197E-04
    3.780  3.7305E-04
    3.790  3.7358E-04
    3.800  3.7368E-04
    3.810  3.7378E-04
    3.820  3.7439E-04
    3.830  3.7605E-04
    3.840  3.7953E-04
    3.850  3.8583E-04
    3.860  3.9586E-04
    3.870  4.0904E-04
    3.880  4.2243E-04
    3.890  4.3251E-04
    3.900  4.3793E-04
    3.910  4.3990E-04
    3.920  4.4033E-04
    3.930  4.4038E-04
    3.940  4.4039E-04
    3.950  4.4057E-04
    3.960  4.4173E-04
    3.970  4.4548E-04
    3.980  4.5385E-04
    3.990  4.6827E-04
    4.000  4.8835E-04
    4.010  5.1240E-04
    4.020  5.3662E-04
    4.030  5.5767E-04
    4.040  5.7369E-04
    4.050  5.8555E-04
    4.060  5.9503E-04
    4.070  6.0148E-04
    4.080  6.0486E-04
    4.090  6.0607E-04
    4.100  6.0636E-04
    4.110  6.0647E-04
    4.120  6.0669E-04
    4.130  6.0743E-04
    4.140  6.0911E-04
    4.150  6.1142E-04
    4.160  6.1312E-04
    4.170  6.1351E-04
    4.180  6.1388E-04
    4.190  6.1668E-04
    4.200  6.2328E-04
    4.210  6.3224E-04
    4.220  6.4004E-04
    4.230  6.4422E-04
    4.240  6.4537E-04
    4.250  6.4546E-04
    4.260  6.4613E-04
    4.270  6.4773E-04
    4.280  6.4949E-04
    4.290  6.5058E-04
    4.300  6.5096E-04
    4.310  6.5101E-04
    4.320  6.5104E-04
    4.330  6.5137E-04
    4.340  6.5273E-04
    4.350  6.5602E-04
    4.360  6.6130E-04
    4.370  6.6766E-04
    4.380  6.7387E-04
    4.390  6.7867E-04
    4.400  6.8128E-04
    4.410  6.8197E-04
    4.420  6.8204E-04
    4.430  6.8279E-04
    4.440  6.8453E-04
    4.450  6.8661E-04
    4.460  6.8806E-04
    4.470  6.8850E-04
    4.480  6.8857E-04
    4.490  6.8907E-04
    4.500  6.8958E-04
    4.510  6.8966E-04
    4.520  6.9087E-04
    4.530  6.9533E-04
    4.540  7.0246E-04
    4.550  7.0970E-04
    4.560  7.1522E-04
    4.570  7.1926E-04
    4.580  7.2293E-04
    4.590  7.2725E-04
    4.600  7.3331E-04
    4.610  7.4181E-04
    4.620  7.5206E-04
    4.630  7.6188E-04
    4.640  7.6928E-04
    4.650  7.7375E-04
    4.660  7.7607E-04
    4.670  7.7725E-04
    4.680  7.7793E-04
    4.690  7.7825E-04
    4.700  7.7830E-04
    4.710  7.7862E-04
    4.720  7.7944E-04
    4.730  7.7986E-04
    4.740  7.8046E-04
    4.750  7.8735E-04
    4.760  8.0839E-04
    4.770  8.4507E-04
    4.780  8.9072E-04
    4.790  9.3488E-04
    4.800  9.6874E-04
    4.810  9.8902E-04
    4.820  9.9810E-04
    4.830  1.0008E-03
    4.840  1.0011E-03
    4.850  1.0011E-03
    4.860  1.0013E-03
    4.870  1.0027E-03
    4.880  1.0060E-03
    4.890  1.0094E-03
    4.900  1.0105E-03
    4.910  1.0109E-03
    4.920  1.0138E-03
    4.930  1.0190E-03
    4.940  1.0242E-03
    4.950  1.0286E-03
    4.960  1.0340E-03
    4.970  1.0438E-03
    4.980  1.0623E-03
    4.990  1.0918E-03
    5.000  1.1295E-03
    5.010  1.1691E-03
    5.020  1.2041E-03
    5.030  1.2280E-03
    5.040  1.2374E-03
    5.050  1.2383E-03
    5.060  1.2407E-03
    5.070  1.2481E-03
    5.080  1.2576E-03
    5.090  1.2654E-03
    5.100  1.2702E-03
    5.110  1.2721E-03
    5.120  1.2724E-03
    5.130  1.2726E-03
    5.140  1.2727E-03
    5.150  1.2730E-03
    5.160  1.2739E-03
    5.170  1.2743E-03
    5.180  1.2745E-03
    5.190  1.2748E-03
    5.200  1.2780E-03
    5.210  1.2981E-03
    5.220  1.3449E-03
    5.230  1.4112E-03
    5.240  1.4729E-03
    5.250  1.5036E-03
    5.260  1.5070E-03
    5.270  1.5188E-03
    5.280  1.5596E-03
    5.290  1.6141E-03
    5.300  1.6573E-03
    5.310  1.6784E-03
    5.320  1.6828E-03
    5.330  1.6842E-03
    5.340  1.6938E-03
    5.350  1.7074E-03
    5.360  1.7134E-03
    5.370  1.7141E-03
    5.380  1.7205E-03
    5.390  1.7311E-03
    5.400  1.7392E-03
    5.410  1.7470E-03
    5.420  1.7688E-03
    5.430  1.8432E-03
    5.440  2.0231E-03
    5.450  2.3299E-03
    5.460  2.7345E-03
    5.470  3.1755E-03
    5.480  3.5682E-03
    5.490  3.8397E-03
    5.500  3.9754E-03
    5.510  4.0169E-03
    5.520  4.0218E-03
    5.530  4.0220E-03
    5.540  4.0221E-03
    5.550  4.0224E-03
    5.560  4.0235E-03
    5.570  4.0252E-03
    5.580  4.0322E-03
    5.590  4.0652E-03
    5.600  4.1673E-03
    5.610  4.3739E-03
    5.620  4.6786E-03
    5.630  5.0392E-03
    5.640  5.4111E-03
    5.650  5.7660E-03
    5.660  6.0688E-03
    5.670  6.2983E-03
    5.680  6.4733E-03
    5.690  6.6168E-03
    5.700  6.7533E-03
    5.710  6.9344E-03
    5.720  7.2248E-03
    5.730  7.6276E-03
    5.740  8.0302E-03
    5.750  8.3058E-03
    5.760  8.4317E-03
    5.770  8.4664E-03
    5.780  8.4719E-03
    5.790  8.4751E-03
    5.800  8.4829E-03
    5.810  8.4906E-03
    5.820  8.4919E-03
    5.830  8.4970E-03
    5.840  8.5137E-03
    5.850  8.5255E-03
    5.860  8.5274E-03
    5.870  8.5629E-03
    5.880  8.7190E-03
    5.890  9.1133E-03
    5.900  9.8981E-03
    5.910  1.1185E-02
    5.920  1.2840E-02
    5.930  1.4452E-02
    5.940  1.5626E-02
    5.950  1.6240E-02
    5.960  1.6438E-02
    5.970  1.6464E-02
    5.980  1.6465E-02
    5.990  1.6465E-02
    6.000  1.6477E-02
    6.010  1.6517E-02
    6.020  1.6580E-02
    6.030  1.6672E-02
    6.040  1.6847E-02
    6.050  1.7189E-02
    6.060  1.7769E-02
    6.070  1.8587E-02
    6.080  1.9532E-02
    6.090  2.0428E-02
    6.100  2.1109E-02
    6.110  2.1458E-02
    6.120  2.1526E-02
    6.130  2.1551E-02
    6.140  2.1721E-02
    6.150  2.2054E-02
    6.160  2.2421E-02
    6.170  2.2648E-02
    6.180  2.2711E-02
    6.190  2.2715E-02
    6.200  2.2716E-02
    6.210  2.2789E-02
    6.220  2.3210E-02
    6.230  2.4246E-02
    6.240  2.5770E-02
    6.250  2.7274E-02
    6.260  2.8360E-02
    6.270  2.9055E-02
    6.280  2.9542E-02
    6.290  2.9954E-02
    6.300  3.0398E-02
    6.310  3.1000E-02
    6.320  3.1889E-02
    6.330  3.3056E-02
    6.340  3.4246E-02
    6.350  3.5198E-02
    6.360  3.5938E-02
    6.370  3.6739E-02
    6.380  3.7877E-02
    6.390  3.9352E-02
    6.400  4.0776E-02
    6.410  4.1731E-02
    6.420  4.2212E-02
    6.430  4.2491E-02
    6.440  4.2813E-02
    6.450  4.3443E-02
    6.460  4.4708E-02
    6.470  4.6748E-02
    6.480  4.9235E-02
    6.490  5.1582E-02
    6.500  5.3417E-02
    6.510  5.4632E-02
    6.520  5.5256E-02
    6.530  5.5479E-02
    6.540  5.5541E-02
    6.550  5.5568E-02
    6.560  5.5611E-02
    6.570  5.5729E-02
    6.580  5.5993E-02
    6.590  5.6420E-02
    6.600  5.6955E-02
    6.610  5.7565E-02
    6.620  5.8354E-02
    6.630  5.9546E-02
    6.640  6.1235E-02
    6.650  6.3124E-02
    6.660  6.4803E-02
    6.670  6.6176E-02
    6.680  6.7325E-02
    6.690  6.8237E-02
    6.700  6.8848E-02
    6.710  6.9211E-02
    6.720  6.9462E-02
    6.730  6.9693E-02
    6.740  6.9986E-02
    6.750  7.0518E-02
    6.760  7.1580E-02
    6.770  7.3340E-02
    6.780  7.5372E-02
    6.790  7.6820E-02
    6.800  7.7340E-02
    6.810  7.7380E-02
    6.820  7.7571E-02
    6.830  7.8045E-02
    6.840  7.8579E-02
    6.850  7.8928E-02
    6.860  7.9042E-02
    6.870  7.9051E-02
    6.880  7.9157E-02
    6.890  7.9775E-02
    6.900  8.1576E-02
    6.910  8.4917E-02
    6.920  8.9263E-02
    6.930  9.3750E-02
    6.940  9.7880E-02
    6.950  1.0143E-01
    6.960  1.0423E-01
    6.970  1.0608E-01
    6.980  1.0697E-01
    6.990  1.0726E-01
    7.000  1.0734E-01
    7.010  1.0738E-01
    7.020  1.0745E-01
    7.030  1.0761E-01
    7.040  1.0803E-01
    7.050  1.0879E-01
    7.060  1.0968E-01
    7.070  1.1033E-01
    7.080  1.1073E-01
    7.090  1.1107E-01
    7.100  1.1161E-01
    7.110  1.1271E-01
    7.120  1.1458E-01
    7.130  1.1711E-01
    7.140  1.1991E-01
    7.150  1.2238E-01
    7.160  1.2391E-01
    7.170  1.2434E-01
    7.180  1.2442E-01
    7.190  1.2526E-01
    7.200  1.2698E-01
    7.210  1.2865E-01
    7.220  1.2969E-01
    7.230  1.3024E-01
    7.240  1.3052E-01
    7.250  1.3063E-01
    7.260  1.3064E-01
    7.270  1.3065E-01
    7.280  1.3067E-01
    7.290  1.3068E-01
    7.300  1.3069E-01
    7.310  1.3075E-01
    7.320  1.3084E-01
    7.330  1.3089E-01
    7.340  1.3090E-01
    7.350  1.3091E-01
    7.360  1.3094E-01
    7.370  1.3096E-01
    7.380  1.3097E-01
    7.390  1.3118E-01
    7.400  1.3225E-01
    7.410  1.3526E-01
    7.420  1.4108E-01
    7.430  1.4929E-01
    7.440  1.5807E-01
    7.450  1.6552E-01
    7.460  1.7090E-01
    7.470  1.7491E-01
    7.480  1.7872E-01
    7.490  1.8310E-01
    7.500  1.8791E-01
    7.510  1.9245E-01
    7.520  1.9646E-01
    7.530  2.0007E-01
    7.540  2.0318E-01
    7.550  2.0555E-01
    7.560  2.0726E-01
    7.570  2.0870E-01
    7.580  2.1026E-01
    7.590  2.1209E-01
    7.600  2.1390E-01
    7.610  2.1527E-01
    7.620  2.1610E-01
    7.630  2.1650E-01
    7.640  2.1663E-01
    7.650  2.1664E-01
    7.660  2.1672E-01
    7.670  2.1706E-01
    7.680  2.1769E-01
    7.690  2.1841E-01
    7.700  2.1902E-01
    7.710  2.1938E-01
    7.720  2.1948E-01
    7.730  2.1952E-01
    7.740  2.2006E-01
    7.750  2.2214E-01
    7.760  2.2642E-01
    7.770  2.3217E-01
    7.780  2.3781E-01
    7.790  2.4272E-01
    7.800  2.4740E-01
    7.810  2.5241E-01
    7.820  2.5749E-01
    7.830  2.6178E-01
    7.840  2.6496E-01
    7.850  2.6732E-01
    7.860  2.6936E-01
    7.870  2.7159E-01
    7.880  2.7437E-01
    7.890  2.7770E-01
    7.900  2.8127E-01
    7.910  2.8458E-01
    7.920  2.8724E-01
    7.930  2.8931E-01
    7.940  2.9096E-01
    7.950  2.9220E-01
    7.960  2.9303E-01
    7.970  2.9348E-01
    7.980  2.9366E-01
    7.990  2.9373E-01
    8.000  2.9379E-01
    8.010  2.9390E-01
    8.020  2.9402E-01
    8.030  2.9409E-01
    8.040  2.9413E-01
    8.050  2.9418E-01
    8.060  2.9429E-01
    8.070  2.9443E-01
    8.080  2.9447E-01
    8.090  2.9453E-01
    8.100  2.9492E-01
    8.110  2.9559E-01
    8.120  2.9615E-01
    8.130  2.9636E-01
    8.140  2.9639E-01
    8.150  2.9639E-01
    8.160  2.9640E-01
    8.170  2.9641E-01
    8.180  2.9641E-01
    8.190  2.9646E-01
    8.200  2.9684E-01
    8.210  2.9780E-01
    8.220  2.9906E-01
    8.230  3.0024E-01
    8.240  3.0135E-01
    8.250  3.0271E-01
    8.260  3.0481E-01
    8.270  3.0833E-01
    8.280  3.1395E-01
    8.290  3.2156E-01
    8.300  3.2952E-01
    8.310  3.3581E-01
    8.320  3.3992E-01
    8.330  3.4244E-01
    8.340  3.4379E-01
    8.350  3.4427E-01
    8.360  3.4432E-01
    8.370  3.4435E-01
    8.380  3.4441E-01
    8.390  3.4442E-01
    8.400  3.4442E-01
    8.410  3.4443E-01
    8.420  3.4443E-01
    8.430  3.4444E-01
    8.440  3.4444E-01
    8.450  3.4449E-01
    8.460  3.4459E-01
    8.470  3.4464E-01
    8.480  3.4465E-01
    8.490  3.4470E-01
    8.500  3.4473E-01
    8.510  3.4474E-01
    8.520  3.4481E-01
    8.530  3.4499E-01
    8.540  3.4521E-01
    8.550  3.4537E-01
    8.560  3.4546E-01
    8.570  3.4550E-01
    8.580  3.4551E-01
    8.590  3.4552E-01
    8.600  3.4557E-01
    8.610  3.4561E-01
    8.620  3.4561E-01
    8.630  3.4577E-01
    8.640  3.4651E-01
    8.650  3.4796E-01
    8.660  3.4949E-01
    8.670  3.5063E-01
    8.680  3.5162E-01
    8.690  3.5298E-01
    8.700  3.5495E-01
    8.710  3.5727E-01
    8.720  3.5931E-01
    8.730  3.6060E-01
    8.740  3.6130E-01
    8.750  3.6197E-01
    8.760  3.6322E-01
    8.770  3.6543E-01
    8.780  3.6844E-01
    8.790  3.7183E-01
    8.800  3.7523E-01
    8.810  3.7824E-01
    8.820  3.8042E-01
    8.830  3.8151E-01
    8.840  3.8178E-01
    8.850  3.8179E-01
    8.860  3.8191E-01
    8.870  3.8216E-01
    8.880  3.8235E-01
    8.890  3.8243E-01
    8.900  3.8249E-01
    8.910  3.8270E-01
    8.920  3.8324E-01
    8.930  3.8413E-01
    8.940  3.8536E-01
    8.950  3.8681E-01
    8.960  3.8802E-01
    8.970  3.8868E-01
    8.980  3.8889E-01
    8.990  3.8890E-01
    9.000  3.8892E-01
    9.010  3.8894E-01
    9.020  3.8896E-01
    9.030  3.8913E-01
    9.040  3.8941E-01
    9.050  3.8947E-01
    9.060  3.8972E-01
    9.070  3.9070E-01
    9.080  3.9247E-01
    9.090  3.9551E-01
    9.100  4.0070E-01
    9.110  4.0789E-01
    9.120  4.1574E-01
    9.130  4.2309E-01
    9.140  4.2960E-01
    9.150  4.3504E-01
    9.160  4.3846E-01
    9.170  4.3959E-01
    9.180  4.3968E-01
    9.190  4.3974E-01
    9.200  4.3986E-01
    9.210  4.4000E-01
    9.220  4.4020E-01
    9.230  4.4054E-01
    9.240  4.4090E-01
    9.250  4.4112E-01
    9.260  4.4122E-01
    9.270  4.4124E-01
    9.280  4.4128E-01
    9.290  4.4146E-01
    9.300  4.4205E-01
    9.310  4.4296E-01
    9.320  4.4368E-01
    9.330  4.4393E-01
    9.340  4.4397E-01
    9.350  4.4401E-01
    9.360  4.4437E-01
    9.370  4.4541E-01
    9.380  4.4690E-01
    9.390  4.4829E-01
    9.400  4.4941E-01
    9.410  4.5059E-01
    9.420  4.5221E-01
    9.430  4.5473E-01
    9.440  4.5868E-01
    9.450  4.6430E-01
    9.460  4.7136E-01
    9.470  4.7926E-01
    9.480  4.8735E-01
    9.490  4.9587E-01
    9.500  5.0564E-01
    9.510  5.1669E-01
    9.520  5.2770E-01
    9.530  5.3728E-01
    9.540  5.4500E-01
    9.550  5.5081E-01
    9.560  5.5462E-01
    9.570  5.5642E-01
    9.580  5.5680E-01
    9.590  5.5690E-01
    9.600  5.5770E-01
    9.610  5.5931E-01
    9.620  5.6109E-01
    9.630  5.6257E-01
    9.640  5.6368E-01
    9.650  5.6449E-01
    9.660  5.6503E-01
    9.670  5.6536E-01
    9.680  5.6551E-01
    9.690  5.6556E-01
    9.700  5.6560E-01
    9.710  5.6573E-01
    9.720  5.6625E-01
    9.730  5.6752E-01
    9.740  5.6948E-01
    9.750  5.7175E-01
    9.760  5.7400E-01
    9.770  5.7578E-01
    9.780  5.7677E-01
    9.790  5.7707E-01
    9.800  5.7709E-01
    9.810  5.7721E-01
    9.820  5.7762E-01
    9.830  5.7822E-01
    9.840  5.7866E-01
    9.850  5.7880E-01
    9.860  5.7882E-01
    9.870  5.7906E-01
    9.880  5.7959E-01
    9.890  5.7994E-01
    9.900  5.7998E-01
    9.910  5.8057E-01
    9.920  5.8286E-01
    9.930  5.8721E-01
    9.940  5.9289E-01
    9.950  5.9908E-01
    9.960  6.0539E-01
    9.970  6.1124E-01
    9.980  6.1566E-01
    9.990  6.1807E-01
   10.000  6.1888E-01
   10.010  6.1896E-01
   10.020  6.1922E-01
   10.030  6.2015E-01
   10.040  6.2139E-01
   10.050  6.2236E-01
   10.060  6.2303E-01
   10.070  6.2367E-01
   10.080  6.2437E-01
   10.090  6.2496E-01
   10.100  6.2524E-01
   10.110  6.2529E-01
   10.120  6.2529E-01
   10.130  6.2529E-01
   10.140  6.2534E-01
   10.150  6.2554E-01
   10.160  6.2587E-01
   10.170  6.2613E-01
   10.180  6.2629E-01
   10.190  6.2648E-01
   10.200  6.2705E-01
   10.210  6.2853E-01
   10.220  6.3115E-01
   10.230  6.3435E-01
   10.240  6.3685E-01
   10.250  6.3809E-01
   10.260  6.3860E-01
   10.270  6.3898E-01
   10.280  6.3955E-01
   10.290  6.4046E-01
   10.300  6.4156E-01
   10.310  6.4252E-01
   10.320  6.4311E-01
   10.330  6.4338E-01
   10.340  6.4348E-01
   10.350  6.4350E-01
   10.360  6.4350E-01
   10.370  6.4353E-01
   10.380  6.4363E-01
   10.390  6.4369E-01
   10.400  6.4371E-01
   10.410  6.4394E-01
   10.420  6.4429E-01
   10.430  6.4449E-01
   10.440  6.4454E-01
   10.450  6.4454E-01
   10.460  6.4460E-01
   10.470  6.4511E-01
   10.480  6.4719E-01
   10.490  6.5214E-01
   10.500  6.6015E-01
   10.510  6.6960E-01
   10.520  6.7776E-01
   10.530  6.8275E-01
   10.540  6.8487E-01
   10.550  6.8548E-01
   10.560  6.8564E-01
   10.570  6.8577E-01
   10.580  6.8605E-01
   10.590  6.8645E-01
   10.600  6.8681E-01
   10.610  6.8704E-01
   10.620  6.8718E-01
   10.630  6.8729E-01
   10.640  6.8741E-01
   10.650  6.8747E-01
   10.660  6.8748E-01
   10.670  6.8752E-01
   10.680  6.8759E-01
   10.690  6.8762E-01
   10.700  6.8764E-01
   10.710  6.8764E-01
   10.720  6.8773E-01
   10.730  6.8815E-01
   10.740  6.8926E-01
   10.750  6.9131E-01
   10.760  6.9426E-01
   10.770  6.9780E-01
   10.780  7.0146E-01
   10.790  7.0461E-01
   10.800  7.0663E-01
   10.810  7.0753E-01
   10.820  7.0789E-01
   10.830  7.0814E-01
   10.840  7.0840E-01
   10.850  7.0862E-01
   10.860  7.0883E-01
   10.870  7.0915E-01
   10.880  7.0954E-01
   10.890  7.0977E-01
   10.900  7.0979E-01
   10.910  7.0992E-01
   10.920  7.1024E-01
   10.930  7.1052E-01
   10.940  7.1068E-01
   10.950  7.1082E-01
   10.960  7.1099E-01
   10.970  7.1120E-01
   10.980  7.1133E-01
   10.990  7.1134E-01
   11.000  7.1138E-01
   11.010  7.1140E-01
   11.020  7.1142E-01
   11.030  7.1148E-01
   11.040  7.1150E-01
   11.050  7.1175E-01
   11.060  7.1253E-01
   11.070  7.1336E-01
   11.080  7.1374E-01
   11.090  7.1382E-01
   11.100  7.1383E-01
   11.110  7.1386E-01
   11.120  7.1414E-01
   11.130  7.1499E-01
   11.140  7.1643E-01
   11.150  7.1799E-01
   11.160  7.1923E-01
   11.170  7.2008E-01
   11.180  7.2070E-01
   11.190  7.2116E-01
   11.200  7.2146E-01
   11.210  7.2158E-01
   11.220  7.2159E-01
   11.230  7.2166E-01
   11.240  7.2198E-01
   11.250  7.2257E-01
   11.260  7.2321E-01
   11.270  7.2368E-01
   11.280  7.2396E-01
   11.290  7.2417E-01
   11.300  7.2446E-01
   11.310  7.2502E-01
   11.320  7.2601E-01
   11.330  7.2754E-01
   11.340  7.2979E-01
   11.350  7.3292E-01
   11.360  7.3662E-01
   11.370  7.3996E-01
   11.380  7.4209E-01
   11.390  7.4295E-01
   11.400  7.4311E-01
   11.410  7.4312E-01
   11.420  7.4315E-01
   11.430  7.4323E-01
   11.440  7.4332E-01
   11.450  7.4336E-01
   11.460  7.4337E-01
   11.470  7.4356E-01
   11.480  7.4409E-01
   11.490  7.4497E-01
   11.500  7.4589E-01
   11.510  7.4649E-01
   11.520  7.4667E-01
   11.530  7.4669E-01
   11.540  7.4682E-01
   11.550  7.4710E-01
   11.560  7.4739E-01
   11.570  7.4760E-01
   11.580  7.4772E-01
   11.590  7.4776E-01
   11.600  7.4778E-01
   11.610  7.4778E-01
   11.620  7.4778E-01
   11.630  7.4778E-01
   11.640  7.4778E-01
   11.650  7.4780E-01
   11.660  7.4790E-01
   11.670  7.4834E-01
   11.680  7.4940E-01
   11.690  7.5087E-01
   11.700  7.5211E-01
   11.710  7.5276E-01
   11.720  7.5299E-01
   11.730  7.5309E-01
   11.740  7.5318E-01
   11.750  7.5327E-01
   11.760  7.5332E-01
   11.770  7.5336E-01
   11.780  7.5340E-01
   11.790  7.5344E-01
   11.800  7.5346E-01
   11.810  7.5346E-01
   11.820  7.5346E-01
   11.830  7.5346E-01
   11.840  7.5347E-01
   11.850  7.5347E-01
   11.860  7.5347E-01
   11.870  7.5347E-01
   11.880  7.5352E-01
   11.890  7.5400E-01
   11.900  7.5544E-01
   11.910  7.5772E-01
   11.920  7.6001E-01
   11.930  7.6165E-01
   11.940  7.6263E-01
   11.950  7.6332E-01
   11.960  7.6404E-01
   11.970  7.6521E-01
   11.980  7.6744E-01
   11.990  7.7140E-01
   12.000  7.7723E-01
   12.010  7.8428E-01
   12.020  7.9173E-01
   12.030  7.9891E-01
   12.040  8.0512E-01
   12.050  8.0967E-01
   12.060  8.1237E-01
   12.070  8.1348E-01
   12.080  8.1366E-01
   12.090  8.1377E-01
   12.100  8.1459E-01
   12.110  8.1647E-01
   12.120  8.1917E-01
   12.130  8.2209E-01
   12.140  8.2483E-01
   12.150  8.2754E-01
   12.160  8.3076E-01
   12.170  8.3510E-01
   12.180  8.4082E-01
   12.190  8.4778E-01
   12.200  8.5574E-01
   12.210  8.6431E-01
   12.220  8.7274E-01
   12.230  8.8018E-01
   12.240  8.8615E-01
   12.250  8.9050E-01
   12.260  8.9326E-01
   12.270  8.9463E-01
   12.280  8.9502E-01
   12.290  8.9504E-01
   12.300  8.9516E-01
   12.310  8.9536E-01
   12.320  8.9549E-01
   12.330  8.9550E-01
   12.340  8.9560E-01
   12.350  8.9600E-01
   12.360  8.9664E-01
   12.370  8.9725E-01
   12.380  8.9767E-01
   12.390  8.9789E-01
   12.400  8.9795E-01
   12.410  8.9796E-01
   12.420  8.9814E-01
   12.430  8.9858E-01
   12.440  8.9924E-01
   12.450  8.9988E-01
   12.460  9.0031E-01
   12.470  9.0049E-01
   12.480  9.0053E-01
   12.490  9.0053E-01
   12.500  9.0056E-01
   12.510  9.0060E-01
   12.520  9.0064E-01
   12.530  9.0067E-01
   12.540  9.0070E-01
   12.550  9.0071E-01
   12.560  9.0076E-01
   12.570  9.0105E-01
   12.580  9.0168E-01
   12.590  9.0242E-01
   12.600  9.0302E-01
   12.610  9.0339E-01
   12.620  9.0360E-01
   12.630  9.0374E-01
   12.640  9.0390E-01
   12.650  9.0416E-01
   12.660  9.0456E-01
   12.670  9.0508E-01
   12.680  9.0562E-01
   12.690  9.0609E-01
   12.700  9.0636E-01
   12.710  9.0643E-01
   12.720  9.0645E-01
   12.730  9.0668E-01
   12.740  9.0739E-01
   12.750  9.0856E-01
   12.760  9.0980E-01
   12.770  9.1071E-01
   12.780  9.1110E-01
   12.790  9.1116E-01
   12.800  9.1118E-01
   12.810  9.1123E-01
   12.820  9.1125E-01
   12.830  9.1139E-01
   12.840  9.1217E-01
   12.850  9.1400E-01
   12.860  9.1676E-01
   12.870  9.2012E-01
   12.880  9.2381E-01
   12.890  9.2747E-01
   12.900  9.3063E-01
   12.910  9.3309E-01
   12.920  9.3491E-01
   12.930  9.3627E-01
   12.940  9.3723E-01
   12.950  9.3777E-01
   12.960  9.3795E-01
   12.970  9.3797E-01
   12.980  9.3822E-01
   12.990  9.3898E-01
   13.000  9.4037E-01
   13.010  9.4254E-01
   13.020  9.4549E-01
   13.030  9.4880E-01
   13.040  9.5173E-01
   13.050  9.5374E-01
   13.060  9.5485E-01
   13.070  9.5544E-01
   13.080  9.5583E-01
   13.090  9.5612E-01
   13.100  9.5632E-01
   13.110  9.5640E-01
   13.120  9.5641E-01
   13.130  9.5641E-01
   13.140  9.5642E-01
   13.150  9.5644E-01
   13.160  9.5648E-01
   13.170  9.5650E-01
   13.180  9.5651E-01
   13.190  9.5663E-01
   13.200  9.5696E-01
   13.210  9.5746E-01
   13.220  9.5803E-01
   13.230  9.5864E-01
   13.240  9.5927E-01
   13.250  9.5986E-01
   13.260  9.6039E-01
   13.270  9.6089E-01
   13.280  9.6131E-01
   13.290  9.6162E-01
   13.300  9.6183E-01
   13.310  9.6197E-01
   13.320  9.6211E-01
   13.330  9.6230E-01
   13.340  9.6257E-01
   13.350  9.6294E-01
   13.360  9.6335E-01
   13.370  9.6373E-01
   13.380  9.6403E-01
   13.390  9.6425E-01
   13.400  9.6443E-01
   13.410  9.6457E-01
   13.420  9.6466E-01
   13.430  9.6474E-01
   13.440  9.6485E-01
   13.450  9.6503E-01
   13.460  9.6529E-01
   13.470  9.6560E-01
   13.480  9.6584E-01
   13.490  9.6596E-01
   13.500  9.6597E-01
   13.510  9.6601E-01
   13.520  9.6616E-01
   13.530  9.6639E-01
   13.540  9.6662E-01
   13.550  9.6673E-01
   13.560  9.6675E-01
   13.570  9.6678E-01
   13.580  9.6697E-01
   13.590  9.6747E-01
   13.600  9.6825E-01
   13.610  9.6904E-01
   13.620  9.6959E-01
   13.630  9.6984E-01
   13.640  9.6992E-01
   13.650  9.6993E-01
   13.660  9.6993E-01
   13.670  9.6994E-01
   13.680  9.6999E-01
   13.690  9.7014E-01
   13.700  9.7042E-01
   13.710  9.7081E-01
   13.720  9.7123E-01
   13.730  9.7163E-01
   13.740  9.7196E-01
   13.750  9.7216E-01
   13.760  9.7225E-01
   13.770  9.7227E-01
   13.780  9.7227E-01
   13.790  9.7229E-01
   13.800  9.7237E-01
   13.810  9.7254E-01
   13.820  9.7282E-01
   13.830  9.7324E-01
   13.840  9.7383E-01
   13.850  9.7462E-01
   13.860  9.7571E-01
   13.870  9.7714E-01
   13.880  9.7873E-01
   13.890  9.8011E-01
   13.900  9.8097E-01
   13.910  9.8133E-01
   13.920  9.8141E-01
   13.930  9.8141E-01
   13.940  9.8144E-01
   13.950  9.8153E-01
   13.960  9.8175E-01
   13.970  9.8216E-01
   13.980  9.8272E-01
   13.990  9.8331E-01
   14.000  9.8375E-01
   14.010  9.8397E-01
   14.020  9.8403E-01
   14.030  9.8404E-01
   14.040  9.8408E-01
   14.050  9.8417E-01
   14.060  9.8425E-01
   14.070  9.8429E-01
   14.080  9.8430E-01
   14.090  9.8430E-01
   14.100  9.8430E-01
   14.110  9.8431E-01
   14.120  9.8431E-01
   14.130  9.8432E-01
   14.140  9.8433E-01
   14.150  9.8434E-01
   14.160  9.8437E-01
   14.170  9.8439E-01
   14.180  9.8440E-01
   14.190  9.8442E-01
   14.200  9.8450E-01
   14.210  9.8463E-01
   14.220  9.8479E-01
   14.230  9.8492E-01
   14.240  9.8504E-01
   14.250  9.8512E-01
   14.260  9.8516E-01
   14.270  9.8516E-01
   14.280  9.8518E-01
   14.290  9.8523E-01
   14.300  9.8529E-01
   14.310  9.8532E-01
   14.320  9.8533E-01
   14.330  9.8533E-01
   14.340  9.8533E-01
   14.350  9.8534E-01
   14.360  9.8535E-01
   14.370  9.8536E-01
   14.380  9.8539E-01
   14.390  9.8542E-01
   14.400  9.8551E-01
   14.410  9.8569E-01
   14.420  9.8602E-01
   14.430  9.8656E-01
   14.440  9.8731E-01
   14.450  9.8822E-01
   14.460  9.8910E-01
   14.470  9.8977E-01
   14.480  9.9018E-01
   14.490  9.9039E-01
   14.500  9.9050E-01
   14.510  9.9057E-01
   14.520  9.9064E-01
   14.530  9.9072E-01
   14.540  9.9087E-01
   14.550  9.9110E-01
   14.560  9.9141E-01
   14.570  9.9174E-01
   14.580  9.9203E-01
   14.590  9.9225E-01
   14.600  9.9237E-01
   14.610  9.9245E-01
   14.620  9.9250E-01
   14.630  9.9255E-01
   14.640  9.9260E-01
   14.650  9.9262E-01
   14.660  9.9263E-01
   14.670  9.9263E-01
   14.680  9.9266E-01
   14.690  9.9271E-01
   14.700  9.9281E-01
   14.710  9.9295E-01
   14.720  9.9311E-01
   14.730  9.9326E-01
   14.740  9.9339E-01
   14.750  9.9349E-01
   14.760  9.9355E-01
   14.770  9.9359E-01
   14.780  9.9361E-01
   14.790  9.9362E-01
   14.800  9.9362E-01
   14.810  9.9362E-01
   14.820  9.9362E-01
   14.830  9.9363E-01
   14.840  9.9363E-01
   14.850  9.9363E-01
   14.860  9.9363E-01
   14.870  9.9365E-01
   14.880  9.9370E-01
   14.890  9.9383E-01
   14.900  9.9406E-01
   14.910  9.9439E-01
   14.920  9.9477E-01
   14.930  9.9513E-01
   14.940  9.9544E-01
   14.950  9.9568E-01
   14.960  9.9586E-01
   14.970  9.9600E-01
   14.980  9.9609E-01
   14.990  9.9615E-01
   15.000  9.9618E-01
   15.010  9.9619E-01
   15.020  9.9619E-01
   15.030  9.9619E-01
   15.040  9.9619E-01
   15.050  9.9619E-01
   15.060  9.9619E-01
   15.070  9.9620E-01
   15.080  9.9621E-01
   15.090  9.9622E-01
   15.100  9.9623E-01
   15.110  9.9624E-01
   15.120  9.9624E-01
   15.130  9.9624E-01
   15.140  9.9625E-01
   15.150  9.9626E-01
   15.160  9.9628E-01
   15.170  9.9628E-01
   15.180  9.9628E-01
   15.190  9.9628E-01
   15.200  9.9630E-01
   15.210  9.9631E-01
   15.220  9.9632E-01
   15.230  9.9633E-01
   15.240  9.9634E-01
   15.250  9.9634E-01
   15.260  9.9634E-01
   15.270  9.9635E-01
   15.280  9.9638E-01
   15.290  9.9642E-01
   15.300  9.9650E-01
   15.310  9.9661E-01
   15.320  9.9670E-01
   15.330  9.9677E-01
   15.340  9.9681E-01
   15.350  9.9683E-01
   15.360  9.9684E-01
   15.370  9.9684E-01
   15.380  9.9684E-01
   15.390  9.9684E-01
   15.400  9.9685E-01
   15.410  9.9685E-01
   15.420  9.9686E-01
   15.430  9.9687E-01
   15.440  9.9687E-01
   15.450  9.9687E-01
   15.460  9.9687E-01
   15.470  9.9687E-01
   15.480  9.9688E-01
   15.490  9.9688E-01
   15.500  9.9690E-01
   15.510  9.9692E-01
   15.520  9.9697E-01
   15.530  9.9701E-01
   15.540  9.9705E-01
   15.550  9.9707E-01
   15.560  9.9708E-01
   15.570  9.9708E-01
   15.580  9.9708E-01
   15.590  9.9709E-01
   15.600  9.9709E-01
   15.610  9.9710E-01
   15.620  9.9710E-01
   15.630  9.9710E-01
   15.640  9.9710E-01
   15.650  9.9710E-01
   15.660  9.9710E-01
   15.670  9.9710E-01
   15.680  9.9710E-01
   15.690  9.9711E-01
   15.700  9.9712E-01
   15.710  9.9713E-01
   15.720  9.9713E-01
   15.730  9.9713E-01
   15.740  9.9714E-01
   15.750  9.9718E-01
   15.760  9.9724E-01
   15.770  9.9735E-01
   15.780  9.9748E-01
   15.790  9.9763E-01
   15.800  9.9777E-01
   15.810  9.9788E-01
   15.820  9.9796E-01
   15.830  9.9800E-01
   15.840  9.9802E-01
   15.850  9.9803E-01
   15.860  9.9804E-01
   15.870  9.9804E-01
   15.880  9.9804E-01
   15.890  9.9804E-01
   15.900  9.9804E-01
   15.910  9.9804E-01
   15.920  9.9804E-01
   15.930  9.9804E-01
   15.940  9.9804E-01
   15.950  9.9804E-01
   15.960  9.9804E-01
   15.970  9.9804E-01
   15.980  9.9805E-01
   15.990  9.9805E-01
   16.000  9.9805E-01
   16.010  9.9806E-01
   16.020  9.9808E-01
   16.030  9.9810E-01
   16.040  9.9813E-01
   16.050  9.9817E-01
   16.060  9.9822E-01
   16.070  9.9827E-01
   16.080  9.9833E-01
   16.090  9.9838E-01
   16.100  9.9843E-01
   16.110  9.9846E-01
   16.120  9.9850E-01
   16.130  9.9855E-01
   16.140  9.9861E-01
   16.150  9.9868E-01
   16.160  9.9875E-01
   16.170  9.9881E-01
   16.180  9.9885E-01
   16.190  9.9888E-01
   16.200  9.9889E-01
   16.210  9.9890E-01
   16.220  9.9890E-01
   16.230  9.9890E-01
   16.240  9.9890E-01
   16.250  9.9890E-01
   16.260  9.9890E-01
   16.270  9.9891E-01
   16.280  9.9891E-01
   16.290  9.9891E-01
   16.300  9.9891E-01
   16.310  9.9891E-01
   16.320  9.9891E-01
   16.330  9.9892E-01
   16.340  9.9893E-01
   16.350  9.9894E-01
   16.360  9.9897E-01
   16.370  9.9900E-01
   16.380  9.9903E-01
   16.390  9.9905E-01
   16.400  9.9906E-01
   16.410  9.9907E-01
   16.420  9.9907E-01
   16.430  9.9907E-01
   16.440  9.9908E-01
   16.450  9.9908E-01
   16.460  9.9908E-01
   16.470  9.9908E-01
   16.480  9.9908E-01
   16.490  9.9908E-01
   16.500  9.9908E-01
   16.510  9.9908E-01
   16.520  9.9908E-01
   16.530  9.9908E-01
   16.540  9.9909E-01
   16.550  9.9910E-01
   16.560  9.9910E-01
   16.570  9.9910E-01
   16.580  9.9911E-01
   16.590  9.9911E-01
   16.600  9.9911E-01
   16.610  9.9912E-01
   16.620  9.9913E-01
   16.630  9.9915E-01
   16.640  9.9917E-01
   16.650  9.9918E-01
   16.660  9.9919E-01
   16.670  9.9920E-01
   16.680  9.9920E-01
   16.690  9.9920E-01
   16.700  9.9920E-01
   16.710  9.9920E-01
   16.720  9.9920E-01
   16.730  9.9920E-01
   16.740  9.9921E-01
   16.750  9.9921E-01
   16.760  9.9922E-01
   16.770  9.9922E-01
   16.780  9.9923E-01
   16.790  9.9923E-01
   16.800  9.9924E-01
   16.810  9.9925E-01
   16.820  9.9925E-01
   16.830  9.9925E-01
   16.840  9.9925E-01
   16.850  9.9925E-01
   16.860  9.9925E-01
   16.870  9.9925E-01
   16.880  9.9926E-01
   16.890  9.9926E-01
   16.900  9.9927E-01
   16.910  9.9928E-01
   16.920  9.9929E-01
   16.930  9.9929E-01
   16.940  9.9929E-01
   16.950  9.9930E-01
   16.960  9.9930E-01
   16.970  9.9930E-01
   16.980  9.9931E-01
   16.990  9.9932E-01
   17.000  9.9934E-01
   17.010  9.9935E-01
   17.020  9.9937E-01
   17.030  9.9938E-01
   17.040  9.9938E-01
   17.050  9.9939E-01
   17.060  9.9939E-01
   17.070  9.9939E-01
   17.080  9.9939E-01
   17.090  9.9939E-01
   17.100  9.9939E-01
   17.110  9.9939E-01
   17.120  9.9939E-01
   17.130  9.9939E-01
   17.140  9.9939E-01
   17.150  9.9939E-01
   17.160  9.9939E-01
   17.170  9.9939E-01
   17.180  9.9939E-01
   17.190  9.9939E-01
   17.200  9.9939E-01
   17.210  9.9940E-01
   17.220  9.9940E-01
   17.230  9.9941E-01
   17.240  9.9941E-01
   17.250  9.9941E-01
   17.260  9.9941E-01
   17.270  9.9941E-01
   17.280  9.9941E-01
   17.290  9.9941E-01
   17.300  9.9942E-01
   17.310  9.9942E-01
   17.320  9.9943E-01
   17.330  9.9943E-01
   17.340  9.9944E-01
   17.350  9.9944E-01
   17.360  9.9944E-01
   17.370  9.9945E-01
   17.380  9.9946E-01
   17.390  9.9946E-01
   17.400  9.9947E-01
   17.410  9.9947E-01
   17.420  9.9947E-01
   17.430  9.9947E-01
   17.440  9.9947E-01
   17.450  9.9948E-01
   17.460  9.9948E-01
   17.470  9.9949E-01
   17.480  9.9950E-01
   17.490  9.9951E-01
   17.500  9.9952E-01
   17.510  9.9952E-01
   17.520  9.9953E-01
   17.530  9.9954E-01
   17.540  9.9954E-01
   17.550  9.9954E-01
   17.560  9.9954E-01
   17.570  9.9955E-01
   17.580  9.9955E-01
   17.590  9.9955E-01
   17.600  9.9955E-01
   17.610  9.9955E-01
   17.620  9.9955E-01
   17.630  9.9955E-01
   17.640  9.9955E-01
   17.650  9.9955E-01
   17.660  9.9955E-01
   17.670  9.9955E-01
   17.680  9.9955E-01
   17.690  9.9955E-01
   17.700  9.9955E-01
   17.710  9.9955E-01
   17.720  9.9955E-01
   17.730  9.9955E-01
   17.740  9.9955E-01
   17.750  9.9955E-01
   17.760  9.9955E-01
   17.770  9.9956E-01
   17.780  9.9956E-01
   17.790  9.9956E-01
   17.800  9.9956E-01
   17.810  9.9956E-01
   17.820  9.9956E-01
   17.830  9.9956E-01
   17.840  9.9956E-01
   17.850  9.9956E-01
   17.860  9.9956E-01
   17.870  9.9956E-01
   17.880  9.9956E-01
   17.890  9.9956E-01
   17.900  9.9956E-01
   17.910  9.9956E-01
   17.920  9.9956E-01
   17.930  9.9956E-01
   17.940  9.9956E-01
   17.950  9.9957E-01
   17.960  9.9957E-01
   17.970  9.9957E-01
   17.980  9.9957E-01
   17.990  9.9958E-01
   18.000  9.9958E-01
   18.010  9.9958E-01
   18.020  9.9958E-01
   18.030  9.9958E-01
   18.040  9.9958E-01
   18.050  9.9958E-01
   18.060  9.9958E-01
   18.070  9.9958E-01
   18.080  9.9959E-01
   18.090  9.9959E-01
   18.100  9.9959E-01
   18.110  9.9960E-01
   18.120  9.9960E-01
   18.130  9.9960E-01
   18.140  9.9960E-01
   18.150  9.9960E-01
   18.160  9.9960E-01
   18.170  9.9960E-01
   18.180  9.9960E-01
   18.190  9.9960E-01
   18.200  9.9960E-01
   18.210  9.9960E-01
   18.220  9.9961E-01
   18.230  9.9961E-01
   18.240  9.9961E-01
   18.250  9.9961E-01
   18.260  9.9962E-01
   18.270  9.9962E-01
   18.280  9.9962E-01
   18.290  9.9962E-01
   18.300  9.9962E-01
   18.310  9.9962E-01
   18.320  9.9962E-01
   18.330  9.9962E-01
   18.340  9.9962E-01
   18.350  9.9962E-01
   18.360  9.9962E-01
   18.370  9.9962E-01
   18.380  9.9962E-01
   18.390  9.9962E-01
   18.400  9.9962E-01
   18.410  9.9963E-01
   18.420  9.9963E-01
   18.430  9.9963E-01
   18.440  9.9963E-01
   18.450  9.9963E-01
   18.460  9.9963E-01
   18.470  9.9963E-01
   18.480  9.9963E-01
   18.490  9.9963E-01
   18.500  9.9963E-01
   18.510  9.9963E-01
   18.520  9.9963E-01
   18.530  9.9963E-01
   18.540  9.9963E-01
   18.550  9.9963E-01
   18.560  9.9963E-01
   18.570  9.9963E-01
   18.580  9.9963E-01
   18.590  9.9963E-01
   18.600  9.9963E-01
   18.610  9.9963E-01
   18.620  9.9963E-01
   18.630  9.9963E-01
   18.640  9.9963E-01
   18.650  9.9963E-01
   18.660  9.9963E-01
   18.670  9.9963E-01
   18.680  9.9963E-01
   18.690  9.9963E-01
   18.700  9.9963E-01
   18.710  9.9964E-01
   18.720  9.9964E-01
   18.730  9.9964E-01
   18.740  9.9964E-01
   18.750  9.9964E-01
   18.760  9.9964E-01
   18.770  9.9964E-01
   18.780  9.9964E-01
   18.790  9.9964E-01
   18.800  9.9964E-01
   18.810  9.9964E-01
   18.820  9.9964E-01
   18.830  9.9964E-01
   18.840  9.9964E-01
   18.850  9.9964E-01
   18.860  9.9964E-01
   18.870  9.9964E-01
   18.880  9.9964E-01
   18.890  9.9964E-01
   18.900  9.9964E-01
   18.910  9.9964E-01
   18.920  9.9964E-01
   18.930  9.9964E-01
   18.940  9.9964E-01
   18.950  9.9964E-01
   18.960  9.9964E-01
   18.970  9.9964E-01
   18.980  9.9964E-01
   18.990  9.9964E-01
   19.000  9.9964E-01
   19.010  9.9964E-01
   19.020  9.9964E-01
   19.030  9.9964E-01
   19.040  9.9964E-01
   19.050  9.9964E-01
   19.060  9.9964E-01
   19.070  9.9964E-01
   19.080  9.9964E-01
   19.090  9.9964E-01
   19.100  9.9964E-01
   19.110  9.9964E-01
   19.120  9.9964E-01
   19.130  9.9964E-01
   19.140  9.9964E-01
   19.150  9.9964E-01
   19.160  9.9964E-01
   19.170  9.9964E-01
   19.180  9.9964E-01
   19.190  9.9964E-01
   19.200  9.9964E-01
   19.210  9.9964E-01
   19.220  9.9964E-01
   19.230  9.9964E-01
   19.240  9.9964E-01
   19.250  9.9964E-01
   19.260  9.9964E-01
   19.270  9.9964E-01
   19.280  9.9964E-01
   19.290  9.9964E-01
   19.300  9.9964E-01
   19.310  9.9964E-01
   19.320  9.9964E-01
   19.330  9.9964E-01
   19.340  9.9964E-01
   19.350  9.9964E-01
   19.360  9.9964E-01
   19.370  9.9964E-01
   19.380  9.9964E-01
   19.390  9.9964E-01
   19.400  9.9964E-01
   19.410  9.9964E-01
   19.420  9.9964E-01
   19.430  9.9964E-01
   19.440  9.9964E-01
   19.450  9.9964E-01
   19.460  9.9964E-01
   19.470  9.9964E-01
   19.480  9.9964E-01
   19.490  9.9964E-01
   19.500  9.9964E-01
   19.510  9.9964E-01
   19.520  9.9964E-01
   19.530  9.9964E-01
   19.540  9.9964E-01
   19.550  9.9965E-01
   19.560  9.9965E-01
   19.570  9.9965E-01
   19.580  9.9965E-01
   19.590  9.9965E-01
   19.600  9.9965E-01
   19.610  9.9965E-01
   19.620  9.9965E-01
   19.630  9.9965E-01
   19.640  9.9965E-01
   19.650  9.9966E-01
   19.660  9.9966E-01
   19.670  9.9966E-01
   19.680  9.9966E-01
   19.690  9.9966E-01
   19.700  9.9966E-01
   19.710  9.9966E-01
   19.720  9.9966E-01
   19.730  9.9966E-01
   19.740  9.9966E-01
   19.750  9.9966E-01
   19.760  9.9966E-01
   19.770  9.9966E-01
   19.780  9.9966E-01
   19.790  9.9966E-01
   19.800  9.9966E-01
   19.810  9.9966E-01
   19.820  9.9966E-01
   19.830  9.9966E-01
   19.840  9.9966E-01
   19.850  9.9966E-01
   19.860  9.9966E-01
   19.870  9.9966E-01
   19.880  9.9967E-01
   19.890  9.9967E-01
   19.900  9.9967E-01
   19.910  9.9967E-01
   19.920  9.9967E-01
   19.930  9.9967E-01
   19.940  9.9967E-01
   19.950  9.9967E-01
   19.960  9.9967E-01
   19.970  9.9967E-01
   19.980  9.9967E-01
   19.990  9.9967E-01
   20.000  9.9967E-01
   20.010  9.9967E-01
   20.020  9.9967E-01
   20.030  9.9967E-01
   20.040  9.9967E-01
   20.050  9.9967E-01
   20.060  9.9967E-01
   20.070  9.9967E-01
   20.080  9.9967E-01
   20.090  9.9967E-01
   20.100  9.9967E-01
   20.110  9.9967E-01
   20.120  9.9967E-01
   20.130  9.9967E-01
   20.140  9.9967E-01
   20.150  9.9967E-01
   20.160  9.9967E-01
   20.170  9.9967E-01
   20.180  9.9967E-01
   20.190  9.9967E-01
   20.200  9.9967E-01
   20.210  9.9967E-01
   20.220  9.9967E-01
   20.230  9.9967E-01
   20.240  9.9967E-01
   20.250  9.9967E-01
   20.260  9.9967E-01
   20.270  9.9967E-01
   20.280  9.9967E-01
   20.290  9.9967E-01
   20.300  9.9968E-01
   20.310  9.9968E-01
   20.320  9.9968E-01
   20.330  9.9968E-01
   20.340  9.9968E-01
   20.350  9.9968E-01
   20.360  9.9968E-01
   20.370  9.9968E-01
   20.380  9.9968E-01
   20.390  9.9968E-01
   20.400  9.9968E-01
   20.410  9.9968E-01
   20.420  9.9968E-01
   20.430  9.9968E-01
   20.440  9.9968E-01
   20.450  9.9968E-01
   20.460  9.9968E-01
   20.470  9.9968E-01
   20.480  9.9968E-01
   20.490  9.9968E-01
   20.500  9.9968E-01
   20.510  9.9969E-01
   20.520  9.9969E-01
   20.530  9.9969E-01
   20.540  9.9969E-01
   20.550  9.9969E-01
   20.560  9.9969E-01
   20.570  9.9969E-01
   20.580  9.9969E-01
   20.590  9.9969E-01
   20.600  9.9969E-01
   20.610  9.9969E-01
   20.620  9.9969E-01
   20.630  9.9969E-01
   20.640  9.9969E-01
   20.650  9.9969E-01
   20.660  9.9969E-01
   20.670  9.9969E-01
   20.680  9.9969E-01
   20.690  9.9969E-01
   20.700  9.9969E-01
   20.710  9.9969E-01
   20.720  9.9969E-01
   20.730  9.9969E-01
   20.740  9.9970E-01
   20.750  9.9970E-01
   20.760  9.9970E-01
   20.770  9.9970E-01
   20.780  9.9970E-01
   20.790  9.9970E-01
   20.800  9.9970E-01
   20.810  9.9970E-01
   20.820  9.9970E-01
   20.830  9.9970E-01
   20.840  9.9970E-01
   20.850  9.9970E-01
   20.860  9.9970E-01
   20.870  9.9971E-01
   20.880  9.9971E-01
   20.890  9.9971E-01
   20.900  9.9971E-01
   20.910  9.9971E-01
   20.920  9.9971E-01
   20.930  9.9971E-01
   20.940  9.9971E-01
   20.950  9.9971E-01
   20.960  9.9971E-01
   20.970  9.9971E-01
   20.980  9.9971E-01
   20.990  9.9971E-01
   21.000  9.9971E-01
   21.010  9.9971E-01
   21.020  9.9971E-01
   21.030  9.9971E-01
   21.040  9.9971E-01
   21.050  9.9971E-01
   21.060  9.9971E-01
   21.070  9.9971E-01
   21.080  9.9971E-01
   21.090  9.9971E-01
   21.100  9.9971E-01
   21.110  9.9971E-01
   21.120  9.9971E-01
   21.130  9.9971E-01
   21.140  9.9971E-01
   21.150  9.9971E-01
   21.160  9.9971E-01
   21.170  9.9971E-01
   21.180  9.9971E-01
   21.190  9.9971E-01
   21.200  9.9971E-01
   21.210  9.9971E-01
   21.220  9.9971E-01
   21.230  9.9971E-01
   21.240  9.9971E-01
   21.250  9.9971E-01
   21.260  9.9971E-01
   21.270  9.9971E-01
   21.280  9.9972E-01
   21.290  9.9972E-01
   21.300  9.9972E-01
   21.310  9.9972E-01
   21.320  9.9972E-01
   21.330  9.9972E-01
   21.340  9.9972E-01
   21.350  9.9972E-01
   21.360  9.9972E-01
   21.370  9.9972E-01
   21.380  9.9972E-01
   21.390  9.9972E-01
   21.400  9.9972E-01
   21.410  9.9972E-01
   21.420  9.9972E-01
   21.430  9.9972E-01
   21.440  9.9972E-01
   21.450  9.9972E-01
   21.460  9.9973E-01
   21.470  9.9973E-01
   21.480  9.9973E-01
   21.490  9.9973E-01
   21.500  9.9973E-01
   21.510  9.9973E-01
   21.520  9.9973E-01
   21.530  9.9973E-01
   21.540  9.9973E-01
   21.550  9.9973E-01
   21.560  9.9973E-01
   21.570  9.9973E-01
   21.580  9.9973E-01
   21.590  9.9973E-01
   21.600  9.9973E-01
   21.610  9.9973E-01
   21.620  9.9973E-01
   21.630  9.9973E-01
   21.640  9.9973E-01
   21.650  9.9973E-01
   21.660  9.9973E-01
   21.670  9.9973E-01
   21.680  9.9973E-01
   21.690  9.9973E-01
   21.700  9.9973E-01
   21.710  9.9973E-01
   21.720  9.9974E-01
   21.730  9.9974E-01
   21.740  9.9974E-01
   21.750  9.9974E-01
   21.760  9.9974E-01
   21.770  9.9974E-01
   21.780  9.9974E-01
   21.790  9.9974E-01
   21.800  9.9974E-01
   21.810  9.9974E-01
   21.820  9.9974E-01
   21.830  9.9974E-01
   21.840  9.9974E-01
   21.850  9.9974E-01
   21.860  9.9974E-01
   21.870  9.9974E-01
   21.880  9.9974E-01
   21.890  9.9974E-01
   21.900  9.9975E-01
   21.910  9.9975E-01
   21.920  9.9975E-01
   21.930  9.9975E-01
   21.940  9.9975E-01
   21.950  9.9975E-01
   21.960  9.9975E-01
   21.970  9.9975E-01
   21.980  9.9975E-01
   21.990  9.9975E-01
   22.000  9.9975E-01
   22.010  9.9975E-01
   22.020  9.9975E-01
   22.030  9.9975E-01
   22.040  9.9975E-01
   22.050  9.9975E-01
   22.060  9.9975E-01
   22.070  9.9976E-01
   22.080  9.9976E-01
   22.090  9.9976E-01
   22.100  9.9976E-01
   22.110  9.9976E-01
   22.120  9.9976E-01
   22.130  9.9976E-01
   22.140  9.9976E-01
   22.150  9.9976E-01
   22.160  9.9976E-01
   22.170  9.9976E-01
   22.180  9.9976E-01
   22.190  9.9976E-01
   22.200  9.9976E-01
   22.210  9.9976E-01
   22.220  9.9976E-01
   22.230  9.9976E-01
   22.240  9.9976E-01
   22.250  9.9976E-01
   22.260  9.9976E-01
   22.270  9.9976E-01
   22.280  9.9976E-01
   22.290  9.9976E-01
   22.300  9.9976E-01
   22.310  9.9976E-01
   22.320  9.9976E-01
   22.330  9.9976E-01
   22.340  9.9977E-01
   22.350  9.9977E-01
   22.360  9.9977E-01
   22.370  9.9977E-01
   22.380  9.9977E-01
   22.390  9.9977E-01
   22.400  9.9977E-01
   22.410  9.9977E-01
   22.420  9.9977E-01
   22.430  9.9977E-01
   22.440  9.9977E-01
   22.450  9.9977E-01
   22.460  9.9977E-01
   22.470  9.9977E-01
   22.480  9.9977E-01
   22.490  9.9977E-01
   22.500  9.9978E-01
   22.510  9.9978E-01
   22.520  9.9978E-01
   22.530  9.9978E-01
   22.540  9.9978E-01
   22.550  9.9979E-01
   22.560  9.9979E-01
   22.570  9.9979E-01
   22.580  9.9979E-01
   22.590  9.9979E-01
   22.600  9.9979E-01
   22.610  9.9979E-01
   22.620  9.9979E-01
   22.630  9.9979E-01
   22.640  9.9979E-01
   22.650  9.9979E-01
   22.660  9.9979E-01
   22.670  9.9979E-01
   22.680  9.9979E-01
   22.690  9.9979E-01
   22.700  9.9979E-01
   22.710  9.9979E-01
   22.720  9.9979E-01
   22.730  9.9980E-01
   22.740  9.9980E-01
   22.750  9.9980E-01
   22.760  9.9980E-01
   22.770  9.9981E-01
   22.780  9.9981E-01
   22.790  9.9981E-01
   22.800  9.9982E-01
   22.810  9.9982E-01
   22.820  9.9982E-01
   22.830  9.9982E-01
   22.840  9.9983E-01
   22.850  9.9983E-01
   22.860  9.9983E-01
   22.870  9.9984E-01
   22.880  9.9984E-01
   22.890  9.9984E-01
   22.900  9.9984E-01
   22.910  9.9985E-01
   22.920  9.9985E-01
   22.930  9.9985E-01
   22.940  9.9985E-01
   22.950  9.9985E-01
   22.960  9.9985E-01
   22.970  9.9985E-01
   22.980  9.9985E-01
   22.990  9.9986E-01
   23.000  9.9986E-01
   23.010  9.9986E-01
   23.020  9.9987E-01
   23.030  9.9987E-01
   23.040  9.9987E-01
   23.050  9.9987E-01
   23.060  9.9987E-01
   23.070  9.9987E-01
   23.080  9.9987E-01
   23.090  9.9987E-01
   23.100  9.9987E-01
   23.110  9.9987E-01
   23.120  9.9987E-01
   23.130  9.9987E-01
   23.140  9.9987E-01
   23.150  9.9987E-01
   23.160  9.9987E-01
   23.170  9.9987E-01
   23.180  9.9987E-01
   23.190  9.9987E-01
   23.200  9.9987E-01
   23.210  9.9987E-01
   23.220  9.9988E-01
   23.230  9.9988E-01
   23.240  9.9988E-01
   23.250  9.9988E-01
   23.260  9.9988E-01
   23.270  9.9988E-01
   23.280  9.9988E-01
   23.290  9.9988E-01
   23.300  9.9988E-01
   23.310  9.9988E-01
   23.320  9.9988E-01
   23.330  9.9988E-01
   23.340  9.9988E-01
   23.350  9.9989E-01
   23.360  9.9989E-01
   23.370  9.9989E-01
   23.380  9.9990E-01
   23.390  9.9990E-01
   23.400  9.9990E-01
   23.410  9.9990E-01
   23.420  9.9990E-01
   23.430  9.9990E-01
   23.440  9.9990E-01
   23.450  9.9990E-01
   23.460  9.9990E-01
   23.470  9.9990E-01
   23.480  9.9991E-01
   23.490  9.9991E-01
   23.500  9.9991E-01
   23.510  9.9991E-01
   23.520  9.9991E-01
   23.530  9.9991E-01
   23.540  9.9992E-01
   23.550  9.9992E-01
   23.560  9.9992E-01
   23.570  9.9992E-01
   23.580  9.9992E-01
   23.590  9.9992E-01
   23.600  9.9992E-01
   23.610  9.9992E-01
   23.620  9.9992E-01
   23.630  9.9992E-01
   23.640  9.9992E-01
   23.650  9.9992E-01
   23.660  9.9992E-01
   23.670  9.9992E-01
   23.680  9.9992E-01
   23.690  9.9992E-01
   23.700  9.9992E-01
   23.710  9.9992E-01
   23.720  9.9992E-01
   23.730  9.9992E-01
   23.740  9.9992E-01
   23.750  9.9993E-01
   23.760  9.9993E-01
   23.770  9.9993E-01
   23.780  9.9993E-01
   23.790  9.9993E-01
   23.800  9.9993E-01
   23.810  9.9993E-01
   23.820  9.9993E-01
   23.830  9.9993E-01
   23.840  9.9993E-01
   23.850  9.9993E-01
   23.860  9.9993E-01
   23.870  9.9993E-01
   23.880  9.9993E-01
   23.890  9.9993E-01
   23.900  9.9993E-01
   23.910  9.9993E-01
   23.920  9.9993E-01
   23.930  9.9993E-01
   23.940  9.9994E-01
   23.950  9.9994E-01
   23.960  9.9994E-01
   23.970  9.9994E-01
   23.980  9.9994E-01
   23.990  9.9994E-01
   24.000  9.9994E-01
   24.010  9.9994E-01
   24.020  9.9994E-01
   24.030  9.9994E-01
   24.040  9.9994E-01
   24.050  9.9994E-01
   24.060  9.9994E-01
   24.070  9.9994E-01
   24.080  9.9994E-01
   24.090  9.9994E-01
   24.100  9.9994E-01
   24.110  9.9994E-01
   24.120  9.9994E-01
   24.130  9.9994E-01
   24.140  9.9994E-01
   24.150  9.9995E-01
   24.160  9.9995E-01
   24.170  9.9995E-01
   24.180  9.9995E-01
   24.190  9.9995E-01
   24.200  9.9995E-01
   24.210  9.9995E-01
   24.220  9.9995E-01
   24.230  9.9995E-01
   24.240  9.9995E-01
   24.250  9.9995E-01
   24.260  9.9995E-01
   24.270  9.9995E-01
   24.280  9.9995E-01
   24.290  9.9995E-01
   24.300  9.9995E-01
   24.310  9.9995E-01
   24.320  9.9995E-01
   24.330  9.9996E-01
   24.340  9.9996E-01
   24.350  9.9996E-01
   24.360  9.9996E-01
   24.370  9.9996E-01
   24.380  9.9996E-01
   24.390  9.9996E-01
   24.400  9.9996E-01
   24.410  9.9996E-01
   24.420  9.9996E-01
   24.430  9.9996E-01
   24.440  9.9996E-01
   24.450  9.9996E-01
   24.460  9.9996E-01
   24.470  9.9996E-01
   24.480  9.9996E-01
   24.490  9.9996E-01
   24.500  9.9996E-01
   24.510  9.9996E-01
   24.520  9.9996E-01
   24.530  9.9996E-01
   24.540  9.9996E-01
   24.550  9.9996E-01
   24.560  9.9996E-01
   24.570  9.9996E-01
   24.580  9.9996E-01
   24.590  9.9996E-01
   24.600  9.9996E-01
   24.610  9.9996E-01
   24.620  9.9996E-01
   24.630  9.9996E-01
   24.640  9.9996E-01
   24.650  9.9996E-01
   24.660  9.9996E-01
   24.670  9.9996E-01
   24.680  9.9996E-01
   24.690  9.9996E-01
   24.700  9.9996E-01
   24.710  9.9996E-01
   24.720  9.9996E-01
   24.730  9.9997E-01
   24.740  9.9997E-01
   24.750  9.9997E-01
   24.760  9.9997E-01
   24.770  9.9997E-01
   24.780  9.9997E-01
   24.790  9.9997E-01
   24.800  9.9997E-01
   24.810  9.9997E-01
   24.820  9.9997E-01
   24.830  9.9997E-01
   24.840  9.9997E-01
   24.850  9.9997E-01
   24.860  9.9997E-01
   24.870  9.9998E-01
   24.880  9.9998E-01
   24.890  9.9998E-01
   24.900  9.9998E-01
   24.910  9.9998E-01
   24.920  9.9998E-01
   24.930  9.9998E-01
   24.940  9.9998E-01
   24.950  9.9998E-01
   24.960  9.9998E-01
   24.970  9.9998E-01
   24.980  9.9998E-01
   24.990  9.9998E-01
   25.000  9.9998E-01
   25.010  9.9998E-01
   25.020  9.9998E-01
   25.030  9.9998E-01
   25.040  9.9998E-01
   25.050  9.9998E-01
   25.060  9.9998E-01
   25.070  9.9998E-01
   25.080  9.9998E-01
   25.090  9.9998E-01
   25.100  9.9998E-01
   25.110  9.9998E-01
   25.120  9.9998E-01
   25.130  9.9998E-01
   25.140  9.9998E-01
   25.150  9.9998E-01
   25.160  9.9998E-01
   25.170  9.9998E-01
   25.180  9.9998E-01
   25.190  9.9998E-01
   25.200  9.9998E-01
   25.210  9.9998E-01
   25.220  9.9998E-01
   25.230  9.9998E-01
   25.240  9.9998E-01
   25.250  9.9998E-01
   25.260  9.9998E-01
   25.270  9.9998E-01
   25.280  9.9998E-01
   25.290  9.9998E-01
   25.300  9.9998E-01
   25.310  9.9998E-01
   25.320  9.9998E-01
   25.330  9.9998E-01
   25.340  9.9998E-01
   25.350  9.9998E-01
   25.360  9.9998E-01
   25.370  9.9998E-01
   25.380  9.9998E-01
   25.390  9.9998E-01
   25.400  9.9998E-01
   25.410  9.9998E-01
   25.420  9.9998E-01
   25.430  9.9998E-01
   25.440  9.9998E-01
   25.450  9.9998E-01
   25.460  9.9998E-01
   25.470  9.9998E-01
   25.480  9.9998E-01
   25.490  9.9999E-01
   25.500  9.9999E-01
   25.510  9.9999E-01
   25.520  9.9999E-01
   25.530  9.9999E-01
   25.540  9.9999E-01
   25.550  9.9999E-01
   25.560  9.9999E-01
   25.570  9.9999E-01
   25.580  9.9999E-01
   25.590  9.9999E-01
   25.600  9.9999E-01
   25.610  9.9999E-01
   25.620  9.9999E-01
   25.630  9.9999E-01
   25.640  9.9999E-01
   25.650  9.9999E-01
   25.660  9.9999E-01
   25.670  9.9999E-01
   25.680  9.9999E-01
   25.690  9.9999E-01
   25.700  9.9999E-01
   25.710  9.9999E-01
   25.720  9.9999E-01
   25.730  9.9999E-01
   25.740  9.9999E-01
   25.750  9.9999E-01
   25.760  9.9999E-01
   25.770  9.9999E-01
   25.780  1.0000E+00
   25.790  1.0000E+00
   25.800  1.0000E+00
   25.810  1.0000E+00
   25.820  1.0000E+00
   25.830  1.0000E+00
   25.840  1.0000E+00
   25.850  1.0000E+00
   25.860  1.0000E+00
   25.870  1.0000E+00
   25.880  1.0000E+00
   25.890  1.0000E+00
   25.900  1.0000E+00
   25.910  1.0000E+00
   25.920  1.0000E+00
   25.930  1.0000E+00
   25.940  1.0000E+00
   25.950  1.0000E+00
   25.960  1.0000E+00
   25.970  1.0000E+00
   25.980  1.0000E+00
   25.990  1.0000E+00
   26.000  1.0000E+00
   26.010  1.0000E+00
   26.020  1.0000E+00
   26.030  1.0000E+00
   26.040  1.0000E+00
   26.050  1.0000E+00
   26.060  1.0000E+00
   26.070  1.0000E+00
   26.080  1.0000E+00
   26.090  1.0000E+00
   26.100  1.0000E+00
   26.110  1.0000E+00
   26.120  1.0000E+00
   26.130  1.0000E+00
   26.140  1.0000E+00
   26.150  1.0000E+00
   26.160  1.0000E+00
   26.170  1.0000E+00
   26.180  1.0000E+00
   26.190  1.0000E+00
   26.200  1.0000E+00
   26.210  1.0000E+00
   26.220  1.0000E+00
   26.230  1.0000E+00
   26.240  1.0000E+00
   26.250  1.0000E+00
   26.260  1.0000E+00
   26.270  1.0000E+00
   26.280  1.0000E+00
   26.290  1.0000E+00
   26.300  1.0000E+00
   26.310  1.0000E+00
   26.320  1.0000E+00
   26.330  1.0000E+00
   26.340  1.0000E+00
   26.350  1.0000E+00
   26.360  1.0000E+00
   26.370  1.0000E+00
   26.380  1.0000E+00
   26.390  1.0000E+00
   26.400  1.0000E+00
   26.410  1.0000E+00
   26.420  1.0000E+00
   26.430  1.0000E+00
   26.440  1.0000E+00
   26.450  1.0000E+00
   26.460  1.0000E+00
   26.470  1.0000E+00
   26.480  1.0000E+00
   26.490  1.0000E+00
   26.500  1.0000E+00
   26.510  1.0000E+00
   26.520  1.0000E+00
   26.530  1.0000E+00
   26.540  1.0000E+00
   26.550  1.0000E+00
   26.560  1.0000E+00
   26.570  1.0000E+00
   26.580  1.0000E+00
   26.590  1.0000E+00
   26.600  1.0000E+00
   26.610  1.0000E+00
   26.620  1.0000E+00
   26.630  1.0000E+00
   26.640  1.0000E+00
   26.650  1.0000E+00
   26.660  1.0000E+00
   26.670  1.0000E+00
   26.680  1.0000E+00
   26.690  1.0000E+00
   26.700  1.0000E+00
   26.710  1.0000E+00
   26.720  1.0000E+00
   26.730  1.0000E+00
   26.740  1.0000E+00
   26.750  1.0000E+00
   26.760  1.0000E+00
   26.770  1.0000E+00
   26.780  1.0000E+00
   26.790  1.0000E+00
   26.800  1.0000E+00
   26.810  1.0000E+00
   26.820  1.0000E+00
   26.830  1.0000E+00
   26.840  1.0000E+00
   26.850  1.0000E+00
   26.860  1.0000E+00
   26.870  1.0000E+00
   26.880  1.0000E+00
   26.890  1.0000E+00
   26.900  1.0000E+00
   26.910  1.0000E+00
   26.920  1.0000E+00
   26.930  1.0000E+00
   26.940  1.0000E+00
   26.950  1.0000E+00
   26.960  1.0000E+00
   26.970  1.0000E+00
   26.980  1.0000E+00
   26.990  1.0000E+00
   27.000  1.0000E+00
   27.010  1.0000E+00
   27.020  1.0000E+00
   27.030  1.0000E+00
   27.040  1.0000E+00
   27.050  1.0000E+00
   27.060  1.0000E+00
   27.070  1.0000E+00
   27.080  1.0000E+00
   27.090  1.0000E+00
   27.100  1.0000E+00
   27.110  1.0000E+00
   27.120  1.0000E+00
   27.130  1.0000E+00
   27.140  1.0000E+00
   27.150  1.0000E+00
   27.160  1.0000E+00
   27.170  1.0000E+00
   27.180  1.0000E+00
   27.190  1.0000E+00
   27.200  1.0000E+00
   27.210  1.0000E+00
   27.220  1.0000E+00
   27.230  1.0000E+00
   27.240  1.0000E+00
   27.250  1.0000E+00
   27.260  1.0000E+00
   27.270  1.0000E+00
   27.280  1.0000E+00
   27.290  1.0000E+00
   27.300  1.0000E+00
   27.310  1.0000E+00
   27.320  1.0000E+00
   27.330  1.0000E+00
   27.340  1.0000E+00
   27.350  1.0000E+00
   27.360  1.0000E+00
   27.370  1.0000E+00
   27.380  1.0000E+00
   27.390  1.0000E+00
   27.400  1.0000E+00
   27.410  1.0000E+00
   27.420  1.0000E+00
   27.430  1.0000E+00
   27.440  1.0000E+00
   27.450  1.0000E+00
   27.460  1.0000E+00
   27.470  1.0000E+00
   27.480  1.0000E+00
   27.490  1.0000E+00
   27.500  1.0000E+00
   27.510  1.0000E+00
   27.520  1.0000E+00
   27.530  1.0000E+00
   27.540  1.0000E+00
   27.550  1.0000E+00
   27.560  1.0000E+00
   27.570  1.0000E+00
   27.580  1.0000E+00
   27.590  1.0000E+00
   27.600  1.0000E+00
   27.610  1.0000E+00
   27.620  1.0000E+00
   27.630  1.0000E+00
   27.640  1.0000E+00
   27.650  1.0000E+00
   27.660  1.0000E+00
   27.670  1.0000E+00
   27.680  1.0000E+00
   27.690  1.0000E+00
   27.700  1.0000E+00
   27.710  1.0000E+00
   27.720  1.0000E+00
   27.730  1.0000E+00
   27.740  1.0000E+00
   27.750  1.0000E+00
   27.760  1.0000E+00
   27.770  1.0000E+00
   27.780  1.0000E+00
   27.790  1.0000E+00
   27.800  1.0000E+00
   27.810  1.0000E+00
   27.820  1.0000E+00
   27.830  1.0000E+00
   27.840  1.0000E+00
   27.850  1.0000E+00
   27.860  1.0000E+00
   27.870  1.0000E+00
   27.880  1.0000E+00
   27.890  1.0000E+00
   27.900  1.0000E+00
   27.910  1.0000E+00
   27.920  1.0000E+00
   27.930  1.0000E+00
   27.940  1.0000E+00
   27.950  1.0000E+00
   27.960  1.0000E+00
   27.970  1.0000E+00
   27.980  1.0000E+00
   27.990  1.0000E+00
   28.000  1.0000E+00
   28.010  1.0000E+00
   28.020  1.0000E+00
   28.030  1.0000E+00
   28.040  1.0000E+00
   28.050  1.0000E+00
   28.060  1.0000E+00
   28.070  1.0000E+00
   28.080  1.0000E+00
   28.090  1.0000E+00
   28.100  1.0000E+00
   28.110  1.0000E+00
   28.120  1.0000E+00
   28.130  1.0000E+00
   28.140  1.0000E+00
   28.150  1.0000E+00
   28.160  1.0000E+00
   28.170  1.0000E+00
   28.180  1.0000E+00
   28.190  1.0000E+00
   28.200  1.0000E+00
   28.210  1.0000E+00
   28.220  1.0000E+00
   28.230  1.0000E+00
   28.240  1.0000E+00
   28.250  1.0000E+00
   28.260  1.0000E+00
   28.270  1.0000E+00
   28.280  1.0000E+00
   28.290  1.0000E+00
   28.300  1.0000E+00
   28.310  1.0000E+00
   28.320  1.0000E+00
   28.330  1.0000E+00
   28.340  1.0000E+00
   28.350  1.0000E+00
   28.360  1.0000E+00
   28.370  1.0000E+00
   28.380  1.0000E+00
   28.390  1.0000E+00
   28.400  1.0000E+00
   28.410  1.0000E+00
   28.420  1.0000E+00
   28.430  1.0000E+00
   28.440  1.0000E+00
   28.450  1.0000E+00
   28.460  1.0000E+00
   28.470  1.0000E+00
   28.480  1.0000E+00
   28.490  1.0000E+00
   28.500  1.0000E+00
   28.510  1.0000E+00
   28.520  1.0000E+00
   28.530  1.0000E+00
   28.540  1.0000E+00
   28.550  1.0000E+00
   28.560  1.0000E+00
   28.570  1.0000E+00
   28.580  1.0000E+00
   28.590  1.0000E+00
   28.600  1.0000E+00
   28.610  1.0000E+00
   28.620  1.0000E+00
   28.630  1.0000E+00
   28.640  1.0000E+00
   28.650  1.0000E+00
   28.660  1.0000E+00
   28.670  1.0000E+00
   28.680  1.0000E+00
   28.690  1.0000E+00
   28.700  1.0000E+00
   28.710  1.0000E+00
   28.720  1.0000E+00
   28.730  1.0000E+00
   28.740  1.0000E+00
   28.750  1.0000E+00
   28.760  1.0000E+00
   28.770  1.0000E+00
   28.780  1.0000E+00
   28.790  1.0000E+00
   28.800  1.0000E+00
   28.810  1.0000E+00
   28.820  1.0000E+00
   28.830  1.0000E+00
   28.840  1.0000E+00
   28.850  1.0000E+00
   28.860  1.0000E+00
   28.870  1.0000E+00
   28.880  1.0000E+00
   28.890  1.0000E+00
   28.900  1.0000E+00
   28.910  1.0000E+00
   28.920  1.0000E+00
   28.930  1.0000E+00
   28.940  1.0000E+00
   28.950  1.0000E+00
   28.960  1.0000E+00
   28.970  1.0000E+00
   28.980  1.0000E+00
   28.990  1.0000E+00
   29.000  1.0000E+00
   29.010  1.0000E+00
   29.020  1.0000E+00
   29.030  1.0000E+00
   29.040  1.0000E+00
   29.050  1.0000E+00
   29.060  1.0000E+00
   29.070  1.0000E+00
   29.080  1.0000E+00
   29.090  1.0000E+00
   29.100  1.0000E+00
   29.110  1.0000E+00
   29.120  1.0000E+00
   29.130  1.0000E+00
   29.140  1.0000E+00
   29.150  1.0000E+00
   29.160  1.0000E+00
   29.170  1.0000E+00
   29.180  1.0000E+00
   29.190  1.0000E+00
   29.200  1.0000E+00
   29.210  1.0000E+00
   29.220  1.0000E+00
   29.230  1.0000E+00
   29.240  1.0000E+00
   29.250  1.0000E+00
   29.260  1.0000E+00
   29.270  1.0000E+00
   29.280  1.0000E+00
   29.290  1.0000E+00
   29.300  1.0000E+00
   29.310  1.0000E+00
   29.320  1.0000E+00
   29.330  1.0000E+00
   29.340  1.0000E+00
   29.350  1.0000E+00
   29.360  1.0000E+00
   29.370  1.0000E+00
   29.380  1.0000E+00
   29.390  1.0000E+00
   29.400  1.0000E+00
   29.410  1.0000E+00
   29.420  1.0000E+00
   29.430  1.0000E+00
   29.440  1.0000E+00
   29.450  1.0000E+00
   29.460  1.0000E+00
   29.470  1.0000E+00
   29.480  1.0000E+00
   29.490  1.0000E+00
   29.500  1.0000E+00
   29.510  1.0000E+00
   29.520  1.0000E+00
   29.530  1.0000E+00
   29.540  1.0000E+00
   29.550  1.0000E+00
   29.560  1.0000E+00
   29.570  1.0000E+00
   29.580  1.0000E+00
   29.590  1.0000E+00
   29.600  1.0000E+00
   29.610  1.0000E+00
   29.620  1.0000E+00
   29.630  1.0000E+00
   29.640  1.0000E+00
   29.650  1.0000E+00
   29.660  1.0000E+00
   29.670  1.0000E+00
   29.680  1.0000E+00
   29.690  1.0000E+00
   29.700  1.0000E+00
   29.710  1.0000E+00
   29.720  1.0000E+00
   29.730  1.0000E+00
   29.740  1.0000E+00
   29.750  1.0000E+00
   29.760  1.0000E+00
   29.770  1.0000E+00
   29.780  1.0000E+00
   29.790  1.0000E+00
   29.800  1.0000E+00
   29.810  1.0000E+00
   29.820  1.0000E+00
   29.830  1.0000E+00
   29.840  1.0000E+00
   29.850  1.0000E+00
   29.860  1.0000E+00
   29.870  1.0000E+00
   29.880  1.0000E+00
   29.890  1.0000E+00
   29.900  1.0000E+00
   29.910  1.0000E+00
   29.920  1.0000E+00
   29.930  1.0000E+00
   29.940  1.0000E+00
   29.950  1.0000E+00
   29.960  1.0000E+00
   29.970  1.0000E+00
   29.980  1.0000E+00
   29.990  1.0000E+00
   30.000  1.0000E+00
   30.010  1.0000E+00
   30.020  1.0000E+00
   30.030  1.0000E+00
   30.040  1.0000E+00
   30.050  1.0000E+00
   30.060  1.0000E+00
   30.070  1.0000E+00
   30.080  1.0000E+00
   30.090  1.0000E+00
   30.100  1.0000E+00
   30.110  1.0000E+00
   30.120  1.0000E+00
   30.130  1.0000E+00
   30.140  1.0000E+00
   30.150  1.0000E+00
   30.160  1.0000E+00
   30.170  1.0000E+00
   30.180  1.0000E+00
   30.190  1.0000E+00
   30.200  1.0000E+00
   30.210  1.0000E+00
   30.220  1.0000E+00
   30.230  1.0000E+00
   30.240  1.0000E+00
   30.250  1.0000E+00
   30.260  1.0000E+00
   30.270  1.0000E+00
   30.280  1.0000E+00
   30.290  1.0000E+00
   30.300  1.0000E+00
   30.310  1.0000E+00
   30.320  1.0000E+00
   30.330  1.0000E+00
   30.340  1.0000E+00
   30.350  1.0000E+00
   30.360  1.0000E+00
   30.370  1.0000E+00
   30.380  1.0000E+00
   30.390  1.0000E+00
   30.400  1.0000E+00
   30.410  1.0000E+00
   30.420  1.0000E+00
   30.430  1.0000E+00
   30.440  1.0000E+00
   30.450  1.0000E+00
   30.460  1.0000E+00
   30.470  1.0000E+00
   30.480  1.0000E+00
   30.490  1.0000E+00
   30.500  1.0000E+00
   30.510  1.0000E+00
   30.520  1.0000E+00
   30.530  1.0000E+00
   30.540  1.0000E+00
   30.550  1.0000E+00
   30.560  1.0000E+00
   30.570  1.0000E+00
   30.580  1.0000E+00
   30.590  1.0000E+00
   30.600  1.0000E+00
   30.610  1.0000E+00
   30.620  1.0000E+00
   30.630  1.0000E+00
   30.640  1.0000E+00
   30.650  1.0000E+00
   30.660  1.0000E+00
   30.670  1.0000E+00
   30.680  1.0000E+00
   30.690  1.0000E+00
   30.700  1.0000E+00
   30.710  1.0000E+00
   30.720  1.0000E+00
   30.730  1.0000E+00
   30.740  1.0000E+00
   30.750  1.0000E+00
   30.760  1.0000E+00
   30.770  1.0000E+00
   30.780  1.0000E+00
   30.790  1.0000E+00
   30.800  1.0000E+00
   30.810  1.0000E+00
   30.820  1.0000E+00
   30.830  1.0000E+00
   30.840  1.0000E+00
   30.850  1.0000E+00
   30.860  1.0000E+00
   30.870  1.0000E+00
   30.880  1.0000E+00
   30.890  1.0000E+00
   30.900  1.0000E+00
   30.910  1.0000E+00
   30.920  1.0000E+00
   30.930  1.0000E+00
   30.940  1.0000E+00
   30.950  1.0000E+00
   30.960  1.0000E+00
   30.970  1.0000E+00
   30.980  1.0000E+00
   30.990  1.0000E+00
   31.000  1.0000E+00
   31.010  1.0000E+00
   31.020  1.0000E+00
   31.030  1.0000E+00
   31.040  1.0000E+00
   31.050  1.0000E+00
   31.060  1.0000E+00
   31.070  1.0000E+00
   31.080  1.0000E+00
   31.090  1.0000E+00
   31.100  1.0000E+00
   31.110  1.0000E+00
   31.120  1.0000E+00
   31.130  1.0000E+00
   31.140  1.0000E+00
   31.150  1.0000E+00
   31.160  1.0000E+00
   31.170  1.0000E+00
   31.180  1.0000E+00
   31.190  1.0000E+00
   31.200  1.0000E+00
   31.210  1.0000E+00
   31.220  1.0000E+00
   31.230  1.0000E+00
   31.240  1.0000E+00
   31.250  1.0000E+00
   31.260  1.0000E+00
   31.270  1.0000E+00
   31.280  1.0000E+00
   31.290  1.0000E+00
   31.300  1.0000E+00
   31.310  1.0000E+00
   31.320  1.0000E+00
   31.330  1.0000E+00
   31.340  1.0000E+00
   31.350  1.0000E+00
   31.360  1.0000E+00
   31.370  1.0000E+00
   31.380  1.0000E+00
   31.390  1.0000E+00
   31.400  1.0000E+00
   31.410  1.0000E+00
   31.420  1.0000E+00
   31.430  1.0000E+00
   31.440  1.0000E+00
   31.450  1.0000E+00
   31.460  1.0000E+00
   31.470  1.0000E+00
   31.480  1.0000E+00
   31.490  1.0000E+00
   31.500  1.0000E+00
   31.510  1.0000E+00
   31.520  1.0000E+00
   31.530  1.0000E+00
   31.540  1.0000E+00
   31.550  1.0000E+00
   31.560  1.0000E+00
   31.570  1.0000E+00
   31.580  1.0000E+00
   31.590  1.0000E+00
   31.600  1.0000E+00
   31.610  1.0000E+00
   31.620  1.0000E+00
   31.630  1.0000E+00
   31.640  1.0000E+00
   31.650  1.0000E+00
   31.660  1.0000E+00
   31.670  1.0000E+00
   31.680  1.0000E+00
   31.690  1.0000E+00
   31.700  1.0000E+00
   31.710  1.0000E+00
   31.720  1.0000E+00
   31.730  1.0000E+00
   31.740  1.0000E+00
   31.750  1.0000E+00
   31.760  1.0000E+00
   31.770  1.0000E+00
   31.780  1.0000E+00
   31.790  1.0000E+00
   31.800  1.0000E+00
   31.810  1.0000E+00
   31.820  1.0000E+00
   31.830  1.0000E+00
   31.840  1.0000E+00
   31.850  1.0000E+00
   31.860  1.0000E+00
   31.870  1.0000E+00
   31.880  1.0000E+00
   31.890  1.0000E+00
   31.900  1.0000E+00
   31.910  1.0000E+00
   31.920  1.0000E+00
   31.930  1.0000E+00
   31.940  1.0000E+00
   31.950  1.0000E+00
   31.960  1.0000E+00
   31.970  1.0000E+00
   31.980  1.0000E+00
   31.990  1.0000E+00
   32.000  1.0000E+00
   32.010  1.0000E+00
   32.020  1.0000E+00
   32.030  1.0000E+00
   32.040  1.0000E+00
   32.050  1.0000E+00
   32.060  1.0000E+00
   32.070  1.0000E+00
   32.080  1.0000E+00
   32.090  1.0000E+00
   32.100  1.0000E+00
   32.110  1.0000E+00
   32.120  1.0000E+00
   32.130  1.0000E+00
   32.140  1.0000E+00
   32.150  1.0000E+00
   32.160  1.0000E+00
   32.170  1.0000E+00
   32.180  1.0000E+00
   32.190  1.0000E+00
   32.200  1.0000E+00
   32.210  1.0000E+00
   32.220  1.0000E+00
   32.230  1.0000E+00
   32.240  1.0000E+00
   32.250  1.0000E+00
   32.260  1.0000E+00
   32.270  1.0000E+00
   32.280  1.0000E+00
   32.290  1.0000E+00
   32.300  1.0000E+00
   32.310  1.0000E+00
   32.320  1.0000E+00
   32.330  1.0000E+00
   32.340  1.0000E+00
   32.350  1.0000E+00
   32.360  1.0000E+00
   32.370  1.0000E+00
   32.380  1.0000E+00
   32.390  1.0000E+00
   32.400  1.0000E+00
   32.410  1.0000E+00
   32.420  1.0000E+00
   32.430  1.0000E+00
   32.440  1.0000E+00
   32.450  1.0000E+00
   32.460  1.0000E+00
   32.470  1.0000E+00
   32.480  1.0000E+00
   32.490  1.0000E+00
   32.500  1.0000E+00
   32.510  1.0000E+00
   32.520  1.0000E+00
   32.530  1.0000E+00
   32.540  1.0000E+00
   32.550  1.0000E+00
   32.560  1.0000E+00
   32.570  1.0000E+00
   32.580  1.0000E+00
   32.590  1.0000E+00
   32.600  1.0000E+00
   32.610  1.0000E+00
   32.620  1.0000E+00
   32.630  1.0000E+00
   32.640  1.0000E+00
   32.650  1.0000E+00
   32.660  1.0000E+00
   32.670  1.0000E+00
   32.680  1.0000E+00
   32.690  1.0000E+00
   32.700  1.0000E+00
   32.710  1.0000E+00
   32.720  1.0000E+00
   32.730  1.0000E+00
   32.740  1.0000E+00
   32.750  1.0000E+00
   32.760  1.0000E+00
   32.770  1.0000E+00
   32.780  1.0000E+00
   32.790  1.0000E+00
   32.800  1.0000E+00
   32.810  1.0000E+00
   32.820  1.0000E+00
   32.830  1.0000E+00
   32.840  1.0000E+00
   32.850  1.0000E+00
   32.860  1.0000E+00
   32.870  1.0000E+00
   32.880  1.0000E+00
   32.890  1.0000E+00
   32.900  1.0000E+00
   32.910  1.0000E+00
   32.920  1.0000E+00
   32.930  1.0000E+00
   32.940  1.0000E+00
   32.950  1.0000E+00
   32.960  1.0000E+00
   32.970  1.0000E+00
   32.980  1.0000E+00
   32.990  1.0000E+00
   33.000  1.0000E+00
   33.010  1.0000E+00
   33.020  1.0000E+00
   33.030  1.0000E+00
   33.040  1.0000E+00
   33.050  1.0000E+00
   33.060  1.0000E+00
   33.070  1.0000E+00
   33.080  1.0000E+00
   33.090  1.0000E+00
   33.100  1.0000E+00
   33.110  1.0000E+00
   33.120  1.0000E+00
   33.130  1.0000E+00
   33.140  1.0000E+00
   33.150  1.0000E+00
   33.160  1.0000E+00
   33.170  1.0000E+00
   33.180  1.0000E+00
   33.190  1.0000E+00
   33.200  1.0000E+00
   33.210  1.0000E+00
   33.220  1.0000E+00
   33.230  1.0000E+00
   33.240  1.0000E+00
   33.250  1.0000E+00
   33.260  1.0000E+00
   33.270  1.0000E+00
   33.280  1.0000E+00
   33.290  1.0000E+00
   33.300  1.0000E+00
   33.310  1.0000E+00
   33.320  1.0000E+00
   33.330  1.0000E+00
   33.340  1.0000E+00
   33.350  1.0000E+00
   33.360  1.0000E+00
   33.370  1.0000E+00
   33.380  1.0000E+00
   33.390  1.0000E+00
   33.400  1.0000E+00
   33.410  1.0000E+00
   33.420  1.0000E+00
   33.430  1.0000E+00
   33.440  1.0000E+00
   33.450  1.0000E+00
   33.460  1.0000E+00
   33.470  1.0000E+00
   33.480  1.0000E+00
   33.490  1.0000E+00
   33.500  1.0000E+00
   33.510  1.0000E+00
   33.520  1.0000E+00
   33.530  1.0000E+00
   33.540  1.0000E+00
   33.550  1.0000E+00
   33.560  1.0000E+00
   33.570  1.0000E+00
   33.580  1.0000E+00
   33.590  1.0000E+00
   33.600  1.0000E+00
   33.610  1.0000E+00
   33.620  1.0000E+00
   33.630  1.0000E+00
   33.640  1.0000E+00
   33.650  1.0000E+00
   33.660  1.0000E+00
   33.670  1.0000E+00
   33.680  1.0000E+00
   33.690  1.0000E+00
   33.700  1.0000E+00
   33.710  1.0000E+00
   33.720  1.0000E+00
   33.730  1.0000E+00
   33.740  1.0000E+00
   33.750  1.0000E+00
   33.760  1.0000E+00
   33.770  1.0000E+00
   33.780  1.0000E+00
   33.790  1.0000E+00
   33.800  1.0000E+00
   33.810  1.0000E+00
   33.820  1.0000E+00
   33.830  1.0000E+00
   33.840  1.0000E+00
   33.850  1.0000E+00
   33.860  1.0000E+00
   33.870  1.0000E+00
   33.880  1.0000E+00
   33.890  1.0000E+00
   33.900  1.0000E+00
   33.910  1.0000E+00
   33.920  1.0000E+00
   33.930  1.0000E+00
   33.940  1.0000E+00
   33.950  1.0000E+00
   33.960  1.0000E+00
   33.970  1.0000E+00
   33.980  1.0000E+00
   33.990  1.0000E+00
   34.000  1.0000E+00
   34.010  1.0000E+00
   34.020  1.0000E+00
   34.030  1.0000E+00
   34.040  1.0000E+00
   34.050  1.0000E+00
   34.060  1.0000E+00
   34.070  1.0000E+00
   34.080  1.0000E+00
   34.090  1.0000E+00
   34.100  1.0000E+00
   34.110  1.0000E+00
   34.120  1.0000E+00
   34.130  1.0000E+00
   34.140  1.0000E+00
   34.150  1.0000E+00
   34.160  1.0000E+00
   34.170  1.0000E+00
   34.180  1.0000E+00
   34.190  1.0000E+00
   34.200  1.0000E+00
   34.210  1.0000E+00
   34.220  1.0000E+00
   34.230  1.0000E+00
   34.240  1.0000E+00
   34.250  1.0000E+00
   34.260  1.0000E+00
   34.270  1.0000E+00
   34.280  1.0000E+00
   34.290  1.0000E+00
   34.300  1.0000E+00
   34.310  1.0000E+00
   34.320  1.0000E+00
   34.330  1.0000E+00
   34.340  1.0000E+00
   34.350  1.0000E+00
   34.360  1.0000E+00
   34.370  1.0000E+00
   34.380  1.0000E+00
   34.390  1.0000E+00
   34.400  1.0000E+00
   34.410  1.0000E+00
   34.420  1.0000E+00
   34.430  1.0000E+00
   34.440  1.0000E+00
   34.450  1.0000E+00
   34.460  1.0000E+00
   34.470  1.0000E+00
   34.480  1.0000E+00
   34.490  1.0000E+00
   34.500  1.0000E+00
   34.510  1.0000E+00
   34.520  1.0000E+00
   34.530  1.0000E+00
   34.540  1.0000E+00
   34.550  1.0000E+00
   34.560  1.0000E+00
   34.570  1.0000E+00
   34.580  1.0000E+00
   34.590  1.0000E+00
   34.600  1.0000E+00
   34.610  1.0000E+00
   34.620  1.0000E+00
   34.630  1.0000E+00
   34.640  1.0000E+00
   34.650  1.0000E+00
   34.660  1.0000E+00
   34.670  1.0000E+00
   34.680  1.0000E+00
   34.690  1.0000E+00
   34.700  1.0000E+00
   34.710  1.0000E+00
   34.720  1.0000E+00
   34.730  1.0000E+00
   34.740  1.0000E+00
   34.750  1.0000E+00
   34.760  1.0000E+00
   34.770  1.0000E+00
   34.780  1.0000E+00
   34.790  1.0000E+00
   34.800  1.0000E+00
   34.810  1.0000E+00
   34.820  1.0000E+00
   34.830  1.0000E+00
   34.840  1.0000E+00
   34.850  1.0000E+00
   34.860  1.0000E+00
   34.870  1.0000E+00
   34.880  1.0000E+00
   34.890  1.0000E+00
   34.900  1.0000E+00
   34.910  1.0000E+00
   34.920  1.0000E+00
   34.930  1.0000E+00
   34.940  1.0000E+00
   34.950  1.0000E+00
   34.960  1.0000E+00
   34.970  1.0000E+00
   34.980  1.0000E+00
   34.990  1.0000E+00
   35.000  1.0000E+00
   35.010  1.0000E+00
   35.020  1.0000E+00
   35.030  1.0000E+00
   35.040  1.0000E+00
   35.050  1.0000E+00
   35.060  1.0000E+00
   35.070  1.0000E+00
   35.080  1.0000E+00
   35.090  1.0000E+00
   35.100  1.0000E+00
   35.110  1.0000E+00
   35.120  1.0000E+00
   35.130  1.0000E+00
   35.140  1.0000E+00
   35.150  1.0000E+00
   35.160  1.0000E+00
   35.170  1.0000E+00
   35.180  1.0000E+00
   35.190  1.0000E+00
   35.200  1.0000E+00
   35.210  1.0000E+00
   35.220  1.0000E+00
   35.230  1.0000E+00
   35.240  1.0000E+00
   35.250  1.0000E+00
   35.260  1.0000E+00
   35.270  1.0000E+00
   35.280  1.0000E+00
   35.290  1.0000E+00
   35.300  1.0000E+00
   35.310  1.0000E+00
   35.320  1.0000E+00
   35.330  1.0000E+00
   35.340  1.0000E+00
   35.350  1.0000E+00
   35.360  1.0000E+00
   35.370  1.0000E+00
   35.380  1.0000E+00
   35.390  1.0000E+00
   35.400  1.0000E+00
   35.410  1.0000E+00
   35.420  1.0000E+00
   35.430  1.0000E+00
   35.440  1.0000E+00
   35.450  1.0000E+00
   35.460  1.0000E+00
   35.470  1.0000E+00
   35.480  1.0000E+00
   35.490  1.0000E+00
   35.500  1.0000E+00
   35.510  1.0000E+00
   35.520  1.0000E+00
   35.530  1.0000E+00
   35.540  1.0000E+00
   35.550  1.0000E+00
   35.560  1.0000E+00
   35.570  1.0000E+00
   35.580  1.0000E+00
   35.590  1.0000E+00
   35.600  1.0000E+00
   35.610  1.0000E+00
   35.620  1.0000E+00
   35.630  1.0000E+00
   35.640  1.0000E+00
   35.650  1.0000E+00
   35.660  1.0000E+00
   35.670  1.0000E+00
   35.680  1.0000E+00
   35.690  1.0000E+00
   35.700  1.0000E+00
   35.710  1.0000E+00
   35.720  1.0000E+00
   35.730  1.0000E+00
   35.740  1.0000E+00
   35.750  1.0000E+00
   35.760  1.0000E+00
   35.770  1.0000E+00
   35.780  1.0000E+00
   35.790  1.0000E+00
   35.800  1.0000E+00
   35.810  1.0000E+00
   35.820  1.0000E+00
   35.830  1.0000E+00
   35.840  1.0000E+00
   35.850  1.0000E+00
   35.860  1.0000E+00
   35.870  1.0000E+00
   35.880  1.0000E+00
   35.890  1.0000E+00
   35.900  1.0000E+00
   35.910  1.0000E+00
   35.920  1.0000E+00
   35.930  1.0000E+00
   35.940  1.0000E+00
   35.950  1.0000E+00
   35.960  1.0000E+00
   35.970  1.0000E+00
   35.980  1.0000E+00
   35.990  1.0000E+00
   36.000  1.0000E+00
   36.010  1.0000E+00
   36.020  1.0000E+00
   36.030  1.0000E+00
   36.040  1.0000E+00
   36.050  1.0000E+00
   36.060  1.0000E+00
   36.070  1.0000E+00
   36.080  1.0000E+00
   36.090  1.0000E+00
   36.100  1.0000E+00
   36.110  1.0000E+00
   36.120  1.0000E+00
   36.130  1.0000E+00
   36.140  1.0000E+00
   36.150  1.0000E+00
   36.160  1.0000E+00
   36.170  1.0000E+00
   36.180  1.0000E+00
   36.190  1.0000E+00
   36.200  1.0000E+00
   36.210  1.0000E+00
   36.220  1.0000E+00
   36.230  1.0000E+00
   36.240  1.0000E+00
   36.250  1.0000E+00
   36.260  1.0000E+00
   36.270  1.0000E+00
   36.280  1.0000E+00
   36.290  1.0000E+00
   36.300  1.0000E+00
   36.310  1.0000E+00
   36.320  1.0000E+00
   36.330  1.0000E+00
   36.340  1.0000E+00
   36.350  1.0000E+00
   36.360  1.0000E+00
   36.370  1.0000E+00
   36.380  1.0000E+00
   36.390  1.0000E+00
   36.400  1.0000E+00
   36.410  1.0000E+00
   36.420  1.0000E+00
   36.430  1.0000E+00
   36.440  1.0000E+00
   36.450  1.0000E+00
   36.460  1.0000E+00
   36.470  1.0000E+00
   36.480  1.0000E+00
   36.490  1.0000E+00
   36.500  1.0000E+00
   36.510  1.0000E+00
   36.520  1.0000E+00
   36.530  1.0000E+00
   36.540  1.0000E+00
   36.550  1.0000E+00
   36.560  1.0000E+00
   36.570  1.0000E+00
   36.580  1.0000E+00
   36.590  1.0000E+00
   36.600  1.0000E+00
   36.610  1.0000E+00
   36.620  1.0000E+00
   36.630  1.0000E+00
   36.640  1.0000E+00
   36.650  1.0000E+00
   36.660  1.0000E+00
   36.670  1.0000E+00
   36.680  1.0000E+00
   36.690  1.0000E+00
   36.700  1.0000E+00
   36.710  1.0000E+00
   36.720  1.0000E+00
   36.730  1.0000E+00
   36.740  1.0000E+00
   36.750  1.0000E+00
   36.760  1.0000E+00
   36.770  1.0000E+00
   36.780  1.0000E+00
   36.790  1.0000E+00
   36.800  1.0000E+00
   36.810  1.0000E+00
   36.820  1.0000E+00
   36.830  1.0000E+00
   36.840  1.0000E+00
   36.850  1.0000E+00
   36.860  1.0000E+00
   36.870  1.0000E+00
   36.880  1.0000E+00
   36.890  1.0000E+00
   36.900  1.0000E+00
   36.910  1.0000E+00
   36.920  1.0000E+00
   36.930  1.0000E+00
   36.940  1.0000E+00
   36.950  1.0000E+00
   36.960  1.0000E+00
   36.970  1.0000E+00
   36.980  1.0000E+00
   36.990  1.0000E+00
   37.000  1.0000E+00
   37.010  1.0000E+00
   37.020  1.0000E+00
   37.030  1.0000E+00
   37.040  1.0000E+00
   37.050  1.0000E+00
   37.060  1.0000E+00
   37.070  1.0000E+00
   37.080  1.0000E+00
   37.090  1.0000E+00
   37.100  1.0000E+00
   37.110  1.0000E+00
   37.120  1.0000E+00
   37.130  1.0000E+00
   37.140  1.0000E+00
   37.150  1.0000E+00
   37.160  1.0000E+00
   37.170  1.0000E+00
   37.180  1.0000E+00
   37.190  1.0000E+00
   37.200  1.0000E+00
   37.210  1.0000E+00
   37.220  1.0000E+00
   37.230  1.0000E+00
   37.240  1.0000E+00
   37.250  1.0000E+00
   37.260  1.0000E+00
   37.270  1.0000E+00
   37.280  1.0000E+00
   37.290  1.0000E+00
   37.300  1.0000E+00
   37.310  1.0000E+00
   37.320  1.0000E+00
   37.330  1.0000E+00
   37.340  1.0000E+00
   37.350  1.0000E+00
   37.360  1.0000E+00
   37.370  1.0000E+00
   37.380  1.0000E+00
   37.390  1.0000E+00
   37.400  1.0000E+00
   37.410  1.0000E+00
   37.420  1.0000E+00
   37.430  1.0000E+00
   37.440  1.0000E+00
   37.450  1.0000E+00
   37.460  1.0000E+00
   37.470  1.0000E+00
   37.480  1.0000E+00
   37.490  1.0000E+00
   37.500  1.0000E+00
   37.510  1.0000E+00
   37.520  1.0000E+00
   37.530  1.0000E+00
   37.540  1.0000E+00
   37.550  1.0000E+00
   37.560  1.0000E+00
   37.570  1.0000E+00
   37.580  1.0000E+00
   37.590  1.0000E+00
   37.600  1.0000E+00
   37.610  1.0000E+00
   37.620  1.0000E+00
   37.630  1.0000E+00
   37.640  1.0000E+00
   37.650  1.0000E+00
   37.660  1.0000E+00
   37.670  1.0000E+00
   37.680  1.0000E+00
   37.690  1.0000E+00
   37.700  1.0000E+00
   37.710  1.0000E+00
   37.720  1.0000E+00
   37.730  1.0000E+00
   37.740  1.0000E+00
   37.750  1.0000E+00
   37.760  1.0000E+00
   37.770  1.0000E+00
   37.780  1.0000E+00
   37.790  1.0000E+00
   37.800  1.0000E+00
   37.810  1.0000E+00
   37.820  1.0000E+00
   37.830  1.0000E+00
   37.840  1.0000E+00
   37.850  1.0000E+00
   37.860  1.0000E+00
   37.870  1.0000E+00
   37.880  1.0000E+00
   37.890  1.0000E+00
   37.900  1.0000E+00
   37.910  1.0000E+00
   37.920  1.0000E+00
   37.930  1.0000E+00
   37.940  1.0000E+00
   37.950  1.0000E+00
   37.960  1.0000E+00
   37.970  1.0000E+00
   37.980  1.0000E+00
   37.990  1.0000E+00
   38.000  1.0000E+00
   38.010  1.0000E+00
   38.020  1.0000E+00
   38.030  1.0000E+00
   38.040  1.0000E+00
   38.050  1.0000E+00
   38.060  1.0000E+00
   38.070  1.0000E+00
   38.080  1.0000E+00
   38.090  1.0000E+00
   38.100  1.0000E+00
   38.110  1.0000E+00
   38.120  1.0000E+00
   38.130  1.0000E+00
   38.140  1.0000E+00
   38.150  1.0000E+00
   38.160  1.0000E+00
   38.170  1.0000E+00
   38.180  1.0000E+00
   38.190  1.0000E+00
   38.200  1.0000E+00
   38.210  1.0000E+00
   38.220  1.0000E+00
   38.230  1.0000E+00
   38.240  1.0000E+00
   38.250  1.0000E+00
   38.260  1.0000E+00
   38.270  1.0000E+00
   38.280  1.0000E+00
   38.290  1.0000E+00
   38.300  1.0000E+00
   38.310  1.0000E+00
   38.320  1.0000E+00
   38.330  1.0000E+00
   38.340  1.0000E+00
   38.350  1.0000E+00
   38.360  1.0000E+00
   38.370  1.0000E+00
   38.380  1.0000E+00
   38.390  1.0000E+00
   38.400  1.0000E+00
   38.410  1.0000E+00
   38.420  1.0000E+00
   38.430  1.0000E+00
   38.440  1.0000E+00
   38.450  1.0000E+00
   38.460  1.0000E+00
   38.470  1.0000E+00
   38.480  1.0000E+00
   38.490  1.0000E+00
   38.500  1.0000E+00
   38.510  1.0000E+00
   38.520  1.0000E+00
   38.530  1.0000E+00
   38.540  1.0000E+00
   38.550  1.0000E+00
   38.560  1.0000E+00
   38.570  1.0000E+00
   38.580  1.0000E+00
   38.590  1.0000E+00
   38.600  1.0000E+00
   38.610  1.0000E+00
   38.620  1.0000E+00
   38.630  1.0000E+00
   38.640  1.0000E+00
   38.650  1.0000E+00
   38.660  1.0000E+00
   38.670  1.0000E+00
   38.680  1.0000E+00
   38.690  1.0000E+00
   38.700  1.0000E+00
   38.710  1.0000E+00
   38.720  1.0000E+00
   38.730  1.0000E+00
   38.740  1.0000E+00
   38.750  1.0000E+00
   38.760  1.0000E+00
   38.770  1.0000E+00
   38.780  1.0000E+00
   38.790  1.0000E+00
   38.800  1.0000E+00
   38.810  1.0000E+00
   38.820  1.0000E+00
   38.830  1.0000E+00
   38.840  1.0000E+00
   38.850  1.0000E+00
   38.860  1.0000E+00
   38.870  1.0000E+00
   38.880  1.0000E+00
   38.890  1.0000E+00
   38.900  1.0000E+00
   38.910  1.0000E+00
   38.920  1.0000E+00
   38.930  1.0000E+00
   38.940  1.0000E+00
   38.950  1.0000E+00
   38.960  1.0000E+00
   38.970  1.0000E+00
   38.980  1.0000E+00
   38.990  1.0000E+00
   39.000  1.0000E+00
   39.010  1.0000E+00
   39.020  1.0000E+00
   39.030  1.0000E+00
   39.040  1.0000E+00
   39.050  1.0000E+00
   39.060  1.0000E+00
   39.070  1.0000E+00
   39.080  1.0000E+00
   39.090  1.0000E+00
   39.100  1.0000E+00
   39.110  1.0000E+00
   39.120  1.0000E+00
   39.130  1.0000E+00
   39.140  1.0000E+00
   39.150  1.0000E+00
   39.160  1.0000E+00
   39.170  1.0000E+00
   39.180  1.0000E+00
   39.190  1.0000E+00
   39.200  1.0000E+00
   39.210  1.0000E+00
   39.220  1.0000E+00
   39.230  1.0000E+00
   39.240  1.0000E+00
   39.250  1.0000E+00
   39.260  1.0000E+00
   39.270  1.0000E+00
   39.280  1.0000E+00
   39.290  1.0000E+00
   39.300  1.0000E+00
   39.310  1.0000E+00
   39.320  1.0000E+00
   39.330  1.0000E+00
   39.340  1.0000E+00
   39.350  1.0000E+00
   39.360  1.0000E+00
   39.370  1.0000E+00
   39.380  1.0000E+00
   39.390  1.0000E+00
   39.400  1.0000E+00
   39.410  1.0000E+00
   39.420  1.0000E+00
   39.430  1.0000E+00
   39.440  1.0000E+00
   39.450  1.0000E+00
   39.460  1.0000E+00
   39.470  1.0000E+00
   39.480  1.0000E+00
   39.490  1.0000E+00
   39.500  1.0000E+00
   39.510  1.0000E+00
   39.520  1.0000E+00
   39.530  1.0000E+00
   39.540  1.0000E+00
   39.550  1.0000E+00
   39.560  1.0000E+00
   39.570  1.0000E+00
   39.580  1.0000E+00
   39.590  1.0000E+00
   39.600  1.0000E+00
   39.610  1.0000E+00
   39.620  1.0000E+00
   39.630  1.0000E+00
   39.640  1.0000E+00
   39.650  1.0000E+00
   39.660  1.0000E+00
   39.670  1.0000E+00
   39.680  1.0000E+00
   39.690  1.0000E+00
   39.700  1.0000E+00
   39.710  1.0000E+00
   39.720  1.0000E+00
   39.730  1.0000E+00
   39.740  1.0000E+00
   39.750  1.0000E+00
   39.760  1.0000E+00
   39.770  1.0000E+00
   39.780  1.0000E+00
   39.790  1.0000E+00
   39.800  1.0000E+00
   39.810  1.0000E+00
   39.820  1.0000E+00
   39.830  1.0000E+00
   39.840  1.0000E+00
   39.850  1.0000E+00
   39.860  1.0000E+00
   39.870  1.0000E+00
   39.880  1.0000E+00
   39.890  1.0000E+00
   39.900  1.0000E+00
   39.910  1.0000E+00
   39.920  1.0000E+00
   39.930  1.0000E+00
   39.940  1.0000E+00
   39.950  1.0000E+00
   39.960  1.0000E+00
   39.970  1.0000E+00
   39.980  1.0000E+00
   39.990  1.0000E+00
   40.000  1.0000E+00
   40.010  1.0000E+00
   40.020  1.0000E+00
   40.030  1.0000E+00
   40.040  1.0000E+00
   40.050  1.0000E+00
   40.060  1.0000E+00
   40.070  1.0000E+00
   40.080  1.0000E+00
   40.090  1.0000E+00
   40.100  1.0000E+00
   40.110  1.0000E+00
   40.120  1.0000E+00
   40.130  1.0000E+00
   40.140  1.0000E+00
   40.150  1.0000E+00
   40.160  1.0000E+00
   40.170  1.0000E+00
   40.180  1.0000E+00
   40.190  1.0000E+00
   40.200  1.0000E+00
   40.210  1.0000E+00
   40.220  1.0000E+00
   40.230  1.0000E+00
   40.240  1.0000E+00
   40.250  1.0000E+00
   40.260  1.0000E+00
   40.270  1.0000E+00
   40.280  1.0000E+00
   40.290  1.0000E+00
   40.300  1.0000E+00
   40.310  1.0000E+00
   40.320  1.0000E+00
   40.330  1.0000E+00
   40.340  1.0000E+00
   40.350  1.0000E+00
   40.360  1.0000E+00
   40.370  1.0000E+00
   40.380  1.0000E+00
   40.390  1.0000E+00
   40.400  1.0000E+00
   40.410  1.0000E+00
   40.420  1.0000E+00
   40.430  1.0000E+00
   40.440  1.0000E+00
   40.450  1.0000E+00
   40.460  1.0000E+00
   40.470  1.0000E+00
   40.480  1.0000E+00
   40.490  1.0000E+00
   40.500  1.0000E+00
   40.510  1.0000E+00
   40.520  1.0000E+00
   40.530  1.0000E+00
   40.540  1.0000E+00
   40.550  1.0000E+00
   40.560  1.0000E+00
   40.570  1.0000E+00
   40.580  1.0000E+00
   40.590  1.0000E+00
   40.600  1.0000E+00
   40.610  1.0000E+00
   40.620  1.0000E+00
   40.630  1.0000E+00
   40.640  1.0000E+00
   40.650  1.0000E+00
   40.660  1.0000E+00
   40.670  1.0000E+00
   40.680  1.0000E+00
   40.690  1.0000E+00
   40.700  1.0000E+00
   40.710  1.0000E+00
   40.720  1.0000E+00
   40.730  1.0000E+00
   40.740  1.0000E+00
   40.750  1.0000E+00
   40.760  1.0000E+00
   40.770  1.0000E+00
   40.780  1.0000E+00
   40.790  1.0000E+00
   40.800  1.0000E+00
   40.810  1.0000E+00
   40.820  1.0000E+00
   40.830  1.0000E+00
   40.840  1.0000E+00
   40.850  1.0000E+00
   40.860  1.0000E+00
   40.870  1.0000E+00
   40.880  1.0000E+00
   40.890  1.0000E+00
   40.900  1.0000E+00
   40.910  1.0000E+00
   40.920  1.0000E+00
   40.930  1.0000E+00
   40.940  1.0000E+00
   40.950  1.0000E+00
