 itr  i0  j0   i   j t_arrive(i0,j0) t_arrive_min t_arrive(i,j) risetime(i,j) risetime_max dur_path(i,j) dur_sub(i,j) t_arrive(i,j)+dur_sub(i,j) imx jmx t_arrive(imax,jmax) dur_sub(imax,jmax) t_arrive(imax,jmax)+dur_sub(imax,jmax) risetime_max t_end_max
   1   7  11   1   1             3.1          3.1           7.4           3.3          3.3          0.00         3.30                       10.7  20  14                10.3                4.7                                   15.0          3.3      15.0
   1   7  11   1   2             3.1          3.1           6.9           3.3          3.3          0.00         3.27                       10.2  20  14                10.3                4.7                                   15.0          3.3      15.0
   1   7  11   1   3             3.1          3.1           6.5           3.2          3.3          0.00         3.19                        9.7  20  14                10.3                4.7                                   15.0          3.3      15.0
   1   7  11   1   4             3.1          3.1           6.1           3.1          3.3          0.00         3.08                        9.2  20  14                10.3                4.7                                   15.0          3.3      15.0
   1   7  11   1   5             3.1          3.1           5.8           2.9          3.3          0.00         2.92                        8.7  20  14                10.3                4.7                                   15.0          3.3      15.0
   1   7  11   1   6             3.1          3.1           5.5           2.9          3.3          0.00         2.92                        8.5  20  14                10.3                4.7                                   15.0          3.3      15.0
   1   7  11   1   7             3.1          3.1           5.4           2.9          3.3          0.00         2.92                        8.3  20  14                10.3                4.7                                   15.0          3.3      15.0
   1   7  11   1   8             3.1          3.1           5.3           2.9          3.3          0.01         2.93                        8.2  20  14                10.3                4.7                                   15.0          3.3      15.0
   1   7  11   1   9             3.1          3.1           5.3           2.9          3.3          0.16         3.08                        8.4  20  14                10.3                4.7                                   15.0          3.3      15.0
   1   7  11   1  10             3.1          3.1           5.4           2.9          3.3          0.32         3.24                        8.7  20  14                10.3                4.7                                   15.0          3.3      15.0
   1   7  11   1  11             3.1          3.1           5.7           2.9          3.3          0.49         3.41                        9.1  20  14                10.3                4.7                                   15.0          3.3      15.0
   1   7  11   1  12             3.1          3.1           6.0           2.9          3.3          0.67         3.58                        9.6  20  14                10.3                4.7                                   15.0          3.3      15.0
   1   7  11   1  13             3.1          3.1           6.5           2.9          3.3          0.85         3.77                       10.2  20  14                10.3                4.7                                   15.0          3.3      15.0
   1   7  11   1  14             3.1          3.1           7.0           2.9          3.3          1.04         3.95                       11.0  20  14                10.3                4.7                                   15.0          3.3      15.0
   1   7  11   2   1             3.1          3.1           7.1           3.3          3.3          0.00         3.30                       10.4  20  14                10.3                4.7                                   15.0          3.3      15.0
   1   7  11   2   2             3.1          3.1           6.6           3.3          3.3          0.00         3.27                        9.8  20  14                10.3                4.7                                   15.0          3.3      15.0
   1   7  11   2   3             3.1          3.1           6.1           3.2          3.3          0.00         3.19                        9.3  20  14                10.3                4.7                                   15.0          3.3      15.0
   1   7  11   2   4             3.1          3.1           5.7           3.1          3.3          0.00         3.08                        8.8  20  14                10.3                4.7                                   15.0          3.3      15.0
   1   7  11   2   5             3.1          3.1           5.4           2.9          3.3          0.00         2.92                        8.3  20  14                10.3                4.7                                   15.0          3.3      15.0
   1   7  11   2   6             3.1          3.1           5.1           2.7          3.3          0.00         2.66                        7.8  20  14                10.3                4.7                                   15.0          3.3      15.0
   1   7  11   2   7             3.1          3.1           5.0           2.7          3.3          0.00         2.66                        7.6  20  14                10.3                4.7                                   15.0          3.3      15.0
   1   7  11   2   8             3.1          3.1           4.9           2.7          3.3          0.00         2.66                        7.5  20  14                10.3                4.7                                   15.0          3.3      15.0
   1   7  11   2   9             3.1          3.1           4.9           2.7          3.3          0.08         2.74                        7.6  20  14                10.3                4.7                                   15.0          3.3      15.0
   1   7  11   2  10             3.1          3.1           5.0           2.7          3.3          0.25         2.91                        7.9  20  14                10.3                4.7                                   15.0          3.3      15.0
   1   7  11   2  11             3.1          3.1           5.2           2.7          3.3          0.42         3.09                        8.3  20  14                10.3                4.7                                   15.0          3.3      15.0
   1   7  11   2  12             3.1          3.1           5.5           2.7          3.3          0.61         3.27                        8.8  20  14                10.3                4.7                                   15.0          3.3      15.0
   1   7  11   2  13             3.1          3.1           6.0           2.7          3.3          0.79         3.46                        9.5  20  14                10.3                4.7                                   15.0          3.3      15.0
   1   7  11   2  14             3.1          3.1           6.6           2.7          3.3          0.98         3.65                       10.3  20  14                10.3                4.7                                   15.0          3.3      15.0
   1   7  11   3   1             3.1          3.1           6.8           3.3          3.3          0.00         3.30                       10.1  20  14                10.3                4.7                                   15.0          3.3      15.0
   1   7  11   3   2             3.1          3.1           6.2           3.3          3.3          0.00         3.27                        9.5  20  14                10.3                4.7                                   15.0          3.3      15.0
   1   7  11   3   3             3.1          3.1           5.7           3.2          3.3          0.00         3.19                        8.9  20  14                10.3                4.7                                   15.0          3.3      15.0
   1   7  11   3   4             3.1          3.1           5.3           3.1          3.3          0.00         3.08                        8.4  20  14                10.3                4.7                                   15.0          3.3      15.0
   1   7  11   3   5             3.1          3.1           5.0           2.9          3.3          0.00         2.92                        7.9  20  14                10.3                4.7                                   15.0          3.3      15.0
   1   7  11   3   6             3.1          3.1           4.8           2.7          3.3          0.00         2.66                        7.4  20  14                10.3                4.7                                   15.0          3.3      15.0
   1   7  11   3   7             3.1          3.1           4.6           2.4          3.3          0.00         2.39                        7.0  20  14                10.3                4.7                                   15.0          3.3      15.0
   1   7  11   3   8             3.1          3.1           4.5           2.4          3.3          0.00         2.39                        6.9  20  14                10.3                4.7                                   15.0          3.3      15.0
   1   7  11   3   9             3.1          3.1           4.4           2.4          3.3          0.01         2.40                        6.8  20  14                10.3                4.7                                   15.0          3.3      15.0
   1   7  11   3  10             3.1          3.1           4.5           2.4          3.3          0.18         2.58                        7.1  20  14                10.3                4.7                                   15.0          3.3      15.0
   1   7  11   3  11             3.1          3.1           4.7           2.4          3.3          0.36         2.76                        7.5  20  14                10.3                4.7                                   15.0          3.3      15.0
   1   7  11   3  12             3.1          3.1           5.1           2.4          3.3          0.55         2.95                        8.0  20  14                10.3                4.7                                   15.0          3.3      15.0
   1   7  11   3  13             3.1          3.1           5.6           2.4          3.3          0.74         3.14                        8.8  20  14                10.3                4.7                                   15.0          3.3      15.0
   1   7  11   3  14             3.1          3.1           6.3           2.4          3.3          0.94         3.33                        9.6  20  14                10.3                4.7                                   15.0          3.3      15.0
   1   7  11   4   1             3.1          3.1           6.5           3.3          3.3          0.00         3.30                        9.9  20  14                10.3                4.7                                   15.0          3.3      15.0
   1   7  11   4   2             3.1          3.1           6.0           3.3          3.3          0.00         3.27                        9.2  20  14                10.3                4.7                                   15.0          3.3      15.0
   1   7  11   4   3             3.1          3.1           5.5           3.2          3.3          0.00         3.19                        8.7  20  14                10.3                4.7                                   15.0          3.3      15.0
   1   7  11   4   4             3.1          3.1           5.0           3.1          3.3          0.00         3.08                        8.1  20  14                10.3                4.7                                   15.0          3.3      15.0
   1   7  11   4   5             3.1          3.1           4.7           2.9          3.3          0.00         2.92                        7.6  20  14                10.3                4.7                                   15.0          3.3      15.0
   1   7  11   4   6             3.1          3.1           4.5           2.7          3.3          0.00         2.66                        7.1  20  14                10.3                4.7                                   15.0          3.3      15.0
   1   7  11   4   7             3.1          3.1           4.3           2.4          3.3          0.00         2.39                        6.6  20  14                10.3                4.7                                   15.0          3.3      15.0
   1   7  11   4   8             3.1          3.1           4.1           2.1          3.3          0.00         2.11                        6.2  20  14                10.3                4.7                                   15.0          3.3      15.0
   1   7  11   4   9             3.1          3.1           4.0           2.1          3.3          0.00         2.11                        6.1  20  14                10.3                4.7                                   15.0          3.3      15.0
   1   7  11   4  10             3.1          3.1           4.1           2.1          3.3          0.13         2.24                        6.3  20  14                10.3                4.7                                   15.0          3.3      15.0
   1   7  11   4  11             3.1          3.1           4.3           2.1          3.3          0.32         2.42                        6.7  20  14                10.3                4.7                                   15.0          3.3      15.0
   1   7  11   4  12             3.1          3.1           4.7           2.1          3.3          0.51         2.62                        7.3  20  14                10.3                4.7                                   15.0          3.3      15.0
   1   7  11   4  13             3.1          3.1           5.3           2.1          3.3          0.70         2.81                        8.1  20  14                10.3                4.7                                   15.0          3.3      15.0
   1   7  11   4  14             3.1          3.1           6.0           2.1          3.3          0.90         3.01                        9.0  20  14                10.3                4.7                                   15.0          3.3      15.0
   1   7  11   5   1             3.1          3.1           6.4           3.3          3.3          0.00         3.30                        9.7  20  14                10.3                4.7                                   15.0          3.3      15.0
   1   7  11   5   2             3.1          3.1           5.8           3.3          3.3          0.00         3.27                        9.0  20  14                10.3                4.7                                   15.0          3.3      15.0
   1   7  11   5   3             3.1          3.1           5.2           3.2          3.3          0.00         3.19                        8.4  20  14                10.3                4.7                                   15.0          3.3      15.0
   1   7  11   5   4             3.1          3.1           4.8           3.1          3.3          0.00         3.08                        7.9  20  14                10.3                4.7                                   15.0          3.3      15.0
   1   7  11   5   5             3.1          3.1           4.5           2.9          3.3          0.00         2.92                        7.4  20  14                10.3                4.7                                   15.0          3.3      15.0
   1   7  11   5   6             3.1          3.1           4.2           2.7          3.3          0.00         2.66                        6.9  20  14                10.3                4.7                                   15.0          3.3      15.0
   1   7  11   5   7             3.1          3.1           4.0           2.4          3.3          0.00         2.39                        6.4  20  14                10.3                4.7                                   15.0          3.3      15.0
   1   7  11   5   8             3.1          3.1           3.8           2.1          3.3          0.00         2.11                        5.9  20  14                10.3                4.7                                   15.0          3.3      15.0
   1   7  11   5   9             3.1          3.1           3.7           1.7          3.3          0.00         1.68                        5.4  20  14                10.3                4.7                                   15.0          3.3      15.0
   1   7  11   5  10             3.1          3.1           3.7           1.7          3.3          0.09         1.77                        5.4  20  14                10.3                4.7                                   15.0          3.3      15.0
   1   7  11   5  11             3.1          3.1           3.8           1.7          3.3          0.28         1.97                        5.8  20  14                10.3                4.7                                   15.0          3.3      15.0
   1   7  11   5  12             3.1          3.1           4.3           1.7          3.3          0.48         2.16                        6.5  20  14                10.3                4.7                                   15.0          3.3      15.0
   1   7  11   5  13             3.1          3.1           5.0           1.7          3.3          0.68         2.36                        7.3  20  14                10.3                4.7                                   15.0          3.3      15.0
   1   7  11   5  14             3.1          3.1           5.7           2.1          3.3          0.88         2.98                        8.7  20  14                10.3                4.7                                   15.0          3.3      15.0
   1   7  11   6   1             3.1          3.1           6.2           3.3          3.3          0.00         3.30                        9.5  20  14                10.3                4.7                                   15.0          3.3      15.0
   1   7  11   6   2             3.1          3.1           5.6           3.3          3.3          0.00         3.27                        8.9  20  14                10.3                4.7                                   15.0          3.3      15.0
   1   7  11   6   3             3.1          3.1           5.1           3.2          3.3          0.00         3.19                        8.3  20  14                10.3                4.7                                   15.0          3.3      15.0
   1   7  11   6   4             3.1          3.1           4.7           3.1          3.3          0.00         3.08                        7.8  20  14                10.3                4.7                                   15.0          3.3      15.0
   1   7  11   6   5             3.1          3.1           4.3           2.9          3.3          0.00         2.92                        7.3  20  14                10.3                4.7                                   15.0          3.3      15.0
   1   7  11   6   6             3.1          3.1           4.1           2.7          3.3          0.00         2.66                        6.7  20  14                10.3                4.7                                   15.0          3.3      15.0
   1   7  11   6   7             3.1          3.1           3.8           2.4          3.3          0.00         2.39                        6.2  20  14                10.3                4.7                                   15.0          3.3      15.0
   1   7  11   6   8             3.1          3.1           3.6           2.1          3.3          0.00         2.11                        5.8  20  14                10.3                4.7                                   15.0          3.3      15.0
   1   7  11   6   9             3.1          3.1           3.5           1.7          3.3          0.00         1.68                        5.2  20  14                10.3                4.7                                   15.0          3.3      15.0
   1   7  11   6  10             3.1          3.1           3.4           1.2          3.3          0.07         1.26                        4.6  20  14                10.3                4.7                                   15.0          3.3      15.0
   1   7  11   6  11             3.1          3.1           3.4           1.2          3.3          0.26         1.46                        4.9  20  14                10.3                4.7                                   15.0          3.3      15.0
   1   7  11   6  12             3.1          3.1           4.0           1.2          3.3          0.46         1.66                        5.7  20  14                10.3                4.7                                   15.0          3.3      15.0
   1   7  11   6  13             3.1          3.1           4.8           1.7          3.3          0.66         2.34                        7.1  20  14                10.3                4.7                                   15.0          3.3      15.0
   1   7  11   6  14             3.1          3.1           5.6           2.1          3.3          0.86         2.97                        8.5  20  14                10.3                4.7                                   15.0          3.3      15.0
   1   7  11   7   1             3.1          3.1           6.2           3.3          3.3          0.00         3.30                        9.5  20  14                10.3                4.7                                   15.0          3.3      15.0
   1   7  11   7   2             3.1          3.1           5.6           3.3          3.3          0.00         3.27                        8.8  20  14                10.3                4.7                                   15.0          3.3      15.0
   1   7  11   7   3             3.1          3.1           5.0           3.2          3.3          0.00         3.19                        8.2  20  14                10.3                4.7                                   15.0          3.3      15.0
   1   7  11   7   4             3.1          3.1           4.6           3.1          3.3          0.00         3.08                        7.7  20  14                10.3                4.7                                   15.0          3.3      15.0
   1   7  11   7   5             3.1          3.1           4.3           2.9          3.3          0.00         2.92                        7.2  20  14                10.3                4.7                                   15.0          3.3      15.0
   1   7  11   7   6             3.1          3.1           4.0           2.7          3.3          0.00         2.66                        6.7  20  14                10.3                4.7                                   15.0          3.3      15.0
   1   7  11   7   7             3.1          3.1           3.8           2.4          3.3          0.00         2.39                        6.2  20  14                10.3                4.7                                   15.0          3.3      15.0
   1   7  11   7   8             3.1          3.1           3.6           2.1          3.3          0.00         2.11                        5.7  20  14                10.3                4.7                                   15.0          3.3      15.0
   1   7  11   7   9             3.1          3.1           3.4           1.7          3.3          0.00         1.68                        5.1  20  14                10.3                4.7                                   15.0          3.3      15.0
   1   7  11   7  10             3.1          3.1           3.2           1.2          3.3          0.06         1.26                        4.5  20  14                10.3                4.7                                   15.0          3.3      15.0
   1   7  11   7  11             3.1          3.1           3.1           0.6          3.3          0.25         0.83                        3.9  20  14                10.3                4.7                                   15.0          3.3      15.0
   1   7  11   7  12             3.1          3.1           3.9           1.2          3.3          0.45         1.65                        5.5  20  14                10.3                4.7                                   15.0          3.3      15.0
   1   7  11   7  13             3.1          3.1           4.7           1.7          3.3          0.65         2.33                        7.0  20  14                10.3                4.7                                   15.0          3.3      15.0
   1   7  11   7  14             3.1          3.1           5.5           2.1          3.3          0.85         2.96                        8.5  20  14                10.3                4.7                                   15.0          3.3      15.0
   1   7  11   8   1             3.1          3.1           6.2           3.3          3.3          0.00         3.30                        9.5  20  14                10.3                4.7                                   15.0          3.3      15.0
   1   7  11   8   2             3.1          3.1           5.6           3.3          3.3          0.00         3.27                        8.9  20  14                10.3                4.7                                   15.0          3.3      15.0
   1   7  11   8   3             3.1          3.1           5.1           3.2          3.3          0.00         3.19                        8.3  20  14                10.3                4.7                                   15.0          3.3      15.0
   1   7  11   8   4             3.1          3.1           4.7           3.1          3.3          0.00         3.08                        7.7  20  14                10.3                4.7                                   15.0          3.3      15.0
   1   7  11   8   5             3.1          3.1           4.3           2.9          3.3          0.00         2.92                        7.3  20  14                10.3                4.7                                   15.0          3.3      15.0
   1   7  11   8   6             3.1          3.1           4.1           2.7          3.3          0.00         2.66                        6.7  20  14                10.3                4.7                                   15.0          3.3      15.0
   1   7  11   8   7             3.1          3.1           3.8           2.4          3.3          0.00         2.39                        6.2  20  14                10.3                4.7                                   15.0          3.3      15.0
   1   7  11   8   8             3.1          3.1           3.6           2.1          3.3          0.00         2.11                        5.8  20  14                10.3                4.7                                   15.0          3.3      15.0
   1   7  11   8   9             3.1          3.1           3.5           1.7          3.3          0.00         1.68                        5.2  20  14                10.3                4.7                                   15.0          3.3      15.0
   1   7  11   8  10             3.1          3.1           3.4           1.2          3.3          0.07         1.26                        4.6  20  14                10.3                4.7                                   15.0          3.3      15.0
   1   7  11   8  11             3.1          3.1           3.4           1.2          3.3          0.26         1.46                        4.9  20  14                10.3                4.7                                   15.0          3.3      15.0
   1   7  11   8  12             3.1          3.1           4.0           1.2          3.3          0.46         1.65                        5.7  20  14                10.3                4.7                                   15.0          3.3      15.0
   1   7  11   8  13             3.1          3.1           4.8           1.7          3.3          0.66         2.34                        7.1  20  14                10.3                4.7                                   15.0          3.3      15.0
   1   7  11   8  14             3.1          3.1           5.6           2.1          3.3          0.86         2.96                        8.5  20  14                10.3                4.7                                   15.0          3.3      15.0
   1   7  11   9   1             3.1          3.1           6.3           3.3          3.3          0.00         3.30                        9.6  20  14                10.3                4.7                                   15.0          3.3      15.0
   1   7  11   9   2             3.1          3.1           5.7           3.3          3.3          0.00         3.27                        9.0  20  14                10.3                4.7                                   15.0          3.3      15.0
   1   7  11   9   3             3.1          3.1           5.2           3.2          3.3          0.00         3.19                        8.4  20  14                10.3                4.7                                   15.0          3.3      15.0
   1   7  11   9   4             3.1          3.1           4.8           3.1          3.3          0.00         3.08                        7.9  20  14                10.3                4.7                                   15.0          3.3      15.0
   1   7  11   9   5             3.1          3.1           4.5           2.9          3.3          0.00         2.92                        7.4  20  14                10.3                4.7                                   15.0          3.3      15.0
   1   7  11   9   6             3.1          3.1           4.2           2.7          3.3          0.00         2.66                        6.9  20  14                10.3                4.7                                   15.0          3.3      15.0
   1   7  11   9   7             3.1          3.1           4.0           2.4          3.3          0.00         2.39                        6.4  20  14                10.3                4.7                                   15.0          3.3      15.0
   1   7  11   9   8             3.1          3.1           3.8           2.1          3.3          0.00         2.11                        5.9  20  14                10.3                4.7                                   15.0          3.3      15.0
   1   7  11   9   9             3.1          3.1           3.7           1.7          3.3          0.00         1.68                        5.4  20  14                10.3                4.7                                   15.0          3.3      15.0
   1   7  11   9  10             3.1          3.1           3.7           1.7          3.3          0.09         1.77                        5.4  20  14                10.3                4.7                                   15.0          3.3      15.0
   1   7  11   9  11             3.1          3.1           3.8           1.7          3.3          0.28         1.96                        5.8  20  14                10.3                4.7                                   15.0          3.3      15.0
   1   7  11   9  12             3.1          3.1           4.3           1.7          3.3          0.47         2.16                        6.5  20  14                10.3                4.7                                   15.0          3.3      15.0
   1   7  11   9  13             3.1          3.1           5.0           1.7          3.3          0.67         2.36                        7.3  20  14                10.3                4.7                                   15.0          3.3      15.0
   1   7  11   9  14             3.1          3.1           5.7           2.1          3.3          0.87         2.98                        8.7  20  14                10.3                4.7                                   15.0          3.3      15.0
   1   7  11  10   1             3.1          3.1           6.5           3.3          3.3          0.00         3.30                        9.8  20  14                10.3                4.7                                   15.0          3.3      15.0
   1   7  11  10   2             3.1          3.1           5.9           3.3          3.3          0.00         3.27                        9.2  20  14                10.3                4.7                                   15.0          3.3      15.0
   1   7  11  10   3             3.1          3.1           5.4           3.2          3.3          0.00         3.19                        8.6  20  14                10.3                4.7                                   15.0          3.3      15.0
   1   7  11  10   4             3.1          3.1           5.0           3.1          3.3          0.00         3.08                        8.1  20  14                10.3                4.7                                   15.0          3.3      15.0
   1   7  11  10   5             3.1          3.1           4.7           2.9          3.3          0.00         2.92                        7.6  20  14                10.3                4.7                                   15.0          3.3      15.0
   1   7  11  10   6             3.1          3.1           4.4           2.7          3.3          0.00         2.66                        7.1  20  14                10.3                4.7                                   15.0          3.3      15.0
   1   7  11  10   7             3.1          3.1           4.2           2.4          3.3          0.00         2.39                        6.6  20  14                10.3                4.7                                   15.0          3.3      15.0
   1   7  11  10   8             3.1          3.1           4.1           2.1          3.3          0.00         2.11                        6.2  20  14                10.3                4.7                                   15.0          3.3      15.0
   1   7  11  10   9             3.1          3.1           4.0           2.1          3.3          0.00         2.11                        6.1  20  14                10.3                4.7                                   15.0          3.3      15.0
   1   7  11  10  10             3.1          3.1           4.1           2.1          3.3          0.12         2.23                        6.3  20  14                10.3                4.7                                   15.0          3.3      15.0
   1   7  11  10  11             3.1          3.1           4.3           2.1          3.3          0.31         2.42                        6.7  20  14                10.3                4.7                                   15.0          3.3      15.0
   1   7  11  10  12             3.1          3.1           4.7           2.1          3.3          0.50         2.61                        7.3  20  14                10.3                4.7                                   15.0          3.3      15.0
   1   7  11  10  13             3.1          3.1           5.3           2.1          3.3          0.70         2.81                        8.1  20  14                10.3                4.7                                   15.0          3.3      15.0
   1   7  11  10  14             3.1          3.1           6.0           2.1          3.3          0.90         3.00                        9.0  20  14                10.3                4.7                                   15.0          3.3      15.0
   1   7  11  11   1             3.1          3.1           6.8           3.3          3.3          0.00         3.30                       10.1  20  14                10.3                4.7                                   15.0          3.3      15.0
   1   7  11  11   2             3.1          3.1           6.2           3.3          3.3          0.00         3.27                        9.5  20  14                10.3                4.7                                   15.0          3.3      15.0
   1   7  11  11   3             3.1          3.1           5.7           3.2          3.3          0.00         3.19                        8.9  20  14                10.3                4.7                                   15.0          3.3      15.0
   1   7  11  11   4             3.1          3.1           5.3           3.1          3.3          0.00         3.08                        8.4  20  14                10.3                4.7                                   15.0          3.3      15.0
   1   7  11  11   5             3.1          3.1           5.0           2.9          3.3          0.00         2.92                        7.9  20  14                10.3                4.7                                   15.0          3.3      15.0
   1   7  11  11   6             3.1          3.1           4.7           2.7          3.3          0.00         2.66                        7.4  20  14                10.3                4.7                                   15.0          3.3      15.0
   1   7  11  11   7             3.1          3.1           4.6           2.4          3.3          0.00         2.39                        7.0  20  14                10.3                4.7                                   15.0          3.3      15.0
   1   7  11  11   8             3.1          3.1           4.4           2.4          3.3          0.00         2.39                        6.8  20  14                10.3                4.7                                   15.0          3.3      15.0
   1   7  11  11   9             3.1          3.1           4.4           2.4          3.3          0.00         2.39                        6.8  20  14                10.3                4.7                                   15.0          3.3      15.0
   1   7  11  11  10             3.1          3.1           4.5           2.4          3.3          0.17         2.57                        7.0  20  14                10.3                4.7                                   15.0          3.3      15.0
   1   7  11  11  11             3.1          3.1           4.7           2.4          3.3          0.36         2.75                        7.5  20  14                10.3                4.7                                   15.0          3.3      15.0
   1   7  11  11  12             3.1          3.1           5.1           2.4          3.3          0.55         2.94                        8.0  20  14                10.3                4.7                                   15.0          3.3      15.0
   1   7  11  11  13             3.1          3.1           5.6           2.4          3.3          0.74         3.13                        8.8  20  14                10.3                4.7                                   15.0          3.3      15.0
   1   7  11  11  14             3.1          3.1           6.3           2.4          3.3          0.93         3.33                        9.6  20  14                10.3                4.7                                   15.0          3.3      15.0
   1   7  11  12   1             3.1          3.1           7.1           3.3          3.3          0.00         3.30                       10.4  20  14                10.3                4.7                                   15.0          3.3      15.0
   1   7  11  12   2             3.1          3.1           6.5           3.3          3.3          0.00         3.27                        9.8  20  14                10.3                4.7                                   15.0          3.3      15.0
   1   7  11  12   3             3.1          3.1           6.1           3.2          3.3          0.00         3.19                        9.2  20  14                10.3                4.7                                   15.0          3.3      15.0
   1   7  11  12   4             3.1          3.1           5.7           3.1          3.3          0.00         3.08                        8.7  20  14                10.3                4.7                                   15.0          3.3      15.0
   1   7  11  12   5             3.1          3.1           5.3           2.9          3.3          0.00         2.92                        8.3  20  14                10.3                4.7                                   15.0          3.3      15.0
   1   7  11  12   6             3.1          3.1           5.1           2.7          3.3          0.00         2.66                        7.8  20  14                10.3                4.7                                   15.0          3.3      15.0
   1   7  11  12   7             3.1          3.1           4.9           2.7          3.3          0.00         2.66                        7.6  20  14                10.3                4.7                                   15.0          3.3      15.0
   1   7  11  12   8             3.1          3.1           4.8           2.7          3.3          0.00         2.66                        7.5  20  14                10.3                4.7                                   15.0          3.3      15.0
   1   7  11  12   9             3.1          3.1           4.8           2.7          3.3          0.07         2.73                        7.6  20  14                10.3                4.7                                   15.0          3.3      15.0
   1   7  11  12  10             3.1          3.1           4.9           2.7          3.3          0.24         2.90                        7.8  20  14                10.3                4.7                                   15.0          3.3      15.0
   1   7  11  12  11             3.1          3.1           5.2           2.7          3.3          0.41         3.08                        8.2  20  14                10.3                4.7                                   15.0          3.3      15.0
   1   7  11  12  12             3.1          3.1           5.5           2.7          3.3          0.60         3.26                        8.8  20  14                10.3                4.7                                   15.0          3.3      15.0
   1   7  11  12  13             3.1          3.1           6.0           2.7          3.3          0.79         3.45                        9.5  20  14                10.3                4.7                                   15.0          3.3      15.0
   1   7  11  12  14             3.1          3.1           6.6           2.7          3.3          0.98         3.64                       10.2  20  14                10.3                4.7                                   15.0          3.3      15.0
   1   7  11  13   1             3.1          3.1           7.4           3.3          3.3          0.00         3.30                       10.7  20  14                10.3                4.7                                   15.0          3.3      15.0
   1   7  11  13   2             3.1          3.1           6.9           3.3          3.3          0.00         3.27                       10.2  20  14                10.3                4.7                                   15.0          3.3      15.0
   1   7  11  13   3             3.1          3.1           6.4           3.2          3.3          0.00         3.19                        9.6  20  14                10.3                4.7                                   15.0          3.3      15.0
   1   7  11  13   4             3.1          3.1           6.1           3.1          3.3          0.00         3.08                        9.1  20  14                10.3                4.7                                   15.0          3.3      15.0
   1   7  11  13   5             3.1          3.1           5.7           2.9          3.3          0.00         2.92                        8.7  20  14                10.3                4.7                                   15.0          3.3      15.0
   1   7  11  13   6             3.1          3.1           5.5           2.9          3.3          0.00         2.92                        8.4  20  14                10.3                4.7                                   15.0          3.3      15.0
   1   7  11  13   7             3.1          3.1           5.4           2.9          3.3          0.00         2.92                        8.3  20  14                10.3                4.7                                   15.0          3.3      15.0
   1   7  11  13   8             3.1          3.1           5.3           2.9          3.3          0.00         2.92                        8.2  20  14                10.3                4.7                                   15.0          3.3      15.0
   1   7  11  13   9             3.1          3.1           5.3           2.9          3.3          0.15         3.06                        8.4  20  14                10.3                4.7                                   15.0          3.3      15.0
   1   7  11  13  10             3.1          3.1           5.4           2.9          3.3          0.31         3.23                        8.6  20  14                10.3                4.7                                   15.0          3.3      15.0
   1   7  11  13  11             3.1          3.1           5.7           2.9          3.3          0.48         3.40                        9.0  20  14                10.3                4.7                                   15.0          3.3      15.0
   1   7  11  13  12             3.1          3.1           6.0           2.9          3.3          0.66         3.58                        9.6  20  14                10.3                4.7                                   15.0          3.3      15.0
   1   7  11  13  13             3.1          3.1           6.5           2.9          3.3          0.84         3.76                       10.2  20  14                10.3                4.7                                   15.0          3.3      15.0
   1   7  11  13  14             3.1          3.1           7.0           2.9          3.3          1.03         3.95                       10.9  20  14                10.3                4.7                                   15.0          3.3      15.0
   1   7  11  14   1             3.1          3.1           7.8           3.3          3.3          0.00         3.30                       11.1  20  14                10.3                4.7                                   15.0          3.3      15.0
   1   7  11  14   2             3.1          3.1           7.3           3.3          3.3          0.00         3.27                       10.5  20  14                10.3                4.7                                   15.0          3.3      15.0
   1   7  11  14   3             3.1          3.1           6.8           3.2          3.3          0.00         3.19                       10.0  20  14                10.3                4.7                                   15.0          3.3      15.0
   1   7  11  14   4             3.1          3.1           6.5           3.1          3.3          0.00         3.08                        9.6  20  14                10.3                4.7                                   15.0          3.3      15.0
   1   7  11  14   5             3.1          3.1           6.2           3.1          3.3          0.00         3.08                        9.3  20  14                10.3                4.7                                   15.0          3.3      15.0
   1   7  11  14   6             3.1          3.1           6.0           3.1          3.3          0.00         3.08                        9.1  20  14                10.3                4.7                                   15.0          3.3      15.0
   1   7  11  14   7             3.1          3.1           5.8           3.1          3.3          0.00         3.08                        8.9  20  14                10.3                4.7                                   15.0          3.3      15.0
   1   7  11  14   8             3.1          3.1           5.8           3.1          3.3          0.10         3.18                        9.0  20  14                10.3                4.7                                   15.0          3.3      15.0
   1   7  11  14   9             3.1          3.1           5.8           3.1          3.3          0.24         3.32                        9.1  20  14                10.3                4.7                                   15.0          3.3      15.0
   1   7  11  14  10             3.1          3.1           5.9           3.1          3.3          0.40         3.47                        9.4  20  14                10.3                4.7                                   15.0          3.3      15.0
   1   7  11  14  11             3.1          3.1           6.1           3.1          3.3          0.56         3.64                        9.8  20  14                10.3                4.7                                   15.0          3.3      15.0
   1   7  11  14  12             3.1          3.1           6.5           3.1          3.3          0.73         3.81                       10.3  20  14                10.3                4.7                                   15.0          3.3      15.0
   1   7  11  14  13             3.1          3.1           6.9           3.1          3.3          0.91         3.99                       10.9  20  14                10.3                4.7                                   15.0          3.3      15.0
   1   7  11  14  14             3.1          3.1           7.4           3.1          3.3          1.09         4.17                       11.6  20  14                10.3                4.7                                   15.0          3.3      15.0
   1   7  11  15   1             3.1          3.1           8.2           3.3          3.3          0.00         3.30                       11.5  20  14                10.3                4.7                                   15.0          3.3      15.0
   1   7  11  15   2             3.1          3.1           7.7           3.3          3.3          0.00         3.27                       11.0  20  14                10.3                4.7                                   15.0          3.3      15.0
   1   7  11  15   3             3.1          3.1           7.3           3.2          3.3          0.00         3.19                       10.5  20  14                10.3                4.7                                   15.0          3.3      15.0
   1   7  11  15   4             3.1          3.1           6.9           3.2          3.3          0.00         3.19                       10.1  20  14                10.3                4.7                                   15.0          3.3      15.0
   1   7  11  15   5             3.1          3.1           6.7           3.2          3.3          0.00         3.19                        9.9  20  14                10.3                4.7                                   15.0          3.3      15.0
   1   7  11  15   6             3.1          3.1           6.5           3.2          3.3          0.00         3.19                        9.7  20  14                10.3                4.7                                   15.0          3.3      15.0
   1   7  11  15   7             3.1          3.1           6.3           3.2          3.3          0.09         3.28                        9.6  20  14                10.3                4.7                                   15.0          3.3      15.0
   1   7  11  15   8             3.1          3.1           6.3           3.2          3.3          0.21         3.40                        9.7  20  14                10.3                4.7                                   15.0          3.3      15.0
   1   7  11  15   9             3.1          3.1           6.3           3.2          3.3          0.34         3.54                        9.9  20  14                10.3                4.7                                   15.0          3.3      15.0
   1   7  11  15  10             3.1          3.1           6.4           3.2          3.3          0.49         3.68                       10.1  20  14                10.3                4.7                                   15.0          3.3      15.0
   1   7  11  15  11             3.1          3.1           6.7           3.2          3.3          0.65         3.84                       10.5  20  14                10.3                4.7                                   15.0          3.3      15.0
   1   7  11  15  12             3.1          3.1           7.0           3.2          3.3          0.81         4.01                       11.0  20  14                10.3                4.7                                   15.0          3.3      15.0
   1   7  11  15  13             3.1          3.1           7.4           3.2          3.3          0.98         4.18                       11.6  20  14                10.3                4.7                                   15.0          3.3      15.0
   1   7  11  15  14             3.1          3.1           7.9           3.2          3.3          1.16         4.36                       12.2  20  14                10.3                4.7                                   15.0          3.3      15.0
   1   7  11  16   1             3.1          3.1           8.6           3.3          3.3          0.03         3.34                       11.9  20  14                10.3                4.7                                   15.0          3.3      15.0
   1   7  11  16   2             3.1          3.1           8.2           3.3          3.3          0.00         3.27                       11.4  20  14                10.3                4.7                                   15.0          3.3      15.0
   1   7  11  16   3             3.1          3.1           7.8           3.3          3.3          0.00         3.27                       11.0  20  14                10.3                4.7                                   15.0          3.3      15.0
   1   7  11  16   4             3.1          3.1           7.4           3.3          3.3          0.00         3.27                       10.7  20  14                10.3                4.7                                   15.0          3.3      15.0
   1   7  11  16   5             3.1          3.1           7.2           3.3          3.3          0.05         3.32                       10.5  20  14                10.3                4.7                                   15.0          3.3      15.0
   1   7  11  16   6             3.1          3.1           7.0           3.3          3.3          0.12         3.39                       10.4  20  14                10.3                4.7                                   15.0          3.3      15.0
   1   7  11  16   7             3.1          3.1           6.8           3.3          3.3          0.21         3.48                       10.3  20  14                10.3                4.7                                   15.0          3.3      15.0
   1   7  11  16   8             3.1          3.1           6.8           3.3          3.3          0.32         3.59                       10.4  20  14                10.3                4.7                                   15.0          3.3      15.0
   1   7  11  16   9             3.1          3.1           6.8           3.3          3.3          0.45         3.72                       10.6  20  14                10.3                4.7                                   15.0          3.3      15.0
   1   7  11  16  10             3.1          3.1           7.0           3.3          3.3          0.59         3.86                       10.8  20  14                10.3                4.7                                   15.0          3.3      15.0
   1   7  11  16  11             3.1          3.1           7.2           3.3          3.3          0.74         4.01                       11.2  20  14                10.3                4.7                                   15.0          3.3      15.0
   1   7  11  16  12             3.1          3.1           7.5           3.3          3.3          0.90         4.17                       11.7  20  14                10.3                4.7                                   15.0          3.3      15.0
   1   7  11  16  13             3.1          3.1           7.9           3.3          3.3          1.07         4.33                       12.2  20  14                10.3                4.7                                   15.0          3.3      15.0
   1   7  11  16  14             3.1          3.1           8.3           3.3          3.3          1.24         4.51                       12.8  20  14                10.3                4.7                                   15.0          3.3      15.0
   1   7  11  17   1             3.1          3.1           9.1           3.3          3.3          0.17         3.48                       12.5  20  14                10.3                4.7                                   15.0          3.3      15.0
   1   7  11  17   2             3.1          3.1           8.6           3.3          3.3          0.14         3.44                       12.1  20  14                10.3                4.7                                   15.0          3.3      15.0
   1   7  11  17   3             3.1          3.1           8.2           3.3          3.3          0.13         3.43                       11.7  20  14                10.3                4.7                                   15.0          3.3      15.0
   1   7  11  17   4             3.1          3.1           7.9           3.3          3.3          0.15         3.45                       11.4  20  14                10.3                4.7                                   15.0          3.3      15.0
   1   7  11  17   5             3.1          3.1           7.7           3.3          3.3          0.19         3.49                       11.2  20  14                10.3                4.7                                   15.0          3.3      15.0
   1   7  11  17   6             3.1          3.1           7.5           3.3          3.3          0.25         3.56                       11.0  20  14                10.3                4.7                                   15.0          3.3      15.0
   1   7  11  17   7             3.1          3.1           7.4           3.3          3.3          0.34         3.64                       11.0  20  14                10.3                4.7                                   15.0          3.3      15.0
   1   7  11  17   8             3.1          3.1           7.3           3.3          3.3          0.44         3.75                       11.1  20  14                10.3                4.7                                   15.0          3.3      15.0
   1   7  11  17   9             3.1          3.1           7.4           3.3          3.3          0.56         3.87                       11.3  20  14                10.3                4.7                                   15.0          3.3      15.0
   1   7  11  17  10             3.1          3.1           7.5           3.3          3.3          0.70         4.00                       11.5  20  14                10.3                4.7                                   15.0          3.3      15.0
   1   7  11  17  11             3.1          3.1           7.7           3.3          3.3          0.84         4.14                       11.9  20  14                10.3                4.7                                   15.0          3.3      15.0
   1   7  11  17  12             3.1          3.1           8.0           3.3          3.3          0.99         4.30                       12.3  20  14                10.3                4.7                                   15.0          3.3      15.0
   1   7  11  17  13             3.1          3.1           8.4           3.3          3.3          1.16         4.46                       12.8  20  14                10.3                4.7                                   15.0          3.3      15.0
   1   7  11  17  14             3.1          3.1           8.8           3.3          3.3          1.32         4.63                       13.4  20  14                10.3                4.7                                   15.0          3.3      15.0
   1   7  11  18   1             3.1          3.1           9.5           3.2          3.3          0.32         3.57                       13.1  20  14                10.3                4.7                                   15.0          3.3      15.0
   1   7  11  18   2             3.1          3.1           9.1           3.2          3.3          0.29         3.54                       12.6  20  14                10.3                4.7                                   15.0          3.3      15.0
   1   7  11  18   3             3.1          3.1           8.7           3.2          3.3          0.28         3.53                       12.3  20  14                10.3                4.7                                   15.0          3.3      15.0
   1   7  11  18   4             3.1          3.1           8.4           3.2          3.3          0.29         3.54                       12.0  20  14                10.3                4.7                                   15.0          3.3      15.0
   1   7  11  18   5             3.1          3.1           8.2           3.2          3.3          0.33         3.58                       11.8  20  14                10.3                4.7                                   15.0          3.3      15.0
   1   7  11  18   6             3.1          3.1           8.0           3.2          3.3          0.39         3.64                       11.7  20  14                10.3                4.7                                   15.0          3.3      15.0
   1   7  11  18   7             3.1          3.1           7.9           3.2          3.3          0.47         3.72                       11.7  20  14                10.3                4.7                                   15.0          3.3      15.0
   1   7  11  18   8             3.1          3.1           7.9           3.2          3.3          0.57         3.82                       11.7  20  14                10.3                4.7                                   15.0          3.3      15.0
   1   7  11  18   9             3.1          3.1           8.0           3.2          3.3          0.68         3.93                       11.9  20  14                10.3                4.7                                   15.0          3.3      15.0
   1   7  11  18  10             3.1          3.1           8.1           3.2          3.3          0.81         4.06                       12.1  20  14                10.3                4.7                                   15.0          3.3      15.0
   1   7  11  18  11             3.1          3.1           8.3           3.2          3.3          0.95         4.20                       12.5  20  14                10.3                4.7                                   15.0          3.3      15.0
   1   7  11  18  12             3.1          3.1           8.5           3.2          3.3          1.10         4.35                       12.9  20  14                10.3                4.7                                   15.0          3.3      15.0
   1   7  11  18  13             3.1          3.1           8.9           3.2          3.3          1.25         4.50                       13.4  20  14                10.3                4.7                                   15.0          3.3      15.0
   1   7  11  18  14             3.1          3.1           9.3           3.2          3.3          1.41         4.66                       14.0  20  14                10.3                4.7                                   15.0          3.3      15.0
   1   7  11  19   1             3.1          3.1          10.0           3.2          3.3          0.47         3.64                       13.6  20  14                10.3                4.7                                   15.0          3.3      15.0
   1   7  11  19   2             3.1          3.1           9.6           3.2          3.3          0.44         3.61                       13.2  20  14                10.3                4.7                                   15.0          3.3      15.0
   1   7  11  19   3             3.1          3.1           9.3           3.2          3.3          0.43         3.60                       12.9  20  14                10.3                4.7                                   15.0          3.3      15.0
   1   7  11  19   4             3.1          3.1           9.0           3.2          3.3          0.44         3.61                       12.6  20  14                10.3                4.7                                   15.0          3.3      15.0
   1   7  11  19   5             3.1          3.1           8.7           3.2          3.3          0.48         3.65                       12.4  20  14                10.3                4.7                                   15.0          3.3      15.0
   1   7  11  19   6             3.1          3.1           8.6           3.2          3.3          0.53         3.70                       12.3  20  14                10.3                4.7                                   15.0          3.3      15.0
   1   7  11  19   7             3.1          3.1           8.5           3.2          3.3          0.61         3.78                       12.3  20  14                10.3                4.7                                   15.0          3.3      15.0
   1   7  11  19   8             3.1          3.1           8.5           3.2          3.3          0.70         3.87                       12.3  20  14                10.3                4.7                                   15.0          3.3      15.0
   1   7  11  19   9             3.1          3.1           8.5           3.2          3.3          0.81         3.98                       12.5  20  14                10.3                4.7                                   15.0          3.3      15.0
   1   7  11  19  10             3.1          3.1           8.6           3.2          3.3          0.93         4.10                       12.7  20  14                10.3                4.7                                   15.0          3.3      15.0
   1   7  11  19  11             3.1          3.1           8.8           3.2          3.3          1.06         4.23                       13.1  20  14                10.3                4.7                                   15.0          3.3      15.0
   1   7  11  19  12             3.1          3.1           9.1           3.2          3.3          1.20         4.37                       13.5  20  14                10.3                4.7                                   15.0          3.3      15.0
   1   7  11  19  13             3.1          3.1           9.4           3.2          3.3          1.35         4.52                       13.9  20  14                10.3                4.7                                   15.0          3.3      15.0
   1   7  11  19  14             3.1          3.1           9.8           3.2          3.3          1.51         4.68                       14.5  20  14                10.3                4.7                                   15.0          3.3      15.0
   1   7  11  20   1             3.1          3.1          10.5           3.1          3.3          0.61         3.67                       14.2  20  14                10.3                4.7                                   15.0          3.3      15.0
   1   7  11  20   2             3.1          3.1          10.1           3.1          3.3          0.59         3.64                       13.8  20  14                10.3                4.7                                   15.0          3.3      15.0
   1   7  11  20   3             3.1          3.1           9.8           3.1          3.3          0.58         3.64                       13.4  20  14                10.3                4.7                                   15.0          3.3      15.0
   1   7  11  20   4             3.1          3.1           9.5           3.1          3.3          0.59         3.65                       13.2  20  14                10.3                4.7                                   15.0          3.3      15.0
   1   7  11  20   5             3.1          3.1           9.3           3.1          3.3          0.63         3.68                       13.0  20  14                10.3                4.7                                   15.0          3.3      15.0
   1   7  11  20   6             3.1          3.1           9.2           3.1          3.3          0.68         3.74                       12.9  20  14                10.3                4.7                                   15.0          3.3      15.0
   1   7  11  20   7             3.1          3.1           9.1           3.1          3.3          0.75         3.81                       12.9  20  14                10.3                4.7                                   15.0          3.3      15.0
   1   7  11  20   8             3.1          3.1           9.0           3.1          3.3          0.84         3.89                       12.9  20  14                10.3                4.7                                   15.0          3.3      15.0
   1   7  11  20   9             3.1          3.1           9.1           3.1          3.3          0.94         4.00                       13.1  20  14                10.3                4.7                                   15.0          3.3      15.0
   1   7  11  20  10             3.1          3.1           9.2           3.1          3.3          1.05         4.11                       13.3  20  14                10.3                4.7                                   15.0          3.3      15.0
   1   7  11  20  11             3.1          3.1           9.4           3.1          3.3          1.18         4.24                       13.6  20  14                10.3                4.7                                   15.0          3.3      15.0
   1   7  11  20  12             3.1          3.1           9.6           3.1          3.3          1.31         4.37                       14.0  20  14                10.3                4.7                                   15.0          3.3      15.0
   1   7  11  20  13             3.1          3.1           9.9           3.1          3.3          1.46         4.52                       14.5  20  14                10.3                4.7                                   15.0          3.3      15.0
   1   7  11  20  14             3.1          3.1          10.3           3.1          3.3          1.61         4.67                       15.0  20  14                10.3                4.7                                   15.0          3.3      15.0
