**********************************************
*******  Husid Time Series ************
*** Site #   1
*** trial   40
Input Parameters file =  aqg_0604__parameters.out                                                                                                
  4096 samples
dt:  0.010 sec
data format: (1x,f8.3,1p,2x,e11.4)
 Arias intensity =   2.201E+01
 75%-5% duration =   4.380E+00
fault Dis.(km)=    4.52
Hypo  Dis.(km)=   10.71
     time       husid
    0.000  0.0000E+00
    0.010  0.0000E+00
    0.020  0.0000E+00
    0.030  0.0000E+00
    0.040  0.0000E+00
    0.050  0.0000E+00
    0.060  0.0000E+00
    0.070  0.0000E+00
    0.080  0.0000E+00
    0.090  0.0000E+00
    0.100  0.0000E+00
    0.110  0.0000E+00
    0.120  0.0000E+00
    0.130  0.0000E+00
    0.140  0.0000E+00
    0.150  0.0000E+00
    0.160  0.0000E+00
    0.170  0.0000E+00
    0.180  0.0000E+00
    0.190  0.0000E+00
    0.200  0.0000E+00
    0.210  0.0000E+00
    0.220  0.0000E+00
    0.230  0.0000E+00
    0.240  0.0000E+00
    0.250  0.0000E+00
    0.260  0.0000E+00
    0.270  0.0000E+00
    0.280  2.9746E-09
    0.290  1.2358E-08
    0.300  2.2880E-08
    0.310  3.4446E-08
    0.320  4.5882E-08
    0.330  5.5504E-08
    0.340  6.2284E-08
    0.350  6.6356E-08
    0.360  6.8538E-08
    0.370  6.9640E-08
    0.380  7.0173E-08
    0.390  7.0400E-08
    0.400  7.0456E-08
    0.410  7.0466E-08
    0.420  7.0620E-08
    0.430  7.1176E-08
    0.440  7.2355E-08
    0.450  7.4216E-08
    0.460  7.6653E-08
    0.470  7.9487E-08
    0.480  8.2533E-08
    0.490  8.5603E-08
    0.500  8.8482E-08
    0.510  9.0980E-08
    0.520  9.3033E-08
    0.530  9.4757E-08
    0.540  9.6369E-08
    0.550  9.8057E-08
    0.560  9.9870E-08
    0.570  1.0172E-07
    0.580  1.0350E-07
    0.590  1.0517E-07
    0.600  1.0673E-07
    0.610  1.0817E-07
    0.620  1.0940E-07
    0.630  1.1033E-07
    0.640  1.1087E-07
    0.650  1.1105E-07
    0.660  1.1107E-07
    0.670  1.1113E-07
    0.680  1.1138E-07
    0.690  1.1195E-07
    0.700  1.1292E-07
    0.710  1.1436E-07
    0.720  1.1794E-07
    0.730  1.2401E-07
    0.740  1.3010E-07
    0.750  1.3580E-07
    0.760  1.4076E-07
    0.770  1.4600E-07
    0.780  1.5115E-07
    0.790  1.5498E-07
    0.800  1.5813E-07
    0.810  1.6132E-07
    0.820  1.6516E-07
    0.830  1.7030E-07
    0.840  1.7728E-07
    0.850  1.8606E-07
    0.860  1.9565E-07
    0.870  2.0450E-07
    0.880  2.1144E-07
    0.890  2.1614E-07
    0.900  2.1897E-07
    0.910  2.2051E-07
    0.920  2.2127E-07
    0.930  2.2152E-07
    0.940  2.2155E-07
    0.950  2.2206E-07
    0.960  2.2435E-07
    0.970  2.3004E-07
    0.980  2.4044E-07
    0.990  2.5613E-07
    1.000  2.7647E-07
    1.010  2.9970E-07
    1.020  3.2357E-07
    1.030  3.4615E-07
    1.040  3.6621E-07
    1.050  3.8322E-07
    1.060  3.9728E-07
    1.070  4.0898E-07
    1.080  4.1915E-07
    1.090  4.2841E-07
    1.100  4.3675E-07
    1.110  4.4335E-07
    1.120  4.4719E-07
    1.130  4.4823E-07
    1.140  4.4856E-07
    1.150  4.5289E-07
    1.160  4.6760E-07
    1.170  4.9833E-07
    1.180  5.4773E-07
    1.190  6.1576E-07
    1.200  7.0125E-07
    1.210  8.0211E-07
    1.220  9.1499E-07
    1.230  1.0359E-06
    1.240  1.1608E-06
    1.250  1.2850E-06
    1.260  1.4026E-06
    1.270  1.5090E-06
    1.280  1.5841E-06
    1.290  1.6330E-06
    1.300  1.6745E-06
    1.310  1.7093E-06
    1.320  1.7391E-06
    1.330  1.7650E-06
    1.340  1.7863E-06
    1.350  1.8006E-06
    1.360  1.8069E-06
    1.370  1.8078E-06
    1.380  1.8093E-06
    1.390  1.8181E-06
    1.400  1.8397E-06
    1.410  1.8757E-06
    1.420  1.9241E-06
    1.430  1.9810E-06
    1.440  2.0429E-06
    1.450  2.1075E-06
    1.460  2.1726E-06
    1.470  2.2346E-06
    1.480  2.2880E-06
    1.490  2.3330E-06
    1.500  2.3680E-06
    1.510  2.3899E-06
    1.520  2.4013E-06
    1.530  2.4054E-06
    1.540  2.4060E-06
    1.550  2.4061E-06
    1.560  2.4065E-06
    1.570  2.4066E-06
    1.580  2.4080E-06
    1.590  2.4170E-06
    1.600  2.4405E-06
    1.610  2.4842E-06
    1.620  2.5478E-06
    1.630  2.6215E-06
    1.640  2.6916E-06
    1.650  2.7457E-06
    1.660  2.7791E-06
    1.670  2.7956E-06
    1.680  2.8021E-06
    1.690  2.8036E-06
    1.700  2.8037E-06
    1.710  2.8050E-06
    1.720  2.8104E-06
    1.730  2.8231E-06
    1.740  2.8450E-06
    1.750  2.8751E-06
    1.760  2.9098E-06
    1.770  2.9459E-06
    1.780  2.9807E-06
    1.790  3.0122E-06
    1.800  3.0395E-06
    1.810  3.0641E-06
    1.820  3.0884E-06
    1.830  3.1142E-06
    1.840  3.1417E-06
    1.850  3.1691E-06
    1.860  3.1937E-06
    1.870  3.2131E-06
    1.880  3.2289E-06
    1.890  3.2405E-06
    1.900  3.2464E-06
    1.910  3.2482E-06
    1.920  3.2484E-06
    1.930  3.2486E-06
    1.940  3.2495E-06
    1.950  3.2510E-06
    1.960  3.2528E-06
    1.970  3.2549E-06
    1.980  3.2575E-06
    1.990  3.2615E-06
    2.000  3.2674E-06
    2.010  3.2755E-06
    2.020  3.2850E-06
    2.030  3.2951E-06
    2.040  3.3056E-06
    2.050  3.3167E-06
    2.060  3.3291E-06
    2.070  3.3434E-06
    2.080  3.3597E-06
    2.090  3.3769E-06
    2.100  3.3947E-06
    2.110  3.4132E-06
    2.120  3.4321E-06
    2.130  3.4502E-06
    2.140  3.4661E-06
    2.150  3.4790E-06
    2.160  3.4885E-06
    2.170  3.4942E-06
    2.180  3.4966E-06
    2.190  3.4970E-06
    2.200  3.4970E-06
    2.210  3.4976E-06
    2.220  3.4999E-06
    2.230  3.5039E-06
    2.240  3.5101E-06
    2.250  3.5181E-06
    2.260  3.5261E-06
    2.270  3.5322E-06
    2.280  3.5355E-06
    2.290  3.5363E-06
    2.300  3.5364E-06
    2.310  3.5371E-06
    2.320  3.5392E-06
    2.330  3.5436E-06
    2.340  3.5571E-06
    2.350  3.5895E-06
    2.360  3.6472E-06
    2.370  3.7355E-06
    2.380  3.8518E-06
    2.390  3.9895E-06
    2.400  4.1432E-06
    2.410  4.3059E-06
    2.420  4.4779E-06
    2.430  4.6663E-06
    2.440  4.8699E-06
    2.450  5.0723E-06
    2.460  5.2411E-06
    2.470  5.3509E-06
    2.480  5.4222E-06
    2.490  5.4585E-06
    2.500  5.4653E-06
    2.510  5.4656E-06
    2.520  5.4809E-06
    2.530  5.5403E-06
    2.540  5.6483E-06
    2.550  5.8347E-06
    2.560  6.1398E-06
    2.570  6.6025E-06
    2.580  7.2415E-06
    2.590  8.0334E-06
    2.600  8.9001E-06
    2.610  9.7271E-06
    2.620  1.0416E-05
    2.630  1.0930E-05
    2.640  1.1283E-05
    2.650  1.1510E-05
    2.660  1.1647E-05
    2.670  1.1723E-05
    2.680  1.1756E-05
    2.690  1.1766E-05
    2.700  1.1770E-05
    2.710  1.1771E-05
    2.720  1.1775E-05
    2.730  1.1793E-05
    2.740  1.1833E-05
    2.750  1.1922E-05
    2.760  1.2116E-05
    2.770  1.2480E-05
    2.780  1.3038E-05
    2.790  1.3721E-05
    2.800  1.4396E-05
    2.810  1.4949E-05
    2.820  1.5356E-05
    2.830  1.5652E-05
    2.840  1.5898E-05
    2.850  1.6151E-05
    2.860  1.6462E-05
    2.870  1.6882E-05
    2.880  1.7407E-05
    2.890  1.7974E-05
    2.900  1.8526E-05
    2.910  1.8982E-05
    2.920  1.9275E-05
    2.930  1.9411E-05
    2.940  1.9445E-05
    2.950  1.9446E-05
    2.960  1.9450E-05
    2.970  1.9454E-05
    2.980  1.9537E-05
    2.990  1.9872E-05
    3.000  2.0549E-05
    3.010  2.1470E-05
    3.020  2.2435E-05
    3.030  2.3243E-05
    3.040  2.3771E-05
    3.050  2.4079E-05
    3.060  2.4226E-05
    3.070  2.4265E-05
    3.080  2.4272E-05
    3.090  2.4273E-05
    3.100  2.4274E-05
    3.110  2.4275E-05
    3.120  2.4275E-05
    3.130  2.4277E-05
    3.140  2.4283E-05
    3.150  2.4290E-05
    3.160  2.4291E-05
    3.170  2.4297E-05
    3.180  2.4335E-05
    3.190  2.4430E-05
    3.200  2.4575E-05
    3.210  2.4727E-05
    3.220  2.4854E-05
    3.230  2.4947E-05
    3.240  2.5020E-05
    3.250  2.5105E-05
    3.260  2.5221E-05
    3.270  2.5355E-05
    3.280  2.5477E-05
    3.290  2.5561E-05
    3.300  2.5603E-05
    3.310  2.5616E-05
    3.320  2.5617E-05
    3.330  2.5618E-05
    3.340  2.5631E-05
    3.350  2.5696E-05
    3.360  2.5811E-05
    3.370  2.5981E-05
    3.380  2.6201E-05
    3.390  2.6424E-05
    3.400  2.6628E-05
    3.410  2.6823E-05
    3.420  2.6985E-05
    3.430  2.7099E-05
    3.440  2.7158E-05
    3.450  2.7171E-05
    3.460  2.7179E-05
    3.470  2.7261E-05
    3.480  2.7512E-05
    3.490  2.8056E-05
    3.500  2.8978E-05
    3.510  3.0182E-05
    3.520  3.1451E-05
    3.530  3.2590E-05
    3.540  3.3519E-05
    3.550  3.4205E-05
    3.560  3.4643E-05
    3.570  3.4883E-05
    3.580  3.4994E-05
    3.590  3.5033E-05
    3.600  3.5038E-05
    3.610  3.5049E-05
    3.620  3.5080E-05
    3.630  3.5111E-05
    3.640  3.5152E-05
    3.650  3.5213E-05
    3.660  3.5302E-05
    3.670  3.5432E-05
    3.680  3.5611E-05
    3.690  3.5832E-05
    3.700  3.6060E-05
    3.710  3.6266E-05
    3.720  3.6453E-05
    3.730  3.6665E-05
    3.740  3.6978E-05
    3.750  3.7480E-05
    3.760  3.8209E-05
    3.770  3.9090E-05
    3.780  3.9975E-05
    3.790  4.0744E-05
    3.800  4.1357E-05
    3.810  4.1822E-05
    3.820  4.2144E-05
    3.830  4.2332E-05
    3.840  4.2410E-05
    3.850  4.2423E-05
    3.860  4.2431E-05
    3.870  4.2496E-05
    3.880  4.2681E-05
    3.890  4.3018E-05
    3.900  4.3460E-05
    3.910  4.3901E-05
    3.920  4.4262E-05
    3.930  4.4526E-05
    3.940  4.4699E-05
    3.950  4.4780E-05
    3.960  4.4791E-05
    3.970  4.4850E-05
    3.980  4.5282E-05
    3.990  4.6608E-05
    4.000  4.9338E-05
    4.010  5.3789E-05
    4.020  5.9907E-05
    4.030  6.7536E-05
    4.040  7.6548E-05
    4.050  8.6539E-05
    4.060  9.6770E-05
    4.070  1.0654E-04
    4.080  1.1544E-04
    4.090  1.2313E-04
    4.100  1.2925E-04
    4.110  1.3364E-04
    4.120  1.3664E-04
    4.130  1.3876E-04
    4.140  1.4031E-04
    4.150  1.4141E-04
    4.160  1.4209E-04
    4.170  1.4247E-04
    4.180  1.4265E-04
    4.190  1.4271E-04
    4.200  1.4271E-04
    4.210  1.4275E-04
    4.220  1.4288E-04
    4.230  1.4304E-04
    4.240  1.4315E-04
    4.250  1.4317E-04
    4.260  1.4317E-04
    4.270  1.4319E-04
    4.280  1.4319E-04
    4.290  1.4324E-04
    4.300  1.4352E-04
    4.310  1.4425E-04
    4.320  1.4549E-04
    4.330  1.4709E-04
    4.340  1.4876E-04
    4.350  1.5023E-04
    4.360  1.5128E-04
    4.370  1.5179E-04
    4.380  1.5188E-04
    4.390  1.5193E-04
    4.400  1.5216E-04
    4.410  1.5241E-04
    4.420  1.5247E-04
    4.430  1.5256E-04
    4.440  1.5312E-04
    4.450  1.5427E-04
    4.460  1.5593E-04
    4.470  1.5799E-04
    4.480  1.6011E-04
    4.490  1.6189E-04
    4.500  1.6308E-04
    4.510  1.6382E-04
    4.520  1.6440E-04
    4.530  1.6502E-04
    4.540  1.6576E-04
    4.550  1.6646E-04
    4.560  1.6684E-04
    4.570  1.6689E-04
    4.580  1.6724E-04
    4.590  1.6869E-04
    4.600  1.7128E-04
    4.610  1.7438E-04
    4.620  1.7743E-04
    4.630  1.8024E-04
    4.640  1.8292E-04
    4.650  1.8575E-04
    4.660  1.8905E-04
    4.670  1.9290E-04
    4.680  1.9684E-04
    4.690  2.0014E-04
    4.700  2.0235E-04
    4.710  2.0379E-04
    4.720  2.0480E-04
    4.730  2.0548E-04
    4.740  2.0592E-04
    4.750  2.0618E-04
    4.760  2.0633E-04
    4.770  2.0647E-04
    4.780  2.0667E-04
    4.790  2.0697E-04
    4.800  2.0728E-04
    4.810  2.0748E-04
    4.820  2.0760E-04
    4.830  2.0764E-04
    4.840  2.0765E-04
    4.850  2.0765E-04
    4.860  2.0768E-04
    4.870  2.0779E-04
    4.880  2.0821E-04
    4.890  2.0931E-04
    4.900  2.1144E-04
    4.910  2.1462E-04
    4.920  2.1840E-04
    4.930  2.2196E-04
    4.940  2.2447E-04
    4.950  2.2571E-04
    4.960  2.2602E-04
    4.970  2.2607E-04
    4.980  2.2679E-04
    4.990  2.2892E-04
    5.000  2.3274E-04
    5.010  2.3820E-04
    5.020  2.4471E-04
    5.030  2.5151E-04
    5.040  2.5752E-04
    5.050  2.6184E-04
    5.060  2.6436E-04
    5.070  2.6563E-04
    5.080  2.6629E-04
    5.090  2.6674E-04
    5.100  2.6720E-04
    5.110  2.6783E-04
    5.120  2.6864E-04
    5.130  2.6959E-04
    5.140  2.7067E-04
    5.150  2.7207E-04
    5.160  2.7416E-04
    5.170  2.7747E-04
    5.180  2.8265E-04
    5.190  2.9032E-04
    5.200  3.0048E-04
    5.210  3.1222E-04
    5.220  3.2440E-04
    5.230  3.3698E-04
    5.240  3.5154E-04
    5.250  3.7077E-04
    5.260  3.9812E-04
    5.270  4.3756E-04
    5.280  4.9289E-04
    5.290  5.6135E-04
    5.300  6.2469E-04
    5.310  6.6584E-04
    5.320  6.8927E-04
    5.330  7.0662E-04
    5.340  7.2578E-04
    5.350  7.4997E-04
    5.360  7.7227E-04
    5.370  7.8245E-04
    5.380  7.8343E-04
    5.390  7.9397E-04
    5.400  8.4780E-04
    5.410  9.7634E-04
    5.420  1.1993E-03
    5.430  1.5331E-03
    5.440  1.9825E-03
    5.450  2.5224E-03
    5.460  3.0892E-03
    5.470  3.6169E-03
    5.480  4.0717E-03
    5.490  4.4386E-03
    5.500  4.7088E-03
    5.510  4.8841E-03
    5.520  4.9908E-03
    5.530  5.0623E-03
    5.540  5.1117E-03
    5.550  5.1419E-03
    5.560  5.1606E-03
    5.570  5.1759E-03
    5.580  5.1898E-03
    5.590  5.1972E-03
    5.600  5.1982E-03
    5.610  5.2130E-03
    5.620  5.2699E-03
    5.630  5.3758E-03
    5.640  5.4989E-03
    5.650  5.6017E-03
    5.660  5.6736E-03
    5.670  5.7216E-03
    5.680  5.7597E-03
    5.690  5.8079E-03
    5.700  5.8853E-03
    5.710  6.0004E-03
    5.720  6.1516E-03
    5.730  6.3298E-03
    5.740  6.5183E-03
    5.750  6.6924E-03
    5.760  6.8187E-03
    5.770  6.8700E-03
    5.780  6.8747E-03
    5.790  6.9087E-03
    5.800  6.9876E-03
    5.810  7.0486E-03
    5.820  7.0606E-03
    5.830  7.0737E-03
    5.840  7.1388E-03
    5.850  7.2418E-03
    5.860  7.3563E-03
    5.870  7.4828E-03
    5.880  7.6025E-03
    5.890  7.6751E-03
    5.900  7.7050E-03
    5.910  7.7199E-03
    5.920  7.7329E-03
    5.930  7.7483E-03
    5.940  7.7659E-03
    5.950  7.7809E-03
    5.960  7.7873E-03
    5.970  7.7885E-03
    5.980  7.8020E-03
    5.990  7.8325E-03
    6.000  7.8669E-03
    6.010  7.8910E-03
    6.020  7.9037E-03
    6.030  7.9104E-03
    6.040  7.9154E-03
    6.050  7.9243E-03
    6.060  7.9472E-03
    6.070  7.9910E-03
    6.080  8.0442E-03
    6.090  8.0812E-03
    6.100  8.0945E-03
    6.110  8.0980E-03
    6.120  8.1016E-03
    6.130  8.1083E-03
    6.140  8.1169E-03
    6.150  8.1244E-03
    6.160  8.1309E-03
    6.170  8.1379E-03
    6.180  8.1437E-03
    6.190  8.1448E-03
    6.200  8.1466E-03
    6.210  8.1528E-03
    6.220  8.1624E-03
    6.230  8.1756E-03
    6.240  8.1940E-03
    6.250  8.2172E-03
    6.260  8.2431E-03
    6.270  8.2676E-03
    6.280  8.2898E-03
    6.290  8.3121E-03
    6.300  8.3301E-03
    6.310  8.3389E-03
    6.320  8.3405E-03
    6.330  8.3421E-03
    6.340  8.3563E-03
    6.350  8.3918E-03
    6.360  8.4393E-03
    6.370  8.4836E-03
    6.380  8.5212E-03
    6.390  8.5555E-03
    6.400  8.5838E-03
    6.410  8.6014E-03
    6.420  8.6134E-03
    6.430  8.6271E-03
    6.440  8.6419E-03
    6.450  8.6523E-03
    6.460  8.6569E-03
    6.470  8.6585E-03
    6.480  8.6588E-03
    6.490  8.6589E-03
    6.500  8.6591E-03
    6.510  8.6591E-03
    6.520  8.6596E-03
    6.530  8.6611E-03
    6.540  8.6644E-03
    6.550  8.6685E-03
    6.560  8.6716E-03
    6.570  8.6765E-03
    6.580  8.6947E-03
    6.590  8.7549E-03
    6.600  8.8977E-03
    6.610  9.1335E-03
    6.620  9.4154E-03
    6.630  9.6926E-03
    6.640  9.9502E-03
    6.650  1.0192E-02
    6.660  1.0401E-02
    6.670  1.0554E-02
    6.680  1.0662E-02
    6.690  1.0746E-02
    6.700  1.0817E-02
    6.710  1.0871E-02
    6.720  1.0907E-02
    6.730  1.0931E-02
    6.740  1.0945E-02
    6.750  1.0952E-02
    6.760  1.0953E-02
    6.770  1.0954E-02
    6.780  1.0954E-02
    6.790  1.0954E-02
    6.800  1.0955E-02
    6.810  1.0956E-02
    6.820  1.0957E-02
    6.830  1.0958E-02
    6.840  1.0958E-02
    6.850  1.0958E-02
    6.860  1.0961E-02
    6.870  1.0964E-02
    6.880  1.0968E-02
    6.890  1.0977E-02
    6.900  1.1003E-02
    6.910  1.1041E-02
    6.920  1.1071E-02
    6.930  1.1087E-02
    6.940  1.1097E-02
    6.950  1.1110E-02
    6.960  1.1131E-02
    6.970  1.1159E-02
    6.980  1.1192E-02
    6.990  1.1222E-02
    7.000  1.1242E-02
    7.010  1.1254E-02
    7.020  1.1258E-02
    7.030  1.1259E-02
    7.040  1.1274E-02
    7.050  1.1322E-02
    7.060  1.1421E-02
    7.070  1.1587E-02
    7.080  1.1823E-02
    7.090  1.2139E-02
    7.100  1.2517E-02
    7.110  1.2861E-02
    7.120  1.3098E-02
    7.130  1.3234E-02
    7.140  1.3301E-02
    7.150  1.3320E-02
    7.160  1.3322E-02
    7.170  1.3333E-02
    7.180  1.3358E-02
    7.190  1.3386E-02
    7.200  1.3407E-02
    7.210  1.3422E-02
    7.220  1.3436E-02
    7.230  1.3447E-02
    7.240  1.3459E-02
    7.250  1.3469E-02
    7.260  1.3476E-02
    7.270  1.3483E-02
    7.280  1.3502E-02
    7.290  1.3543E-02
    7.300  1.3611E-02
    7.310  1.3711E-02
    7.320  1.3847E-02
    7.330  1.4008E-02
    7.340  1.4180E-02
    7.350  1.4350E-02
    7.360  1.4518E-02
    7.370  1.4714E-02
    7.380  1.4977E-02
    7.390  1.5287E-02
    7.400  1.5541E-02
    7.410  1.5656E-02
    7.420  1.5669E-02
    7.430  1.5739E-02
    7.440  1.6013E-02
    7.450  1.6473E-02
    7.460  1.6987E-02
    7.470  1.7478E-02
    7.480  1.7975E-02
    7.490  1.8546E-02
    7.500  1.9192E-02
    7.510  1.9861E-02
    7.520  2.0558E-02
    7.530  2.1273E-02
    7.540  2.1890E-02
    7.550  2.2294E-02
    7.560  2.2485E-02
    7.570  2.2531E-02
    7.580  2.2534E-02
    7.590  2.2561E-02
    7.600  2.2604E-02
    7.610  2.2635E-02
    7.620  2.2642E-02
    7.630  2.2650E-02
    7.640  2.2702E-02
    7.650  2.2781E-02
    7.660  2.2825E-02
    7.670  2.2837E-02
    7.680  2.2842E-02
    7.690  2.2853E-02
    7.700  2.2880E-02
    7.710  2.2912E-02
    7.720  2.2919E-02
    7.730  2.2979E-02
    7.740  2.3347E-02
    7.750  2.4288E-02
    7.760  2.5855E-02
    7.770  2.7877E-02
    7.780  3.0194E-02
    7.790  3.2616E-02
    7.800  3.4724E-02
    7.810  3.6099E-02
    7.820  3.6700E-02
    7.830  3.6815E-02
    7.840  3.6851E-02
    7.850  3.7181E-02
    7.860  3.8006E-02
    7.870  3.9224E-02
    7.880  4.0464E-02
    7.890  4.1360E-02
    7.900  4.1831E-02
    7.910  4.2037E-02
    7.920  4.2143E-02
    7.930  4.2224E-02
    7.940  4.2307E-02
    7.950  4.2392E-02
    7.960  4.2438E-02
    7.970  4.2443E-02
    7.980  4.2497E-02
    7.990  4.2658E-02
    8.000  4.2859E-02
    8.010  4.2981E-02
    8.020  4.3015E-02
    8.030  4.3017E-02
    8.040  4.3018E-02
    8.050  4.3029E-02
    8.060  4.3140E-02
    8.070  4.3407E-02
    8.080  4.3693E-02
    8.090  4.3842E-02
    8.100  4.3870E-02
    8.110  4.3871E-02
    8.120  4.3871E-02
    8.130  4.3877E-02
    8.140  4.3895E-02
    8.150  4.3902E-02
    8.160  4.3910E-02
    8.170  4.3954E-02
    8.180  4.4036E-02
    8.190  4.4190E-02
    8.200  4.4475E-02
    8.210  4.4873E-02
    8.220  4.5210E-02
    8.230  4.5341E-02
    8.240  4.5351E-02
    8.250  4.5397E-02
    8.260  4.5559E-02
    8.270  4.5888E-02
    8.280  4.6391E-02
    8.290  4.6911E-02
    8.300  4.7229E-02
    8.310  4.7349E-02
    8.320  4.7407E-02
    8.330  4.7467E-02
    8.340  4.7503E-02
    8.350  4.7512E-02
    8.360  4.7689E-02
    8.370  4.8373E-02
    8.380  4.9721E-02
    8.390  5.1561E-02
    8.400  5.3630E-02
    8.410  5.5637E-02
    8.420  5.7365E-02
    8.430  5.8715E-02
    8.440  5.9730E-02
    8.450  6.0542E-02
    8.460  6.1165E-02
    8.470  6.1497E-02
    8.480  6.1561E-02
    8.490  6.1589E-02
    8.500  6.1799E-02
    8.510  6.2277E-02
    8.520  6.2902E-02
    8.530  6.3520E-02
    8.540  6.4105E-02
    8.550  6.4717E-02
    8.560  6.5341E-02
    8.570  6.5868E-02
    8.580  6.6223E-02
    8.590  6.6373E-02
    8.600  6.6392E-02
    8.610  6.6396E-02
    8.620  6.6405E-02
    8.630  6.6409E-02
    8.640  6.6430E-02
    8.650  6.6591E-02
    8.660  6.7173E-02
    8.670  6.8509E-02
    8.680  7.0773E-02
    8.690  7.3571E-02
    8.700  7.6143E-02
    8.710  7.7900E-02
    8.720  7.8716E-02
    8.730  7.8957E-02
    8.740  7.8996E-02
    8.750  7.8999E-02
    8.760  7.9005E-02
    8.770  7.9015E-02
    8.780  7.9101E-02
    8.790  7.9232E-02
    8.800  7.9270E-02
    8.810  7.9325E-02
    8.820  7.9603E-02
    8.830  8.0029E-02
    8.840  8.0357E-02
    8.850  8.0502E-02
    8.860  8.0574E-02
    8.870  8.0708E-02
    8.880  8.1067E-02
    8.890  8.1849E-02
    8.900  8.3213E-02
    8.910  8.5149E-02
    8.920  8.7688E-02
    8.930  9.0838E-02
    8.940  9.3932E-02
    8.950  9.6058E-02
    8.960  9.7233E-02
    8.970  9.7925E-02
    8.980  9.8396E-02
    8.990  9.8844E-02
    9.000  9.9441E-02
    9.010  1.0009E-01
    9.020  1.0044E-01
    9.030  1.0048E-01
    9.040  1.0078E-01
    9.050  1.0202E-01
    9.060  1.0454E-01
    9.070  1.0806E-01
    9.080  1.1177E-01
    9.090  1.1495E-01
    9.100  1.1738E-01
    9.110  1.1913E-01
    9.120  1.2031E-01
    9.130  1.2099E-01
    9.140  1.2129E-01
    9.150  1.2141E-01
    9.160  1.2151E-01
    9.170  1.2165E-01
    9.180  1.2181E-01
    9.190  1.2193E-01
    9.200  1.2196E-01
    9.210  1.2204E-01
    9.220  1.2266E-01
    9.230  1.2427E-01
    9.240  1.2704E-01
    9.250  1.3127E-01
    9.260  1.3726E-01
    9.270  1.4486E-01
    9.280  1.5326E-01
    9.290  1.6157E-01
    9.300  1.6966E-01
    9.310  1.7745E-01
    9.320  1.8417E-01
    9.330  1.8914E-01
    9.340  1.9266E-01
    9.350  1.9526E-01
    9.360  1.9722E-01
    9.370  1.9886E-01
    9.380  2.0085E-01
    9.390  2.0416E-01
    9.400  2.0952E-01
    9.410  2.1629E-01
    9.420  2.2280E-01
    9.430  2.2807E-01
    9.440  2.3210E-01
    9.450  2.3515E-01
    9.460  2.3734E-01
    9.470  2.3863E-01
    9.480  2.3906E-01
    9.490  2.3910E-01
    9.500  2.3920E-01
    9.510  2.3948E-01
    9.520  2.3987E-01
    9.530  2.4030E-01
    9.540  2.4067E-01
    9.550  2.4088E-01
    9.560  2.4101E-01
    9.570  2.4116E-01
    9.580  2.4138E-01
    9.590  2.4164E-01
    9.600  2.4185E-01
    9.610  2.4200E-01
    9.620  2.4223E-01
    9.630  2.4253E-01
    9.640  2.4273E-01
    9.650  2.4279E-01
    9.660  2.4280E-01
    9.670  2.4287E-01
    9.680  2.4318E-01
    9.690  2.4387E-01
    9.700  2.4476E-01
    9.710  2.4551E-01
    9.720  2.4609E-01
    9.730  2.4677E-01
    9.740  2.4804E-01
    9.750  2.5022E-01
    9.760  2.5275E-01
    9.770  2.5465E-01
    9.780  2.5580E-01
    9.790  2.5666E-01
    9.800  2.5729E-01
    9.810  2.5751E-01
    9.820  2.5755E-01
    9.830  2.5808E-01
    9.840  2.5940E-01
    9.850  2.6105E-01
    9.860  2.6243E-01
    9.870  2.6329E-01
    9.880  2.6379E-01
    9.890  2.6423E-01
    9.900  2.6484E-01
    9.910  2.6582E-01
    9.920  2.6711E-01
    9.930  2.6815E-01
    9.940  2.6849E-01
    9.950  2.6857E-01
    9.960  2.6932E-01
    9.970  2.7070E-01
    9.980  2.7175E-01
    9.990  2.7217E-01
   10.000  2.7225E-01
   10.010  2.7225E-01
   10.020  2.7225E-01
   10.030  2.7225E-01
   10.040  2.7228E-01
   10.050  2.7237E-01
   10.060  2.7244E-01
   10.070  2.7247E-01
   10.080  2.7248E-01
   10.090  2.7248E-01
   10.100  2.7248E-01
   10.110  2.7253E-01
   10.120  2.7278E-01
   10.130  2.7331E-01
   10.140  2.7400E-01
   10.150  2.7480E-01
   10.160  2.7573E-01
   10.170  2.7697E-01
   10.180  2.7838E-01
   10.190  2.7942E-01
   10.200  2.7994E-01
   10.210  2.8020E-01
   10.220  2.8045E-01
   10.230  2.8078E-01
   10.240  2.8109E-01
   10.250  2.8123E-01
   10.260  2.8126E-01
   10.270  2.8126E-01
   10.280  2.8132E-01
   10.290  2.8159E-01
   10.300  2.8225E-01
   10.310  2.8369E-01
   10.320  2.8632E-01
   10.330  2.9012E-01
   10.340  2.9474E-01
   10.350  2.9992E-01
   10.360  3.0553E-01
   10.370  3.1076E-01
   10.380  3.1486E-01
   10.390  3.1795E-01
   10.400  3.2039E-01
   10.410  3.2226E-01
   10.420  3.2374E-01
   10.430  3.2526E-01
   10.440  3.2725E-01
   10.450  3.2976E-01
   10.460  3.3225E-01
   10.470  3.3377E-01
   10.480  3.3405E-01
   10.490  3.3441E-01
   10.500  3.3628E-01
   10.510  3.3948E-01
   10.520  3.4295E-01
   10.530  3.4590E-01
   10.540  3.4793E-01
   10.550  3.4917E-01
   10.560  3.5013E-01
   10.570  3.5131E-01
   10.580  3.5305E-01
   10.590  3.5527E-01
   10.600  3.5746E-01
   10.610  3.5902E-01
   10.620  3.5966E-01
   10.630  3.5972E-01
   10.640  3.6002E-01
   10.650  3.6133E-01
   10.660  3.6438E-01
   10.670  3.6990E-01
   10.680  3.7746E-01
   10.690  3.8461E-01
   10.700  3.8936E-01
   10.710  3.9171E-01
   10.720  3.9267E-01
   10.730  3.9308E-01
   10.740  3.9341E-01
   10.750  3.9398E-01
   10.760  3.9532E-01
   10.770  3.9782E-01
   10.780  4.0088E-01
   10.790  4.0362E-01
   10.800  4.0589E-01
   10.810  4.0796E-01
   10.820  4.1013E-01
   10.830  4.1288E-01
   10.840  4.1676E-01
   10.850  4.2171E-01
   10.860  4.2639E-01
   10.870  4.2905E-01
   10.880  4.2958E-01
   10.890  4.2989E-01
   10.900  4.3190E-01
   10.910  4.3581E-01
   10.920  4.4101E-01
   10.930  4.4731E-01
   10.940  4.5416E-01
   10.950  4.6021E-01
   10.960  4.6530E-01
   10.970  4.7068E-01
   10.980  4.7736E-01
   10.990  4.8451E-01
   11.000  4.8998E-01
   11.010  4.9265E-01
   11.020  4.9324E-01
   11.030  4.9331E-01
   11.040  4.9396E-01
   11.050  4.9495E-01
   11.060  4.9542E-01
   11.070  4.9549E-01
   11.080  4.9620E-01
   11.090  4.9817E-01
   11.100  5.0087E-01
   11.110  5.0321E-01
   11.120  5.0465E-01
   11.130  5.0553E-01
   11.140  5.0649E-01
   11.150  5.0792E-01
   11.160  5.0962E-01
   11.170  5.1108E-01
   11.180  5.1204E-01
   11.190  5.1256E-01
   11.200  5.1283E-01
   11.210  5.1303E-01
   11.220  5.1331E-01
   11.230  5.1391E-01
   11.240  5.1487E-01
   11.250  5.1577E-01
   11.260  5.1611E-01
   11.270  5.1614E-01
   11.280  5.1636E-01
   11.290  5.1683E-01
   11.300  5.1730E-01
   11.310  5.1776E-01
   11.320  5.1825E-01
   11.330  5.1861E-01
   11.340  5.1869E-01
   11.350  5.1883E-01
   11.360  5.1985E-01
   11.370  5.2240E-01
   11.380  5.2672E-01
   11.390  5.3259E-01
   11.400  5.3870E-01
   11.410  5.4315E-01
   11.420  5.4526E-01
   11.430  5.4578E-01
   11.440  5.4581E-01
   11.450  5.4600E-01
   11.460  5.4638E-01
   11.470  5.4656E-01
   11.480  5.4660E-01
   11.490  5.4711E-01
   11.500  5.4833E-01
   11.510  5.4974E-01
   11.520  5.5067E-01
   11.530  5.5094E-01
   11.540  5.5096E-01
   11.550  5.5111E-01
   11.560  5.5135E-01
   11.570  5.5153E-01
   11.580  5.5161E-01
   11.590  5.5162E-01
   11.600  5.5168E-01
   11.610  5.5197E-01
   11.620  5.5255E-01
   11.630  5.5308E-01
   11.640  5.5328E-01
   11.650  5.5330E-01
   11.660  5.5330E-01
   11.670  5.5332E-01
   11.680  5.5355E-01
   11.690  5.5430E-01
   11.700  5.5602E-01
   11.710  5.5892E-01
   11.720  5.6247E-01
   11.730  5.6575E-01
   11.740  5.6813E-01
   11.750  5.6956E-01
   11.760  5.7046E-01
   11.770  5.7127E-01
   11.780  5.7215E-01
   11.790  5.7306E-01
   11.800  5.7393E-01
   11.810  5.7457E-01
   11.820  5.7481E-01
   11.830  5.7484E-01
   11.840  5.7518E-01
   11.850  5.7617E-01
   11.860  5.7787E-01
   11.870  5.8040E-01
   11.880  5.8388E-01
   11.890  5.8821E-01
   11.900  5.9268E-01
   11.910  5.9635E-01
   11.920  5.9914E-01
   11.930  6.0148E-01
   11.940  6.0351E-01
   11.950  6.0492E-01
   11.960  6.0556E-01
   11.970  6.0578E-01
   11.980  6.0593E-01
   11.990  6.0614E-01
   12.000  6.0644E-01
   12.010  6.0668E-01
   12.020  6.0676E-01
   12.030  6.0678E-01
   12.040  6.0692E-01
   12.050  6.0722E-01
   12.060  6.0771E-01
   12.070  6.0856E-01
   12.080  6.0986E-01
   12.090  6.1141E-01
   12.100  6.1313E-01
   12.110  6.1538E-01
   12.120  6.1846E-01
   12.130  6.2221E-01
   12.140  6.2597E-01
   12.150  6.2919E-01
   12.160  6.3186E-01
   12.170  6.3407E-01
   12.180  6.3555E-01
   12.190  6.3624E-01
   12.200  6.3653E-01
   12.210  6.3676E-01
   12.220  6.3704E-01
   12.230  6.3722E-01
   12.240  6.3725E-01
   12.250  6.3771E-01
   12.260  6.3982E-01
   12.270  6.4435E-01
   12.280  6.5081E-01
   12.290  6.5761E-01
   12.300  6.6316E-01
   12.310  6.6700E-01
   12.320  6.6952E-01
   12.330  6.7113E-01
   12.340  6.7209E-01
   12.350  6.7272E-01
   12.360  6.7344E-01
   12.370  6.7483E-01
   12.380  6.7745E-01
   12.390  6.8113E-01
   12.400  6.8470E-01
   12.410  6.8713E-01
   12.420  6.8821E-01
   12.430  6.8842E-01
   12.440  6.8851E-01
   12.450  6.8910E-01
   12.460  6.9009E-01
   12.470  6.9109E-01
   12.480  6.9197E-01
   12.490  6.9274E-01
   12.500  6.9354E-01
   12.510  6.9461E-01
   12.520  6.9612E-01
   12.530  6.9773E-01
   12.540  6.9890E-01
   12.550  6.9948E-01
   12.560  6.9966E-01
   12.570  6.9967E-01
   12.580  6.9974E-01
   12.590  7.0021E-01
   12.600  7.0162E-01
   12.610  7.0408E-01
   12.620  7.0663E-01
   12.630  7.0838E-01
   12.640  7.0956E-01
   12.650  7.1094E-01
   12.660  7.1299E-01
   12.670  7.1515E-01
   12.680  7.1675E-01
   12.690  7.1799E-01
   12.700  7.1939E-01
   12.710  7.2139E-01
   12.720  7.2413E-01
   12.730  7.2752E-01
   12.740  7.3184E-01
   12.750  7.3745E-01
   12.760  7.4414E-01
   12.770  7.5100E-01
   12.780  7.5675E-01
   12.790  7.6053E-01
   12.800  7.6249E-01
   12.810  7.6335E-01
   12.820  7.6383E-01
   12.830  7.6440E-01
   12.840  7.6547E-01
   12.850  7.6762E-01
   12.860  7.7147E-01
   12.870  7.7705E-01
   12.880  7.8353E-01
   12.890  7.8966E-01
   12.900  7.9444E-01
   12.910  7.9763E-01
   12.920  7.9964E-01
   12.930  8.0090E-01
   12.940  8.0150E-01
   12.950  8.0164E-01
   12.960  8.0165E-01
   12.970  8.0166E-01
   12.980  8.0189E-01
   12.990  8.0290E-01
   13.000  8.0500E-01
   13.010  8.0749E-01
   13.020  8.0937E-01
   13.030  8.1014E-01
   13.040  8.1021E-01
   13.050  8.1041E-01
   13.060  8.1089E-01
   13.070  8.1123E-01
   13.080  8.1131E-01
   13.090  8.1131E-01
   13.100  8.1135E-01
   13.110  8.1136E-01
   13.120  8.1136E-01
   13.130  8.1138E-01
   13.140  8.1141E-01
   13.150  8.1155E-01
   13.160  8.1191E-01
   13.170  8.1239E-01
   13.180  8.1261E-01
   13.190  8.1266E-01
   13.200  8.1326E-01
   13.210  8.1482E-01
   13.220  8.1675E-01
   13.230  8.1855E-01
   13.240  8.2013E-01
   13.250  8.2149E-01
   13.260  8.2252E-01
   13.270  8.2301E-01
   13.280  8.2307E-01
   13.290  8.2315E-01
   13.300  8.2357E-01
   13.310  8.2461E-01
   13.320  8.2655E-01
   13.330  8.2963E-01
   13.340  8.3364E-01
   13.350  8.3803E-01
   13.360  8.4221E-01
   13.370  8.4537E-01
   13.380  8.4718E-01
   13.390  8.4804E-01
   13.400  8.4858E-01
   13.410  8.4927E-01
   13.420  8.5035E-01
   13.430  8.5178E-01
   13.440  8.5338E-01
   13.450  8.5484E-01
   13.460  8.5605E-01
   13.470  8.5709E-01
   13.480  8.5809E-01
   13.490  8.5917E-01
   13.500  8.6047E-01
   13.510  8.6214E-01
   13.520  8.6433E-01
   13.530  8.6707E-01
   13.540  8.7008E-01
   13.550  8.7287E-01
   13.560  8.7520E-01
   13.570  8.7707E-01
   13.580  8.7858E-01
   13.590  8.7984E-01
   13.600  8.8095E-01
   13.610  8.8200E-01
   13.620  8.8306E-01
   13.630  8.8413E-01
   13.640  8.8509E-01
   13.650  8.8592E-01
   13.660  8.8672E-01
   13.670  8.8756E-01
   13.680  8.8832E-01
   13.690  8.8878E-01
   13.700  8.8895E-01
   13.710  8.8899E-01
   13.720  8.8900E-01
   13.730  8.8900E-01
   13.740  8.8900E-01
   13.750  8.8901E-01
   13.760  8.8912E-01
   13.770  8.8947E-01
   13.780  8.9011E-01
   13.790  8.9091E-01
   13.800  8.9168E-01
   13.810  8.9227E-01
   13.820  8.9261E-01
   13.830  8.9274E-01
   13.840  8.9277E-01
   13.850  8.9277E-01
   13.860  8.9277E-01
   13.870  8.9278E-01
   13.880  8.9282E-01
   13.890  8.9287E-01
   13.900  8.9289E-01
   13.910  8.9304E-01
   13.920  8.9373E-01
   13.930  8.9504E-01
   13.940  8.9678E-01
   13.950  8.9850E-01
   13.960  8.9956E-01
   13.970  8.9981E-01
   13.980  8.9989E-01
   13.990  9.0037E-01
   14.000  9.0089E-01
   14.010  9.0105E-01
   14.020  9.0106E-01
   14.030  9.0112E-01
   14.040  9.0117E-01
   14.050  9.0117E-01
   14.060  9.0117E-01
   14.070  9.0117E-01
   14.080  9.0118E-01
   14.090  9.0118E-01
   14.100  9.0119E-01
   14.110  9.0121E-01
   14.120  9.0121E-01
   14.130  9.0122E-01
   14.140  9.0123E-01
   14.150  9.0132E-01
   14.160  9.0162E-01
   14.170  9.0216E-01
   14.180  9.0280E-01
   14.190  9.0341E-01
   14.200  9.0400E-01
   14.210  9.0468E-01
   14.220  9.0573E-01
   14.230  9.0741E-01
   14.240  9.0950E-01
   14.250  9.1120E-01
   14.260  9.1202E-01
   14.270  9.1219E-01
   14.280  9.1222E-01
   14.290  9.1261E-01
   14.300  9.1368E-01
   14.310  9.1521E-01
   14.320  9.1657E-01
   14.330  9.1728E-01
   14.340  9.1747E-01
   14.350  9.1750E-01
   14.360  9.1754E-01
   14.370  9.1763E-01
   14.380  9.1771E-01
   14.390  9.1776E-01
   14.400  9.1776E-01
   14.410  9.1777E-01
   14.420  9.1778E-01
   14.430  9.1778E-01
   14.440  9.1783E-01
   14.450  9.1802E-01
   14.460  9.1847E-01
   14.470  9.1913E-01
   14.480  9.1976E-01
   14.490  9.2013E-01
   14.500  9.2028E-01
   14.510  9.2035E-01
   14.520  9.2040E-01
   14.530  9.2047E-01
   14.540  9.2064E-01
   14.550  9.2109E-01
   14.560  9.2195E-01
   14.570  9.2312E-01
   14.580  9.2430E-01
   14.590  9.2530E-01
   14.600  9.2618E-01
   14.610  9.2706E-01
   14.620  9.2797E-01
   14.630  9.2879E-01
   14.640  9.2951E-01
   14.650  9.3020E-01
   14.660  9.3084E-01
   14.670  9.3134E-01
   14.680  9.3158E-01
   14.690  9.3162E-01
   14.700  9.3163E-01
   14.710  9.3166E-01
   14.720  9.3169E-01
   14.730  9.3169E-01
   14.740  9.3169E-01
   14.750  9.3170E-01
   14.760  9.3170E-01
   14.770  9.3170E-01
   14.780  9.3173E-01
   14.790  9.3184E-01
   14.800  9.3209E-01
   14.810  9.3240E-01
   14.820  9.3257E-01
   14.830  9.3258E-01
   14.840  9.3265E-01
   14.850  9.3281E-01
   14.860  9.3290E-01
   14.870  9.3291E-01
   14.880  9.3292E-01
   14.890  9.3293E-01
   14.900  9.3295E-01
   14.910  9.3298E-01
   14.920  9.3310E-01
   14.930  9.3352E-01
   14.940  9.3451E-01
   14.950  9.3607E-01
   14.960  9.3772E-01
   14.970  9.3896E-01
   14.980  9.3968E-01
   14.990  9.4003E-01
   15.000  9.4018E-01
   15.010  9.4020E-01
   15.020  9.4022E-01
   15.030  9.4030E-01
   15.040  9.4040E-01
   15.050  9.4049E-01
   15.060  9.4057E-01
   15.070  9.4060E-01
   15.080  9.4061E-01
   15.090  9.4068E-01
   15.100  9.4105E-01
   15.110  9.4184E-01
   15.120  9.4278E-01
   15.130  9.4353E-01
   15.140  9.4403E-01
   15.150  9.4443E-01
   15.160  9.4480E-01
   15.170  9.4518E-01
   15.180  9.4562E-01
   15.190  9.4612E-01
   15.200  9.4663E-01
   15.210  9.4711E-01
   15.220  9.4763E-01
   15.230  9.4822E-01
   15.240  9.4876E-01
   15.250  9.4902E-01
   15.260  9.4907E-01
   15.270  9.4907E-01
   15.280  9.4910E-01
   15.290  9.4915E-01
   15.300  9.4921E-01
   15.310  9.4927E-01
   15.320  9.4932E-01
   15.330  9.4938E-01
   15.340  9.4948E-01
   15.350  9.4962E-01
   15.360  9.4980E-01
   15.370  9.4997E-01
   15.380  9.5007E-01
   15.390  9.5010E-01
   15.400  9.5012E-01
   15.410  9.5030E-01
   15.420  9.5066E-01
   15.430  9.5106E-01
   15.440  9.5142E-01
   15.450  9.5178E-01
   15.460  9.5220E-01
   15.470  9.5269E-01
   15.480  9.5328E-01
   15.490  9.5386E-01
   15.500  9.5428E-01
   15.510  9.5448E-01
   15.520  9.5453E-01
   15.530  9.5454E-01
   15.540  9.5454E-01
   15.550  9.5455E-01
   15.560  9.5455E-01
   15.570  9.5460E-01
   15.580  9.5481E-01
   15.590  9.5516E-01
   15.600  9.5540E-01
   15.610  9.5546E-01
   15.620  9.5547E-01
   15.630  9.5557E-01
   15.640  9.5581E-01
   15.650  9.5614E-01
   15.660  9.5644E-01
   15.670  9.5660E-01
   15.680  9.5664E-01
   15.690  9.5667E-01
   15.700  9.5685E-01
   15.710  9.5713E-01
   15.720  9.5728E-01
   15.730  9.5730E-01
   15.740  9.5736E-01
   15.750  9.5752E-01
   15.760  9.5768E-01
   15.770  9.5777E-01
   15.780  9.5781E-01
   15.790  9.5784E-01
   15.800  9.5787E-01
   15.810  9.5788E-01
   15.820  9.5788E-01
   15.830  9.5793E-01
   15.840  9.5804E-01
   15.850  9.5815E-01
   15.860  9.5821E-01
   15.870  9.5822E-01
   15.880  9.5824E-01
   15.890  9.5832E-01
   15.900  9.5839E-01
   15.910  9.5840E-01
   15.920  9.5843E-01
   15.930  9.5856E-01
   15.940  9.5878E-01
   15.950  9.5897E-01
   15.960  9.5904E-01
   15.970  9.5904E-01
   15.980  9.5904E-01
   15.990  9.5905E-01
   16.000  9.5906E-01
   16.010  9.5909E-01
   16.020  9.5915E-01
   16.030  9.5926E-01
   16.040  9.5936E-01
   16.050  9.5942E-01
   16.060  9.5943E-01
   16.070  9.5943E-01
   16.080  9.5943E-01
   16.090  9.5943E-01
   16.100  9.5943E-01
   16.110  9.5945E-01
   16.120  9.5956E-01
   16.130  9.5982E-01
   16.140  9.6012E-01
   16.150  9.6030E-01
   16.160  9.6035E-01
   16.170  9.6036E-01
   16.180  9.6037E-01
   16.190  9.6041E-01
   16.200  9.6048E-01
   16.210  9.6059E-01
   16.220  9.6067E-01
   16.230  9.6071E-01
   16.240  9.6073E-01
   16.250  9.6073E-01
   16.260  9.6073E-01
   16.270  9.6074E-01
   16.280  9.6076E-01
   16.290  9.6079E-01
   16.300  9.6081E-01
   16.310  9.6082E-01
   16.320  9.6084E-01
   16.330  9.6102E-01
   16.340  9.6159E-01
   16.350  9.6271E-01
   16.360  9.6430E-01
   16.370  9.6599E-01
   16.380  9.6736E-01
   16.390  9.6828E-01
   16.400  9.6878E-01
   16.410  9.6900E-01
   16.420  9.6908E-01
   16.430  9.6912E-01
   16.440  9.6914E-01
   16.450  9.6916E-01
   16.460  9.6916E-01
   16.470  9.6916E-01
   16.480  9.6917E-01
   16.490  9.6918E-01
   16.500  9.6918E-01
   16.510  9.6918E-01
   16.520  9.6919E-01
   16.530  9.6923E-01
   16.540  9.6935E-01
   16.550  9.6948E-01
   16.560  9.6954E-01
   16.570  9.6955E-01
   16.580  9.6960E-01
   16.590  9.6975E-01
   16.600  9.6996E-01
   16.610  9.7013E-01
   16.620  9.7020E-01
   16.630  9.7021E-01
   16.640  9.7023E-01
   16.650  9.7029E-01
   16.660  9.7038E-01
   16.670  9.7045E-01
   16.680  9.7048E-01
   16.690  9.7048E-01
   16.700  9.7048E-01
   16.710  9.7049E-01
   16.720  9.7052E-01
   16.730  9.7055E-01
   16.740  9.7058E-01
   16.750  9.7060E-01
   16.760  9.7062E-01
   16.770  9.7065E-01
   16.780  9.7070E-01
   16.790  9.7074E-01
   16.800  9.7078E-01
   16.810  9.7081E-01
   16.820  9.7084E-01
   16.830  9.7086E-01
   16.840  9.7086E-01
   16.850  9.7088E-01
   16.860  9.7096E-01
   16.870  9.7110E-01
   16.880  9.7123E-01
   16.890  9.7131E-01
   16.900  9.7136E-01
   16.910  9.7139E-01
   16.920  9.7141E-01
   16.930  9.7141E-01
   16.940  9.7142E-01
   16.950  9.7146E-01
   16.960  9.7149E-01
   16.970  9.7150E-01
   16.980  9.7150E-01
   16.990  9.7152E-01
   17.000  9.7158E-01
   17.010  9.7174E-01
   17.020  9.7209E-01
   17.030  9.7263E-01
   17.040  9.7321E-01
   17.050  9.7365E-01
   17.060  9.7395E-01
   17.070  9.7417E-01
   17.080  9.7436E-01
   17.090  9.7449E-01
   17.100  9.7453E-01
   17.110  9.7453E-01
   17.120  9.7454E-01
   17.130  9.7459E-01
   17.140  9.7468E-01
   17.150  9.7481E-01
   17.160  9.7499E-01
   17.170  9.7517E-01
   17.180  9.7531E-01
   17.190  9.7538E-01
   17.200  9.7540E-01
   17.210  9.7540E-01
   17.220  9.7540E-01
   17.230  9.7540E-01
   17.240  9.7540E-01
   17.250  9.7541E-01
   17.260  9.7541E-01
   17.270  9.7544E-01
   17.280  9.7549E-01
   17.290  9.7553E-01
   17.300  9.7556E-01
   17.310  9.7557E-01
   17.320  9.7557E-01
   17.330  9.7557E-01
   17.340  9.7558E-01
   17.350  9.7559E-01
   17.360  9.7559E-01
   17.370  9.7560E-01
   17.380  9.7561E-01
   17.390  9.7562E-01
   17.400  9.7562E-01
   17.410  9.7563E-01
   17.420  9.7564E-01
   17.430  9.7564E-01
   17.440  9.7565E-01
   17.450  9.7566E-01
   17.460  9.7567E-01
   17.470  9.7570E-01
   17.480  9.7573E-01
   17.490  9.7576E-01
   17.500  9.7579E-01
   17.510  9.7584E-01
   17.520  9.7594E-01
   17.530  9.7611E-01
   17.540  9.7632E-01
   17.550  9.7650E-01
   17.560  9.7658E-01
   17.570  9.7659E-01
   17.580  9.7661E-01
   17.590  9.7674E-01
   17.600  9.7704E-01
   17.610  9.7750E-01
   17.620  9.7807E-01
   17.630  9.7864E-01
   17.640  9.7915E-01
   17.650  9.7953E-01
   17.660  9.7976E-01
   17.670  9.7986E-01
   17.680  9.7989E-01
   17.690  9.7990E-01
   17.700  9.7990E-01
   17.710  9.7990E-01
   17.720  9.7990E-01
   17.730  9.7992E-01
   17.740  9.8000E-01
   17.750  9.8025E-01
   17.760  9.8068E-01
   17.770  9.8120E-01
   17.780  9.8172E-01
   17.790  9.8219E-01
   17.800  9.8257E-01
   17.810  9.8285E-01
   17.820  9.8302E-01
   17.830  9.8309E-01
   17.840  9.8310E-01
   17.850  9.8312E-01
   17.860  9.8323E-01
   17.870  9.8344E-01
   17.880  9.8375E-01
   17.890  9.8411E-01
   17.900  9.8443E-01
   17.910  9.8467E-01
   17.920  9.8483E-01
   17.930  9.8496E-01
   17.940  9.8510E-01
   17.950  9.8527E-01
   17.960  9.8553E-01
   17.970  9.8582E-01
   17.980  9.8608E-01
   17.990  9.8624E-01
   18.000  9.8632E-01
   18.010  9.8634E-01
   18.020  9.8634E-01
   18.030  9.8634E-01
   18.040  9.8635E-01
   18.050  9.8635E-01
   18.060  9.8635E-01
   18.070  9.8635E-01
   18.080  9.8635E-01
   18.090  9.8635E-01
   18.100  9.8636E-01
   18.110  9.8638E-01
   18.120  9.8643E-01
   18.130  9.8651E-01
   18.140  9.8661E-01
   18.150  9.8671E-01
   18.160  9.8680E-01
   18.170  9.8685E-01
   18.180  9.8686E-01
   18.190  9.8686E-01
   18.200  9.8688E-01
   18.210  9.8690E-01
   18.220  9.8691E-01
   18.230  9.8691E-01
   18.240  9.8693E-01
   18.250  9.8697E-01
   18.260  9.8701E-01
   18.270  9.8706E-01
   18.280  9.8711E-01
   18.290  9.8721E-01
   18.300  9.8741E-01
   18.310  9.8775E-01
   18.320  9.8817E-01
   18.330  9.8860E-01
   18.340  9.8896E-01
   18.350  9.8922E-01
   18.360  9.8940E-01
   18.370  9.8952E-01
   18.380  9.8961E-01
   18.390  9.8971E-01
   18.400  9.8982E-01
   18.410  9.8995E-01
   18.420  9.9010E-01
   18.430  9.9027E-01
   18.440  9.9046E-01
   18.450  9.9066E-01
   18.460  9.9089E-01
   18.470  9.9113E-01
   18.480  9.9135E-01
   18.490  9.9154E-01
   18.500  9.9168E-01
   18.510  9.9175E-01
   18.520  9.9177E-01
   18.530  9.9178E-01
   18.540  9.9178E-01
   18.550  9.9178E-01
   18.560  9.9178E-01
   18.570  9.9178E-01
   18.580  9.9178E-01
   18.590  9.9178E-01
   18.600  9.9178E-01
   18.610  9.9178E-01
   18.620  9.9178E-01
   18.630  9.9178E-01
   18.640  9.9178E-01
   18.650  9.9179E-01
   18.660  9.9182E-01
   18.670  9.9185E-01
   18.680  9.9188E-01
   18.690  9.9190E-01
   18.700  9.9192E-01
   18.710  9.9194E-01
   18.720  9.9194E-01
   18.730  9.9194E-01
   18.740  9.9194E-01
   18.750  9.9194E-01
   18.760  9.9194E-01
   18.770  9.9194E-01
   18.780  9.9194E-01
   18.790  9.9194E-01
   18.800  9.9194E-01
   18.810  9.9194E-01
   18.820  9.9195E-01
   18.830  9.9197E-01
   18.840  9.9204E-01
   18.850  9.9219E-01
   18.860  9.9242E-01
   18.870  9.9267E-01
   18.880  9.9290E-01
   18.890  9.9309E-01
   18.900  9.9324E-01
   18.910  9.9334E-01
   18.920  9.9341E-01
   18.930  9.9346E-01
   18.940  9.9349E-01
   18.950  9.9350E-01
   18.960  9.9351E-01
   18.970  9.9352E-01
   18.980  9.9358E-01
   18.990  9.9374E-01
   19.000  9.9397E-01
   19.010  9.9421E-01
   19.020  9.9441E-01
   19.030  9.9456E-01
   19.040  9.9467E-01
   19.050  9.9477E-01
   19.060  9.9487E-01
   19.070  9.9497E-01
   19.080  9.9507E-01
   19.090  9.9514E-01
   19.100  9.9520E-01
   19.110  9.9525E-01
   19.120  9.9529E-01
   19.130  9.9534E-01
   19.140  9.9538E-01
   19.150  9.9543E-01
   19.160  9.9548E-01
   19.170  9.9552E-01
   19.180  9.9555E-01
   19.190  9.9558E-01
   19.200  9.9559E-01
   19.210  9.9561E-01
   19.220  9.9563E-01
   19.230  9.9565E-01
   19.240  9.9565E-01
   19.250  9.9566E-01
   19.260  9.9566E-01
   19.270  9.9566E-01
   19.280  9.9567E-01
   19.290  9.9569E-01
   19.300  9.9570E-01
   19.310  9.9573E-01
   19.320  9.9576E-01
   19.330  9.9581E-01
   19.340  9.9590E-01
   19.350  9.9603E-01
   19.360  9.9622E-01
   19.370  9.9644E-01
   19.380  9.9668E-01
   19.390  9.9690E-01
   19.400  9.9707E-01
   19.410  9.9719E-01
   19.420  9.9727E-01
   19.430  9.9731E-01
   19.440  9.9734E-01
   19.450  9.9737E-01
   19.460  9.9739E-01
   19.470  9.9740E-01
   19.480  9.9741E-01
   19.490  9.9741E-01
   19.500  9.9742E-01
   19.510  9.9742E-01
   19.520  9.9742E-01
   19.530  9.9742E-01
   19.540  9.9742E-01
   19.550  9.9743E-01
   19.560  9.9743E-01
   19.570  9.9743E-01
   19.580  9.9743E-01
   19.590  9.9743E-01
   19.600  9.9743E-01
   19.610  9.9743E-01
   19.620  9.9744E-01
   19.630  9.9746E-01
   19.640  9.9747E-01
   19.650  9.9748E-01
   19.660  9.9750E-01
   19.670  9.9752E-01
   19.680  9.9754E-01
   19.690  9.9756E-01
   19.700  9.9758E-01
   19.710  9.9759E-01
   19.720  9.9760E-01
   19.730  9.9761E-01
   19.740  9.9761E-01
   19.750  9.9762E-01
   19.760  9.9764E-01
   19.770  9.9767E-01
   19.780  9.9772E-01
   19.790  9.9777E-01
   19.800  9.9783E-01
   19.810  9.9789E-01
   19.820  9.9794E-01
   19.830  9.9797E-01
   19.840  9.9799E-01
   19.850  9.9800E-01
   19.860  9.9800E-01
   19.870  9.9800E-01
   19.880  9.9800E-01
   19.890  9.9800E-01
   19.900  9.9801E-01
   19.910  9.9801E-01
   19.920  9.9802E-01
   19.930  9.9802E-01
   19.940  9.9803E-01
   19.950  9.9804E-01
   19.960  9.9805E-01
   19.970  9.9806E-01
   19.980  9.9806E-01
   19.990  9.9806E-01
   20.000  9.9807E-01
   20.010  9.9807E-01
   20.020  9.9807E-01
   20.030  9.9808E-01
   20.040  9.9808E-01
   20.050  9.9808E-01
   20.060  9.9809E-01
   20.070  9.9809E-01
   20.080  9.9810E-01
   20.090  9.9813E-01
   20.100  9.9816E-01
   20.110  9.9819E-01
   20.120  9.9822E-01
   20.130  9.9825E-01
   20.140  9.9827E-01
   20.150  9.9828E-01
   20.160  9.9829E-01
   20.170  9.9829E-01
   20.180  9.9829E-01
   20.190  9.9829E-01
   20.200  9.9830E-01
   20.210  9.9831E-01
   20.220  9.9833E-01
   20.230  9.9835E-01
   20.240  9.9837E-01
   20.250  9.9839E-01
   20.260  9.9841E-01
   20.270  9.9841E-01
   20.280  9.9841E-01
   20.290  9.9841E-01
   20.300  9.9842E-01
   20.310  9.9843E-01
   20.320  9.9845E-01
   20.330  9.9847E-01
   20.340  9.9848E-01
   20.350  9.9849E-01
   20.360  9.9849E-01
   20.370  9.9852E-01
   20.380  9.9856E-01
   20.390  9.9860E-01
   20.400  9.9864E-01
   20.410  9.9866E-01
   20.420  9.9868E-01
   20.430  9.9871E-01
   20.440  9.9873E-01
   20.450  9.9875E-01
   20.460  9.9877E-01
   20.470  9.9878E-01
   20.480  9.9878E-01
   20.490  9.9878E-01
   20.500  9.9878E-01
   20.510  9.9879E-01
   20.520  9.9879E-01
   20.530  9.9879E-01
   20.540  9.9880E-01
   20.550  9.9880E-01
   20.560  9.9880E-01
   20.570  9.9880E-01
   20.580  9.9880E-01
   20.590  9.9880E-01
   20.600  9.9880E-01
   20.610  9.9880E-01
   20.620  9.9880E-01
   20.630  9.9880E-01
   20.640  9.9880E-01
   20.650  9.9880E-01
   20.660  9.9880E-01
   20.670  9.9880E-01
   20.680  9.9881E-01
   20.690  9.9881E-01
   20.700  9.9883E-01
   20.710  9.9884E-01
   20.720  9.9885E-01
   20.730  9.9887E-01
   20.740  9.9890E-01
   20.750  9.9892E-01
   20.760  9.9895E-01
   20.770  9.9898E-01
   20.780  9.9900E-01
   20.790  9.9901E-01
   20.800  9.9902E-01
   20.810  9.9902E-01
   20.820  9.9902E-01
   20.830  9.9902E-01
   20.840  9.9902E-01
   20.850  9.9902E-01
   20.860  9.9902E-01
   20.870  9.9903E-01
   20.880  9.9904E-01
   20.890  9.9904E-01
   20.900  9.9905E-01
   20.910  9.9905E-01
   20.920  9.9905E-01
   20.930  9.9905E-01
   20.940  9.9905E-01
   20.950  9.9905E-01
   20.960  9.9905E-01
   20.970  9.9905E-01
   20.980  9.9906E-01
   20.990  9.9906E-01
   21.000  9.9908E-01
   21.010  9.9910E-01
   21.020  9.9911E-01
   21.030  9.9913E-01
   21.040  9.9915E-01
   21.050  9.9917E-01
   21.060  9.9918E-01
   21.070  9.9920E-01
   21.080  9.9921E-01
   21.090  9.9922E-01
   21.100  9.9923E-01
   21.110  9.9924E-01
   21.120  9.9925E-01
   21.130  9.9925E-01
   21.140  9.9926E-01
   21.150  9.9926E-01
   21.160  9.9926E-01
   21.170  9.9926E-01
   21.180  9.9926E-01
   21.190  9.9926E-01
   21.200  9.9927E-01
   21.210  9.9928E-01
   21.220  9.9929E-01
   21.230  9.9930E-01
   21.240  9.9930E-01
   21.250  9.9930E-01
   21.260  9.9931E-01
   21.270  9.9932E-01
   21.280  9.9933E-01
   21.290  9.9935E-01
   21.300  9.9936E-01
   21.310  9.9938E-01
   21.320  9.9940E-01
   21.330  9.9941E-01
   21.340  9.9942E-01
   21.350  9.9942E-01
   21.360  9.9942E-01
   21.370  9.9942E-01
   21.380  9.9942E-01
   21.390  9.9943E-01
   21.400  9.9944E-01
   21.410  9.9944E-01
   21.420  9.9944E-01
   21.430  9.9944E-01
   21.440  9.9944E-01
   21.450  9.9945E-01
   21.460  9.9945E-01
   21.470  9.9946E-01
   21.480  9.9946E-01
   21.490  9.9946E-01
   21.500  9.9946E-01
   21.510  9.9946E-01
   21.520  9.9946E-01
   21.530  9.9946E-01
   21.540  9.9947E-01
   21.550  9.9947E-01
   21.560  9.9947E-01
   21.570  9.9947E-01
   21.580  9.9948E-01
   21.590  9.9948E-01
   21.600  9.9948E-01
   21.610  9.9948E-01
   21.620  9.9948E-01
   21.630  9.9948E-01
   21.640  9.9949E-01
   21.650  9.9949E-01
   21.660  9.9949E-01
   21.670  9.9949E-01
   21.680  9.9949E-01
   21.690  9.9949E-01
   21.700  9.9949E-01
   21.710  9.9950E-01
   21.720  9.9950E-01
   21.730  9.9950E-01
   21.740  9.9951E-01
   21.750  9.9952E-01
   21.760  9.9953E-01
   21.770  9.9953E-01
   21.780  9.9954E-01
   21.790  9.9955E-01
   21.800  9.9956E-01
   21.810  9.9957E-01
   21.820  9.9958E-01
   21.830  9.9960E-01
   21.840  9.9963E-01
   21.850  9.9967E-01
   21.860  9.9971E-01
   21.870  9.9975E-01
   21.880  9.9978E-01
   21.890  9.9980E-01
   21.900  9.9982E-01
   21.910  9.9983E-01
   21.920  9.9984E-01
   21.930  9.9984E-01
   21.940  9.9984E-01
   21.950  9.9984E-01
   21.960  9.9984E-01
   21.970  9.9984E-01
   21.980  9.9984E-01
   21.990  9.9984E-01
   22.000  9.9984E-01
   22.010  9.9984E-01
   22.020  9.9984E-01
   22.030  9.9984E-01
   22.040  9.9985E-01
   22.050  9.9985E-01
   22.060  9.9985E-01
   22.070  9.9985E-01
   22.080  9.9985E-01
   22.090  9.9985E-01
   22.100  9.9985E-01
   22.110  9.9985E-01
   22.120  9.9985E-01
   22.130  9.9985E-01
   22.140  9.9985E-01
   22.150  9.9985E-01
   22.160  9.9986E-01
   22.170  9.9986E-01
   22.180  9.9986E-01
   22.190  9.9986E-01
   22.200  9.9986E-01
   22.210  9.9986E-01
   22.220  9.9986E-01
   22.230  9.9986E-01
   22.240  9.9986E-01
   22.250  9.9986E-01
   22.260  9.9986E-01
   22.270  9.9987E-01
   22.280  9.9987E-01
   22.290  9.9987E-01
   22.300  9.9987E-01
   22.310  9.9987E-01
   22.320  9.9987E-01
   22.330  9.9988E-01
   22.340  9.9988E-01
   22.350  9.9988E-01
   22.360  9.9988E-01
   22.370  9.9988E-01
   22.380  9.9988E-01
   22.390  9.9988E-01
   22.400  9.9988E-01
   22.410  9.9988E-01
   22.420  9.9988E-01
   22.430  9.9989E-01
   22.440  9.9989E-01
   22.450  9.9989E-01
   22.460  9.9989E-01
   22.470  9.9989E-01
   22.480  9.9989E-01
   22.490  9.9989E-01
   22.500  9.9989E-01
   22.510  9.9989E-01
   22.520  9.9989E-01
   22.530  9.9989E-01
   22.540  9.9989E-01
   22.550  9.9989E-01
   22.560  9.9989E-01
   22.570  9.9989E-01
   22.580  9.9989E-01
   22.590  9.9990E-01
   22.600  9.9990E-01
   22.610  9.9990E-01
   22.620  9.9991E-01
   22.630  9.9991E-01
   22.640  9.9991E-01
   22.650  9.9992E-01
   22.660  9.9992E-01
   22.670  9.9992E-01
   22.680  9.9992E-01
   22.690  9.9992E-01
   22.700  9.9992E-01
   22.710  9.9992E-01
   22.720  9.9992E-01
   22.730  9.9992E-01
   22.740  9.9992E-01
   22.750  9.9992E-01
   22.760  9.9992E-01
   22.770  9.9992E-01
   22.780  9.9992E-01
   22.790  9.9992E-01
   22.800  9.9992E-01
   22.810  9.9992E-01
   22.820  9.9992E-01
   22.830  9.9992E-01
   22.840  9.9992E-01
   22.850  9.9992E-01
   22.860  9.9992E-01
   22.870  9.9992E-01
   22.880  9.9992E-01
   22.890  9.9992E-01
   22.900  9.9992E-01
   22.910  9.9992E-01
   22.920  9.9992E-01
   22.930  9.9992E-01
   22.940  9.9992E-01
   22.950  9.9992E-01
   22.960  9.9992E-01
   22.970  9.9992E-01
   22.980  9.9992E-01
   22.990  9.9992E-01
   23.000  9.9992E-01
   23.010  9.9992E-01
   23.020  9.9992E-01
   23.030  9.9992E-01
   23.040  9.9992E-01
   23.050  9.9992E-01
   23.060  9.9992E-01
   23.070  9.9992E-01
   23.080  9.9992E-01
   23.090  9.9992E-01
   23.100  9.9992E-01
   23.110  9.9992E-01
   23.120  9.9992E-01
   23.130  9.9992E-01
   23.140  9.9992E-01
   23.150  9.9992E-01
   23.160  9.9992E-01
   23.170  9.9992E-01
   23.180  9.9992E-01
   23.190  9.9992E-01
   23.200  9.9992E-01
   23.210  9.9992E-01
   23.220  9.9992E-01
   23.230  9.9993E-01
   23.240  9.9993E-01
   23.250  9.9993E-01
   23.260  9.9993E-01
   23.270  9.9993E-01
   23.280  9.9993E-01
   23.290  9.9993E-01
   23.300  9.9993E-01
   23.310  9.9993E-01
   23.320  9.9993E-01
   23.330  9.9993E-01
   23.340  9.9993E-01
   23.350  9.9993E-01
   23.360  9.9993E-01
   23.370  9.9993E-01
   23.380  9.9993E-01
   23.390  9.9993E-01
   23.400  9.9993E-01
   23.410  9.9993E-01
   23.420  9.9993E-01
   23.430  9.9993E-01
   23.440  9.9993E-01
   23.450  9.9993E-01
   23.460  9.9993E-01
   23.470  9.9993E-01
   23.480  9.9993E-01
   23.490  9.9993E-01
   23.500  9.9993E-01
   23.510  9.9993E-01
   23.520  9.9993E-01
   23.530  9.9993E-01
   23.540  9.9993E-01
   23.550  9.9993E-01
   23.560  9.9993E-01
   23.570  9.9993E-01
   23.580  9.9993E-01
   23.590  9.9993E-01
   23.600  9.9993E-01
   23.610  9.9993E-01
   23.620  9.9993E-01
   23.630  9.9993E-01
   23.640  9.9994E-01
   23.650  9.9994E-01
   23.660  9.9994E-01
   23.670  9.9994E-01
   23.680  9.9994E-01
   23.690  9.9994E-01
   23.700  9.9994E-01
   23.710  9.9995E-01
   23.720  9.9995E-01
   23.730  9.9995E-01
   23.740  9.9995E-01
   23.750  9.9995E-01
   23.760  9.9995E-01
   23.770  9.9995E-01
   23.780  9.9995E-01
   23.790  9.9995E-01
   23.800  9.9995E-01
   23.810  9.9995E-01
   23.820  9.9995E-01
   23.830  9.9995E-01
   23.840  9.9995E-01
   23.850  9.9995E-01
   23.860  9.9995E-01
   23.870  9.9995E-01
   23.880  9.9995E-01
   23.890  9.9995E-01
   23.900  9.9995E-01
   23.910  9.9995E-01
   23.920  9.9995E-01
   23.930  9.9995E-01
   23.940  9.9995E-01
   23.950  9.9995E-01
   23.960  9.9995E-01
   23.970  9.9995E-01
   23.980  9.9995E-01
   23.990  9.9995E-01
   24.000  9.9995E-01
   24.010  9.9995E-01
   24.020  9.9995E-01
   24.030  9.9995E-01
   24.040  9.9995E-01
   24.050  9.9995E-01
   24.060  9.9995E-01
   24.070  9.9995E-01
   24.080  9.9995E-01
   24.090  9.9995E-01
   24.100  9.9995E-01
   24.110  9.9995E-01
   24.120  9.9995E-01
   24.130  9.9995E-01
   24.140  9.9995E-01
   24.150  9.9995E-01
   24.160  9.9995E-01
   24.170  9.9995E-01
   24.180  9.9995E-01
   24.190  9.9995E-01
   24.200  9.9995E-01
   24.210  9.9995E-01
   24.220  9.9995E-01
   24.230  9.9995E-01
   24.240  9.9995E-01
   24.250  9.9995E-01
   24.260  9.9995E-01
   24.270  9.9995E-01
   24.280  9.9995E-01
   24.290  9.9995E-01
   24.300  9.9995E-01
   24.310  9.9995E-01
   24.320  9.9995E-01
   24.330  9.9996E-01
   24.340  9.9996E-01
   24.350  9.9996E-01
   24.360  9.9996E-01
   24.370  9.9996E-01
   24.380  9.9996E-01
   24.390  9.9996E-01
   24.400  9.9996E-01
   24.410  9.9996E-01
   24.420  9.9996E-01
   24.430  9.9996E-01
   24.440  9.9996E-01
   24.450  9.9996E-01
   24.460  9.9996E-01
   24.470  9.9996E-01
   24.480  9.9996E-01
   24.490  9.9996E-01
   24.500  9.9996E-01
   24.510  9.9996E-01
   24.520  9.9996E-01
   24.530  9.9996E-01
   24.540  9.9996E-01
   24.550  9.9996E-01
   24.560  9.9996E-01
   24.570  9.9996E-01
   24.580  9.9996E-01
   24.590  9.9996E-01
   24.600  9.9996E-01
   24.610  9.9996E-01
   24.620  9.9996E-01
   24.630  9.9996E-01
   24.640  9.9996E-01
   24.650  9.9996E-01
   24.660  9.9996E-01
   24.670  9.9996E-01
   24.680  9.9996E-01
   24.690  9.9996E-01
   24.700  9.9996E-01
   24.710  9.9996E-01
   24.720  9.9996E-01
   24.730  9.9996E-01
   24.740  9.9996E-01
   24.750  9.9996E-01
   24.760  9.9996E-01
   24.770  9.9996E-01
   24.780  9.9997E-01
   24.790  9.9997E-01
   24.800  9.9997E-01
   24.810  9.9997E-01
   24.820  9.9997E-01
   24.830  9.9997E-01
   24.840  9.9997E-01
   24.850  9.9997E-01
   24.860  9.9997E-01
   24.870  9.9997E-01
   24.880  9.9997E-01
   24.890  9.9997E-01
   24.900  9.9997E-01
   24.910  9.9997E-01
   24.920  9.9997E-01
   24.930  9.9997E-01
   24.940  9.9997E-01
   24.950  9.9997E-01
   24.960  9.9997E-01
   24.970  9.9997E-01
   24.980  9.9997E-01
   24.990  9.9997E-01
   25.000  9.9997E-01
   25.010  9.9997E-01
   25.020  9.9997E-01
   25.030  9.9997E-01
   25.040  9.9997E-01
   25.050  9.9997E-01
   25.060  9.9997E-01
   25.070  9.9997E-01
   25.080  9.9997E-01
   25.090  9.9997E-01
   25.100  9.9997E-01
   25.110  9.9997E-01
   25.120  9.9997E-01
   25.130  9.9997E-01
   25.140  9.9997E-01
   25.150  9.9997E-01
   25.160  9.9998E-01
   25.170  9.9998E-01
   25.180  9.9998E-01
   25.190  9.9998E-01
   25.200  9.9998E-01
   25.210  9.9998E-01
   25.220  9.9998E-01
   25.230  9.9998E-01
   25.240  9.9998E-01
   25.250  9.9998E-01
   25.260  9.9998E-01
   25.270  9.9998E-01
   25.280  9.9998E-01
   25.290  9.9998E-01
   25.300  9.9998E-01
   25.310  9.9998E-01
   25.320  9.9998E-01
   25.330  9.9998E-01
   25.340  9.9998E-01
   25.350  9.9998E-01
   25.360  9.9998E-01
   25.370  9.9998E-01
   25.380  9.9998E-01
   25.390  9.9998E-01
   25.400  9.9998E-01
   25.410  9.9998E-01
   25.420  9.9998E-01
   25.430  9.9998E-01
   25.440  9.9998E-01
   25.450  9.9998E-01
   25.460  9.9998E-01
   25.470  9.9998E-01
   25.480  9.9998E-01
   25.490  9.9998E-01
   25.500  9.9998E-01
   25.510  9.9998E-01
   25.520  9.9998E-01
   25.530  9.9998E-01
   25.540  9.9998E-01
   25.550  9.9998E-01
   25.560  9.9998E-01
   25.570  9.9998E-01
   25.580  9.9999E-01
   25.590  9.9999E-01
   25.600  9.9999E-01
   25.610  9.9999E-01
   25.620  9.9999E-01
   25.630  9.9999E-01
   25.640  9.9999E-01
   25.650  9.9999E-01
   25.660  9.9999E-01
   25.670  9.9999E-01
   25.680  9.9999E-01
   25.690  9.9999E-01
   25.700  9.9999E-01
   25.710  9.9999E-01
   25.720  9.9999E-01
   25.730  9.9999E-01
   25.740  9.9999E-01
   25.750  9.9999E-01
   25.760  9.9999E-01
   25.770  9.9999E-01
   25.780  9.9999E-01
   25.790  9.9999E-01
   25.800  9.9999E-01
   25.810  9.9999E-01
   25.820  9.9999E-01
   25.830  9.9999E-01
   25.840  9.9999E-01
   25.850  9.9999E-01
   25.860  9.9999E-01
   25.870  9.9999E-01
   25.880  9.9999E-01
   25.890  9.9999E-01
   25.900  9.9999E-01
   25.910  9.9999E-01
   25.920  9.9999E-01
   25.930  9.9999E-01
   25.940  9.9999E-01
   25.950  9.9999E-01
   25.960  9.9999E-01
   25.970  9.9999E-01
   25.980  9.9999E-01
   25.990  9.9999E-01
   26.000  9.9999E-01
   26.010  9.9999E-01
   26.020  9.9999E-01
   26.030  9.9999E-01
   26.040  9.9999E-01
   26.050  9.9999E-01
   26.060  9.9999E-01
   26.070  9.9999E-01
   26.080  9.9999E-01
   26.090  9.9999E-01
   26.100  9.9999E-01
   26.110  9.9999E-01
   26.120  9.9999E-01
   26.130  9.9999E-01
   26.140  9.9999E-01
   26.150  9.9999E-01
   26.160  9.9999E-01
   26.170  9.9999E-01
   26.180  9.9999E-01
   26.190  9.9999E-01
   26.200  9.9999E-01
   26.210  9.9999E-01
   26.220  9.9999E-01
   26.230  9.9999E-01
   26.240  9.9999E-01
   26.250  9.9999E-01
   26.260  9.9999E-01
   26.270  9.9999E-01
   26.280  9.9999E-01
   26.290  9.9999E-01
   26.300  9.9999E-01
   26.310  9.9999E-01
   26.320  9.9999E-01
   26.330  9.9999E-01
   26.340  9.9999E-01
   26.350  9.9999E-01
   26.360  9.9999E-01
   26.370  9.9999E-01
   26.380  9.9999E-01
   26.390  9.9999E-01
   26.400  9.9999E-01
   26.410  9.9999E-01
   26.420  9.9999E-01
   26.430  9.9999E-01
   26.440  9.9999E-01
   26.450  9.9999E-01
   26.460  9.9999E-01
   26.470  9.9999E-01
   26.480  9.9999E-01
   26.490  9.9999E-01
   26.500  9.9999E-01
   26.510  9.9999E-01
   26.520  9.9999E-01
   26.530  9.9999E-01
   26.540  9.9999E-01
   26.550  9.9999E-01
   26.560  9.9999E-01
   26.570  9.9999E-01
   26.580  9.9999E-01
   26.590  9.9999E-01
   26.600  9.9999E-01
   26.610  9.9999E-01
   26.620  9.9999E-01
   26.630  9.9999E-01
   26.640  9.9999E-01
   26.650  9.9999E-01
   26.660  9.9999E-01
   26.670  9.9999E-01
   26.680  9.9999E-01
   26.690  9.9999E-01
   26.700  9.9999E-01
   26.710  9.9999E-01
   26.720  9.9999E-01
   26.730  9.9999E-01
   26.740  9.9999E-01
   26.750  9.9999E-01
   26.760  9.9999E-01
   26.770  9.9999E-01
   26.780  9.9999E-01
   26.790  9.9999E-01
   26.800  9.9999E-01
   26.810  9.9999E-01
   26.820  9.9999E-01
   26.830  9.9999E-01
   26.840  9.9999E-01
   26.850  9.9999E-01
   26.860  9.9999E-01
   26.870  9.9999E-01
   26.880  9.9999E-01
   26.890  9.9999E-01
   26.900  9.9999E-01
   26.910  9.9999E-01
   26.920  9.9999E-01
   26.930  9.9999E-01
   26.940  9.9999E-01
   26.950  9.9999E-01
   26.960  9.9999E-01
   26.970  9.9999E-01
   26.980  9.9999E-01
   26.990  9.9999E-01
   27.000  9.9999E-01
   27.010  9.9999E-01
   27.020  9.9999E-01
   27.030  9.9999E-01
   27.040  9.9999E-01
   27.050  9.9999E-01
   27.060  9.9999E-01
   27.070  9.9999E-01
   27.080  9.9999E-01
   27.090  9.9999E-01
   27.100  9.9999E-01
   27.110  9.9999E-01
   27.120  9.9999E-01
   27.130  9.9999E-01
   27.140  9.9999E-01
   27.150  9.9999E-01
   27.160  9.9999E-01
   27.170  9.9999E-01
   27.180  9.9999E-01
   27.190  9.9999E-01
   27.200  9.9999E-01
   27.210  9.9999E-01
   27.220  9.9999E-01
   27.230  9.9999E-01
   27.240  9.9999E-01
   27.250  9.9999E-01
   27.260  9.9999E-01
   27.270  9.9999E-01
   27.280  9.9999E-01
   27.290  9.9999E-01
   27.300  9.9999E-01
   27.310  9.9999E-01
   27.320  9.9999E-01
   27.330  9.9999E-01
   27.340  9.9999E-01
   27.350  9.9999E-01
   27.360  9.9999E-01
   27.370  9.9999E-01
   27.380  9.9999E-01
   27.390  9.9999E-01
   27.400  9.9999E-01
   27.410  9.9999E-01
   27.420  9.9999E-01
   27.430  9.9999E-01
   27.440  9.9999E-01
   27.450  9.9999E-01
   27.460  9.9999E-01
   27.470  1.0000E+00
   27.480  1.0000E+00
   27.490  1.0000E+00
   27.500  1.0000E+00
   27.510  1.0000E+00
   27.520  1.0000E+00
   27.530  1.0000E+00
   27.540  1.0000E+00
   27.550  1.0000E+00
   27.560  1.0000E+00
   27.570  1.0000E+00
   27.580  1.0000E+00
   27.590  1.0000E+00
   27.600  1.0000E+00
   27.610  1.0000E+00
   27.620  1.0000E+00
   27.630  1.0000E+00
   27.640  1.0000E+00
   27.650  1.0000E+00
   27.660  1.0000E+00
   27.670  1.0000E+00
   27.680  1.0000E+00
   27.690  1.0000E+00
   27.700  1.0000E+00
   27.710  1.0000E+00
   27.720  1.0000E+00
   27.730  1.0000E+00
   27.740  1.0000E+00
   27.750  1.0000E+00
   27.760  1.0000E+00
   27.770  1.0000E+00
   27.780  1.0000E+00
   27.790  1.0000E+00
   27.800  1.0000E+00
   27.810  1.0000E+00
   27.820  1.0000E+00
   27.830  1.0000E+00
   27.840  1.0000E+00
   27.850  1.0000E+00
   27.860  1.0000E+00
   27.870  1.0000E+00
   27.880  1.0000E+00
   27.890  1.0000E+00
   27.900  1.0000E+00
   27.910  1.0000E+00
   27.920  1.0000E+00
   27.930  1.0000E+00
   27.940  1.0000E+00
   27.950  1.0000E+00
   27.960  1.0000E+00
   27.970  1.0000E+00
   27.980  1.0000E+00
   27.990  1.0000E+00
   28.000  1.0000E+00
   28.010  1.0000E+00
   28.020  1.0000E+00
   28.030  1.0000E+00
   28.040  1.0000E+00
   28.050  1.0000E+00
   28.060  1.0000E+00
   28.070  1.0000E+00
   28.080  1.0000E+00
   28.090  1.0000E+00
   28.100  1.0000E+00
   28.110  1.0000E+00
   28.120  1.0000E+00
   28.130  1.0000E+00
   28.140  1.0000E+00
   28.150  1.0000E+00
   28.160  1.0000E+00
   28.170  1.0000E+00
   28.180  1.0000E+00
   28.190  1.0000E+00
   28.200  1.0000E+00
   28.210  1.0000E+00
   28.220  1.0000E+00
   28.230  1.0000E+00
   28.240  1.0000E+00
   28.250  1.0000E+00
   28.260  1.0000E+00
   28.270  1.0000E+00
   28.280  1.0000E+00
   28.290  1.0000E+00
   28.300  1.0000E+00
   28.310  1.0000E+00
   28.320  1.0000E+00
   28.330  1.0000E+00
   28.340  1.0000E+00
   28.350  1.0000E+00
   28.360  1.0000E+00
   28.370  1.0000E+00
   28.380  1.0000E+00
   28.390  1.0000E+00
   28.400  1.0000E+00
   28.410  1.0000E+00
   28.420  1.0000E+00
   28.430  1.0000E+00
   28.440  1.0000E+00
   28.450  1.0000E+00
   28.460  1.0000E+00
   28.470  1.0000E+00
   28.480  1.0000E+00
   28.490  1.0000E+00
   28.500  1.0000E+00
   28.510  1.0000E+00
   28.520  1.0000E+00
   28.530  1.0000E+00
   28.540  1.0000E+00
   28.550  1.0000E+00
   28.560  1.0000E+00
   28.570  1.0000E+00
   28.580  1.0000E+00
   28.590  1.0000E+00
   28.600  1.0000E+00
   28.610  1.0000E+00
   28.620  1.0000E+00
   28.630  1.0000E+00
   28.640  1.0000E+00
   28.650  1.0000E+00
   28.660  1.0000E+00
   28.670  1.0000E+00
   28.680  1.0000E+00
   28.690  1.0000E+00
   28.700  1.0000E+00
   28.710  1.0000E+00
   28.720  1.0000E+00
   28.730  1.0000E+00
   28.740  1.0000E+00
   28.750  1.0000E+00
   28.760  1.0000E+00
   28.770  1.0000E+00
   28.780  1.0000E+00
   28.790  1.0000E+00
   28.800  1.0000E+00
   28.810  1.0000E+00
   28.820  1.0000E+00
   28.830  1.0000E+00
   28.840  1.0000E+00
   28.850  1.0000E+00
   28.860  1.0000E+00
   28.870  1.0000E+00
   28.880  1.0000E+00
   28.890  1.0000E+00
   28.900  1.0000E+00
   28.910  1.0000E+00
   28.920  1.0000E+00
   28.930  1.0000E+00
   28.940  1.0000E+00
   28.950  1.0000E+00
   28.960  1.0000E+00
   28.970  1.0000E+00
   28.980  1.0000E+00
   28.990  1.0000E+00
   29.000  1.0000E+00
   29.010  1.0000E+00
   29.020  1.0000E+00
   29.030  1.0000E+00
   29.040  1.0000E+00
   29.050  1.0000E+00
   29.060  1.0000E+00
   29.070  1.0000E+00
   29.080  1.0000E+00
   29.090  1.0000E+00
   29.100  1.0000E+00
   29.110  1.0000E+00
   29.120  1.0000E+00
   29.130  1.0000E+00
   29.140  1.0000E+00
   29.150  1.0000E+00
   29.160  1.0000E+00
   29.170  1.0000E+00
   29.180  1.0000E+00
   29.190  1.0000E+00
   29.200  1.0000E+00
   29.210  1.0000E+00
   29.220  1.0000E+00
   29.230  1.0000E+00
   29.240  1.0000E+00
   29.250  1.0000E+00
   29.260  1.0000E+00
   29.270  1.0000E+00
   29.280  1.0000E+00
   29.290  1.0000E+00
   29.300  1.0000E+00
   29.310  1.0000E+00
   29.320  1.0000E+00
   29.330  1.0000E+00
   29.340  1.0000E+00
   29.350  1.0000E+00
   29.360  1.0000E+00
   29.370  1.0000E+00
   29.380  1.0000E+00
   29.390  1.0000E+00
   29.400  1.0000E+00
   29.410  1.0000E+00
   29.420  1.0000E+00
   29.430  1.0000E+00
   29.440  1.0000E+00
   29.450  1.0000E+00
   29.460  1.0000E+00
   29.470  1.0000E+00
   29.480  1.0000E+00
   29.490  1.0000E+00
   29.500  1.0000E+00
   29.510  1.0000E+00
   29.520  1.0000E+00
   29.530  1.0000E+00
   29.540  1.0000E+00
   29.550  1.0000E+00
   29.560  1.0000E+00
   29.570  1.0000E+00
   29.580  1.0000E+00
   29.590  1.0000E+00
   29.600  1.0000E+00
   29.610  1.0000E+00
   29.620  1.0000E+00
   29.630  1.0000E+00
   29.640  1.0000E+00
   29.650  1.0000E+00
   29.660  1.0000E+00
   29.670  1.0000E+00
   29.680  1.0000E+00
   29.690  1.0000E+00
   29.700  1.0000E+00
   29.710  1.0000E+00
   29.720  1.0000E+00
   29.730  1.0000E+00
   29.740  1.0000E+00
   29.750  1.0000E+00
   29.760  1.0000E+00
   29.770  1.0000E+00
   29.780  1.0000E+00
   29.790  1.0000E+00
   29.800  1.0000E+00
   29.810  1.0000E+00
   29.820  1.0000E+00
   29.830  1.0000E+00
   29.840  1.0000E+00
   29.850  1.0000E+00
   29.860  1.0000E+00
   29.870  1.0000E+00
   29.880  1.0000E+00
   29.890  1.0000E+00
   29.900  1.0000E+00
   29.910  1.0000E+00
   29.920  1.0000E+00
   29.930  1.0000E+00
   29.940  1.0000E+00
   29.950  1.0000E+00
   29.960  1.0000E+00
   29.970  1.0000E+00
   29.980  1.0000E+00
   29.990  1.0000E+00
   30.000  1.0000E+00
   30.010  1.0000E+00
   30.020  1.0000E+00
   30.030  1.0000E+00
   30.040  1.0000E+00
   30.050  1.0000E+00
   30.060  1.0000E+00
   30.070  1.0000E+00
   30.080  1.0000E+00
   30.090  1.0000E+00
   30.100  1.0000E+00
   30.110  1.0000E+00
   30.120  1.0000E+00
   30.130  1.0000E+00
   30.140  1.0000E+00
   30.150  1.0000E+00
   30.160  1.0000E+00
   30.170  1.0000E+00
   30.180  1.0000E+00
   30.190  1.0000E+00
   30.200  1.0000E+00
   30.210  1.0000E+00
   30.220  1.0000E+00
   30.230  1.0000E+00
   30.240  1.0000E+00
   30.250  1.0000E+00
   30.260  1.0000E+00
   30.270  1.0000E+00
   30.280  1.0000E+00
   30.290  1.0000E+00
   30.300  1.0000E+00
   30.310  1.0000E+00
   30.320  1.0000E+00
   30.330  1.0000E+00
   30.340  1.0000E+00
   30.350  1.0000E+00
   30.360  1.0000E+00
   30.370  1.0000E+00
   30.380  1.0000E+00
   30.390  1.0000E+00
   30.400  1.0000E+00
   30.410  1.0000E+00
   30.420  1.0000E+00
   30.430  1.0000E+00
   30.440  1.0000E+00
   30.450  1.0000E+00
   30.460  1.0000E+00
   30.470  1.0000E+00
   30.480  1.0000E+00
   30.490  1.0000E+00
   30.500  1.0000E+00
   30.510  1.0000E+00
   30.520  1.0000E+00
   30.530  1.0000E+00
   30.540  1.0000E+00
   30.550  1.0000E+00
   30.560  1.0000E+00
   30.570  1.0000E+00
   30.580  1.0000E+00
   30.590  1.0000E+00
   30.600  1.0000E+00
   30.610  1.0000E+00
   30.620  1.0000E+00
   30.630  1.0000E+00
   30.640  1.0000E+00
   30.650  1.0000E+00
   30.660  1.0000E+00
   30.670  1.0000E+00
   30.680  1.0000E+00
   30.690  1.0000E+00
   30.700  1.0000E+00
   30.710  1.0000E+00
   30.720  1.0000E+00
   30.730  1.0000E+00
   30.740  1.0000E+00
   30.750  1.0000E+00
   30.760  1.0000E+00
   30.770  1.0000E+00
   30.780  1.0000E+00
   30.790  1.0000E+00
   30.800  1.0000E+00
   30.810  1.0000E+00
   30.820  1.0000E+00
   30.830  1.0000E+00
   30.840  1.0000E+00
   30.850  1.0000E+00
   30.860  1.0000E+00
   30.870  1.0000E+00
   30.880  1.0000E+00
   30.890  1.0000E+00
   30.900  1.0000E+00
   30.910  1.0000E+00
   30.920  1.0000E+00
   30.930  1.0000E+00
   30.940  1.0000E+00
   30.950  1.0000E+00
   30.960  1.0000E+00
   30.970  1.0000E+00
   30.980  1.0000E+00
   30.990  1.0000E+00
   31.000  1.0000E+00
   31.010  1.0000E+00
   31.020  1.0000E+00
   31.030  1.0000E+00
   31.040  1.0000E+00
   31.050  1.0000E+00
   31.060  1.0000E+00
   31.070  1.0000E+00
   31.080  1.0000E+00
   31.090  1.0000E+00
   31.100  1.0000E+00
   31.110  1.0000E+00
   31.120  1.0000E+00
   31.130  1.0000E+00
   31.140  1.0000E+00
   31.150  1.0000E+00
   31.160  1.0000E+00
   31.170  1.0000E+00
   31.180  1.0000E+00
   31.190  1.0000E+00
   31.200  1.0000E+00
   31.210  1.0000E+00
   31.220  1.0000E+00
   31.230  1.0000E+00
   31.240  1.0000E+00
   31.250  1.0000E+00
   31.260  1.0000E+00
   31.270  1.0000E+00
   31.280  1.0000E+00
   31.290  1.0000E+00
   31.300  1.0000E+00
   31.310  1.0000E+00
   31.320  1.0000E+00
   31.330  1.0000E+00
   31.340  1.0000E+00
   31.350  1.0000E+00
   31.360  1.0000E+00
   31.370  1.0000E+00
   31.380  1.0000E+00
   31.390  1.0000E+00
   31.400  1.0000E+00
   31.410  1.0000E+00
   31.420  1.0000E+00
   31.430  1.0000E+00
   31.440  1.0000E+00
   31.450  1.0000E+00
   31.460  1.0000E+00
   31.470  1.0000E+00
   31.480  1.0000E+00
   31.490  1.0000E+00
   31.500  1.0000E+00
   31.510  1.0000E+00
   31.520  1.0000E+00
   31.530  1.0000E+00
   31.540  1.0000E+00
   31.550  1.0000E+00
   31.560  1.0000E+00
   31.570  1.0000E+00
   31.580  1.0000E+00
   31.590  1.0000E+00
   31.600  1.0000E+00
   31.610  1.0000E+00
   31.620  1.0000E+00
   31.630  1.0000E+00
   31.640  1.0000E+00
   31.650  1.0000E+00
   31.660  1.0000E+00
   31.670  1.0000E+00
   31.680  1.0000E+00
   31.690  1.0000E+00
   31.700  1.0000E+00
   31.710  1.0000E+00
   31.720  1.0000E+00
   31.730  1.0000E+00
   31.740  1.0000E+00
   31.750  1.0000E+00
   31.760  1.0000E+00
   31.770  1.0000E+00
   31.780  1.0000E+00
   31.790  1.0000E+00
   31.800  1.0000E+00
   31.810  1.0000E+00
   31.820  1.0000E+00
   31.830  1.0000E+00
   31.840  1.0000E+00
   31.850  1.0000E+00
   31.860  1.0000E+00
   31.870  1.0000E+00
   31.880  1.0000E+00
   31.890  1.0000E+00
   31.900  1.0000E+00
   31.910  1.0000E+00
   31.920  1.0000E+00
   31.930  1.0000E+00
   31.940  1.0000E+00
   31.950  1.0000E+00
   31.960  1.0000E+00
   31.970  1.0000E+00
   31.980  1.0000E+00
   31.990  1.0000E+00
   32.000  1.0000E+00
   32.010  1.0000E+00
   32.020  1.0000E+00
   32.030  1.0000E+00
   32.040  1.0000E+00
   32.050  1.0000E+00
   32.060  1.0000E+00
   32.070  1.0000E+00
   32.080  1.0000E+00
   32.090  1.0000E+00
   32.100  1.0000E+00
   32.110  1.0000E+00
   32.120  1.0000E+00
   32.130  1.0000E+00
   32.140  1.0000E+00
   32.150  1.0000E+00
   32.160  1.0000E+00
   32.170  1.0000E+00
   32.180  1.0000E+00
   32.190  1.0000E+00
   32.200  1.0000E+00
   32.210  1.0000E+00
   32.220  1.0000E+00
   32.230  1.0000E+00
   32.240  1.0000E+00
   32.250  1.0000E+00
   32.260  1.0000E+00
   32.270  1.0000E+00
   32.280  1.0000E+00
   32.290  1.0000E+00
   32.300  1.0000E+00
   32.310  1.0000E+00
   32.320  1.0000E+00
   32.330  1.0000E+00
   32.340  1.0000E+00
   32.350  1.0000E+00
   32.360  1.0000E+00
   32.370  1.0000E+00
   32.380  1.0000E+00
   32.390  1.0000E+00
   32.400  1.0000E+00
   32.410  1.0000E+00
   32.420  1.0000E+00
   32.430  1.0000E+00
   32.440  1.0000E+00
   32.450  1.0000E+00
   32.460  1.0000E+00
   32.470  1.0000E+00
   32.480  1.0000E+00
   32.490  1.0000E+00
   32.500  1.0000E+00
   32.510  1.0000E+00
   32.520  1.0000E+00
   32.530  1.0000E+00
   32.540  1.0000E+00
   32.550  1.0000E+00
   32.560  1.0000E+00
   32.570  1.0000E+00
   32.580  1.0000E+00
   32.590  1.0000E+00
   32.600  1.0000E+00
   32.610  1.0000E+00
   32.620  1.0000E+00
   32.630  1.0000E+00
   32.640  1.0000E+00
   32.650  1.0000E+00
   32.660  1.0000E+00
   32.670  1.0000E+00
   32.680  1.0000E+00
   32.690  1.0000E+00
   32.700  1.0000E+00
   32.710  1.0000E+00
   32.720  1.0000E+00
   32.730  1.0000E+00
   32.740  1.0000E+00
   32.750  1.0000E+00
   32.760  1.0000E+00
   32.770  1.0000E+00
   32.780  1.0000E+00
   32.790  1.0000E+00
   32.800  1.0000E+00
   32.810  1.0000E+00
   32.820  1.0000E+00
   32.830  1.0000E+00
   32.840  1.0000E+00
   32.850  1.0000E+00
   32.860  1.0000E+00
   32.870  1.0000E+00
   32.880  1.0000E+00
   32.890  1.0000E+00
   32.900  1.0000E+00
   32.910  1.0000E+00
   32.920  1.0000E+00
   32.930  1.0000E+00
   32.940  1.0000E+00
   32.950  1.0000E+00
   32.960  1.0000E+00
   32.970  1.0000E+00
   32.980  1.0000E+00
   32.990  1.0000E+00
   33.000  1.0000E+00
   33.010  1.0000E+00
   33.020  1.0000E+00
   33.030  1.0000E+00
   33.040  1.0000E+00
   33.050  1.0000E+00
   33.060  1.0000E+00
   33.070  1.0000E+00
   33.080  1.0000E+00
   33.090  1.0000E+00
   33.100  1.0000E+00
   33.110  1.0000E+00
   33.120  1.0000E+00
   33.130  1.0000E+00
   33.140  1.0000E+00
   33.150  1.0000E+00
   33.160  1.0000E+00
   33.170  1.0000E+00
   33.180  1.0000E+00
   33.190  1.0000E+00
   33.200  1.0000E+00
   33.210  1.0000E+00
   33.220  1.0000E+00
   33.230  1.0000E+00
   33.240  1.0000E+00
   33.250  1.0000E+00
   33.260  1.0000E+00
   33.270  1.0000E+00
   33.280  1.0000E+00
   33.290  1.0000E+00
   33.300  1.0000E+00
   33.310  1.0000E+00
   33.320  1.0000E+00
   33.330  1.0000E+00
   33.340  1.0000E+00
   33.350  1.0000E+00
   33.360  1.0000E+00
   33.370  1.0000E+00
   33.380  1.0000E+00
   33.390  1.0000E+00
   33.400  1.0000E+00
   33.410  1.0000E+00
   33.420  1.0000E+00
   33.430  1.0000E+00
   33.440  1.0000E+00
   33.450  1.0000E+00
   33.460  1.0000E+00
   33.470  1.0000E+00
   33.480  1.0000E+00
   33.490  1.0000E+00
   33.500  1.0000E+00
   33.510  1.0000E+00
   33.520  1.0000E+00
   33.530  1.0000E+00
   33.540  1.0000E+00
   33.550  1.0000E+00
   33.560  1.0000E+00
   33.570  1.0000E+00
   33.580  1.0000E+00
   33.590  1.0000E+00
   33.600  1.0000E+00
   33.610  1.0000E+00
   33.620  1.0000E+00
   33.630  1.0000E+00
   33.640  1.0000E+00
   33.650  1.0000E+00
   33.660  1.0000E+00
   33.670  1.0000E+00
   33.680  1.0000E+00
   33.690  1.0000E+00
   33.700  1.0000E+00
   33.710  1.0000E+00
   33.720  1.0000E+00
   33.730  1.0000E+00
   33.740  1.0000E+00
   33.750  1.0000E+00
   33.760  1.0000E+00
   33.770  1.0000E+00
   33.780  1.0000E+00
   33.790  1.0000E+00
   33.800  1.0000E+00
   33.810  1.0000E+00
   33.820  1.0000E+00
   33.830  1.0000E+00
   33.840  1.0000E+00
   33.850  1.0000E+00
   33.860  1.0000E+00
   33.870  1.0000E+00
   33.880  1.0000E+00
   33.890  1.0000E+00
   33.900  1.0000E+00
   33.910  1.0000E+00
   33.920  1.0000E+00
   33.930  1.0000E+00
   33.940  1.0000E+00
   33.950  1.0000E+00
   33.960  1.0000E+00
   33.970  1.0000E+00
   33.980  1.0000E+00
   33.990  1.0000E+00
   34.000  1.0000E+00
   34.010  1.0000E+00
   34.020  1.0000E+00
   34.030  1.0000E+00
   34.040  1.0000E+00
   34.050  1.0000E+00
   34.060  1.0000E+00
   34.070  1.0000E+00
   34.080  1.0000E+00
   34.090  1.0000E+00
   34.100  1.0000E+00
   34.110  1.0000E+00
   34.120  1.0000E+00
   34.130  1.0000E+00
   34.140  1.0000E+00
   34.150  1.0000E+00
   34.160  1.0000E+00
   34.170  1.0000E+00
   34.180  1.0000E+00
   34.190  1.0000E+00
   34.200  1.0000E+00
   34.210  1.0000E+00
   34.220  1.0000E+00
   34.230  1.0000E+00
   34.240  1.0000E+00
   34.250  1.0000E+00
   34.260  1.0000E+00
   34.270  1.0000E+00
   34.280  1.0000E+00
   34.290  1.0000E+00
   34.300  1.0000E+00
   34.310  1.0000E+00
   34.320  1.0000E+00
   34.330  1.0000E+00
   34.340  1.0000E+00
   34.350  1.0000E+00
   34.360  1.0000E+00
   34.370  1.0000E+00
   34.380  1.0000E+00
   34.390  1.0000E+00
   34.400  1.0000E+00
   34.410  1.0000E+00
   34.420  1.0000E+00
   34.430  1.0000E+00
   34.440  1.0000E+00
   34.450  1.0000E+00
   34.460  1.0000E+00
   34.470  1.0000E+00
   34.480  1.0000E+00
   34.490  1.0000E+00
   34.500  1.0000E+00
   34.510  1.0000E+00
   34.520  1.0000E+00
   34.530  1.0000E+00
   34.540  1.0000E+00
   34.550  1.0000E+00
   34.560  1.0000E+00
   34.570  1.0000E+00
   34.580  1.0000E+00
   34.590  1.0000E+00
   34.600  1.0000E+00
   34.610  1.0000E+00
   34.620  1.0000E+00
   34.630  1.0000E+00
   34.640  1.0000E+00
   34.650  1.0000E+00
   34.660  1.0000E+00
   34.670  1.0000E+00
   34.680  1.0000E+00
   34.690  1.0000E+00
   34.700  1.0000E+00
   34.710  1.0000E+00
   34.720  1.0000E+00
   34.730  1.0000E+00
   34.740  1.0000E+00
   34.750  1.0000E+00
   34.760  1.0000E+00
   34.770  1.0000E+00
   34.780  1.0000E+00
   34.790  1.0000E+00
   34.800  1.0000E+00
   34.810  1.0000E+00
   34.820  1.0000E+00
   34.830  1.0000E+00
   34.840  1.0000E+00
   34.850  1.0000E+00
   34.860  1.0000E+00
   34.870  1.0000E+00
   34.880  1.0000E+00
   34.890  1.0000E+00
   34.900  1.0000E+00
   34.910  1.0000E+00
   34.920  1.0000E+00
   34.930  1.0000E+00
   34.940  1.0000E+00
   34.950  1.0000E+00
   34.960  1.0000E+00
   34.970  1.0000E+00
   34.980  1.0000E+00
   34.990  1.0000E+00
   35.000  1.0000E+00
   35.010  1.0000E+00
   35.020  1.0000E+00
   35.030  1.0000E+00
   35.040  1.0000E+00
   35.050  1.0000E+00
   35.060  1.0000E+00
   35.070  1.0000E+00
   35.080  1.0000E+00
   35.090  1.0000E+00
   35.100  1.0000E+00
   35.110  1.0000E+00
   35.120  1.0000E+00
   35.130  1.0000E+00
   35.140  1.0000E+00
   35.150  1.0000E+00
   35.160  1.0000E+00
   35.170  1.0000E+00
   35.180  1.0000E+00
   35.190  1.0000E+00
   35.200  1.0000E+00
   35.210  1.0000E+00
   35.220  1.0000E+00
   35.230  1.0000E+00
   35.240  1.0000E+00
   35.250  1.0000E+00
   35.260  1.0000E+00
   35.270  1.0000E+00
   35.280  1.0000E+00
   35.290  1.0000E+00
   35.300  1.0000E+00
   35.310  1.0000E+00
   35.320  1.0000E+00
   35.330  1.0000E+00
   35.340  1.0000E+00
   35.350  1.0000E+00
   35.360  1.0000E+00
   35.370  1.0000E+00
   35.380  1.0000E+00
   35.390  1.0000E+00
   35.400  1.0000E+00
   35.410  1.0000E+00
   35.420  1.0000E+00
   35.430  1.0000E+00
   35.440  1.0000E+00
   35.450  1.0000E+00
   35.460  1.0000E+00
   35.470  1.0000E+00
   35.480  1.0000E+00
   35.490  1.0000E+00
   35.500  1.0000E+00
   35.510  1.0000E+00
   35.520  1.0000E+00
   35.530  1.0000E+00
   35.540  1.0000E+00
   35.550  1.0000E+00
   35.560  1.0000E+00
   35.570  1.0000E+00
   35.580  1.0000E+00
   35.590  1.0000E+00
   35.600  1.0000E+00
   35.610  1.0000E+00
   35.620  1.0000E+00
   35.630  1.0000E+00
   35.640  1.0000E+00
   35.650  1.0000E+00
   35.660  1.0000E+00
   35.670  1.0000E+00
   35.680  1.0000E+00
   35.690  1.0000E+00
   35.700  1.0000E+00
   35.710  1.0000E+00
   35.720  1.0000E+00
   35.730  1.0000E+00
   35.740  1.0000E+00
   35.750  1.0000E+00
   35.760  1.0000E+00
   35.770  1.0000E+00
   35.780  1.0000E+00
   35.790  1.0000E+00
   35.800  1.0000E+00
   35.810  1.0000E+00
   35.820  1.0000E+00
   35.830  1.0000E+00
   35.840  1.0000E+00
   35.850  1.0000E+00
   35.860  1.0000E+00
   35.870  1.0000E+00
   35.880  1.0000E+00
   35.890  1.0000E+00
   35.900  1.0000E+00
   35.910  1.0000E+00
   35.920  1.0000E+00
   35.930  1.0000E+00
   35.940  1.0000E+00
   35.950  1.0000E+00
   35.960  1.0000E+00
   35.970  1.0000E+00
   35.980  1.0000E+00
   35.990  1.0000E+00
   36.000  1.0000E+00
   36.010  1.0000E+00
   36.020  1.0000E+00
   36.030  1.0000E+00
   36.040  1.0000E+00
   36.050  1.0000E+00
   36.060  1.0000E+00
   36.070  1.0000E+00
   36.080  1.0000E+00
   36.090  1.0000E+00
   36.100  1.0000E+00
   36.110  1.0000E+00
   36.120  1.0000E+00
   36.130  1.0000E+00
   36.140  1.0000E+00
   36.150  1.0000E+00
   36.160  1.0000E+00
   36.170  1.0000E+00
   36.180  1.0000E+00
   36.190  1.0000E+00
   36.200  1.0000E+00
   36.210  1.0000E+00
   36.220  1.0000E+00
   36.230  1.0000E+00
   36.240  1.0000E+00
   36.250  1.0000E+00
   36.260  1.0000E+00
   36.270  1.0000E+00
   36.280  1.0000E+00
   36.290  1.0000E+00
   36.300  1.0000E+00
   36.310  1.0000E+00
   36.320  1.0000E+00
   36.330  1.0000E+00
   36.340  1.0000E+00
   36.350  1.0000E+00
   36.360  1.0000E+00
   36.370  1.0000E+00
   36.380  1.0000E+00
   36.390  1.0000E+00
   36.400  1.0000E+00
   36.410  1.0000E+00
   36.420  1.0000E+00
   36.430  1.0000E+00
   36.440  1.0000E+00
   36.450  1.0000E+00
   36.460  1.0000E+00
   36.470  1.0000E+00
   36.480  1.0000E+00
   36.490  1.0000E+00
   36.500  1.0000E+00
   36.510  1.0000E+00
   36.520  1.0000E+00
   36.530  1.0000E+00
   36.540  1.0000E+00
   36.550  1.0000E+00
   36.560  1.0000E+00
   36.570  1.0000E+00
   36.580  1.0000E+00
   36.590  1.0000E+00
   36.600  1.0000E+00
   36.610  1.0000E+00
   36.620  1.0000E+00
   36.630  1.0000E+00
   36.640  1.0000E+00
   36.650  1.0000E+00
   36.660  1.0000E+00
   36.670  1.0000E+00
   36.680  1.0000E+00
   36.690  1.0000E+00
   36.700  1.0000E+00
   36.710  1.0000E+00
   36.720  1.0000E+00
   36.730  1.0000E+00
   36.740  1.0000E+00
   36.750  1.0000E+00
   36.760  1.0000E+00
   36.770  1.0000E+00
   36.780  1.0000E+00
   36.790  1.0000E+00
   36.800  1.0000E+00
   36.810  1.0000E+00
   36.820  1.0000E+00
   36.830  1.0000E+00
   36.840  1.0000E+00
   36.850  1.0000E+00
   36.860  1.0000E+00
   36.870  1.0000E+00
   36.880  1.0000E+00
   36.890  1.0000E+00
   36.900  1.0000E+00
   36.910  1.0000E+00
   36.920  1.0000E+00
   36.930  1.0000E+00
   36.940  1.0000E+00
   36.950  1.0000E+00
   36.960  1.0000E+00
   36.970  1.0000E+00
   36.980  1.0000E+00
   36.990  1.0000E+00
   37.000  1.0000E+00
   37.010  1.0000E+00
   37.020  1.0000E+00
   37.030  1.0000E+00
   37.040  1.0000E+00
   37.050  1.0000E+00
   37.060  1.0000E+00
   37.070  1.0000E+00
   37.080  1.0000E+00
   37.090  1.0000E+00
   37.100  1.0000E+00
   37.110  1.0000E+00
   37.120  1.0000E+00
   37.130  1.0000E+00
   37.140  1.0000E+00
   37.150  1.0000E+00
   37.160  1.0000E+00
   37.170  1.0000E+00
   37.180  1.0000E+00
   37.190  1.0000E+00
   37.200  1.0000E+00
   37.210  1.0000E+00
   37.220  1.0000E+00
   37.230  1.0000E+00
   37.240  1.0000E+00
   37.250  1.0000E+00
   37.260  1.0000E+00
   37.270  1.0000E+00
   37.280  1.0000E+00
   37.290  1.0000E+00
   37.300  1.0000E+00
   37.310  1.0000E+00
   37.320  1.0000E+00
   37.330  1.0000E+00
   37.340  1.0000E+00
   37.350  1.0000E+00
   37.360  1.0000E+00
   37.370  1.0000E+00
   37.380  1.0000E+00
   37.390  1.0000E+00
   37.400  1.0000E+00
   37.410  1.0000E+00
   37.420  1.0000E+00
   37.430  1.0000E+00
   37.440  1.0000E+00
   37.450  1.0000E+00
   37.460  1.0000E+00
   37.470  1.0000E+00
   37.480  1.0000E+00
   37.490  1.0000E+00
   37.500  1.0000E+00
   37.510  1.0000E+00
   37.520  1.0000E+00
   37.530  1.0000E+00
   37.540  1.0000E+00
   37.550  1.0000E+00
   37.560  1.0000E+00
   37.570  1.0000E+00
   37.580  1.0000E+00
   37.590  1.0000E+00
   37.600  1.0000E+00
   37.610  1.0000E+00
   37.620  1.0000E+00
   37.630  1.0000E+00
   37.640  1.0000E+00
   37.650  1.0000E+00
   37.660  1.0000E+00
   37.670  1.0000E+00
   37.680  1.0000E+00
   37.690  1.0000E+00
   37.700  1.0000E+00
   37.710  1.0000E+00
   37.720  1.0000E+00
   37.730  1.0000E+00
   37.740  1.0000E+00
   37.750  1.0000E+00
   37.760  1.0000E+00
   37.770  1.0000E+00
   37.780  1.0000E+00
   37.790  1.0000E+00
   37.800  1.0000E+00
   37.810  1.0000E+00
   37.820  1.0000E+00
   37.830  1.0000E+00
   37.840  1.0000E+00
   37.850  1.0000E+00
   37.860  1.0000E+00
   37.870  1.0000E+00
   37.880  1.0000E+00
   37.890  1.0000E+00
   37.900  1.0000E+00
   37.910  1.0000E+00
   37.920  1.0000E+00
   37.930  1.0000E+00
   37.940  1.0000E+00
   37.950  1.0000E+00
   37.960  1.0000E+00
   37.970  1.0000E+00
   37.980  1.0000E+00
   37.990  1.0000E+00
   38.000  1.0000E+00
   38.010  1.0000E+00
   38.020  1.0000E+00
   38.030  1.0000E+00
   38.040  1.0000E+00
   38.050  1.0000E+00
   38.060  1.0000E+00
   38.070  1.0000E+00
   38.080  1.0000E+00
   38.090  1.0000E+00
   38.100  1.0000E+00
   38.110  1.0000E+00
   38.120  1.0000E+00
   38.130  1.0000E+00
   38.140  1.0000E+00
   38.150  1.0000E+00
   38.160  1.0000E+00
   38.170  1.0000E+00
   38.180  1.0000E+00
   38.190  1.0000E+00
   38.200  1.0000E+00
   38.210  1.0000E+00
   38.220  1.0000E+00
   38.230  1.0000E+00
   38.240  1.0000E+00
   38.250  1.0000E+00
   38.260  1.0000E+00
   38.270  1.0000E+00
   38.280  1.0000E+00
   38.290  1.0000E+00
   38.300  1.0000E+00
   38.310  1.0000E+00
   38.320  1.0000E+00
   38.330  1.0000E+00
   38.340  1.0000E+00
   38.350  1.0000E+00
   38.360  1.0000E+00
   38.370  1.0000E+00
   38.380  1.0000E+00
   38.390  1.0000E+00
   38.400  1.0000E+00
   38.410  1.0000E+00
   38.420  1.0000E+00
   38.430  1.0000E+00
   38.440  1.0000E+00
   38.450  1.0000E+00
   38.460  1.0000E+00
   38.470  1.0000E+00
   38.480  1.0000E+00
   38.490  1.0000E+00
   38.500  1.0000E+00
   38.510  1.0000E+00
   38.520  1.0000E+00
   38.530  1.0000E+00
   38.540  1.0000E+00
   38.550  1.0000E+00
   38.560  1.0000E+00
   38.570  1.0000E+00
   38.580  1.0000E+00
   38.590  1.0000E+00
   38.600  1.0000E+00
   38.610  1.0000E+00
   38.620  1.0000E+00
   38.630  1.0000E+00
   38.640  1.0000E+00
   38.650  1.0000E+00
   38.660  1.0000E+00
   38.670  1.0000E+00
   38.680  1.0000E+00
   38.690  1.0000E+00
   38.700  1.0000E+00
   38.710  1.0000E+00
   38.720  1.0000E+00
   38.730  1.0000E+00
   38.740  1.0000E+00
   38.750  1.0000E+00
   38.760  1.0000E+00
   38.770  1.0000E+00
   38.780  1.0000E+00
   38.790  1.0000E+00
   38.800  1.0000E+00
   38.810  1.0000E+00
   38.820  1.0000E+00
   38.830  1.0000E+00
   38.840  1.0000E+00
   38.850  1.0000E+00
   38.860  1.0000E+00
   38.870  1.0000E+00
   38.880  1.0000E+00
   38.890  1.0000E+00
   38.900  1.0000E+00
   38.910  1.0000E+00
   38.920  1.0000E+00
   38.930  1.0000E+00
   38.940  1.0000E+00
   38.950  1.0000E+00
   38.960  1.0000E+00
   38.970  1.0000E+00
   38.980  1.0000E+00
   38.990  1.0000E+00
   39.000  1.0000E+00
   39.010  1.0000E+00
   39.020  1.0000E+00
   39.030  1.0000E+00
   39.040  1.0000E+00
   39.050  1.0000E+00
   39.060  1.0000E+00
   39.070  1.0000E+00
   39.080  1.0000E+00
   39.090  1.0000E+00
   39.100  1.0000E+00
   39.110  1.0000E+00
   39.120  1.0000E+00
   39.130  1.0000E+00
   39.140  1.0000E+00
   39.150  1.0000E+00
   39.160  1.0000E+00
   39.170  1.0000E+00
   39.180  1.0000E+00
   39.190  1.0000E+00
   39.200  1.0000E+00
   39.210  1.0000E+00
   39.220  1.0000E+00
   39.230  1.0000E+00
   39.240  1.0000E+00
   39.250  1.0000E+00
   39.260  1.0000E+00
   39.270  1.0000E+00
   39.280  1.0000E+00
   39.290  1.0000E+00
   39.300  1.0000E+00
   39.310  1.0000E+00
   39.320  1.0000E+00
   39.330  1.0000E+00
   39.340  1.0000E+00
   39.350  1.0000E+00
   39.360  1.0000E+00
   39.370  1.0000E+00
   39.380  1.0000E+00
   39.390  1.0000E+00
   39.400  1.0000E+00
   39.410  1.0000E+00
   39.420  1.0000E+00
   39.430  1.0000E+00
   39.440  1.0000E+00
   39.450  1.0000E+00
   39.460  1.0000E+00
   39.470  1.0000E+00
   39.480  1.0000E+00
   39.490  1.0000E+00
   39.500  1.0000E+00
   39.510  1.0000E+00
   39.520  1.0000E+00
   39.530  1.0000E+00
   39.540  1.0000E+00
   39.550  1.0000E+00
   39.560  1.0000E+00
   39.570  1.0000E+00
   39.580  1.0000E+00
   39.590  1.0000E+00
   39.600  1.0000E+00
   39.610  1.0000E+00
   39.620  1.0000E+00
   39.630  1.0000E+00
   39.640  1.0000E+00
   39.650  1.0000E+00
   39.660  1.0000E+00
   39.670  1.0000E+00
   39.680  1.0000E+00
   39.690  1.0000E+00
   39.700  1.0000E+00
   39.710  1.0000E+00
   39.720  1.0000E+00
   39.730  1.0000E+00
   39.740  1.0000E+00
   39.750  1.0000E+00
   39.760  1.0000E+00
   39.770  1.0000E+00
   39.780  1.0000E+00
   39.790  1.0000E+00
   39.800  1.0000E+00
   39.810  1.0000E+00
   39.820  1.0000E+00
   39.830  1.0000E+00
   39.840  1.0000E+00
   39.850  1.0000E+00
   39.860  1.0000E+00
   39.870  1.0000E+00
   39.880  1.0000E+00
   39.890  1.0000E+00
   39.900  1.0000E+00
   39.910  1.0000E+00
   39.920  1.0000E+00
   39.930  1.0000E+00
   39.940  1.0000E+00
   39.950  1.0000E+00
   39.960  1.0000E+00
   39.970  1.0000E+00
   39.980  1.0000E+00
   39.990  1.0000E+00
   40.000  1.0000E+00
   40.010  1.0000E+00
   40.020  1.0000E+00
   40.030  1.0000E+00
   40.040  1.0000E+00
   40.050  1.0000E+00
   40.060  1.0000E+00
   40.070  1.0000E+00
   40.080  1.0000E+00
   40.090  1.0000E+00
   40.100  1.0000E+00
   40.110  1.0000E+00
   40.120  1.0000E+00
   40.130  1.0000E+00
   40.140  1.0000E+00
   40.150  1.0000E+00
   40.160  1.0000E+00
   40.170  1.0000E+00
   40.180  1.0000E+00
   40.190  1.0000E+00
   40.200  1.0000E+00
   40.210  1.0000E+00
   40.220  1.0000E+00
   40.230  1.0000E+00
   40.240  1.0000E+00
   40.250  1.0000E+00
   40.260  1.0000E+00
   40.270  1.0000E+00
   40.280  1.0000E+00
   40.290  1.0000E+00
   40.300  1.0000E+00
   40.310  1.0000E+00
   40.320  1.0000E+00
   40.330  1.0000E+00
   40.340  1.0000E+00
   40.350  1.0000E+00
   40.360  1.0000E+00
   40.370  1.0000E+00
   40.380  1.0000E+00
   40.390  1.0000E+00
   40.400  1.0000E+00
   40.410  1.0000E+00
   40.420  1.0000E+00
   40.430  1.0000E+00
   40.440  1.0000E+00
   40.450  1.0000E+00
   40.460  1.0000E+00
   40.470  1.0000E+00
   40.480  1.0000E+00
   40.490  1.0000E+00
   40.500  1.0000E+00
   40.510  1.0000E+00
   40.520  1.0000E+00
   40.530  1.0000E+00
   40.540  1.0000E+00
   40.550  1.0000E+00
   40.560  1.0000E+00
   40.570  1.0000E+00
   40.580  1.0000E+00
   40.590  1.0000E+00
   40.600  1.0000E+00
   40.610  1.0000E+00
   40.620  1.0000E+00
   40.630  1.0000E+00
   40.640  1.0000E+00
   40.650  1.0000E+00
   40.660  1.0000E+00
   40.670  1.0000E+00
   40.680  1.0000E+00
   40.690  1.0000E+00
   40.700  1.0000E+00
   40.710  1.0000E+00
   40.720  1.0000E+00
   40.730  1.0000E+00
   40.740  1.0000E+00
   40.750  1.0000E+00
   40.760  1.0000E+00
   40.770  1.0000E+00
   40.780  1.0000E+00
   40.790  1.0000E+00
   40.800  1.0000E+00
   40.810  1.0000E+00
   40.820  1.0000E+00
   40.830  1.0000E+00
   40.840  1.0000E+00
   40.850  1.0000E+00
   40.860  1.0000E+00
   40.870  1.0000E+00
   40.880  1.0000E+00
   40.890  1.0000E+00
   40.900  1.0000E+00
   40.910  1.0000E+00
   40.920  1.0000E+00
   40.930  1.0000E+00
   40.940  1.0000E+00
   40.950  1.0000E+00
