 itr  i0  j0   i   j t_arrive(i0,j0) t_arrive_min t_arrive(i,j) risetime(i,j) risetime_max dur_path(i,j) dur_sub(i,j) t_arrive(i,j)+dur_sub(i,j) imx jmx t_arrive(imax,jmax) dur_sub(imax,jmax) t_arrive(imax,jmax)+dur_sub(imax,jmax) risetime_max t_end_max
   1   3   7   1   1             2.8          2.8           6.2           2.9          2.9          0.00         2.95                        9.1  13   9                14.4                5.1                                   19.4          2.9      19.4
   1   3   7   1   2             2.8          2.8           5.4           2.9          2.9          0.00         2.93                        8.3  13   9                14.4                5.1                                   19.4          2.9      19.4
   1   3   7   1   3             2.8          2.8           4.7           2.8          2.9          0.00         2.80                        7.5  13   9                14.4                5.1                                   19.4          2.9      19.4
   1   3   7   1   4             2.8          2.8           4.3           2.5          2.9          0.00         2.54                        6.9  13   9                14.4                5.1                                   19.4          2.9      19.4
   1   3   7   1   5             2.8          2.8           4.1           2.3          2.9          0.00         2.25                        6.4  13   9                14.4                5.1                                   19.4          2.9      19.4
   1   3   7   1   6             2.8          2.8           4.1           2.3          2.9          0.00         2.25                        6.3  13   9                14.4                5.1                                   19.4          2.9      19.4
   1   3   7   1   7             2.8          2.8           4.4           2.3          2.9          0.14         2.40                        6.7  13   9                14.4                5.1                                   19.4          2.9      19.4
   1   3   7   1   8             2.8          2.8           5.0           2.3          2.9          0.43         2.68                        7.7  13   9                14.4                5.1                                   19.4          2.9      19.4
   1   3   7   1   9             2.8          2.8           5.9           2.3          2.9          0.73         2.98                        8.9  13   9                14.4                5.1                                   19.4          2.9      19.4
   1   3   7   2   1             2.8          2.8           5.9           2.9          2.9          0.00         2.95                        8.8  13   9                14.4                5.1                                   19.4          2.9      19.4
   1   3   7   2   2             2.8          2.8           5.0           2.9          2.9          0.00         2.93                        7.9  13   9                14.4                5.1                                   19.4          2.9      19.4
   1   3   7   2   3             2.8          2.8           4.3           2.8          2.9          0.00         2.80                        7.1  13   9                14.4                5.1                                   19.4          2.9      19.4
   1   3   7   2   4             2.8          2.8           3.9           2.5          2.9          0.00         2.54                        6.4  13   9                14.4                5.1                                   19.4          2.9      19.4
   1   3   7   2   5             2.8          2.8           3.6           2.3          2.9          0.00         2.25                        5.8  13   9                14.4                5.1                                   19.4          2.9      19.4
   1   3   7   2   6             2.8          2.8           3.4           1.6          2.9          0.00         1.60                        5.0  13   9                14.4                5.1                                   19.4          2.9      19.4
   1   3   7   2   7             2.8          2.8           3.5           1.6          2.9          0.10         1.70                        5.2  13   9                14.4                5.1                                   19.4          2.9      19.4
   1   3   7   2   8             2.8          2.8           4.3           1.6          2.9          0.39         1.99                        6.3  13   9                14.4                5.1                                   19.4          2.9      19.4
   1   3   7   2   9             2.8          2.8           5.4           2.3          2.9          0.69         2.94                        8.4  13   9                14.4                5.1                                   19.4          2.9      19.4
   1   3   7   3   1             2.8          2.8           5.8           2.9          2.9          0.00         2.95                        8.8  13   9                14.4                5.1                                   19.4          2.9      19.4
   1   3   7   3   2             2.8          2.8           5.0           2.9          2.9          0.00         2.93                        7.9  13   9                14.4                5.1                                   19.4          2.9      19.4
   1   3   7   3   3             2.8          2.8           4.3           2.8          2.9          0.00         2.80                        7.1  13   9                14.4                5.1                                   19.4          2.9      19.4
   1   3   7   3   4             2.8          2.8           3.8           2.5          2.9          0.00         2.54                        6.3  13   9                14.4                5.1                                   19.4          2.9      19.4
   1   3   7   3   5             2.8          2.8           3.4           2.3          2.9          0.00         2.25                        5.7  13   9                14.4                5.1                                   19.4          2.9      19.4
   1   3   7   3   6             2.8          2.8           3.1           1.6          2.9          0.00         1.60                        4.7  13   9                14.4                5.1                                   19.4          2.9      19.4
   1   3   7   3   7             2.8          2.8           2.8           0.8          2.9          0.11         0.88                        3.7  13   9                14.4                5.1                                   19.4          2.9      19.4
   1   3   7   3   8             2.8          2.8           4.0           1.6          2.9          0.40         2.01                        6.0  13   9                14.4                5.1                                   19.4          2.9      19.4
   1   3   7   3   9             2.8          2.8           5.3           2.3          2.9          0.70         2.95                        8.2  13   9                14.4                5.1                                   19.4          2.9      19.4
   1   3   7   4   1             2.8          2.8           6.1           2.9          2.9          0.00         2.95                        9.1  13   9                14.4                5.1                                   19.4          2.9      19.4
   1   3   7   4   2             2.8          2.8           5.3           2.9          2.9          0.00         2.93                        8.2  13   9                14.4                5.1                                   19.4          2.9      19.4
   1   3   7   4   3             2.8          2.8           4.6           2.8          2.9          0.00         2.80                        7.4  13   9                14.4                5.1                                   19.4          2.9      19.4
   1   3   7   4   4             2.8          2.8           4.1           2.5          2.9          0.00         2.54                        6.7  13   9                14.4                5.1                                   19.4          2.9      19.4
   1   3   7   4   5             2.8          2.8           3.8           2.3          2.9          0.00         2.25                        6.0  13   9                14.4                5.1                                   19.4          2.9      19.4
   1   3   7   4   6             2.8          2.8           3.5           1.6          2.9          0.00         1.60                        5.1  13   9                14.4                5.1                                   19.4          2.9      19.4
   1   3   7   4   7             2.8          2.8           3.7           1.6          2.9          0.18         1.79                        5.5  13   9                14.4                5.1                                   19.4          2.9      19.4
   1   3   7   4   8             2.8          2.8           4.4           1.6          2.9          0.47         2.07                        6.5  13   9                14.4                5.1                                   19.4          2.9      19.4
   1   3   7   4   9             2.8          2.8           5.5           2.3          2.9          0.76         3.01                        8.5  13   9                14.4                5.1                                   19.4          2.9      19.4
   1   3   7   5   1             2.8          2.8           6.7           2.9          2.9          0.00         2.95                        9.6  13   9                14.4                5.1                                   19.4          2.9      19.4
   1   3   7   5   2             2.8          2.8           5.9           2.9          2.9          0.00         2.93                        8.8  13   9                14.4                5.1                                   19.4          2.9      19.4
   1   3   7   5   3             2.8          2.8           5.2           2.8          2.9          0.00         2.80                        8.0  13   9                14.4                5.1                                   19.4          2.9      19.4
   1   3   7   5   4             2.8          2.8           4.8           2.5          2.9          0.00         2.54                        7.3  13   9                14.4                5.1                                   19.4          2.9      19.4
   1   3   7   5   5             2.8          2.8           4.5           2.3          2.9          0.00         2.25                        6.7  13   9                14.4                5.1                                   19.4          2.9      19.4
   1   3   7   5   6             2.8          2.8           4.4           2.3          2.9          0.06         2.31                        6.7  13   9                14.4                5.1                                   19.4          2.9      19.4
   1   3   7   5   7             2.8          2.8           4.6           2.3          2.9          0.31         2.56                        7.2  13   9                14.4                5.1                                   19.4          2.9      19.4
   1   3   7   5   8             2.8          2.8           5.2           2.3          2.9          0.57         2.83                        8.1  13   9                14.4                5.1                                   19.4          2.9      19.4
   1   3   7   5   9             2.8          2.8           6.1           2.3          2.9          0.85         3.10                        9.2  13   9                14.4                5.1                                   19.4          2.9      19.4
   1   3   7   6   1             2.8          2.8           7.4           2.9          2.9          0.00         2.95                       10.3  13   9                14.4                5.1                                   19.4          2.9      19.4
   1   3   7   6   2             2.8          2.8           6.6           2.9          2.9          0.00         2.93                        9.5  13   9                14.4                5.1                                   19.4          2.9      19.4
   1   3   7   6   3             2.8          2.8           6.0           2.8          2.9          0.00         2.80                        8.8  13   9                14.4                5.1                                   19.4          2.9      19.4
   1   3   7   6   4             2.8          2.8           5.6           2.5          2.9          0.00         2.54                        8.2  13   9                14.4                5.1                                   19.4          2.9      19.4
   1   3   7   6   5             2.8          2.8           5.4           2.5          2.9          0.06         2.60                        8.0  13   9                14.4                5.1                                   19.4          2.9      19.4
   1   3   7   6   6             2.8          2.8           5.4           2.5          2.9          0.25         2.79                        8.2  13   9                14.4                5.1                                   19.4          2.9      19.4
   1   3   7   6   7             2.8          2.8           5.6           2.5          2.9          0.47         3.02                        8.7  13   9                14.4                5.1                                   19.4          2.9      19.4
   1   3   7   6   8             2.8          2.8           6.2           2.5          2.9          0.72         3.26                        9.4  13   9                14.4                5.1                                   19.4          2.9      19.4
   1   3   7   6   9             2.8          2.8           6.9           2.5          2.9          0.98         3.53                       10.5  13   9                14.4                5.1                                   19.4          2.9      19.4
   1   3   7   7   1             2.8          2.8           8.2           2.9          2.9          0.12         3.07                       11.2  13   9                14.4                5.1                                   19.4          2.9      19.4
   1   3   7   7   2             2.8          2.8           7.5           2.9          2.9          0.08         3.01                       10.5  13   9                14.4                5.1                                   19.4          2.9      19.4
   1   3   7   7   3             2.8          2.8           7.0           2.8          2.9          0.10         2.89                        9.9  13   9                14.4                5.1                                   19.4          2.9      19.4
   1   3   7   7   4             2.8          2.8           6.6           2.8          2.9          0.17         2.97                        9.6  13   9                14.4                5.1                                   19.4          2.9      19.4
   1   3   7   7   5             2.8          2.8           6.4           2.8          2.9          0.30         3.10                        9.5  13   9                14.4                5.1                                   19.4          2.9      19.4
   1   3   7   7   6             2.8          2.8           6.5           2.8          2.9          0.47         3.27                        9.7  13   9                14.4                5.1                                   19.4          2.9      19.4
   1   3   7   7   7             2.8          2.8           6.7           2.8          2.9          0.67         3.47                       10.2  13   9                14.4                5.1                                   19.4          2.9      19.4
   1   3   7   7   8             2.8          2.8           7.2           2.8          2.9          0.90         3.70                       10.9  13   9                14.4                5.1                                   19.4          2.9      19.4
   1   3   7   7   9             2.8          2.8           7.8           2.8          2.9          1.15         3.94                       11.8  13   9                14.4                5.1                                   19.4          2.9      19.4
   1   3   7   8   1             2.8          2.8           9.1           2.9          2.9          0.41         3.35                       12.4  13   9                14.4                5.1                                   19.4          2.9      19.4
   1   3   7   8   2             2.8          2.8           8.5           2.9          2.9          0.37         3.30                       11.8  13   9                14.4                5.1                                   19.4          2.9      19.4
   1   3   7   8   3             2.8          2.8           8.0           2.9          2.9          0.39         3.32                       11.3  13   9                14.4                5.1                                   19.4          2.9      19.4
   1   3   7   8   4             2.8          2.8           7.7           2.9          2.9          0.45         3.38                       11.1  13   9                14.4                5.1                                   19.4          2.9      19.4
   1   3   7   8   5             2.8          2.8           7.6           2.9          2.9          0.56         3.49                       11.0  13   9                14.4                5.1                                   19.4          2.9      19.4
   1   3   7   8   6             2.8          2.8           7.6           2.9          2.9          0.72         3.64                       11.2  13   9                14.4                5.1                                   19.4          2.9      19.4
   1   3   7   8   7             2.8          2.8           7.8           2.9          2.9          0.90         3.83                       11.6  13   9                14.4                5.1                                   19.4          2.9      19.4
   1   3   7   8   8             2.8          2.8           8.2           2.9          2.9          1.11         4.03                       12.3  13   9                14.4                5.1                                   19.4          2.9      19.4
   1   3   7   8   9             2.8          2.8           8.8           2.9          2.9          1.34         4.26                       13.1  13   9                14.4                5.1                                   19.4          2.9      19.4
   1   3   7   9   1             2.8          2.8          10.1           2.9          2.9          0.70         3.65                       13.7  13   9                14.4                5.1                                   19.4          2.9      19.4
   1   3   7   9   2             2.8          2.8           9.5           2.9          2.9          0.67         3.62                       13.1  13   9                14.4                5.1                                   19.4          2.9      19.4
   1   3   7   9   3             2.8          2.8           9.1           2.9          2.9          0.69         3.63                       12.7  13   9                14.4                5.1                                   19.4          2.9      19.4
   1   3   7   9   4             2.8          2.8           8.8           2.9          2.9          0.74         3.69                       12.5  13   9                14.4                5.1                                   19.4          2.9      19.4
   1   3   7   9   5             2.8          2.8           8.7           2.9          2.9          0.84         3.79                       12.5  13   9                14.4                5.1                                   19.4          2.9      19.4
   1   3   7   9   6             2.8          2.8           8.7           2.9          2.9          0.98         3.92                       12.7  13   9                14.4                5.1                                   19.4          2.9      19.4
   1   3   7   9   7             2.8          2.8           9.0           2.9          2.9          1.14         4.09                       13.0  13   9                14.4                5.1                                   19.4          2.9      19.4
   1   3   7   9   8             2.8          2.8           9.3           2.9          2.9          1.33         4.28                       13.6  13   9                14.4                5.1                                   19.4          2.9      19.4
   1   3   7   9   9             2.8          2.8           9.9           2.9          2.9          1.55         4.49                       14.4  13   9                14.4                5.1                                   19.4          2.9      19.4
   1   3   7  10   1             2.8          2.8          11.1           2.9          2.9          1.01         3.92                       15.0  13   9                14.4                5.1                                   19.4          2.9      19.4
   1   3   7  10   2             2.8          2.8          10.6           2.9          2.9          0.98         3.89                       14.5  13   9                14.4                5.1                                   19.4          2.9      19.4
   1   3   7  10   3             2.8          2.8          10.2           2.9          2.9          0.99         3.90                       14.1  13   9                14.4                5.1                                   19.4          2.9      19.4
   1   3   7  10   4             2.8          2.8          10.0           2.9          2.9          1.04         3.95                       13.9  13   9                14.4                5.1                                   19.4          2.9      19.4
   1   3   7  10   5             2.8          2.8           9.9           2.9          2.9          1.13         4.04                       13.9  13   9                14.4                5.1                                   19.4          2.9      19.4
   1   3   7  10   6             2.8          2.8           9.9           2.9          2.9          1.25         4.16                       14.1  13   9                14.4                5.1                                   19.4          2.9      19.4
   1   3   7  10   7             2.8          2.8          10.1           2.9          2.9          1.40         4.31                       14.4  13   9                14.4                5.1                                   19.4          2.9      19.4
   1   3   7  10   8             2.8          2.8          10.5           2.9          2.9          1.58         4.49                       15.0  13   9                14.4                5.1                                   19.4          2.9      19.4
   1   3   7  10   9             2.8          2.8          10.9           2.9          2.9          1.77         4.68                       15.6  13   9                14.4                5.1                                   19.4          2.9      19.4
   1   3   7  11   1             2.8          2.8          12.2           2.8          2.9          1.31         4.15                       16.3  13   9                14.4                5.1                                   19.4          2.9      19.4
   1   3   7  11   2             2.8          2.8          11.7           2.8          2.9          1.29         4.12                       15.9  13   9                14.4                5.1                                   19.4          2.9      19.4
   1   3   7  11   3             2.8          2.8          11.4           2.8          2.9          1.30         4.13                       15.5  13   9                14.4                5.1                                   19.4          2.9      19.4
   1   3   7  11   4             2.8          2.8          11.2           2.8          2.9          1.34         4.18                       15.4  13   9                14.4                5.1                                   19.4          2.9      19.4
   1   3   7  11   5             2.8          2.8          11.1           2.8          2.9          1.42         4.26                       15.3  13   9                14.4                5.1                                   19.4          2.9      19.4
   1   3   7  11   6             2.8          2.8          11.1           2.8          2.9          1.53         4.37                       15.5  13   9                14.4                5.1                                   19.4          2.9      19.4
   1   3   7  11   7             2.8          2.8          11.3           2.8          2.9          1.67         4.50                       15.8  13   9                14.4                5.1                                   19.4          2.9      19.4
   1   3   7  11   8             2.8          2.8          11.6           2.8          2.9          1.83         4.67                       16.3  13   9                14.4                5.1                                   19.4          2.9      19.4
   1   3   7  11   9             2.8          2.8          12.1           2.8          2.9          2.01         4.85                       16.9  13   9                14.4                5.1                                   19.4          2.9      19.4
   1   3   7  12   1             2.8          2.8          13.3           2.7          2.9          1.62         4.34                       17.7  13   9                14.4                5.1                                   19.4          2.9      19.4
   1   3   7  12   2             2.8          2.8          12.9           2.7          2.9          1.60         4.32                       17.2  13   9                14.4                5.1                                   19.4          2.9      19.4
   1   3   7  12   3             2.8          2.8          12.6           2.7          2.9          1.61         4.32                       16.9  13   9                14.4                5.1                                   19.4          2.9      19.4
   1   3   7  12   4             2.8          2.8          12.4           2.7          2.9          1.65         4.37                       16.7  13   9                14.4                5.1                                   19.4          2.9      19.4
   1   3   7  12   5             2.8          2.8          12.3           2.7          2.9          1.72         4.44                       16.7  13   9                14.4                5.1                                   19.4          2.9      19.4
   1   3   7  12   6             2.8          2.8          12.3           2.7          2.9          1.82         4.54                       16.9  13   9                14.4                5.1                                   19.4          2.9      19.4
   1   3   7  12   7             2.8          2.8          12.5           2.7          2.9          1.95         4.66                       17.2  13   9                14.4                5.1                                   19.4          2.9      19.4
   1   3   7  12   8             2.8          2.8          12.8           2.7          2.9          2.10         4.81                       17.6  13   9                14.4                5.1                                   19.4          2.9      19.4
   1   3   7  12   9             2.8          2.8          13.2           2.7          2.9          2.27         4.98                       18.2  13   9                14.4                5.1                                   19.4          2.9      19.4
   1   3   7  13   1             2.8          2.8          14.5           2.5          2.9          1.93         4.47                       18.9  13   9                14.4                5.1                                   19.4          2.9      19.4
   1   3   7  13   2             2.8          2.8          14.1           2.5          2.9          1.91         4.45                       18.5  13   9                14.4                5.1                                   19.4          2.9      19.4
   1   3   7  13   3             2.8          2.8          13.8           2.5          2.9          1.92         4.46                       18.2  13   9                14.4                5.1                                   19.4          2.9      19.4
   1   3   7  13   4             2.8          2.8          13.6           2.5          2.9          1.96         4.50                       18.1  13   9                14.4                5.1                                   19.4          2.9      19.4
   1   3   7  13   5             2.8          2.8          13.5           2.5          2.9          2.02         4.56                       18.1  13   9                14.4                5.1                                   19.4          2.9      19.4
   1   3   7  13   6             2.8          2.8          13.6           2.5          2.9          2.11         4.66                       18.2  13   9                14.4                5.1                                   19.4          2.9      19.4
   1   3   7  13   7             2.8          2.8          13.7           2.5          2.9          2.23         4.77                       18.5  13   9                14.4                5.1                                   19.4          2.9      19.4
   1   3   7  13   8             2.8          2.8          14.0           2.5          2.9          2.37         4.91                       18.9  13   9                14.4                5.1                                   19.4          2.9      19.4
   1   3   7  13   9             2.8          2.8          14.4           2.5          2.9          2.53         5.07                       19.4  13   9                14.4                5.1                                   19.4          2.9      19.4
