**********************************************
*******     Site #   1
Average PSA and Fourier spectrum over    40 trials
damping:   5%
  50 samples
Mag.          =      6.30
siteLat       =     42.37
siteLon       =     13.34
depth         =      0.00
R             =      6.68
azimuth       =  10713.89
fault Dis.(km)=     4.52
Hypo  Dis.(km)=    10.71
Input Parameters file =  aqg_0604__parameters.out                                                                                                
 data format: (1x,f10.3, 1p, 1x,e11.4, 5x,e11.4, 2x,e11.4, 1x,e11.4)
   freq(Hz) FAS(cm/sec) avgPSA(cm/s**2) avgPSV(cm/s)   avgSD(cm)
     -1.000         NaN             Nan   1.8433E+01         Nan
    999.900         Nan      1.3982E+02          NaN         NaN
      0.200  2.4978E+01      2.3447E+01   1.8659E+01  1.4848E+01
      0.217  2.4978E+01      2.7480E+01   2.0190E+01  1.4834E+01
      0.235  2.8774E+01      3.1599E+01   2.1435E+01  1.4540E+01
      0.254  3.1779E+01      3.6096E+01   2.2607E+01  1.4158E+01
      0.275  3.4323E+01      4.1232E+01   2.3842E+01  1.3786E+01
      0.298  3.6950E+01      4.6554E+01   2.4853E+01  1.3268E+01
      0.323  3.9616E+01      5.3061E+01   2.6153E+01  1.2891E+01
      0.350  4.2076E+01      6.0711E+01   2.7628E+01  1.2573E+01
      0.379  4.4072E+01      6.8077E+01   2.8603E+01  1.2017E+01
      0.410  4.5660E+01      7.6381E+01   2.9629E+01  1.1494E+01
      0.444  4.9742E+01      8.7598E+01   3.1373E+01  1.1236E+01
      0.481  5.1461E+01      9.6119E+01   3.1783E+01  1.0510E+01
      0.521  5.2114E+01      1.0252E+02   3.1299E+01  9.5555E+00
      0.565  4.5928E+01      1.0390E+02   2.9286E+01  8.2547E+00
      0.612  3.7278E+01      1.0351E+02   2.6937E+01  7.0101E+00
      0.662  3.2190E+01      1.0440E+02   2.5085E+01  6.0272E+00
      0.717  3.1431E+01      1.1098E+02   2.4619E+01  5.4612E+00
      0.777  3.4020E+01      1.2572E+02   2.5748E+01  5.2735E+00
      0.842  4.2327E+01      1.4953E+02   2.8276E+01  5.3468E+00
      0.912  4.7950E+01      1.6889E+02   2.9486E+01  5.1478E+00
      0.987  5.1504E+01      1.8763E+02   3.0245E+01  4.8751E+00
      1.069  5.5322E+01      2.0263E+02   3.0155E+01  4.4876E+00
      1.158  5.6215E+01      2.2714E+02   3.1210E+01  4.2882E+00
      1.255  5.6548E+01      2.2909E+02   2.9061E+01  3.6866E+00
      1.359  3.3595E+01      2.1388E+02   2.5050E+01  2.9340E+00
      1.472  3.2040E+01      2.1668E+02   2.3431E+01  2.5337E+00
      1.594  4.6639E+01      2.2933E+02   2.2896E+01  2.2859E+00
      1.727  4.5833E+01      2.5471E+02   2.3478E+01  2.1641E+00
      1.870  4.7949E+01      2.7443E+02   2.3355E+01  1.9876E+00
      2.026  3.7611E+01      2.5806E+02   2.0277E+01  1.5932E+00
      2.194  2.6731E+01      2.6277E+02   1.9062E+01  1.3829E+00
      2.376  4.0529E+01      2.9081E+02   1.9478E+01  1.3046E+00
      2.574  4.4824E+01      3.1489E+02   1.9472E+01  1.2041E+00
      2.788  2.5733E+01      2.8905E+02   1.6503E+01  9.4221E-01
      3.019  2.9484E+01      3.0369E+02   1.6008E+01  8.4383E-01
      3.270  3.9760E+01      3.3532E+02   1.6319E+01  7.9421E-01
      3.542  2.2545E+01      3.2347E+02   1.4534E+01  6.5308E-01
      3.836  2.9846E+01      3.3124E+02   1.3742E+01  5.7008E-01
      4.155  2.3281E+01      3.2643E+02   1.2503E+01  4.7889E-01
      4.501  2.6731E+01      3.2909E+02   1.1637E+01  4.1154E-01
      4.875  1.9925E+01      3.1640E+02   1.0330E+01  3.3728E-01
      5.280  2.3835E+01      3.1716E+02   9.5606E+00  2.8820E-01
      5.719  1.6566E+01      3.1158E+02   8.6715E+00  2.4134E-01
      6.194  2.3600E+01      3.1741E+02   8.1561E+00  2.0957E-01
      6.709  1.9161E+01      3.0498E+02   7.2353E+00  1.7165E-01
      7.266  1.2813E+01      2.8616E+02   6.2680E+00  1.3729E-01
      7.870  1.1317E+01      2.7873E+02   5.6366E+00  1.1399E-01
      8.524  9.5242E+00      2.6980E+02   5.0374E+00  9.4052E-02
      9.233  8.6564E+00      2.5615E+02   4.4156E+00  7.6117E-02
     10.000  8.2120E+00      2.3714E+02   3.7742E+00  6.0069E-02
 
 
