  isite ihyp  i0  j0   i   j nsubs Diff_T_arrive NoOfEffectiveSubfaults NumberOfActiveSubs     f0main 1stElmntF0         f0        hij iflagscalefactor   1/f0main    1/1stF0       1/f0 riset_orig    dur_sub subFaultM0  Tot/subM0
      1    1   3   7   1   1   117     3.372E+00                      4                 56  2.656E-01  1.299E+00  3.395E-01  6.738E+00                2  3.765E+00  7.698E-01  2.945E+00  4.180E-01  2.945E+00  1.573E+23  2.010E+02
      1    1   3   7   1   2   117     2.540E+00                      4                 55  2.656E-01  1.299E+00  3.416E-01  6.661E+00                2  3.765E+00  7.698E-01  2.927E+00  4.180E-01  2.927E+00  3.507E+22  9.018E+02
      1    1   3   7   1   3   117     1.922E+00                      4                 48  2.656E-01  1.299E+00  3.574E-01  6.106E+00                2  3.765E+00  7.698E-01  2.798E+00  4.180E-01  2.798E+00  3.686E+22  8.580E+02
      1    1   3   7   1   4   117     1.513E+00                      4                 36  2.656E-01  1.299E+00  3.934E-01  5.083E+00                2  3.765E+00  7.698E-01  2.542E+00  4.180E-01  2.542E+00  1.068E+23  2.962E+02
      1    1   3   7   1   5   117     1.285E+00                      4                 25  2.656E-01  1.299E+00  4.443E-01  4.033E+00                2  3.765E+00  7.698E-01  2.251E+00  4.180E-01  2.251E+00  1.388E+23  2.278E+02
      1    1   3   7   1   6   117     1.259E+00                      4                 25  2.656E-01  1.299E+00  4.443E-01  4.033E+00                2  3.765E+00  7.698E-01  2.251E+00  4.180E-01  2.251E+00  2.177E+23  1.453E+02
      1    1   3   7   1   7   117     1.534E+00                      4                 25  2.656E-01  1.299E+00  4.443E-01  4.033E+00                2  3.765E+00  7.698E-01  2.251E+00  4.180E-01  2.396E+00  3.081E+23  1.026E+02
      1    1   3   7   1   8   117     2.182E+00                      4                 25  2.656E-01  1.299E+00  4.443E-01  4.033E+00                2  3.765E+00  7.698E-01  2.251E+00  4.180E-01  2.683E+00  3.210E+23  9.853E+01
      1    1   3   7   1   9   117     3.108E+00                      4                 25  2.656E-01  1.299E+00  4.443E-01  4.033E+00                2  3.765E+00  7.698E-01  2.251E+00  4.180E-01  2.979E+00  2.547E+23  1.241E+02
      1    1   3   7   2   1   117     3.044E+00                      4                 56  2.656E-01  1.299E+00  3.395E-01  6.738E+00                2  3.765E+00  7.698E-01  2.945E+00  4.180E-01  2.945E+00  2.420E+23  1.307E+02
      1    1   3   7   2   2   117     2.162E+00                      4                 55  2.656E-01  1.299E+00  3.416E-01  6.661E+00                2  3.765E+00  7.698E-01  2.927E+00  4.180E-01  2.927E+00  4.096E+22  7.720E+02
      1    1   3   7   2   3   117     1.506E+00                      4                 48  2.656E-01  1.299E+00  3.574E-01  6.106E+00                2  3.765E+00  7.698E-01  2.798E+00  4.180E-01  2.798E+00  0.000E+00  Infinity 
      1    1   3   7   2   4   117     1.051E+00                      4                 36  2.656E-01  1.299E+00  3.934E-01  5.083E+00                2  3.765E+00  7.698E-01  2.542E+00  4.180E-01  2.542E+00  4.317E+22  7.325E+02
      1    1   3   7   2   5   117     7.366E-01                      4                 25  2.656E-01  1.299E+00  4.443E-01  4.033E+00                2  3.765E+00  7.698E-01  2.251E+00  4.180E-01  2.251E+00  7.024E+22  4.502E+02
      1    1   3   7   2   6   117     5.601E-01                      4                  9  2.656E-01  1.299E+00  6.245E-01  2.125E+00                2  3.765E+00  7.698E-01  1.601E+00  4.180E-01  1.601E+00  1.813E+23  1.744E+02
      1    1   3   7   2   7   117     7.181E-01                      4                  9  2.656E-01  1.299E+00  6.245E-01  2.125E+00                2  3.765E+00  7.698E-01  1.601E+00  4.180E-01  1.700E+00  3.081E+23  1.026E+02
      1    1   3   7   2   8   117     1.509E+00                      4                  9  2.656E-01  1.299E+00  6.245E-01  2.125E+00                2  3.765E+00  7.698E-01  1.601E+00  4.180E-01  1.994E+00  3.122E+23  1.013E+02
      1    1   3   7   2   9   117     2.613E+00                      4                 25  2.656E-01  1.299E+00  4.443E-01  4.033E+00                2  3.765E+00  7.698E-01  2.251E+00  4.180E-01  2.944E+00  2.880E+23  1.098E+02
      1    1   3   7   3   1   117     3.029E+00                      4                 56  2.656E-01  1.299E+00  3.395E-01  6.738E+00                2  3.765E+00  7.698E-01  2.945E+00  4.180E-01  2.945E+00  2.099E+23  1.507E+02
      1    1   3   7   3   2   117     2.141E+00                      4                 55  2.656E-01  1.299E+00  3.416E-01  6.661E+00                2  3.765E+00  7.698E-01  2.927E+00  4.180E-01  2.927E+00  2.296E+22  1.378E+03
      1    1   3   7   3   3   117     1.464E+00                      4                 48  2.656E-01  1.299E+00  3.574E-01  6.106E+00                2  3.765E+00  7.698E-01  2.798E+00  4.180E-01  2.798E+00  8.909E+22  3.550E+02
      1    1   3   7   3   4   117     9.721E-01                      4                 36  2.656E-01  1.299E+00  3.934E-01  5.083E+00                2  3.765E+00  7.698E-01  2.542E+00  4.180E-01  2.542E+00  1.742E+23  1.816E+02
      1    1   3   7   3   5   117     5.951E-01                      4                 25  2.656E-01  1.299E+00  4.443E-01  4.033E+00                2  3.765E+00  7.698E-01  2.251E+00  4.180E-01  2.251E+00  9.425E+22  3.355E+02
      1    1   3   7   3   6   117     2.805E-01                      4                  9  2.656E-01  1.299E+00  6.245E-01  2.125E+00                2  3.765E+00  7.698E-01  1.601E+00  4.180E-01  1.601E+00  1.020E+23  3.099E+02
      1    1   3   7   3   7   117     0.000E+00                      4                  1  2.656E-01  1.299E+00  1.299E+00  5.626E-01                2  3.765E+00  7.698E-01  7.698E-01  4.180E-01  8.826E-01  2.270E+23  1.393E+02
      1    1   3   7   3   8   117     1.221E+00                      4                  9  2.656E-01  1.299E+00  6.245E-01  2.125E+00                2  3.765E+00  7.698E-01  1.601E+00  4.180E-01  2.006E+00  2.793E+23  1.132E+02
      1    1   3   7   3   9   117     2.455E+00                      4                 25  2.656E-01  1.299E+00  4.443E-01  4.033E+00                2  3.765E+00  7.698E-01  2.251E+00  4.180E-01  2.955E+00  2.521E+23  1.254E+02
      1    1   3   7   4   1   117     3.315E+00                      4                 56  2.656E-01  1.299E+00  3.395E-01  6.738E+00                2  3.765E+00  7.698E-01  2.945E+00  4.180E-01  2.945E+00  1.888E+23  1.675E+02
      1    1   3   7   4   2   117     2.462E+00                      4                 55  2.656E-01  1.299E+00  3.416E-01  6.661E+00                2  3.765E+00  7.698E-01  2.927E+00  4.180E-01  2.927E+00  5.834E+22  5.421E+02
      1    1   3   7   4   3   117     1.792E+00                      4                 48  2.656E-01  1.299E+00  3.574E-01  6.106E+00                2  3.765E+00  7.698E-01  2.798E+00  4.180E-01  2.798E+00  3.057E+23  1.034E+02
      1    1   3   7   4   4   117     1.297E+00                      4                 36  2.656E-01  1.299E+00  3.934E-01  5.083E+00                2  3.765E+00  7.698E-01  2.542E+00  4.180E-01  2.542E+00  4.445E+23  7.115E+01
      1    1   3   7   4   5   117     9.392E-01                      4                 25  2.656E-01  1.299E+00  4.443E-01  4.033E+00                2  3.765E+00  7.698E-01  2.251E+00  4.180E-01  2.251E+00  2.300E+23  1.375E+02
      1    1   3   7   4   6   117     7.279E-01                      4                  9  2.656E-01  1.299E+00  6.245E-01  2.125E+00                2  3.765E+00  7.698E-01  1.601E+00  4.180E-01  1.601E+00  4.454E+22  7.099E+02
      1    1   3   7   4   7   117     8.594E-01                      4                  9  2.656E-01  1.299E+00  6.245E-01  2.125E+00                2  3.765E+00  7.698E-01  1.601E+00  4.180E-01  1.786E+00  1.324E+23  2.389E+02
      1    1   3   7   4   8   117     1.630E+00                      4                  9  2.656E-01  1.299E+00  6.245E-01  2.125E+00                2  3.765E+00  7.698E-01  1.601E+00  4.180E-01  2.068E+00  2.034E+23  1.554E+02
      1    1   3   7   4   9   117     2.718E+00                      4                 25  2.656E-01  1.299E+00  4.443E-01  4.033E+00                2  3.765E+00  7.698E-01  2.251E+00  4.180E-01  3.009E+00  1.811E+23  1.746E+02
      1    1   3   7   5   1   117     3.838E+00                      4                 56  2.656E-01  1.299E+00  3.395E-01  6.738E+00                2  3.765E+00  7.698E-01  2.945E+00  4.180E-01  2.945E+00  2.914E+23  1.085E+02
      1    1   3   7   5   2   117     3.041E+00                      4                 55  2.656E-01  1.299E+00  3.416E-01  6.661E+00                2  3.765E+00  7.698E-01  2.927E+00  4.180E-01  2.927E+00  3.337E+23  9.476E+01
      1    1   3   7   5   3   117     2.408E+00                      4                 48  2.656E-01  1.299E+00  3.574E-01  6.106E+00                2  3.765E+00  7.698E-01  2.798E+00  4.180E-01  2.798E+00  5.581E+23  5.666E+01
      1    1   3   7   5   4   117     1.945E+00                      4                 36  2.656E-01  1.299E+00  3.934E-01  5.083E+00                2  3.765E+00  7.698E-01  2.542E+00  4.180E-01  2.542E+00  6.090E+23  5.193E+01
      1    1   3   7   5   5   117     1.654E+00                      4                 25  2.656E-01  1.299E+00  4.443E-01  4.033E+00                2  3.765E+00  7.698E-01  2.251E+00  4.180E-01  2.251E+00  3.142E+23  1.006E+02
      1    1   3   7   5   6   117     1.573E+00                      4                 25  2.656E-01  1.299E+00  4.443E-01  4.033E+00                2  3.765E+00  7.698E-01  2.251E+00  4.180E-01  2.313E+00  6.497E+22  4.867E+02
      1    1   3   7   5   7   117     1.804E+00                      4                 25  2.656E-01  1.299E+00  4.443E-01  4.033E+00                2  3.765E+00  7.698E-01  2.251E+00  4.180E-01  2.559E+00  4.739E+22  6.673E+02
      1    1   3   7   5   8   117     2.416E+00                      4                 25  2.656E-01  1.299E+00  4.443E-01  4.033E+00                2  3.765E+00  7.698E-01  2.251E+00  4.180E-01  2.825E+00  1.014E+23  3.118E+02
      1    1   3   7   5   9   117     3.314E+00                      4                 25  2.656E-01  1.299E+00  4.443E-01  4.033E+00                2  3.765E+00  7.698E-01  2.251E+00  4.180E-01  3.104E+00  9.604E+22  3.293E+02
      1    1   3   7   6   1   117     4.534E+00                      4                 56  2.656E-01  1.299E+00  3.395E-01  6.738E+00                2  3.765E+00  7.698E-01  2.945E+00  4.180E-01  2.945E+00  2.568E+23  1.231E+02
      1    1   3   7   6   2   117     3.801E+00                      4                 55  2.656E-01  1.299E+00  3.416E-01  6.661E+00                2  3.765E+00  7.698E-01  2.927E+00  4.180E-01  2.927E+00  5.470E+23  5.781E+01
      1    1   3   7   6   3   117     3.220E+00                      4                 48  2.656E-01  1.299E+00  3.574E-01  6.106E+00                2  3.765E+00  7.698E-01  2.798E+00  4.180E-01  2.798E+00  8.461E+23  3.737E+01
      1    1   3   7   6   4   117     2.809E+00                      4                 36  2.656E-01  1.299E+00  3.934E-01  5.083E+00                2  3.765E+00  7.698E-01  2.542E+00  4.180E-01  2.542E+00  7.571E+23  4.177E+01
      1    1   3   7   6   5   117     2.581E+00                      4                 36  2.656E-01  1.299E+00  3.934E-01  5.083E+00                2  3.765E+00  7.698E-01  2.542E+00  4.180E-01  2.600E+00  4.357E+23  7.257E+01
      1    1   3   7   6   6   117     2.569E+00                      4                 36  2.656E-01  1.299E+00  3.934E-01  5.083E+00                2  3.765E+00  7.698E-01  2.542E+00  4.180E-01  2.792E+00  2.125E+23  1.488E+02
      1    1   3   7   6   7   117     2.818E+00                      4                 36  2.656E-01  1.299E+00  3.934E-01  5.083E+00                2  3.765E+00  7.698E-01  2.542E+00  4.180E-01  3.016E+00  1.371E+23  2.306E+02
      1    1   3   7   6   8   117     3.344E+00                      4                 36  2.656E-01  1.299E+00  3.934E-01  5.083E+00                2  3.765E+00  7.698E-01  2.542E+00  4.180E-01  3.263E+00  1.056E+23  2.994E+02
      1    1   3   7   6   9   117     4.106E+00                      4                 36  2.656E-01  1.299E+00  3.934E-01  5.083E+00                2  3.765E+00  7.698E-01  2.542E+00  4.180E-01  3.526E+00  5.865E+22  5.391E+02
      1    1   3   7   7   1   117     5.356E+00                      4                 56  2.656E-01  1.299E+00  3.395E-01  6.738E+00                2  3.765E+00  7.698E-01  2.945E+00  4.180E-01  3.067E+00  6.097E+22  5.187E+02
      1    1   3   7   7   2   117     4.688E+00                      4                 55  2.656E-01  1.299E+00  3.416E-01  6.661E+00                2  3.765E+00  7.698E-01  2.927E+00  4.180E-01  3.007E+00  7.384E+23  4.283E+01
      1    1   3   7   7   3   117     4.165E+00                      4                 48  2.656E-01  1.299E+00  3.574E-01  6.106E+00                2  3.765E+00  7.698E-01  2.798E+00  4.180E-01  2.895E+00  1.053E+24  3.003E+01
      1    1   3   7   7   4   117     3.804E+00                      4                 48  2.656E-01  1.299E+00  3.574E-01  6.106E+00                2  3.765E+00  7.698E-01  2.798E+00  4.180E-01  2.971E+00  9.141E+23  3.459E+01
      1    1   3   7   7   5   117     3.624E+00                      4                 48  2.656E-01  1.299E+00  3.574E-01  6.106E+00                2  3.765E+00  7.698E-01  2.798E+00  4.180E-01  3.099E+00  6.566E+23  4.816E+01
      1    1   3   7   7   6   117     3.645E+00                      4                 48  2.656E-01  1.299E+00  3.574E-01  6.106E+00                2  3.765E+00  7.698E-01  2.798E+00  4.180E-01  3.269E+00  4.937E+23  6.406E+01
      1    1   3   7   7   7   117     3.887E+00                      4                 48  2.656E-01  1.299E+00  3.574E-01  6.106E+00                2  3.765E+00  7.698E-01  2.798E+00  4.180E-01  3.471E+00  4.035E+23  7.837E+01
      1    1   3   7   7   8   117     4.352E+00                      4                 48  2.656E-01  1.299E+00  3.574E-01  6.106E+00                2  3.765E+00  7.698E-01  2.798E+00  4.180E-01  3.699E+00  2.936E+23  1.077E+02
      1    1   3   7   7   9   117     5.015E+00                      4                 48  2.656E-01  1.299E+00  3.574E-01  6.106E+00                2  3.765E+00  7.698E-01  2.798E+00  4.180E-01  3.944E+00  1.465E+23  2.159E+02
      1    1   3   7   8   1   117     6.273E+00                      4                 56  2.656E-01  1.299E+00  3.395E-01  6.738E+00                2  3.765E+00  7.698E-01  2.945E+00  4.180E-01  3.354E+00  2.951E+23  1.072E+02
      1    1   3   7   8   2   117     5.666E+00                      4                 55  2.656E-01  1.299E+00  3.416E-01  6.661E+00                2  3.765E+00  7.698E-01  2.927E+00  4.180E-01  3.300E+00  7.721E+23  4.096E+01
      1    1   3   7   8   3   117     5.196E+00                      4                 55  2.656E-01  1.299E+00  3.416E-01  6.661E+00                2  3.765E+00  7.698E-01  2.927E+00  4.180E-01  3.315E+00  9.486E+23  3.334E+01
      1    1   3   7   8   4   117     4.880E+00                      4                 55  2.656E-01  1.299E+00  3.416E-01  6.661E+00                2  3.765E+00  7.698E-01  2.927E+00  4.180E-01  3.381E+00  8.711E+23  3.630E+01
      1    1   3   7   8   5   117     4.734E+00                      4                 55  2.656E-01  1.299E+00  3.416E-01  6.661E+00                2  3.765E+00  7.698E-01  2.927E+00  4.180E-01  3.492E+00  7.884E+23  4.011E+01
      1    1   3   7   8   6   117     4.770E+00                      4                 55  2.656E-01  1.299E+00  3.416E-01  6.661E+00                2  3.765E+00  7.698E-01  2.927E+00  4.180E-01  3.643E+00  7.415E+23  4.264E+01
      1    1   3   7   8   7   117     4.997E+00                      4                 55  2.656E-01  1.299E+00  3.416E-01  6.661E+00                2  3.765E+00  7.698E-01  2.927E+00  4.180E-01  3.826E+00  6.497E+23  4.867E+01
      1    1   3   7   8   8   117     5.414E+00                      4                 55  2.656E-01  1.299E+00  3.416E-01  6.661E+00                2  3.765E+00  7.698E-01  2.927E+00  4.180E-01  4.034E+00  4.603E+23  6.870E+01
      1    1   3   7   8   9   117     6.002E+00                      4                 55  2.656E-01  1.299E+00  3.416E-01  6.661E+00                2  3.765E+00  7.698E-01  2.927E+00  4.180E-01  4.263E+00  2.221E+23  1.424E+02
      1    1   3   7   9   1   117     7.260E+00                      4                 56  2.656E-01  1.299E+00  3.395E-01  6.738E+00                2  3.765E+00  7.698E-01  2.945E+00  4.180E-01  3.650E+00  1.292E+23  2.447E+02
      1    1   3   7   9   2   117     6.708E+00                      4                 56  2.656E-01  1.299E+00  3.395E-01  6.738E+00                2  3.765E+00  7.698E-01  2.945E+00  4.180E-01  3.618E+00  3.847E+23  8.221E+01
      1    1   3   7   9   3   117     6.286E+00                      4                 56  2.656E-01  1.299E+00  3.395E-01  6.738E+00                2  3.765E+00  7.698E-01  2.945E+00  4.180E-01  3.631E+00  4.814E+23  6.568E+01
      1    1   3   7   9   4   117     6.008E+00                      4                 56  2.656E-01  1.299E+00  3.395E-01  6.738E+00                2  3.765E+00  7.698E-01  2.945E+00  4.180E-01  3.689E+00  5.428E+23  5.826E+01
      1    1   3   7   9   5   117     5.886E+00                      4                 56  2.656E-01  1.299E+00  3.395E-01  6.738E+00                2  3.765E+00  7.698E-01  2.945E+00  4.180E-01  3.787E+00  6.716E+23  4.708E+01
      1    1   3   7   9   6   117     5.928E+00                      4                 56  2.656E-01  1.299E+00  3.395E-01  6.738E+00                2  3.765E+00  7.698E-01  2.945E+00  4.180E-01  3.922E+00  7.682E+23  4.117E+01
      1    1   3   7   9   7   117     6.139E+00                      4                 56  2.656E-01  1.299E+00  3.395E-01  6.738E+00                2  3.765E+00  7.698E-01  2.945E+00  4.180E-01  4.087E+00  6.959E+23  4.544E+01
      1    1   3   7   9   8   117     6.515E+00                      4                 56  2.656E-01  1.299E+00  3.395E-01  6.738E+00                2  3.765E+00  7.698E-01  2.945E+00  4.180E-01  4.278E+00  4.710E+23  6.714E+01
      1    1   3   7   9   9   117     7.043E+00                      4                 56  2.656E-01  1.299E+00  3.395E-01  6.738E+00                2  3.765E+00  7.698E-01  2.945E+00  4.180E-01  4.490E+00  2.111E+23  1.498E+02
      1    1   3   7  10   1   117     8.300E+00                      4                 54  2.656E-01  1.299E+00  3.437E-01  6.583E+00                2  3.765E+00  7.698E-01  2.910E+00  4.180E-01  3.916E+00  0.000E+00  Infinity 
      1    1   3   7  10   2   117     7.797E+00                      4                 54  2.656E-01  1.299E+00  3.437E-01  6.583E+00                2  3.765E+00  7.698E-01  2.910E+00  4.180E-01  3.888E+00  5.665E+22  5.582E+02
      1    1   3   7  10   3   117     7.417E+00                      4                 54  2.656E-01  1.299E+00  3.437E-01  6.583E+00                2  3.765E+00  7.698E-01  2.910E+00  4.180E-01  3.900E+00  2.284E+23  1.385E+02
      1    1   3   7  10   4   117     7.169E+00                      4                 54  2.656E-01  1.299E+00  3.437E-01  6.583E+00                2  3.765E+00  7.698E-01  2.910E+00  4.180E-01  3.950E+00  2.544E+23  1.243E+02
      1    1   3   7  10   5   117     7.065E+00                      4                 54  2.656E-01  1.299E+00  3.437E-01  6.583E+00                2  3.765E+00  7.698E-01  2.910E+00  4.180E-01  4.038E+00  4.046E+23  7.816E+01
      1    1   3   7  10   6   117     7.109E+00                      4                 54  2.656E-01  1.299E+00  3.437E-01  6.583E+00                2  3.765E+00  7.698E-01  2.910E+00  4.180E-01  4.159E+00  5.431E+23  5.822E+01
      1    1   3   7  10   7   117     7.304E+00                      4                 54  2.656E-01  1.299E+00  3.437E-01  6.583E+00                2  3.765E+00  7.698E-01  2.910E+00  4.180E-01  4.309E+00  4.855E+23  6.513E+01
      1    1   3   7  10   8   117     7.646E+00                      4                 54  2.656E-01  1.299E+00  3.437E-01  6.583E+00                2  3.765E+00  7.698E-01  2.910E+00  4.180E-01  4.485E+00  2.946E+23  1.073E+02
      1    1   3   7  10   9   117     8.125E+00                      4                 54  2.656E-01  1.299E+00  3.437E-01  6.583E+00                2  3.765E+00  7.698E-01  2.910E+00  4.180E-01  4.682E+00  1.074E+23  2.944E+02
      1    1   3   7  11   1   117     9.381E+00                      4                 50  2.656E-01  1.299E+00  3.526E-01  6.267E+00                2  3.765E+00  7.698E-01  2.836E+00  4.180E-01  4.147E+00  1.053E+20  3.003E+05
      1    1   3   7  11   2   117     8.921E+00                      4                 50  2.656E-01  1.299E+00  3.526E-01  6.267E+00                2  3.765E+00  7.698E-01  2.836E+00  4.180E-01  4.123E+00  5.707E+22  5.541E+02
      1    1   3   7  11   3   117     8.576E+00                      4                 50  2.656E-01  1.299E+00  3.526E-01  6.267E+00                2  3.765E+00  7.698E-01  2.836E+00  4.180E-01  4.133E+00  2.568E+23  1.231E+02
      1    1   3   7  11   4   117     8.354E+00                      4                 50  2.656E-01  1.299E+00  3.526E-01  6.267E+00                2  3.765E+00  7.698E-01  2.836E+00  4.180E-01  4.179E+00  1.622E+23  1.950E+02
      1    1   3   7  11   5   117     8.263E+00                      4                 50  2.656E-01  1.299E+00  3.526E-01  6.267E+00                2  3.765E+00  7.698E-01  2.836E+00  4.180E-01  4.257E+00  1.533E+23  2.063E+02
      1    1   3   7  11   6   117     8.307E+00                      4                 50  2.656E-01  1.299E+00  3.526E-01  6.267E+00                2  3.765E+00  7.698E-01  2.836E+00  4.180E-01  4.367E+00  2.041E+23  1.550E+02
      1    1   3   7  11   7   117     8.488E+00                      4                 50  2.656E-01  1.299E+00  3.526E-01  6.267E+00                2  3.765E+00  7.698E-01  2.836E+00  4.180E-01  4.505E+00  1.622E+23  1.950E+02
      1    1   3   7  11   8   117     8.800E+00                      4                 50  2.656E-01  1.299E+00  3.526E-01  6.267E+00                2  3.765E+00  7.698E-01  2.836E+00  4.180E-01  4.667E+00  6.592E+22  4.797E+02
      1    1   3   7  11   9   117     9.238E+00                      4                 50  2.656E-01  1.299E+00  3.526E-01  6.267E+00                2  3.765E+00  7.698E-01  2.836E+00  4.180E-01  4.850E+00  0.000E+00  Infinity 
      1    1   3   7  12   1   117     1.049E+01                      4                 44  2.656E-01  1.299E+00  3.680E-01  5.776E+00                2  3.765E+00  7.698E-01  2.718E+00  4.180E-01  4.337E+00  9.372E+21  3.374E+03
      1    1   3   7  12   2   117     1.007E+01                      4                 44  2.656E-01  1.299E+00  3.680E-01  5.776E+00                2  3.765E+00  7.698E-01  2.718E+00  4.180E-01  4.315E+00  1.603E+23  1.973E+02
      1    1   3   7  12   3   117     9.756E+00                      4                 44  2.656E-01  1.299E+00  3.680E-01  5.776E+00                2  3.765E+00  7.698E-01  2.718E+00  4.180E-01  4.324E+00  3.326E+23  9.506E+01
      1    1   3   7  12   4   117     9.555E+00                      4                 44  2.656E-01  1.299E+00  3.680E-01  5.776E+00                2  3.765E+00  7.698E-01  2.718E+00  4.180E-01  4.366E+00  1.526E+23  2.073E+02
      1    1   3   7  12   5   117     9.475E+00                      4                 44  2.656E-01  1.299E+00  3.680E-01  5.776E+00                2  3.765E+00  7.698E-01  2.718E+00  4.180E-01  4.437E+00  2.106E+20  1.502E+05
      1    1   3   7  12   6   117     9.518E+00                      4                 44  2.656E-01  1.299E+00  3.680E-01  5.776E+00                2  3.765E+00  7.698E-01  2.718E+00  4.180E-01  4.537E+00  0.000E+00  Infinity 
      1    1   3   7  12   7   117     9.685E+00                      4                 44  2.656E-01  1.299E+00  3.680E-01  5.776E+00                2  3.765E+00  7.698E-01  2.718E+00  4.180E-01  4.664E+00  0.000E+00  Infinity 
      1    1   3   7  12   8   117     9.973E+00                      4                 44  2.656E-01  1.299E+00  3.680E-01  5.776E+00                2  3.765E+00  7.698E-01  2.718E+00  4.180E-01  4.813E+00  0.000E+00  Infinity 
      1    1   3   7  12   9   117     1.037E+01                      4                 44  2.656E-01  1.299E+00  3.680E-01  5.776E+00                2  3.765E+00  7.698E-01  2.718E+00  4.180E-01  4.984E+00  0.000E+00  Infinity 
      1    1   3   7  13   1   117     1.163E+01                      4                 36  2.656E-01  1.299E+00  3.934E-01  5.083E+00                2  3.765E+00  7.698E-01  2.542E+00  4.180E-01  4.472E+00  0.000E+00  Infinity 
      1    1   3   7  13   2   117     1.124E+01                      4                 36  2.656E-01  1.299E+00  3.934E-01  5.083E+00                2  3.765E+00  7.698E-01  2.542E+00  4.180E-01  4.452E+00  1.834E+23  1.724E+02
      1    1   3   7  13   3   117     1.095E+01                      4                 36  2.656E-01  1.299E+00  3.934E-01  5.083E+00                2  3.765E+00  7.698E-01  2.542E+00  4.180E-01  4.460E+00  3.157E+23  1.002E+02
      1    1   3   7  13   4   117     1.077E+01                      4                 36  2.656E-01  1.299E+00  3.934E-01  5.083E+00                2  3.765E+00  7.698E-01  2.542E+00  4.180E-01  4.498E+00  9.245E+22  3.420E+02
      1    1   3   7  13   5   117     1.070E+01                      4                 36  2.656E-01  1.299E+00  3.934E-01  5.083E+00                2  3.765E+00  7.698E-01  2.542E+00  4.180E-01  4.563E+00  0.000E+00  Infinity 
      1    1   3   7  13   6   117     1.074E+01                      4                 36  2.656E-01  1.299E+00  3.934E-01  5.083E+00                2  3.765E+00  7.698E-01  2.542E+00  4.180E-01  4.655E+00  0.000E+00  Infinity 
      1    1   3   7  13   7   117     1.089E+01                      4                 36  2.656E-01  1.299E+00  3.934E-01  5.083E+00                2  3.765E+00  7.698E-01  2.542E+00  4.180E-01  4.772E+00  0.000E+00  Infinity 
      1    1   3   7  13   8   117     1.116E+01                      4                 36  2.656E-01  1.299E+00  3.934E-01  5.083E+00                2  3.765E+00  7.698E-01  2.542E+00  4.180E-01  4.911E+00  0.000E+00  Infinity 
      1    1   3   7  13   9   117     1.153E+01                      4                 36  2.656E-01  1.299E+00  3.934E-01  5.083E+00                2  3.765E+00  7.698E-01  2.542E+00  4.180E-01  5.070E+00  0.000E+00  Infinity 
