**********************************************
*******  Husid Time Series ************
*** Site #   1
*** trial    1
Input Parameters file =  aqk_0604_z_parameters.out                                                                                               
  4096 samples
dt:  0.010 sec
data format: (1x,f8.3,1p,2x,e11.4)
 Arias intensity =   1.908E+02
 75%-5% duration =   3.530E+00
fault Dis.(km)=    5.06
Hypo  Dis.(km)=   11.45
     time       husid
    0.000  0.0000E+00
    0.010  0.0000E+00
    0.020  0.0000E+00
    0.030  0.0000E+00
    0.040  0.0000E+00
    0.050  0.0000E+00
    0.060  0.0000E+00
    0.070  0.0000E+00
    0.080  0.0000E+00
    0.090  0.0000E+00
    0.100  0.0000E+00
    0.110  0.0000E+00
    0.120  0.0000E+00
    0.130  0.0000E+00
    0.140  0.0000E+00
    0.150  0.0000E+00
    0.160  0.0000E+00
    0.170  0.0000E+00
    0.180  0.0000E+00
    0.190  0.0000E+00
    0.200  0.0000E+00
    0.210  0.0000E+00
    0.220  0.0000E+00
    0.230  0.0000E+00
    0.240  0.0000E+00
    0.250  0.0000E+00
    0.260  0.0000E+00
    0.270  0.0000E+00
    0.280  0.0000E+00
    0.290  0.0000E+00
    0.300  0.0000E+00
    0.310  0.0000E+00
    0.320  0.0000E+00
    0.330  0.0000E+00
    0.340  0.0000E+00
    0.350  0.0000E+00
    0.360  0.0000E+00
    0.370  0.0000E+00
    0.380  0.0000E+00
    0.390  0.0000E+00
    0.400  0.0000E+00
    0.410  8.8357E-10
    0.420  3.4008E-08
    0.430  1.2660E-07
    0.440  2.3727E-07
    0.450  3.5593E-07
    0.460  4.6875E-07
    0.470  5.6217E-07
    0.480  6.2734E-07
    0.490  6.6366E-07
    0.500  6.7824E-07
    0.510  6.8121E-07
    0.520  6.8165E-07
    0.530  6.8704E-07
    0.540  7.0064E-07
    0.550  7.2741E-07
    0.560  7.7746E-07
    0.570  8.5498E-07
    0.580  9.6135E-07
    0.590  1.0974E-06
    0.600  1.2656E-06
    0.610  1.4700E-06
    0.620  1.7145E-06
    0.630  1.9990E-06
    0.640  2.1167E-06
    0.650  2.1197E-06
    0.660  2.1200E-06
    0.670  2.1219E-06
    0.680  2.1292E-06
    0.690  2.1363E-06
    0.700  2.1574E-06
    0.710  2.1644E-06
    0.720  2.1654E-06
    0.730  2.1794E-06
    0.740  2.2231E-06
    0.750  2.2956E-06
    0.760  2.3784E-06
    0.770  2.4502E-06
    0.780  2.5007E-06
    0.790  2.5311E-06
    0.800  2.5465E-06
    0.810  2.5519E-06
    0.820  2.5524E-06
    0.830  2.5551E-06
    0.840  2.5680E-06
    0.850  2.5855E-06
    0.860  2.6241E-06
    0.870  2.6860E-06
    0.880  2.7692E-06
    0.890  2.9166E-06
    0.900  3.1252E-06
    0.910  3.4928E-06
    0.920  3.9809E-06
    0.930  4.3765E-06
    0.940  4.6422E-06
    0.950  4.7938E-06
    0.960  4.8768E-06
    0.970  4.9317E-06
    0.980  4.9874E-06
    0.990  5.0497E-06
    1.000  5.1030E-06
    1.010  5.1672E-06
    1.020  5.2065E-06
    1.030  5.2157E-06
    1.040  5.3504E-06
    1.050  5.8309E-06
    1.060  6.8566E-06
    1.070  8.5158E-06
    1.080  1.0752E-05
    1.090  1.3404E-05
    1.100  1.6281E-05
    1.110  1.9227E-05
    1.120  2.2193E-05
    1.130  2.5176E-05
    1.140  2.8177E-05
    1.150  3.1242E-05
    1.160  3.4555E-05
    1.170  3.8047E-05
    1.180  4.1442E-05
    1.190  4.4650E-05
    1.200  4.7584E-05
    1.210  5.0205E-05
    1.220  5.2520E-05
    1.230  5.4555E-05
    1.240  5.6339E-05
    1.250  5.7895E-05
    1.260  5.9264E-05
    1.270  6.0495E-05
    1.280  6.1564E-05
    1.290  6.2487E-05
    1.300  6.3300E-05
    1.310  6.3928E-05
    1.320  6.4292E-05
    1.330  6.4402E-05
    1.340  6.4413E-05
    1.350  6.4430E-05
    1.360  6.4606E-05
    1.370  6.5083E-05
    1.380  6.5857E-05
    1.390  6.6821E-05
    1.400  6.7847E-05
    1.410  6.8845E-05
    1.420  6.9904E-05
    1.430  7.1166E-05
    1.440  7.2802E-05
    1.450  7.5213E-05
    1.460  7.8938E-05
    1.470  8.4533E-05
    1.480  9.2351E-05
    1.490  1.0235E-04
    1.500  1.1401E-04
    1.510  1.2644E-04
    1.520  1.3863E-04
    1.530  1.4974E-04
    1.540  1.5924E-04
    1.550  1.6699E-04
    1.560  1.7306E-04
    1.570  1.7772E-04
    1.580  1.8118E-04
    1.590  1.8374E-04
    1.600  1.8553E-04
    1.610  1.8661E-04
    1.620  1.8717E-04
    1.630  1.8738E-04
    1.640  1.8741E-04
    1.650  1.8742E-04
    1.660  1.8762E-04
    1.670  1.8807E-04
    1.680  1.8862E-04
    1.690  1.8926E-04
    1.700  1.9002E-04
    1.710  1.9093E-04
    1.720  1.9207E-04
    1.730  1.9350E-04
    1.740  1.9522E-04
    1.750  1.9745E-04
    1.760  2.0002E-04
    1.770  2.0250E-04
    1.780  2.0469E-04
    1.790  2.0638E-04
    1.800  2.0762E-04
    1.810  2.0838E-04
    1.820  2.0876E-04
    1.830  2.0890E-04
    1.840  2.0891E-04
    1.850  2.0899E-04
    1.860  2.0927E-04
    1.870  2.0982E-04
    1.880  2.1045E-04
    1.890  2.1108E-04
    1.900  2.1175E-04
    1.910  2.1244E-04
    1.920  2.1313E-04
    1.930  2.1386E-04
    1.940  2.1470E-04
    1.950  2.1578E-04
    1.960  2.1678E-04
    1.970  2.1736E-04
    1.980  2.1794E-04
    1.990  2.1895E-04
    2.000  2.2050E-04
    2.010  2.2237E-04
    2.020  2.2417E-04
    2.030  2.2562E-04
    2.040  2.2657E-04
    2.050  2.2710E-04
    2.060  2.2736E-04
    2.070  2.2746E-04
    2.080  2.2748E-04
    2.090  2.2749E-04
    2.100  2.2754E-04
    2.110  2.2778E-04
    2.120  2.2824E-04
    2.130  2.2865E-04
    2.140  2.2895E-04
    2.150  2.2922E-04
    2.160  2.2946E-04
    2.170  2.2958E-04
    2.180  2.2960E-04
    2.190  2.2960E-04
    2.200  2.2964E-04
    2.210  2.2980E-04
    2.220  2.3012E-04
    2.230  2.3065E-04
    2.240  2.3138E-04
    2.250  2.3205E-04
    2.260  2.3265E-04
    2.270  2.3338E-04
    2.280  2.3458E-04
    2.290  2.3682E-04
    2.300  2.4108E-04
    2.310  2.4871E-04
    2.320  2.6094E-04
    2.330  2.7780E-04
    2.340  2.9836E-04
    2.350  3.2109E-04
    2.360  3.4368E-04
    2.370  3.6416E-04
    2.380  3.8138E-04
    2.390  3.9508E-04
    2.400  4.0742E-04
    2.410  4.2022E-04
    2.420  4.3237E-04
    2.430  4.4350E-04
    2.440  4.5403E-04
    2.450  4.6401E-04
    2.460  4.7306E-04
    2.470  4.8125E-04
    2.480  4.8970E-04
    2.490  4.9854E-04
    2.500  5.0725E-04
    2.510  5.1579E-04
    2.520  5.2400E-04
    2.530  5.3165E-04
    2.540  5.3838E-04
    2.550  5.4415E-04
    2.560  5.4907E-04
    2.570  5.5282E-04
    2.580  5.5512E-04
    2.590  5.5596E-04
    2.600  5.5603E-04
    2.610  5.5661E-04
    2.620  5.5863E-04
    2.630  5.6252E-04
    2.640  5.6858E-04
    2.650  5.7649E-04
    2.660  5.8570E-04
    2.670  5.9569E-04
    2.680  6.0581E-04
    2.690  6.1634E-04
    2.700  6.2851E-04
    2.710  6.4336E-04
    2.720  6.6192E-04
    2.730  6.8821E-04
    2.740  7.2260E-04
    2.750  7.6374E-04
    2.760  8.0967E-04
    2.770  8.5337E-04
    2.780  8.8945E-04
    2.790  9.1616E-04
    2.800  9.3439E-04
    2.810  9.4570E-04
    2.820  9.5264E-04
    2.830  9.5755E-04
    2.840  9.6132E-04
    2.850  9.6376E-04
    2.860  9.6531E-04
    2.870  9.6628E-04
    2.880  9.6679E-04
    2.890  9.6691E-04
    2.900  9.6701E-04
    2.910  9.6787E-04
    2.920  9.7013E-04
    2.930  9.7398E-04
    2.940  9.8040E-04
    2.950  9.8926E-04
    2.960  9.9880E-04
    2.970  1.0091E-03
    2.980  1.0212E-03
    2.990  1.0360E-03
    3.000  1.0544E-03
    3.010  1.0774E-03
    3.020  1.1017E-03
    3.030  1.1247E-03
    3.040  1.1476E-03
    3.050  1.1692E-03
    3.060  1.1863E-03
    3.070  1.1985E-03
    3.080  1.2081E-03
    3.090  1.2140E-03
    3.100  1.2166E-03
    3.110  1.2179E-03
    3.120  1.2186E-03
    3.130  1.2190E-03
    3.140  1.2193E-03
    3.150  1.2193E-03
    3.160  1.2194E-03
    3.170  1.2199E-03
    3.180  1.2213E-03
    3.190  1.2236E-03
    3.200  1.2270E-03
    3.210  1.2317E-03
    3.220  1.2385E-03
    3.230  1.2480E-03
    3.240  1.2609E-03
    3.250  1.2768E-03
    3.260  1.2952E-03
    3.270  1.3127E-03
    3.280  1.3256E-03
    3.290  1.3330E-03
    3.300  1.3362E-03
    3.310  1.3371E-03
    3.320  1.3373E-03
    3.330  1.3373E-03
    3.340  1.3373E-03
    3.350  1.3374E-03
    3.360  1.3375E-03
    3.370  1.3384E-03
    3.380  1.3410E-03
    3.390  1.3458E-03
    3.400  1.3536E-03
    3.410  1.3638E-03
    3.420  1.3750E-03
    3.430  1.3857E-03
    3.440  1.3954E-03
    3.450  1.4034E-03
    3.460  1.4100E-03
    3.470  1.4155E-03
    3.480  1.4192E-03
    3.490  1.4213E-03
    3.500  1.4224E-03
    3.510  1.4232E-03
    3.520  1.4239E-03
    3.530  1.4250E-03
    3.540  1.4274E-03
    3.550  1.4327E-03
    3.560  1.4434E-03
    3.570  1.4633E-03
    3.580  1.4951E-03
    3.590  1.5397E-03
    3.600  1.5958E-03
    3.610  1.6578E-03
    3.620  1.7180E-03
    3.630  1.7663E-03
    3.640  1.7972E-03
    3.650  1.8118E-03
    3.660  1.8158E-03
    3.670  1.8160E-03
    3.680  1.8176E-03
    3.690  1.8222E-03
    3.700  1.8290E-03
    3.710  1.8356E-03
    3.720  1.8396E-03
    3.730  1.8411E-03
    3.740  1.8413E-03
    3.750  1.8424E-03
    3.760  1.8466E-03
    3.770  1.8532E-03
    3.780  1.8598E-03
    3.790  1.8646E-03
    3.800  1.8667E-03
    3.810  1.8670E-03
    3.820  1.8677E-03
    3.830  1.8719E-03
    3.840  1.8824E-03
    3.850  1.9013E-03
    3.860  1.9298E-03
    3.870  1.9707E-03
    3.880  2.0245E-03
    3.890  2.0884E-03
    3.900  2.1596E-03
    3.910  2.2348E-03
    3.920  2.3123E-03
    3.930  2.3903E-03
    3.940  2.4691E-03
    3.950  2.5506E-03
    3.960  2.6376E-03
    3.970  2.7315E-03
    3.980  2.8320E-03
    3.990  2.9379E-03
    4.000  3.0489E-03
    4.010  3.1649E-03
    4.020  3.2827E-03
    4.030  3.3949E-03
    4.040  3.4898E-03
    4.050  3.5579E-03
    4.060  3.5985E-03
    4.070  3.6167E-03
    4.080  3.6214E-03
    4.090  3.6217E-03
    4.100  3.6244E-03
    4.110  3.6333E-03
    4.120  3.6487E-03
    4.130  3.6689E-03
    4.140  3.6919E-03
    4.150  3.7179E-03
    4.160  3.7498E-03
    4.170  3.7925E-03
    4.180  3.8502E-03
    4.190  3.9221E-03
    4.200  4.0015E-03
    4.210  4.0805E-03
    4.220  4.1550E-03
    4.230  4.2247E-03
    4.240  4.2904E-03
    4.250  4.3518E-03
    4.260  4.4065E-03
    4.270  4.4510E-03
    4.280  4.4826E-03
    4.290  4.5012E-03
    4.300  4.5094E-03
    4.310  4.5117E-03
    4.320  4.5119E-03
    4.330  4.5121E-03
    4.340  4.5127E-03
    4.350  4.5132E-03
    4.360  4.5133E-03
    4.370  4.5139E-03
    4.380  4.5181E-03
    4.390  4.5297E-03
    4.400  4.5492E-03
    4.410  4.5716E-03
    4.420  4.5894E-03
    4.430  4.5984E-03
    4.440  4.6004E-03
    4.450  4.6011E-03
    4.460  4.6087E-03
    4.470  4.6332E-03
    4.480  4.6852E-03
    4.490  4.7724E-03
    4.500  4.8931E-03
    4.510  5.0349E-03
    4.520  5.1738E-03
    4.530  5.2831E-03
    4.540  5.3494E-03
    4.550  5.3772E-03
    4.560  5.3837E-03
    4.570  5.3840E-03
    4.580  5.3846E-03
    4.590  5.3855E-03
    4.600  5.3861E-03
    4.610  5.3862E-03
    4.620  5.3868E-03
    4.630  5.3923E-03
    4.640  5.4116E-03
    4.650  5.4551E-03
    4.660  5.5257E-03
    4.670  5.6126E-03
    4.680  5.6972E-03
    4.690  5.7659E-03
    4.700  5.8177E-03
    4.710  5.8586E-03
    4.720  5.8948E-03
    4.730  5.9293E-03
    4.740  5.9587E-03
    4.750  5.9783E-03
    4.760  5.9880E-03
    4.770  5.9923E-03
    4.780  5.9957E-03
    4.790  6.0028E-03
    4.800  6.0217E-03
    4.810  6.0692E-03
    4.820  6.1668E-03
    4.830  6.3333E-03
    4.840  6.5826E-03
    4.850  6.9096E-03
    4.860  7.2826E-03
    4.870  7.6479E-03
    4.880  7.9517E-03
    4.890  8.1647E-03
    4.900  8.2893E-03
    4.910  8.3470E-03
    4.920  8.3640E-03
    4.930  8.3652E-03
    4.940  8.3709E-03
    4.950  8.3878E-03
    4.960  8.4079E-03
    4.970  8.4213E-03
    4.980  8.4254E-03
    4.990  8.4262E-03
    5.000  8.4356E-03
    5.010  8.4610E-03
    5.020  8.4943E-03
    5.030  8.5164E-03
    5.040  8.5213E-03
    5.050  8.5232E-03
    5.060  8.5382E-03
    5.070  8.5759E-03
    5.080  8.6397E-03
    5.090  8.7249E-03
    5.100  8.8179E-03
    5.110  8.9045E-03
    5.120  8.9769E-03
    5.130  9.0357E-03
    5.140  9.0862E-03
    5.150  9.1344E-03
    5.160  9.1848E-03
    5.170  9.2407E-03
    5.180  9.3036E-03
    5.190  9.3769E-03
    5.200  9.4677E-03
    5.210  9.5833E-03
    5.220  9.7264E-03
    5.230  9.8929E-03
    5.240  1.0079E-02
    5.250  1.0287E-02
    5.260  1.0529E-02
    5.270  1.0808E-02
    5.280  1.1104E-02
    5.290  1.1377E-02
    5.300  1.1586E-02
    5.310  1.1711E-02
    5.320  1.1761E-02
    5.330  1.1769E-02
    5.340  1.1774E-02
    5.350  1.1808E-02
    5.360  1.1890E-02
    5.370  1.2026E-02
    5.380  1.2211E-02
    5.390  1.2417E-02
    5.400  1.2610E-02
    5.410  1.2772E-02
    5.420  1.2912E-02
    5.430  1.3050E-02
    5.440  1.3195E-02
    5.450  1.3338E-02
    5.460  1.3452E-02
    5.470  1.3525E-02
    5.480  1.3562E-02
    5.490  1.3582E-02
    5.500  1.3596E-02
    5.510  1.3608E-02
    5.520  1.3621E-02
    5.530  1.3633E-02
    5.540  1.3636E-02
    5.550  1.3639E-02
    5.560  1.3659E-02
    5.570  1.3701E-02
    5.580  1.3751E-02
    5.590  1.3793E-02
    5.600  1.3822E-02
    5.610  1.3837E-02
    5.620  1.3840E-02
    5.630  1.3841E-02
    5.640  1.3860E-02
    5.650  1.3920E-02
    5.660  1.4010E-02
    5.670  1.4079E-02
    5.680  1.4101E-02
    5.690  1.4102E-02
    5.700  1.4115E-02
    5.710  1.4154E-02
    5.720  1.4239E-02
    5.730  1.4409E-02
    5.740  1.4731E-02
    5.750  1.5274E-02
    5.760  1.6050E-02
    5.770  1.6978E-02
    5.780  1.7906E-02
    5.790  1.8663E-02
    5.800  1.9122E-02
    5.810  1.9299E-02
    5.820  1.9328E-02
    5.830  1.9332E-02
    5.840  1.9356E-02
    5.850  1.9389E-02
    5.860  1.9415E-02
    5.870  1.9430E-02
    5.880  1.9435E-02
    5.890  1.9440E-02
    5.900  1.9516E-02
    5.910  1.9777E-02
    5.920  2.0268E-02
    5.930  2.0859E-02
    5.940  2.1338E-02
    5.950  2.1616E-02
    5.960  2.1761E-02
    5.970  2.1877E-02
    5.980  2.2041E-02
    5.990  2.2309E-02
    6.000  2.2663E-02
    6.010  2.2982E-02
    6.020  2.3169E-02
    6.030  2.3244E-02
    6.040  2.3279E-02
    6.050  2.3326E-02
    6.060  2.3433E-02
    6.070  2.3688E-02
    6.080  2.4319E-02
    6.090  2.5673E-02
    6.100  2.8063E-02
    6.110  3.1630E-02
    6.120  3.6141E-02
    6.130  4.0867E-02
    6.140  4.5025E-02
    6.150  4.8232E-02
    6.160  5.0368E-02
    6.170  5.1509E-02
    6.180  5.1930E-02
    6.190  5.1991E-02
    6.200  5.2013E-02
    6.210  5.2105E-02
    6.220  5.2194E-02
    6.230  5.2230E-02
    6.240  5.2234E-02
    6.250  5.2277E-02
    6.260  5.2491E-02
    6.270  5.3023E-02
    6.280  5.3847E-02
    6.290  5.4655E-02
    6.300  5.5206E-02
    6.310  5.5523E-02
    6.320  5.5702E-02
    6.330  5.5792E-02
    6.340  5.5828E-02
    6.350  5.5840E-02
    6.360  5.5849E-02
    6.370  5.5864E-02
    6.380  5.5895E-02
    6.390  5.5935E-02
    6.400  5.5957E-02
    6.410  5.5959E-02
    6.420  5.5997E-02
    6.430  5.6142E-02
    6.440  5.6397E-02
    6.450  5.6688E-02
    6.460  5.6978E-02
    6.470  5.7299E-02
    6.480  5.7696E-02
    6.490  5.8206E-02
    6.500  5.8864E-02
    6.510  5.9736E-02
    6.520  6.0985E-02
    6.530  6.2750E-02
    6.540  6.4854E-02
    6.550  6.6820E-02
    6.560  6.8178E-02
    6.570  6.8823E-02
    6.580  6.8994E-02
    6.590  6.9005E-02
    6.600  6.9103E-02
    6.610  6.9391E-02
    6.620  6.9878E-02
    6.630  7.0590E-02
    6.640  7.1532E-02
    6.650  7.2493E-02
    6.660  7.3177E-02
    6.670  7.3544E-02
    6.680  7.3785E-02
    6.690  7.4126E-02
    6.700  7.4761E-02
    6.710  7.5662E-02
    6.720  7.6610E-02
    6.730  7.7519E-02
    6.740  7.8437E-02
    6.750  7.9376E-02
    6.760  8.0334E-02
    6.770  8.1281E-02
    6.780  8.2072E-02
    6.790  8.2500E-02
    6.800  8.2576E-02
    6.810  8.2642E-02
    6.820  8.2981E-02
    6.830  8.3589E-02
    6.840  8.4362E-02
    6.850  8.5202E-02
    6.860  8.6038E-02
    6.870  8.6767E-02
    6.880  8.7225E-02
    6.890  8.7373E-02
    6.900  8.7383E-02
    6.910  8.7458E-02
    6.920  8.7631E-02
    6.930  8.7753E-02
    6.940  8.7769E-02
    6.950  8.7901E-02
    6.960  8.8372E-02
    6.970  8.9127E-02
    6.980  9.0080E-02
    6.990  9.1309E-02
    7.000  9.2892E-02
    7.010  9.4702E-02
    7.020  9.6559E-02
    7.030  9.8391E-02
    7.040  1.0004E-01
    7.050  1.0121E-01
    7.060  1.0179E-01
    7.070  1.0197E-01
    7.080  1.0199E-01
    7.090  1.0200E-01
    7.100  1.0202E-01
    7.110  1.0206E-01
    7.120  1.0207E-01
    7.130  1.0208E-01
    7.140  1.0215E-01
    7.150  1.0243E-01
    7.160  1.0301E-01
    7.170  1.0392E-01
    7.180  1.0520E-01
    7.190  1.0714E-01
    7.200  1.0982E-01
    7.210  1.1257E-01
    7.220  1.1451E-01
    7.230  1.1554E-01
    7.240  1.1603E-01
    7.250  1.1621E-01
    7.260  1.1624E-01
    7.270  1.1624E-01
    7.280  1.1625E-01
    7.290  1.1640E-01
    7.300  1.1687E-01
    7.310  1.1780E-01
    7.320  1.1928E-01
    7.330  1.2112E-01
    7.340  1.2315E-01
    7.350  1.2538E-01
    7.360  1.2787E-01
    7.370  1.3047E-01
    7.380  1.3291E-01
    7.390  1.3475E-01
    7.400  1.3565E-01
    7.410  1.3584E-01
    7.420  1.3586E-01
    7.430  1.3599E-01
    7.440  1.3618E-01
    7.450  1.3626E-01
    7.460  1.3627E-01
    7.470  1.3647E-01
    7.480  1.3704E-01
    7.490  1.3796E-01
    7.500  1.3909E-01
    7.510  1.4041E-01
    7.520  1.4209E-01
    7.530  1.4440E-01
    7.540  1.4736E-01
    7.550  1.5031E-01
    7.560  1.5244E-01
    7.570  1.5350E-01
    7.580  1.5375E-01
    7.590  1.5377E-01
    7.600  1.5414E-01
    7.610  1.5527E-01
    7.620  1.5709E-01
    7.630  1.5917E-01
    7.640  1.6138E-01
    7.650  1.6383E-01
    7.660  1.6662E-01
    7.670  1.6970E-01
    7.680  1.7261E-01
    7.690  1.7459E-01
    7.700  1.7552E-01
    7.710  1.7591E-01
    7.720  1.7614E-01
    7.730  1.7635E-01
    7.740  1.7660E-01
    7.750  1.7691E-01
    7.760  1.7732E-01
    7.770  1.7787E-01
    7.780  1.7869E-01
    7.790  1.7990E-01
    7.800  1.8153E-01
    7.810  1.8307E-01
    7.820  1.8394E-01
    7.830  1.8421E-01
    7.840  1.8423E-01
    7.850  1.8428E-01
    7.860  1.8465E-01
    7.870  1.8590E-01
    7.880  1.8886E-01
    7.890  1.9432E-01
    7.900  2.0214E-01
    7.910  2.1078E-01
    7.920  2.1846E-01
    7.930  2.2452E-01
    7.940  2.2943E-01
    7.950  2.3361E-01
    7.960  2.3684E-01
    7.970  2.3880E-01
    7.980  2.3967E-01
    7.990  2.3998E-01
    8.000  2.4011E-01
    8.010  2.4018E-01
    8.020  2.4023E-01
    8.030  2.4038E-01
    8.040  2.4070E-01
    8.050  2.4105E-01
    8.060  2.4134E-01
    8.070  2.4165E-01
    8.080  2.4224E-01
    8.090  2.4345E-01
    8.100  2.4556E-01
    8.110  2.4825E-01
    8.120  2.5058E-01
    8.130  2.5183E-01
    8.140  2.5222E-01
    8.150  2.5228E-01
    8.160  2.5229E-01
    8.170  2.5229E-01
    8.180  2.5231E-01
    8.190  2.5241E-01
    8.200  2.5277E-01
    8.210  2.5341E-01
    8.220  2.5391E-01
    8.230  2.5405E-01
    8.240  2.5406E-01
    8.250  2.5407E-01
    8.260  2.5439E-01
    8.270  2.5633E-01
    8.280  2.6130E-01
    8.290  2.6948E-01
    8.300  2.7955E-01
    8.310  2.8960E-01
    8.320  2.9786E-01
    8.330  3.0318E-01
    8.340  3.0553E-01
    8.350  3.0610E-01
    8.360  3.0614E-01
    8.370  3.0615E-01
    8.380  3.0626E-01
    8.390  3.0678E-01
    8.400  3.0794E-01
    8.410  3.0992E-01
    8.420  3.1253E-01
    8.430  3.1529E-01
    8.440  3.1807E-01
    8.450  3.2095E-01
    8.460  3.2379E-01
    8.470  3.2632E-01
    8.480  3.2862E-01
    8.490  3.3090E-01
    8.500  3.3309E-01
    8.510  3.3476E-01
    8.520  3.3558E-01
    8.530  3.3579E-01
    8.540  3.3582E-01
    8.550  3.3583E-01
    8.560  3.3584E-01
    8.570  3.3585E-01
    8.580  3.3588E-01
    8.590  3.3600E-01
    8.600  3.3616E-01
    8.610  3.3627E-01
    8.620  3.3632E-01
    8.630  3.3633E-01
    8.640  3.3633E-01
    8.650  3.3633E-01
    8.660  3.3635E-01
    8.670  3.3641E-01
    8.680  3.3648E-01
    8.690  3.3660E-01
    8.700  3.3687E-01
    8.710  3.3751E-01
    8.720  3.3872E-01
    8.730  3.4063E-01
    8.740  3.4330E-01
    8.750  3.4685E-01
    8.760  3.5167E-01
    8.770  3.5831E-01
    8.780  3.6694E-01
    8.790  3.7682E-01
    8.800  3.8660E-01
    8.810  3.9515E-01
    8.820  4.0216E-01
    8.830  4.0822E-01
    8.840  4.1349E-01
    8.850  4.1749E-01
    8.860  4.2015E-01
    8.870  4.2194E-01
    8.880  4.2335E-01
    8.890  4.2457E-01
    8.900  4.2554E-01
    8.910  4.2610E-01
    8.920  4.2623E-01
    8.930  4.2625E-01
    8.940  4.2633E-01
    8.950  4.2637E-01
    8.960  4.2639E-01
    8.970  4.2649E-01
    8.980  4.2673E-01
    8.990  4.2720E-01
    9.000  4.2799E-01
    9.010  4.2898E-01
    9.020  4.2989E-01
    9.030  4.3054E-01
    9.040  4.3092E-01
    9.050  4.3110E-01
    9.060  4.3114E-01
    9.070  4.3120E-01
    9.080  4.3179E-01
    9.090  4.3368E-01
    9.100  4.3797E-01
    9.110  4.4600E-01
    9.120  4.5816E-01
    9.130  4.7339E-01
    9.140  4.9018E-01
    9.150  5.0716E-01
    9.160  5.2326E-01
    9.170  5.3761E-01
    9.180  5.4944E-01
    9.190  5.5865E-01
    9.200  5.6578E-01
    9.210  5.7116E-01
    9.220  5.7453E-01
    9.230  5.7596E-01
    9.240  5.7633E-01
    9.250  5.7638E-01
    9.260  5.7638E-01
    9.270  5.7639E-01
    9.280  5.7645E-01
    9.290  5.7651E-01
    9.300  5.7654E-01
    9.310  5.7656E-01
    9.320  5.7658E-01
    9.330  5.7664E-01
    9.340  5.7690E-01
    9.350  5.7780E-01
    9.360  5.8002E-01
    9.370  5.8382E-01
    9.380  5.8816E-01
    9.390  5.9148E-01
    9.400  5.9336E-01
    9.410  5.9436E-01
    9.420  5.9510E-01
    9.430  5.9586E-01
    9.440  5.9663E-01
    9.450  5.9725E-01
    9.460  5.9757E-01
    9.470  5.9764E-01
    9.480  5.9764E-01
    9.490  5.9765E-01
    9.500  5.9765E-01
    9.510  5.9766E-01
    9.520  5.9768E-01
    9.530  5.9772E-01
    9.540  5.9773E-01
    9.550  5.9792E-01
    9.560  5.9924E-01
    9.570  6.0294E-01
    9.580  6.0949E-01
    9.590  6.1836E-01
    9.600  6.2857E-01
    9.610  6.3979E-01
    9.620  6.5300E-01
    9.630  6.6944E-01
    9.640  6.8879E-01
    9.650  7.0856E-01
    9.660  7.2540E-01
    9.670  7.3780E-01
    9.680  7.4666E-01
    9.690  7.5303E-01
    9.700  7.5729E-01
    9.710  7.5941E-01
    9.720  7.5990E-01
    9.730  7.5993E-01
    9.740  7.6012E-01
    9.750  7.6049E-01
    9.760  7.6085E-01
    9.770  7.6103E-01
    9.780  7.6107E-01
    9.790  7.6110E-01
    9.800  7.6144E-01
    9.810  7.6254E-01
    9.820  7.6459E-01
    9.830  7.6731E-01
    9.840  7.7037E-01
    9.850  7.7353E-01
    9.860  7.7651E-01
    9.870  7.7893E-01
    9.880  7.8040E-01
    9.890  7.8091E-01
    9.900  7.8096E-01
    9.910  7.8111E-01
    9.920  7.8158E-01
    9.930  7.8230E-01
    9.940  7.8324E-01
    9.950  7.8427E-01
    9.960  7.8523E-01
    9.970  7.8614E-01
    9.980  7.8717E-01
    9.990  7.8861E-01
   10.000  7.9091E-01
   10.010  7.9466E-01
   10.020  8.0025E-01
   10.030  8.0751E-01
   10.040  8.1548E-01
   10.050  8.2283E-01
   10.060  8.2881E-01
   10.070  8.3357E-01
   10.080  8.3774E-01
   10.090  8.4177E-01
   10.100  8.4555E-01
   10.110  8.4846E-01
   10.120  8.5014E-01
   10.130  8.5091E-01
   10.140  8.5125E-01
   10.150  8.5140E-01
   10.160  8.5152E-01
   10.170  8.5178E-01
   10.180  8.5236E-01
   10.190  8.5337E-01
   10.200  8.5471E-01
   10.210  8.5623E-01
   10.220  8.5784E-01
   10.230  8.5943E-01
   10.240  8.6095E-01
   10.250  8.6246E-01
   10.260  8.6395E-01
   10.270  8.6550E-01
   10.280  8.6725E-01
   10.290  8.6926E-01
   10.300  8.7146E-01
   10.310  8.7366E-01
   10.320  8.7541E-01
   10.330  8.7631E-01
   10.340  8.7651E-01
   10.350  8.7653E-01
   10.360  8.7665E-01
   10.370  8.7685E-01
   10.380  8.7703E-01
   10.390  8.7718E-01
   10.400  8.7734E-01
   10.410  8.7760E-01
   10.420  8.7808E-01
   10.430  8.7885E-01
   10.440  8.7980E-01
   10.450  8.8075E-01
   10.460  8.8156E-01
   10.470  8.8221E-01
   10.480  8.8283E-01
   10.490  8.8354E-01
   10.500  8.8440E-01
   10.510  8.8540E-01
   10.520  8.8635E-01
   10.530  8.8708E-01
   10.540  8.8754E-01
   10.550  8.8780E-01
   10.560  8.8793E-01
   10.570  8.8801E-01
   10.580  8.8815E-01
   10.590  8.8844E-01
   10.600  8.8891E-01
   10.610  8.8937E-01
   10.620  8.8967E-01
   10.630  8.8982E-01
   10.640  8.8994E-01
   10.650  8.9016E-01
   10.660  8.9055E-01
   10.670  8.9094E-01
   10.680  8.9115E-01
   10.690  8.9121E-01
   10.700  8.9123E-01
   10.710  8.9123E-01
   10.720  8.9123E-01
   10.730  8.9124E-01
   10.740  8.9124E-01
   10.750  8.9125E-01
   10.760  8.9128E-01
   10.770  8.9129E-01
   10.780  8.9133E-01
   10.790  8.9155E-01
   10.800  8.9189E-01
   10.810  8.9221E-01
   10.820  8.9255E-01
   10.830  8.9303E-01
   10.840  8.9364E-01
   10.850  8.9438E-01
   10.860  8.9529E-01
   10.870  8.9631E-01
   10.880  8.9739E-01
   10.890  8.9848E-01
   10.900  8.9959E-01
   10.910  9.0063E-01
   10.920  9.0150E-01
   10.930  9.0220E-01
   10.940  9.0289E-01
   10.950  9.0373E-01
   10.960  9.0463E-01
   10.970  9.0515E-01
   10.980  9.0522E-01
   10.990  9.0531E-01
   11.000  9.0555E-01
   11.010  9.0574E-01
   11.020  9.0581E-01
   11.030  9.0582E-01
   11.040  9.0582E-01
   11.050  9.0583E-01
   11.060  9.0583E-01
   11.070  9.0584E-01
   11.080  9.0587E-01
   11.090  9.0600E-01
   11.100  9.0629E-01
   11.110  9.0682E-01
   11.120  9.0765E-01
   11.130  9.0874E-01
   11.140  9.0987E-01
   11.150  9.1076E-01
   11.160  9.1130E-01
   11.170  9.1154E-01
   11.180  9.1160E-01
   11.190  9.1161E-01
   11.200  9.1171E-01
   11.210  9.1196E-01
   11.220  9.1238E-01
   11.230  9.1299E-01
   11.240  9.1388E-01
   11.250  9.1503E-01
   11.260  9.1633E-01
   11.270  9.1782E-01
   11.280  9.1980E-01
   11.290  9.2224E-01
   11.300  9.2451E-01
   11.310  9.2600E-01
   11.320  9.2674E-01
   11.330  9.2703E-01
   11.340  9.2710E-01
   11.350  9.2711E-01
   11.360  9.2729E-01
   11.370  9.2798E-01
   11.380  9.2951E-01
   11.390  9.3178E-01
   11.400  9.3424E-01
   11.410  9.3619E-01
   11.420  9.3721E-01
   11.430  9.3743E-01
   11.440  9.3748E-01
   11.450  9.3789E-01
   11.460  9.3881E-01
   11.470  9.3983E-01
   11.480  9.4050E-01
   11.490  9.4081E-01
   11.500  9.4095E-01
   11.510  9.4109E-01
   11.520  9.4129E-01
   11.530  9.4162E-01
   11.540  9.4212E-01
   11.550  9.4282E-01
   11.560  9.4381E-01
   11.570  9.4515E-01
   11.580  9.4669E-01
   11.590  9.4811E-01
   11.600  9.4926E-01
   11.610  9.5013E-01
   11.620  9.5075E-01
   11.630  9.5116E-01
   11.640  9.5141E-01
   11.650  9.5153E-01
   11.660  9.5157E-01
   11.670  9.5157E-01
   11.680  9.5163E-01
   11.690  9.5181E-01
   11.700  9.5209E-01
   11.710  9.5230E-01
   11.720  9.5240E-01
   11.730  9.5243E-01
   11.740  9.5244E-01
   11.750  9.5245E-01
   11.760  9.5245E-01
   11.770  9.5246E-01
   11.780  9.5246E-01
   11.790  9.5248E-01
   11.800  9.5257E-01
   11.810  9.5277E-01
   11.820  9.5300E-01
   11.830  9.5319E-01
   11.840  9.5329E-01
   11.850  9.5332E-01
   11.860  9.5333E-01
   11.870  9.5335E-01
   11.880  9.5338E-01
   11.890  9.5345E-01
   11.900  9.5354E-01
   11.910  9.5362E-01
   11.920  9.5365E-01
   11.930  9.5366E-01
   11.940  9.5371E-01
   11.950  9.5390E-01
   11.960  9.5430E-01
   11.970  9.5489E-01
   11.980  9.5556E-01
   11.990  9.5616E-01
   12.000  9.5659E-01
   12.010  9.5683E-01
   12.020  9.5693E-01
   12.030  9.5695E-01
   12.040  9.5697E-01
   12.050  9.5715E-01
   12.060  9.5758E-01
   12.070  9.5815E-01
   12.080  9.5863E-01
   12.090  9.5885E-01
   12.100  9.5891E-01
   12.110  9.5891E-01
   12.120  9.5892E-01
   12.130  9.5895E-01
   12.140  9.5897E-01
   12.150  9.5899E-01
   12.160  9.5906E-01
   12.170  9.5918E-01
   12.180  9.5930E-01
   12.190  9.5939E-01
   12.200  9.5945E-01
   12.210  9.5949E-01
   12.220  9.5951E-01
   12.230  9.5951E-01
   12.240  9.5952E-01
   12.250  9.5959E-01
   12.260  9.5973E-01
   12.270  9.5991E-01
   12.280  9.6012E-01
   12.290  9.6032E-01
   12.300  9.6051E-01
   12.310  9.6062E-01
   12.320  9.6065E-01
   12.330  9.6068E-01
   12.340  9.6094E-01
   12.350  9.6163E-01
   12.360  9.6278E-01
   12.370  9.6423E-01
   12.380  9.6576E-01
   12.390  9.6717E-01
   12.400  9.6837E-01
   12.410  9.6939E-01
   12.420  9.7028E-01
   12.430  9.7098E-01
   12.440  9.7144E-01
   12.450  9.7171E-01
   12.460  9.7189E-01
   12.470  9.7203E-01
   12.480  9.7215E-01
   12.490  9.7229E-01
   12.500  9.7248E-01
   12.510  9.7271E-01
   12.520  9.7288E-01
   12.530  9.7292E-01
   12.540  9.7294E-01
   12.550  9.7308E-01
   12.560  9.7337E-01
   12.570  9.7377E-01
   12.580  9.7425E-01
   12.590  9.7473E-01
   12.600  9.7509E-01
   12.610  9.7527E-01
   12.620  9.7531E-01
   12.630  9.7534E-01
   12.640  9.7553E-01
   12.650  9.7594E-01
   12.660  9.7640E-01
   12.670  9.7673E-01
   12.680  9.7688E-01
   12.690  9.7691E-01
   12.700  9.7691E-01
   12.710  9.7691E-01
   12.720  9.7693E-01
   12.730  9.7697E-01
   12.740  9.7705E-01
   12.750  9.7723E-01
   12.760  9.7749E-01
   12.770  9.7778E-01
   12.780  9.7803E-01
   12.790  9.7818E-01
   12.800  9.7826E-01
   12.810  9.7827E-01
   12.820  9.7827E-01
   12.830  9.7828E-01
   12.840  9.7828E-01
   12.850  9.7828E-01
   12.860  9.7829E-01
   12.870  9.7829E-01
   12.880  9.7830E-01
   12.890  9.7832E-01
   12.900  9.7843E-01
   12.910  9.7862E-01
   12.920  9.7883E-01
   12.930  9.7904E-01
   12.940  9.7922E-01
   12.950  9.7940E-01
   12.960  9.7956E-01
   12.970  9.7971E-01
   12.980  9.7982E-01
   12.990  9.7987E-01
   13.000  9.7987E-01
   13.010  9.7988E-01
   13.020  9.7991E-01
   13.030  9.7995E-01
   13.040  9.7997E-01
   13.050  9.7997E-01
   13.060  9.7999E-01
   13.070  9.8001E-01
   13.080  9.8003E-01
   13.090  9.8004E-01
   13.100  9.8004E-01
   13.110  9.8004E-01
   13.120  9.8004E-01
   13.130  9.8005E-01
   13.140  9.8005E-01
   13.150  9.8005E-01
   13.160  9.8005E-01
   13.170  9.8005E-01
   13.180  9.8005E-01
   13.190  9.8006E-01
   13.200  9.8009E-01
   13.210  9.8014E-01
   13.220  9.8020E-01
   13.230  9.8025E-01
   13.240  9.8027E-01
   13.250  9.8027E-01
   13.260  9.8029E-01
   13.270  9.8035E-01
   13.280  9.8043E-01
   13.290  9.8051E-01
   13.300  9.8060E-01
   13.310  9.8069E-01
   13.320  9.8076E-01
   13.330  9.8081E-01
   13.340  9.8083E-01
   13.350  9.8084E-01
   13.360  9.8091E-01
   13.370  9.8109E-01
   13.380  9.8131E-01
   13.390  9.8148E-01
   13.400  9.8157E-01
   13.410  9.8162E-01
   13.420  9.8164E-01
   13.430  9.8167E-01
   13.440  9.8168E-01
   13.450  9.8171E-01
   13.460  9.8175E-01
   13.470  9.8182E-01
   13.480  9.8191E-01
   13.490  9.8201E-01
   13.500  9.8210E-01
   13.510  9.8217E-01
   13.520  9.8221E-01
   13.530  9.8224E-01
   13.540  9.8226E-01
   13.550  9.8228E-01
   13.560  9.8231E-01
   13.570  9.8235E-01
   13.580  9.8242E-01
   13.590  9.8255E-01
   13.600  9.8275E-01
   13.610  9.8298E-01
   13.620  9.8324E-01
   13.630  9.8359E-01
   13.640  9.8407E-01
   13.650  9.8472E-01
   13.660  9.8549E-01
   13.670  9.8626E-01
   13.680  9.8699E-01
   13.690  9.8763E-01
   13.700  9.8817E-01
   13.710  9.8860E-01
   13.720  9.8891E-01
   13.730  9.8912E-01
   13.740  9.8925E-01
   13.750  9.8936E-01
   13.760  9.8948E-01
   13.770  9.8962E-01
   13.780  9.8976E-01
   13.790  9.8988E-01
   13.800  9.8993E-01
   13.810  9.8994E-01
   13.820  9.8996E-01
   13.830  9.9003E-01
   13.840  9.9015E-01
   13.850  9.9029E-01
   13.860  9.9044E-01
   13.870  9.9058E-01
   13.880  9.9069E-01
   13.890  9.9074E-01
   13.900  9.9076E-01
   13.910  9.9076E-01
   13.920  9.9076E-01
   13.930  9.9076E-01
   13.940  9.9077E-01
   13.950  9.9079E-01
   13.960  9.9081E-01
   13.970  9.9084E-01
   13.980  9.9089E-01
   13.990  9.9096E-01
   14.000  9.9107E-01
   14.010  9.9121E-01
   14.020  9.9135E-01
   14.030  9.9149E-01
   14.040  9.9159E-01
   14.050  9.9166E-01
   14.060  9.9170E-01
   14.070  9.9173E-01
   14.080  9.9178E-01
   14.090  9.9182E-01
   14.100  9.9186E-01
   14.110  9.9187E-01
   14.120  9.9187E-01
   14.130  9.9191E-01
   14.140  9.9205E-01
   14.150  9.9232E-01
   14.160  9.9270E-01
   14.170  9.9314E-01
   14.180  9.9357E-01
   14.190  9.9393E-01
   14.200  9.9423E-01
   14.210  9.9448E-01
   14.220  9.9468E-01
   14.230  9.9484E-01
   14.240  9.9496E-01
   14.250  9.9505E-01
   14.260  9.9513E-01
   14.270  9.9518E-01
   14.280  9.9524E-01
   14.290  9.9529E-01
   14.300  9.9534E-01
   14.310  9.9539E-01
   14.320  9.9544E-01
   14.330  9.9551E-01
   14.340  9.9561E-01
   14.350  9.9574E-01
   14.360  9.9587E-01
   14.370  9.9596E-01
   14.380  9.9601E-01
   14.390  9.9603E-01
   14.400  9.9603E-01
   14.410  9.9603E-01
   14.420  9.9604E-01
   14.430  9.9604E-01
   14.440  9.9605E-01
   14.450  9.9607E-01
   14.460  9.9609E-01
   14.470  9.9611E-01
   14.480  9.9614E-01
   14.490  9.9619E-01
   14.500  9.9624E-01
   14.510  9.9628E-01
   14.520  9.9631E-01
   14.530  9.9633E-01
   14.540  9.9635E-01
   14.550  9.9637E-01
   14.560  9.9638E-01
   14.570  9.9638E-01
   14.580  9.9638E-01
   14.590  9.9638E-01
   14.600  9.9639E-01
   14.610  9.9639E-01
   14.620  9.9639E-01
   14.630  9.9639E-01
   14.640  9.9640E-01
   14.650  9.9642E-01
   14.660  9.9645E-01
   14.670  9.9650E-01
   14.680  9.9657E-01
   14.690  9.9664E-01
   14.700  9.9671E-01
   14.710  9.9675E-01
   14.720  9.9679E-01
   14.730  9.9681E-01
   14.740  9.9683E-01
   14.750  9.9685E-01
   14.760  9.9687E-01
   14.770  9.9689E-01
   14.780  9.9692E-01
   14.790  9.9695E-01
   14.800  9.9699E-01
   14.810  9.9705E-01
   14.820  9.9713E-01
   14.830  9.9722E-01
   14.840  9.9732E-01
   14.850  9.9742E-01
   14.860  9.9752E-01
   14.870  9.9759E-01
   14.880  9.9763E-01
   14.890  9.9767E-01
   14.900  9.9770E-01
   14.910  9.9774E-01
   14.920  9.9780E-01
   14.930  9.9786E-01
   14.940  9.9794E-01
   14.950  9.9804E-01
   14.960  9.9813E-01
   14.970  9.9821E-01
   14.980  9.9828E-01
   14.990  9.9832E-01
   15.000  9.9835E-01
   15.010  9.9837E-01
   15.020  9.9839E-01
   15.030  9.9841E-01
   15.040  9.9843E-01
   15.050  9.9845E-01
   15.060  9.9846E-01
   15.070  9.9846E-01
   15.080  9.9846E-01
   15.090  9.9847E-01
   15.100  9.9849E-01
   15.110  9.9850E-01
   15.120  9.9850E-01
   15.130  9.9850E-01
   15.140  9.9850E-01
   15.150  9.9850E-01
   15.160  9.9850E-01
   15.170  9.9851E-01
   15.180  9.9851E-01
   15.190  9.9851E-01
   15.200  9.9851E-01
   15.210  9.9851E-01
   15.220  9.9851E-01
   15.230  9.9851E-01
   15.240  9.9851E-01
   15.250  9.9852E-01
   15.260  9.9852E-01
   15.270  9.9853E-01
   15.280  9.9854E-01
   15.290  9.9854E-01
   15.300  9.9854E-01
   15.310  9.9854E-01
   15.320  9.9854E-01
   15.330  9.9854E-01
   15.340  9.9855E-01
   15.350  9.9855E-01
   15.360  9.9855E-01
   15.370  9.9855E-01
   15.380  9.9855E-01
   15.390  9.9856E-01
   15.400  9.9857E-01
   15.410  9.9859E-01
   15.420  9.9861E-01
   15.430  9.9864E-01
   15.440  9.9868E-01
   15.450  9.9871E-01
   15.460  9.9873E-01
   15.470  9.9876E-01
   15.480  9.9877E-01
   15.490  9.9879E-01
   15.500  9.9880E-01
   15.510  9.9880E-01
   15.520  9.9880E-01
   15.530  9.9880E-01
   15.540  9.9880E-01
   15.550  9.9880E-01
   15.560  9.9880E-01
   15.570  9.9880E-01
   15.580  9.9880E-01
   15.590  9.9880E-01
   15.600  9.9880E-01
   15.610  9.9881E-01
   15.620  9.9882E-01
   15.630  9.9882E-01
   15.640  9.9882E-01
   15.650  9.9882E-01
   15.660  9.9882E-01
   15.670  9.9883E-01
   15.680  9.9883E-01
   15.690  9.9884E-01
   15.700  9.9884E-01
   15.710  9.9884E-01
   15.720  9.9884E-01
   15.730  9.9885E-01
   15.740  9.9885E-01
   15.750  9.9885E-01
   15.760  9.9885E-01
   15.770  9.9885E-01
   15.780  9.9885E-01
   15.790  9.9885E-01
   15.800  9.9885E-01
   15.810  9.9885E-01
   15.820  9.9885E-01
   15.830  9.9885E-01
   15.840  9.9885E-01
   15.850  9.9885E-01
   15.860  9.9885E-01
   15.870  9.9885E-01
   15.880  9.9885E-01
   15.890  9.9885E-01
   15.900  9.9885E-01
   15.910  9.9885E-01
   15.920  9.9885E-01
   15.930  9.9885E-01
   15.940  9.9885E-01
   15.950  9.9886E-01
   15.960  9.9886E-01
   15.970  9.9886E-01
   15.980  9.9886E-01
   15.990  9.9886E-01
   16.000  9.9886E-01
   16.010  9.9886E-01
   16.020  9.9886E-01
   16.030  9.9886E-01
   16.040  9.9886E-01
   16.050  9.9886E-01
   16.060  9.9887E-01
   16.070  9.9887E-01
   16.080  9.9888E-01
   16.090  9.9889E-01
   16.100  9.9891E-01
   16.110  9.9892E-01
   16.120  9.9894E-01
   16.130  9.9895E-01
   16.140  9.9896E-01
   16.150  9.9896E-01
   16.160  9.9897E-01
   16.170  9.9897E-01
   16.180  9.9898E-01
   16.190  9.9899E-01
   16.200  9.9900E-01
   16.210  9.9900E-01
   16.220  9.9901E-01
   16.230  9.9902E-01
   16.240  9.9902E-01
   16.250  9.9903E-01
   16.260  9.9903E-01
   16.270  9.9904E-01
   16.280  9.9904E-01
   16.290  9.9904E-01
   16.300  9.9905E-01
   16.310  9.9905E-01
   16.320  9.9905E-01
   16.330  9.9905E-01
   16.340  9.9905E-01
   16.350  9.9905E-01
   16.360  9.9905E-01
   16.370  9.9905E-01
   16.380  9.9905E-01
   16.390  9.9905E-01
   16.400  9.9905E-01
   16.410  9.9905E-01
   16.420  9.9906E-01
   16.430  9.9906E-01
   16.440  9.9906E-01
   16.450  9.9906E-01
   16.460  9.9906E-01
   16.470  9.9906E-01
   16.480  9.9906E-01
   16.490  9.9906E-01
   16.500  9.9906E-01
   16.510  9.9906E-01
   16.520  9.9906E-01
   16.530  9.9906E-01
   16.540  9.9907E-01
   16.550  9.9907E-01
   16.560  9.9907E-01
   16.570  9.9907E-01
   16.580  9.9907E-01
   16.590  9.9907E-01
   16.600  9.9908E-01
   16.610  9.9908E-01
   16.620  9.9908E-01
   16.630  9.9908E-01
   16.640  9.9908E-01
   16.650  9.9908E-01
   16.660  9.9908E-01
   16.670  9.9908E-01
   16.680  9.9908E-01
   16.690  9.9909E-01
   16.700  9.9909E-01
   16.710  9.9909E-01
   16.720  9.9910E-01
   16.730  9.9910E-01
   16.740  9.9910E-01
   16.750  9.9910E-01
   16.760  9.9911E-01
   16.770  9.9911E-01
   16.780  9.9911E-01
   16.790  9.9911E-01
   16.800  9.9911E-01
   16.810  9.9911E-01
   16.820  9.9911E-01
   16.830  9.9911E-01
   16.840  9.9911E-01
   16.850  9.9911E-01
   16.860  9.9911E-01
   16.870  9.9911E-01
   16.880  9.9911E-01
   16.890  9.9911E-01
   16.900  9.9912E-01
   16.910  9.9912E-01
   16.920  9.9912E-01
   16.930  9.9912E-01
   16.940  9.9912E-01
   16.950  9.9912E-01
   16.960  9.9912E-01
   16.970  9.9912E-01
   16.980  9.9912E-01
   16.990  9.9912E-01
   17.000  9.9912E-01
   17.010  9.9912E-01
   17.020  9.9912E-01
   17.030  9.9912E-01
   17.040  9.9912E-01
   17.050  9.9912E-01
   17.060  9.9912E-01
   17.070  9.9912E-01
   17.080  9.9912E-01
   17.090  9.9912E-01
   17.100  9.9912E-01
   17.110  9.9912E-01
   17.120  9.9912E-01
   17.130  9.9912E-01
   17.140  9.9912E-01
   17.150  9.9913E-01
   17.160  9.9913E-01
   17.170  9.9913E-01
   17.180  9.9913E-01
   17.190  9.9913E-01
   17.200  9.9913E-01
   17.210  9.9913E-01
   17.220  9.9913E-01
   17.230  9.9913E-01
   17.240  9.9914E-01
   17.250  9.9914E-01
   17.260  9.9914E-01
   17.270  9.9914E-01
   17.280  9.9914E-01
   17.290  9.9914E-01
   17.300  9.9914E-01
   17.310  9.9914E-01
   17.320  9.9914E-01
   17.330  9.9914E-01
   17.340  9.9915E-01
   17.350  9.9915E-01
   17.360  9.9916E-01
   17.370  9.9916E-01
   17.380  9.9916E-01
   17.390  9.9917E-01
   17.400  9.9917E-01
   17.410  9.9917E-01
   17.420  9.9917E-01
   17.430  9.9917E-01
   17.440  9.9917E-01
   17.450  9.9918E-01
   17.460  9.9918E-01
   17.470  9.9918E-01
   17.480  9.9918E-01
   17.490  9.9918E-01
   17.500  9.9919E-01
   17.510  9.9919E-01
   17.520  9.9919E-01
   17.530  9.9919E-01
   17.540  9.9919E-01
   17.550  9.9919E-01
   17.560  9.9919E-01
   17.570  9.9919E-01
   17.580  9.9919E-01
   17.590  9.9919E-01
   17.600  9.9919E-01
   17.610  9.9919E-01
   17.620  9.9919E-01
   17.630  9.9919E-01
   17.640  9.9919E-01
   17.650  9.9919E-01
   17.660  9.9919E-01
   17.670  9.9919E-01
   17.680  9.9919E-01
   17.690  9.9919E-01
   17.700  9.9919E-01
   17.710  9.9919E-01
   17.720  9.9919E-01
   17.730  9.9919E-01
   17.740  9.9919E-01
   17.750  9.9919E-01
   17.760  9.9919E-01
   17.770  9.9919E-01
   17.780  9.9919E-01
   17.790  9.9920E-01
   17.800  9.9920E-01
   17.810  9.9920E-01
   17.820  9.9920E-01
   17.830  9.9920E-01
   17.840  9.9920E-01
   17.850  9.9920E-01
   17.860  9.9920E-01
   17.870  9.9920E-01
   17.880  9.9920E-01
   17.890  9.9920E-01
   17.900  9.9920E-01
   17.910  9.9920E-01
   17.920  9.9920E-01
   17.930  9.9920E-01
   17.940  9.9920E-01
   17.950  9.9920E-01
   17.960  9.9920E-01
   17.970  9.9921E-01
   17.980  9.9921E-01
   17.990  9.9921E-01
   18.000  9.9921E-01
   18.010  9.9921E-01
   18.020  9.9922E-01
   18.030  9.9922E-01
   18.040  9.9922E-01
   18.050  9.9922E-01
   18.060  9.9922E-01
   18.070  9.9922E-01
   18.080  9.9922E-01
   18.090  9.9922E-01
   18.100  9.9922E-01
   18.110  9.9922E-01
   18.120  9.9922E-01
   18.130  9.9922E-01
   18.140  9.9922E-01
   18.150  9.9922E-01
   18.160  9.9922E-01
   18.170  9.9922E-01
   18.180  9.9922E-01
   18.190  9.9922E-01
   18.200  9.9922E-01
   18.210  9.9922E-01
   18.220  9.9922E-01
   18.230  9.9922E-01
   18.240  9.9922E-01
   18.250  9.9922E-01
   18.260  9.9922E-01
   18.270  9.9922E-01
   18.280  9.9922E-01
   18.290  9.9922E-01
   18.300  9.9922E-01
   18.310  9.9922E-01
   18.320  9.9922E-01
   18.330  9.9922E-01
   18.340  9.9922E-01
   18.350  9.9922E-01
   18.360  9.9922E-01
   18.370  9.9922E-01
   18.380  9.9922E-01
   18.390  9.9922E-01
   18.400  9.9922E-01
   18.410  9.9922E-01
   18.420  9.9922E-01
   18.430  9.9922E-01
   18.440  9.9922E-01
   18.450  9.9922E-01
   18.460  9.9922E-01
   18.470  9.9923E-01
   18.480  9.9923E-01
   18.490  9.9923E-01
   18.500  9.9923E-01
   18.510  9.9923E-01
   18.520  9.9923E-01
   18.530  9.9923E-01
   18.540  9.9923E-01
   18.550  9.9923E-01
   18.560  9.9923E-01
   18.570  9.9923E-01
   18.580  9.9923E-01
   18.590  9.9923E-01
   18.600  9.9924E-01
   18.610  9.9924E-01
   18.620  9.9924E-01
   18.630  9.9925E-01
   18.640  9.9925E-01
   18.650  9.9926E-01
   18.660  9.9926E-01
   18.670  9.9926E-01
   18.680  9.9927E-01
   18.690  9.9927E-01
   18.700  9.9927E-01
   18.710  9.9927E-01
   18.720  9.9928E-01
   18.730  9.9928E-01
   18.740  9.9928E-01
   18.750  9.9928E-01
   18.760  9.9929E-01
   18.770  9.9929E-01
   18.780  9.9929E-01
   18.790  9.9929E-01
   18.800  9.9929E-01
   18.810  9.9930E-01
   18.820  9.9930E-01
   18.830  9.9930E-01
   18.840  9.9930E-01
   18.850  9.9930E-01
   18.860  9.9930E-01
   18.870  9.9930E-01
   18.880  9.9930E-01
   18.890  9.9930E-01
   18.900  9.9930E-01
   18.910  9.9930E-01
   18.920  9.9930E-01
   18.930  9.9930E-01
   18.940  9.9930E-01
   18.950  9.9931E-01
   18.960  9.9931E-01
   18.970  9.9931E-01
   18.980  9.9931E-01
   18.990  9.9932E-01
   19.000  9.9932E-01
   19.010  9.9932E-01
   19.020  9.9932E-01
   19.030  9.9932E-01
   19.040  9.9932E-01
   19.050  9.9932E-01
   19.060  9.9932E-01
   19.070  9.9932E-01
   19.080  9.9932E-01
   19.090  9.9932E-01
   19.100  9.9932E-01
   19.110  9.9932E-01
   19.120  9.9932E-01
   19.130  9.9932E-01
   19.140  9.9933E-01
   19.150  9.9933E-01
   19.160  9.9933E-01
   19.170  9.9933E-01
   19.180  9.9933E-01
   19.190  9.9933E-01
   19.200  9.9933E-01
   19.210  9.9933E-01
   19.220  9.9933E-01
   19.230  9.9934E-01
   19.240  9.9934E-01
   19.250  9.9934E-01
   19.260  9.9934E-01
   19.270  9.9935E-01
   19.280  9.9935E-01
   19.290  9.9935E-01
   19.300  9.9935E-01
   19.310  9.9936E-01
   19.320  9.9936E-01
   19.330  9.9936E-01
   19.340  9.9936E-01
   19.350  9.9936E-01
   19.360  9.9936E-01
   19.370  9.9936E-01
   19.380  9.9936E-01
   19.390  9.9936E-01
   19.400  9.9936E-01
   19.410  9.9936E-01
   19.420  9.9936E-01
   19.430  9.9936E-01
   19.440  9.9936E-01
   19.450  9.9937E-01
   19.460  9.9937E-01
   19.470  9.9937E-01
   19.480  9.9937E-01
   19.490  9.9937E-01
   19.500  9.9937E-01
   19.510  9.9937E-01
   19.520  9.9937E-01
   19.530  9.9937E-01
   19.540  9.9937E-01
   19.550  9.9937E-01
   19.560  9.9938E-01
   19.570  9.9938E-01
   19.580  9.9938E-01
   19.590  9.9938E-01
   19.600  9.9938E-01
   19.610  9.9938E-01
   19.620  9.9938E-01
   19.630  9.9938E-01
   19.640  9.9938E-01
   19.650  9.9938E-01
   19.660  9.9938E-01
   19.670  9.9938E-01
   19.680  9.9938E-01
   19.690  9.9938E-01
   19.700  9.9938E-01
   19.710  9.9938E-01
   19.720  9.9938E-01
   19.730  9.9938E-01
   19.740  9.9938E-01
   19.750  9.9938E-01
   19.760  9.9938E-01
   19.770  9.9939E-01
   19.780  9.9939E-01
   19.790  9.9939E-01
   19.800  9.9939E-01
   19.810  9.9939E-01
   19.820  9.9939E-01
   19.830  9.9939E-01
   19.840  9.9939E-01
   19.850  9.9939E-01
   19.860  9.9939E-01
   19.870  9.9939E-01
   19.880  9.9940E-01
   19.890  9.9940E-01
   19.900  9.9940E-01
   19.910  9.9941E-01
   19.920  9.9941E-01
   19.930  9.9941E-01
   19.940  9.9941E-01
   19.950  9.9942E-01
   19.960  9.9942E-01
   19.970  9.9942E-01
   19.980  9.9942E-01
   19.990  9.9943E-01
   20.000  9.9943E-01
   20.010  9.9943E-01
   20.020  9.9943E-01
   20.030  9.9943E-01
   20.040  9.9943E-01
   20.050  9.9943E-01
   20.060  9.9943E-01
   20.070  9.9943E-01
   20.080  9.9943E-01
   20.090  9.9944E-01
   20.100  9.9944E-01
   20.110  9.9944E-01
   20.120  9.9944E-01
   20.130  9.9944E-01
   20.140  9.9945E-01
   20.150  9.9945E-01
   20.160  9.9945E-01
   20.170  9.9945E-01
   20.180  9.9945E-01
   20.190  9.9945E-01
   20.200  9.9945E-01
   20.210  9.9945E-01
   20.220  9.9945E-01
   20.230  9.9945E-01
   20.240  9.9946E-01
   20.250  9.9946E-01
   20.260  9.9946E-01
   20.270  9.9946E-01
   20.280  9.9946E-01
   20.290  9.9946E-01
   20.300  9.9946E-01
   20.310  9.9946E-01
   20.320  9.9946E-01
   20.330  9.9946E-01
   20.340  9.9947E-01
   20.350  9.9947E-01
   20.360  9.9947E-01
   20.370  9.9948E-01
   20.380  9.9948E-01
   20.390  9.9949E-01
   20.400  9.9950E-01
   20.410  9.9950E-01
   20.420  9.9951E-01
   20.430  9.9952E-01
   20.440  9.9952E-01
   20.450  9.9952E-01
   20.460  9.9953E-01
   20.470  9.9953E-01
   20.480  9.9953E-01
   20.490  9.9953E-01
   20.500  9.9954E-01
   20.510  9.9954E-01
   20.520  9.9954E-01
   20.530  9.9955E-01
   20.540  9.9955E-01
   20.550  9.9955E-01
   20.560  9.9955E-01
   20.570  9.9956E-01
   20.580  9.9956E-01
   20.590  9.9956E-01
   20.600  9.9956E-01
   20.610  9.9956E-01
   20.620  9.9956E-01
   20.630  9.9956E-01
   20.640  9.9956E-01
   20.650  9.9956E-01
   20.660  9.9956E-01
   20.670  9.9957E-01
   20.680  9.9957E-01
   20.690  9.9957E-01
   20.700  9.9958E-01
   20.710  9.9958E-01
   20.720  9.9958E-01
   20.730  9.9959E-01
   20.740  9.9959E-01
   20.750  9.9959E-01
   20.760  9.9960E-01
   20.770  9.9960E-01
   20.780  9.9960E-01
   20.790  9.9960E-01
   20.800  9.9961E-01
   20.810  9.9961E-01
   20.820  9.9961E-01
   20.830  9.9961E-01
   20.840  9.9961E-01
   20.850  9.9961E-01
   20.860  9.9961E-01
   20.870  9.9961E-01
   20.880  9.9961E-01
   20.890  9.9961E-01
   20.900  9.9962E-01
   20.910  9.9962E-01
   20.920  9.9963E-01
   20.930  9.9963E-01
   20.940  9.9964E-01
   20.950  9.9964E-01
   20.960  9.9964E-01
   20.970  9.9965E-01
   20.980  9.9965E-01
   20.990  9.9965E-01
   21.000  9.9965E-01
   21.010  9.9965E-01
   21.020  9.9965E-01
   21.030  9.9965E-01
   21.040  9.9965E-01
   21.050  9.9965E-01
   21.060  9.9965E-01
   21.070  9.9965E-01
   21.080  9.9965E-01
   21.090  9.9965E-01
   21.100  9.9966E-01
   21.110  9.9966E-01
   21.120  9.9966E-01
   21.130  9.9966E-01
   21.140  9.9967E-01
   21.150  9.9967E-01
   21.160  9.9967E-01
   21.170  9.9967E-01
   21.180  9.9967E-01
   21.190  9.9967E-01
   21.200  9.9967E-01
   21.210  9.9967E-01
   21.220  9.9967E-01
   21.230  9.9967E-01
   21.240  9.9967E-01
   21.250  9.9968E-01
   21.260  9.9968E-01
   21.270  9.9968E-01
   21.280  9.9968E-01
   21.290  9.9968E-01
   21.300  9.9968E-01
   21.310  9.9968E-01
   21.320  9.9968E-01
   21.330  9.9968E-01
   21.340  9.9968E-01
   21.350  9.9968E-01
   21.360  9.9968E-01
   21.370  9.9968E-01
   21.380  9.9968E-01
   21.390  9.9969E-01
   21.400  9.9969E-01
   21.410  9.9969E-01
   21.420  9.9969E-01
   21.430  9.9969E-01
   21.440  9.9969E-01
   21.450  9.9969E-01
   21.460  9.9969E-01
   21.470  9.9969E-01
   21.480  9.9969E-01
   21.490  9.9969E-01
   21.500  9.9969E-01
   21.510  9.9969E-01
   21.520  9.9969E-01
   21.530  9.9969E-01
   21.540  9.9969E-01
   21.550  9.9969E-01
   21.560  9.9969E-01
   21.570  9.9969E-01
   21.580  9.9969E-01
   21.590  9.9969E-01
   21.600  9.9970E-01
   21.610  9.9970E-01
   21.620  9.9970E-01
   21.630  9.9971E-01
   21.640  9.9971E-01
   21.650  9.9971E-01
   21.660  9.9971E-01
   21.670  9.9972E-01
   21.680  9.9972E-01
   21.690  9.9972E-01
   21.700  9.9972E-01
   21.710  9.9972E-01
   21.720  9.9973E-01
   21.730  9.9973E-01
   21.740  9.9973E-01
   21.750  9.9973E-01
   21.760  9.9973E-01
   21.770  9.9973E-01
   21.780  9.9973E-01
   21.790  9.9973E-01
   21.800  9.9973E-01
   21.810  9.9973E-01
   21.820  9.9973E-01
   21.830  9.9973E-01
   21.840  9.9974E-01
   21.850  9.9974E-01
   21.860  9.9974E-01
   21.870  9.9975E-01
   21.880  9.9975E-01
   21.890  9.9975E-01
   21.900  9.9976E-01
   21.910  9.9976E-01
   21.920  9.9976E-01
   21.930  9.9976E-01
   21.940  9.9976E-01
   21.950  9.9976E-01
   21.960  9.9976E-01
   21.970  9.9976E-01
   21.980  9.9976E-01
   21.990  9.9976E-01
   22.000  9.9976E-01
   22.010  9.9976E-01
   22.020  9.9976E-01
   22.030  9.9976E-01
   22.040  9.9976E-01
   22.050  9.9976E-01
   22.060  9.9976E-01
   22.070  9.9976E-01
   22.080  9.9976E-01
   22.090  9.9976E-01
   22.100  9.9976E-01
   22.110  9.9977E-01
   22.120  9.9977E-01
   22.130  9.9977E-01
   22.140  9.9978E-01
   22.150  9.9978E-01
   22.160  9.9978E-01
   22.170  9.9979E-01
   22.180  9.9979E-01
   22.190  9.9980E-01
   22.200  9.9980E-01
   22.210  9.9980E-01
   22.220  9.9980E-01
   22.230  9.9981E-01
   22.240  9.9981E-01
   22.250  9.9981E-01
   22.260  9.9981E-01
   22.270  9.9981E-01
   22.280  9.9981E-01
   22.290  9.9981E-01
   22.300  9.9981E-01
   22.310  9.9981E-01
   22.320  9.9981E-01
   22.330  9.9981E-01
   22.340  9.9981E-01
   22.350  9.9981E-01
   22.360  9.9981E-01
   22.370  9.9981E-01
   22.380  9.9981E-01
   22.390  9.9981E-01
   22.400  9.9981E-01
   22.410  9.9981E-01
   22.420  9.9981E-01
   22.430  9.9981E-01
   22.440  9.9981E-01
   22.450  9.9981E-01
   22.460  9.9981E-01
   22.470  9.9981E-01
   22.480  9.9981E-01
   22.490  9.9981E-01
   22.500  9.9981E-01
   22.510  9.9981E-01
   22.520  9.9981E-01
   22.530  9.9981E-01
   22.540  9.9981E-01
   22.550  9.9981E-01
   22.560  9.9981E-01
   22.570  9.9981E-01
   22.580  9.9981E-01
   22.590  9.9981E-01
   22.600  9.9981E-01
   22.610  9.9981E-01
   22.620  9.9982E-01
   22.630  9.9982E-01
   22.640  9.9982E-01
   22.650  9.9982E-01
   22.660  9.9983E-01
   22.670  9.9983E-01
   22.680  9.9983E-01
   22.690  9.9983E-01
   22.700  9.9983E-01
   22.710  9.9983E-01
   22.720  9.9983E-01
   22.730  9.9983E-01
   22.740  9.9983E-01
   22.750  9.9983E-01
   22.760  9.9983E-01
   22.770  9.9983E-01
   22.780  9.9983E-01
   22.790  9.9983E-01
   22.800  9.9983E-01
   22.810  9.9983E-01
   22.820  9.9983E-01
   22.830  9.9983E-01
   22.840  9.9983E-01
   22.850  9.9983E-01
   22.860  9.9983E-01
   22.870  9.9983E-01
   22.880  9.9983E-01
   22.890  9.9983E-01
   22.900  9.9983E-01
   22.910  9.9983E-01
   22.920  9.9983E-01
   22.930  9.9983E-01
   22.940  9.9983E-01
   22.950  9.9983E-01
   22.960  9.9983E-01
   22.970  9.9984E-01
   22.980  9.9984E-01
   22.990  9.9984E-01
   23.000  9.9984E-01
   23.010  9.9984E-01
   23.020  9.9985E-01
   23.030  9.9985E-01
   23.040  9.9986E-01
   23.050  9.9987E-01
   23.060  9.9987E-01
   23.070  9.9988E-01
   23.080  9.9989E-01
   23.090  9.9989E-01
   23.100  9.9990E-01
   23.110  9.9990E-01
   23.120  9.9990E-01
   23.130  9.9991E-01
   23.140  9.9991E-01
   23.150  9.9991E-01
   23.160  9.9991E-01
   23.170  9.9991E-01
   23.180  9.9991E-01
   23.190  9.9991E-01
   23.200  9.9991E-01
   23.210  9.9991E-01
   23.220  9.9991E-01
   23.230  9.9991E-01
   23.240  9.9991E-01
   23.250  9.9992E-01
   23.260  9.9992E-01
   23.270  9.9992E-01
   23.280  9.9992E-01
   23.290  9.9992E-01
   23.300  9.9992E-01
   23.310  9.9992E-01
   23.320  9.9992E-01
   23.330  9.9992E-01
   23.340  9.9992E-01
   23.350  9.9993E-01
   23.360  9.9993E-01
   23.370  9.9993E-01
   23.380  9.9994E-01
   23.390  9.9994E-01
   23.400  9.9994E-01
   23.410  9.9994E-01
   23.420  9.9995E-01
   23.430  9.9995E-01
   23.440  9.9995E-01
   23.450  9.9995E-01
   23.460  9.9995E-01
   23.470  9.9995E-01
   23.480  9.9995E-01
   23.490  9.9995E-01
   23.500  9.9995E-01
   23.510  9.9995E-01
   23.520  9.9995E-01
   23.530  9.9995E-01
   23.540  9.9995E-01
   23.550  9.9996E-01
   23.560  9.9996E-01
   23.570  9.9996E-01
   23.580  9.9996E-01
   23.590  9.9996E-01
   23.600  9.9996E-01
   23.610  9.9996E-01
   23.620  9.9996E-01
   23.630  9.9996E-01
   23.640  9.9996E-01
   23.650  9.9996E-01
   23.660  9.9996E-01
   23.670  9.9996E-01
   23.680  9.9996E-01
   23.690  9.9996E-01
   23.700  9.9996E-01
   23.710  9.9996E-01
   23.720  9.9996E-01
   23.730  9.9996E-01
   23.740  9.9996E-01
   23.750  9.9996E-01
   23.760  9.9996E-01
   23.770  9.9996E-01
   23.780  9.9996E-01
   23.790  9.9996E-01
   23.800  9.9996E-01
   23.810  9.9996E-01
   23.820  9.9996E-01
   23.830  9.9996E-01
   23.840  9.9996E-01
   23.850  9.9996E-01
   23.860  9.9996E-01
   23.870  9.9996E-01
   23.880  9.9996E-01
   23.890  9.9996E-01
   23.900  9.9996E-01
   23.910  9.9996E-01
   23.920  9.9996E-01
   23.930  9.9996E-01
   23.940  9.9996E-01
   23.950  9.9996E-01
   23.960  9.9996E-01
   23.970  9.9996E-01
   23.980  9.9996E-01
   23.990  9.9996E-01
   24.000  9.9996E-01
   24.010  9.9996E-01
   24.020  9.9996E-01
   24.030  9.9996E-01
   24.040  9.9996E-01
   24.050  9.9996E-01
   24.060  9.9996E-01
   24.070  9.9996E-01
   24.080  9.9997E-01
   24.090  9.9997E-01
   24.100  9.9997E-01
   24.110  9.9997E-01
   24.120  9.9997E-01
   24.130  9.9997E-01
   24.140  9.9998E-01
   24.150  9.9998E-01
   24.160  9.9998E-01
   24.170  9.9998E-01
   24.180  9.9998E-01
   24.190  9.9998E-01
   24.200  9.9998E-01
   24.210  9.9998E-01
   24.220  9.9998E-01
   24.230  9.9998E-01
   24.240  9.9998E-01
   24.250  9.9998E-01
   24.260  9.9998E-01
   24.270  9.9998E-01
   24.280  9.9998E-01
   24.290  9.9998E-01
   24.300  9.9998E-01
   24.310  9.9999E-01
   24.320  9.9999E-01
   24.330  9.9999E-01
   24.340  9.9999E-01
   24.350  9.9999E-01
   24.360  9.9999E-01
   24.370  9.9999E-01
   24.380  9.9999E-01
   24.390  9.9999E-01
   24.400  9.9999E-01
   24.410  9.9999E-01
   24.420  9.9999E-01
   24.430  9.9999E-01
   24.440  9.9999E-01
   24.450  9.9999E-01
   24.460  9.9999E-01
   24.470  9.9999E-01
   24.480  9.9999E-01
   24.490  9.9999E-01
   24.500  9.9999E-01
   24.510  9.9999E-01
   24.520  9.9999E-01
   24.530  9.9999E-01
   24.540  9.9999E-01
   24.550  9.9999E-01
   24.560  9.9999E-01
   24.570  9.9999E-01
   24.580  9.9999E-01
   24.590  9.9999E-01
   24.600  9.9999E-01
   24.610  9.9999E-01
   24.620  9.9999E-01
   24.630  9.9999E-01
   24.640  9.9999E-01
   24.650  9.9999E-01
   24.660  9.9999E-01
   24.670  9.9999E-01
   24.680  9.9999E-01
   24.690  9.9999E-01
   24.700  9.9999E-01
   24.710  9.9999E-01
   24.720  9.9999E-01
   24.730  9.9999E-01
   24.740  9.9999E-01
   24.750  9.9999E-01
   24.760  9.9999E-01
   24.770  9.9999E-01
   24.780  9.9999E-01
   24.790  9.9999E-01
   24.800  9.9999E-01
   24.810  9.9999E-01
   24.820  9.9999E-01
   24.830  9.9999E-01
   24.840  9.9999E-01
   24.850  9.9999E-01
   24.860  9.9999E-01
   24.870  9.9999E-01
   24.880  9.9999E-01
   24.890  9.9999E-01
   24.900  9.9999E-01
   24.910  9.9999E-01
   24.920  9.9999E-01
   24.930  9.9999E-01
   24.940  9.9999E-01
   24.950  9.9999E-01
   24.960  9.9999E-01
   24.970  9.9999E-01
   24.980  9.9999E-01
   24.990  9.9999E-01
   25.000  9.9999E-01
   25.010  9.9999E-01
   25.020  9.9999E-01
   25.030  9.9999E-01
   25.040  9.9999E-01
   25.050  9.9999E-01
   25.060  9.9999E-01
   25.070  9.9999E-01
   25.080  9.9999E-01
   25.090  9.9999E-01
   25.100  9.9999E-01
   25.110  9.9999E-01
   25.120  9.9999E-01
   25.130  9.9999E-01
   25.140  9.9999E-01
   25.150  9.9999E-01
   25.160  9.9999E-01
   25.170  9.9999E-01
   25.180  9.9999E-01
   25.190  9.9999E-01
   25.200  9.9999E-01
   25.210  9.9999E-01
   25.220  9.9999E-01
   25.230  9.9999E-01
   25.240  9.9999E-01
   25.250  9.9999E-01
   25.260  9.9999E-01
   25.270  9.9999E-01
   25.280  9.9999E-01
   25.290  9.9999E-01
   25.300  9.9999E-01
   25.310  9.9999E-01
   25.320  9.9999E-01
   25.330  9.9999E-01
   25.340  9.9999E-01
   25.350  9.9999E-01
   25.360  9.9999E-01
   25.370  9.9999E-01
   25.380  9.9999E-01
   25.390  9.9999E-01
   25.400  9.9999E-01
   25.410  9.9999E-01
   25.420  9.9999E-01
   25.430  9.9999E-01
   25.440  9.9999E-01
   25.450  9.9999E-01
   25.460  9.9999E-01
   25.470  9.9999E-01
   25.480  9.9999E-01
   25.490  9.9999E-01
   25.500  9.9999E-01
   25.510  9.9999E-01
   25.520  9.9999E-01
   25.530  9.9999E-01
   25.540  9.9999E-01
   25.550  9.9999E-01
   25.560  9.9999E-01
   25.570  9.9999E-01
   25.580  9.9999E-01
   25.590  9.9999E-01
   25.600  9.9999E-01
   25.610  9.9999E-01
   25.620  9.9999E-01
   25.630  9.9999E-01
   25.640  9.9999E-01
   25.650  9.9999E-01
   25.660  9.9999E-01
   25.670  9.9999E-01
   25.680  9.9999E-01
   25.690  9.9999E-01
   25.700  9.9999E-01
   25.710  9.9999E-01
   25.720  9.9999E-01
   25.730  9.9999E-01
   25.740  9.9999E-01
   25.750  9.9999E-01
   25.760  1.0000E+00
   25.770  1.0000E+00
   25.780  1.0000E+00
   25.790  1.0000E+00
   25.800  1.0000E+00
   25.810  1.0000E+00
   25.820  1.0000E+00
   25.830  1.0000E+00
   25.840  1.0000E+00
   25.850  1.0000E+00
   25.860  1.0000E+00
   25.870  1.0000E+00
   25.880  1.0000E+00
   25.890  1.0000E+00
   25.900  1.0000E+00
   25.910  1.0000E+00
   25.920  1.0000E+00
   25.930  1.0000E+00
   25.940  1.0000E+00
   25.950  1.0000E+00
   25.960  1.0000E+00
   25.970  1.0000E+00
   25.980  1.0000E+00
   25.990  1.0000E+00
   26.000  1.0000E+00
   26.010  1.0000E+00
   26.020  1.0000E+00
   26.030  1.0000E+00
   26.040  1.0000E+00
   26.050  1.0000E+00
   26.060  1.0000E+00
   26.070  1.0000E+00
   26.080  1.0000E+00
   26.090  1.0000E+00
   26.100  1.0000E+00
   26.110  1.0000E+00
   26.120  1.0000E+00
   26.130  1.0000E+00
   26.140  1.0000E+00
   26.150  1.0000E+00
   26.160  1.0000E+00
   26.170  1.0000E+00
   26.180  1.0000E+00
   26.190  1.0000E+00
   26.200  1.0000E+00
   26.210  1.0000E+00
   26.220  1.0000E+00
   26.230  1.0000E+00
   26.240  1.0000E+00
   26.250  1.0000E+00
   26.260  1.0000E+00
   26.270  1.0000E+00
   26.280  1.0000E+00
   26.290  1.0000E+00
   26.300  1.0000E+00
   26.310  1.0000E+00
   26.320  1.0000E+00
   26.330  1.0000E+00
   26.340  1.0000E+00
   26.350  1.0000E+00
   26.360  1.0000E+00
   26.370  1.0000E+00
   26.380  1.0000E+00
   26.390  1.0000E+00
   26.400  1.0000E+00
   26.410  1.0000E+00
   26.420  1.0000E+00
   26.430  1.0000E+00
   26.440  1.0000E+00
   26.450  1.0000E+00
   26.460  1.0000E+00
   26.470  1.0000E+00
   26.480  1.0000E+00
   26.490  1.0000E+00
   26.500  1.0000E+00
   26.510  1.0000E+00
   26.520  1.0000E+00
   26.530  1.0000E+00
   26.540  1.0000E+00
   26.550  1.0000E+00
   26.560  1.0000E+00
   26.570  1.0000E+00
   26.580  1.0000E+00
   26.590  1.0000E+00
   26.600  1.0000E+00
   26.610  1.0000E+00
   26.620  1.0000E+00
   26.630  1.0000E+00
   26.640  1.0000E+00
   26.650  1.0000E+00
   26.660  1.0000E+00
   26.670  1.0000E+00
   26.680  1.0000E+00
   26.690  1.0000E+00
   26.700  1.0000E+00
   26.710  1.0000E+00
   26.720  1.0000E+00
   26.730  1.0000E+00
   26.740  1.0000E+00
   26.750  1.0000E+00
   26.760  1.0000E+00
   26.770  1.0000E+00
   26.780  1.0000E+00
   26.790  1.0000E+00
   26.800  1.0000E+00
   26.810  1.0000E+00
   26.820  1.0000E+00
   26.830  1.0000E+00
   26.840  1.0000E+00
   26.850  1.0000E+00
   26.860  1.0000E+00
   26.870  1.0000E+00
   26.880  1.0000E+00
   26.890  1.0000E+00
   26.900  1.0000E+00
   26.910  1.0000E+00
   26.920  1.0000E+00
   26.930  1.0000E+00
   26.940  1.0000E+00
   26.950  1.0000E+00
   26.960  1.0000E+00
   26.970  1.0000E+00
   26.980  1.0000E+00
   26.990  1.0000E+00
   27.000  1.0000E+00
   27.010  1.0000E+00
   27.020  1.0000E+00
   27.030  1.0000E+00
   27.040  1.0000E+00
   27.050  1.0000E+00
   27.060  1.0000E+00
   27.070  1.0000E+00
   27.080  1.0000E+00
   27.090  1.0000E+00
   27.100  1.0000E+00
   27.110  1.0000E+00
   27.120  1.0000E+00
   27.130  1.0000E+00
   27.140  1.0000E+00
   27.150  1.0000E+00
   27.160  1.0000E+00
   27.170  1.0000E+00
   27.180  1.0000E+00
   27.190  1.0000E+00
   27.200  1.0000E+00
   27.210  1.0000E+00
   27.220  1.0000E+00
   27.230  1.0000E+00
   27.240  1.0000E+00
   27.250  1.0000E+00
   27.260  1.0000E+00
   27.270  1.0000E+00
   27.280  1.0000E+00
   27.290  1.0000E+00
   27.300  1.0000E+00
   27.310  1.0000E+00
   27.320  1.0000E+00
   27.330  1.0000E+00
   27.340  1.0000E+00
   27.350  1.0000E+00
   27.360  1.0000E+00
   27.370  1.0000E+00
   27.380  1.0000E+00
   27.390  1.0000E+00
   27.400  1.0000E+00
   27.410  1.0000E+00
   27.420  1.0000E+00
   27.430  1.0000E+00
   27.440  1.0000E+00
   27.450  1.0000E+00
   27.460  1.0000E+00
   27.470  1.0000E+00
   27.480  1.0000E+00
   27.490  1.0000E+00
   27.500  1.0000E+00
   27.510  1.0000E+00
   27.520  1.0000E+00
   27.530  1.0000E+00
   27.540  1.0000E+00
   27.550  1.0000E+00
   27.560  1.0000E+00
   27.570  1.0000E+00
   27.580  1.0000E+00
   27.590  1.0000E+00
   27.600  1.0000E+00
   27.610  1.0000E+00
   27.620  1.0000E+00
   27.630  1.0000E+00
   27.640  1.0000E+00
   27.650  1.0000E+00
   27.660  1.0000E+00
   27.670  1.0000E+00
   27.680  1.0000E+00
   27.690  1.0000E+00
   27.700  1.0000E+00
   27.710  1.0000E+00
   27.720  1.0000E+00
   27.730  1.0000E+00
   27.740  1.0000E+00
   27.750  1.0000E+00
   27.760  1.0000E+00
   27.770  1.0000E+00
   27.780  1.0000E+00
   27.790  1.0000E+00
   27.800  1.0000E+00
   27.810  1.0000E+00
   27.820  1.0000E+00
   27.830  1.0000E+00
   27.840  1.0000E+00
   27.850  1.0000E+00
   27.860  1.0000E+00
   27.870  1.0000E+00
   27.880  1.0000E+00
   27.890  1.0000E+00
   27.900  1.0000E+00
   27.910  1.0000E+00
   27.920  1.0000E+00
   27.930  1.0000E+00
   27.940  1.0000E+00
   27.950  1.0000E+00
   27.960  1.0000E+00
   27.970  1.0000E+00
   27.980  1.0000E+00
   27.990  1.0000E+00
   28.000  1.0000E+00
   28.010  1.0000E+00
   28.020  1.0000E+00
   28.030  1.0000E+00
   28.040  1.0000E+00
   28.050  1.0000E+00
   28.060  1.0000E+00
   28.070  1.0000E+00
   28.080  1.0000E+00
   28.090  1.0000E+00
   28.100  1.0000E+00
   28.110  1.0000E+00
   28.120  1.0000E+00
   28.130  1.0000E+00
   28.140  1.0000E+00
   28.150  1.0000E+00
   28.160  1.0000E+00
   28.170  1.0000E+00
   28.180  1.0000E+00
   28.190  1.0000E+00
   28.200  1.0000E+00
   28.210  1.0000E+00
   28.220  1.0000E+00
   28.230  1.0000E+00
   28.240  1.0000E+00
   28.250  1.0000E+00
   28.260  1.0000E+00
   28.270  1.0000E+00
   28.280  1.0000E+00
   28.290  1.0000E+00
   28.300  1.0000E+00
   28.310  1.0000E+00
   28.320  1.0000E+00
   28.330  1.0000E+00
   28.340  1.0000E+00
   28.350  1.0000E+00
   28.360  1.0000E+00
   28.370  1.0000E+00
   28.380  1.0000E+00
   28.390  1.0000E+00
   28.400  1.0000E+00
   28.410  1.0000E+00
   28.420  1.0000E+00
   28.430  1.0000E+00
   28.440  1.0000E+00
   28.450  1.0000E+00
   28.460  1.0000E+00
   28.470  1.0000E+00
   28.480  1.0000E+00
   28.490  1.0000E+00
   28.500  1.0000E+00
   28.510  1.0000E+00
   28.520  1.0000E+00
   28.530  1.0000E+00
   28.540  1.0000E+00
   28.550  1.0000E+00
   28.560  1.0000E+00
   28.570  1.0000E+00
   28.580  1.0000E+00
   28.590  1.0000E+00
   28.600  1.0000E+00
   28.610  1.0000E+00
   28.620  1.0000E+00
   28.630  1.0000E+00
   28.640  1.0000E+00
   28.650  1.0000E+00
   28.660  1.0000E+00
   28.670  1.0000E+00
   28.680  1.0000E+00
   28.690  1.0000E+00
   28.700  1.0000E+00
   28.710  1.0000E+00
   28.720  1.0000E+00
   28.730  1.0000E+00
   28.740  1.0000E+00
   28.750  1.0000E+00
   28.760  1.0000E+00
   28.770  1.0000E+00
   28.780  1.0000E+00
   28.790  1.0000E+00
   28.800  1.0000E+00
   28.810  1.0000E+00
   28.820  1.0000E+00
   28.830  1.0000E+00
   28.840  1.0000E+00
   28.850  1.0000E+00
   28.860  1.0000E+00
   28.870  1.0000E+00
   28.880  1.0000E+00
   28.890  1.0000E+00
   28.900  1.0000E+00
   28.910  1.0000E+00
   28.920  1.0000E+00
   28.930  1.0000E+00
   28.940  1.0000E+00
   28.950  1.0000E+00
   28.960  1.0000E+00
   28.970  1.0000E+00
   28.980  1.0000E+00
   28.990  1.0000E+00
   29.000  1.0000E+00
   29.010  1.0000E+00
   29.020  1.0000E+00
   29.030  1.0000E+00
   29.040  1.0000E+00
   29.050  1.0000E+00
   29.060  1.0000E+00
   29.070  1.0000E+00
   29.080  1.0000E+00
   29.090  1.0000E+00
   29.100  1.0000E+00
   29.110  1.0000E+00
   29.120  1.0000E+00
   29.130  1.0000E+00
   29.140  1.0000E+00
   29.150  1.0000E+00
   29.160  1.0000E+00
   29.170  1.0000E+00
   29.180  1.0000E+00
   29.190  1.0000E+00
   29.200  1.0000E+00
   29.210  1.0000E+00
   29.220  1.0000E+00
   29.230  1.0000E+00
   29.240  1.0000E+00
   29.250  1.0000E+00
   29.260  1.0000E+00
   29.270  1.0000E+00
   29.280  1.0000E+00
   29.290  1.0000E+00
   29.300  1.0000E+00
   29.310  1.0000E+00
   29.320  1.0000E+00
   29.330  1.0000E+00
   29.340  1.0000E+00
   29.350  1.0000E+00
   29.360  1.0000E+00
   29.370  1.0000E+00
   29.380  1.0000E+00
   29.390  1.0000E+00
   29.400  1.0000E+00
   29.410  1.0000E+00
   29.420  1.0000E+00
   29.430  1.0000E+00
   29.440  1.0000E+00
   29.450  1.0000E+00
   29.460  1.0000E+00
   29.470  1.0000E+00
   29.480  1.0000E+00
   29.490  1.0000E+00
   29.500  1.0000E+00
   29.510  1.0000E+00
   29.520  1.0000E+00
   29.530  1.0000E+00
   29.540  1.0000E+00
   29.550  1.0000E+00
   29.560  1.0000E+00
   29.570  1.0000E+00
   29.580  1.0000E+00
   29.590  1.0000E+00
   29.600  1.0000E+00
   29.610  1.0000E+00
   29.620  1.0000E+00
   29.630  1.0000E+00
   29.640  1.0000E+00
   29.650  1.0000E+00
   29.660  1.0000E+00
   29.670  1.0000E+00
   29.680  1.0000E+00
   29.690  1.0000E+00
   29.700  1.0000E+00
   29.710  1.0000E+00
   29.720  1.0000E+00
   29.730  1.0000E+00
   29.740  1.0000E+00
   29.750  1.0000E+00
   29.760  1.0000E+00
   29.770  1.0000E+00
   29.780  1.0000E+00
   29.790  1.0000E+00
   29.800  1.0000E+00
   29.810  1.0000E+00
   29.820  1.0000E+00
   29.830  1.0000E+00
   29.840  1.0000E+00
   29.850  1.0000E+00
   29.860  1.0000E+00
   29.870  1.0000E+00
   29.880  1.0000E+00
   29.890  1.0000E+00
   29.900  1.0000E+00
   29.910  1.0000E+00
   29.920  1.0000E+00
   29.930  1.0000E+00
   29.940  1.0000E+00
   29.950  1.0000E+00
   29.960  1.0000E+00
   29.970  1.0000E+00
   29.980  1.0000E+00
   29.990  1.0000E+00
   30.000  1.0000E+00
   30.010  1.0000E+00
   30.020  1.0000E+00
   30.030  1.0000E+00
   30.040  1.0000E+00
   30.050  1.0000E+00
   30.060  1.0000E+00
   30.070  1.0000E+00
   30.080  1.0000E+00
   30.090  1.0000E+00
   30.100  1.0000E+00
   30.110  1.0000E+00
   30.120  1.0000E+00
   30.130  1.0000E+00
   30.140  1.0000E+00
   30.150  1.0000E+00
   30.160  1.0000E+00
   30.170  1.0000E+00
   30.180  1.0000E+00
   30.190  1.0000E+00
   30.200  1.0000E+00
   30.210  1.0000E+00
   30.220  1.0000E+00
   30.230  1.0000E+00
   30.240  1.0000E+00
   30.250  1.0000E+00
   30.260  1.0000E+00
   30.270  1.0000E+00
   30.280  1.0000E+00
   30.290  1.0000E+00
   30.300  1.0000E+00
   30.310  1.0000E+00
   30.320  1.0000E+00
   30.330  1.0000E+00
   30.340  1.0000E+00
   30.350  1.0000E+00
   30.360  1.0000E+00
   30.370  1.0000E+00
   30.380  1.0000E+00
   30.390  1.0000E+00
   30.400  1.0000E+00
   30.410  1.0000E+00
   30.420  1.0000E+00
   30.430  1.0000E+00
   30.440  1.0000E+00
   30.450  1.0000E+00
   30.460  1.0000E+00
   30.470  1.0000E+00
   30.480  1.0000E+00
   30.490  1.0000E+00
   30.500  1.0000E+00
   30.510  1.0000E+00
   30.520  1.0000E+00
   30.530  1.0000E+00
   30.540  1.0000E+00
   30.550  1.0000E+00
   30.560  1.0000E+00
   30.570  1.0000E+00
   30.580  1.0000E+00
   30.590  1.0000E+00
   30.600  1.0000E+00
   30.610  1.0000E+00
   30.620  1.0000E+00
   30.630  1.0000E+00
   30.640  1.0000E+00
   30.650  1.0000E+00
   30.660  1.0000E+00
   30.670  1.0000E+00
   30.680  1.0000E+00
   30.690  1.0000E+00
   30.700  1.0000E+00
   30.710  1.0000E+00
   30.720  1.0000E+00
   30.730  1.0000E+00
   30.740  1.0000E+00
   30.750  1.0000E+00
   30.760  1.0000E+00
   30.770  1.0000E+00
   30.780  1.0000E+00
   30.790  1.0000E+00
   30.800  1.0000E+00
   30.810  1.0000E+00
   30.820  1.0000E+00
   30.830  1.0000E+00
   30.840  1.0000E+00
   30.850  1.0000E+00
   30.860  1.0000E+00
   30.870  1.0000E+00
   30.880  1.0000E+00
   30.890  1.0000E+00
   30.900  1.0000E+00
   30.910  1.0000E+00
   30.920  1.0000E+00
   30.930  1.0000E+00
   30.940  1.0000E+00
   30.950  1.0000E+00
   30.960  1.0000E+00
   30.970  1.0000E+00
   30.980  1.0000E+00
   30.990  1.0000E+00
   31.000  1.0000E+00
   31.010  1.0000E+00
   31.020  1.0000E+00
   31.030  1.0000E+00
   31.040  1.0000E+00
   31.050  1.0000E+00
   31.060  1.0000E+00
   31.070  1.0000E+00
   31.080  1.0000E+00
   31.090  1.0000E+00
   31.100  1.0000E+00
   31.110  1.0000E+00
   31.120  1.0000E+00
   31.130  1.0000E+00
   31.140  1.0000E+00
   31.150  1.0000E+00
   31.160  1.0000E+00
   31.170  1.0000E+00
   31.180  1.0000E+00
   31.190  1.0000E+00
   31.200  1.0000E+00
   31.210  1.0000E+00
   31.220  1.0000E+00
   31.230  1.0000E+00
   31.240  1.0000E+00
   31.250  1.0000E+00
   31.260  1.0000E+00
   31.270  1.0000E+00
   31.280  1.0000E+00
   31.290  1.0000E+00
   31.300  1.0000E+00
   31.310  1.0000E+00
   31.320  1.0000E+00
   31.330  1.0000E+00
   31.340  1.0000E+00
   31.350  1.0000E+00
   31.360  1.0000E+00
   31.370  1.0000E+00
   31.380  1.0000E+00
   31.390  1.0000E+00
   31.400  1.0000E+00
   31.410  1.0000E+00
   31.420  1.0000E+00
   31.430  1.0000E+00
   31.440  1.0000E+00
   31.450  1.0000E+00
   31.460  1.0000E+00
   31.470  1.0000E+00
   31.480  1.0000E+00
   31.490  1.0000E+00
   31.500  1.0000E+00
   31.510  1.0000E+00
   31.520  1.0000E+00
   31.530  1.0000E+00
   31.540  1.0000E+00
   31.550  1.0000E+00
   31.560  1.0000E+00
   31.570  1.0000E+00
   31.580  1.0000E+00
   31.590  1.0000E+00
   31.600  1.0000E+00
   31.610  1.0000E+00
   31.620  1.0000E+00
   31.630  1.0000E+00
   31.640  1.0000E+00
   31.650  1.0000E+00
   31.660  1.0000E+00
   31.670  1.0000E+00
   31.680  1.0000E+00
   31.690  1.0000E+00
   31.700  1.0000E+00
   31.710  1.0000E+00
   31.720  1.0000E+00
   31.730  1.0000E+00
   31.740  1.0000E+00
   31.750  1.0000E+00
   31.760  1.0000E+00
   31.770  1.0000E+00
   31.780  1.0000E+00
   31.790  1.0000E+00
   31.800  1.0000E+00
   31.810  1.0000E+00
   31.820  1.0000E+00
   31.830  1.0000E+00
   31.840  1.0000E+00
   31.850  1.0000E+00
   31.860  1.0000E+00
   31.870  1.0000E+00
   31.880  1.0000E+00
   31.890  1.0000E+00
   31.900  1.0000E+00
   31.910  1.0000E+00
   31.920  1.0000E+00
   31.930  1.0000E+00
   31.940  1.0000E+00
   31.950  1.0000E+00
   31.960  1.0000E+00
   31.970  1.0000E+00
   31.980  1.0000E+00
   31.990  1.0000E+00
   32.000  1.0000E+00
   32.010  1.0000E+00
   32.020  1.0000E+00
   32.030  1.0000E+00
   32.040  1.0000E+00
   32.050  1.0000E+00
   32.060  1.0000E+00
   32.070  1.0000E+00
   32.080  1.0000E+00
   32.090  1.0000E+00
   32.100  1.0000E+00
   32.110  1.0000E+00
   32.120  1.0000E+00
   32.130  1.0000E+00
   32.140  1.0000E+00
   32.150  1.0000E+00
   32.160  1.0000E+00
   32.170  1.0000E+00
   32.180  1.0000E+00
   32.190  1.0000E+00
   32.200  1.0000E+00
   32.210  1.0000E+00
   32.220  1.0000E+00
   32.230  1.0000E+00
   32.240  1.0000E+00
   32.250  1.0000E+00
   32.260  1.0000E+00
   32.270  1.0000E+00
   32.280  1.0000E+00
   32.290  1.0000E+00
   32.300  1.0000E+00
   32.310  1.0000E+00
   32.320  1.0000E+00
   32.330  1.0000E+00
   32.340  1.0000E+00
   32.350  1.0000E+00
   32.360  1.0000E+00
   32.370  1.0000E+00
   32.380  1.0000E+00
   32.390  1.0000E+00
   32.400  1.0000E+00
   32.410  1.0000E+00
   32.420  1.0000E+00
   32.430  1.0000E+00
   32.440  1.0000E+00
   32.450  1.0000E+00
   32.460  1.0000E+00
   32.470  1.0000E+00
   32.480  1.0000E+00
   32.490  1.0000E+00
   32.500  1.0000E+00
   32.510  1.0000E+00
   32.520  1.0000E+00
   32.530  1.0000E+00
   32.540  1.0000E+00
   32.550  1.0000E+00
   32.560  1.0000E+00
   32.570  1.0000E+00
   32.580  1.0000E+00
   32.590  1.0000E+00
   32.600  1.0000E+00
   32.610  1.0000E+00
   32.620  1.0000E+00
   32.630  1.0000E+00
   32.640  1.0000E+00
   32.650  1.0000E+00
   32.660  1.0000E+00
   32.670  1.0000E+00
   32.680  1.0000E+00
   32.690  1.0000E+00
   32.700  1.0000E+00
   32.710  1.0000E+00
   32.720  1.0000E+00
   32.730  1.0000E+00
   32.740  1.0000E+00
   32.750  1.0000E+00
   32.760  1.0000E+00
   32.770  1.0000E+00
   32.780  1.0000E+00
   32.790  1.0000E+00
   32.800  1.0000E+00
   32.810  1.0000E+00
   32.820  1.0000E+00
   32.830  1.0000E+00
   32.840  1.0000E+00
   32.850  1.0000E+00
   32.860  1.0000E+00
   32.870  1.0000E+00
   32.880  1.0000E+00
   32.890  1.0000E+00
   32.900  1.0000E+00
   32.910  1.0000E+00
   32.920  1.0000E+00
   32.930  1.0000E+00
   32.940  1.0000E+00
   32.950  1.0000E+00
   32.960  1.0000E+00
   32.970  1.0000E+00
   32.980  1.0000E+00
   32.990  1.0000E+00
   33.000  1.0000E+00
   33.010  1.0000E+00
   33.020  1.0000E+00
   33.030  1.0000E+00
   33.040  1.0000E+00
   33.050  1.0000E+00
   33.060  1.0000E+00
   33.070  1.0000E+00
   33.080  1.0000E+00
   33.090  1.0000E+00
   33.100  1.0000E+00
   33.110  1.0000E+00
   33.120  1.0000E+00
   33.130  1.0000E+00
   33.140  1.0000E+00
   33.150  1.0000E+00
   33.160  1.0000E+00
   33.170  1.0000E+00
   33.180  1.0000E+00
   33.190  1.0000E+00
   33.200  1.0000E+00
   33.210  1.0000E+00
   33.220  1.0000E+00
   33.230  1.0000E+00
   33.240  1.0000E+00
   33.250  1.0000E+00
   33.260  1.0000E+00
   33.270  1.0000E+00
   33.280  1.0000E+00
   33.290  1.0000E+00
   33.300  1.0000E+00
   33.310  1.0000E+00
   33.320  1.0000E+00
   33.330  1.0000E+00
   33.340  1.0000E+00
   33.350  1.0000E+00
   33.360  1.0000E+00
   33.370  1.0000E+00
   33.380  1.0000E+00
   33.390  1.0000E+00
   33.400  1.0000E+00
   33.410  1.0000E+00
   33.420  1.0000E+00
   33.430  1.0000E+00
   33.440  1.0000E+00
   33.450  1.0000E+00
   33.460  1.0000E+00
   33.470  1.0000E+00
   33.480  1.0000E+00
   33.490  1.0000E+00
   33.500  1.0000E+00
   33.510  1.0000E+00
   33.520  1.0000E+00
   33.530  1.0000E+00
   33.540  1.0000E+00
   33.550  1.0000E+00
   33.560  1.0000E+00
   33.570  1.0000E+00
   33.580  1.0000E+00
   33.590  1.0000E+00
   33.600  1.0000E+00
   33.610  1.0000E+00
   33.620  1.0000E+00
   33.630  1.0000E+00
   33.640  1.0000E+00
   33.650  1.0000E+00
   33.660  1.0000E+00
   33.670  1.0000E+00
   33.680  1.0000E+00
   33.690  1.0000E+00
   33.700  1.0000E+00
   33.710  1.0000E+00
   33.720  1.0000E+00
   33.730  1.0000E+00
   33.740  1.0000E+00
   33.750  1.0000E+00
   33.760  1.0000E+00
   33.770  1.0000E+00
   33.780  1.0000E+00
   33.790  1.0000E+00
   33.800  1.0000E+00
   33.810  1.0000E+00
   33.820  1.0000E+00
   33.830  1.0000E+00
   33.840  1.0000E+00
   33.850  1.0000E+00
   33.860  1.0000E+00
   33.870  1.0000E+00
   33.880  1.0000E+00
   33.890  1.0000E+00
   33.900  1.0000E+00
   33.910  1.0000E+00
   33.920  1.0000E+00
   33.930  1.0000E+00
   33.940  1.0000E+00
   33.950  1.0000E+00
   33.960  1.0000E+00
   33.970  1.0000E+00
   33.980  1.0000E+00
   33.990  1.0000E+00
   34.000  1.0000E+00
   34.010  1.0000E+00
   34.020  1.0000E+00
   34.030  1.0000E+00
   34.040  1.0000E+00
   34.050  1.0000E+00
   34.060  1.0000E+00
   34.070  1.0000E+00
   34.080  1.0000E+00
   34.090  1.0000E+00
   34.100  1.0000E+00
   34.110  1.0000E+00
   34.120  1.0000E+00
   34.130  1.0000E+00
   34.140  1.0000E+00
   34.150  1.0000E+00
   34.160  1.0000E+00
   34.170  1.0000E+00
   34.180  1.0000E+00
   34.190  1.0000E+00
   34.200  1.0000E+00
   34.210  1.0000E+00
   34.220  1.0000E+00
   34.230  1.0000E+00
   34.240  1.0000E+00
   34.250  1.0000E+00
   34.260  1.0000E+00
   34.270  1.0000E+00
   34.280  1.0000E+00
   34.290  1.0000E+00
   34.300  1.0000E+00
   34.310  1.0000E+00
   34.320  1.0000E+00
   34.330  1.0000E+00
   34.340  1.0000E+00
   34.350  1.0000E+00
   34.360  1.0000E+00
   34.370  1.0000E+00
   34.380  1.0000E+00
   34.390  1.0000E+00
   34.400  1.0000E+00
   34.410  1.0000E+00
   34.420  1.0000E+00
   34.430  1.0000E+00
   34.440  1.0000E+00
   34.450  1.0000E+00
   34.460  1.0000E+00
   34.470  1.0000E+00
   34.480  1.0000E+00
   34.490  1.0000E+00
   34.500  1.0000E+00
   34.510  1.0000E+00
   34.520  1.0000E+00
   34.530  1.0000E+00
   34.540  1.0000E+00
   34.550  1.0000E+00
   34.560  1.0000E+00
   34.570  1.0000E+00
   34.580  1.0000E+00
   34.590  1.0000E+00
   34.600  1.0000E+00
   34.610  1.0000E+00
   34.620  1.0000E+00
   34.630  1.0000E+00
   34.640  1.0000E+00
   34.650  1.0000E+00
   34.660  1.0000E+00
   34.670  1.0000E+00
   34.680  1.0000E+00
   34.690  1.0000E+00
   34.700  1.0000E+00
   34.710  1.0000E+00
   34.720  1.0000E+00
   34.730  1.0000E+00
   34.740  1.0000E+00
   34.750  1.0000E+00
   34.760  1.0000E+00
   34.770  1.0000E+00
   34.780  1.0000E+00
   34.790  1.0000E+00
   34.800  1.0000E+00
   34.810  1.0000E+00
   34.820  1.0000E+00
   34.830  1.0000E+00
   34.840  1.0000E+00
   34.850  1.0000E+00
   34.860  1.0000E+00
   34.870  1.0000E+00
   34.880  1.0000E+00
   34.890  1.0000E+00
   34.900  1.0000E+00
   34.910  1.0000E+00
   34.920  1.0000E+00
   34.930  1.0000E+00
   34.940  1.0000E+00
   34.950  1.0000E+00
   34.960  1.0000E+00
   34.970  1.0000E+00
   34.980  1.0000E+00
   34.990  1.0000E+00
   35.000  1.0000E+00
   35.010  1.0000E+00
   35.020  1.0000E+00
   35.030  1.0000E+00
   35.040  1.0000E+00
   35.050  1.0000E+00
   35.060  1.0000E+00
   35.070  1.0000E+00
   35.080  1.0000E+00
   35.090  1.0000E+00
   35.100  1.0000E+00
   35.110  1.0000E+00
   35.120  1.0000E+00
   35.130  1.0000E+00
   35.140  1.0000E+00
   35.150  1.0000E+00
   35.160  1.0000E+00
   35.170  1.0000E+00
   35.180  1.0000E+00
   35.190  1.0000E+00
   35.200  1.0000E+00
   35.210  1.0000E+00
   35.220  1.0000E+00
   35.230  1.0000E+00
   35.240  1.0000E+00
   35.250  1.0000E+00
   35.260  1.0000E+00
   35.270  1.0000E+00
   35.280  1.0000E+00
   35.290  1.0000E+00
   35.300  1.0000E+00
   35.310  1.0000E+00
   35.320  1.0000E+00
   35.330  1.0000E+00
   35.340  1.0000E+00
   35.350  1.0000E+00
   35.360  1.0000E+00
   35.370  1.0000E+00
   35.380  1.0000E+00
   35.390  1.0000E+00
   35.400  1.0000E+00
   35.410  1.0000E+00
   35.420  1.0000E+00
   35.430  1.0000E+00
   35.440  1.0000E+00
   35.450  1.0000E+00
   35.460  1.0000E+00
   35.470  1.0000E+00
   35.480  1.0000E+00
   35.490  1.0000E+00
   35.500  1.0000E+00
   35.510  1.0000E+00
   35.520  1.0000E+00
   35.530  1.0000E+00
   35.540  1.0000E+00
   35.550  1.0000E+00
   35.560  1.0000E+00
   35.570  1.0000E+00
   35.580  1.0000E+00
   35.590  1.0000E+00
   35.600  1.0000E+00
   35.610  1.0000E+00
   35.620  1.0000E+00
   35.630  1.0000E+00
   35.640  1.0000E+00
   35.650  1.0000E+00
   35.660  1.0000E+00
   35.670  1.0000E+00
   35.680  1.0000E+00
   35.690  1.0000E+00
   35.700  1.0000E+00
   35.710  1.0000E+00
   35.720  1.0000E+00
   35.730  1.0000E+00
   35.740  1.0000E+00
   35.750  1.0000E+00
   35.760  1.0000E+00
   35.770  1.0000E+00
   35.780  1.0000E+00
   35.790  1.0000E+00
   35.800  1.0000E+00
   35.810  1.0000E+00
   35.820  1.0000E+00
   35.830  1.0000E+00
   35.840  1.0000E+00
   35.850  1.0000E+00
   35.860  1.0000E+00
   35.870  1.0000E+00
   35.880  1.0000E+00
   35.890  1.0000E+00
   35.900  1.0000E+00
   35.910  1.0000E+00
   35.920  1.0000E+00
   35.930  1.0000E+00
   35.940  1.0000E+00
   35.950  1.0000E+00
   35.960  1.0000E+00
   35.970  1.0000E+00
   35.980  1.0000E+00
   35.990  1.0000E+00
   36.000  1.0000E+00
   36.010  1.0000E+00
   36.020  1.0000E+00
   36.030  1.0000E+00
   36.040  1.0000E+00
   36.050  1.0000E+00
   36.060  1.0000E+00
   36.070  1.0000E+00
   36.080  1.0000E+00
   36.090  1.0000E+00
   36.100  1.0000E+00
   36.110  1.0000E+00
   36.120  1.0000E+00
   36.130  1.0000E+00
   36.140  1.0000E+00
   36.150  1.0000E+00
   36.160  1.0000E+00
   36.170  1.0000E+00
   36.180  1.0000E+00
   36.190  1.0000E+00
   36.200  1.0000E+00
   36.210  1.0000E+00
   36.220  1.0000E+00
   36.230  1.0000E+00
   36.240  1.0000E+00
   36.250  1.0000E+00
   36.260  1.0000E+00
   36.270  1.0000E+00
   36.280  1.0000E+00
   36.290  1.0000E+00
   36.300  1.0000E+00
   36.310  1.0000E+00
   36.320  1.0000E+00
   36.330  1.0000E+00
   36.340  1.0000E+00
   36.350  1.0000E+00
   36.360  1.0000E+00
   36.370  1.0000E+00
   36.380  1.0000E+00
   36.390  1.0000E+00
   36.400  1.0000E+00
   36.410  1.0000E+00
   36.420  1.0000E+00
   36.430  1.0000E+00
   36.440  1.0000E+00
   36.450  1.0000E+00
   36.460  1.0000E+00
   36.470  1.0000E+00
   36.480  1.0000E+00
   36.490  1.0000E+00
   36.500  1.0000E+00
   36.510  1.0000E+00
   36.520  1.0000E+00
   36.530  1.0000E+00
   36.540  1.0000E+00
   36.550  1.0000E+00
   36.560  1.0000E+00
   36.570  1.0000E+00
   36.580  1.0000E+00
   36.590  1.0000E+00
   36.600  1.0000E+00
   36.610  1.0000E+00
   36.620  1.0000E+00
   36.630  1.0000E+00
   36.640  1.0000E+00
   36.650  1.0000E+00
   36.660  1.0000E+00
   36.670  1.0000E+00
   36.680  1.0000E+00
   36.690  1.0000E+00
   36.700  1.0000E+00
   36.710  1.0000E+00
   36.720  1.0000E+00
   36.730  1.0000E+00
   36.740  1.0000E+00
   36.750  1.0000E+00
   36.760  1.0000E+00
   36.770  1.0000E+00
   36.780  1.0000E+00
   36.790  1.0000E+00
   36.800  1.0000E+00
   36.810  1.0000E+00
   36.820  1.0000E+00
   36.830  1.0000E+00
   36.840  1.0000E+00
   36.850  1.0000E+00
   36.860  1.0000E+00
   36.870  1.0000E+00
   36.880  1.0000E+00
   36.890  1.0000E+00
   36.900  1.0000E+00
   36.910  1.0000E+00
   36.920  1.0000E+00
   36.930  1.0000E+00
   36.940  1.0000E+00
   36.950  1.0000E+00
   36.960  1.0000E+00
   36.970  1.0000E+00
   36.980  1.0000E+00
   36.990  1.0000E+00
   37.000  1.0000E+00
   37.010  1.0000E+00
   37.020  1.0000E+00
   37.030  1.0000E+00
   37.040  1.0000E+00
   37.050  1.0000E+00
   37.060  1.0000E+00
   37.070  1.0000E+00
   37.080  1.0000E+00
   37.090  1.0000E+00
   37.100  1.0000E+00
   37.110  1.0000E+00
   37.120  1.0000E+00
   37.130  1.0000E+00
   37.140  1.0000E+00
   37.150  1.0000E+00
   37.160  1.0000E+00
   37.170  1.0000E+00
   37.180  1.0000E+00
   37.190  1.0000E+00
   37.200  1.0000E+00
   37.210  1.0000E+00
   37.220  1.0000E+00
   37.230  1.0000E+00
   37.240  1.0000E+00
   37.250  1.0000E+00
   37.260  1.0000E+00
   37.270  1.0000E+00
   37.280  1.0000E+00
   37.290  1.0000E+00
   37.300  1.0000E+00
   37.310  1.0000E+00
   37.320  1.0000E+00
   37.330  1.0000E+00
   37.340  1.0000E+00
   37.350  1.0000E+00
   37.360  1.0000E+00
   37.370  1.0000E+00
   37.380  1.0000E+00
   37.390  1.0000E+00
   37.400  1.0000E+00
   37.410  1.0000E+00
   37.420  1.0000E+00
   37.430  1.0000E+00
   37.440  1.0000E+00
   37.450  1.0000E+00
   37.460  1.0000E+00
   37.470  1.0000E+00
   37.480  1.0000E+00
   37.490  1.0000E+00
   37.500  1.0000E+00
   37.510  1.0000E+00
   37.520  1.0000E+00
   37.530  1.0000E+00
   37.540  1.0000E+00
   37.550  1.0000E+00
   37.560  1.0000E+00
   37.570  1.0000E+00
   37.580  1.0000E+00
   37.590  1.0000E+00
   37.600  1.0000E+00
   37.610  1.0000E+00
   37.620  1.0000E+00
   37.630  1.0000E+00
   37.640  1.0000E+00
   37.650  1.0000E+00
   37.660  1.0000E+00
   37.670  1.0000E+00
   37.680  1.0000E+00
   37.690  1.0000E+00
   37.700  1.0000E+00
   37.710  1.0000E+00
   37.720  1.0000E+00
   37.730  1.0000E+00
   37.740  1.0000E+00
   37.750  1.0000E+00
   37.760  1.0000E+00
   37.770  1.0000E+00
   37.780  1.0000E+00
   37.790  1.0000E+00
   37.800  1.0000E+00
   37.810  1.0000E+00
   37.820  1.0000E+00
   37.830  1.0000E+00
   37.840  1.0000E+00
   37.850  1.0000E+00
   37.860  1.0000E+00
   37.870  1.0000E+00
   37.880  1.0000E+00
   37.890  1.0000E+00
   37.900  1.0000E+00
   37.910  1.0000E+00
   37.920  1.0000E+00
   37.930  1.0000E+00
   37.940  1.0000E+00
   37.950  1.0000E+00
   37.960  1.0000E+00
   37.970  1.0000E+00
   37.980  1.0000E+00
   37.990  1.0000E+00
   38.000  1.0000E+00
   38.010  1.0000E+00
   38.020  1.0000E+00
   38.030  1.0000E+00
   38.040  1.0000E+00
   38.050  1.0000E+00
   38.060  1.0000E+00
   38.070  1.0000E+00
   38.080  1.0000E+00
   38.090  1.0000E+00
   38.100  1.0000E+00
   38.110  1.0000E+00
   38.120  1.0000E+00
   38.130  1.0000E+00
   38.140  1.0000E+00
   38.150  1.0000E+00
   38.160  1.0000E+00
   38.170  1.0000E+00
   38.180  1.0000E+00
   38.190  1.0000E+00
   38.200  1.0000E+00
   38.210  1.0000E+00
   38.220  1.0000E+00
   38.230  1.0000E+00
   38.240  1.0000E+00
   38.250  1.0000E+00
   38.260  1.0000E+00
   38.270  1.0000E+00
   38.280  1.0000E+00
   38.290  1.0000E+00
   38.300  1.0000E+00
   38.310  1.0000E+00
   38.320  1.0000E+00
   38.330  1.0000E+00
   38.340  1.0000E+00
   38.350  1.0000E+00
   38.360  1.0000E+00
   38.370  1.0000E+00
   38.380  1.0000E+00
   38.390  1.0000E+00
   38.400  1.0000E+00
   38.410  1.0000E+00
   38.420  1.0000E+00
   38.430  1.0000E+00
   38.440  1.0000E+00
   38.450  1.0000E+00
   38.460  1.0000E+00
   38.470  1.0000E+00
   38.480  1.0000E+00
   38.490  1.0000E+00
   38.500  1.0000E+00
   38.510  1.0000E+00
   38.520  1.0000E+00
   38.530  1.0000E+00
   38.540  1.0000E+00
   38.550  1.0000E+00
   38.560  1.0000E+00
   38.570  1.0000E+00
   38.580  1.0000E+00
   38.590  1.0000E+00
   38.600  1.0000E+00
   38.610  1.0000E+00
   38.620  1.0000E+00
   38.630  1.0000E+00
   38.640  1.0000E+00
   38.650  1.0000E+00
   38.660  1.0000E+00
   38.670  1.0000E+00
   38.680  1.0000E+00
   38.690  1.0000E+00
   38.700  1.0000E+00
   38.710  1.0000E+00
   38.720  1.0000E+00
   38.730  1.0000E+00
   38.740  1.0000E+00
   38.750  1.0000E+00
   38.760  1.0000E+00
   38.770  1.0000E+00
   38.780  1.0000E+00
   38.790  1.0000E+00
   38.800  1.0000E+00
   38.810  1.0000E+00
   38.820  1.0000E+00
   38.830  1.0000E+00
   38.840  1.0000E+00
   38.850  1.0000E+00
   38.860  1.0000E+00
   38.870  1.0000E+00
   38.880  1.0000E+00
   38.890  1.0000E+00
   38.900  1.0000E+00
   38.910  1.0000E+00
   38.920  1.0000E+00
   38.930  1.0000E+00
   38.940  1.0000E+00
   38.950  1.0000E+00
   38.960  1.0000E+00
   38.970  1.0000E+00
   38.980  1.0000E+00
   38.990  1.0000E+00
   39.000  1.0000E+00
   39.010  1.0000E+00
   39.020  1.0000E+00
   39.030  1.0000E+00
   39.040  1.0000E+00
   39.050  1.0000E+00
   39.060  1.0000E+00
   39.070  1.0000E+00
   39.080  1.0000E+00
   39.090  1.0000E+00
   39.100  1.0000E+00
   39.110  1.0000E+00
   39.120  1.0000E+00
   39.130  1.0000E+00
   39.140  1.0000E+00
   39.150  1.0000E+00
   39.160  1.0000E+00
   39.170  1.0000E+00
   39.180  1.0000E+00
   39.190  1.0000E+00
   39.200  1.0000E+00
   39.210  1.0000E+00
   39.220  1.0000E+00
   39.230  1.0000E+00
   39.240  1.0000E+00
   39.250  1.0000E+00
   39.260  1.0000E+00
   39.270  1.0000E+00
   39.280  1.0000E+00
   39.290  1.0000E+00
   39.300  1.0000E+00
   39.310  1.0000E+00
   39.320  1.0000E+00
   39.330  1.0000E+00
   39.340  1.0000E+00
   39.350  1.0000E+00
   39.360  1.0000E+00
   39.370  1.0000E+00
   39.380  1.0000E+00
   39.390  1.0000E+00
   39.400  1.0000E+00
   39.410  1.0000E+00
   39.420  1.0000E+00
   39.430  1.0000E+00
   39.440  1.0000E+00
   39.450  1.0000E+00
   39.460  1.0000E+00
   39.470  1.0000E+00
   39.480  1.0000E+00
   39.490  1.0000E+00
   39.500  1.0000E+00
   39.510  1.0000E+00
   39.520  1.0000E+00
   39.530  1.0000E+00
   39.540  1.0000E+00
   39.550  1.0000E+00
   39.560  1.0000E+00
   39.570  1.0000E+00
   39.580  1.0000E+00
   39.590  1.0000E+00
   39.600  1.0000E+00
   39.610  1.0000E+00
   39.620  1.0000E+00
   39.630  1.0000E+00
   39.640  1.0000E+00
   39.650  1.0000E+00
   39.660  1.0000E+00
   39.670  1.0000E+00
   39.680  1.0000E+00
   39.690  1.0000E+00
   39.700  1.0000E+00
   39.710  1.0000E+00
   39.720  1.0000E+00
   39.730  1.0000E+00
   39.740  1.0000E+00
   39.750  1.0000E+00
   39.760  1.0000E+00
   39.770  1.0000E+00
   39.780  1.0000E+00
   39.790  1.0000E+00
   39.800  1.0000E+00
   39.810  1.0000E+00
   39.820  1.0000E+00
   39.830  1.0000E+00
   39.840  1.0000E+00
   39.850  1.0000E+00
   39.860  1.0000E+00
   39.870  1.0000E+00
   39.880  1.0000E+00
   39.890  1.0000E+00
   39.900  1.0000E+00
   39.910  1.0000E+00
   39.920  1.0000E+00
   39.930  1.0000E+00
   39.940  1.0000E+00
   39.950  1.0000E+00
   39.960  1.0000E+00
   39.970  1.0000E+00
   39.980  1.0000E+00
   39.990  1.0000E+00
   40.000  1.0000E+00
   40.010  1.0000E+00
   40.020  1.0000E+00
   40.030  1.0000E+00
   40.040  1.0000E+00
   40.050  1.0000E+00
   40.060  1.0000E+00
   40.070  1.0000E+00
   40.080  1.0000E+00
   40.090  1.0000E+00
   40.100  1.0000E+00
   40.110  1.0000E+00
   40.120  1.0000E+00
   40.130  1.0000E+00
   40.140  1.0000E+00
   40.150  1.0000E+00
   40.160  1.0000E+00
   40.170  1.0000E+00
   40.180  1.0000E+00
   40.190  1.0000E+00
   40.200  1.0000E+00
   40.210  1.0000E+00
   40.220  1.0000E+00
   40.230  1.0000E+00
   40.240  1.0000E+00
   40.250  1.0000E+00
   40.260  1.0000E+00
   40.270  1.0000E+00
   40.280  1.0000E+00
   40.290  1.0000E+00
   40.300  1.0000E+00
   40.310  1.0000E+00
   40.320  1.0000E+00
   40.330  1.0000E+00
   40.340  1.0000E+00
   40.350  1.0000E+00
   40.360  1.0000E+00
   40.370  1.0000E+00
   40.380  1.0000E+00
   40.390  1.0000E+00
   40.400  1.0000E+00
   40.410  1.0000E+00
   40.420  1.0000E+00
   40.430  1.0000E+00
   40.440  1.0000E+00
   40.450  1.0000E+00
   40.460  1.0000E+00
   40.470  1.0000E+00
   40.480  1.0000E+00
   40.490  1.0000E+00
   40.500  1.0000E+00
   40.510  1.0000E+00
   40.520  1.0000E+00
   40.530  1.0000E+00
   40.540  1.0000E+00
   40.550  1.0000E+00
   40.560  1.0000E+00
   40.570  1.0000E+00
   40.580  1.0000E+00
   40.590  1.0000E+00
   40.600  1.0000E+00
   40.610  1.0000E+00
   40.620  1.0000E+00
   40.630  1.0000E+00
   40.640  1.0000E+00
   40.650  1.0000E+00
   40.660  1.0000E+00
   40.670  1.0000E+00
   40.680  1.0000E+00
   40.690  1.0000E+00
   40.700  1.0000E+00
   40.710  1.0000E+00
   40.720  1.0000E+00
   40.730  1.0000E+00
   40.740  1.0000E+00
   40.750  1.0000E+00
   40.760  1.0000E+00
   40.770  1.0000E+00
   40.780  1.0000E+00
   40.790  1.0000E+00
   40.800  1.0000E+00
   40.810  1.0000E+00
   40.820  1.0000E+00
   40.830  1.0000E+00
   40.840  1.0000E+00
   40.850  1.0000E+00
   40.860  1.0000E+00
   40.870  1.0000E+00
   40.880  1.0000E+00
   40.890  1.0000E+00
   40.900  1.0000E+00
   40.910  1.0000E+00
   40.920  1.0000E+00
   40.930  1.0000E+00
   40.940  1.0000E+00
   40.950  1.0000E+00
