**********************************************
*******     Site #   1
Average PSA and Fourier spectrum over     1 trials
damping:   5%
  50 samples
Mag.          =      6.30
siteLat       =     42.35
siteLon       =     13.40
depth         =      0.00
R             =      9.97
azimuth       =  10479.30
fault Dis.(km)=     5.06
Hypo  Dis.(km)=    11.45
Input Parameters file =  aqk_0604_y_parameters.out                                                                                               
 data format: (1x,f10.3, 1p, 1x,e11.4, 5x,e11.4, 2x,e11.4, 1x,e11.4)
   freq(Hz) FAS(cm/sec) avgPSA(cm/s**2) avgPSV(cm/s)   avgSD(cm)
     -1.000         NaN             Nan   8.4219E+01         Nan
    999.900         Nan      5.0563E+02          NaN         NaN
      0.200  6.5576E+01      7.0821E+01   5.6358E+01  4.4848E+01
      0.217  6.5576E+01      8.9808E+01   6.5983E+01  4.8478E+01
      0.235  7.7840E+01      1.0816E+02   7.3372E+01  4.9771E+01
      0.254  8.7425E+01      1.2486E+02   7.8196E+01  4.8973E+01
      0.275  9.4042E+01      1.4273E+02   8.2528E+01  4.7720E+01
      0.298  9.9994E+01      1.6582E+02   8.8524E+01  4.7259E+01
      0.323  1.1399E+02      2.0347E+02   1.0029E+02  4.9431E+01
      0.350  1.3851E+02      2.6399E+02   1.2013E+02  5.4670E+01
      0.379  1.6951E+02      3.4476E+02   1.4485E+02  6.0860E+01
      0.410  2.0258E+02      4.3054E+02   1.6701E+02  6.4786E+01
      0.444  2.4485E+02      5.1566E+02   1.8468E+02  6.6144E+01
      0.481  2.5246E+02      5.7175E+02   1.8906E+02  6.2515E+01
      0.521  2.5008E+02      5.8884E+02   1.7977E+02  5.4882E+01
      0.565  2.3878E+02      6.0566E+02   1.7071E+02  4.8119E+01
      0.612  2.0570E+02      5.9059E+02   1.5369E+02  3.9997E+01
      0.662  1.4648E+02      5.8941E+02   1.4162E+02  3.4026E+01
      0.717  8.7341E+01      5.7323E+02   1.2716E+02  2.8209E+01
      0.777  5.3814E+01      5.2091E+02   1.0669E+02  2.1851E+01
      0.842  4.1178E+01      4.6511E+02   8.7949E+01  1.6631E+01
      0.912  5.0561E+01      4.4536E+02   7.7753E+01  1.3574E+01
      0.987  6.4968E+01      4.5470E+02   7.3292E+01  1.1814E+01
      1.069  8.6427E+01      5.4127E+02   8.0551E+01  1.1988E+01
      1.158  1.2312E+02      6.6863E+02   9.1870E+01  1.2623E+01
      1.255  1.2442E+02      7.0461E+02   8.9385E+01  1.1339E+01
      1.359  8.8022E+01      5.9672E+02   6.9889E+01  8.1856E+00
      1.472  1.0829E+02      5.8642E+02   6.3412E+01  6.8571E+00
      1.594  8.6809E+01      6.3512E+02   6.3409E+01  6.3307E+00
      1.727  8.6817E+01      8.4069E+02   7.7492E+01  7.1430E+00
      1.870  6.2507E+01      1.1630E+03   9.8972E+01  8.4229E+00
      2.026  3.4637E+02      1.3912E+03   1.0932E+02  8.5893E+00
      2.194  9.9621E+01      1.4354E+03   1.0413E+02  7.5542E+00
      2.376  1.1661E+02      1.1327E+03   7.5864E+01  5.0812E+00
      2.574  8.0972E+01      1.0404E+03   6.4337E+01  3.9785E+00
      2.788  1.8338E+02      1.1695E+03   6.6773E+01  3.8123E+00
      3.019  5.9363E+01      1.2122E+03   6.3897E+01  3.3682E+00
      3.270  7.4327E+01      1.0299E+03   5.0121E+01  2.4393E+00
      3.542  2.8190E+01      7.3345E+02   3.2956E+01  1.4808E+00
      3.836  4.6257E+01      8.2151E+02   3.4081E+01  1.4138E+00
      4.155  2.9681E+01      8.7368E+02   3.3464E+01  1.2817E+00
      4.501  7.2610E+01      1.0964E+03   3.8770E+01  1.3710E+00
      4.875  1.5899E+01      9.5226E+02   3.1091E+01  1.0151E+00
      5.280  7.3234E+01      1.0093E+03   3.0426E+01  9.1716E-01
      5.719  4.8927E+01      8.8847E+02   2.4727E+01  6.8818E-01
      6.194  1.3237E+01      1.0697E+03   2.7485E+01  7.0625E-01
      6.709  7.0243E+01      1.0685E+03   2.5349E+01  6.0137E-01
      7.266  2.0909E+01      9.2066E+02   2.0166E+01  4.4169E-01
      7.870  1.4399E+01      8.1073E+02   1.6395E+01  3.3155E-01
      8.524  1.8808E+01      7.2886E+02   1.3609E+01  2.5408E-01
      9.233  1.8735E+01      6.7770E+02   1.1682E+01  2.0138E-01
     10.000  3.1191E+01      7.8163E+02   1.2440E+01  1.9799E-01
 
 
