**********************************************
*******     Site #   1
Average PSA and Fourier spectrum over     1 trials
damping:   5%
  50 samples
Mag.          =      6.30
siteLat       =     42.35
siteLon       =     13.40
depth         =      0.00
R             =      9.97
azimuth       =  10479.30
fault Dis.(km)=     5.06
Hypo  Dis.(km)=    11.45
Input Parameters file =  aqk_0604_x_parameters.out                                                                                               
 data format: (1x,f10.3, 1p, 1x,e11.4, 5x,e11.4, 2x,e11.4, 1x,e11.4)
   freq(Hz) FAS(cm/sec) avgPSA(cm/s**2) avgPSV(cm/s)   avgSD(cm)
     -1.000         NaN             Nan   6.4005E+01         Nan
    999.900         Nan      3.9116E+02          NaN         NaN
      0.200  3.7646E+01      4.6246E+01   3.6802E+01  2.9286E+01
      0.217  3.7646E+01      5.7365E+01   4.2147E+01  3.0966E+01
      0.235  5.0204E+01      7.2148E+01   4.8941E+01  3.3198E+01
      0.254  7.1833E+01      9.6408E+01   6.0379E+01  3.7814E+01
      0.275  1.0232E+02      1.3384E+02   7.7388E+01  4.4748E+01
      0.298  1.3823E+02      1.8400E+02   9.8228E+01  5.2440E+01
      0.323  1.7595E+02      2.4414E+02   1.2033E+02  5.9312E+01
      0.350  2.0480E+02      3.0233E+02   1.3758E+02  6.2610E+01
      0.379  2.1717E+02      3.7945E+02   1.5943E+02  6.6984E+01
      0.410  2.1729E+02      4.2546E+02   1.6504E+02  6.4022E+01
      0.444  1.9444E+02      4.2195E+02   1.5112E+02  5.4124E+01
      0.481  1.8175E+02      4.5518E+02   1.5051E+02  4.9769E+01
      0.521  1.8174E+02      4.6980E+02   1.4343E+02  4.3787E+01
      0.565  1.6039E+02      4.4971E+02   1.2676E+02  3.5729E+01
      0.612  1.0747E+02      3.8127E+02   9.9221E+01  2.5821E+01
      0.662  5.3606E+01      3.2754E+02   7.8698E+01  1.8909E+01
      0.717  4.3408E+01      2.8224E+02   6.2611E+01  1.3889E+01
      0.777  4.0849E+01      2.6788E+02   5.4865E+01  1.1237E+01
      0.842  4.4354E+01      2.9025E+02   5.4885E+01  1.0378E+01
      0.912  4.3344E+01      3.2490E+02   5.6722E+01  9.9028E+00
      0.987  5.0538E+01      3.9944E+02   6.4385E+01  1.0378E+01
      1.069  1.5712E+02      6.4382E+02   9.5813E+01  1.4259E+01
      1.158  2.2766E+02      7.7978E+02   1.0714E+02  1.4721E+01
      1.255  1.9675E+02      8.5754E+02   1.0878E+02  1.3800E+01
      1.359  1.0935E+02      6.5426E+02   7.6629E+01  8.9750E+00
      1.472  5.6377E+01      4.7769E+02   5.1655E+01  5.5858E+00
      1.594  4.5541E+01      5.9118E+02   5.9023E+01  5.8927E+00
      1.727  2.8532E+01      5.8167E+02   5.3617E+01  4.9422E+00
      1.870  6.9461E+01      8.6144E+02   7.3312E+01  6.2392E+00
      2.026  2.2627E+02      1.0580E+03   8.3127E+01  6.5316E+00
      2.194  7.1657E+01      8.5053E+02   6.1701E+01  4.4761E+00
      2.376  9.4770E+01      7.6777E+02   5.1424E+01  3.4442E+00
      2.574  1.1072E+02      9.7474E+02   6.0276E+01  3.7274E+00
      2.788  1.2745E+02      1.0045E+03   5.7348E+01  3.2742E+00
      3.019  4.8802E+01      6.8348E+02   3.6028E+01  1.8991E+00
      3.270  1.1774E+01      6.0994E+02   2.9685E+01  1.4447E+00
      3.542  9.4125E+01      8.3986E+02   3.7738E+01  1.6957E+00
      3.836  2.4006E+01      7.6854E+02   3.1883E+01  1.3227E+00
      4.155  4.2451E+01      9.8657E+02   3.7787E+01  1.4473E+00
      4.501  1.1509E+02      1.1427E+03   4.0408E+01  1.4290E+00
      4.875  2.5727E+01      1.0134E+03   3.3086E+01  1.0802E+00
      5.280  3.6379E+01      1.0305E+03   3.1062E+01  9.3635E-01
      5.719  3.3792E+01      9.6211E+02   2.6777E+01  7.4522E-01
      6.194  1.4139E+01      9.7836E+02   2.5140E+01  6.4597E-01
      6.709  3.0340E+01      9.0666E+02   2.1509E+01  5.1029E-01
      7.266  1.8981E+01      9.5318E+02   2.0878E+01  4.5729E-01
      7.870  2.4606E+01      9.4764E+02   1.9164E+01  3.8754E-01
      8.524  1.6723E+01      8.8682E+02   1.6558E+01  3.0915E-01
      9.233  1.9082E+01      6.4039E+02   1.1039E+01  1.9030E-01
     10.000  2.9645E+01      6.3550E+02   1.0114E+01  1.6097E-01
 
 
