**********************************************
*******  Husid Time Series ************
*** Site #   1
*** trial   40
Input Parameters file =  aqk_0604__parameters.out                                                                                                
  4096 samples
dt:  0.010 sec
data format: (1x,f8.3,1p,2x,e11.4)
 Arias intensity =   2.090E+02
 75%-5% duration =   3.870E+00
fault Dis.(km)=    5.06
Hypo  Dis.(km)=   11.45
     time       husid
    0.000  0.0000E+00
    0.010  0.0000E+00
    0.020  0.0000E+00
    0.030  0.0000E+00
    0.040  0.0000E+00
    0.050  0.0000E+00
    0.060  0.0000E+00
    0.070  1.6800E-09
    0.080  7.4070E-09
    0.090  1.4817E-08
    0.100  2.4702E-08
    0.110  3.8526E-08
    0.120  5.8779E-08
    0.130  8.8686E-08
    0.140  1.3088E-07
    0.150  1.8574E-07
    0.160  2.5072E-07
    0.170  3.2104E-07
    0.180  3.9108E-07
    0.190  4.5637E-07
    0.200  5.1550E-07
    0.210  5.7099E-07
    0.220  6.2841E-07
    0.230  6.9466E-07
    0.240  7.7600E-07
    0.250  8.7652E-07
    0.260  9.9788E-07
    0.270  1.1400E-06
    0.280  1.3010E-06
    0.290  1.4765E-06
    0.300  1.6598E-06
    0.310  1.8439E-06
    0.320  2.0233E-06
    0.330  2.1948E-06
    0.340  2.3556E-06
    0.350  2.5031E-06
    0.360  2.6351E-06
    0.370  2.7506E-06
    0.380  2.8487E-06
    0.390  2.9274E-06
    0.400  2.9838E-06
    0.410  3.0167E-06
    0.420  3.0299E-06
    0.430  3.0319E-06
    0.440  3.0334E-06
    0.450  3.0437E-06
    0.460  3.0823E-06
    0.470  3.1658E-06
    0.480  3.2859E-06
    0.490  3.4391E-06
    0.500  3.6259E-06
    0.510  3.8544E-06
    0.520  4.1398E-06
    0.530  4.5017E-06
    0.540  4.9605E-06
    0.550  5.5327E-06
    0.560  6.2241E-06
    0.570  7.0225E-06
    0.580  7.8922E-06
    0.590  8.7800E-06
    0.600  9.6325E-06
    0.610  1.0411E-05
    0.620  1.1093E-05
    0.630  1.1672E-05
    0.640  1.2145E-05
    0.650  1.2522E-05
    0.660  1.2815E-05
    0.670  1.3044E-05
    0.680  1.3222E-05
    0.690  1.3360E-05
    0.700  1.3463E-05
    0.710  1.3531E-05
    0.720  1.3566E-05
    0.730  1.3577E-05
    0.740  1.3578E-05
    0.750  1.3587E-05
    0.760  1.3617E-05
    0.770  1.3666E-05
    0.780  1.3722E-05
    0.790  1.3771E-05
    0.800  1.3806E-05
    0.810  1.3827E-05
    0.820  1.3840E-05
    0.830  1.3850E-05
    0.840  1.3860E-05
    0.850  1.3873E-05
    0.860  1.3889E-05
    0.870  1.3906E-05
    0.880  1.3922E-05
    0.890  1.3933E-05
    0.900  1.3938E-05
    0.910  1.3939E-05
    0.920  1.3940E-05
    0.930  1.3944E-05
    0.940  1.3954E-05
    0.950  1.3969E-05
    0.960  1.3986E-05
    0.970  1.4001E-05
    0.980  1.4014E-05
    0.990  1.4025E-05
    1.000  1.4044E-05
    1.010  1.4164E-05
    1.020  1.4411E-05
    1.030  1.4664E-05
    1.040  1.4919E-05
    1.050  1.5175E-05
    1.060  1.5426E-05
    1.070  1.5864E-05
    1.080  1.6425E-05
    1.090  1.6806E-05
    1.100  1.7040E-05
    1.110  1.7243E-05
    1.120  1.7404E-05
    1.130  1.7461E-05
    1.140  1.7467E-05
    1.150  1.7479E-05
    1.160  1.7550E-05
    1.170  1.7731E-05
    1.180  1.8079E-05
    1.190  1.8658E-05
    1.200  1.9553E-05
    1.210  2.0818E-05
    1.220  2.2462E-05
    1.230  2.5095E-05
    1.240  2.8934E-05
    1.250  3.3348E-05
    1.260  3.8132E-05
    1.270  4.3005E-05
    1.280  4.8214E-05
    1.290  5.3478E-05
    1.300  5.7824E-05
    1.310  6.1074E-05
    1.320  6.3397E-05
    1.330  6.4989E-05
    1.340  6.6047E-05
    1.350  6.6711E-05
    1.360  6.7063E-05
    1.370  6.7262E-05
    1.380  6.7337E-05
    1.390  6.7344E-05
    1.400  6.7470E-05
    1.410  6.7949E-05
    1.420  6.8948E-05
    1.430  7.0517E-05
    1.440  7.2607E-05
    1.450  7.5125E-05
    1.460  7.7885E-05
    1.470  8.0847E-05
    1.480  8.4223E-05
    1.490  8.8266E-05
    1.500  9.3204E-05
    1.510  9.9117E-05
    1.520  1.0587E-04
    1.530  1.1298E-04
    1.540  1.1996E-04
    1.550  1.2646E-04
    1.560  1.3223E-04
    1.570  1.3722E-04
    1.580  1.4146E-04
    1.590  1.4501E-04
    1.600  1.4855E-04
    1.610  1.5207E-04
    1.620  1.5502E-04
    1.630  1.5751E-04
    1.640  1.5957E-04
    1.650  1.6125E-04
    1.660  1.6258E-04
    1.670  1.6343E-04
    1.680  1.6380E-04
    1.690  1.6387E-04
    1.700  1.6388E-04
    1.710  1.6390E-04
    1.720  1.6391E-04
    1.730  1.6392E-04
    1.740  1.6392E-04
    1.750  1.6398E-04
    1.760  1.6417E-04
    1.770  1.6457E-04
    1.780  1.6510E-04
    1.790  1.6553E-04
    1.800  1.6593E-04
    1.810  1.6647E-04
    1.820  1.6722E-04
    1.830  1.6825E-04
    1.840  1.6955E-04
    1.850  1.7096E-04
    1.860  1.7225E-04
    1.870  1.7323E-04
    1.880  1.7384E-04
    1.890  1.7415E-04
    1.900  1.7428E-04
    1.910  1.7434E-04
    1.920  1.7453E-04
    1.930  1.7491E-04
    1.940  1.7524E-04
    1.950  1.7546E-04
    1.960  1.7550E-04
    1.970  1.7556E-04
    1.980  1.7595E-04
    1.990  1.7707E-04
    2.000  1.7973E-04
    2.010  1.8435E-04
    2.020  1.9036E-04
    2.030  1.9710E-04
    2.040  2.0370E-04
    2.050  2.0935E-04
    2.060  2.1361E-04
    2.070  2.1644E-04
    2.080  2.1830E-04
    2.090  2.1967E-04
    2.100  2.2090E-04
    2.110  2.2205E-04
    2.120  2.2306E-04
    2.130  2.2388E-04
    2.140  2.2437E-04
    2.150  2.2451E-04
    2.160  2.2453E-04
    2.170  2.2473E-04
    2.180  2.2537E-04
    2.190  2.2639E-04
    2.200  2.2744E-04
    2.210  2.2896E-04
    2.220  2.3133E-04
    2.230  2.3443E-04
    2.240  2.3920E-04
    2.250  2.4464E-04
    2.260  2.4975E-04
    2.270  2.5614E-04
    2.280  2.6482E-04
    2.290  2.7695E-04
    2.300  2.9418E-04
    2.310  3.1677E-04
    2.320  3.4306E-04
    2.330  3.7126E-04
    2.340  3.9910E-04
    2.350  4.2480E-04
    2.360  4.4741E-04
    2.370  4.6656E-04
    2.380  4.8251E-04
    2.390  4.9584E-04
    2.400  5.0713E-04
    2.410  5.1662E-04
    2.420  5.2428E-04
    2.430  5.2991E-04
    2.440  5.3296E-04
    2.450  5.3364E-04
    2.460  5.3380E-04
    2.470  5.3555E-04
    2.480  5.4074E-04
    2.490  5.5026E-04
    2.500  5.6357E-04
    2.510  5.7882E-04
    2.520  5.9342E-04
    2.530  6.0637E-04
    2.540  6.1784E-04
    2.550  6.2578E-04
    2.560  6.3056E-04
    2.570  6.3446E-04
    2.580  6.3750E-04
    2.590  6.3939E-04
    2.600  6.4039E-04
    2.610  6.4078E-04
    2.620  6.4085E-04
    2.630  6.4091E-04
    2.640  6.4155E-04
    2.650  6.4382E-04
    2.660  6.4824E-04
    2.670  6.5605E-04
    2.680  6.6924E-04
    2.690  6.8790E-04
    2.700  7.1120E-04
    2.710  7.3707E-04
    2.720  7.6349E-04
    2.730  7.8928E-04
    2.740  8.1441E-04
    2.750  8.3971E-04
    2.760  8.6616E-04
    2.770  8.9492E-04
    2.780  9.2682E-04
    2.790  9.6127E-04
    2.800  9.9670E-04
    2.810  1.0311E-03
    2.820  1.0626E-03
    2.830  1.0877E-03
    2.840  1.1057E-03
    2.850  1.1187E-03
    2.860  1.1277E-03
    2.870  1.1339E-03
    2.880  1.1383E-03
    2.890  1.1420E-03
    2.900  1.1455E-03
    2.910  1.1485E-03
    2.920  1.1507E-03
    2.930  1.1514E-03
    2.940  1.1515E-03
    2.950  1.1527E-03
    2.960  1.1570E-03
    2.970  1.1649E-03
    2.980  1.1760E-03
    2.990  1.1892E-03
    3.000  1.2035E-03
    3.010  1.2186E-03
    3.020  1.2342E-03
    3.030  1.2486E-03
    3.040  1.2611E-03
    3.050  1.2709E-03
    3.060  1.2777E-03
    3.070  1.2820E-03
    3.080  1.2853E-03
    3.090  1.2881E-03
    3.100  1.2911E-03
    3.110  1.2940E-03
    3.120  1.2966E-03
    3.130  1.2985E-03
    3.140  1.2994E-03
    3.150  1.2998E-03
    3.160  1.2998E-03
    3.170  1.2999E-03
    3.180  1.3001E-03
    3.190  1.3002E-03
    3.200  1.3002E-03
    3.210  1.3002E-03
    3.220  1.3002E-03
    3.230  1.3002E-03
    3.240  1.3003E-03
    3.250  1.3010E-03
    3.260  1.3037E-03
    3.270  1.3104E-03
    3.280  1.3219E-03
    3.290  1.3354E-03
    3.300  1.3482E-03
    3.310  1.3584E-03
    3.320  1.3648E-03
    3.330  1.3680E-03
    3.340  1.3692E-03
    3.350  1.3696E-03
    3.360  1.3698E-03
    3.370  1.3702E-03
    3.380  1.3709E-03
    3.390  1.3720E-03
    3.400  1.3733E-03
    3.410  1.3742E-03
    3.420  1.3746E-03
    3.430  1.3746E-03
    3.440  1.3759E-03
    3.450  1.3807E-03
    3.460  1.3912E-03
    3.470  1.4081E-03
    3.480  1.4304E-03
    3.490  1.4566E-03
    3.500  1.4853E-03
    3.510  1.5160E-03
    3.520  1.5493E-03
    3.530  1.5869E-03
    3.540  1.6317E-03
    3.550  1.6864E-03
    3.560  1.7532E-03
    3.570  1.8318E-03
    3.580  1.9206E-03
    3.590  2.0160E-03
    3.600  2.1145E-03
    3.610  2.2127E-03
    3.620  2.3113E-03
    3.630  2.4080E-03
    3.640  2.4970E-03
    3.650  2.5774E-03
    3.660  2.6479E-03
    3.670  2.7080E-03
    3.680  2.7538E-03
    3.690  2.7854E-03
    3.700  2.8065E-03
    3.710  2.8179E-03
    3.720  2.8218E-03
    3.730  2.8222E-03
    3.740  2.8232E-03
    3.750  2.8282E-03
    3.760  2.8383E-03
    3.770  2.8511E-03
    3.780  2.8646E-03
    3.790  2.8782E-03
    3.800  2.8910E-03
    3.810  2.9023E-03
    3.820  2.9121E-03
    3.830  2.9201E-03
    3.840  2.9259E-03
    3.850  2.9296E-03
    3.860  2.9320E-03
    3.870  2.9333E-03
    3.880  2.9336E-03
    3.890  2.9338E-03
    3.900  2.9356E-03
    3.910  2.9429E-03
    3.920  2.9621E-03
    3.930  3.0010E-03
    3.940  3.0646E-03
    3.950  3.1508E-03
    3.960  3.2515E-03
    3.970  3.3550E-03
    3.980  3.4507E-03
    3.990  3.5332E-03
    4.000  3.6005E-03
    4.010  3.6555E-03
    4.020  3.7029E-03
    4.030  3.7457E-03
    4.040  3.7863E-03
    4.050  3.8251E-03
    4.060  3.8638E-03
    4.070  3.9055E-03
    4.080  3.9506E-03
    4.090  3.9980E-03
    4.100  4.0455E-03
    4.110  4.0907E-03
    4.120  4.1322E-03
    4.130  4.1696E-03
    4.140  4.2034E-03
    4.150  4.2344E-03
    4.160  4.2626E-03
    4.170  4.2870E-03
    4.180  4.3043E-03
    4.190  4.3111E-03
    4.200  4.3118E-03
    4.210  4.3202E-03
    4.220  4.3527E-03
    4.230  4.4180E-03
    4.240  4.5153E-03
    4.250  4.6379E-03
    4.260  4.7767E-03
    4.270  4.9196E-03
    4.280  5.0529E-03
    4.290  5.1653E-03
    4.300  5.2513E-03
    4.310  5.3116E-03
    4.320  5.3509E-03
    4.330  5.3742E-03
    4.340  5.3866E-03
    4.350  5.3925E-03
    4.360  5.3949E-03
    4.370  5.3959E-03
    4.380  5.3964E-03
    4.390  5.3970E-03
    4.400  5.3986E-03
    4.410  5.4012E-03
    4.420  5.4047E-03
    4.430  5.4084E-03
    4.440  5.4118E-03
    4.450  5.4151E-03
    4.460  5.4186E-03
    4.470  5.4225E-03
    4.480  5.4273E-03
    4.490  5.4331E-03
    4.500  5.4395E-03
    4.510  5.4449E-03
    4.520  5.4477E-03
    4.530  5.4483E-03
    4.540  5.4485E-03
    4.550  5.4494E-03
    4.560  5.4504E-03
    4.570  5.4506E-03
    4.580  5.4520E-03
    4.590  5.4596E-03
    4.600  5.4762E-03
    4.610  5.4988E-03
    4.620  5.5205E-03
    4.630  5.5357E-03
    4.640  5.5431E-03
    4.650  5.5451E-03
    4.660  5.5452E-03
    4.670  5.5453E-03
    4.680  5.5454E-03
    4.690  5.5465E-03
    4.700  5.5541E-03
    4.710  5.5783E-03
    4.720  5.6300E-03
    4.730  5.7156E-03
    4.740  5.8322E-03
    4.750  5.9666E-03
    4.760  6.0999E-03
    4.770  6.2175E-03
    4.780  6.3155E-03
    4.790  6.3993E-03
    4.800  6.4778E-03
    4.810  6.5587E-03
    4.820  6.6480E-03
    4.830  6.7468E-03
    4.840  6.8552E-03
    4.850  6.9728E-03
    4.860  7.0954E-03
    4.870  7.2199E-03
    4.880  7.3414E-03
    4.890  7.4538E-03
    4.900  7.5524E-03
    4.910  7.6366E-03
    4.920  7.7089E-03
    4.930  7.7717E-03
    4.940  7.8258E-03
    4.950  7.8702E-03
    4.960  7.9025E-03
    4.970  7.9201E-03
    4.980  7.9248E-03
    4.990  7.9255E-03
    5.000  7.9331E-03
    5.010  7.9512E-03
    5.020  7.9778E-03
    5.030  8.0119E-03
    5.040  8.0504E-03
    5.050  8.0887E-03
    5.060  8.1216E-03
    5.070  8.1453E-03
    5.080  8.1587E-03
    5.090  8.1639E-03
    5.100  8.1652E-03
    5.110  8.1654E-03
    5.120  8.1654E-03
    5.130  8.1660E-03
    5.140  8.1677E-03
    5.150  8.1721E-03
    5.160  8.1847E-03
    5.170  8.2245E-03
    5.180  8.3316E-03
    5.190  8.5581E-03
    5.200  8.9226E-03
    5.210  9.3873E-03
    5.220  9.8827E-03
    5.230  1.0332E-02
    5.240  1.0679E-02
    5.250  1.0901E-02
    5.260  1.1023E-02
    5.270  1.1084E-02
    5.280  1.1117E-02
    5.290  1.1137E-02
    5.300  1.1150E-02
    5.310  1.1160E-02
    5.320  1.1170E-02
    5.330  1.1187E-02
    5.340  1.1222E-02
    5.350  1.1285E-02
    5.360  1.1375E-02
    5.370  1.1484E-02
    5.380  1.1601E-02
    5.390  1.1725E-02
    5.400  1.1856E-02
    5.410  1.1991E-02
    5.420  1.2141E-02
    5.430  1.2306E-02
    5.440  1.2460E-02
    5.450  1.2563E-02
    5.460  1.2600E-02
    5.470  1.2603E-02
    5.480  1.2630E-02
    5.490  1.2730E-02
    5.500  1.2936E-02
    5.510  1.3288E-02
    5.520  1.3817E-02
    5.530  1.4480E-02
    5.540  1.5160E-02
    5.550  1.5740E-02
    5.560  1.6154E-02
    5.570  1.6398E-02
    5.580  1.6515E-02
    5.590  1.6562E-02
    5.600  1.6577E-02
    5.610  1.6581E-02
    5.620  1.6582E-02
    5.630  1.6582E-02
    5.640  1.6585E-02
    5.650  1.6592E-02
    5.660  1.6602E-02
    5.670  1.6617E-02
    5.680  1.6643E-02
    5.690  1.6689E-02
    5.700  1.6757E-02
    5.710  1.6827E-02
    5.720  1.6878E-02
    5.730  1.6902E-02
    5.740  1.6907E-02
    5.750  1.6908E-02
    5.760  1.6916E-02
    5.770  1.6932E-02
    5.780  1.6950E-02
    5.790  1.6961E-02
    5.800  1.6967E-02
    5.810  1.6971E-02
    5.820  1.6975E-02
    5.830  1.6986E-02
    5.840  1.7017E-02
    5.850  1.7089E-02
    5.860  1.7204E-02
    5.870  1.7341E-02
    5.880  1.7464E-02
    5.890  1.7546E-02
    5.900  1.7586E-02
    5.910  1.7599E-02
    5.920  1.7602E-02
    5.930  1.7602E-02
    5.940  1.7603E-02
    5.950  1.7617E-02
    5.960  1.7678E-02
    5.970  1.7846E-02
    5.980  1.8196E-02
    5.990  1.8785E-02
    6.000  1.9618E-02
    6.010  2.0621E-02
    6.020  2.1664E-02
    6.030  2.2622E-02
    6.040  2.3439E-02
    6.050  2.4135E-02
    6.060  2.4770E-02
    6.070  2.5406E-02
    6.080  2.6085E-02
    6.090  2.6814E-02
    6.100  2.7593E-02
    6.110  2.8403E-02
    6.120  2.9209E-02
    6.130  2.9961E-02
    6.140  3.0589E-02
    6.150  3.1015E-02
    6.160  3.1229E-02
    6.170  3.1300E-02
    6.180  3.1312E-02
    6.190  3.1314E-02
    6.200  3.1333E-02
    6.210  3.1377E-02
    6.220  3.1432E-02
    6.230  3.1502E-02
    6.240  3.1613E-02
    6.250  3.1783E-02
    6.260  3.1987E-02
    6.270  3.2169E-02
    6.280  3.2302E-02
    6.290  3.2407E-02
    6.300  3.2506E-02
    6.310  3.2602E-02
    6.320  3.2691E-02
    6.330  3.2764E-02
    6.340  3.2811E-02
    6.350  3.2833E-02
    6.360  3.2841E-02
    6.370  3.2845E-02
    6.380  3.2847E-02
    6.390  3.2848E-02
    6.400  3.2848E-02
    6.410  3.2849E-02
    6.420  3.2851E-02
    6.430  3.2887E-02
    6.440  3.3076E-02
    6.450  3.3672E-02
    6.460  3.4954E-02
    6.470  3.7015E-02
    6.480  3.9517E-02
    6.490  4.1783E-02
    6.500  4.3405E-02
    6.510  4.4377E-02
    6.520  4.4833E-02
    6.530  4.4967E-02
    6.540  4.4979E-02
    6.550  4.4996E-02
    6.560  4.5043E-02
    6.570  4.5085E-02
    6.580  4.5099E-02
    6.590  4.5101E-02
    6.600  4.5127E-02
    6.610  4.5214E-02
    6.620  4.5453E-02
    6.630  4.5980E-02
    6.640  4.6894E-02
    6.650  4.8282E-02
    6.660  5.0206E-02
    6.670  5.2651E-02
    6.680  5.5569E-02
    6.690  5.8804E-02
    6.700  6.1870E-02
    6.710  6.4169E-02
    6.720  6.5457E-02
    6.730  6.5956E-02
    6.740  6.6095E-02
    6.750  6.6134E-02
    6.760  6.6142E-02
    6.770  6.6150E-02
    6.780  6.6253E-02
    6.790  6.6619E-02
    6.800  6.7291E-02
    6.810  6.8010E-02
    6.820  6.8416E-02
    6.830  6.8482E-02
    6.840  6.8591E-02
    6.850  6.9186E-02
    6.860  7.0279E-02
    6.870  7.1486E-02
    6.880  7.2526E-02
    6.890  7.3275E-02
    6.900  7.3717E-02
    6.910  7.3956E-02
    6.920  7.4096E-02
    6.930  7.4201E-02
    6.940  7.4315E-02
    6.950  7.4475E-02
    6.960  7.4682E-02
    6.970  7.4871E-02
    6.980  7.4980E-02
    6.990  7.5016E-02
    7.000  7.5024E-02
    7.010  7.5025E-02
    7.020  7.5025E-02
    7.030  7.5026E-02
    7.040  7.5039E-02
    7.050  7.5110E-02
    7.060  7.5252E-02
    7.070  7.5397E-02
    7.080  7.5469E-02
    7.090  7.5477E-02
    7.100  7.5526E-02
    7.110  7.5723E-02
    7.120  7.6075E-02
    7.130  7.6466E-02
    7.140  7.6764E-02
    7.150  7.6908E-02
    7.160  7.6929E-02
    7.170  7.6975E-02
    7.180  7.7180E-02
    7.190  7.7479E-02
    7.200  7.7671E-02
    7.210  7.7700E-02
    7.220  7.7814E-02
    7.230  7.8489E-02
    7.240  8.0385E-02
    7.250  8.4156E-02
    7.260  8.9869E-02
    7.270  9.6917E-02
    7.280  1.0439E-01
    7.290  1.1160E-01
    7.300  1.1820E-01
    7.310  1.2389E-01
    7.320  1.2871E-01
    7.330  1.3305E-01
    7.340  1.3726E-01
    7.350  1.4156E-01
    7.360  1.4588E-01
    7.370  1.4976E-01
    7.380  1.5283E-01
    7.390  1.5515E-01
    7.400  1.5701E-01
    7.410  1.5853E-01
    7.420  1.5968E-01
    7.430  1.6040E-01
    7.440  1.6078E-01
    7.450  1.6104E-01
    7.460  1.6136E-01
    7.470  1.6181E-01
    7.480  1.6237E-01
    7.490  1.6282E-01
    7.500  1.6299E-01
    7.510  1.6301E-01
    7.520  1.6303E-01
    7.530  1.6308E-01
    7.540  1.6314E-01
    7.550  1.6318E-01
    7.560  1.6319E-01
    7.570  1.6319E-01
    7.580  1.6320E-01
    7.590  1.6321E-01
    7.600  1.6321E-01
    7.610  1.6321E-01
    7.620  1.6321E-01
    7.630  1.6321E-01
    7.640  1.6321E-01
    7.650  1.6323E-01
    7.660  1.6342E-01
    7.670  1.6409E-01
    7.680  1.6535E-01
    7.690  1.6721E-01
    7.700  1.6997E-01
    7.710  1.7412E-01
    7.720  1.8026E-01
    7.730  1.8854E-01
    7.740  1.9814E-01
    7.750  2.0775E-01
    7.760  2.1626E-01
    7.770  2.2315E-01
    7.780  2.2823E-01
    7.790  2.3161E-01
    7.800  2.3366E-01
    7.810  2.3485E-01
    7.820  2.3549E-01
    7.830  2.3582E-01
    7.840  2.3602E-01
    7.850  2.3619E-01
    7.860  2.3640E-01
    7.870  2.3666E-01
    7.880  2.3688E-01
    7.890  2.3693E-01
    7.900  2.3697E-01
    7.910  2.3726E-01
    7.920  2.3779E-01
    7.930  2.3825E-01
    7.940  2.3840E-01
    7.950  2.3842E-01
    7.960  2.3861E-01
    7.970  2.3886E-01
    7.980  2.3890E-01
    7.990  2.3925E-01
    8.000  2.4064E-01
    8.010  2.4299E-01
    8.020  2.4562E-01
    8.030  2.4791E-01
    8.040  2.4944E-01
    8.050  2.5011E-01
    8.060  2.5024E-01
    8.070  2.5027E-01
    8.080  2.5052E-01
    8.090  2.5119E-01
    8.100  2.5249E-01
    8.110  2.5454E-01
    8.120  2.5696E-01
    8.130  2.5901E-01
    8.140  2.6028E-01
    8.150  2.6094E-01
    8.160  2.6128E-01
    8.170  2.6144E-01
    8.180  2.6148E-01
    8.190  2.6148E-01
    8.200  2.6155E-01
    8.210  2.6201E-01
    8.220  2.6334E-01
    8.230  2.6552E-01
    8.240  2.6775E-01
    8.250  2.6928E-01
    8.260  2.7002E-01
    8.270  2.7023E-01
    8.280  2.7024E-01
    8.290  2.7029E-01
    8.300  2.7035E-01
    8.310  2.7037E-01
    8.320  2.7037E-01
    8.330  2.7038E-01
    8.340  2.7039E-01
    8.350  2.7043E-01
    8.360  2.7056E-01
    8.370  2.7076E-01
    8.380  2.7106E-01
    8.390  2.7156E-01
    8.400  2.7228E-01
    8.410  2.7314E-01
    8.420  2.7400E-01
    8.430  2.7465E-01
    8.440  2.7486E-01
    8.450  2.7490E-01
    8.460  2.7537E-01
    8.470  2.7677E-01
    8.480  2.7898E-01
    8.490  2.8117E-01
    8.500  2.8250E-01
    8.510  2.8285E-01
    8.520  2.8293E-01
    8.530  2.8384E-01
    8.540  2.8648E-01
    8.550  2.9116E-01
    8.560  2.9760E-01
    8.570  3.0535E-01
    8.580  3.1415E-01
    8.590  3.2428E-01
    8.600  3.3620E-01
    8.610  3.4985E-01
    8.620  3.6504E-01
    8.630  3.8189E-01
    8.640  4.0047E-01
    8.650  4.2037E-01
    8.660  4.4073E-01
    8.670  4.6061E-01
    8.680  4.7833E-01
    8.690  4.9157E-01
    8.700  4.9974E-01
    8.710  5.0426E-01
    8.720  5.0694E-01
    8.730  5.0914E-01
    8.740  5.1174E-01
    8.750  5.1516E-01
    8.760  5.1890E-01
    8.770  5.2191E-01
    8.780  5.2364E-01
    8.790  5.2458E-01
    8.800  5.2544E-01
    8.810  5.2669E-01
    8.820  5.2833E-01
    8.830  5.3003E-01
    8.840  5.3154E-01
    8.850  5.3277E-01
    8.860  5.3381E-01
    8.870  5.3477E-01
    8.880  5.3564E-01
    8.890  5.3642E-01
    8.900  5.3710E-01
    8.910  5.3758E-01
    8.920  5.3787E-01
    8.930  5.3805E-01
    8.940  5.3823E-01
    8.950  5.3848E-01
    8.960  5.3889E-01
    8.970  5.3944E-01
    8.980  5.4002E-01
    8.990  5.4070E-01
    9.000  5.4182E-01
    9.010  5.4381E-01
    9.020  5.4675E-01
    9.030  5.4988E-01
    9.040  5.5220E-01
    9.050  5.5359E-01
    9.060  5.5438E-01
    9.070  5.5473E-01
    9.080  5.5478E-01
    9.090  5.5482E-01
    9.100  5.5503E-01
    9.110  5.5542E-01
    9.120  5.5598E-01
    9.130  5.5685E-01
    9.140  5.5810E-01
    9.150  5.5967E-01
    9.160  5.6165E-01
    9.170  5.6407E-01
    9.180  5.6669E-01
    9.190  5.6898E-01
    9.200  5.7046E-01
    9.210  5.7112E-01
    9.220  5.7134E-01
    9.230  5.7144E-01
    9.240  5.7151E-01
    9.250  5.7158E-01
    9.260  5.7165E-01
    9.270  5.7176E-01
    9.280  5.7205E-01
    9.290  5.7252E-01
    9.300  5.7290E-01
    9.310  5.7301E-01
    9.320  5.7304E-01
    9.330  5.7335E-01
    9.340  5.7421E-01
    9.350  5.7556E-01
    9.360  5.7709E-01
    9.370  5.7847E-01
    9.380  5.7950E-01
    9.390  5.8006E-01
    9.400  5.8024E-01
    9.410  5.8026E-01
    9.420  5.8026E-01
    9.430  5.8028E-01
    9.440  5.8030E-01
    9.450  5.8033E-01
    9.460  5.8037E-01
    9.470  5.8041E-01
    9.480  5.8050E-01
    9.490  5.8072E-01
    9.500  5.8124E-01
    9.510  5.8216E-01
    9.520  5.8354E-01
    9.530  5.8548E-01
    9.540  5.8824E-01
    9.550  5.9190E-01
    9.560  5.9582E-01
    9.570  5.9916E-01
    9.580  6.0183E-01
    9.590  6.0425E-01
    9.600  6.0711E-01
    9.610  6.1131E-01
    9.620  6.1741E-01
    9.630  6.2484E-01
    9.640  6.3288E-01
    9.650  6.4149E-01
    9.660  6.5095E-01
    9.670  6.6062E-01
    9.680  6.6866E-01
    9.690  6.7369E-01
    9.700  6.7578E-01
    9.710  6.7618E-01
    9.720  6.7622E-01
    9.730  6.7653E-01
    9.740  6.7716E-01
    9.750  6.7789E-01
    9.760  6.7839E-01
    9.770  6.7860E-01
    9.780  6.7863E-01
    9.790  6.7874E-01
    9.800  6.7938E-01
    9.810  6.8095E-01
    9.820  6.8350E-01
    9.830  6.8678E-01
    9.840  6.9049E-01
    9.850  6.9440E-01
    9.860  6.9848E-01
    9.870  7.0289E-01
    9.880  7.0746E-01
    9.890  7.1168E-01
    9.900  7.1504E-01
    9.910  7.1734E-01
    9.920  7.1864E-01
    9.930  7.1910E-01
    9.940  7.1915E-01
    9.950  7.1920E-01
    9.960  7.1935E-01
    9.970  7.1947E-01
    9.980  7.1950E-01
    9.990  7.1951E-01
   10.000  7.1957E-01
   10.010  7.1969E-01
   10.020  7.1981E-01
   10.030  7.1988E-01
   10.040  7.1994E-01
   10.050  7.2016E-01
   10.060  7.2097E-01
   10.070  7.2273E-01
   10.080  7.2504E-01
   10.090  7.2691E-01
   10.100  7.2788E-01
   10.110  7.2818E-01
   10.120  7.2821E-01
   10.130  7.2834E-01
   10.140  7.2879E-01
   10.150  7.2941E-01
   10.160  7.3005E-01
   10.170  7.3076E-01
   10.180  7.3174E-01
   10.190  7.3310E-01
   10.200  7.3466E-01
   10.210  7.3594E-01
   10.220  7.3661E-01
   10.230  7.3677E-01
   10.240  7.3679E-01
   10.250  7.3700E-01
   10.260  7.3743E-01
   10.270  7.3794E-01
   10.280  7.3839E-01
   10.290  7.3870E-01
   10.300  7.3882E-01
   10.310  7.3882E-01
   10.320  7.3887E-01
   10.330  7.3896E-01
   10.340  7.3903E-01
   10.350  7.3904E-01
   10.360  7.3905E-01
   10.370  7.3906E-01
   10.380  7.3906E-01
   10.390  7.3909E-01
   10.400  7.3923E-01
   10.410  7.3961E-01
   10.420  7.4037E-01
   10.430  7.4151E-01
   10.440  7.4285E-01
   10.450  7.4418E-01
   10.460  7.4534E-01
   10.470  7.4615E-01
   10.480  7.4649E-01
   10.490  7.4653E-01
   10.500  7.4671E-01
   10.510  7.4762E-01
   10.520  7.4962E-01
   10.530  7.5240E-01
   10.540  7.5517E-01
   10.550  7.5731E-01
   10.560  7.5871E-01
   10.570  7.5969E-01
   10.580  7.6059E-01
   10.590  7.6162E-01
   10.600  7.6270E-01
   10.610  7.6352E-01
   10.620  7.6391E-01
   10.630  7.6397E-01
   10.640  7.6404E-01
   10.650  7.6458E-01
   10.660  7.6581E-01
   10.670  7.6756E-01
   10.680  7.6938E-01
   10.690  7.7083E-01
   10.700  7.7178E-01
   10.710  7.7242E-01
   10.720  7.7291E-01
   10.730  7.7330E-01
   10.740  7.7364E-01
   10.750  7.7402E-01
   10.760  7.7457E-01
   10.770  7.7564E-01
   10.780  7.7780E-01
   10.790  7.8163E-01
   10.800  7.8725E-01
   10.810  7.9365E-01
   10.820  7.9939E-01
   10.830  8.0371E-01
   10.840  8.0650E-01
   10.850  8.0800E-01
   10.860  8.0859E-01
   10.870  8.0871E-01
   10.880  8.0872E-01
   10.890  8.0874E-01
   10.900  8.0875E-01
   10.910  8.0880E-01
   10.920  8.0914E-01
   10.930  8.0995E-01
   10.940  8.1109E-01
   10.950  8.1232E-01
   10.960  8.1349E-01
   10.970  8.1454E-01
   10.980  8.1535E-01
   10.990  8.1586E-01
   11.000  8.1615E-01
   11.010  8.1635E-01
   11.020  8.1658E-01
   11.030  8.1697E-01
   11.040  8.1761E-01
   11.050  8.1855E-01
   11.060  8.1975E-01
   11.070  8.2098E-01
   11.080  8.2197E-01
   11.090  8.2261E-01
   11.100  8.2303E-01
   11.110  8.2344E-01
   11.120  8.2394E-01
   11.130  8.2451E-01
   11.140  8.2503E-01
   11.150  8.2546E-01
   11.160  8.2575E-01
   11.170  8.2586E-01
   11.180  8.2588E-01
   11.190  8.2607E-01
   11.200  8.2674E-01
   11.210  8.2782E-01
   11.220  8.2907E-01
   11.230  8.3019E-01
   11.240  8.3103E-01
   11.250  8.3160E-01
   11.260  8.3195E-01
   11.270  8.3222E-01
   11.280  8.3245E-01
   11.290  8.3263E-01
   11.300  8.3271E-01
   11.310  8.3272E-01
   11.320  8.3280E-01
   11.330  8.3312E-01
   11.340  8.3367E-01
   11.350  8.3425E-01
   11.360  8.3463E-01
   11.370  8.3480E-01
   11.380  8.3489E-01
   11.390  8.3496E-01
   11.400  8.3503E-01
   11.410  8.3513E-01
   11.420  8.3523E-01
   11.430  8.3527E-01
   11.440  8.3528E-01
   11.450  8.3535E-01
   11.460  8.3550E-01
   11.470  8.3559E-01
   11.480  8.3560E-01
   11.490  8.3577E-01
   11.500  8.3614E-01
   11.510  8.3645E-01
   11.520  8.3656E-01
   11.530  8.3657E-01
   11.540  8.3658E-01
   11.550  8.3659E-01
   11.560  8.3659E-01
   11.570  8.3660E-01
   11.580  8.3665E-01
   11.590  8.3686E-01
   11.600  8.3742E-01
   11.610  8.3841E-01
   11.620  8.3972E-01
   11.630  8.4117E-01
   11.640  8.4250E-01
   11.650  8.4343E-01
   11.660  8.4387E-01
   11.670  8.4395E-01
   11.680  8.4399E-01
   11.690  8.4425E-01
   11.700  8.4477E-01
   11.710  8.4544E-01
   11.720  8.4602E-01
   11.730  8.4636E-01
   11.740  8.4649E-01
   11.750  8.4650E-01
   11.760  8.4660E-01
   11.770  8.4706E-01
   11.780  8.4805E-01
   11.790  8.4941E-01
   11.800  8.5088E-01
   11.810  8.5240E-01
   11.820  8.5412E-01
   11.830  8.5623E-01
   11.840  8.5880E-01
   11.850  8.6164E-01
   11.860  8.6427E-01
   11.870  8.6633E-01
   11.880  8.6774E-01
   11.890  8.6854E-01
   11.900  8.6883E-01
   11.910  8.6886E-01
   11.920  8.6897E-01
   11.930  8.6943E-01
   11.940  8.7016E-01
   11.950  8.7094E-01
   11.960  8.7159E-01
   11.970  8.7206E-01
   11.980  8.7237E-01
   11.990  8.7258E-01
   12.000  8.7278E-01
   12.010  8.7306E-01
   12.020  8.7355E-01
   12.030  8.7434E-01
   12.040  8.7557E-01
   12.050  8.7730E-01
   12.060  8.7938E-01
   12.070  8.8160E-01
   12.080  8.8378E-01
   12.090  8.8574E-01
   12.100  8.8733E-01
   12.110  8.8847E-01
   12.120  8.8915E-01
   12.130  8.8947E-01
   12.140  8.8955E-01
   12.150  8.8955E-01
   12.160  8.8955E-01
   12.170  8.8955E-01
   12.180  8.8959E-01
   12.190  8.8978E-01
   12.200  8.9031E-01
   12.210  8.9137E-01
   12.220  8.9306E-01
   12.230  8.9522E-01
   12.240  8.9748E-01
   12.250  8.9942E-01
   12.260  9.0102E-01
   12.270  9.0252E-01
   12.280  9.0426E-01
   12.290  9.0660E-01
   12.300  9.0977E-01
   12.310  9.1381E-01
   12.320  9.1849E-01
   12.330  9.2331E-01
   12.340  9.2775E-01
   12.350  9.3149E-01
   12.360  9.3450E-01
   12.370  9.3681E-01
   12.380  9.3834E-01
   12.390  9.3913E-01
   12.400  9.3942E-01
   12.410  9.3950E-01
   12.420  9.3952E-01
   12.430  9.3953E-01
   12.440  9.3953E-01
   12.450  9.3953E-01
   12.460  9.3954E-01
   12.470  9.3955E-01
   12.480  9.3956E-01
   12.490  9.3956E-01
   12.500  9.3956E-01
   12.510  9.3957E-01
   12.520  9.3958E-01
   12.530  9.3958E-01
   12.540  9.3958E-01
   12.550  9.3960E-01
   12.560  9.3965E-01
   12.570  9.3980E-01
   12.580  9.4024E-01
   12.590  9.4103E-01
   12.600  9.4194E-01
   12.610  9.4263E-01
   12.620  9.4296E-01
   12.630  9.4305E-01
   12.640  9.4307E-01
   12.650  9.4309E-01
   12.660  9.4314E-01
   12.670  9.4327E-01
   12.680  9.4345E-01
   12.690  9.4366E-01
   12.700  9.4385E-01
   12.710  9.4402E-01
   12.720  9.4422E-01
   12.730  9.4448E-01
   12.740  9.4482E-01
   12.750  9.4526E-01
   12.760  9.4581E-01
   12.770  9.4643E-01
   12.780  9.4703E-01
   12.790  9.4751E-01
   12.800  9.4780E-01
   12.810  9.4791E-01
   12.820  9.4793E-01
   12.830  9.4797E-01
   12.840  9.4815E-01
   12.850  9.4845E-01
   12.860  9.4878E-01
   12.870  9.4902E-01
   12.880  9.4912E-01
   12.890  9.4913E-01
   12.900  9.4913E-01
   12.910  9.4914E-01
   12.920  9.4914E-01
   12.930  9.4915E-01
   12.940  9.4920E-01
   12.950  9.4928E-01
   12.960  9.4939E-01
   12.970  9.4952E-01
   12.980  9.4964E-01
   12.990  9.4973E-01
   13.000  9.4978E-01
   13.010  9.4980E-01
   13.020  9.4980E-01
   13.030  9.4984E-01
   13.040  9.4996E-01
   13.050  9.5023E-01
   13.060  9.5065E-01
   13.070  9.5115E-01
   13.080  9.5165E-01
   13.090  9.5207E-01
   13.100  9.5236E-01
   13.110  9.5253E-01
   13.120  9.5266E-01
   13.130  9.5277E-01
   13.140  9.5290E-01
   13.150  9.5300E-01
   13.160  9.5305E-01
   13.170  9.5305E-01
   13.180  9.5312E-01
   13.190  9.5340E-01
   13.200  9.5396E-01
   13.210  9.5473E-01
   13.220  9.5554E-01
   13.230  9.5627E-01
   13.240  9.5686E-01
   13.250  9.5735E-01
   13.260  9.5780E-01
   13.270  9.5826E-01
   13.280  9.5880E-01
   13.290  9.5947E-01
   13.300  9.6027E-01
   13.310  9.6118E-01
   13.320  9.6218E-01
   13.330  9.6327E-01
   13.340  9.6442E-01
   13.350  9.6553E-01
   13.360  9.6652E-01
   13.370  9.6733E-01
   13.380  9.6797E-01
   13.390  9.6850E-01
   13.400  9.6899E-01
   13.410  9.6953E-01
   13.420  9.7021E-01
   13.430  9.7113E-01
   13.440  9.7235E-01
   13.450  9.7375E-01
   13.460  9.7512E-01
   13.470  9.7629E-01
   13.480  9.7730E-01
   13.490  9.7820E-01
   13.500  9.7906E-01
   13.510  9.7990E-01
   13.520  9.8069E-01
   13.530  9.8141E-01
   13.540  9.8211E-01
   13.550  9.8282E-01
   13.560  9.8360E-01
   13.570  9.8448E-01
   13.580  9.8537E-01
   13.590  9.8619E-01
   13.600  9.8688E-01
   13.610  9.8743E-01
   13.620  9.8782E-01
   13.630  9.8807E-01
   13.640  9.8822E-01
   13.650  9.8829E-01
   13.660  9.8831E-01
   13.670  9.8831E-01
   13.680  9.8831E-01
   13.690  9.8831E-01
   13.700  9.8832E-01
   13.710  9.8836E-01
   13.720  9.8842E-01
   13.730  9.8851E-01
   13.740  9.8858E-01
   13.750  9.8863E-01
   13.760  9.8866E-01
   13.770  9.8867E-01
   13.780  9.8867E-01
   13.790  9.8868E-01
   13.800  9.8870E-01
   13.810  9.8871E-01
   13.820  9.8871E-01
   13.830  9.8872E-01
   13.840  9.8875E-01
   13.850  9.8878E-01
   13.860  9.8879E-01
   13.870  9.8879E-01
   13.880  9.8879E-01
   13.890  9.8879E-01
   13.900  9.8879E-01
   13.910  9.8879E-01
   13.920  9.8880E-01
   13.930  9.8886E-01
   13.940  9.8899E-01
   13.950  9.8918E-01
   13.960  9.8939E-01
   13.970  9.8958E-01
   13.980  9.8974E-01
   13.990  9.8988E-01
   14.000  9.8999E-01
   14.010  9.9005E-01
   14.020  9.9008E-01
   14.030  9.9009E-01
   14.040  9.9009E-01
   14.050  9.9013E-01
   14.060  9.9023E-01
   14.070  9.9039E-01
   14.080  9.9060E-01
   14.090  9.9083E-01
   14.100  9.9106E-01
   14.110  9.9129E-01
   14.120  9.9153E-01
   14.130  9.9172E-01
   14.140  9.9185E-01
   14.150  9.9191E-01
   14.160  9.9193E-01
   14.170  9.9193E-01
   14.180  9.9193E-01
   14.190  9.9193E-01
   14.200  9.9194E-01
   14.210  9.9194E-01
   14.220  9.9195E-01
   14.230  9.9195E-01
   14.240  9.9196E-01
   14.250  9.9196E-01
   14.260  9.9196E-01
   14.270  9.9196E-01
   14.280  9.9196E-01
   14.290  9.9196E-01
   14.300  9.9196E-01
   14.310  9.9196E-01
   14.320  9.9197E-01
   14.330  9.9198E-01
   14.340  9.9200E-01
   14.350  9.9202E-01
   14.360  9.9205E-01
   14.370  9.9208E-01
   14.380  9.9211E-01
   14.390  9.9213E-01
   14.400  9.9216E-01
   14.410  9.9217E-01
   14.420  9.9217E-01
   14.430  9.9217E-01
   14.440  9.9219E-01
   14.450  9.9224E-01
   14.460  9.9232E-01
   14.470  9.9245E-01
   14.480  9.9266E-01
   14.490  9.9295E-01
   14.500  9.9329E-01
   14.510  9.9362E-01
   14.520  9.9390E-01
   14.530  9.9408E-01
   14.540  9.9419E-01
   14.550  9.9426E-01
   14.560  9.9431E-01
   14.570  9.9437E-01
   14.580  9.9445E-01
   14.590  9.9455E-01
   14.600  9.9464E-01
   14.610  9.9470E-01
   14.620  9.9472E-01
   14.630  9.9473E-01
   14.640  9.9473E-01
   14.650  9.9473E-01
   14.660  9.9473E-01
   14.670  9.9473E-01
   14.680  9.9474E-01
   14.690  9.9478E-01
   14.700  9.9484E-01
   14.710  9.9491E-01
   14.720  9.9498E-01
   14.730  9.9504E-01
   14.740  9.9510E-01
   14.750  9.9518E-01
   14.760  9.9528E-01
   14.770  9.9541E-01
   14.780  9.9555E-01
   14.790  9.9569E-01
   14.800  9.9581E-01
   14.810  9.9592E-01
   14.820  9.9601E-01
   14.830  9.9610E-01
   14.840  9.9618E-01
   14.850  9.9626E-01
   14.860  9.9634E-01
   14.870  9.9644E-01
   14.880  9.9653E-01
   14.890  9.9660E-01
   14.900  9.9664E-01
   14.910  9.9666E-01
   14.920  9.9666E-01
   14.930  9.9666E-01
   14.940  9.9666E-01
   14.950  9.9666E-01
   14.960  9.9666E-01
   14.970  9.9666E-01
   14.980  9.9668E-01
   14.990  9.9671E-01
   15.000  9.9675E-01
   15.010  9.9679E-01
   15.020  9.9681E-01
   15.030  9.9682E-01
   15.040  9.9682E-01
   15.050  9.9682E-01
   15.060  9.9682E-01
   15.070  9.9682E-01
   15.080  9.9682E-01
   15.090  9.9682E-01
   15.100  9.9682E-01
   15.110  9.9682E-01
   15.120  9.9682E-01
   15.130  9.9682E-01
   15.140  9.9682E-01
   15.150  9.9682E-01
   15.160  9.9683E-01
   15.170  9.9683E-01
   15.180  9.9684E-01
   15.190  9.9684E-01
   15.200  9.9684E-01
   15.210  9.9686E-01
   15.220  9.9689E-01
   15.230  9.9692E-01
   15.240  9.9696E-01
   15.250  9.9701E-01
   15.260  9.9706E-01
   15.270  9.9710E-01
   15.280  9.9712E-01
   15.290  9.9713E-01
   15.300  9.9714E-01
   15.310  9.9714E-01
   15.320  9.9714E-01
   15.330  9.9714E-01
   15.340  9.9715E-01
   15.350  9.9717E-01
   15.360  9.9718E-01
   15.370  9.9719E-01
   15.380  9.9721E-01
   15.390  9.9722E-01
   15.400  9.9722E-01
   15.410  9.9722E-01
   15.420  9.9722E-01
   15.430  9.9722E-01
   15.440  9.9723E-01
   15.450  9.9723E-01
   15.460  9.9723E-01
   15.470  9.9723E-01
   15.480  9.9723E-01
   15.490  9.9723E-01
   15.500  9.9723E-01
   15.510  9.9723E-01
   15.520  9.9723E-01
   15.530  9.9723E-01
   15.540  9.9724E-01
   15.550  9.9725E-01
   15.560  9.9726E-01
   15.570  9.9728E-01
   15.580  9.9729E-01
   15.590  9.9730E-01
   15.600  9.9732E-01
   15.610  9.9735E-01
   15.620  9.9738E-01
   15.630  9.9742E-01
   15.640  9.9745E-01
   15.650  9.9748E-01
   15.660  9.9749E-01
   15.670  9.9750E-01
   15.680  9.9750E-01
   15.690  9.9750E-01
   15.700  9.9750E-01
   15.710  9.9750E-01
   15.720  9.9751E-01
   15.730  9.9752E-01
   15.740  9.9755E-01
   15.750  9.9760E-01
   15.760  9.9766E-01
   15.770  9.9773E-01
   15.780  9.9780E-01
   15.790  9.9785E-01
   15.800  9.9789E-01
   15.810  9.9792E-01
   15.820  9.9793E-01
   15.830  9.9794E-01
   15.840  9.9795E-01
   15.850  9.9795E-01
   15.860  9.9796E-01
   15.870  9.9796E-01
   15.880  9.9796E-01
   15.890  9.9797E-01
   15.900  9.9797E-01
   15.910  9.9797E-01
   15.920  9.9798E-01
   15.930  9.9799E-01
   15.940  9.9800E-01
   15.950  9.9801E-01
   15.960  9.9803E-01
   15.970  9.9805E-01
   15.980  9.9807E-01
   15.990  9.9808E-01
   16.000  9.9810E-01
   16.010  9.9812E-01
   16.020  9.9815E-01
   16.030  9.9817E-01
   16.040  9.9820E-01
   16.050  9.9823E-01
   16.060  9.9826E-01
   16.070  9.9829E-01
   16.080  9.9832E-01
   16.090  9.9835E-01
   16.100  9.9837E-01
   16.110  9.9839E-01
   16.120  9.9841E-01
   16.130  9.9842E-01
   16.140  9.9843E-01
   16.150  9.9843E-01
   16.160  9.9843E-01
   16.170  9.9843E-01
   16.180  9.9844E-01
   16.190  9.9844E-01
   16.200  9.9845E-01
   16.210  9.9845E-01
   16.220  9.9846E-01
   16.230  9.9846E-01
   16.240  9.9847E-01
   16.250  9.9847E-01
   16.260  9.9848E-01
   16.270  9.9848E-01
   16.280  9.9848E-01
   16.290  9.9848E-01
   16.300  9.9848E-01
   16.310  9.9849E-01
   16.320  9.9849E-01
   16.330  9.9850E-01
   16.340  9.9850E-01
   16.350  9.9850E-01
   16.360  9.9851E-01
   16.370  9.9851E-01
   16.380  9.9851E-01
   16.390  9.9852E-01
   16.400  9.9852E-01
   16.410  9.9852E-01
   16.420  9.9852E-01
   16.430  9.9852E-01
   16.440  9.9852E-01
   16.450  9.9852E-01
   16.460  9.9853E-01
   16.470  9.9854E-01
   16.480  9.9855E-01
   16.490  9.9857E-01
   16.500  9.9858E-01
   16.510  9.9859E-01
   16.520  9.9861E-01
   16.530  9.9861E-01
   16.540  9.9862E-01
   16.550  9.9862E-01
   16.560  9.9862E-01
   16.570  9.9862E-01
   16.580  9.9862E-01
   16.590  9.9862E-01
   16.600  9.9862E-01
   16.610  9.9862E-01
   16.620  9.9863E-01
   16.630  9.9863E-01
   16.640  9.9863E-01
   16.650  9.9863E-01
   16.660  9.9864E-01
   16.670  9.9864E-01
   16.680  9.9864E-01
   16.690  9.9864E-01
   16.700  9.9864E-01
   16.710  9.9864E-01
   16.720  9.9865E-01
   16.730  9.9865E-01
   16.740  9.9866E-01
   16.750  9.9867E-01
   16.760  9.9867E-01
   16.770  9.9868E-01
   16.780  9.9869E-01
   16.790  9.9870E-01
   16.800  9.9871E-01
   16.810  9.9872E-01
   16.820  9.9873E-01
   16.830  9.9874E-01
   16.840  9.9875E-01
   16.850  9.9875E-01
   16.860  9.9876E-01
   16.870  9.9876E-01
   16.880  9.9876E-01
   16.890  9.9876E-01
   16.900  9.9877E-01
   16.910  9.9877E-01
   16.920  9.9877E-01
   16.930  9.9877E-01
   16.940  9.9877E-01
   16.950  9.9877E-01
   16.960  9.9877E-01
   16.970  9.9877E-01
   16.980  9.9877E-01
   16.990  9.9878E-01
   17.000  9.9880E-01
   17.010  9.9882E-01
   17.020  9.9884E-01
   17.030  9.9887E-01
   17.040  9.9890E-01
   17.050  9.9892E-01
   17.060  9.9894E-01
   17.070  9.9896E-01
   17.080  9.9898E-01
   17.090  9.9899E-01
   17.100  9.9900E-01
   17.110  9.9901E-01
   17.120  9.9902E-01
   17.130  9.9903E-01
   17.140  9.9903E-01
   17.150  9.9904E-01
   17.160  9.9905E-01
   17.170  9.9905E-01
   17.180  9.9906E-01
   17.190  9.9906E-01
   17.200  9.9906E-01
   17.210  9.9906E-01
   17.220  9.9907E-01
   17.230  9.9907E-01
   17.240  9.9908E-01
   17.250  9.9908E-01
   17.260  9.9909E-01
   17.270  9.9910E-01
   17.280  9.9910E-01
   17.290  9.9911E-01
   17.300  9.9912E-01
   17.310  9.9912E-01
   17.320  9.9913E-01
   17.330  9.9913E-01
   17.340  9.9914E-01
   17.350  9.9915E-01
   17.360  9.9915E-01
   17.370  9.9916E-01
   17.380  9.9916E-01
   17.390  9.9916E-01
   17.400  9.9916E-01
   17.410  9.9916E-01
   17.420  9.9916E-01
   17.430  9.9916E-01
   17.440  9.9916E-01
   17.450  9.9917E-01
   17.460  9.9917E-01
   17.470  9.9917E-01
   17.480  9.9917E-01
   17.490  9.9917E-01
   17.500  9.9917E-01
   17.510  9.9918E-01
   17.520  9.9918E-01
   17.530  9.9918E-01
   17.540  9.9918E-01
   17.550  9.9918E-01
   17.560  9.9918E-01
   17.570  9.9918E-01
   17.580  9.9918E-01
   17.590  9.9918E-01
   17.600  9.9918E-01
   17.610  9.9919E-01
   17.620  9.9919E-01
   17.630  9.9919E-01
   17.640  9.9920E-01
   17.650  9.9920E-01
   17.660  9.9920E-01
   17.670  9.9920E-01
   17.680  9.9920E-01
   17.690  9.9920E-01
   17.700  9.9921E-01
   17.710  9.9921E-01
   17.720  9.9921E-01
   17.730  9.9921E-01
   17.740  9.9922E-01
   17.750  9.9922E-01
   17.760  9.9922E-01
   17.770  9.9922E-01
   17.780  9.9922E-01
   17.790  9.9922E-01
   17.800  9.9922E-01
   17.810  9.9922E-01
   17.820  9.9922E-01
   17.830  9.9922E-01
   17.840  9.9922E-01
   17.850  9.9922E-01
   17.860  9.9922E-01
   17.870  9.9922E-01
   17.880  9.9922E-01
   17.890  9.9922E-01
   17.900  9.9922E-01
   17.910  9.9923E-01
   17.920  9.9923E-01
   17.930  9.9923E-01
   17.940  9.9923E-01
   17.950  9.9923E-01
   17.960  9.9923E-01
   17.970  9.9923E-01
   17.980  9.9923E-01
   17.990  9.9923E-01
   18.000  9.9923E-01
   18.010  9.9923E-01
   18.020  9.9923E-01
   18.030  9.9923E-01
   18.040  9.9924E-01
   18.050  9.9924E-01
   18.060  9.9924E-01
   18.070  9.9924E-01
   18.080  9.9924E-01
   18.090  9.9924E-01
   18.100  9.9924E-01
   18.110  9.9924E-01
   18.120  9.9924E-01
   18.130  9.9924E-01
   18.140  9.9924E-01
   18.150  9.9924E-01
   18.160  9.9925E-01
   18.170  9.9925E-01
   18.180  9.9925E-01
   18.190  9.9925E-01
   18.200  9.9925E-01
   18.210  9.9925E-01
   18.220  9.9925E-01
   18.230  9.9925E-01
   18.240  9.9926E-01
   18.250  9.9926E-01
   18.260  9.9927E-01
   18.270  9.9927E-01
   18.280  9.9928E-01
   18.290  9.9929E-01
   18.300  9.9930E-01
   18.310  9.9931E-01
   18.320  9.9931E-01
   18.330  9.9932E-01
   18.340  9.9932E-01
   18.350  9.9932E-01
   18.360  9.9932E-01
   18.370  9.9933E-01
   18.380  9.9933E-01
   18.390  9.9933E-01
   18.400  9.9933E-01
   18.410  9.9933E-01
   18.420  9.9933E-01
   18.430  9.9933E-01
   18.440  9.9933E-01
   18.450  9.9933E-01
   18.460  9.9933E-01
   18.470  9.9933E-01
   18.480  9.9934E-01
   18.490  9.9934E-01
   18.500  9.9934E-01
   18.510  9.9934E-01
   18.520  9.9935E-01
   18.530  9.9935E-01
   18.540  9.9935E-01
   18.550  9.9935E-01
   18.560  9.9936E-01
   18.570  9.9936E-01
   18.580  9.9936E-01
   18.590  9.9937E-01
   18.600  9.9937E-01
   18.610  9.9937E-01
   18.620  9.9937E-01
   18.630  9.9937E-01
   18.640  9.9937E-01
   18.650  9.9937E-01
   18.660  9.9937E-01
   18.670  9.9937E-01
   18.680  9.9937E-01
   18.690  9.9938E-01
   18.700  9.9938E-01
   18.710  9.9938E-01
   18.720  9.9938E-01
   18.730  9.9938E-01
   18.740  9.9938E-01
   18.750  9.9938E-01
   18.760  9.9938E-01
   18.770  9.9938E-01
   18.780  9.9938E-01
   18.790  9.9938E-01
   18.800  9.9938E-01
   18.810  9.9938E-01
   18.820  9.9938E-01
   18.830  9.9938E-01
   18.840  9.9938E-01
   18.850  9.9938E-01
   18.860  9.9938E-01
   18.870  9.9938E-01
   18.880  9.9938E-01
   18.890  9.9938E-01
   18.900  9.9938E-01
   18.910  9.9938E-01
   18.920  9.9938E-01
   18.930  9.9938E-01
   18.940  9.9939E-01
   18.950  9.9939E-01
   18.960  9.9939E-01
   18.970  9.9939E-01
   18.980  9.9939E-01
   18.990  9.9939E-01
   19.000  9.9939E-01
   19.010  9.9940E-01
   19.020  9.9940E-01
   19.030  9.9940E-01
   19.040  9.9940E-01
   19.050  9.9940E-01
   19.060  9.9940E-01
   19.070  9.9940E-01
   19.080  9.9940E-01
   19.090  9.9940E-01
   19.100  9.9940E-01
   19.110  9.9940E-01
   19.120  9.9940E-01
   19.130  9.9940E-01
   19.140  9.9940E-01
   19.150  9.9940E-01
   19.160  9.9940E-01
   19.170  9.9940E-01
   19.180  9.9941E-01
   19.190  9.9941E-01
   19.200  9.9941E-01
   19.210  9.9941E-01
   19.220  9.9941E-01
   19.230  9.9941E-01
   19.240  9.9941E-01
   19.250  9.9941E-01
   19.260  9.9941E-01
   19.270  9.9941E-01
   19.280  9.9941E-01
   19.290  9.9941E-01
   19.300  9.9941E-01
   19.310  9.9941E-01
   19.320  9.9941E-01
   19.330  9.9941E-01
   19.340  9.9941E-01
   19.350  9.9941E-01
   19.360  9.9941E-01
   19.370  9.9941E-01
   19.380  9.9941E-01
   19.390  9.9941E-01
   19.400  9.9942E-01
   19.410  9.9942E-01
   19.420  9.9942E-01
   19.430  9.9942E-01
   19.440  9.9942E-01
   19.450  9.9942E-01
   19.460  9.9942E-01
   19.470  9.9942E-01
   19.480  9.9942E-01
   19.490  9.9942E-01
   19.500  9.9942E-01
   19.510  9.9942E-01
   19.520  9.9942E-01
   19.530  9.9942E-01
   19.540  9.9942E-01
   19.550  9.9942E-01
   19.560  9.9942E-01
   19.570  9.9942E-01
   19.580  9.9942E-01
   19.590  9.9942E-01
   19.600  9.9942E-01
   19.610  9.9942E-01
   19.620  9.9942E-01
   19.630  9.9942E-01
   19.640  9.9942E-01
   19.650  9.9942E-01
   19.660  9.9942E-01
   19.670  9.9942E-01
   19.680  9.9942E-01
   19.690  9.9942E-01
   19.700  9.9942E-01
   19.710  9.9942E-01
   19.720  9.9942E-01
   19.730  9.9942E-01
   19.740  9.9942E-01
   19.750  9.9942E-01
   19.760  9.9943E-01
   19.770  9.9943E-01
   19.780  9.9943E-01
   19.790  9.9944E-01
   19.800  9.9944E-01
   19.810  9.9944E-01
   19.820  9.9945E-01
   19.830  9.9945E-01
   19.840  9.9945E-01
   19.850  9.9945E-01
   19.860  9.9946E-01
   19.870  9.9946E-01
   19.880  9.9946E-01
   19.890  9.9946E-01
   19.900  9.9946E-01
   19.910  9.9946E-01
   19.920  9.9946E-01
   19.930  9.9946E-01
   19.940  9.9946E-01
   19.950  9.9946E-01
   19.960  9.9946E-01
   19.970  9.9946E-01
   19.980  9.9946E-01
   19.990  9.9947E-01
   20.000  9.9947E-01
   20.010  9.9947E-01
   20.020  9.9947E-01
   20.030  9.9947E-01
   20.040  9.9948E-01
   20.050  9.9948E-01
   20.060  9.9948E-01
   20.070  9.9948E-01
   20.080  9.9948E-01
   20.090  9.9948E-01
   20.100  9.9948E-01
   20.110  9.9948E-01
   20.120  9.9948E-01
   20.130  9.9948E-01
   20.140  9.9948E-01
   20.150  9.9948E-01
   20.160  9.9948E-01
   20.170  9.9948E-01
   20.180  9.9948E-01
   20.190  9.9948E-01
   20.200  9.9948E-01
   20.210  9.9948E-01
   20.220  9.9948E-01
   20.230  9.9949E-01
   20.240  9.9949E-01
   20.250  9.9949E-01
   20.260  9.9950E-01
   20.270  9.9951E-01
   20.280  9.9951E-01
   20.290  9.9952E-01
   20.300  9.9953E-01
   20.310  9.9953E-01
   20.320  9.9953E-01
   20.330  9.9954E-01
   20.340  9.9954E-01
   20.350  9.9954E-01
   20.360  9.9954E-01
   20.370  9.9954E-01
   20.380  9.9955E-01
   20.390  9.9955E-01
   20.400  9.9955E-01
   20.410  9.9955E-01
   20.420  9.9955E-01
   20.430  9.9955E-01
   20.440  9.9955E-01
   20.450  9.9955E-01
   20.460  9.9955E-01
   20.470  9.9955E-01
   20.480  9.9955E-01
   20.490  9.9956E-01
   20.500  9.9956E-01
   20.510  9.9956E-01
   20.520  9.9956E-01
   20.530  9.9956E-01
   20.540  9.9956E-01
   20.550  9.9956E-01
   20.560  9.9956E-01
   20.570  9.9956E-01
   20.580  9.9956E-01
   20.590  9.9956E-01
   20.600  9.9956E-01
   20.610  9.9956E-01
   20.620  9.9956E-01
   20.630  9.9956E-01
   20.640  9.9956E-01
   20.650  9.9956E-01
   20.660  9.9957E-01
   20.670  9.9957E-01
   20.680  9.9957E-01
   20.690  9.9957E-01
   20.700  9.9957E-01
   20.710  9.9957E-01
   20.720  9.9957E-01
   20.730  9.9957E-01
   20.740  9.9957E-01
   20.750  9.9957E-01
   20.760  9.9958E-01
   20.770  9.9958E-01
   20.780  9.9958E-01
   20.790  9.9959E-01
   20.800  9.9959E-01
   20.810  9.9959E-01
   20.820  9.9959E-01
   20.830  9.9959E-01
   20.840  9.9960E-01
   20.850  9.9960E-01
   20.860  9.9960E-01
   20.870  9.9960E-01
   20.880  9.9960E-01
   20.890  9.9960E-01
   20.900  9.9960E-01
   20.910  9.9960E-01
   20.920  9.9960E-01
   20.930  9.9960E-01
   20.940  9.9960E-01
   20.950  9.9960E-01
   20.960  9.9960E-01
   20.970  9.9960E-01
   20.980  9.9960E-01
   20.990  9.9960E-01
   21.000  9.9960E-01
   21.010  9.9960E-01
   21.020  9.9960E-01
   21.030  9.9960E-01
   21.040  9.9961E-01
   21.050  9.9961E-01
   21.060  9.9961E-01
   21.070  9.9961E-01
   21.080  9.9961E-01
   21.090  9.9961E-01
   21.100  9.9961E-01
   21.110  9.9961E-01
   21.120  9.9961E-01
   21.130  9.9961E-01
   21.140  9.9961E-01
   21.150  9.9961E-01
   21.160  9.9961E-01
   21.170  9.9961E-01
   21.180  9.9961E-01
   21.190  9.9961E-01
   21.200  9.9961E-01
   21.210  9.9961E-01
   21.220  9.9962E-01
   21.230  9.9962E-01
   21.240  9.9962E-01
   21.250  9.9963E-01
   21.260  9.9963E-01
   21.270  9.9964E-01
   21.280  9.9964E-01
   21.290  9.9964E-01
   21.300  9.9964E-01
   21.310  9.9965E-01
   21.320  9.9965E-01
   21.330  9.9965E-01
   21.340  9.9965E-01
   21.350  9.9965E-01
   21.360  9.9965E-01
   21.370  9.9965E-01
   21.380  9.9965E-01
   21.390  9.9965E-01
   21.400  9.9965E-01
   21.410  9.9965E-01
   21.420  9.9965E-01
   21.430  9.9965E-01
   21.440  9.9965E-01
   21.450  9.9966E-01
   21.460  9.9966E-01
   21.470  9.9966E-01
   21.480  9.9966E-01
   21.490  9.9966E-01
   21.500  9.9966E-01
   21.510  9.9967E-01
   21.520  9.9967E-01
   21.530  9.9968E-01
   21.540  9.9969E-01
   21.550  9.9970E-01
   21.560  9.9970E-01
   21.570  9.9971E-01
   21.580  9.9971E-01
   21.590  9.9972E-01
   21.600  9.9972E-01
   21.610  9.9972E-01
   21.620  9.9973E-01
   21.630  9.9973E-01
   21.640  9.9973E-01
   21.650  9.9973E-01
   21.660  9.9974E-01
   21.670  9.9974E-01
   21.680  9.9974E-01
   21.690  9.9974E-01
   21.700  9.9974E-01
   21.710  9.9974E-01
   21.720  9.9974E-01
   21.730  9.9974E-01
   21.740  9.9974E-01
   21.750  9.9974E-01
   21.760  9.9974E-01
   21.770  9.9974E-01
   21.780  9.9974E-01
   21.790  9.9974E-01
   21.800  9.9974E-01
   21.810  9.9974E-01
   21.820  9.9974E-01
   21.830  9.9974E-01
   21.840  9.9974E-01
   21.850  9.9974E-01
   21.860  9.9974E-01
   21.870  9.9974E-01
   21.880  9.9974E-01
   21.890  9.9974E-01
   21.900  9.9975E-01
   21.910  9.9975E-01
   21.920  9.9975E-01
   21.930  9.9975E-01
   21.940  9.9975E-01
   21.950  9.9975E-01
   21.960  9.9975E-01
   21.970  9.9975E-01
   21.980  9.9975E-01
   21.990  9.9975E-01
   22.000  9.9975E-01
   22.010  9.9976E-01
   22.020  9.9976E-01
   22.030  9.9976E-01
   22.040  9.9977E-01
   22.050  9.9977E-01
   22.060  9.9977E-01
   22.070  9.9977E-01
   22.080  9.9977E-01
   22.090  9.9977E-01
   22.100  9.9977E-01
   22.110  9.9977E-01
   22.120  9.9977E-01
   22.130  9.9977E-01
   22.140  9.9977E-01
   22.150  9.9977E-01
   22.160  9.9977E-01
   22.170  9.9977E-01
   22.180  9.9977E-01
   22.190  9.9978E-01
   22.200  9.9978E-01
   22.210  9.9978E-01
   22.220  9.9978E-01
   22.230  9.9979E-01
   22.240  9.9979E-01
   22.250  9.9979E-01
   22.260  9.9979E-01
   22.270  9.9979E-01
   22.280  9.9979E-01
   22.290  9.9979E-01
   22.300  9.9979E-01
   22.310  9.9979E-01
   22.320  9.9979E-01
   22.330  9.9980E-01
   22.340  9.9980E-01
   22.350  9.9980E-01
   22.360  9.9980E-01
   22.370  9.9980E-01
   22.380  9.9980E-01
   22.390  9.9980E-01
   22.400  9.9980E-01
   22.410  9.9980E-01
   22.420  9.9980E-01
   22.430  9.9980E-01
   22.440  9.9980E-01
   22.450  9.9980E-01
   22.460  9.9980E-01
   22.470  9.9980E-01
   22.480  9.9980E-01
   22.490  9.9980E-01
   22.500  9.9980E-01
   22.510  9.9980E-01
   22.520  9.9980E-01
   22.530  9.9980E-01
   22.540  9.9980E-01
   22.550  9.9980E-01
   22.560  9.9981E-01
   22.570  9.9981E-01
   22.580  9.9981E-01
   22.590  9.9981E-01
   22.600  9.9981E-01
   22.610  9.9981E-01
   22.620  9.9981E-01
   22.630  9.9981E-01
   22.640  9.9981E-01
   22.650  9.9981E-01
   22.660  9.9981E-01
   22.670  9.9981E-01
   22.680  9.9981E-01
   22.690  9.9981E-01
   22.700  9.9981E-01
   22.710  9.9981E-01
   22.720  9.9981E-01
   22.730  9.9981E-01
   22.740  9.9981E-01
   22.750  9.9981E-01
   22.760  9.9981E-01
   22.770  9.9981E-01
   22.780  9.9981E-01
   22.790  9.9981E-01
   22.800  9.9981E-01
   22.810  9.9981E-01
   22.820  9.9981E-01
   22.830  9.9981E-01
   22.840  9.9981E-01
   22.850  9.9982E-01
   22.860  9.9982E-01
   22.870  9.9982E-01
   22.880  9.9983E-01
   22.890  9.9983E-01
   22.900  9.9983E-01
   22.910  9.9984E-01
   22.920  9.9984E-01
   22.930  9.9984E-01
   22.940  9.9984E-01
   22.950  9.9984E-01
   22.960  9.9984E-01
   22.970  9.9985E-01
   22.980  9.9985E-01
   22.990  9.9985E-01
   23.000  9.9985E-01
   23.010  9.9985E-01
   23.020  9.9985E-01
   23.030  9.9985E-01
   23.040  9.9985E-01
   23.050  9.9985E-01
   23.060  9.9985E-01
   23.070  9.9985E-01
   23.080  9.9985E-01
   23.090  9.9985E-01
   23.100  9.9985E-01
   23.110  9.9986E-01
   23.120  9.9986E-01
   23.130  9.9986E-01
   23.140  9.9986E-01
   23.150  9.9986E-01
   23.160  9.9986E-01
   23.170  9.9986E-01
   23.180  9.9986E-01
   23.190  9.9986E-01
   23.200  9.9986E-01
   23.210  9.9986E-01
   23.220  9.9986E-01
   23.230  9.9986E-01
   23.240  9.9986E-01
   23.250  9.9986E-01
   23.260  9.9986E-01
   23.270  9.9986E-01
   23.280  9.9986E-01
   23.290  9.9986E-01
   23.300  9.9986E-01
   23.310  9.9987E-01
   23.320  9.9987E-01
   23.330  9.9987E-01
   23.340  9.9987E-01
   23.350  9.9987E-01
   23.360  9.9987E-01
   23.370  9.9987E-01
   23.380  9.9987E-01
   23.390  9.9987E-01
   23.400  9.9987E-01
   23.410  9.9987E-01
   23.420  9.9987E-01
   23.430  9.9987E-01
   23.440  9.9987E-01
   23.450  9.9987E-01
   23.460  9.9987E-01
   23.470  9.9987E-01
   23.480  9.9987E-01
   23.490  9.9987E-01
   23.500  9.9987E-01
   23.510  9.9987E-01
   23.520  9.9987E-01
   23.530  9.9987E-01
   23.540  9.9987E-01
   23.550  9.9987E-01
   23.560  9.9988E-01
   23.570  9.9988E-01
   23.580  9.9988E-01
   23.590  9.9988E-01
   23.600  9.9988E-01
   23.610  9.9988E-01
   23.620  9.9989E-01
   23.630  9.9989E-01
   23.640  9.9989E-01
   23.650  9.9989E-01
   23.660  9.9989E-01
   23.670  9.9989E-01
   23.680  9.9989E-01
   23.690  9.9989E-01
   23.700  9.9989E-01
   23.710  9.9989E-01
   23.720  9.9989E-01
   23.730  9.9989E-01
   23.740  9.9989E-01
   23.750  9.9989E-01
   23.760  9.9989E-01
   23.770  9.9989E-01
   23.780  9.9990E-01
   23.790  9.9990E-01
   23.800  9.9990E-01
   23.810  9.9990E-01
   23.820  9.9990E-01
   23.830  9.9990E-01
   23.840  9.9990E-01
   23.850  9.9990E-01
   23.860  9.9991E-01
   23.870  9.9991E-01
   23.880  9.9991E-01
   23.890  9.9991E-01
   23.900  9.9991E-01
   23.910  9.9991E-01
   23.920  9.9991E-01
   23.930  9.9991E-01
   23.940  9.9991E-01
   23.950  9.9991E-01
   23.960  9.9991E-01
   23.970  9.9991E-01
   23.980  9.9991E-01
   23.990  9.9991E-01
   24.000  9.9991E-01
   24.010  9.9991E-01
   24.020  9.9991E-01
   24.030  9.9991E-01
   24.040  9.9991E-01
   24.050  9.9991E-01
   24.060  9.9991E-01
   24.070  9.9991E-01
   24.080  9.9991E-01
   24.090  9.9991E-01
   24.100  9.9991E-01
   24.110  9.9991E-01
   24.120  9.9992E-01
   24.130  9.9992E-01
   24.140  9.9992E-01
   24.150  9.9992E-01
   24.160  9.9992E-01
   24.170  9.9992E-01
   24.180  9.9992E-01
   24.190  9.9992E-01
   24.200  9.9992E-01
   24.210  9.9992E-01
   24.220  9.9992E-01
   24.230  9.9992E-01
   24.240  9.9992E-01
   24.250  9.9992E-01
   24.260  9.9992E-01
   24.270  9.9992E-01
   24.280  9.9992E-01
   24.290  9.9992E-01
   24.300  9.9992E-01
   24.310  9.9992E-01
   24.320  9.9992E-01
   24.330  9.9992E-01
   24.340  9.9992E-01
   24.350  9.9992E-01
   24.360  9.9992E-01
   24.370  9.9992E-01
   24.380  9.9992E-01
   24.390  9.9993E-01
   24.400  9.9993E-01
   24.410  9.9993E-01
   24.420  9.9993E-01
   24.430  9.9993E-01
   24.440  9.9993E-01
   24.450  9.9993E-01
   24.460  9.9993E-01
   24.470  9.9993E-01
   24.480  9.9993E-01
   24.490  9.9993E-01
   24.500  9.9993E-01
   24.510  9.9993E-01
   24.520  9.9993E-01
   24.530  9.9993E-01
   24.540  9.9993E-01
   24.550  9.9993E-01
   24.560  9.9993E-01
   24.570  9.9993E-01
   24.580  9.9993E-01
   24.590  9.9993E-01
   24.600  9.9993E-01
   24.610  9.9993E-01
   24.620  9.9993E-01
   24.630  9.9993E-01
   24.640  9.9993E-01
   24.650  9.9993E-01
   24.660  9.9993E-01
   24.670  9.9993E-01
   24.680  9.9993E-01
   24.690  9.9993E-01
   24.700  9.9993E-01
   24.710  9.9993E-01
   24.720  9.9994E-01
   24.730  9.9994E-01
   24.740  9.9994E-01
   24.750  9.9994E-01
   24.760  9.9994E-01
   24.770  9.9994E-01
   24.780  9.9994E-01
   24.790  9.9994E-01
   24.800  9.9994E-01
   24.810  9.9994E-01
   24.820  9.9994E-01
   24.830  9.9994E-01
   24.840  9.9994E-01
   24.850  9.9994E-01
   24.860  9.9994E-01
   24.870  9.9994E-01
   24.880  9.9994E-01
   24.890  9.9994E-01
   24.900  9.9994E-01
   24.910  9.9994E-01
   24.920  9.9994E-01
   24.930  9.9994E-01
   24.940  9.9994E-01
   24.950  9.9994E-01
   24.960  9.9994E-01
   24.970  9.9994E-01
   24.980  9.9994E-01
   24.990  9.9994E-01
   25.000  9.9994E-01
   25.010  9.9994E-01
   25.020  9.9994E-01
   25.030  9.9994E-01
   25.040  9.9994E-01
   25.050  9.9994E-01
   25.060  9.9994E-01
   25.070  9.9994E-01
   25.080  9.9994E-01
   25.090  9.9995E-01
   25.100  9.9995E-01
   25.110  9.9995E-01
   25.120  9.9995E-01
   25.130  9.9995E-01
   25.140  9.9995E-01
   25.150  9.9996E-01
   25.160  9.9996E-01
   25.170  9.9996E-01
   25.180  9.9996E-01
   25.190  9.9996E-01
   25.200  9.9996E-01
   25.210  9.9996E-01
   25.220  9.9997E-01
   25.230  9.9997E-01
   25.240  9.9997E-01
   25.250  9.9997E-01
   25.260  9.9997E-01
   25.270  9.9997E-01
   25.280  9.9997E-01
   25.290  9.9997E-01
   25.300  9.9997E-01
   25.310  9.9997E-01
   25.320  9.9997E-01
   25.330  9.9997E-01
   25.340  9.9997E-01
   25.350  9.9997E-01
   25.360  9.9997E-01
   25.370  9.9997E-01
   25.380  9.9997E-01
   25.390  9.9997E-01
   25.400  9.9997E-01
   25.410  9.9997E-01
   25.420  9.9997E-01
   25.430  9.9997E-01
   25.440  9.9997E-01
   25.450  9.9997E-01
   25.460  9.9998E-01
   25.470  9.9998E-01
   25.480  9.9998E-01
   25.490  9.9998E-01
   25.500  9.9998E-01
   25.510  9.9998E-01
   25.520  9.9998E-01
   25.530  9.9998E-01
   25.540  9.9998E-01
   25.550  9.9998E-01
   25.560  9.9998E-01
   25.570  9.9998E-01
   25.580  9.9998E-01
   25.590  9.9998E-01
   25.600  9.9998E-01
   25.610  9.9998E-01
   25.620  9.9998E-01
   25.630  9.9998E-01
   25.640  9.9998E-01
   25.650  9.9998E-01
   25.660  9.9998E-01
   25.670  9.9998E-01
   25.680  9.9999E-01
   25.690  9.9999E-01
   25.700  9.9999E-01
   25.710  9.9999E-01
   25.720  9.9999E-01
   25.730  9.9999E-01
   25.740  9.9999E-01
   25.750  9.9999E-01
   25.760  9.9999E-01
   25.770  9.9999E-01
   25.780  9.9999E-01
   25.790  9.9999E-01
   25.800  9.9999E-01
   25.810  9.9999E-01
   25.820  9.9999E-01
   25.830  9.9999E-01
   25.840  9.9999E-01
   25.850  9.9999E-01
   25.860  9.9999E-01
   25.870  9.9999E-01
   25.880  9.9999E-01
   25.890  9.9999E-01
   25.900  9.9999E-01
   25.910  9.9999E-01
   25.920  9.9999E-01
   25.930  9.9999E-01
   25.940  9.9999E-01
   25.950  9.9999E-01
   25.960  9.9999E-01
   25.970  9.9999E-01
   25.980  9.9999E-01
   25.990  9.9999E-01
   26.000  9.9999E-01
   26.010  9.9999E-01
   26.020  9.9999E-01
   26.030  9.9999E-01
   26.040  9.9999E-01
   26.050  9.9999E-01
   26.060  9.9999E-01
   26.070  9.9999E-01
   26.080  9.9999E-01
   26.090  9.9999E-01
   26.100  9.9999E-01
   26.110  9.9999E-01
   26.120  9.9999E-01
   26.130  9.9999E-01
   26.140  9.9999E-01
   26.150  9.9999E-01
   26.160  9.9999E-01
   26.170  9.9999E-01
   26.180  9.9999E-01
   26.190  9.9999E-01
   26.200  9.9999E-01
   26.210  9.9999E-01
   26.220  9.9999E-01
   26.230  9.9999E-01
   26.240  9.9999E-01
   26.250  9.9999E-01
   26.260  9.9999E-01
   26.270  9.9999E-01
   26.280  9.9999E-01
   26.290  9.9999E-01
   26.300  9.9999E-01
   26.310  9.9999E-01
   26.320  9.9999E-01
   26.330  9.9999E-01
   26.340  9.9999E-01
   26.350  1.0000E+00
   26.360  1.0000E+00
   26.370  1.0000E+00
   26.380  1.0000E+00
   26.390  1.0000E+00
   26.400  1.0000E+00
   26.410  1.0000E+00
   26.420  1.0000E+00
   26.430  1.0000E+00
   26.440  1.0000E+00
   26.450  1.0000E+00
   26.460  1.0000E+00
   26.470  1.0000E+00
   26.480  1.0000E+00
   26.490  1.0000E+00
   26.500  1.0000E+00
   26.510  1.0000E+00
   26.520  1.0000E+00
   26.530  1.0000E+00
   26.540  1.0000E+00
   26.550  1.0000E+00
   26.560  1.0000E+00
   26.570  1.0000E+00
   26.580  1.0000E+00
   26.590  1.0000E+00
   26.600  1.0000E+00
   26.610  1.0000E+00
   26.620  1.0000E+00
   26.630  1.0000E+00
   26.640  1.0000E+00
   26.650  1.0000E+00
   26.660  1.0000E+00
   26.670  1.0000E+00
   26.680  1.0000E+00
   26.690  1.0000E+00
   26.700  1.0000E+00
   26.710  1.0000E+00
   26.720  1.0000E+00
   26.730  1.0000E+00
   26.740  1.0000E+00
   26.750  1.0000E+00
   26.760  1.0000E+00
   26.770  1.0000E+00
   26.780  1.0000E+00
   26.790  1.0000E+00
   26.800  1.0000E+00
   26.810  1.0000E+00
   26.820  1.0000E+00
   26.830  1.0000E+00
   26.840  1.0000E+00
   26.850  1.0000E+00
   26.860  1.0000E+00
   26.870  1.0000E+00
   26.880  1.0000E+00
   26.890  1.0000E+00
   26.900  1.0000E+00
   26.910  1.0000E+00
   26.920  1.0000E+00
   26.930  1.0000E+00
   26.940  1.0000E+00
   26.950  1.0000E+00
   26.960  1.0000E+00
   26.970  1.0000E+00
   26.980  1.0000E+00
   26.990  1.0000E+00
   27.000  1.0000E+00
   27.010  1.0000E+00
   27.020  1.0000E+00
   27.030  1.0000E+00
   27.040  1.0000E+00
   27.050  1.0000E+00
   27.060  1.0000E+00
   27.070  1.0000E+00
   27.080  1.0000E+00
   27.090  1.0000E+00
   27.100  1.0000E+00
   27.110  1.0000E+00
   27.120  1.0000E+00
   27.130  1.0000E+00
   27.140  1.0000E+00
   27.150  1.0000E+00
   27.160  1.0000E+00
   27.170  1.0000E+00
   27.180  1.0000E+00
   27.190  1.0000E+00
   27.200  1.0000E+00
   27.210  1.0000E+00
   27.220  1.0000E+00
   27.230  1.0000E+00
   27.240  1.0000E+00
   27.250  1.0000E+00
   27.260  1.0000E+00
   27.270  1.0000E+00
   27.280  1.0000E+00
   27.290  1.0000E+00
   27.300  1.0000E+00
   27.310  1.0000E+00
   27.320  1.0000E+00
   27.330  1.0000E+00
   27.340  1.0000E+00
   27.350  1.0000E+00
   27.360  1.0000E+00
   27.370  1.0000E+00
   27.380  1.0000E+00
   27.390  1.0000E+00
   27.400  1.0000E+00
   27.410  1.0000E+00
   27.420  1.0000E+00
   27.430  1.0000E+00
   27.440  1.0000E+00
   27.450  1.0000E+00
   27.460  1.0000E+00
   27.470  1.0000E+00
   27.480  1.0000E+00
   27.490  1.0000E+00
   27.500  1.0000E+00
   27.510  1.0000E+00
   27.520  1.0000E+00
   27.530  1.0000E+00
   27.540  1.0000E+00
   27.550  1.0000E+00
   27.560  1.0000E+00
   27.570  1.0000E+00
   27.580  1.0000E+00
   27.590  1.0000E+00
   27.600  1.0000E+00
   27.610  1.0000E+00
   27.620  1.0000E+00
   27.630  1.0000E+00
   27.640  1.0000E+00
   27.650  1.0000E+00
   27.660  1.0000E+00
   27.670  1.0000E+00
   27.680  1.0000E+00
   27.690  1.0000E+00
   27.700  1.0000E+00
   27.710  1.0000E+00
   27.720  1.0000E+00
   27.730  1.0000E+00
   27.740  1.0000E+00
   27.750  1.0000E+00
   27.760  1.0000E+00
   27.770  1.0000E+00
   27.780  1.0000E+00
   27.790  1.0000E+00
   27.800  1.0000E+00
   27.810  1.0000E+00
   27.820  1.0000E+00
   27.830  1.0000E+00
   27.840  1.0000E+00
   27.850  1.0000E+00
   27.860  1.0000E+00
   27.870  1.0000E+00
   27.880  1.0000E+00
   27.890  1.0000E+00
   27.900  1.0000E+00
   27.910  1.0000E+00
   27.920  1.0000E+00
   27.930  1.0000E+00
   27.940  1.0000E+00
   27.950  1.0000E+00
   27.960  1.0000E+00
   27.970  1.0000E+00
   27.980  1.0000E+00
   27.990  1.0000E+00
   28.000  1.0000E+00
   28.010  1.0000E+00
   28.020  1.0000E+00
   28.030  1.0000E+00
   28.040  1.0000E+00
   28.050  1.0000E+00
   28.060  1.0000E+00
   28.070  1.0000E+00
   28.080  1.0000E+00
   28.090  1.0000E+00
   28.100  1.0000E+00
   28.110  1.0000E+00
   28.120  1.0000E+00
   28.130  1.0000E+00
   28.140  1.0000E+00
   28.150  1.0000E+00
   28.160  1.0000E+00
   28.170  1.0000E+00
   28.180  1.0000E+00
   28.190  1.0000E+00
   28.200  1.0000E+00
   28.210  1.0000E+00
   28.220  1.0000E+00
   28.230  1.0000E+00
   28.240  1.0000E+00
   28.250  1.0000E+00
   28.260  1.0000E+00
   28.270  1.0000E+00
   28.280  1.0000E+00
   28.290  1.0000E+00
   28.300  1.0000E+00
   28.310  1.0000E+00
   28.320  1.0000E+00
   28.330  1.0000E+00
   28.340  1.0000E+00
   28.350  1.0000E+00
   28.360  1.0000E+00
   28.370  1.0000E+00
   28.380  1.0000E+00
   28.390  1.0000E+00
   28.400  1.0000E+00
   28.410  1.0000E+00
   28.420  1.0000E+00
   28.430  1.0000E+00
   28.440  1.0000E+00
   28.450  1.0000E+00
   28.460  1.0000E+00
   28.470  1.0000E+00
   28.480  1.0000E+00
   28.490  1.0000E+00
   28.500  1.0000E+00
   28.510  1.0000E+00
   28.520  1.0000E+00
   28.530  1.0000E+00
   28.540  1.0000E+00
   28.550  1.0000E+00
   28.560  1.0000E+00
   28.570  1.0000E+00
   28.580  1.0000E+00
   28.590  1.0000E+00
   28.600  1.0000E+00
   28.610  1.0000E+00
   28.620  1.0000E+00
   28.630  1.0000E+00
   28.640  1.0000E+00
   28.650  1.0000E+00
   28.660  1.0000E+00
   28.670  1.0000E+00
   28.680  1.0000E+00
   28.690  1.0000E+00
   28.700  1.0000E+00
   28.710  1.0000E+00
   28.720  1.0000E+00
   28.730  1.0000E+00
   28.740  1.0000E+00
   28.750  1.0000E+00
   28.760  1.0000E+00
   28.770  1.0000E+00
   28.780  1.0000E+00
   28.790  1.0000E+00
   28.800  1.0000E+00
   28.810  1.0000E+00
   28.820  1.0000E+00
   28.830  1.0000E+00
   28.840  1.0000E+00
   28.850  1.0000E+00
   28.860  1.0000E+00
   28.870  1.0000E+00
   28.880  1.0000E+00
   28.890  1.0000E+00
   28.900  1.0000E+00
   28.910  1.0000E+00
   28.920  1.0000E+00
   28.930  1.0000E+00
   28.940  1.0000E+00
   28.950  1.0000E+00
   28.960  1.0000E+00
   28.970  1.0000E+00
   28.980  1.0000E+00
   28.990  1.0000E+00
   29.000  1.0000E+00
   29.010  1.0000E+00
   29.020  1.0000E+00
   29.030  1.0000E+00
   29.040  1.0000E+00
   29.050  1.0000E+00
   29.060  1.0000E+00
   29.070  1.0000E+00
   29.080  1.0000E+00
   29.090  1.0000E+00
   29.100  1.0000E+00
   29.110  1.0000E+00
   29.120  1.0000E+00
   29.130  1.0000E+00
   29.140  1.0000E+00
   29.150  1.0000E+00
   29.160  1.0000E+00
   29.170  1.0000E+00
   29.180  1.0000E+00
   29.190  1.0000E+00
   29.200  1.0000E+00
   29.210  1.0000E+00
   29.220  1.0000E+00
   29.230  1.0000E+00
   29.240  1.0000E+00
   29.250  1.0000E+00
   29.260  1.0000E+00
   29.270  1.0000E+00
   29.280  1.0000E+00
   29.290  1.0000E+00
   29.300  1.0000E+00
   29.310  1.0000E+00
   29.320  1.0000E+00
   29.330  1.0000E+00
   29.340  1.0000E+00
   29.350  1.0000E+00
   29.360  1.0000E+00
   29.370  1.0000E+00
   29.380  1.0000E+00
   29.390  1.0000E+00
   29.400  1.0000E+00
   29.410  1.0000E+00
   29.420  1.0000E+00
   29.430  1.0000E+00
   29.440  1.0000E+00
   29.450  1.0000E+00
   29.460  1.0000E+00
   29.470  1.0000E+00
   29.480  1.0000E+00
   29.490  1.0000E+00
   29.500  1.0000E+00
   29.510  1.0000E+00
   29.520  1.0000E+00
   29.530  1.0000E+00
   29.540  1.0000E+00
   29.550  1.0000E+00
   29.560  1.0000E+00
   29.570  1.0000E+00
   29.580  1.0000E+00
   29.590  1.0000E+00
   29.600  1.0000E+00
   29.610  1.0000E+00
   29.620  1.0000E+00
   29.630  1.0000E+00
   29.640  1.0000E+00
   29.650  1.0000E+00
   29.660  1.0000E+00
   29.670  1.0000E+00
   29.680  1.0000E+00
   29.690  1.0000E+00
   29.700  1.0000E+00
   29.710  1.0000E+00
   29.720  1.0000E+00
   29.730  1.0000E+00
   29.740  1.0000E+00
   29.750  1.0000E+00
   29.760  1.0000E+00
   29.770  1.0000E+00
   29.780  1.0000E+00
   29.790  1.0000E+00
   29.800  1.0000E+00
   29.810  1.0000E+00
   29.820  1.0000E+00
   29.830  1.0000E+00
   29.840  1.0000E+00
   29.850  1.0000E+00
   29.860  1.0000E+00
   29.870  1.0000E+00
   29.880  1.0000E+00
   29.890  1.0000E+00
   29.900  1.0000E+00
   29.910  1.0000E+00
   29.920  1.0000E+00
   29.930  1.0000E+00
   29.940  1.0000E+00
   29.950  1.0000E+00
   29.960  1.0000E+00
   29.970  1.0000E+00
   29.980  1.0000E+00
   29.990  1.0000E+00
   30.000  1.0000E+00
   30.010  1.0000E+00
   30.020  1.0000E+00
   30.030  1.0000E+00
   30.040  1.0000E+00
   30.050  1.0000E+00
   30.060  1.0000E+00
   30.070  1.0000E+00
   30.080  1.0000E+00
   30.090  1.0000E+00
   30.100  1.0000E+00
   30.110  1.0000E+00
   30.120  1.0000E+00
   30.130  1.0000E+00
   30.140  1.0000E+00
   30.150  1.0000E+00
   30.160  1.0000E+00
   30.170  1.0000E+00
   30.180  1.0000E+00
   30.190  1.0000E+00
   30.200  1.0000E+00
   30.210  1.0000E+00
   30.220  1.0000E+00
   30.230  1.0000E+00
   30.240  1.0000E+00
   30.250  1.0000E+00
   30.260  1.0000E+00
   30.270  1.0000E+00
   30.280  1.0000E+00
   30.290  1.0000E+00
   30.300  1.0000E+00
   30.310  1.0000E+00
   30.320  1.0000E+00
   30.330  1.0000E+00
   30.340  1.0000E+00
   30.350  1.0000E+00
   30.360  1.0000E+00
   30.370  1.0000E+00
   30.380  1.0000E+00
   30.390  1.0000E+00
   30.400  1.0000E+00
   30.410  1.0000E+00
   30.420  1.0000E+00
   30.430  1.0000E+00
   30.440  1.0000E+00
   30.450  1.0000E+00
   30.460  1.0000E+00
   30.470  1.0000E+00
   30.480  1.0000E+00
   30.490  1.0000E+00
   30.500  1.0000E+00
   30.510  1.0000E+00
   30.520  1.0000E+00
   30.530  1.0000E+00
   30.540  1.0000E+00
   30.550  1.0000E+00
   30.560  1.0000E+00
   30.570  1.0000E+00
   30.580  1.0000E+00
   30.590  1.0000E+00
   30.600  1.0000E+00
   30.610  1.0000E+00
   30.620  1.0000E+00
   30.630  1.0000E+00
   30.640  1.0000E+00
   30.650  1.0000E+00
   30.660  1.0000E+00
   30.670  1.0000E+00
   30.680  1.0000E+00
   30.690  1.0000E+00
   30.700  1.0000E+00
   30.710  1.0000E+00
   30.720  1.0000E+00
   30.730  1.0000E+00
   30.740  1.0000E+00
   30.750  1.0000E+00
   30.760  1.0000E+00
   30.770  1.0000E+00
   30.780  1.0000E+00
   30.790  1.0000E+00
   30.800  1.0000E+00
   30.810  1.0000E+00
   30.820  1.0000E+00
   30.830  1.0000E+00
   30.840  1.0000E+00
   30.850  1.0000E+00
   30.860  1.0000E+00
   30.870  1.0000E+00
   30.880  1.0000E+00
   30.890  1.0000E+00
   30.900  1.0000E+00
   30.910  1.0000E+00
   30.920  1.0000E+00
   30.930  1.0000E+00
   30.940  1.0000E+00
   30.950  1.0000E+00
   30.960  1.0000E+00
   30.970  1.0000E+00
   30.980  1.0000E+00
   30.990  1.0000E+00
   31.000  1.0000E+00
   31.010  1.0000E+00
   31.020  1.0000E+00
   31.030  1.0000E+00
   31.040  1.0000E+00
   31.050  1.0000E+00
   31.060  1.0000E+00
   31.070  1.0000E+00
   31.080  1.0000E+00
   31.090  1.0000E+00
   31.100  1.0000E+00
   31.110  1.0000E+00
   31.120  1.0000E+00
   31.130  1.0000E+00
   31.140  1.0000E+00
   31.150  1.0000E+00
   31.160  1.0000E+00
   31.170  1.0000E+00
   31.180  1.0000E+00
   31.190  1.0000E+00
   31.200  1.0000E+00
   31.210  1.0000E+00
   31.220  1.0000E+00
   31.230  1.0000E+00
   31.240  1.0000E+00
   31.250  1.0000E+00
   31.260  1.0000E+00
   31.270  1.0000E+00
   31.280  1.0000E+00
   31.290  1.0000E+00
   31.300  1.0000E+00
   31.310  1.0000E+00
   31.320  1.0000E+00
   31.330  1.0000E+00
   31.340  1.0000E+00
   31.350  1.0000E+00
   31.360  1.0000E+00
   31.370  1.0000E+00
   31.380  1.0000E+00
   31.390  1.0000E+00
   31.400  1.0000E+00
   31.410  1.0000E+00
   31.420  1.0000E+00
   31.430  1.0000E+00
   31.440  1.0000E+00
   31.450  1.0000E+00
   31.460  1.0000E+00
   31.470  1.0000E+00
   31.480  1.0000E+00
   31.490  1.0000E+00
   31.500  1.0000E+00
   31.510  1.0000E+00
   31.520  1.0000E+00
   31.530  1.0000E+00
   31.540  1.0000E+00
   31.550  1.0000E+00
   31.560  1.0000E+00
   31.570  1.0000E+00
   31.580  1.0000E+00
   31.590  1.0000E+00
   31.600  1.0000E+00
   31.610  1.0000E+00
   31.620  1.0000E+00
   31.630  1.0000E+00
   31.640  1.0000E+00
   31.650  1.0000E+00
   31.660  1.0000E+00
   31.670  1.0000E+00
   31.680  1.0000E+00
   31.690  1.0000E+00
   31.700  1.0000E+00
   31.710  1.0000E+00
   31.720  1.0000E+00
   31.730  1.0000E+00
   31.740  1.0000E+00
   31.750  1.0000E+00
   31.760  1.0000E+00
   31.770  1.0000E+00
   31.780  1.0000E+00
   31.790  1.0000E+00
   31.800  1.0000E+00
   31.810  1.0000E+00
   31.820  1.0000E+00
   31.830  1.0000E+00
   31.840  1.0000E+00
   31.850  1.0000E+00
   31.860  1.0000E+00
   31.870  1.0000E+00
   31.880  1.0000E+00
   31.890  1.0000E+00
   31.900  1.0000E+00
   31.910  1.0000E+00
   31.920  1.0000E+00
   31.930  1.0000E+00
   31.940  1.0000E+00
   31.950  1.0000E+00
   31.960  1.0000E+00
   31.970  1.0000E+00
   31.980  1.0000E+00
   31.990  1.0000E+00
   32.000  1.0000E+00
   32.010  1.0000E+00
   32.020  1.0000E+00
   32.030  1.0000E+00
   32.040  1.0000E+00
   32.050  1.0000E+00
   32.060  1.0000E+00
   32.070  1.0000E+00
   32.080  1.0000E+00
   32.090  1.0000E+00
   32.100  1.0000E+00
   32.110  1.0000E+00
   32.120  1.0000E+00
   32.130  1.0000E+00
   32.140  1.0000E+00
   32.150  1.0000E+00
   32.160  1.0000E+00
   32.170  1.0000E+00
   32.180  1.0000E+00
   32.190  1.0000E+00
   32.200  1.0000E+00
   32.210  1.0000E+00
   32.220  1.0000E+00
   32.230  1.0000E+00
   32.240  1.0000E+00
   32.250  1.0000E+00
   32.260  1.0000E+00
   32.270  1.0000E+00
   32.280  1.0000E+00
   32.290  1.0000E+00
   32.300  1.0000E+00
   32.310  1.0000E+00
   32.320  1.0000E+00
   32.330  1.0000E+00
   32.340  1.0000E+00
   32.350  1.0000E+00
   32.360  1.0000E+00
   32.370  1.0000E+00
   32.380  1.0000E+00
   32.390  1.0000E+00
   32.400  1.0000E+00
   32.410  1.0000E+00
   32.420  1.0000E+00
   32.430  1.0000E+00
   32.440  1.0000E+00
   32.450  1.0000E+00
   32.460  1.0000E+00
   32.470  1.0000E+00
   32.480  1.0000E+00
   32.490  1.0000E+00
   32.500  1.0000E+00
   32.510  1.0000E+00
   32.520  1.0000E+00
   32.530  1.0000E+00
   32.540  1.0000E+00
   32.550  1.0000E+00
   32.560  1.0000E+00
   32.570  1.0000E+00
   32.580  1.0000E+00
   32.590  1.0000E+00
   32.600  1.0000E+00
   32.610  1.0000E+00
   32.620  1.0000E+00
   32.630  1.0000E+00
   32.640  1.0000E+00
   32.650  1.0000E+00
   32.660  1.0000E+00
   32.670  1.0000E+00
   32.680  1.0000E+00
   32.690  1.0000E+00
   32.700  1.0000E+00
   32.710  1.0000E+00
   32.720  1.0000E+00
   32.730  1.0000E+00
   32.740  1.0000E+00
   32.750  1.0000E+00
   32.760  1.0000E+00
   32.770  1.0000E+00
   32.780  1.0000E+00
   32.790  1.0000E+00
   32.800  1.0000E+00
   32.810  1.0000E+00
   32.820  1.0000E+00
   32.830  1.0000E+00
   32.840  1.0000E+00
   32.850  1.0000E+00
   32.860  1.0000E+00
   32.870  1.0000E+00
   32.880  1.0000E+00
   32.890  1.0000E+00
   32.900  1.0000E+00
   32.910  1.0000E+00
   32.920  1.0000E+00
   32.930  1.0000E+00
   32.940  1.0000E+00
   32.950  1.0000E+00
   32.960  1.0000E+00
   32.970  1.0000E+00
   32.980  1.0000E+00
   32.990  1.0000E+00
   33.000  1.0000E+00
   33.010  1.0000E+00
   33.020  1.0000E+00
   33.030  1.0000E+00
   33.040  1.0000E+00
   33.050  1.0000E+00
   33.060  1.0000E+00
   33.070  1.0000E+00
   33.080  1.0000E+00
   33.090  1.0000E+00
   33.100  1.0000E+00
   33.110  1.0000E+00
   33.120  1.0000E+00
   33.130  1.0000E+00
   33.140  1.0000E+00
   33.150  1.0000E+00
   33.160  1.0000E+00
   33.170  1.0000E+00
   33.180  1.0000E+00
   33.190  1.0000E+00
   33.200  1.0000E+00
   33.210  1.0000E+00
   33.220  1.0000E+00
   33.230  1.0000E+00
   33.240  1.0000E+00
   33.250  1.0000E+00
   33.260  1.0000E+00
   33.270  1.0000E+00
   33.280  1.0000E+00
   33.290  1.0000E+00
   33.300  1.0000E+00
   33.310  1.0000E+00
   33.320  1.0000E+00
   33.330  1.0000E+00
   33.340  1.0000E+00
   33.350  1.0000E+00
   33.360  1.0000E+00
   33.370  1.0000E+00
   33.380  1.0000E+00
   33.390  1.0000E+00
   33.400  1.0000E+00
   33.410  1.0000E+00
   33.420  1.0000E+00
   33.430  1.0000E+00
   33.440  1.0000E+00
   33.450  1.0000E+00
   33.460  1.0000E+00
   33.470  1.0000E+00
   33.480  1.0000E+00
   33.490  1.0000E+00
   33.500  1.0000E+00
   33.510  1.0000E+00
   33.520  1.0000E+00
   33.530  1.0000E+00
   33.540  1.0000E+00
   33.550  1.0000E+00
   33.560  1.0000E+00
   33.570  1.0000E+00
   33.580  1.0000E+00
   33.590  1.0000E+00
   33.600  1.0000E+00
   33.610  1.0000E+00
   33.620  1.0000E+00
   33.630  1.0000E+00
   33.640  1.0000E+00
   33.650  1.0000E+00
   33.660  1.0000E+00
   33.670  1.0000E+00
   33.680  1.0000E+00
   33.690  1.0000E+00
   33.700  1.0000E+00
   33.710  1.0000E+00
   33.720  1.0000E+00
   33.730  1.0000E+00
   33.740  1.0000E+00
   33.750  1.0000E+00
   33.760  1.0000E+00
   33.770  1.0000E+00
   33.780  1.0000E+00
   33.790  1.0000E+00
   33.800  1.0000E+00
   33.810  1.0000E+00
   33.820  1.0000E+00
   33.830  1.0000E+00
   33.840  1.0000E+00
   33.850  1.0000E+00
   33.860  1.0000E+00
   33.870  1.0000E+00
   33.880  1.0000E+00
   33.890  1.0000E+00
   33.900  1.0000E+00
   33.910  1.0000E+00
   33.920  1.0000E+00
   33.930  1.0000E+00
   33.940  1.0000E+00
   33.950  1.0000E+00
   33.960  1.0000E+00
   33.970  1.0000E+00
   33.980  1.0000E+00
   33.990  1.0000E+00
   34.000  1.0000E+00
   34.010  1.0000E+00
   34.020  1.0000E+00
   34.030  1.0000E+00
   34.040  1.0000E+00
   34.050  1.0000E+00
   34.060  1.0000E+00
   34.070  1.0000E+00
   34.080  1.0000E+00
   34.090  1.0000E+00
   34.100  1.0000E+00
   34.110  1.0000E+00
   34.120  1.0000E+00
   34.130  1.0000E+00
   34.140  1.0000E+00
   34.150  1.0000E+00
   34.160  1.0000E+00
   34.170  1.0000E+00
   34.180  1.0000E+00
   34.190  1.0000E+00
   34.200  1.0000E+00
   34.210  1.0000E+00
   34.220  1.0000E+00
   34.230  1.0000E+00
   34.240  1.0000E+00
   34.250  1.0000E+00
   34.260  1.0000E+00
   34.270  1.0000E+00
   34.280  1.0000E+00
   34.290  1.0000E+00
   34.300  1.0000E+00
   34.310  1.0000E+00
   34.320  1.0000E+00
   34.330  1.0000E+00
   34.340  1.0000E+00
   34.350  1.0000E+00
   34.360  1.0000E+00
   34.370  1.0000E+00
   34.380  1.0000E+00
   34.390  1.0000E+00
   34.400  1.0000E+00
   34.410  1.0000E+00
   34.420  1.0000E+00
   34.430  1.0000E+00
   34.440  1.0000E+00
   34.450  1.0000E+00
   34.460  1.0000E+00
   34.470  1.0000E+00
   34.480  1.0000E+00
   34.490  1.0000E+00
   34.500  1.0000E+00
   34.510  1.0000E+00
   34.520  1.0000E+00
   34.530  1.0000E+00
   34.540  1.0000E+00
   34.550  1.0000E+00
   34.560  1.0000E+00
   34.570  1.0000E+00
   34.580  1.0000E+00
   34.590  1.0000E+00
   34.600  1.0000E+00
   34.610  1.0000E+00
   34.620  1.0000E+00
   34.630  1.0000E+00
   34.640  1.0000E+00
   34.650  1.0000E+00
   34.660  1.0000E+00
   34.670  1.0000E+00
   34.680  1.0000E+00
   34.690  1.0000E+00
   34.700  1.0000E+00
   34.710  1.0000E+00
   34.720  1.0000E+00
   34.730  1.0000E+00
   34.740  1.0000E+00
   34.750  1.0000E+00
   34.760  1.0000E+00
   34.770  1.0000E+00
   34.780  1.0000E+00
   34.790  1.0000E+00
   34.800  1.0000E+00
   34.810  1.0000E+00
   34.820  1.0000E+00
   34.830  1.0000E+00
   34.840  1.0000E+00
   34.850  1.0000E+00
   34.860  1.0000E+00
   34.870  1.0000E+00
   34.880  1.0000E+00
   34.890  1.0000E+00
   34.900  1.0000E+00
   34.910  1.0000E+00
   34.920  1.0000E+00
   34.930  1.0000E+00
   34.940  1.0000E+00
   34.950  1.0000E+00
   34.960  1.0000E+00
   34.970  1.0000E+00
   34.980  1.0000E+00
   34.990  1.0000E+00
   35.000  1.0000E+00
   35.010  1.0000E+00
   35.020  1.0000E+00
   35.030  1.0000E+00
   35.040  1.0000E+00
   35.050  1.0000E+00
   35.060  1.0000E+00
   35.070  1.0000E+00
   35.080  1.0000E+00
   35.090  1.0000E+00
   35.100  1.0000E+00
   35.110  1.0000E+00
   35.120  1.0000E+00
   35.130  1.0000E+00
   35.140  1.0000E+00
   35.150  1.0000E+00
   35.160  1.0000E+00
   35.170  1.0000E+00
   35.180  1.0000E+00
   35.190  1.0000E+00
   35.200  1.0000E+00
   35.210  1.0000E+00
   35.220  1.0000E+00
   35.230  1.0000E+00
   35.240  1.0000E+00
   35.250  1.0000E+00
   35.260  1.0000E+00
   35.270  1.0000E+00
   35.280  1.0000E+00
   35.290  1.0000E+00
   35.300  1.0000E+00
   35.310  1.0000E+00
   35.320  1.0000E+00
   35.330  1.0000E+00
   35.340  1.0000E+00
   35.350  1.0000E+00
   35.360  1.0000E+00
   35.370  1.0000E+00
   35.380  1.0000E+00
   35.390  1.0000E+00
   35.400  1.0000E+00
   35.410  1.0000E+00
   35.420  1.0000E+00
   35.430  1.0000E+00
   35.440  1.0000E+00
   35.450  1.0000E+00
   35.460  1.0000E+00
   35.470  1.0000E+00
   35.480  1.0000E+00
   35.490  1.0000E+00
   35.500  1.0000E+00
   35.510  1.0000E+00
   35.520  1.0000E+00
   35.530  1.0000E+00
   35.540  1.0000E+00
   35.550  1.0000E+00
   35.560  1.0000E+00
   35.570  1.0000E+00
   35.580  1.0000E+00
   35.590  1.0000E+00
   35.600  1.0000E+00
   35.610  1.0000E+00
   35.620  1.0000E+00
   35.630  1.0000E+00
   35.640  1.0000E+00
   35.650  1.0000E+00
   35.660  1.0000E+00
   35.670  1.0000E+00
   35.680  1.0000E+00
   35.690  1.0000E+00
   35.700  1.0000E+00
   35.710  1.0000E+00
   35.720  1.0000E+00
   35.730  1.0000E+00
   35.740  1.0000E+00
   35.750  1.0000E+00
   35.760  1.0000E+00
   35.770  1.0000E+00
   35.780  1.0000E+00
   35.790  1.0000E+00
   35.800  1.0000E+00
   35.810  1.0000E+00
   35.820  1.0000E+00
   35.830  1.0000E+00
   35.840  1.0000E+00
   35.850  1.0000E+00
   35.860  1.0000E+00
   35.870  1.0000E+00
   35.880  1.0000E+00
   35.890  1.0000E+00
   35.900  1.0000E+00
   35.910  1.0000E+00
   35.920  1.0000E+00
   35.930  1.0000E+00
   35.940  1.0000E+00
   35.950  1.0000E+00
   35.960  1.0000E+00
   35.970  1.0000E+00
   35.980  1.0000E+00
   35.990  1.0000E+00
   36.000  1.0000E+00
   36.010  1.0000E+00
   36.020  1.0000E+00
   36.030  1.0000E+00
   36.040  1.0000E+00
   36.050  1.0000E+00
   36.060  1.0000E+00
   36.070  1.0000E+00
   36.080  1.0000E+00
   36.090  1.0000E+00
   36.100  1.0000E+00
   36.110  1.0000E+00
   36.120  1.0000E+00
   36.130  1.0000E+00
   36.140  1.0000E+00
   36.150  1.0000E+00
   36.160  1.0000E+00
   36.170  1.0000E+00
   36.180  1.0000E+00
   36.190  1.0000E+00
   36.200  1.0000E+00
   36.210  1.0000E+00
   36.220  1.0000E+00
   36.230  1.0000E+00
   36.240  1.0000E+00
   36.250  1.0000E+00
   36.260  1.0000E+00
   36.270  1.0000E+00
   36.280  1.0000E+00
   36.290  1.0000E+00
   36.300  1.0000E+00
   36.310  1.0000E+00
   36.320  1.0000E+00
   36.330  1.0000E+00
   36.340  1.0000E+00
   36.350  1.0000E+00
   36.360  1.0000E+00
   36.370  1.0000E+00
   36.380  1.0000E+00
   36.390  1.0000E+00
   36.400  1.0000E+00
   36.410  1.0000E+00
   36.420  1.0000E+00
   36.430  1.0000E+00
   36.440  1.0000E+00
   36.450  1.0000E+00
   36.460  1.0000E+00
   36.470  1.0000E+00
   36.480  1.0000E+00
   36.490  1.0000E+00
   36.500  1.0000E+00
   36.510  1.0000E+00
   36.520  1.0000E+00
   36.530  1.0000E+00
   36.540  1.0000E+00
   36.550  1.0000E+00
   36.560  1.0000E+00
   36.570  1.0000E+00
   36.580  1.0000E+00
   36.590  1.0000E+00
   36.600  1.0000E+00
   36.610  1.0000E+00
   36.620  1.0000E+00
   36.630  1.0000E+00
   36.640  1.0000E+00
   36.650  1.0000E+00
   36.660  1.0000E+00
   36.670  1.0000E+00
   36.680  1.0000E+00
   36.690  1.0000E+00
   36.700  1.0000E+00
   36.710  1.0000E+00
   36.720  1.0000E+00
   36.730  1.0000E+00
   36.740  1.0000E+00
   36.750  1.0000E+00
   36.760  1.0000E+00
   36.770  1.0000E+00
   36.780  1.0000E+00
   36.790  1.0000E+00
   36.800  1.0000E+00
   36.810  1.0000E+00
   36.820  1.0000E+00
   36.830  1.0000E+00
   36.840  1.0000E+00
   36.850  1.0000E+00
   36.860  1.0000E+00
   36.870  1.0000E+00
   36.880  1.0000E+00
   36.890  1.0000E+00
   36.900  1.0000E+00
   36.910  1.0000E+00
   36.920  1.0000E+00
   36.930  1.0000E+00
   36.940  1.0000E+00
   36.950  1.0000E+00
   36.960  1.0000E+00
   36.970  1.0000E+00
   36.980  1.0000E+00
   36.990  1.0000E+00
   37.000  1.0000E+00
   37.010  1.0000E+00
   37.020  1.0000E+00
   37.030  1.0000E+00
   37.040  1.0000E+00
   37.050  1.0000E+00
   37.060  1.0000E+00
   37.070  1.0000E+00
   37.080  1.0000E+00
   37.090  1.0000E+00
   37.100  1.0000E+00
   37.110  1.0000E+00
   37.120  1.0000E+00
   37.130  1.0000E+00
   37.140  1.0000E+00
   37.150  1.0000E+00
   37.160  1.0000E+00
   37.170  1.0000E+00
   37.180  1.0000E+00
   37.190  1.0000E+00
   37.200  1.0000E+00
   37.210  1.0000E+00
   37.220  1.0000E+00
   37.230  1.0000E+00
   37.240  1.0000E+00
   37.250  1.0000E+00
   37.260  1.0000E+00
   37.270  1.0000E+00
   37.280  1.0000E+00
   37.290  1.0000E+00
   37.300  1.0000E+00
   37.310  1.0000E+00
   37.320  1.0000E+00
   37.330  1.0000E+00
   37.340  1.0000E+00
   37.350  1.0000E+00
   37.360  1.0000E+00
   37.370  1.0000E+00
   37.380  1.0000E+00
   37.390  1.0000E+00
   37.400  1.0000E+00
   37.410  1.0000E+00
   37.420  1.0000E+00
   37.430  1.0000E+00
   37.440  1.0000E+00
   37.450  1.0000E+00
   37.460  1.0000E+00
   37.470  1.0000E+00
   37.480  1.0000E+00
   37.490  1.0000E+00
   37.500  1.0000E+00
   37.510  1.0000E+00
   37.520  1.0000E+00
   37.530  1.0000E+00
   37.540  1.0000E+00
   37.550  1.0000E+00
   37.560  1.0000E+00
   37.570  1.0000E+00
   37.580  1.0000E+00
   37.590  1.0000E+00
   37.600  1.0000E+00
   37.610  1.0000E+00
   37.620  1.0000E+00
   37.630  1.0000E+00
   37.640  1.0000E+00
   37.650  1.0000E+00
   37.660  1.0000E+00
   37.670  1.0000E+00
   37.680  1.0000E+00
   37.690  1.0000E+00
   37.700  1.0000E+00
   37.710  1.0000E+00
   37.720  1.0000E+00
   37.730  1.0000E+00
   37.740  1.0000E+00
   37.750  1.0000E+00
   37.760  1.0000E+00
   37.770  1.0000E+00
   37.780  1.0000E+00
   37.790  1.0000E+00
   37.800  1.0000E+00
   37.810  1.0000E+00
   37.820  1.0000E+00
   37.830  1.0000E+00
   37.840  1.0000E+00
   37.850  1.0000E+00
   37.860  1.0000E+00
   37.870  1.0000E+00
   37.880  1.0000E+00
   37.890  1.0000E+00
   37.900  1.0000E+00
   37.910  1.0000E+00
   37.920  1.0000E+00
   37.930  1.0000E+00
   37.940  1.0000E+00
   37.950  1.0000E+00
   37.960  1.0000E+00
   37.970  1.0000E+00
   37.980  1.0000E+00
   37.990  1.0000E+00
   38.000  1.0000E+00
   38.010  1.0000E+00
   38.020  1.0000E+00
   38.030  1.0000E+00
   38.040  1.0000E+00
   38.050  1.0000E+00
   38.060  1.0000E+00
   38.070  1.0000E+00
   38.080  1.0000E+00
   38.090  1.0000E+00
   38.100  1.0000E+00
   38.110  1.0000E+00
   38.120  1.0000E+00
   38.130  1.0000E+00
   38.140  1.0000E+00
   38.150  1.0000E+00
   38.160  1.0000E+00
   38.170  1.0000E+00
   38.180  1.0000E+00
   38.190  1.0000E+00
   38.200  1.0000E+00
   38.210  1.0000E+00
   38.220  1.0000E+00
   38.230  1.0000E+00
   38.240  1.0000E+00
   38.250  1.0000E+00
   38.260  1.0000E+00
   38.270  1.0000E+00
   38.280  1.0000E+00
   38.290  1.0000E+00
   38.300  1.0000E+00
   38.310  1.0000E+00
   38.320  1.0000E+00
   38.330  1.0000E+00
   38.340  1.0000E+00
   38.350  1.0000E+00
   38.360  1.0000E+00
   38.370  1.0000E+00
   38.380  1.0000E+00
   38.390  1.0000E+00
   38.400  1.0000E+00
   38.410  1.0000E+00
   38.420  1.0000E+00
   38.430  1.0000E+00
   38.440  1.0000E+00
   38.450  1.0000E+00
   38.460  1.0000E+00
   38.470  1.0000E+00
   38.480  1.0000E+00
   38.490  1.0000E+00
   38.500  1.0000E+00
   38.510  1.0000E+00
   38.520  1.0000E+00
   38.530  1.0000E+00
   38.540  1.0000E+00
   38.550  1.0000E+00
   38.560  1.0000E+00
   38.570  1.0000E+00
   38.580  1.0000E+00
   38.590  1.0000E+00
   38.600  1.0000E+00
   38.610  1.0000E+00
   38.620  1.0000E+00
   38.630  1.0000E+00
   38.640  1.0000E+00
   38.650  1.0000E+00
   38.660  1.0000E+00
   38.670  1.0000E+00
   38.680  1.0000E+00
   38.690  1.0000E+00
   38.700  1.0000E+00
   38.710  1.0000E+00
   38.720  1.0000E+00
   38.730  1.0000E+00
   38.740  1.0000E+00
   38.750  1.0000E+00
   38.760  1.0000E+00
   38.770  1.0000E+00
   38.780  1.0000E+00
   38.790  1.0000E+00
   38.800  1.0000E+00
   38.810  1.0000E+00
   38.820  1.0000E+00
   38.830  1.0000E+00
   38.840  1.0000E+00
   38.850  1.0000E+00
   38.860  1.0000E+00
   38.870  1.0000E+00
   38.880  1.0000E+00
   38.890  1.0000E+00
   38.900  1.0000E+00
   38.910  1.0000E+00
   38.920  1.0000E+00
   38.930  1.0000E+00
   38.940  1.0000E+00
   38.950  1.0000E+00
   38.960  1.0000E+00
   38.970  1.0000E+00
   38.980  1.0000E+00
   38.990  1.0000E+00
   39.000  1.0000E+00
   39.010  1.0000E+00
   39.020  1.0000E+00
   39.030  1.0000E+00
   39.040  1.0000E+00
   39.050  1.0000E+00
   39.060  1.0000E+00
   39.070  1.0000E+00
   39.080  1.0000E+00
   39.090  1.0000E+00
   39.100  1.0000E+00
   39.110  1.0000E+00
   39.120  1.0000E+00
   39.130  1.0000E+00
   39.140  1.0000E+00
   39.150  1.0000E+00
   39.160  1.0000E+00
   39.170  1.0000E+00
   39.180  1.0000E+00
   39.190  1.0000E+00
   39.200  1.0000E+00
   39.210  1.0000E+00
   39.220  1.0000E+00
   39.230  1.0000E+00
   39.240  1.0000E+00
   39.250  1.0000E+00
   39.260  1.0000E+00
   39.270  1.0000E+00
   39.280  1.0000E+00
   39.290  1.0000E+00
   39.300  1.0000E+00
   39.310  1.0000E+00
   39.320  1.0000E+00
   39.330  1.0000E+00
   39.340  1.0000E+00
   39.350  1.0000E+00
   39.360  1.0000E+00
   39.370  1.0000E+00
   39.380  1.0000E+00
   39.390  1.0000E+00
   39.400  1.0000E+00
   39.410  1.0000E+00
   39.420  1.0000E+00
   39.430  1.0000E+00
   39.440  1.0000E+00
   39.450  1.0000E+00
   39.460  1.0000E+00
   39.470  1.0000E+00
   39.480  1.0000E+00
   39.490  1.0000E+00
   39.500  1.0000E+00
   39.510  1.0000E+00
   39.520  1.0000E+00
   39.530  1.0000E+00
   39.540  1.0000E+00
   39.550  1.0000E+00
   39.560  1.0000E+00
   39.570  1.0000E+00
   39.580  1.0000E+00
   39.590  1.0000E+00
   39.600  1.0000E+00
   39.610  1.0000E+00
   39.620  1.0000E+00
   39.630  1.0000E+00
   39.640  1.0000E+00
   39.650  1.0000E+00
   39.660  1.0000E+00
   39.670  1.0000E+00
   39.680  1.0000E+00
   39.690  1.0000E+00
   39.700  1.0000E+00
   39.710  1.0000E+00
   39.720  1.0000E+00
   39.730  1.0000E+00
   39.740  1.0000E+00
   39.750  1.0000E+00
   39.760  1.0000E+00
   39.770  1.0000E+00
   39.780  1.0000E+00
   39.790  1.0000E+00
   39.800  1.0000E+00
   39.810  1.0000E+00
   39.820  1.0000E+00
   39.830  1.0000E+00
   39.840  1.0000E+00
   39.850  1.0000E+00
   39.860  1.0000E+00
   39.870  1.0000E+00
   39.880  1.0000E+00
   39.890  1.0000E+00
   39.900  1.0000E+00
   39.910  1.0000E+00
   39.920  1.0000E+00
   39.930  1.0000E+00
   39.940  1.0000E+00
   39.950  1.0000E+00
   39.960  1.0000E+00
   39.970  1.0000E+00
   39.980  1.0000E+00
   39.990  1.0000E+00
   40.000  1.0000E+00
   40.010  1.0000E+00
   40.020  1.0000E+00
   40.030  1.0000E+00
   40.040  1.0000E+00
   40.050  1.0000E+00
   40.060  1.0000E+00
   40.070  1.0000E+00
   40.080  1.0000E+00
   40.090  1.0000E+00
   40.100  1.0000E+00
   40.110  1.0000E+00
   40.120  1.0000E+00
   40.130  1.0000E+00
   40.140  1.0000E+00
   40.150  1.0000E+00
   40.160  1.0000E+00
   40.170  1.0000E+00
   40.180  1.0000E+00
   40.190  1.0000E+00
   40.200  1.0000E+00
   40.210  1.0000E+00
   40.220  1.0000E+00
   40.230  1.0000E+00
   40.240  1.0000E+00
   40.250  1.0000E+00
   40.260  1.0000E+00
   40.270  1.0000E+00
   40.280  1.0000E+00
   40.290  1.0000E+00
   40.300  1.0000E+00
   40.310  1.0000E+00
   40.320  1.0000E+00
   40.330  1.0000E+00
   40.340  1.0000E+00
   40.350  1.0000E+00
   40.360  1.0000E+00
   40.370  1.0000E+00
   40.380  1.0000E+00
   40.390  1.0000E+00
   40.400  1.0000E+00
   40.410  1.0000E+00
   40.420  1.0000E+00
   40.430  1.0000E+00
   40.440  1.0000E+00
   40.450  1.0000E+00
   40.460  1.0000E+00
   40.470  1.0000E+00
   40.480  1.0000E+00
   40.490  1.0000E+00
   40.500  1.0000E+00
   40.510  1.0000E+00
   40.520  1.0000E+00
   40.530  1.0000E+00
   40.540  1.0000E+00
   40.550  1.0000E+00
   40.560  1.0000E+00
   40.570  1.0000E+00
   40.580  1.0000E+00
   40.590  1.0000E+00
   40.600  1.0000E+00
   40.610  1.0000E+00
   40.620  1.0000E+00
   40.630  1.0000E+00
   40.640  1.0000E+00
   40.650  1.0000E+00
   40.660  1.0000E+00
   40.670  1.0000E+00
   40.680  1.0000E+00
   40.690  1.0000E+00
   40.700  1.0000E+00
   40.710  1.0000E+00
   40.720  1.0000E+00
   40.730  1.0000E+00
   40.740  1.0000E+00
   40.750  1.0000E+00
   40.760  1.0000E+00
   40.770  1.0000E+00
   40.780  1.0000E+00
   40.790  1.0000E+00
   40.800  1.0000E+00
   40.810  1.0000E+00
   40.820  1.0000E+00
   40.830  1.0000E+00
   40.840  1.0000E+00
   40.850  1.0000E+00
   40.860  1.0000E+00
   40.870  1.0000E+00
   40.880  1.0000E+00
   40.890  1.0000E+00
   40.900  1.0000E+00
   40.910  1.0000E+00
   40.920  1.0000E+00
   40.930  1.0000E+00
   40.940  1.0000E+00
   40.950  1.0000E+00
