**********************************************
*******     Site #   1
Average PSA and Fourier spectrum over     1 trials
damping:   5%
  50 samples
Mag.          =      6.30
siteLat       =     42.35
siteLon       =     13.40
depth         =      0.00
R             =      9.97
azimuth       =  10479.30
fault Dis.(km)=     5.06
Hypo  Dis.(km)=    11.45
Input Parameters file =  aqk_0604_z_parameters.out                                                                                               
 data format: (1x,f10.3, 1p, 1x,e11.4, 5x,e11.4, 2x,e11.4, 1x,e11.4)
   freq(Hz) FAS(cm/sec) avgPSA(cm/s**2) avgPSV(cm/s)   avgSD(cm)
     -1.000         NaN             Nan   4.5922E+01         Nan
    999.900         Nan      4.9312E+02          NaN         NaN
      0.200  7.3874E+01      7.5465E+01   6.0053E+01  4.7789E+01
      0.217  7.3874E+01      8.9743E+01   6.5935E+01  4.8443E+01
      0.235  8.4750E+01      9.8053E+01   6.6513E+01  4.5118E+01
      0.254  8.8090E+01      1.0685E+02   6.6921E+01  4.1912E+01
      0.275  8.4110E+01      1.1241E+02   6.4998E+01  3.7584E+01
      0.298  7.6862E+01      1.3089E+02   6.9878E+01  3.7305E+01
      0.323  7.7037E+01      1.5424E+02   7.6022E+01  3.7470E+01
      0.350  8.6319E+01      1.6834E+02   7.6608E+01  3.4862E+01
      0.379  9.4862E+01      1.5947E+02   6.7003E+01  2.8152E+01
      0.410  1.0092E+02      1.7690E+02   6.8622E+01  2.6619E+01
      0.444  9.7921E+01      1.9771E+02   7.0809E+01  2.5360E+01
      0.481  8.5582E+01      1.9976E+02   6.6054E+01  2.1842E+01
      0.521  6.7650E+01      1.8470E+02   5.6387E+01  1.7215E+01
      0.565  5.0577E+01      1.7063E+02   4.8095E+01  1.3556E+01
      0.612  3.2987E+01      1.8900E+02   4.9185E+01  1.2800E+01
      0.662  3.9491E+01      2.0049E+02   4.8172E+01  1.1574E+01
      0.717  4.7300E+01      2.3427E+02   5.1969E+01  1.1528E+01
      0.777  4.8018E+01      2.7395E+02   5.6109E+01  1.1492E+01
      0.842  5.4251E+01      3.8347E+02   7.2511E+01  1.3711E+01
      0.912  9.7292E+01      5.5505E+02   9.6903E+01  1.6918E+01
      0.987  1.5665E+02      7.7699E+02   1.2524E+02  2.0188E+01
      1.069  1.9543E+02      9.7311E+02   1.4482E+02  2.1552E+01
      1.158  3.1183E+02      1.2351E+03   1.6970E+02  2.3317E+01
      1.255  3.1280E+02      1.3653E+03   1.7320E+02  2.1971E+01
      1.359  1.8993E+02      1.1244E+03   1.3170E+02  1.5425E+01
      1.472  5.7992E+01      9.2646E+02   1.0018E+02  1.0833E+01
      1.594  3.0961E+01      7.4181E+02   7.4061E+01  7.3941E+00
      1.727  5.2790E+01      6.0174E+02   5.5467E+01  5.1128E+00
      1.870  6.6503E+01      7.4258E+02   6.3197E+01  5.3783E+00
      2.026  9.7702E+01      7.5164E+02   5.9059E+01  4.6405E+00
      2.194  9.1294E+01      6.5747E+02   4.7696E+01  3.4601E+00
      2.376  2.2347E+01      7.0216E+02   4.7029E+01  3.1499E+00
      2.574  5.9701E+01      7.6789E+02   4.7485E+01  2.9364E+00
      2.788  2.9998E+01      9.1660E+02   5.2332E+01  2.9878E+00
      3.019  8.4206E+01      9.2937E+02   4.8989E+01  2.5823E+00
      3.270  6.2063E+01      1.0819E+03   5.2653E+01  2.5625E+00
      3.542  1.8668E+02      1.2334E+03   5.5423E+01  2.4903E+00
      3.836  5.5650E+01      9.5474E+02   3.9608E+01  1.6431E+00
      4.155  3.1871E+01      9.8980E+02   3.7912E+01  1.4521E+00
      4.501  9.6935E+01      1.2706E+03   4.4932E+01  1.5889E+00
      4.875  5.3283E+01      1.1055E+03   3.6094E+01  1.1784E+00
      5.280  8.3008E+01      9.7269E+02   2.9321E+01  8.8385E-01
      5.719  6.7699E+01      1.0787E+03   3.0023E+01  8.3556E-01
      6.194  2.2898E+01      8.4647E+02   2.1751E+01  5.5889E-01
      6.709  3.0653E+01      7.1871E+02   1.7051E+01  4.0450E-01
      7.266  8.9455E+00      7.7095E+02   1.6886E+01  3.6987E-01
      7.870  2.0882E+01      7.5548E+02   1.5278E+01  3.0896E-01
      8.524  1.3234E+01      7.4021E+02   1.3820E+01  2.5804E-01
      9.233  1.3894E+01      6.6291E+02   1.1427E+01  1.9699E-01
     10.000  2.0576E+01      6.2809E+02   9.9964E+00  1.5910E-01
 
 
