 itr  i0  j0   i   j t_arrive(i0,j0) t_arrive_min t_arrive(i,j) risetime(i,j) risetime_max dur_path(i,j) dur_sub(i,j) t_arrive(i,j)+dur_sub(i,j) imx jmx t_arrive(imax,jmax) dur_sub(imax,jmax) t_arrive(imax,jmax)+dur_sub(imax,jmax) risetime_max t_end_max
   1   7  11   1   1             3.0          3.0           7.8           3.3          3.3          0.00         3.30                       11.1  20  14                10.1                4.5                                   14.6          3.3      14.6
   1   7  11   1   2             3.0          3.0           7.3           3.3          3.3          0.00         3.27                       10.6  20  14                10.1                4.5                                   14.6          3.3      14.6
   1   7  11   1   3             3.0          3.0           6.8           3.2          3.3          0.00         3.19                       10.0  20  14                10.1                4.5                                   14.6          3.3      14.6
   1   7  11   1   4             3.0          3.0           6.4           3.1          3.3          0.00         3.08                        9.5  20  14                10.1                4.5                                   14.6          3.3      14.6
   1   7  11   1   5             3.0          3.0           6.1           2.9          3.3          0.00         2.92                        9.0  20  14                10.1                4.5                                   14.6          3.3      14.6
   1   7  11   1   6             3.0          3.0           5.8           2.9          3.3          0.00         2.92                        8.7  20  14                10.1                4.5                                   14.6          3.3      14.6
   1   7  11   1   7             3.0          3.0           5.6           2.9          3.3          0.02         2.94                        8.6  20  14                10.1                4.5                                   14.6          3.3      14.6
   1   7  11   1   8             3.0          3.0           5.5           2.9          3.3          0.13         3.05                        8.6  20  14                10.1                4.5                                   14.6          3.3      14.6
   1   7  11   1   9             3.0          3.0           5.5           2.9          3.3          0.26         3.18                        8.7  20  14                10.1                4.5                                   14.6          3.3      14.6
   1   7  11   1  10             3.0          3.0           5.6           2.9          3.3          0.41         3.32                        8.9  20  14                10.1                4.5                                   14.6          3.3      14.6
   1   7  11   1  11             3.0          3.0           5.8           2.9          3.3          0.56         3.48                        9.3  20  14                10.1                4.5                                   14.6          3.3      14.6
   1   7  11   1  12             3.0          3.0           6.1           2.9          3.3          0.72         3.64                        9.7  20  14                10.1                4.5                                   14.6          3.3      14.6
   1   7  11   1  13             3.0          3.0           6.5           2.9          3.3          0.90         3.81                       10.3  20  14                10.1                4.5                                   14.6          3.3      14.6
   1   7  11   1  14             3.0          3.0           7.1           2.9          3.3          1.07         3.99                       11.0  20  14                10.1                4.5                                   14.6          3.3      14.6
   1   7  11   2   1             3.0          3.0           7.5           3.3          3.3          0.00         3.30                       10.8  20  14                10.1                4.5                                   14.6          3.3      14.6
   1   7  11   2   2             3.0          3.0           6.9           3.3          3.3          0.00         3.27                       10.2  20  14                10.1                4.5                                   14.6          3.3      14.6
   1   7  11   2   3             3.0          3.0           6.5           3.2          3.3          0.00         3.19                        9.6  20  14                10.1                4.5                                   14.6          3.3      14.6
   1   7  11   2   4             3.0          3.0           6.0           3.1          3.3          0.00         3.08                        9.1  20  14                10.1                4.5                                   14.6          3.3      14.6
   1   7  11   2   5             3.0          3.0           5.7           2.9          3.3          0.00         2.92                        8.6  20  14                10.1                4.5                                   14.6          3.3      14.6
   1   7  11   2   6             3.0          3.0           5.4           2.7          3.3          0.00         2.66                        8.1  20  14                10.1                4.5                                   14.6          3.3      14.6
   1   7  11   2   7             3.0          3.0           5.2           2.7          3.3          0.00         2.66                        7.8  20  14                10.1                4.5                                   14.6          3.3      14.6
   1   7  11   2   8             3.0          3.0           5.0           2.7          3.3          0.03         2.69                        7.7  20  14                10.1                4.5                                   14.6          3.3      14.6
   1   7  11   2   9             3.0          3.0           5.0           2.7          3.3          0.17         2.83                        7.8  20  14                10.1                4.5                                   14.6          3.3      14.6
   1   7  11   2  10             3.0          3.0           5.1           2.7          3.3          0.32         2.98                        8.1  20  14                10.1                4.5                                   14.6          3.3      14.6
   1   7  11   2  11             3.0          3.0           5.3           2.7          3.3          0.48         3.14                        8.4  20  14                10.1                4.5                                   14.6          3.3      14.6
   1   7  11   2  12             3.0          3.0           5.6           2.7          3.3          0.65         3.31                        8.9  20  14                10.1                4.5                                   14.6          3.3      14.6
   1   7  11   2  13             3.0          3.0           6.1           2.7          3.3          0.82         3.49                        9.6  20  14                10.1                4.5                                   14.6          3.3      14.6
   1   7  11   2  14             3.0          3.0           6.7           2.7          3.3          1.01         3.67                       10.3  20  14                10.1                4.5                                   14.6          3.3      14.6
   1   7  11   3   1             3.0          3.0           7.2           3.3          3.3          0.00         3.30                       10.5  20  14                10.1                4.5                                   14.6          3.3      14.6
   1   7  11   3   2             3.0          3.0           6.6           3.3          3.3          0.00         3.27                        9.9  20  14                10.1                4.5                                   14.6          3.3      14.6
   1   7  11   3   3             3.0          3.0           6.1           3.2          3.3          0.00         3.19                        9.3  20  14                10.1                4.5                                   14.6          3.3      14.6
   1   7  11   3   4             3.0          3.0           5.7           3.1          3.3          0.00         3.08                        8.8  20  14                10.1                4.5                                   14.6          3.3      14.6
   1   7  11   3   5             3.0          3.0           5.3           2.9          3.3          0.00         2.92                        8.2  20  14                10.1                4.5                                   14.6          3.3      14.6
   1   7  11   3   6             3.0          3.0           5.0           2.7          3.3          0.00         2.66                        7.7  20  14                10.1                4.5                                   14.6          3.3      14.6
   1   7  11   3   7             3.0          3.0           4.8           2.4          3.3          0.00         2.39                        7.2  20  14                10.1                4.5                                   14.6          3.3      14.6
   1   7  11   3   8             3.0          3.0           4.6           2.4          3.3          0.00         2.39                        7.0  20  14                10.1                4.5                                   14.6          3.3      14.6
   1   7  11   3   9             3.0          3.0           4.5           2.4          3.3          0.08         2.48                        7.0  20  14                10.1                4.5                                   14.6          3.3      14.6
   1   7  11   3  10             3.0          3.0           4.6           2.4          3.3          0.24         2.63                        7.2  20  14                10.1                4.5                                   14.6          3.3      14.6
   1   7  11   3  11             3.0          3.0           4.8           2.4          3.3          0.41         2.80                        7.6  20  14                10.1                4.5                                   14.6          3.3      14.6
   1   7  11   3  12             3.0          3.0           5.2           2.4          3.3          0.58         2.98                        8.1  20  14                10.1                4.5                                   14.6          3.3      14.6
   1   7  11   3  13             3.0          3.0           5.7           2.4          3.3          0.76         3.16                        8.8  20  14                10.1                4.5                                   14.6          3.3      14.6
   1   7  11   3  14             3.0          3.0           6.3           2.4          3.3          0.95         3.34                        9.6  20  14                10.1                4.5                                   14.6          3.3      14.6
   1   7  11   4   1             3.0          3.0           6.9           3.3          3.3          0.00         3.30                       10.2  20  14                10.1                4.5                                   14.6          3.3      14.6
   1   7  11   4   2             3.0          3.0           6.3           3.3          3.3          0.00         3.27                        9.6  20  14                10.1                4.5                                   14.6          3.3      14.6
   1   7  11   4   3             3.0          3.0           5.8           3.2          3.3          0.00         3.19                        9.0  20  14                10.1                4.5                                   14.6          3.3      14.6
   1   7  11   4   4             3.0          3.0           5.4           3.1          3.3          0.00         3.08                        8.4  20  14                10.1                4.5                                   14.6          3.3      14.6
   1   7  11   4   5             3.0          3.0           5.0           2.9          3.3          0.00         2.92                        7.9  20  14                10.1                4.5                                   14.6          3.3      14.6
   1   7  11   4   6             3.0          3.0           4.7           2.7          3.3          0.00         2.66                        7.3  20  14                10.1                4.5                                   14.6          3.3      14.6
   1   7  11   4   7             3.0          3.0           4.4           2.4          3.3          0.00         2.39                        6.8  20  14                10.1                4.5                                   14.6          3.3      14.6
   1   7  11   4   8             3.0          3.0           4.2           2.1          3.3          0.00         2.11                        6.3  20  14                10.1                4.5                                   14.6          3.3      14.6
   1   7  11   4   9             3.0          3.0           4.1           2.1          3.3          0.01         2.11                        6.2  20  14                10.1                4.5                                   14.6          3.3      14.6
   1   7  11   4  10             3.0          3.0           4.1           2.1          3.3          0.17         2.28                        6.4  20  14                10.1                4.5                                   14.6          3.3      14.6
   1   7  11   4  11             3.0          3.0           4.3           2.1          3.3          0.34         2.45                        6.8  20  14                10.1                4.5                                   14.6          3.3      14.6
   1   7  11   4  12             3.0          3.0           4.7           2.1          3.3          0.53         2.63                        7.3  20  14                10.1                4.5                                   14.6          3.3      14.6
   1   7  11   4  13             3.0          3.0           5.3           2.1          3.3          0.71         2.82                        8.1  20  14                10.1                4.5                                   14.6          3.3      14.6
   1   7  11   4  14             3.0          3.0           6.0           2.1          3.3          0.90         3.01                        9.0  20  14                10.1                4.5                                   14.6          3.3      14.6
   1   7  11   5   1             3.0          3.0           6.7           3.3          3.3          0.00         3.30                       10.0  20  14                10.1                4.5                                   14.6          3.3      14.6
   1   7  11   5   2             3.0          3.0           6.1           3.3          3.3          0.00         3.27                        9.4  20  14                10.1                4.5                                   14.6          3.3      14.6
   1   7  11   5   3             3.0          3.0           5.6           3.2          3.3          0.00         3.19                        8.8  20  14                10.1                4.5                                   14.6          3.3      14.6
   1   7  11   5   4             3.0          3.0           5.1           3.1          3.3          0.00         3.08                        8.2  20  14                10.1                4.5                                   14.6          3.3      14.6
   1   7  11   5   5             3.0          3.0           4.7           2.9          3.3          0.00         2.92                        7.6  20  14                10.1                4.5                                   14.6          3.3      14.6
   1   7  11   5   6             3.0          3.0           4.4           2.7          3.3          0.00         2.66                        7.1  20  14                10.1                4.5                                   14.6          3.3      14.6
   1   7  11   5   7             3.0          3.0           4.1           2.4          3.3          0.00         2.39                        6.5  20  14                10.1                4.5                                   14.6          3.3      14.6
   1   7  11   5   8             3.0          3.0           3.9           2.1          3.3          0.00         2.11                        6.0  20  14                10.1                4.5                                   14.6          3.3      14.6
   1   7  11   5   9             3.0          3.0           3.8           1.7          3.3          0.00         1.68                        5.5  20  14                10.1                4.5                                   14.6          3.3      14.6
   1   7  11   5  10             3.0          3.0           3.7           1.7          3.3          0.12         1.80                        5.5  20  14                10.1                4.5                                   14.6          3.3      14.6
   1   7  11   5  11             3.0          3.0           3.9           1.7          3.3          0.29         1.98                        5.8  20  14                10.1                4.5                                   14.6          3.3      14.6
   1   7  11   5  12             3.0          3.0           4.3           1.7          3.3          0.48         2.16                        6.5  20  14                10.1                4.5                                   14.6          3.3      14.6
   1   7  11   5  13             3.0          3.0           5.0           1.7          3.3          0.67         2.35                        7.3  20  14                10.1                4.5                                   14.6          3.3      14.6
   1   7  11   5  14             3.0          3.0           5.7           2.1          3.3          0.86         2.97                        8.7  20  14                10.1                4.5                                   14.6          3.3      14.6
   1   7  11   6   1             3.0          3.0           6.6           3.3          3.3          0.00         3.30                        9.9  20  14                10.1                4.5                                   14.6          3.3      14.6
   1   7  11   6   2             3.0          3.0           5.9           3.3          3.3          0.00         3.27                        9.2  20  14                10.1                4.5                                   14.6          3.3      14.6
   1   7  11   6   3             3.0          3.0           5.4           3.2          3.3          0.00         3.19                        8.6  20  14                10.1                4.5                                   14.6          3.3      14.6
   1   7  11   6   4             3.0          3.0           4.9           3.1          3.3          0.00         3.08                        8.0  20  14                10.1                4.5                                   14.6          3.3      14.6
   1   7  11   6   5             3.0          3.0           4.5           2.9          3.3          0.00         2.92                        7.5  20  14                10.1                4.5                                   14.6          3.3      14.6
   1   7  11   6   6             3.0          3.0           4.2           2.7          3.3          0.00         2.66                        6.9  20  14                10.1                4.5                                   14.6          3.3      14.6
   1   7  11   6   7             3.0          3.0           3.9           2.4          3.3          0.00         2.39                        6.3  20  14                10.1                4.5                                   14.6          3.3      14.6
   1   7  11   6   8             3.0          3.0           3.7           2.1          3.3          0.00         2.11                        5.8  20  14                10.1                4.5                                   14.6          3.3      14.6
   1   7  11   6   9             3.0          3.0           3.5           1.7          3.3          0.00         1.68                        5.2  20  14                10.1                4.5                                   14.6          3.3      14.6
   1   7  11   6  10             3.0          3.0           3.4           1.2          3.3          0.07         1.27                        4.6  20  14                10.1                4.5                                   14.6          3.3      14.6
   1   7  11   6  11             3.0          3.0           3.4           1.2          3.3          0.26         1.45                        4.9  20  14                10.1                4.5                                   14.6          3.3      14.6
   1   7  11   6  12             3.0          3.0           4.0           1.2          3.3          0.45         1.64                        5.6  20  14                10.1                4.5                                   14.6          3.3      14.6
   1   7  11   6  13             3.0          3.0           4.7           1.7          3.3          0.64         2.32                        7.1  20  14                10.1                4.5                                   14.6          3.3      14.6
   1   7  11   6  14             3.0          3.0           5.5           2.1          3.3          0.83         2.94                        8.5  20  14                10.1                4.5                                   14.6          3.3      14.6
   1   7  11   7   1             3.0          3.0           6.5           3.3          3.3          0.00         3.30                        9.8  20  14                10.1                4.5                                   14.6          3.3      14.6
   1   7  11   7   2             3.0          3.0           5.9           3.3          3.3          0.00         3.27                        9.1  20  14                10.1                4.5                                   14.6          3.3      14.6
   1   7  11   7   3             3.0          3.0           5.3           3.2          3.3          0.00         3.19                        8.5  20  14                10.1                4.5                                   14.6          3.3      14.6
   1   7  11   7   4             3.0          3.0           4.8           3.1          3.3          0.00         3.08                        7.9  20  14                10.1                4.5                                   14.6          3.3      14.6
   1   7  11   7   5             3.0          3.0           4.4           2.9          3.3          0.00         2.92                        7.4  20  14                10.1                4.5                                   14.6          3.3      14.6
   1   7  11   7   6             3.0          3.0           4.1           2.7          3.3          0.00         2.66                        6.8  20  14                10.1                4.5                                   14.6          3.3      14.6
   1   7  11   7   7             3.0          3.0           3.8           2.4          3.3          0.00         2.39                        6.2  20  14                10.1                4.5                                   14.6          3.3      14.6
   1   7  11   7   8             3.0          3.0           3.6           2.1          3.3          0.00         2.11                        5.7  20  14                10.1                4.5                                   14.6          3.3      14.6
   1   7  11   7   9             3.0          3.0           3.4           1.7          3.3          0.00         1.68                        5.1  20  14                10.1                4.5                                   14.6          3.3      14.6
   1   7  11   7  10             3.0          3.0           3.2           1.2          3.3          0.05         1.24                        4.4  20  14                10.1                4.5                                   14.6          3.3      14.6
   1   7  11   7  11             3.0          3.0           3.0           0.6          3.3          0.23         0.81                        3.8  20  14                10.1                4.5                                   14.6          3.3      14.6
   1   7  11   7  12             3.0          3.0           3.8           1.2          3.3          0.42         1.62                        5.4  20  14                10.1                4.5                                   14.6          3.3      14.6
   1   7  11   7  13             3.0          3.0           4.6           1.7          3.3          0.62         2.30                        6.9  20  14                10.1                4.5                                   14.6          3.3      14.6
   1   7  11   7  14             3.0          3.0           5.4           2.1          3.3          0.81         2.92                        8.4  20  14                10.1                4.5                                   14.6          3.3      14.6
   1   7  11   8   1             3.0          3.0           6.5           3.3          3.3          0.00         3.30                        9.8  20  14                10.1                4.5                                   14.6          3.3      14.6
   1   7  11   8   2             3.0          3.0           5.8           3.3          3.3          0.00         3.27                        9.1  20  14                10.1                4.5                                   14.6          3.3      14.6
   1   7  11   8   3             3.0          3.0           5.3           3.2          3.3          0.00         3.19                        8.5  20  14                10.1                4.5                                   14.6          3.3      14.6
   1   7  11   8   4             3.0          3.0           4.8           3.1          3.3          0.00         3.08                        7.9  20  14                10.1                4.5                                   14.6          3.3      14.6
   1   7  11   8   5             3.0          3.0           4.4           2.9          3.3          0.00         2.92                        7.3  20  14                10.1                4.5                                   14.6          3.3      14.6
   1   7  11   8   6             3.0          3.0           4.1           2.7          3.3          0.00         2.66                        6.8  20  14                10.1                4.5                                   14.6          3.3      14.6
   1   7  11   8   7             3.0          3.0           3.9           2.4          3.3          0.00         2.39                        6.2  20  14                10.1                4.5                                   14.6          3.3      14.6
   1   7  11   8   8             3.0          3.0           3.6           2.1          3.3          0.00         2.11                        5.7  20  14                10.1                4.5                                   14.6          3.3      14.6
   1   7  11   8   9             3.0          3.0           3.4           1.7          3.3          0.00         1.68                        5.1  20  14                10.1                4.5                                   14.6          3.3      14.6
   1   7  11   8  10             3.0          3.0           3.3           1.2          3.3          0.04         1.23                        4.5  20  14                10.1                4.5                                   14.6          3.3      14.6
   1   7  11   8  11             3.0          3.0           3.4           1.2          3.3          0.22         1.42                        4.8  20  14                10.1                4.5                                   14.6          3.3      14.6
   1   7  11   8  12             3.0          3.0           3.9           1.2          3.3          0.41         1.61                        5.5  20  14                10.1                4.5                                   14.6          3.3      14.6
   1   7  11   8  13             3.0          3.0           4.7           1.7          3.3          0.61         2.29                        7.0  20  14                10.1                4.5                                   14.6          3.3      14.6
   1   7  11   8  14             3.0          3.0           5.5           2.1          3.3          0.81         2.91                        8.4  20  14                10.1                4.5                                   14.6          3.3      14.6
   1   7  11   9   1             3.0          3.0           6.5           3.3          3.3          0.00         3.30                        9.8  20  14                10.1                4.5                                   14.6          3.3      14.6
   1   7  11   9   2             3.0          3.0           5.9           3.3          3.3          0.00         3.27                        9.2  20  14                10.1                4.5                                   14.6          3.3      14.6
   1   7  11   9   3             3.0          3.0           5.3           3.2          3.3          0.00         3.19                        8.5  20  14                10.1                4.5                                   14.6          3.3      14.6
   1   7  11   9   4             3.0          3.0           4.9           3.1          3.3          0.00         3.08                        8.0  20  14                10.1                4.5                                   14.6          3.3      14.6
   1   7  11   9   5             3.0          3.0           4.5           2.9          3.3          0.00         2.92                        7.4  20  14                10.1                4.5                                   14.6          3.3      14.6
   1   7  11   9   6             3.0          3.0           4.2           2.7          3.3          0.00         2.66                        6.9  20  14                10.1                4.5                                   14.6          3.3      14.6
   1   7  11   9   7             3.0          3.0           4.0           2.4          3.3          0.00         2.39                        6.4  20  14                10.1                4.5                                   14.6          3.3      14.6
   1   7  11   9   8             3.0          3.0           3.8           2.1          3.3          0.00         2.11                        5.9  20  14                10.1                4.5                                   14.6          3.3      14.6
   1   7  11   9   9             3.0          3.0           3.6           1.7          3.3          0.00         1.68                        5.3  20  14                10.1                4.5                                   14.6          3.3      14.6
   1   7  11   9  10             3.0          3.0           3.6           1.7          3.3          0.04         1.72                        5.3  20  14                10.1                4.5                                   14.6          3.3      14.6
   1   7  11   9  11             3.0          3.0           3.7           1.7          3.3          0.23         1.91                        5.7  20  14                10.1                4.5                                   14.6          3.3      14.6
   1   7  11   9  12             3.0          3.0           4.2           1.7          3.3          0.42         2.10                        6.3  20  14                10.1                4.5                                   14.6          3.3      14.6
   1   7  11   9  13             3.0          3.0           4.9           1.7          3.3          0.61         2.29                        7.2  20  14                10.1                4.5                                   14.6          3.3      14.6
   1   7  11   9  14             3.0          3.0           5.6           2.1          3.3          0.81         2.91                        8.5  20  14                10.1                4.5                                   14.6          3.3      14.6
   1   7  11  10   1             3.0          3.0           6.6           3.3          3.3          0.00         3.30                        9.9  20  14                10.1                4.5                                   14.6          3.3      14.6
   1   7  11  10   2             3.0          3.0           6.0           3.3          3.3          0.00         3.27                        9.3  20  14                10.1                4.5                                   14.6          3.3      14.6
   1   7  11  10   3             3.0          3.0           5.5           3.2          3.3          0.00         3.19                        8.7  20  14                10.1                4.5                                   14.6          3.3      14.6
   1   7  11  10   4             3.0          3.0           5.0           3.1          3.3          0.00         3.08                        8.1  20  14                10.1                4.5                                   14.6          3.3      14.6
   1   7  11  10   5             3.0          3.0           4.7           2.9          3.3          0.00         2.92                        7.6  20  14                10.1                4.5                                   14.6          3.3      14.6
   1   7  11  10   6             3.0          3.0           4.4           2.7          3.3          0.00         2.66                        7.0  20  14                10.1                4.5                                   14.6          3.3      14.6
   1   7  11  10   7             3.0          3.0           4.2           2.4          3.3          0.00         2.39                        6.6  20  14                10.1                4.5                                   14.6          3.3      14.6
   1   7  11  10   8             3.0          3.0           4.0           2.1          3.3          0.00         2.11                        6.1  20  14                10.1                4.5                                   14.6          3.3      14.6
   1   7  11  10   9             3.0          3.0           3.9           2.1          3.3          0.00         2.11                        6.0  20  14                10.1                4.5                                   14.6          3.3      14.6
   1   7  11  10  10             3.0          3.0           3.9           2.1          3.3          0.06         2.16                        6.1  20  14                10.1                4.5                                   14.6          3.3      14.6
   1   7  11  10  11             3.0          3.0           4.1           2.1          3.3          0.24         2.35                        6.5  20  14                10.1                4.5                                   14.6          3.3      14.6
   1   7  11  10  12             3.0          3.0           4.6           2.1          3.3          0.43         2.54                        7.1  20  14                10.1                4.5                                   14.6          3.3      14.6
   1   7  11  10  13             3.0          3.0           5.1           2.1          3.3          0.63         2.73                        7.9  20  14                10.1                4.5                                   14.6          3.3      14.6
   1   7  11  10  14             3.0          3.0           5.8           2.1          3.3          0.82         2.93                        8.8  20  14                10.1                4.5                                   14.6          3.3      14.6
   1   7  11  11   1             3.0          3.0           6.8           3.3          3.3          0.00         3.30                       10.1  20  14                10.1                4.5                                   14.6          3.3      14.6
   1   7  11  11   2             3.0          3.0           6.2           3.3          3.3          0.00         3.27                        9.5  20  14                10.1                4.5                                   14.6          3.3      14.6
   1   7  11  11   3             3.0          3.0           5.7           3.2          3.3          0.00         3.19                        8.9  20  14                10.1                4.5                                   14.6          3.3      14.6
   1   7  11  11   4             3.0          3.0           5.3           3.1          3.3          0.00         3.08                        8.3  20  14                10.1                4.5                                   14.6          3.3      14.6
   1   7  11  11   5             3.0          3.0           4.9           2.9          3.3          0.00         2.92                        7.8  20  14                10.1                4.5                                   14.6          3.3      14.6
   1   7  11  11   6             3.0          3.0           4.6           2.7          3.3          0.00         2.66                        7.3  20  14                10.1                4.5                                   14.6          3.3      14.6
   1   7  11  11   7             3.0          3.0           4.4           2.4          3.3          0.00         2.39                        6.8  20  14                10.1                4.5                                   14.6          3.3      14.6
   1   7  11  11   8             3.0          3.0           4.3           2.4          3.3          0.00         2.39                        6.7  20  14                10.1                4.5                                   14.6          3.3      14.6
   1   7  11  11   9             3.0          3.0           4.3           2.4          3.3          0.00         2.39                        6.7  20  14                10.1                4.5                                   14.6          3.3      14.6
   1   7  11  11  10             3.0          3.0           4.3           2.4          3.3          0.09         2.49                        6.8  20  14                10.1                4.5                                   14.6          3.3      14.6
   1   7  11  11  11             3.0          3.0           4.6           2.4          3.3          0.27         2.67                        7.2  20  14                10.1                4.5                                   14.6          3.3      14.6
   1   7  11  11  12             3.0          3.0           5.0           2.4          3.3          0.46         2.85                        7.8  20  14                10.1                4.5                                   14.6          3.3      14.6
   1   7  11  11  13             3.0          3.0           5.5           2.4          3.3          0.65         3.05                        8.5  20  14                10.1                4.5                                   14.6          3.3      14.6
   1   7  11  11  14             3.0          3.0           6.1           2.4          3.3          0.85         3.24                        9.4  20  14                10.1                4.5                                   14.6          3.3      14.6
   1   7  11  12   1             3.0          3.0           7.1           3.3          3.3          0.00         3.30                       10.4  20  14                10.1                4.5                                   14.6          3.3      14.6
   1   7  11  12   2             3.0          3.0           6.5           3.3          3.3          0.00         3.27                        9.8  20  14                10.1                4.5                                   14.6          3.3      14.6
   1   7  11  12   3             3.0          3.0           6.0           3.2          3.3          0.00         3.19                        9.2  20  14                10.1                4.5                                   14.6          3.3      14.6
   1   7  11  12   4             3.0          3.0           5.6           3.1          3.3          0.00         3.08                        8.6  20  14                10.1                4.5                                   14.6          3.3      14.6
   1   7  11  12   5             3.0          3.0           5.2           2.9          3.3          0.00         2.92                        8.1  20  14                10.1                4.5                                   14.6          3.3      14.6
   1   7  11  12   6             3.0          3.0           5.0           2.7          3.3          0.00         2.66                        7.6  20  14                10.1                4.5                                   14.6          3.3      14.6
   1   7  11  12   7             3.0          3.0           4.8           2.7          3.3          0.00         2.66                        7.5  20  14                10.1                4.5                                   14.6          3.3      14.6
   1   7  11  12   8             3.0          3.0           4.7           2.7          3.3          0.00         2.66                        7.4  20  14                10.1                4.5                                   14.6          3.3      14.6
   1   7  11  12   9             3.0          3.0           4.7           2.7          3.3          0.00         2.66                        7.3  20  14                10.1                4.5                                   14.6          3.3      14.6
   1   7  11  12  10             3.0          3.0           4.8           2.7          3.3          0.14         2.80                        7.6  20  14                10.1                4.5                                   14.6          3.3      14.6
   1   7  11  12  11             3.0          3.0           5.0           2.7          3.3          0.32         2.98                        8.0  20  14                10.1                4.5                                   14.6          3.3      14.6
   1   7  11  12  12             3.0          3.0           5.4           2.7          3.3          0.50         3.16                        8.5  20  14                10.1                4.5                                   14.6          3.3      14.6
   1   7  11  12  13             3.0          3.0           5.9           2.7          3.3          0.69         3.35                        9.2  20  14                10.1                4.5                                   14.6          3.3      14.6
   1   7  11  12  14             3.0          3.0           6.4           2.7          3.3          0.88         3.54                       10.0  20  14                10.1                4.5                                   14.6          3.3      14.6
   1   7  11  13   1             3.0          3.0           7.4           3.3          3.3          0.00         3.30                       10.7  20  14                10.1                4.5                                   14.6          3.3      14.6
   1   7  11  13   2             3.0          3.0           6.8           3.3          3.3          0.00         3.27                       10.1  20  14                10.1                4.5                                   14.6          3.3      14.6
   1   7  11  13   3             3.0          3.0           6.3           3.2          3.3          0.00         3.19                        9.5  20  14                10.1                4.5                                   14.6          3.3      14.6
   1   7  11  13   4             3.0          3.0           5.9           3.1          3.3          0.00         3.08                        9.0  20  14                10.1                4.5                                   14.6          3.3      14.6
   1   7  11  13   5             3.0          3.0           5.6           2.9          3.3          0.00         2.92                        8.5  20  14                10.1                4.5                                   14.6          3.3      14.6
   1   7  11  13   6             3.0          3.0           5.4           2.9          3.3          0.00         2.92                        8.3  20  14                10.1                4.5                                   14.6          3.3      14.6
   1   7  11  13   7             3.0          3.0           5.2           2.9          3.3          0.00         2.92                        8.1  20  14                10.1                4.5                                   14.6          3.3      14.6
   1   7  11  13   8             3.0          3.0           5.1           2.9          3.3          0.00         2.92                        8.0  20  14                10.1                4.5                                   14.6          3.3      14.6
   1   7  11  13   9             3.0          3.0           5.1           2.9          3.3          0.04         2.96                        8.1  20  14                10.1                4.5                                   14.6          3.3      14.6
   1   7  11  13  10             3.0          3.0           5.2           2.9          3.3          0.20         3.12                        8.4  20  14                10.1                4.5                                   14.6          3.3      14.6
   1   7  11  13  11             3.0          3.0           5.5           2.9          3.3          0.37         3.29                        8.8  20  14                10.1                4.5                                   14.6          3.3      14.6
   1   7  11  13  12             3.0          3.0           5.8           2.9          3.3          0.55         3.47                        9.3  20  14                10.1                4.5                                   14.6          3.3      14.6
   1   7  11  13  13             3.0          3.0           6.3           2.9          3.3          0.73         3.65                        9.9  20  14                10.1                4.5                                   14.6          3.3      14.6
   1   7  11  13  14             3.0          3.0           6.8           2.9          3.3          0.92         3.84                       10.7  20  14                10.1                4.5                                   14.6          3.3      14.6
   1   7  11  14   1             3.0          3.0           7.7           3.3          3.3          0.00         3.30                       11.0  20  14                10.1                4.5                                   14.6          3.3      14.6
   1   7  11  14   2             3.0          3.0           7.2           3.3          3.3          0.00         3.27                       10.4  20  14                10.1                4.5                                   14.6          3.3      14.6
   1   7  11  14   3             3.0          3.0           6.7           3.2          3.3          0.00         3.19                        9.9  20  14                10.1                4.5                                   14.6          3.3      14.6
   1   7  11  14   4             3.0          3.0           6.3           3.1          3.3          0.00         3.08                        9.4  20  14                10.1                4.5                                   14.6          3.3      14.6
   1   7  11  14   5             3.0          3.0           6.0           3.1          3.3          0.00         3.08                        9.1  20  14                10.1                4.5                                   14.6          3.3      14.6
   1   7  11  14   6             3.0          3.0           5.8           3.1          3.3          0.00         3.08                        8.9  20  14                10.1                4.5                                   14.6          3.3      14.6
   1   7  11  14   7             3.0          3.0           5.6           3.1          3.3          0.00         3.08                        8.7  20  14                10.1                4.5                                   14.6          3.3      14.6
   1   7  11  14   8             3.0          3.0           5.6           3.1          3.3          0.00         3.08                        8.7  20  14                10.1                4.5                                   14.6          3.3      14.6
   1   7  11  14   9             3.0          3.0           5.6           3.1          3.3          0.12         3.20                        8.8  20  14                10.1                4.5                                   14.6          3.3      14.6
   1   7  11  14  10             3.0          3.0           5.7           3.1          3.3          0.27         3.35                        9.1  20  14                10.1                4.5                                   14.6          3.3      14.6
   1   7  11  14  11             3.0          3.0           6.0           3.1          3.3          0.44         3.52                        9.5  20  14                10.1                4.5                                   14.6          3.3      14.6
   1   7  11  14  12             3.0          3.0           6.3           3.1          3.3          0.61         3.69                       10.0  20  14                10.1                4.5                                   14.6          3.3      14.6
   1   7  11  14  13             3.0          3.0           6.7           3.1          3.3          0.79         3.87                       10.6  20  14                10.1                4.5                                   14.6          3.3      14.6
   1   7  11  14  14             3.0          3.0           7.2           3.1          3.3          0.98         4.05                       11.3  20  14                10.1                4.5                                   14.6          3.3      14.6
   1   7  11  15   1             3.0          3.0           8.1           3.3          3.3          0.00         3.30                       11.4  20  14                10.1                4.5                                   14.6          3.3      14.6
   1   7  11  15   2             3.0          3.0           7.6           3.3          3.3          0.00         3.27                       10.8  20  14                10.1                4.5                                   14.6          3.3      14.6
   1   7  11  15   3             3.0          3.0           7.1           3.2          3.3          0.00         3.19                       10.3  20  14                10.1                4.5                                   14.6          3.3      14.6
   1   7  11  15   4             3.0          3.0           6.8           3.2          3.3          0.00         3.19                       10.0  20  14                10.1                4.5                                   14.6          3.3      14.6
   1   7  11  15   5             3.0          3.0           6.5           3.2          3.3          0.00         3.19                        9.7  20  14                10.1                4.5                                   14.6          3.3      14.6
   1   7  11  15   6             3.0          3.0           6.3           3.2          3.3          0.00         3.19                        9.5  20  14                10.1                4.5                                   14.6          3.3      14.6
   1   7  11  15   7             3.0          3.0           6.1           3.2          3.3          0.00         3.19                        9.3  20  14                10.1                4.5                                   14.6          3.3      14.6
   1   7  11  15   8             3.0          3.0           6.1           3.2          3.3          0.08         3.27                        9.3  20  14                10.1                4.5                                   14.6          3.3      14.6
   1   7  11  15   9             3.0          3.0           6.1           3.2          3.3          0.21         3.41                        9.5  20  14                10.1                4.5                                   14.6          3.3      14.6
   1   7  11  15  10             3.0          3.0           6.2           3.2          3.3          0.36         3.55                        9.8  20  14                10.1                4.5                                   14.6          3.3      14.6
   1   7  11  15  11             3.0          3.0           6.4           3.2          3.3          0.52         3.71                       10.2  20  14                10.1                4.5                                   14.6          3.3      14.6
   1   7  11  15  12             3.0          3.0           6.8           3.2          3.3          0.68         3.88                       10.6  20  14                10.1                4.5                                   14.6          3.3      14.6
   1   7  11  15  13             3.0          3.0           7.2           3.2          3.3          0.86         4.05                       11.2  20  14                10.1                4.5                                   14.6          3.3      14.6
   1   7  11  15  14             3.0          3.0           7.6           3.2          3.3          1.04         4.23                       11.9  20  14                10.1                4.5                                   14.6          3.3      14.6
   1   7  11  16   1             3.0          3.0           8.5           3.3          3.3          0.00         3.30                       11.8  20  14                10.1                4.5                                   14.6          3.3      14.6
   1   7  11  16   2             3.0          3.0           8.0           3.3          3.3          0.00         3.27                       11.3  20  14                10.1                4.5                                   14.6          3.3      14.6
   1   7  11  16   3             3.0          3.0           7.6           3.3          3.3          0.00         3.27                       10.8  20  14                10.1                4.5                                   14.6          3.3      14.6
   1   7  11  16   4             3.0          3.0           7.2           3.3          3.3          0.00         3.27                       10.5  20  14                10.1                4.5                                   14.6          3.3      14.6
   1   7  11  16   5             3.0          3.0           7.0           3.3          3.3          0.00         3.27                       10.2  20  14                10.1                4.5                                   14.6          3.3      14.6
   1   7  11  16   6             3.0          3.0           6.7           3.3          3.3          0.00         3.27                       10.0  20  14                10.1                4.5                                   14.6          3.3      14.6
   1   7  11  16   7             3.0          3.0           6.6           3.3          3.3          0.08         3.34                       10.0  20  14                10.1                4.5                                   14.6          3.3      14.6
   1   7  11  16   8             3.0          3.0           6.6           3.3          3.3          0.18         3.45                       10.0  20  14                10.1                4.5                                   14.6          3.3      14.6
   1   7  11  16   9             3.0          3.0           6.6           3.3          3.3          0.31         3.58                       10.2  20  14                10.1                4.5                                   14.6          3.3      14.6
   1   7  11  16  10             3.0          3.0           6.7           3.3          3.3          0.45         3.72                       10.5  20  14                10.1                4.5                                   14.6          3.3      14.6
   1   7  11  16  11             3.0          3.0           7.0           3.3          3.3          0.60         3.87                       10.8  20  14                10.1                4.5                                   14.6          3.3      14.6
   1   7  11  16  12             3.0          3.0           7.3           3.3          3.3          0.76         4.03                       11.3  20  14                10.1                4.5                                   14.6          3.3      14.6
   1   7  11  16  13             3.0          3.0           7.6           3.3          3.3          0.93         4.20                       11.8  20  14                10.1                4.5                                   14.6          3.3      14.6
   1   7  11  16  14             3.0          3.0           8.1           3.3          3.3          1.11         4.37                       12.5  20  14                10.1                4.5                                   14.6          3.3      14.6
   1   7  11  17   1             3.0          3.0           8.9           3.3          3.3          0.09         3.39                       12.3  20  14                10.1                4.5                                   14.6          3.3      14.6
   1   7  11  17   2             3.0          3.0           8.5           3.3          3.3          0.04         3.34                       11.8  20  14                10.1                4.5                                   14.6          3.3      14.6
   1   7  11  17   3             3.0          3.0           8.1           3.3          3.3          0.02         3.32                       11.4  20  14                10.1                4.5                                   14.6          3.3      14.6
   1   7  11  17   4             3.0          3.0           7.7           3.3          3.3          0.02         3.33                       11.0  20  14                10.1                4.5                                   14.6          3.3      14.6
   1   7  11  17   5             3.0          3.0           7.5           3.3          3.3          0.06         3.36                       10.8  20  14                10.1                4.5                                   14.6          3.3      14.6
   1   7  11  17   6             3.0          3.0           7.3           3.3          3.3          0.12         3.42                       10.7  20  14                10.1                4.5                                   14.6          3.3      14.6
   1   7  11  17   7             3.0          3.0           7.1           3.3          3.3          0.20         3.50                       10.6  20  14                10.1                4.5                                   14.6          3.3      14.6
   1   7  11  17   8             3.0          3.0           7.1           3.3          3.3          0.30         3.60                       10.7  20  14                10.1                4.5                                   14.6          3.3      14.6
   1   7  11  17   9             3.0          3.0           7.2           3.3          3.3          0.42         3.72                       10.9  20  14                10.1                4.5                                   14.6          3.3      14.6
   1   7  11  17  10             3.0          3.0           7.3           3.3          3.3          0.55         3.85                       11.1  20  14                10.1                4.5                                   14.6          3.3      14.6
   1   7  11  17  11             3.0          3.0           7.5           3.3          3.3          0.70         4.00                       11.5  20  14                10.1                4.5                                   14.6          3.3      14.6
   1   7  11  17  12             3.0          3.0           7.8           3.3          3.3          0.85         4.15                       11.9  20  14                10.1                4.5                                   14.6          3.3      14.6
   1   7  11  17  13             3.0          3.0           8.1           3.3          3.3          1.01         4.32                       12.4  20  14                10.1                4.5                                   14.6          3.3      14.6
   1   7  11  17  14             3.0          3.0           8.6           3.3          3.3          1.18         4.49                       13.1  20  14                10.1                4.5                                   14.6          3.3      14.6
   1   7  11  18   1             3.0          3.0           9.4           3.2          3.3          0.22         3.47                       12.8  20  14                10.1                4.5                                   14.6          3.3      14.6
   1   7  11  18   2             3.0          3.0           8.9           3.2          3.3          0.18         3.43                       12.4  20  14                10.1                4.5                                   14.6          3.3      14.6
   1   7  11  18   3             3.0          3.0           8.5           3.2          3.3          0.16         3.41                       12.0  20  14                10.1                4.5                                   14.6          3.3      14.6
   1   7  11  18   4             3.0          3.0           8.2           3.2          3.3          0.16         3.41                       11.6  20  14                10.1                4.5                                   14.6          3.3      14.6
   1   7  11  18   5             3.0          3.0           8.0           3.2          3.3          0.19         3.44                       11.4  20  14                10.1                4.5                                   14.6          3.3      14.6
   1   7  11  18   6             3.0          3.0           7.8           3.2          3.3          0.25         3.50                       11.3  20  14                10.1                4.5                                   14.6          3.3      14.6
   1   7  11  18   7             3.0          3.0           7.7           3.2          3.3          0.32         3.57                       11.3  20  14                10.1                4.5                                   14.6          3.3      14.6
   1   7  11  18   8             3.0          3.0           7.7           3.2          3.3          0.42         3.67                       11.3  20  14                10.1                4.5                                   14.6          3.3      14.6
   1   7  11  18   9             3.0          3.0           7.7           3.2          3.3          0.53         3.78                       11.5  20  14                10.1                4.5                                   14.6          3.3      14.6
   1   7  11  18  10             3.0          3.0           7.8           3.2          3.3          0.66         3.91                       11.7  20  14                10.1                4.5                                   14.6          3.3      14.6
   1   7  11  18  11             3.0          3.0           8.0           3.2          3.3          0.80         4.05                       12.1  20  14                10.1                4.5                                   14.6          3.3      14.6
   1   7  11  18  12             3.0          3.0           8.3           3.2          3.3          0.95         4.19                       12.5  20  14                10.1                4.5                                   14.6          3.3      14.6
   1   7  11  18  13             3.0          3.0           8.6           3.2          3.3          1.10         4.35                       13.0  20  14                10.1                4.5                                   14.6          3.3      14.6
   1   7  11  18  14             3.0          3.0           9.0           3.2          3.3          1.27         4.52                       13.6  20  14                10.1                4.5                                   14.6          3.3      14.6
   1   7  11  19   1             3.0          3.0           9.8           3.2          3.3          0.36         3.53                       13.4  20  14                10.1                4.5                                   14.6          3.3      14.6
   1   7  11  19   2             3.0          3.0           9.4           3.2          3.3          0.32         3.49                       12.9  20  14                10.1                4.5                                   14.6          3.3      14.6
   1   7  11  19   3             3.0          3.0           9.1           3.2          3.3          0.30         3.47                       12.5  20  14                10.1                4.5                                   14.6          3.3      14.6
   1   7  11  19   4             3.0          3.0           8.7           3.2          3.3          0.31         3.48                       12.2  20  14                10.1                4.5                                   14.6          3.3      14.6
   1   7  11  19   5             3.0          3.0           8.5           3.2          3.3          0.33         3.50                       12.0  20  14                10.1                4.5                                   14.6          3.3      14.6
   1   7  11  19   6             3.0          3.0           8.3           3.2          3.3          0.38         3.55                       11.9  20  14                10.1                4.5                                   14.6          3.3      14.6
   1   7  11  19   7             3.0          3.0           8.2           3.2          3.3          0.46         3.62                       11.9  20  14                10.1                4.5                                   14.6          3.3      14.6
   1   7  11  19   8             3.0          3.0           8.2           3.2          3.3          0.55         3.71                       11.9  20  14                10.1                4.5                                   14.6          3.3      14.6
   1   7  11  19   9             3.0          3.0           8.3           3.2          3.3          0.65         3.82                       12.1  20  14                10.1                4.5                                   14.6          3.3      14.6
   1   7  11  19  10             3.0          3.0           8.4           3.2          3.3          0.77         3.94                       12.3  20  14                10.1                4.5                                   14.6          3.3      14.6
   1   7  11  19  11             3.0          3.0           8.6           3.2          3.3          0.90         4.07                       12.6  20  14                10.1                4.5                                   14.6          3.3      14.6
   1   7  11  19  12             3.0          3.0           8.8           3.2          3.3          1.05         4.22                       13.0  20  14                10.1                4.5                                   14.6          3.3      14.6
   1   7  11  19  13             3.0          3.0           9.2           3.2          3.3          1.20         4.37                       13.5  20  14                10.1                4.5                                   14.6          3.3      14.6
   1   7  11  19  14             3.0          3.0           9.5           3.2          3.3          1.36         4.53                       14.1  20  14                10.1                4.5                                   14.6          3.3      14.6
   1   7  11  20   1             3.0          3.0          10.3           3.1          3.3          0.50         3.56                       13.9  20  14                10.1                4.5                                   14.6          3.3      14.6
   1   7  11  20   2             3.0          3.0           9.9           3.1          3.3          0.46         3.52                       13.4  20  14                10.1                4.5                                   14.6          3.3      14.6
   1   7  11  20   3             3.0          3.0           9.6           3.1          3.3          0.45         3.50                       13.1  20  14                10.1                4.5                                   14.6          3.3      14.6
   1   7  11  20   4             3.0          3.0           9.3           3.1          3.3          0.45         3.51                       12.8  20  14                10.1                4.5                                   14.6          3.3      14.6
   1   7  11  20   5             3.0          3.0           9.1           3.1          3.3          0.48         3.54                       12.6  20  14                10.1                4.5                                   14.6          3.3      14.6
   1   7  11  20   6             3.0          3.0           8.9           3.1          3.3          0.52         3.58                       12.5  20  14                10.1                4.5                                   14.6          3.3      14.6
   1   7  11  20   7             3.0          3.0           8.8           3.1          3.3          0.59         3.65                       12.5  20  14                10.1                4.5                                   14.6          3.3      14.6
   1   7  11  20   8             3.0          3.0           8.8           3.1          3.3          0.68         3.73                       12.5  20  14                10.1                4.5                                   14.6          3.3      14.6
   1   7  11  20   9             3.0          3.0           8.8           3.1          3.3          0.78         3.83                       12.7  20  14                10.1                4.5                                   14.6          3.3      14.6
   1   7  11  20  10             3.0          3.0           8.9           3.1          3.3          0.89         3.95                       12.9  20  14                10.1                4.5                                   14.6          3.3      14.6
   1   7  11  20  11             3.0          3.0           9.1           3.1          3.3          1.02         4.07                       13.2  20  14                10.1                4.5                                   14.6          3.3      14.6
   1   7  11  20  12             3.0          3.0           9.4           3.1          3.3          1.15         4.21                       13.6  20  14                10.1                4.5                                   14.6          3.3      14.6
   1   7  11  20  13             3.0          3.0           9.7           3.1          3.3          1.30         4.36                       14.0  20  14                10.1                4.5                                   14.6          3.3      14.6
   1   7  11  20  14             3.0          3.0          10.1           3.1          3.3          1.45         4.51                       14.6  20  14                10.1                4.5                                   14.6          3.3      14.6
