**********************************************
*******  Husid Time Series ************
*** Site #   1
*** trial    1
Input Parameters file =  aqk_0604_y_parameters.out                                                                                               
  4096 samples
dt:  0.010 sec
data format: (1x,f8.3,1p,2x,e11.4)
 Arias intensity =   2.301E+02
 75%-5% duration =   3.340E+00
fault Dis.(km)=    5.06
Hypo  Dis.(km)=   11.45
     time       husid
    0.000  0.0000E+00
    0.010  0.0000E+00
    0.020  0.0000E+00
    0.030  0.0000E+00
    0.040  0.0000E+00
    0.050  0.0000E+00
    0.060  0.0000E+00
    0.070  0.0000E+00
    0.080  0.0000E+00
    0.090  0.0000E+00
    0.100  0.0000E+00
    0.110  0.0000E+00
    0.120  0.0000E+00
    0.130  0.0000E+00
    0.140  0.0000E+00
    0.150  0.0000E+00
    0.160  0.0000E+00
    0.170  0.0000E+00
    0.180  0.0000E+00
    0.190  0.0000E+00
    0.200  0.0000E+00
    0.210  0.0000E+00
    0.220  0.0000E+00
    0.230  0.0000E+00
    0.240  0.0000E+00
    0.250  0.0000E+00
    0.260  0.0000E+00
    0.270  0.0000E+00
    0.280  0.0000E+00
    0.290  0.0000E+00
    0.300  0.0000E+00
    0.310  1.0371E-08
    0.320  5.0587E-08
    0.330  1.0886E-07
    0.340  1.8118E-07
    0.350  2.6115E-07
    0.360  3.4261E-07
    0.370  4.2126E-07
    0.380  4.9485E-07
    0.390  5.6266E-07
    0.400  6.2536E-07
    0.410  6.8511E-07
    0.420  7.4513E-07
    0.430  8.0825E-07
    0.440  8.7497E-07
    0.450  9.4242E-07
    0.460  1.0048E-06
    0.470  1.0553E-06
    0.480  1.0887E-06
    0.490  1.1045E-06
    0.500  1.1084E-06
    0.510  1.1087E-06
    0.520  1.1119E-06
    0.530  1.1204E-06
    0.540  1.1349E-06
    0.550  1.1567E-06
    0.560  1.1893E-06
    0.570  1.2372E-06
    0.580  1.3093E-06
    0.590  1.4145E-06
    0.600  1.5585E-06
    0.610  1.7459E-06
    0.620  1.9758E-06
    0.630  2.2430E-06
    0.640  2.5421E-06
    0.650  2.8697E-06
    0.660  3.2214E-06
    0.670  3.5884E-06
    0.680  4.0585E-06
    0.690  4.6366E-06
    0.700  5.2136E-06
    0.710  5.7515E-06
    0.720  6.2139E-06
    0.730  6.5989E-06
    0.740  6.9153E-06
    0.750  7.1769E-06
    0.760  7.3944E-06
    0.770  7.4594E-06
    0.780  7.4627E-06
    0.790  7.4839E-06
    0.800  7.5393E-06
    0.810  7.6358E-06
    0.820  7.7641E-06
    0.830  7.9011E-06
    0.840  8.0213E-06
    0.850  8.1103E-06
    0.860  8.1695E-06
    0.870  8.2093E-06
    0.880  8.2395E-06
    0.890  8.2658E-06
    0.900  8.3637E-06
    0.910  8.5815E-06
    0.920  8.8371E-06
    0.930  9.2511E-06
    0.940  9.8952E-06
    0.950  1.0688E-05
    0.960  1.1628E-05
    0.970  1.2696E-05
    0.980  1.3864E-05
    0.990  1.5098E-05
    1.000  1.6362E-05
    1.010  1.7605E-05
    1.020  1.8776E-05
    1.030  1.9830E-05
    1.040  2.0740E-05
    1.050  2.1489E-05
    1.060  2.2194E-05
    1.070  2.2855E-05
    1.080  2.3380E-05
    1.090  2.3799E-05
    1.100  2.4123E-05
    1.110  2.4345E-05
    1.120  2.4462E-05
    1.130  2.4494E-05
    1.140  2.4499E-05
    1.150  2.4553E-05
    1.160  2.4715E-05
    1.170  2.5011E-05
    1.180  2.5396E-05
    1.190  2.5795E-05
    1.200  2.6146E-05
    1.210  2.6427E-05
    1.220  2.6647E-05
    1.230  2.6833E-05
    1.240  2.7000E-05
    1.250  2.7132E-05
    1.260  2.7199E-05
    1.270  2.7212E-05
    1.280  2.7222E-05
    1.290  2.7310E-05
    1.300  2.7571E-05
    1.310  2.8096E-05
    1.320  2.8936E-05
    1.330  2.9422E-05
    1.340  2.9464E-05
    1.350  2.9466E-05
    1.360  2.9469E-05
    1.370  2.9471E-05
    1.380  2.9471E-05
    1.390  2.9473E-05
    1.400  2.9506E-05
    1.410  2.9601E-05
    1.420  2.9735E-05
    1.430  2.9896E-05
    1.440  3.0081E-05
    1.450  3.0304E-05
    1.460  3.0586E-05
    1.470  3.0950E-05
    1.480  3.1467E-05
    1.490  3.2391E-05
    1.500  3.3723E-05
    1.510  3.5163E-05
    1.520  3.6608E-05
    1.530  3.7968E-05
    1.540  3.9228E-05
    1.550  4.0333E-05
    1.560  4.1241E-05
    1.570  4.1979E-05
    1.580  4.2580E-05
    1.590  4.3274E-05
    1.600  4.4003E-05
    1.610  4.4605E-05
    1.620  4.5178E-05
    1.630  4.5674E-05
    1.640  4.6022E-05
    1.650  4.6193E-05
    1.660  4.6231E-05
    1.670  4.6241E-05
    1.680  4.6343E-05
    1.690  4.6632E-05
    1.700  4.7153E-05
    1.710  4.7903E-05
    1.720  4.8864E-05
    1.730  5.0105E-05
    1.740  5.1620E-05
    1.750  5.3727E-05
    1.760  5.6377E-05
    1.770  5.8887E-05
    1.780  6.1002E-05
    1.790  6.2122E-05
    1.800  6.2441E-05
    1.810  6.2504E-05
    1.820  6.2518E-05
    1.830  6.2647E-05
    1.840  6.2955E-05
    1.850  6.3492E-05
    1.860  6.4351E-05
    1.870  6.5360E-05
    1.880  6.6303E-05
    1.890  6.7147E-05
    1.900  6.7819E-05
    1.910  6.8248E-05
    1.920  6.8437E-05
    1.930  6.8479E-05
    1.940  6.8484E-05
    1.950  6.8546E-05
    1.960  6.8753E-05
    1.970  6.9094E-05
    1.980  6.9605E-05
    1.990  7.0499E-05
    2.000  7.1840E-05
    2.010  7.3570E-05
    2.020  7.5645E-05
    2.030  7.7982E-05
    2.040  8.0460E-05
    2.050  8.2783E-05
    2.060  8.4887E-05
    2.070  8.6923E-05
    2.080  8.8884E-05
    2.090  9.0767E-05
    2.100  9.2649E-05
    2.110  9.4521E-05
    2.120  9.6289E-05
    2.130  9.7919E-05
    2.140  9.9353E-05
    2.150  1.0052E-04
    2.160  1.0137E-04
    2.170  1.0194E-04
    2.180  1.0223E-04
    2.190  1.0231E-04
    2.200  1.0232E-04
    2.210  1.0247E-04
    2.220  1.0306E-04
    2.230  1.0431E-04
    2.240  1.0596E-04
    2.250  1.0786E-04
    2.260  1.1001E-04
    2.270  1.1247E-04
    2.280  1.1531E-04
    2.290  1.1853E-04
    2.300  1.2157E-04
    2.310  1.2423E-04
    2.320  1.2660E-04
    2.330  1.2836E-04
    2.340  1.2938E-04
    2.350  1.2977E-04
    2.360  1.2984E-04
    2.370  1.2986E-04
    2.380  1.3003E-04
    2.390  1.3028E-04
    2.400  1.3058E-04
    2.410  1.3089E-04
    2.420  1.3113E-04
    2.430  1.3134E-04
    2.440  1.3146E-04
    2.450  1.3150E-04
    2.460  1.3150E-04
    2.470  1.3151E-04
    2.480  1.3152E-04
    2.490  1.3156E-04
    2.500  1.3180E-04
    2.510  1.3232E-04
    2.520  1.3313E-04
    2.530  1.3359E-04
    2.540  1.3377E-04
    2.550  1.3401E-04
    2.560  1.3426E-04
    2.570  1.3453E-04
    2.580  1.3509E-04
    2.590  1.3621E-04
    2.600  1.3812E-04
    2.610  1.4129E-04
    2.620  1.4611E-04
    2.630  1.5275E-04
    2.640  1.6104E-04
    2.650  1.7044E-04
    2.660  1.8029E-04
    2.670  1.9003E-04
    2.680  1.9935E-04
    2.690  2.0881E-04
    2.700  2.1880E-04
    2.710  2.2907E-04
    2.720  2.3956E-04
    2.730  2.4987E-04
    2.740  2.5973E-04
    2.750  2.6887E-04
    2.760  2.7678E-04
    2.770  2.8314E-04
    2.780  2.8781E-04
    2.790  2.9080E-04
    2.800  2.9235E-04
    2.810  2.9308E-04
    2.820  2.9334E-04
    2.830  2.9337E-04
    2.840  2.9371E-04
    2.850  2.9461E-04
    2.860  2.9625E-04
    2.870  2.9885E-04
    2.880  3.0309E-04
    2.890  3.0981E-04
    2.900  3.1934E-04
    2.910  3.3208E-04
    2.920  3.4859E-04
    2.930  3.6897E-04
    2.940  3.9271E-04
    2.950  4.1780E-04
    2.960  4.4170E-04
    2.970  4.6315E-04
    2.980  4.8205E-04
    2.990  4.9869E-04
    3.000  5.1347E-04
    3.010  5.2457E-04
    3.020  5.3189E-04
    3.030  5.3705E-04
    3.040  5.4015E-04
    3.050  5.4153E-04
    3.060  5.4182E-04
    3.070  5.4198E-04
    3.080  5.4347E-04
    3.090  5.4785E-04
    3.100  5.5590E-04
    3.110  5.6712E-04
    3.120  5.7978E-04
    3.130  5.9187E-04
    3.140  6.0209E-04
    3.150  6.1021E-04
    3.160  6.1560E-04
    3.170  6.1870E-04
    3.180  6.2058E-04
    3.190  6.2154E-04
    3.200  6.2189E-04
    3.210  6.2194E-04
    3.220  6.2200E-04
    3.230  6.2242E-04
    3.240  6.2405E-04
    3.250  6.2759E-04
    3.260  6.3409E-04
    3.270  6.4444E-04
    3.280  6.5772E-04
    3.290  6.7356E-04
    3.300  6.9125E-04
    3.310  7.0976E-04
    3.320  7.2911E-04
    3.330  7.5000E-04
    3.340  7.7229E-04
    3.350  7.9533E-04
    3.360  8.1799E-04
    3.370  8.3914E-04
    3.380  8.5778E-04
    3.390  8.7417E-04
    3.400  8.8746E-04
    3.410  8.9638E-04
    3.420  9.0144E-04
    3.430  9.0360E-04
    3.440  9.0410E-04
    3.450  9.0417E-04
    3.460  9.0503E-04
    3.470  9.0755E-04
    3.480  9.1187E-04
    3.490  9.1762E-04
    3.500  9.2450E-04
    3.510  9.3331E-04
    3.520  9.4426E-04
    3.530  9.5702E-04
    3.540  9.7193E-04
    3.550  9.8848E-04
    3.560  1.0062E-03
    3.570  1.0239E-03
    3.580  1.0401E-03
    3.590  1.0543E-03
    3.600  1.0664E-03
    3.610  1.0760E-03
    3.620  1.0835E-03
    3.630  1.0888E-03
    3.640  1.0922E-03
    3.650  1.0940E-03
    3.660  1.0946E-03
    3.670  1.0946E-03
    3.680  1.0949E-03
    3.690  1.0961E-03
    3.700  1.0987E-03
    3.710  1.1026E-03
    3.720  1.1076E-03
    3.730  1.1132E-03
    3.740  1.1190E-03
    3.750  1.1250E-03
    3.760  1.1316E-03
    3.770  1.1381E-03
    3.780  1.1424E-03
    3.790  1.1440E-03
    3.800  1.1444E-03
    3.810  1.1446E-03
    3.820  1.1446E-03
    3.830  1.1447E-03
    3.840  1.1448E-03
    3.850  1.1448E-03
    3.860  1.1450E-03
    3.870  1.1462E-03
    3.880  1.1489E-03
    3.890  1.1541E-03
    3.900  1.1622E-03
    3.910  1.1740E-03
    3.920  1.1900E-03
    3.930  1.2111E-03
    3.940  1.2348E-03
    3.950  1.2578E-03
    3.960  1.2799E-03
    3.970  1.2997E-03
    3.980  1.3160E-03
    3.990  1.3278E-03
    4.000  1.3348E-03
    4.010  1.3375E-03
    4.020  1.3378E-03
    4.030  1.3383E-03
    4.040  1.3414E-03
    4.050  1.3488E-03
    4.060  1.3630E-03
    4.070  1.3873E-03
    4.080  1.4238E-03
    4.090  1.4734E-03
    4.100  1.5350E-03
    4.110  1.6075E-03
    4.120  1.6898E-03
    4.130  1.7846E-03
    4.140  1.8906E-03
    4.150  2.0014E-03
    4.160  2.1140E-03
    4.170  2.2276E-03
    4.180  2.3442E-03
    4.190  2.4663E-03
    4.200  2.5919E-03
    4.210  2.7117E-03
    4.220  2.8136E-03
    4.230  2.8907E-03
    4.240  2.9447E-03
    4.250  2.9816E-03
    4.260  3.0063E-03
    4.270  3.0224E-03
    4.280  3.0321E-03
    4.290  3.0379E-03
    4.300  3.0411E-03
    4.310  3.0422E-03
    4.320  3.0423E-03
    4.330  3.0430E-03
    4.340  3.0461E-03
    4.350  3.0527E-03
    4.360  3.0621E-03
    4.370  3.0723E-03
    4.380  3.0809E-03
    4.390  3.0869E-03
    4.400  3.0904E-03
    4.410  3.0920E-03
    4.420  3.0927E-03
    4.430  3.0928E-03
    4.440  3.0928E-03
    4.450  3.0932E-03
    4.460  3.0947E-03
    4.470  3.0981E-03
    4.480  3.1051E-03
    4.490  3.1188E-03
    4.500  3.1435E-03
    4.510  3.1825E-03
    4.520  3.2405E-03
    4.530  3.3221E-03
    4.540  3.4296E-03
    4.550  3.5578E-03
    4.560  3.6915E-03
    4.570  3.8158E-03
    4.580  3.9168E-03
    4.590  3.9880E-03
    4.600  4.0328E-03
    4.610  4.0582E-03
    4.620  4.0713E-03
    4.630  4.0783E-03
    4.640  4.0827E-03
    4.650  4.0855E-03
    4.660  4.0881E-03
    4.670  4.0906E-03
    4.680  4.0919E-03
    4.690  4.0925E-03
    4.700  4.0928E-03
    4.710  4.0931E-03
    4.720  4.0932E-03
    4.730  4.0934E-03
    4.740  4.0957E-03
    4.750  4.1020E-03
    4.760  4.1125E-03
    4.770  4.1272E-03
    4.780  4.1485E-03
    4.790  4.1808E-03
    4.800  4.2266E-03
    4.810  4.2825E-03
    4.820  4.3413E-03
    4.830  4.3977E-03
    4.840  4.4504E-03
    4.850  4.5021E-03
    4.860  4.5578E-03
    4.870  4.6210E-03
    4.880  4.6912E-03
    4.890  4.7632E-03
    4.900  4.8280E-03
    4.910  4.8749E-03
    4.920  4.8998E-03
    4.930  4.9082E-03
    4.940  4.9092E-03
    4.950  4.9095E-03
    4.960  4.9109E-03
    4.970  4.9129E-03
    4.980  4.9150E-03
    4.990  4.9171E-03
    5.000  4.9195E-03
    5.010  4.9231E-03
    5.020  4.9298E-03
    5.030  4.9408E-03
    5.040  4.9548E-03
    5.050  4.9690E-03
    5.060  4.9808E-03
    5.070  4.9881E-03
    5.080  4.9906E-03
    5.090  4.9908E-03
    5.100  4.9922E-03
    5.110  4.9964E-03
    5.120  5.0016E-03
    5.130  5.0048E-03
    5.140  5.0056E-03
    5.150  5.0060E-03
    5.160  5.0098E-03
    5.170  5.0214E-03
    5.180  5.0442E-03
    5.190  5.0800E-03
    5.200  5.1279E-03
    5.210  5.1825E-03
    5.220  5.2360E-03
    5.230  5.2804E-03
    5.240  5.3113E-03
    5.250  5.3275E-03
    5.260  5.3314E-03
    5.270  5.3326E-03
    5.280  5.3450E-03
    5.290  5.3754E-03
    5.300  5.4202E-03
    5.310  5.4740E-03
    5.320  5.5385E-03
    5.330  5.6213E-03
    5.340  5.7334E-03
    5.350  5.8826E-03
    5.360  6.0648E-03
    5.370  6.2680E-03
    5.380  6.4818E-03
    5.390  6.7007E-03
    5.400  6.9250E-03
    5.410  7.1508E-03
    5.420  7.3631E-03
    5.430  7.5559E-03
    5.440  7.7446E-03
    5.450  7.9517E-03
    5.460  8.1764E-03
    5.470  8.3799E-03
    5.480  8.5170E-03
    5.490  8.5808E-03
    5.500  8.6008E-03
    5.510  8.6059E-03
    5.520  8.6077E-03
    5.530  8.6090E-03
    5.540  8.6104E-03
    5.550  8.6110E-03
    5.560  8.6113E-03
    5.570  8.6163E-03
    5.580  8.6367E-03
    5.590  8.6805E-03
    5.600  8.7474E-03
    5.610  8.8338E-03
    5.620  8.9319E-03
    5.630  9.0210E-03
    5.640  9.0774E-03
    5.650  9.0965E-03
    5.660  9.0979E-03
    5.670  9.1060E-03
    5.680  9.1373E-03
    5.690  9.2084E-03
    5.700  9.3395E-03
    5.710  9.5314E-03
    5.720  9.7604E-03
    5.730  1.0009E-02
    5.740  1.0279E-02
    5.750  1.0572E-02
    5.760  1.0883E-02
    5.770  1.1212E-02
    5.780  1.1560E-02
    5.790  1.1950E-02
    5.800  1.2423E-02
    5.810  1.2953E-02
    5.820  1.3434E-02
    5.830  1.3768E-02
    5.840  1.3954E-02
    5.850  1.4043E-02
    5.860  1.4073E-02
    5.870  1.4076E-02
    5.880  1.4078E-02
    5.890  1.4089E-02
    5.900  1.4111E-02
    5.910  1.4144E-02
    5.920  1.4188E-02
    5.930  1.4262E-02
    5.940  1.4407E-02
    5.950  1.4652E-02
    5.960  1.4974E-02
    5.970  1.5314E-02
    5.980  1.5653E-02
    5.990  1.6011E-02
    6.000  1.6396E-02
    6.010  1.6778E-02
    6.020  1.7078E-02
    6.030  1.7259E-02
    6.040  1.7369E-02
    6.050  1.7456E-02
    6.060  1.7534E-02
    6.070  1.7589E-02
    6.080  1.7610E-02
    6.090  1.7613E-02
    6.100  1.7614E-02
    6.110  1.7615E-02
    6.120  1.7616E-02
    6.130  1.7628E-02
    6.140  1.7678E-02
    6.150  1.7775E-02
    6.160  1.7904E-02
    6.170  1.8008E-02
    6.180  1.8036E-02
    6.190  1.8056E-02
    6.200  1.8198E-02
    6.210  1.8479E-02
    6.220  1.8827E-02
    6.230  1.9190E-02
    6.240  1.9531E-02
    6.250  1.9810E-02
    6.260  2.0028E-02
    6.270  2.0214E-02
    6.280  2.0384E-02
    6.290  2.0537E-02
    6.300  2.0653E-02
    6.310  2.0730E-02
    6.320  2.0777E-02
    6.330  2.0792E-02
    6.340  2.0797E-02
    6.350  2.0871E-02
    6.360  2.1118E-02
    6.370  2.1542E-02
    6.380  2.2050E-02
    6.390  2.2537E-02
    6.400  2.2885E-02
    6.410  2.3037E-02
    6.420  2.3062E-02
    6.430  2.3079E-02
    6.440  2.3227E-02
    6.450  2.3617E-02
    6.460  2.4257E-02
    6.470  2.5085E-02
    6.480  2.5957E-02
    6.490  2.6761E-02
    6.500  2.7499E-02
    6.510  2.8119E-02
    6.520  2.8516E-02
    6.530  2.8707E-02
    6.540  2.8776E-02
    6.550  2.8796E-02
    6.560  2.8806E-02
    6.570  2.8818E-02
    6.580  2.8822E-02
    6.590  2.8837E-02
    6.600  2.8923E-02
    6.610  2.9085E-02
    6.620  2.9295E-02
    6.630  2.9567E-02
    6.640  2.9930E-02
    6.650  3.0367E-02
    6.660  3.0820E-02
    6.670  3.1284E-02
    6.680  3.1787E-02
    6.690  3.2373E-02
    6.700  3.3104E-02
    6.710  3.4016E-02
    6.720  3.5023E-02
    6.730  3.5916E-02
    6.740  3.6506E-02
    6.750  3.6755E-02
    6.760  3.6803E-02
    6.770  3.6808E-02
    6.780  3.6861E-02
    6.790  3.7018E-02
    6.800  3.7377E-02
    6.810  3.8052E-02
    6.820  3.9004E-02
    6.830  4.0001E-02
    6.840  4.0853E-02
    6.850  4.1542E-02
    6.860  4.2099E-02
    6.870  4.2584E-02
    6.880  4.3074E-02
    6.890  4.3556E-02
    6.900  4.3948E-02
    6.910  4.4236E-02
    6.920  4.4470E-02
    6.930  4.4722E-02
    6.940  4.5075E-02
    6.950  4.5577E-02
    6.960  4.6189E-02
    6.970  4.6838E-02
    6.980  4.7498E-02
    6.990  4.8119E-02
    7.000  4.8562E-02
    7.010  4.8736E-02
    7.020  4.8756E-02
    7.030  4.9066E-02
    7.040  5.0304E-02
    7.050  5.2869E-02
    7.060  5.6638E-02
    7.070  6.1118E-02
    7.080  6.5620E-02
    7.090  6.9394E-02
    7.100  7.2071E-02
    7.110  7.3758E-02
    7.120  7.4688E-02
    7.130  7.5033E-02
    7.140  7.5064E-02
    7.150  7.5265E-02
    7.160  7.5903E-02
    7.170  7.6715E-02
    7.180  7.7314E-02
    7.190  7.7651E-02
    7.200  7.7880E-02
    7.210  7.8109E-02
    7.220  7.8345E-02
    7.230  7.8525E-02
    7.240  7.8616E-02
    7.250  7.8657E-02
    7.260  7.8696E-02
    7.270  7.8759E-02
    7.280  7.8838E-02
    7.290  7.8880E-02
    7.300  7.8889E-02
    7.310  7.9024E-02
    7.320  7.9418E-02
    7.330  8.0030E-02
    7.340  8.0749E-02
    7.350  8.1397E-02
    7.360  8.1801E-02
    7.370  8.1959E-02
    7.380  8.2000E-02
    7.390  8.2013E-02
    7.400  8.2016E-02
    7.410  8.2017E-02
    7.420  8.2019E-02
    7.430  8.2020E-02
    7.440  8.2041E-02
    7.450  8.2098E-02
    7.460  8.2153E-02
    7.470  8.2168E-02
    7.480  8.2176E-02
    7.490  8.2242E-02
    7.500  8.2374E-02
    7.510  8.2481E-02
    7.520  8.2502E-02
    7.530  8.2562E-02
    7.540  8.2930E-02
    7.550  8.3698E-02
    7.560  8.4652E-02
    7.570  8.5534E-02
    7.580  8.6133E-02
    7.590  8.6400E-02
    7.600  8.6473E-02
    7.610  8.6485E-02
    7.620  8.6488E-02
    7.630  8.6507E-02
    7.640  8.6634E-02
    7.650  8.7067E-02
    7.660  8.8084E-02
    7.670  8.9915E-02
    7.680  9.2624E-02
    7.690  9.6154E-02
    7.700  1.0025E-01
    7.710  1.0464E-01
    7.720  1.0891E-01
    7.730  1.1236E-01
    7.740  1.1456E-01
    7.750  1.1572E-01
    7.760  1.1628E-01
    7.770  1.1655E-01
    7.780  1.1668E-01
    7.790  1.1669E-01
    7.800  1.1698E-01
    7.810  1.1823E-01
    7.820  1.2091E-01
    7.830  1.2504E-01
    7.840  1.3026E-01
    7.850  1.3584E-01
    7.860  1.4082E-01
    7.870  1.4453E-01
    7.880  1.4693E-01
    7.890  1.4837E-01
    7.900  1.4922E-01
    7.910  1.4972E-01
    7.920  1.5001E-01
    7.930  1.5017E-01
    7.940  1.5026E-01
    7.950  1.5038E-01
    7.960  1.5058E-01
    7.970  1.5089E-01
    7.980  1.5133E-01
    7.990  1.5201E-01
    8.000  1.5294E-01
    8.010  1.5392E-01
    8.020  1.5472E-01
    8.030  1.5520E-01
    8.040  1.5538E-01
    8.050  1.5541E-01
    8.060  1.5543E-01
    8.070  1.5554E-01
    8.080  1.5570E-01
    8.090  1.5581E-01
    8.100  1.5585E-01
    8.110  1.5588E-01
    8.120  1.5599E-01
    8.130  1.5643E-01
    8.140  1.5743E-01
    8.150  1.5891E-01
    8.160  1.6061E-01
    8.170  1.6208E-01
    8.180  1.6299E-01
    8.190  1.6343E-01
    8.200  1.6360E-01
    8.210  1.6362E-01
    8.220  1.6367E-01
    8.230  1.6393E-01
    8.240  1.6448E-01
    8.250  1.6532E-01
    8.260  1.6647E-01
    8.270  1.6790E-01
    8.280  1.6962E-01
    8.290  1.7179E-01
    8.300  1.7471E-01
    8.310  1.7895E-01
    8.320  1.8461E-01
    8.330  1.9105E-01
    8.340  1.9750E-01
    8.350  2.0366E-01
    8.360  2.0970E-01
    8.370  2.1577E-01
    8.380  2.2192E-01
    8.390  2.2811E-01
    8.400  2.3367E-01
    8.410  2.3742E-01
    8.420  2.3902E-01
    8.430  2.3935E-01
    8.440  2.3936E-01
    8.450  2.3943E-01
    8.460  2.3958E-01
    8.470  2.3977E-01
    8.480  2.4003E-01
    8.490  2.4044E-01
    8.500  2.4096E-01
    8.510  2.4143E-01
    8.520  2.4179E-01
    8.530  2.4218E-01
    8.540  2.4275E-01
    8.550  2.4349E-01
    8.560  2.4437E-01
    8.570  2.4547E-01
    8.580  2.4708E-01
    8.590  2.4954E-01
    8.600  2.5262E-01
    8.610  2.5546E-01
    8.620  2.5753E-01
    8.630  2.5887E-01
    8.640  2.5965E-01
    8.650  2.6004E-01
    8.660  2.6018E-01
    8.670  2.6021E-01
    8.680  2.6021E-01
    8.690  2.6024E-01
    8.700  2.6047E-01
    8.710  2.6119E-01
    8.720  2.6242E-01
    8.730  2.6394E-01
    8.740  2.6557E-01
    8.750  2.6732E-01
    8.760  2.6915E-01
    8.770  2.7114E-01
    8.780  2.7367E-01
    8.790  2.7692E-01
    8.800  2.8038E-01
    8.810  2.8329E-01
    8.820  2.8534E-01
    8.830  2.8671E-01
    8.840  2.8768E-01
    8.850  2.8830E-01
    8.860  2.8850E-01
    8.870  2.8854E-01
    8.880  2.8910E-01
    8.890  2.9078E-01
    8.900  2.9336E-01
    8.910  2.9591E-01
    8.920  2.9802E-01
    8.930  2.9991E-01
    8.940  3.0176E-01
    8.950  3.0350E-01
    8.960  3.0486E-01
    8.970  3.0567E-01
    8.980  3.0603E-01
    8.990  3.0614E-01
    9.000  3.0616E-01
    9.010  3.0621E-01
    9.020  3.0662E-01
    9.030  3.0837E-01
    9.040  3.1273E-01
    9.050  3.2058E-01
    9.060  3.3190E-01
    9.070  3.4622E-01
    9.080  3.6292E-01
    9.090  3.8064E-01
    9.100  3.9743E-01
    9.110  4.1130E-01
    9.120  4.2164E-01
    9.130  4.2936E-01
    9.140  4.3559E-01
    9.150  4.4121E-01
    9.160  4.4672E-01
    9.170  4.5204E-01
    9.180  4.5700E-01
    9.190  4.6158E-01
    9.200  4.6551E-01
    9.210  4.6874E-01
    9.220  4.7142E-01
    9.230  4.7384E-01
    9.240  4.7632E-01
    9.250  4.7895E-01
    9.260  4.8146E-01
    9.270  4.8329E-01
    9.280  4.8417E-01
    9.290  4.8431E-01
    9.300  4.8456E-01
    9.310  4.8591E-01
    9.320  4.8852E-01
    9.330  4.9147E-01
    9.340  4.9346E-01
    9.350  4.9412E-01
    9.360  4.9416E-01
    9.370  4.9428E-01
    9.380  4.9461E-01
    9.390  4.9509E-01
    9.400  4.9566E-01
    9.410  4.9631E-01
    9.420  4.9707E-01
    9.430  4.9808E-01
    9.440  4.9966E-01
    9.450  5.0221E-01
    9.460  5.0589E-01
    9.470  5.1051E-01
    9.480  5.1585E-01
    9.490  5.2191E-01
    9.500  5.2866E-01
    9.510  5.3565E-01
    9.520  5.4214E-01
    9.530  5.4760E-01
    9.540  5.5175E-01
    9.550  5.5440E-01
    9.560  5.5564E-01
    9.570  5.5597E-01
    9.580  5.5601E-01
    9.590  5.5640E-01
    9.600  5.5756E-01
    9.610  5.5923E-01
    9.620  5.6078E-01
    9.630  5.6172E-01
    9.640  5.6208E-01
    9.650  5.6219E-01
    9.660  5.6227E-01
    9.670  5.6257E-01
    9.680  5.6371E-01
    9.690  5.6668E-01
    9.700  5.7226E-01
    9.710  5.8047E-01
    9.720  5.9000E-01
    9.730  5.9872E-01
    9.740  6.0540E-01
    9.750  6.1018E-01
    9.760  6.1371E-01
    9.770  6.1630E-01
    9.780  6.1805E-01
    9.790  6.1908E-01
    9.800  6.1954E-01
    9.810  6.1968E-01
    9.820  6.1970E-01
    9.830  6.1970E-01
    9.840  6.1971E-01
    9.850  6.1995E-01
    9.860  6.2135E-01
    9.870  6.2492E-01
    9.880  6.3051E-01
    9.890  6.3679E-01
    9.900  6.4235E-01
    9.910  6.4654E-01
    9.920  6.4944E-01
    9.930  6.5149E-01
    9.940  6.5303E-01
    9.950  6.5409E-01
    9.960  6.5463E-01
    9.970  6.5480E-01
    9.980  6.5483E-01
    9.990  6.5486E-01
   10.000  6.5500E-01
   10.010  6.5544E-01
   10.020  6.5609E-01
   10.030  6.5670E-01
   10.040  6.5724E-01
   10.050  6.5774E-01
   10.060  6.5820E-01
   10.070  6.5857E-01
   10.080  6.5887E-01
   10.090  6.5903E-01
   10.100  6.5905E-01
   10.110  6.5908E-01
   10.120  6.5916E-01
   10.130  6.5920E-01
   10.140  6.5921E-01
   10.150  6.5924E-01
   10.160  6.5935E-01
   10.170  6.5969E-01
   10.180  6.6034E-01
   10.190  6.6125E-01
   10.200  6.6222E-01
   10.210  6.6299E-01
   10.220  6.6350E-01
   10.230  6.6388E-01
   10.240  6.6413E-01
   10.250  6.6424E-01
   10.260  6.6425E-01
   10.270  6.6436E-01
   10.280  6.6504E-01
   10.290  6.6677E-01
   10.300  6.6990E-01
   10.310  6.7504E-01
   10.320  6.8281E-01
   10.330  6.9342E-01
   10.340  7.0641E-01
   10.350  7.2037E-01
   10.360  7.3348E-01
   10.370  7.4453E-01
   10.380  7.5355E-01
   10.390  7.6152E-01
   10.400  7.6976E-01
   10.410  7.7955E-01
   10.420  7.9139E-01
   10.430  8.0394E-01
   10.440  8.1463E-01
   10.450  8.2186E-01
   10.460  8.2608E-01
   10.470  8.2856E-01
   10.480  8.3035E-01
   10.490  8.3211E-01
   10.500  8.3398E-01
   10.510  8.3565E-01
   10.520  8.3676E-01
   10.530  8.3725E-01
   10.540  8.3735E-01
   10.550  8.3737E-01
   10.560  8.3748E-01
   10.570  8.3769E-01
   10.580  8.3789E-01
   10.590  8.3801E-01
   10.600  8.3802E-01
   10.610  8.3804E-01
   10.620  8.3811E-01
   10.630  8.3820E-01
   10.640  8.3829E-01
   10.650  8.3834E-01
   10.660  8.3835E-01
   10.670  8.3835E-01
   10.680  8.3835E-01
   10.690  8.3836E-01
   10.700  8.3836E-01
   10.710  8.3836E-01
   10.720  8.3836E-01
   10.730  8.3836E-01
   10.740  8.3838E-01
   10.750  8.3845E-01
   10.760  8.3860E-01
   10.770  8.3879E-01
   10.780  8.3892E-01
   10.790  8.3897E-01
   10.800  8.3898E-01
   10.810  8.3898E-01
   10.820  8.3901E-01
   10.830  8.3923E-01
   10.840  8.3990E-01
   10.850  8.4108E-01
   10.860  8.4261E-01
   10.870  8.4439E-01
   10.880  8.4650E-01
   10.890  8.4900E-01
   10.900  8.5159E-01
   10.910  8.5383E-01
   10.920  8.5556E-01
   10.930  8.5708E-01
   10.940  8.5879E-01
   10.950  8.6065E-01
   10.960  8.6220E-01
   10.970  8.6327E-01
   10.980  8.6406E-01
   10.990  8.6485E-01
   11.000  8.6581E-01
   11.010  8.6697E-01
   11.020  8.6815E-01
   11.030  8.6905E-01
   11.040  8.6956E-01
   11.050  8.6984E-01
   11.060  8.7002E-01
   11.070  8.7016E-01
   11.080  8.7034E-01
   11.090  8.7068E-01
   11.100  8.7139E-01
   11.110  8.7250E-01
   11.120  8.7378E-01
   11.130  8.7496E-01
   11.140  8.7586E-01
   11.150  8.7644E-01
   11.160  8.7674E-01
   11.170  8.7686E-01
   11.180  8.7690E-01
   11.190  8.7692E-01
   11.200  8.7694E-01
   11.210  8.7695E-01
   11.220  8.7696E-01
   11.230  8.7697E-01
   11.240  8.7702E-01
   11.250  8.7708E-01
   11.260  8.7716E-01
   11.270  8.7721E-01
   11.280  8.7723E-01
   11.290  8.7724E-01
   11.300  8.7727E-01
   11.310  8.7730E-01
   11.320  8.7733E-01
   11.330  8.7739E-01
   11.340  8.7750E-01
   11.350  8.7764E-01
   11.360  8.7775E-01
   11.370  8.7777E-01
   11.380  8.7780E-01
   11.390  8.7803E-01
   11.400  8.7866E-01
   11.410  8.7979E-01
   11.420  8.8135E-01
   11.430  8.8311E-01
   11.440  8.8471E-01
   11.450  8.8585E-01
   11.460  8.8651E-01
   11.470  8.8686E-01
   11.480  8.8709E-01
   11.490  8.8735E-01
   11.500  8.8773E-01
   11.510  8.8830E-01
   11.520  8.8916E-01
   11.530  8.9043E-01
   11.540  8.9228E-01
   11.550  8.9480E-01
   11.560  8.9784E-01
   11.570  9.0091E-01
   11.580  9.0359E-01
   11.590  9.0574E-01
   11.600  9.0726E-01
   11.610  9.0811E-01
   11.620  9.0849E-01
   11.630  9.0863E-01
   11.640  9.0866E-01
   11.650  9.0867E-01
   11.660  9.0867E-01
   11.670  9.0871E-01
   11.680  9.0884E-01
   11.690  9.0909E-01
   11.700  9.0930E-01
   11.710  9.0934E-01
   11.720  9.0944E-01
   11.730  9.0993E-01
   11.740  9.1083E-01
   11.750  9.1196E-01
   11.760  9.1329E-01
   11.770  9.1506E-01
   11.780  9.1757E-01
   11.790  9.2104E-01
   11.800  9.2531E-01
   11.810  9.2966E-01
   11.820  9.3326E-01
   11.830  9.3565E-01
   11.840  9.3686E-01
   11.850  9.3732E-01
   11.860  9.3747E-01
   11.870  9.3749E-01
   11.880  9.3751E-01
   11.890  9.3760E-01
   11.900  9.3780E-01
   11.910  9.3808E-01
   11.920  9.3841E-01
   11.930  9.3873E-01
   11.940  9.3901E-01
   11.950  9.3925E-01
   11.960  9.3947E-01
   11.970  9.3964E-01
   11.980  9.3976E-01
   11.990  9.3984E-01
   12.000  9.3990E-01
   12.010  9.3997E-01
   12.020  9.4005E-01
   12.030  9.4021E-01
   12.040  9.4049E-01
   12.050  9.4093E-01
   12.060  9.4149E-01
   12.070  9.4209E-01
   12.080  9.4269E-01
   12.090  9.4326E-01
   12.100  9.4377E-01
   12.110  9.4421E-01
   12.120  9.4456E-01
   12.130  9.4483E-01
   12.140  9.4503E-01
   12.150  9.4514E-01
   12.160  9.4519E-01
   12.170  9.4519E-01
   12.180  9.4520E-01
   12.190  9.4523E-01
   12.200  9.4537E-01
   12.210  9.4581E-01
   12.220  9.4666E-01
   12.230  9.4781E-01
   12.240  9.4904E-01
   12.250  9.5030E-01
   12.260  9.5159E-01
   12.270  9.5284E-01
   12.280  9.5398E-01
   12.290  9.5487E-01
   12.300  9.5540E-01
   12.310  9.5563E-01
   12.320  9.5572E-01
   12.330  9.5576E-01
   12.340  9.5580E-01
   12.350  9.5584E-01
   12.360  9.5589E-01
   12.370  9.5595E-01
   12.380  9.5604E-01
   12.390  9.5616E-01
   12.400  9.5630E-01
   12.410  9.5640E-01
   12.420  9.5644E-01
   12.430  9.5645E-01
   12.440  9.5646E-01
   12.450  9.5647E-01
   12.460  9.5648E-01
   12.470  9.5650E-01
   12.480  9.5652E-01
   12.490  9.5653E-01
   12.500  9.5653E-01
   12.510  9.5653E-01
   12.520  9.5654E-01
   12.530  9.5657E-01
   12.540  9.5663E-01
   12.550  9.5669E-01
   12.560  9.5675E-01
   12.570  9.5681E-01
   12.580  9.5689E-01
   12.590  9.5706E-01
   12.600  9.5738E-01
   12.610  9.5787E-01
   12.620  9.5845E-01
   12.630  9.5906E-01
   12.640  9.5960E-01
   12.650  9.6002E-01
   12.660  9.6028E-01
   12.670  9.6038E-01
   12.680  9.6039E-01
   12.690  9.6039E-01
   12.700  9.6041E-01
   12.710  9.6041E-01
   12.720  9.6041E-01
   12.730  9.6042E-01
   12.740  9.6043E-01
   12.750  9.6043E-01
   12.760  9.6044E-01
   12.770  9.6044E-01
   12.780  9.6044E-01
   12.790  9.6044E-01
   12.800  9.6044E-01
   12.810  9.6047E-01
   12.820  9.6059E-01
   12.830  9.6082E-01
   12.840  9.6115E-01
   12.850  9.6152E-01
   12.860  9.6186E-01
   12.870  9.6211E-01
   12.880  9.6227E-01
   12.890  9.6236E-01
   12.900  9.6242E-01
   12.910  9.6249E-01
   12.920  9.6256E-01
   12.930  9.6264E-01
   12.940  9.6271E-01
   12.950  9.6275E-01
   12.960  9.6276E-01
   12.970  9.6278E-01
   12.980  9.6291E-01
   12.990  9.6327E-01
   13.000  9.6398E-01
   13.010  9.6509E-01
   13.020  9.6657E-01
   13.030  9.6826E-01
   13.040  9.6994E-01
   13.050  9.7150E-01
   13.060  9.7290E-01
   13.070  9.7407E-01
   13.080  9.7486E-01
   13.090  9.7526E-01
   13.100  9.7537E-01
   13.110  9.7539E-01
   13.120  9.7540E-01
   13.130  9.7544E-01
   13.140  9.7555E-01
   13.150  9.7571E-01
   13.160  9.7592E-01
   13.170  9.7619E-01
   13.180  9.7650E-01
   13.190  9.7681E-01
   13.200  9.7703E-01
   13.210  9.7717E-01
   13.220  9.7726E-01
   13.230  9.7732E-01
   13.240  9.7737E-01
   13.250  9.7743E-01
   13.260  9.7750E-01
   13.270  9.7763E-01
   13.280  9.7784E-01
   13.290  9.7816E-01
   13.300  9.7856E-01
   13.310  9.7894E-01
   13.320  9.7925E-01
   13.330  9.7948E-01
   13.340  9.7965E-01
   13.350  9.7976E-01
   13.360  9.7981E-01
   13.370  9.7983E-01
   13.380  9.7983E-01
   13.390  9.7983E-01
   13.400  9.7984E-01
   13.410  9.7985E-01
   13.420  9.7988E-01
   13.430  9.7992E-01
   13.440  9.7999E-01
   13.450  9.8008E-01
   13.460  9.8022E-01
   13.470  9.8042E-01
   13.480  9.8069E-01
   13.490  9.8101E-01
   13.500  9.8133E-01
   13.510  9.8159E-01
   13.520  9.8182E-01
   13.530  9.8203E-01
   13.540  9.8226E-01
   13.550  9.8252E-01
   13.560  9.8281E-01
   13.570  9.8310E-01
   13.580  9.8336E-01
   13.590  9.8355E-01
   13.600  9.8368E-01
   13.610  9.8376E-01
   13.620  9.8382E-01
   13.630  9.8387E-01
   13.640  9.8392E-01
   13.650  9.8397E-01
   13.660  9.8400E-01
   13.670  9.8401E-01
   13.680  9.8401E-01
   13.690  9.8404E-01
   13.700  9.8408E-01
   13.710  9.8413E-01
   13.720  9.8415E-01
   13.730  9.8415E-01
   13.740  9.8415E-01
   13.750  9.8415E-01
   13.760  9.8416E-01
   13.770  9.8419E-01
   13.780  9.8425E-01
   13.790  9.8434E-01
   13.800  9.8444E-01
   13.810  9.8453E-01
   13.820  9.8463E-01
   13.830  9.8476E-01
   13.840  9.8494E-01
   13.850  9.8520E-01
   13.860  9.8553E-01
   13.870  9.8590E-01
   13.880  9.8626E-01
   13.890  9.8659E-01
   13.900  9.8685E-01
   13.910  9.8702E-01
   13.920  9.8712E-01
   13.930  9.8718E-01
   13.940  9.8722E-01
   13.950  9.8726E-01
   13.960  9.8728E-01
   13.970  9.8730E-01
   13.980  9.8732E-01
   13.990  9.8734E-01
   14.000  9.8734E-01
   14.010  9.8734E-01
   14.020  9.8735E-01
   14.030  9.8737E-01
   14.040  9.8743E-01
   14.050  9.8754E-01
   14.060  9.8770E-01
   14.070  9.8793E-01
   14.080  9.8818E-01
   14.090  9.8842E-01
   14.100  9.8863E-01
   14.110  9.8880E-01
   14.120  9.8894E-01
   14.130  9.8904E-01
   14.140  9.8909E-01
   14.150  9.8911E-01
   14.160  9.8913E-01
   14.170  9.8914E-01
   14.180  9.8915E-01
   14.190  9.8918E-01
   14.200  9.8921E-01
   14.210  9.8924E-01
   14.220  9.8925E-01
   14.230  9.8925E-01
   14.240  9.8927E-01
   14.250  9.8937E-01
   14.260  9.8956E-01
   14.270  9.8987E-01
   14.280  9.9028E-01
   14.290  9.9070E-01
   14.300  9.9105E-01
   14.310  9.9132E-01
   14.320  9.9149E-01
   14.330  9.9158E-01
   14.340  9.9163E-01
   14.350  9.9166E-01
   14.360  9.9168E-01
   14.370  9.9170E-01
   14.380  9.9171E-01
   14.390  9.9171E-01
   14.400  9.9172E-01
   14.410  9.9172E-01
   14.420  9.9172E-01
   14.430  9.9172E-01
   14.440  9.9173E-01
   14.450  9.9174E-01
   14.460  9.9175E-01
   14.470  9.9176E-01
   14.480  9.9176E-01
   14.490  9.9177E-01
   14.500  9.9177E-01
   14.510  9.9177E-01
   14.520  9.9178E-01
   14.530  9.9179E-01
   14.540  9.9182E-01
   14.550  9.9186E-01
   14.560  9.9189E-01
   14.570  9.9193E-01
   14.580  9.9196E-01
   14.590  9.9200E-01
   14.600  9.9204E-01
   14.610  9.9208E-01
   14.620  9.9211E-01
   14.630  9.9214E-01
   14.640  9.9217E-01
   14.650  9.9218E-01
   14.660  9.9219E-01
   14.670  9.9220E-01
   14.680  9.9221E-01
   14.690  9.9222E-01
   14.700  9.9222E-01
   14.710  9.9222E-01
   14.720  9.9223E-01
   14.730  9.9226E-01
   14.740  9.9231E-01
   14.750  9.9239E-01
   14.760  9.9248E-01
   14.770  9.9257E-01
   14.780  9.9266E-01
   14.790  9.9276E-01
   14.800  9.9286E-01
   14.810  9.9297E-01
   14.820  9.9308E-01
   14.830  9.9318E-01
   14.840  9.9326E-01
   14.850  9.9335E-01
   14.860  9.9342E-01
   14.870  9.9349E-01
   14.880  9.9355E-01
   14.890  9.9359E-01
   14.900  9.9363E-01
   14.910  9.9365E-01
   14.920  9.9366E-01
   14.930  9.9366E-01
   14.940  9.9366E-01
   14.950  9.9366E-01
   14.960  9.9367E-01
   14.970  9.9367E-01
   14.980  9.9368E-01
   14.990  9.9368E-01
   15.000  9.9368E-01
   15.010  9.9368E-01
   15.020  9.9368E-01
   15.030  9.9368E-01
   15.040  9.9368E-01
   15.050  9.9368E-01
   15.060  9.9368E-01
   15.070  9.9368E-01
   15.080  9.9368E-01
   15.090  9.9368E-01
   15.100  9.9368E-01
   15.110  9.9368E-01
   15.120  9.9368E-01
   15.130  9.9369E-01
   15.140  9.9369E-01
   15.150  9.9369E-01
   15.160  9.9370E-01
   15.170  9.9370E-01
   15.180  9.9371E-01
   15.190  9.9371E-01
   15.200  9.9371E-01
   15.210  9.9372E-01
   15.220  9.9375E-01
   15.230  9.9380E-01
   15.240  9.9386E-01
   15.250  9.9393E-01
   15.260  9.9400E-01
   15.270  9.9410E-01
   15.280  9.9420E-01
   15.290  9.9433E-01
   15.300  9.9446E-01
   15.310  9.9461E-01
   15.320  9.9475E-01
   15.330  9.9488E-01
   15.340  9.9500E-01
   15.350  9.9509E-01
   15.360  9.9516E-01
   15.370  9.9521E-01
   15.380  9.9525E-01
   15.390  9.9526E-01
   15.400  9.9527E-01
   15.410  9.9527E-01
   15.420  9.9528E-01
   15.430  9.9529E-01
   15.440  9.9531E-01
   15.450  9.9532E-01
   15.460  9.9533E-01
   15.470  9.9533E-01
   15.480  9.9534E-01
   15.490  9.9535E-01
   15.500  9.9537E-01
   15.510  9.9541E-01
   15.520  9.9548E-01
   15.530  9.9559E-01
   15.540  9.9572E-01
   15.550  9.9587E-01
   15.560  9.9602E-01
   15.570  9.9616E-01
   15.580  9.9628E-01
   15.590  9.9638E-01
   15.600  9.9646E-01
   15.610  9.9651E-01
   15.620  9.9654E-01
   15.630  9.9656E-01
   15.640  9.9657E-01
   15.650  9.9657E-01
   15.660  9.9657E-01
   15.670  9.9657E-01
   15.680  9.9657E-01
   15.690  9.9658E-01
   15.700  9.9658E-01
   15.710  9.9659E-01
   15.720  9.9660E-01
   15.730  9.9661E-01
   15.740  9.9662E-01
   15.750  9.9664E-01
   15.760  9.9665E-01
   15.770  9.9668E-01
   15.780  9.9671E-01
   15.790  9.9676E-01
   15.800  9.9682E-01
   15.810  9.9687E-01
   15.820  9.9692E-01
   15.830  9.9696E-01
   15.840  9.9698E-01
   15.850  9.9700E-01
   15.860  9.9700E-01
   15.870  9.9701E-01
   15.880  9.9701E-01
   15.890  9.9701E-01
   15.900  9.9701E-01
   15.910  9.9701E-01
   15.920  9.9701E-01
   15.930  9.9701E-01
   15.940  9.9701E-01
   15.950  9.9702E-01
   15.960  9.9703E-01
   15.970  9.9705E-01
   15.980  9.9709E-01
   15.990  9.9712E-01
   16.000  9.9717E-01
   16.010  9.9721E-01
   16.020  9.9727E-01
   16.030  9.9732E-01
   16.040  9.9738E-01
   16.050  9.9743E-01
   16.060  9.9748E-01
   16.070  9.9753E-01
   16.080  9.9758E-01
   16.090  9.9762E-01
   16.100  9.9767E-01
   16.110  9.9771E-01
   16.120  9.9775E-01
   16.130  9.9777E-01
   16.140  9.9779E-01
   16.150  9.9780E-01
   16.160  9.9781E-01
   16.170  9.9781E-01
   16.180  9.9781E-01
   16.190  9.9781E-01
   16.200  9.9781E-01
   16.210  9.9781E-01
   16.220  9.9781E-01
   16.230  9.9781E-01
   16.240  9.9781E-01
   16.250  9.9781E-01
   16.260  9.9781E-01
   16.270  9.9781E-01
   16.280  9.9781E-01
   16.290  9.9781E-01
   16.300  9.9781E-01
   16.310  9.9782E-01
   16.320  9.9782E-01
   16.330  9.9783E-01
   16.340  9.9784E-01
   16.350  9.9784E-01
   16.360  9.9785E-01
   16.370  9.9785E-01
   16.380  9.9786E-01
   16.390  9.9786E-01
   16.400  9.9786E-01
   16.410  9.9786E-01
   16.420  9.9786E-01
   16.430  9.9786E-01
   16.440  9.9786E-01
   16.450  9.9786E-01
   16.460  9.9786E-01
   16.470  9.9786E-01
   16.480  9.9786E-01
   16.490  9.9787E-01
   16.500  9.9788E-01
   16.510  9.9790E-01
   16.520  9.9792E-01
   16.530  9.9796E-01
   16.540  9.9799E-01
   16.550  9.9803E-01
   16.560  9.9807E-01
   16.570  9.9810E-01
   16.580  9.9814E-01
   16.590  9.9816E-01
   16.600  9.9818E-01
   16.610  9.9819E-01
   16.620  9.9820E-01
   16.630  9.9820E-01
   16.640  9.9820E-01
   16.650  9.9820E-01
   16.660  9.9820E-01
   16.670  9.9821E-01
   16.680  9.9822E-01
   16.690  9.9823E-01
   16.700  9.9824E-01
   16.710  9.9825E-01
   16.720  9.9826E-01
   16.730  9.9827E-01
   16.740  9.9828E-01
   16.750  9.9829E-01
   16.760  9.9830E-01
   16.770  9.9832E-01
   16.780  9.9834E-01
   16.790  9.9837E-01
   16.800  9.9841E-01
   16.810  9.9845E-01
   16.820  9.9849E-01
   16.830  9.9852E-01
   16.840  9.9855E-01
   16.850  9.9857E-01
   16.860  9.9859E-01
   16.870  9.9860E-01
   16.880  9.9860E-01
   16.890  9.9860E-01
   16.900  9.9860E-01
   16.910  9.9860E-01
   16.920  9.9860E-01
   16.930  9.9860E-01
   16.940  9.9861E-01
   16.950  9.9861E-01
   16.960  9.9861E-01
   16.970  9.9862E-01
   16.980  9.9862E-01
   16.990  9.9863E-01
   17.000  9.9864E-01
   17.010  9.9865E-01
   17.020  9.9865E-01
   17.030  9.9866E-01
   17.040  9.9867E-01
   17.050  9.9868E-01
   17.060  9.9869E-01
   17.070  9.9869E-01
   17.080  9.9869E-01
   17.090  9.9869E-01
   17.100  9.9870E-01
   17.110  9.9870E-01
   17.120  9.9870E-01
   17.130  9.9870E-01
   17.140  9.9870E-01
   17.150  9.9870E-01
   17.160  9.9870E-01
   17.170  9.9870E-01
   17.180  9.9870E-01
   17.190  9.9871E-01
   17.200  9.9871E-01
   17.210  9.9872E-01
   17.220  9.9873E-01
   17.230  9.9874E-01
   17.240  9.9875E-01
   17.250  9.9876E-01
   17.260  9.9877E-01
   17.270  9.9878E-01
   17.280  9.9879E-01
   17.290  9.9880E-01
   17.300  9.9881E-01
   17.310  9.9882E-01
   17.320  9.9883E-01
   17.330  9.9883E-01
   17.340  9.9884E-01
   17.350  9.9885E-01
   17.360  9.9885E-01
   17.370  9.9886E-01
   17.380  9.9886E-01
   17.390  9.9886E-01
   17.400  9.9886E-01
   17.410  9.9886E-01
   17.420  9.9886E-01
   17.430  9.9886E-01
   17.440  9.9887E-01
   17.450  9.9887E-01
   17.460  9.9887E-01
   17.470  9.9888E-01
   17.480  9.9888E-01
   17.490  9.9889E-01
   17.500  9.9889E-01
   17.510  9.9890E-01
   17.520  9.9890E-01
   17.530  9.9890E-01
   17.540  9.9890E-01
   17.550  9.9890E-01
   17.560  9.9891E-01
   17.570  9.9891E-01
   17.580  9.9891E-01
   17.590  9.9891E-01
   17.600  9.9892E-01
   17.610  9.9892E-01
   17.620  9.9892E-01
   17.630  9.9892E-01
   17.640  9.9892E-01
   17.650  9.9892E-01
   17.660  9.9892E-01
   17.670  9.9892E-01
   17.680  9.9892E-01
   17.690  9.9892E-01
   17.700  9.9892E-01
   17.710  9.9892E-01
   17.720  9.9893E-01
   17.730  9.9893E-01
   17.740  9.9893E-01
   17.750  9.9894E-01
   17.760  9.9894E-01
   17.770  9.9895E-01
   17.780  9.9896E-01
   17.790  9.9897E-01
   17.800  9.9899E-01
   17.810  9.9900E-01
   17.820  9.9901E-01
   17.830  9.9902E-01
   17.840  9.9903E-01
   17.850  9.9903E-01
   17.860  9.9904E-01
   17.870  9.9904E-01
   17.880  9.9904E-01
   17.890  9.9904E-01
   17.900  9.9904E-01
   17.910  9.9904E-01
   17.920  9.9904E-01
   17.930  9.9905E-01
   17.940  9.9905E-01
   17.950  9.9906E-01
   17.960  9.9906E-01
   17.970  9.9907E-01
   17.980  9.9908E-01
   17.990  9.9909E-01
   18.000  9.9910E-01
   18.010  9.9911E-01
   18.020  9.9912E-01
   18.030  9.9913E-01
   18.040  9.9914E-01
   18.050  9.9915E-01
   18.060  9.9916E-01
   18.070  9.9917E-01
   18.080  9.9918E-01
   18.090  9.9919E-01
   18.100  9.9920E-01
   18.110  9.9920E-01
   18.120  9.9920E-01
   18.130  9.9920E-01
   18.140  9.9920E-01
   18.150  9.9920E-01
   18.160  9.9920E-01
   18.170  9.9920E-01
   18.180  9.9920E-01
   18.190  9.9920E-01
   18.200  9.9920E-01
   18.210  9.9920E-01
   18.220  9.9921E-01
   18.230  9.9921E-01
   18.240  9.9921E-01
   18.250  9.9921E-01
   18.260  9.9922E-01
   18.270  9.9922E-01
   18.280  9.9923E-01
   18.290  9.9923E-01
   18.300  9.9924E-01
   18.310  9.9924E-01
   18.320  9.9924E-01
   18.330  9.9925E-01
   18.340  9.9925E-01
   18.350  9.9925E-01
   18.360  9.9925E-01
   18.370  9.9925E-01
   18.380  9.9925E-01
   18.390  9.9925E-01
   18.400  9.9925E-01
   18.410  9.9925E-01
   18.420  9.9925E-01
   18.430  9.9925E-01
   18.440  9.9925E-01
   18.450  9.9925E-01
   18.460  9.9925E-01
   18.470  9.9925E-01
   18.480  9.9926E-01
   18.490  9.9926E-01
   18.500  9.9926E-01
   18.510  9.9926E-01
   18.520  9.9926E-01
   18.530  9.9927E-01
   18.540  9.9927E-01
   18.550  9.9927E-01
   18.560  9.9927E-01
   18.570  9.9927E-01
   18.580  9.9927E-01
   18.590  9.9928E-01
   18.600  9.9928E-01
   18.610  9.9928E-01
   18.620  9.9928E-01
   18.630  9.9928E-01
   18.640  9.9928E-01
   18.650  9.9928E-01
   18.660  9.9928E-01
   18.670  9.9928E-01
   18.680  9.9928E-01
   18.690  9.9928E-01
   18.700  9.9928E-01
   18.710  9.9928E-01
   18.720  9.9928E-01
   18.730  9.9928E-01
   18.740  9.9928E-01
   18.750  9.9928E-01
   18.760  9.9928E-01
   18.770  9.9928E-01
   18.780  9.9929E-01
   18.790  9.9929E-01
   18.800  9.9929E-01
   18.810  9.9929E-01
   18.820  9.9929E-01
   18.830  9.9929E-01
   18.840  9.9929E-01
   18.850  9.9929E-01
   18.860  9.9929E-01
   18.870  9.9929E-01
   18.880  9.9929E-01
   18.890  9.9929E-01
   18.900  9.9929E-01
   18.910  9.9929E-01
   18.920  9.9929E-01
   18.930  9.9929E-01
   18.940  9.9929E-01
   18.950  9.9929E-01
   18.960  9.9929E-01
   18.970  9.9929E-01
   18.980  9.9929E-01
   18.990  9.9929E-01
   19.000  9.9929E-01
   19.010  9.9929E-01
   19.020  9.9929E-01
   19.030  9.9929E-01
   19.040  9.9929E-01
   19.050  9.9929E-01
   19.060  9.9929E-01
   19.070  9.9929E-01
   19.080  9.9929E-01
   19.090  9.9930E-01
   19.100  9.9930E-01
   19.110  9.9930E-01
   19.120  9.9930E-01
   19.130  9.9930E-01
   19.140  9.9930E-01
   19.150  9.9930E-01
   19.160  9.9930E-01
   19.170  9.9930E-01
   19.180  9.9930E-01
   19.190  9.9930E-01
   19.200  9.9930E-01
   19.210  9.9930E-01
   19.220  9.9930E-01
   19.230  9.9930E-01
   19.240  9.9930E-01
   19.250  9.9931E-01
   19.260  9.9931E-01
   19.270  9.9931E-01
   19.280  9.9931E-01
   19.290  9.9931E-01
   19.300  9.9931E-01
   19.310  9.9932E-01
   19.320  9.9932E-01
   19.330  9.9932E-01
   19.340  9.9932E-01
   19.350  9.9932E-01
   19.360  9.9932E-01
   19.370  9.9932E-01
   19.380  9.9932E-01
   19.390  9.9932E-01
   19.400  9.9932E-01
   19.410  9.9932E-01
   19.420  9.9932E-01
   19.430  9.9932E-01
   19.440  9.9932E-01
   19.450  9.9932E-01
   19.460  9.9932E-01
   19.470  9.9932E-01
   19.480  9.9932E-01
   19.490  9.9932E-01
   19.500  9.9932E-01
   19.510  9.9932E-01
   19.520  9.9932E-01
   19.530  9.9932E-01
   19.540  9.9932E-01
   19.550  9.9932E-01
   19.560  9.9932E-01
   19.570  9.9932E-01
   19.580  9.9933E-01
   19.590  9.9933E-01
   19.600  9.9933E-01
   19.610  9.9933E-01
   19.620  9.9933E-01
   19.630  9.9933E-01
   19.640  9.9933E-01
   19.650  9.9933E-01
   19.660  9.9933E-01
   19.670  9.9933E-01
   19.680  9.9933E-01
   19.690  9.9933E-01
   19.700  9.9933E-01
   19.710  9.9933E-01
   19.720  9.9933E-01
   19.730  9.9933E-01
   19.740  9.9933E-01
   19.750  9.9933E-01
   19.760  9.9933E-01
   19.770  9.9933E-01
   19.780  9.9933E-01
   19.790  9.9933E-01
   19.800  9.9933E-01
   19.810  9.9933E-01
   19.820  9.9933E-01
   19.830  9.9933E-01
   19.840  9.9933E-01
   19.850  9.9933E-01
   19.860  9.9933E-01
   19.870  9.9933E-01
   19.880  9.9933E-01
   19.890  9.9933E-01
   19.900  9.9933E-01
   19.910  9.9933E-01
   19.920  9.9933E-01
   19.930  9.9933E-01
   19.940  9.9933E-01
   19.950  9.9933E-01
   19.960  9.9933E-01
   19.970  9.9933E-01
   19.980  9.9933E-01
   19.990  9.9933E-01
   20.000  9.9933E-01
   20.010  9.9933E-01
   20.020  9.9933E-01
   20.030  9.9933E-01
   20.040  9.9933E-01
   20.050  9.9934E-01
   20.060  9.9934E-01
   20.070  9.9934E-01
   20.080  9.9934E-01
   20.090  9.9934E-01
   20.100  9.9934E-01
   20.110  9.9934E-01
   20.120  9.9934E-01
   20.130  9.9934E-01
   20.140  9.9934E-01
   20.150  9.9934E-01
   20.160  9.9935E-01
   20.170  9.9935E-01
   20.180  9.9935E-01
   20.190  9.9935E-01
   20.200  9.9935E-01
   20.210  9.9935E-01
   20.220  9.9935E-01
   20.230  9.9935E-01
   20.240  9.9935E-01
   20.250  9.9935E-01
   20.260  9.9935E-01
   20.270  9.9935E-01
   20.280  9.9935E-01
   20.290  9.9935E-01
   20.300  9.9935E-01
   20.310  9.9935E-01
   20.320  9.9935E-01
   20.330  9.9935E-01
   20.340  9.9935E-01
   20.350  9.9935E-01
   20.360  9.9935E-01
   20.370  9.9935E-01
   20.380  9.9935E-01
   20.390  9.9935E-01
   20.400  9.9935E-01
   20.410  9.9935E-01
   20.420  9.9935E-01
   20.430  9.9935E-01
   20.440  9.9935E-01
   20.450  9.9935E-01
   20.460  9.9935E-01
   20.470  9.9935E-01
   20.480  9.9935E-01
   20.490  9.9935E-01
   20.500  9.9935E-01
   20.510  9.9935E-01
   20.520  9.9935E-01
   20.530  9.9935E-01
   20.540  9.9935E-01
   20.550  9.9935E-01
   20.560  9.9935E-01
   20.570  9.9935E-01
   20.580  9.9935E-01
   20.590  9.9935E-01
   20.600  9.9935E-01
   20.610  9.9935E-01
   20.620  9.9935E-01
   20.630  9.9935E-01
   20.640  9.9935E-01
   20.650  9.9935E-01
   20.660  9.9935E-01
   20.670  9.9935E-01
   20.680  9.9935E-01
   20.690  9.9935E-01
   20.700  9.9935E-01
   20.710  9.9935E-01
   20.720  9.9936E-01
   20.730  9.9936E-01
   20.740  9.9936E-01
   20.750  9.9936E-01
   20.760  9.9936E-01
   20.770  9.9936E-01
   20.780  9.9936E-01
   20.790  9.9936E-01
   20.800  9.9936E-01
   20.810  9.9936E-01
   20.820  9.9936E-01
   20.830  9.9936E-01
   20.840  9.9937E-01
   20.850  9.9937E-01
   20.860  9.9938E-01
   20.870  9.9938E-01
   20.880  9.9938E-01
   20.890  9.9939E-01
   20.900  9.9939E-01
   20.910  9.9940E-01
   20.920  9.9940E-01
   20.930  9.9940E-01
   20.940  9.9941E-01
   20.950  9.9941E-01
   20.960  9.9941E-01
   20.970  9.9941E-01
   20.980  9.9941E-01
   20.990  9.9941E-01
   21.000  9.9941E-01
   21.010  9.9941E-01
   21.020  9.9941E-01
   21.030  9.9941E-01
   21.040  9.9941E-01
   21.050  9.9941E-01
   21.060  9.9942E-01
   21.070  9.9942E-01
   21.080  9.9943E-01
   21.090  9.9943E-01
   21.100  9.9943E-01
   21.110  9.9944E-01
   21.120  9.9944E-01
   21.130  9.9944E-01
   21.140  9.9944E-01
   21.150  9.9944E-01
   21.160  9.9945E-01
   21.170  9.9945E-01
   21.180  9.9945E-01
   21.190  9.9945E-01
   21.200  9.9945E-01
   21.210  9.9945E-01
   21.220  9.9945E-01
   21.230  9.9945E-01
   21.240  9.9945E-01
   21.250  9.9945E-01
   21.260  9.9945E-01
   21.270  9.9946E-01
   21.280  9.9946E-01
   21.290  9.9946E-01
   21.300  9.9946E-01
   21.310  9.9947E-01
   21.320  9.9947E-01
   21.330  9.9948E-01
   21.340  9.9948E-01
   21.350  9.9949E-01
   21.360  9.9949E-01
   21.370  9.9950E-01
   21.380  9.9950E-01
   21.390  9.9951E-01
   21.400  9.9951E-01
   21.410  9.9951E-01
   21.420  9.9951E-01
   21.430  9.9951E-01
   21.440  9.9951E-01
   21.450  9.9951E-01
   21.460  9.9951E-01
   21.470  9.9951E-01
   21.480  9.9951E-01
   21.490  9.9951E-01
   21.500  9.9952E-01
   21.510  9.9952E-01
   21.520  9.9952E-01
   21.530  9.9952E-01
   21.540  9.9952E-01
   21.550  9.9952E-01
   21.560  9.9952E-01
   21.570  9.9952E-01
   21.580  9.9952E-01
   21.590  9.9952E-01
   21.600  9.9952E-01
   21.610  9.9952E-01
   21.620  9.9952E-01
   21.630  9.9952E-01
   21.640  9.9952E-01
   21.650  9.9952E-01
   21.660  9.9953E-01
   21.670  9.9953E-01
   21.680  9.9953E-01
   21.690  9.9953E-01
   21.700  9.9954E-01
   21.710  9.9954E-01
   21.720  9.9954E-01
   21.730  9.9954E-01
   21.740  9.9954E-01
   21.750  9.9954E-01
   21.760  9.9954E-01
   21.770  9.9954E-01
   21.780  9.9954E-01
   21.790  9.9954E-01
   21.800  9.9955E-01
   21.810  9.9955E-01
   21.820  9.9955E-01
   21.830  9.9956E-01
   21.840  9.9956E-01
   21.850  9.9956E-01
   21.860  9.9957E-01
   21.870  9.9957E-01
   21.880  9.9957E-01
   21.890  9.9957E-01
   21.900  9.9957E-01
   21.910  9.9957E-01
   21.920  9.9957E-01
   21.930  9.9958E-01
   21.940  9.9958E-01
   21.950  9.9958E-01
   21.960  9.9958E-01
   21.970  9.9958E-01
   21.980  9.9958E-01
   21.990  9.9958E-01
   22.000  9.9958E-01
   22.010  9.9958E-01
   22.020  9.9958E-01
   22.030  9.9958E-01
   22.040  9.9958E-01
   22.050  9.9959E-01
   22.060  9.9959E-01
   22.070  9.9960E-01
   22.080  9.9960E-01
   22.090  9.9961E-01
   22.100  9.9962E-01
   22.110  9.9963E-01
   22.120  9.9964E-01
   22.130  9.9965E-01
   22.140  9.9965E-01
   22.150  9.9966E-01
   22.160  9.9967E-01
   22.170  9.9967E-01
   22.180  9.9968E-01
   22.190  9.9968E-01
   22.200  9.9968E-01
   22.210  9.9968E-01
   22.220  9.9968E-01
   22.230  9.9968E-01
   22.240  9.9968E-01
   22.250  9.9968E-01
   22.260  9.9968E-01
   22.270  9.9969E-01
   22.280  9.9969E-01
   22.290  9.9969E-01
   22.300  9.9969E-01
   22.310  9.9970E-01
   22.320  9.9970E-01
   22.330  9.9971E-01
   22.340  9.9971E-01
   22.350  9.9972E-01
   22.360  9.9972E-01
   22.370  9.9973E-01
   22.380  9.9973E-01
   22.390  9.9973E-01
   22.400  9.9973E-01
   22.410  9.9974E-01
   22.420  9.9974E-01
   22.430  9.9974E-01
   22.440  9.9974E-01
   22.450  9.9974E-01
   22.460  9.9974E-01
   22.470  9.9974E-01
   22.480  9.9974E-01
   22.490  9.9974E-01
   22.500  9.9975E-01
   22.510  9.9975E-01
   22.520  9.9976E-01
   22.530  9.9976E-01
   22.540  9.9977E-01
   22.550  9.9977E-01
   22.560  9.9978E-01
   22.570  9.9978E-01
   22.580  9.9979E-01
   22.590  9.9979E-01
   22.600  9.9979E-01
   22.610  9.9980E-01
   22.620  9.9980E-01
   22.630  9.9980E-01
   22.640  9.9980E-01
   22.650  9.9980E-01
   22.660  9.9980E-01
   22.670  9.9980E-01
   22.680  9.9980E-01
   22.690  9.9980E-01
   22.700  9.9980E-01
   22.710  9.9980E-01
   22.720  9.9980E-01
   22.730  9.9980E-01
   22.740  9.9981E-01
   22.750  9.9981E-01
   22.760  9.9981E-01
   22.770  9.9981E-01
   22.780  9.9981E-01
   22.790  9.9981E-01
   22.800  9.9981E-01
   22.810  9.9981E-01
   22.820  9.9981E-01
   22.830  9.9981E-01
   22.840  9.9981E-01
   22.850  9.9982E-01
   22.860  9.9982E-01
   22.870  9.9982E-01
   22.880  9.9982E-01
   22.890  9.9982E-01
   22.900  9.9982E-01
   22.910  9.9982E-01
   22.920  9.9982E-01
   22.930  9.9982E-01
   22.940  9.9982E-01
   22.950  9.9982E-01
   22.960  9.9982E-01
   22.970  9.9982E-01
   22.980  9.9982E-01
   22.990  9.9982E-01
   23.000  9.9982E-01
   23.010  9.9982E-01
   23.020  9.9982E-01
   23.030  9.9982E-01
   23.040  9.9983E-01
   23.050  9.9983E-01
   23.060  9.9983E-01
   23.070  9.9983E-01
   23.080  9.9983E-01
   23.090  9.9983E-01
   23.100  9.9983E-01
   23.110  9.9983E-01
   23.120  9.9983E-01
   23.130  9.9983E-01
   23.140  9.9983E-01
   23.150  9.9983E-01
   23.160  9.9983E-01
   23.170  9.9983E-01
   23.180  9.9983E-01
   23.190  9.9984E-01
   23.200  9.9984E-01
   23.210  9.9984E-01
   23.220  9.9984E-01
   23.230  9.9984E-01
   23.240  9.9984E-01
   23.250  9.9984E-01
   23.260  9.9985E-01
   23.270  9.9985E-01
   23.280  9.9985E-01
   23.290  9.9986E-01
   23.300  9.9986E-01
   23.310  9.9987E-01
   23.320  9.9987E-01
   23.330  9.9988E-01
   23.340  9.9988E-01
   23.350  9.9989E-01
   23.360  9.9989E-01
   23.370  9.9989E-01
   23.380  9.9989E-01
   23.390  9.9989E-01
   23.400  9.9990E-01
   23.410  9.9990E-01
   23.420  9.9990E-01
   23.430  9.9990E-01
   23.440  9.9990E-01
   23.450  9.9990E-01
   23.460  9.9990E-01
   23.470  9.9990E-01
   23.480  9.9990E-01
   23.490  9.9990E-01
   23.500  9.9990E-01
   23.510  9.9990E-01
   23.520  9.9990E-01
   23.530  9.9990E-01
   23.540  9.9990E-01
   23.550  9.9990E-01
   23.560  9.9990E-01
   23.570  9.9990E-01
   23.580  9.9990E-01
   23.590  9.9990E-01
   23.600  9.9990E-01
   23.610  9.9990E-01
   23.620  9.9990E-01
   23.630  9.9990E-01
   23.640  9.9990E-01
   23.650  9.9990E-01
   23.660  9.9990E-01
   23.670  9.9991E-01
   23.680  9.9991E-01
   23.690  9.9991E-01
   23.700  9.9991E-01
   23.710  9.9991E-01
   23.720  9.9991E-01
   23.730  9.9991E-01
   23.740  9.9991E-01
   23.750  9.9991E-01
   23.760  9.9991E-01
   23.770  9.9992E-01
   23.780  9.9992E-01
   23.790  9.9992E-01
   23.800  9.9992E-01
   23.810  9.9992E-01
   23.820  9.9993E-01
   23.830  9.9993E-01
   23.840  9.9993E-01
   23.850  9.9993E-01
   23.860  9.9993E-01
   23.870  9.9993E-01
   23.880  9.9993E-01
   23.890  9.9993E-01
   23.900  9.9993E-01
   23.910  9.9993E-01
   23.920  9.9994E-01
   23.930  9.9994E-01
   23.940  9.9994E-01
   23.950  9.9994E-01
   23.960  9.9994E-01
   23.970  9.9994E-01
   23.980  9.9994E-01
   23.990  9.9994E-01
   24.000  9.9994E-01
   24.010  9.9994E-01
   24.020  9.9994E-01
   24.030  9.9994E-01
   24.040  9.9994E-01
   24.050  9.9994E-01
   24.060  9.9994E-01
   24.070  9.9994E-01
   24.080  9.9994E-01
   24.090  9.9994E-01
   24.100  9.9994E-01
   24.110  9.9994E-01
   24.120  9.9994E-01
   24.130  9.9994E-01
   24.140  9.9994E-01
   24.150  9.9994E-01
   24.160  9.9994E-01
   24.170  9.9994E-01
   24.180  9.9994E-01
   24.190  9.9994E-01
   24.200  9.9994E-01
   24.210  9.9994E-01
   24.220  9.9994E-01
   24.230  9.9994E-01
   24.240  9.9994E-01
   24.250  9.9994E-01
   24.260  9.9994E-01
   24.270  9.9994E-01
   24.280  9.9994E-01
   24.290  9.9994E-01
   24.300  9.9994E-01
   24.310  9.9994E-01
   24.320  9.9994E-01
   24.330  9.9994E-01
   24.340  9.9994E-01
   24.350  9.9994E-01
   24.360  9.9994E-01
   24.370  9.9994E-01
   24.380  9.9994E-01
   24.390  9.9994E-01
   24.400  9.9994E-01
   24.410  9.9994E-01
   24.420  9.9994E-01
   24.430  9.9994E-01
   24.440  9.9994E-01
   24.450  9.9994E-01
   24.460  9.9994E-01
   24.470  9.9994E-01
   24.480  9.9994E-01
   24.490  9.9994E-01
   24.500  9.9994E-01
   24.510  9.9994E-01
   24.520  9.9994E-01
   24.530  9.9994E-01
   24.540  9.9994E-01
   24.550  9.9994E-01
   24.560  9.9994E-01
   24.570  9.9994E-01
   24.580  9.9994E-01
   24.590  9.9994E-01
   24.600  9.9994E-01
   24.610  9.9994E-01
   24.620  9.9994E-01
   24.630  9.9995E-01
   24.640  9.9995E-01
   24.650  9.9995E-01
   24.660  9.9995E-01
   24.670  9.9995E-01
   24.680  9.9995E-01
   24.690  9.9995E-01
   24.700  9.9995E-01
   24.710  9.9995E-01
   24.720  9.9995E-01
   24.730  9.9995E-01
   24.740  9.9995E-01
   24.750  9.9995E-01
   24.760  9.9995E-01
   24.770  9.9995E-01
   24.780  9.9995E-01
   24.790  9.9996E-01
   24.800  9.9996E-01
   24.810  9.9996E-01
   24.820  9.9996E-01
   24.830  9.9996E-01
   24.840  9.9996E-01
   24.850  9.9996E-01
   24.860  9.9996E-01
   24.870  9.9996E-01
   24.880  9.9996E-01
   24.890  9.9996E-01
   24.900  9.9996E-01
   24.910  9.9996E-01
   24.920  9.9996E-01
   24.930  9.9997E-01
   24.940  9.9997E-01
   24.950  9.9997E-01
   24.960  9.9997E-01
   24.970  9.9997E-01
   24.980  9.9997E-01
   24.990  9.9997E-01
   25.000  9.9997E-01
   25.010  9.9998E-01
   25.020  9.9998E-01
   25.030  9.9998E-01
   25.040  9.9998E-01
   25.050  9.9998E-01
   25.060  9.9998E-01
   25.070  9.9999E-01
   25.080  9.9999E-01
   25.090  9.9999E-01
   25.100  9.9999E-01
   25.110  9.9999E-01
   25.120  9.9999E-01
   25.130  9.9999E-01
   25.140  9.9999E-01
   25.150  9.9999E-01
   25.160  9.9999E-01
   25.170  9.9999E-01
   25.180  9.9999E-01
   25.190  9.9999E-01
   25.200  9.9999E-01
   25.210  9.9999E-01
   25.220  9.9999E-01
   25.230  9.9999E-01
   25.240  9.9999E-01
   25.250  9.9999E-01
   25.260  9.9999E-01
   25.270  9.9999E-01
   25.280  9.9999E-01
   25.290  9.9999E-01
   25.300  9.9999E-01
   25.310  9.9999E-01
   25.320  9.9999E-01
   25.330  9.9999E-01
   25.340  9.9999E-01
   25.350  9.9999E-01
   25.360  9.9999E-01
   25.370  9.9999E-01
   25.380  9.9999E-01
   25.390  9.9999E-01
   25.400  9.9999E-01
   25.410  9.9999E-01
   25.420  9.9999E-01
   25.430  9.9999E-01
   25.440  9.9999E-01
   25.450  9.9999E-01
   25.460  9.9999E-01
   25.470  9.9999E-01
   25.480  9.9999E-01
   25.490  9.9999E-01
   25.500  9.9999E-01
   25.510  9.9999E-01
   25.520  9.9999E-01
   25.530  9.9999E-01
   25.540  9.9999E-01
   25.550  9.9999E-01
   25.560  9.9999E-01
   25.570  9.9999E-01
   25.580  9.9999E-01
   25.590  9.9999E-01
   25.600  9.9999E-01
   25.610  9.9999E-01
   25.620  9.9999E-01
   25.630  9.9999E-01
   25.640  9.9999E-01
   25.650  9.9999E-01
   25.660  9.9999E-01
   25.670  9.9999E-01
   25.680  9.9999E-01
   25.690  9.9999E-01
   25.700  9.9999E-01
   25.710  9.9999E-01
   25.720  9.9999E-01
   25.730  9.9999E-01
   25.740  9.9999E-01
   25.750  9.9999E-01
   25.760  9.9999E-01
   25.770  9.9999E-01
   25.780  9.9999E-01
   25.790  9.9999E-01
   25.800  9.9999E-01
   25.810  9.9999E-01
   25.820  9.9999E-01
   25.830  9.9999E-01
   25.840  9.9999E-01
   25.850  9.9999E-01
   25.860  9.9999E-01
   25.870  9.9999E-01
   25.880  9.9999E-01
   25.890  9.9999E-01
   25.900  9.9999E-01
   25.910  9.9999E-01
   25.920  9.9999E-01
   25.930  9.9999E-01
   25.940  9.9999E-01
   25.950  9.9999E-01
   25.960  9.9999E-01
   25.970  9.9999E-01
   25.980  9.9999E-01
   25.990  9.9999E-01
   26.000  9.9999E-01
   26.010  9.9999E-01
   26.020  9.9999E-01
   26.030  9.9999E-01
   26.040  9.9999E-01
   26.050  9.9999E-01
   26.060  9.9999E-01
   26.070  9.9999E-01
   26.080  9.9999E-01
   26.090  9.9999E-01
   26.100  9.9999E-01
   26.110  9.9999E-01
   26.120  9.9999E-01
   26.130  9.9999E-01
   26.140  9.9999E-01
   26.150  9.9999E-01
   26.160  9.9999E-01
   26.170  9.9999E-01
   26.180  9.9999E-01
   26.190  9.9999E-01
   26.200  9.9999E-01
   26.210  9.9999E-01
   26.220  9.9999E-01
   26.230  9.9999E-01
   26.240  9.9999E-01
   26.250  9.9999E-01
   26.260  9.9999E-01
   26.270  9.9999E-01
   26.280  9.9999E-01
   26.290  9.9999E-01
   26.300  9.9999E-01
   26.310  9.9999E-01
   26.320  9.9999E-01
   26.330  9.9999E-01
   26.340  9.9999E-01
   26.350  9.9999E-01
   26.360  9.9999E-01
   26.370  9.9999E-01
   26.380  9.9999E-01
   26.390  9.9999E-01
   26.400  1.0000E+00
   26.410  1.0000E+00
   26.420  1.0000E+00
   26.430  1.0000E+00
   26.440  1.0000E+00
   26.450  1.0000E+00
   26.460  1.0000E+00
   26.470  1.0000E+00
   26.480  1.0000E+00
   26.490  1.0000E+00
   26.500  1.0000E+00
   26.510  1.0000E+00
   26.520  1.0000E+00
   26.530  1.0000E+00
   26.540  1.0000E+00
   26.550  1.0000E+00
   26.560  1.0000E+00
   26.570  1.0000E+00
   26.580  1.0000E+00
   26.590  1.0000E+00
   26.600  1.0000E+00
   26.610  1.0000E+00
   26.620  1.0000E+00
   26.630  1.0000E+00
   26.640  1.0000E+00
   26.650  1.0000E+00
   26.660  1.0000E+00
   26.670  1.0000E+00
   26.680  1.0000E+00
   26.690  1.0000E+00
   26.700  1.0000E+00
   26.710  1.0000E+00
   26.720  1.0000E+00
   26.730  1.0000E+00
   26.740  1.0000E+00
   26.750  1.0000E+00
   26.760  1.0000E+00
   26.770  1.0000E+00
   26.780  1.0000E+00
   26.790  1.0000E+00
   26.800  1.0000E+00
   26.810  1.0000E+00
   26.820  1.0000E+00
   26.830  1.0000E+00
   26.840  1.0000E+00
   26.850  1.0000E+00
   26.860  1.0000E+00
   26.870  1.0000E+00
   26.880  1.0000E+00
   26.890  1.0000E+00
   26.900  1.0000E+00
   26.910  1.0000E+00
   26.920  1.0000E+00
   26.930  1.0000E+00
   26.940  1.0000E+00
   26.950  1.0000E+00
   26.960  1.0000E+00
   26.970  1.0000E+00
   26.980  1.0000E+00
   26.990  1.0000E+00
   27.000  1.0000E+00
   27.010  1.0000E+00
   27.020  1.0000E+00
   27.030  1.0000E+00
   27.040  1.0000E+00
   27.050  1.0000E+00
   27.060  1.0000E+00
   27.070  1.0000E+00
   27.080  1.0000E+00
   27.090  1.0000E+00
   27.100  1.0000E+00
   27.110  1.0000E+00
   27.120  1.0000E+00
   27.130  1.0000E+00
   27.140  1.0000E+00
   27.150  1.0000E+00
   27.160  1.0000E+00
   27.170  1.0000E+00
   27.180  1.0000E+00
   27.190  1.0000E+00
   27.200  1.0000E+00
   27.210  1.0000E+00
   27.220  1.0000E+00
   27.230  1.0000E+00
   27.240  1.0000E+00
   27.250  1.0000E+00
   27.260  1.0000E+00
   27.270  1.0000E+00
   27.280  1.0000E+00
   27.290  1.0000E+00
   27.300  1.0000E+00
   27.310  1.0000E+00
   27.320  1.0000E+00
   27.330  1.0000E+00
   27.340  1.0000E+00
   27.350  1.0000E+00
   27.360  1.0000E+00
   27.370  1.0000E+00
   27.380  1.0000E+00
   27.390  1.0000E+00
   27.400  1.0000E+00
   27.410  1.0000E+00
   27.420  1.0000E+00
   27.430  1.0000E+00
   27.440  1.0000E+00
   27.450  1.0000E+00
   27.460  1.0000E+00
   27.470  1.0000E+00
   27.480  1.0000E+00
   27.490  1.0000E+00
   27.500  1.0000E+00
   27.510  1.0000E+00
   27.520  1.0000E+00
   27.530  1.0000E+00
   27.540  1.0000E+00
   27.550  1.0000E+00
   27.560  1.0000E+00
   27.570  1.0000E+00
   27.580  1.0000E+00
   27.590  1.0000E+00
   27.600  1.0000E+00
   27.610  1.0000E+00
   27.620  1.0000E+00
   27.630  1.0000E+00
   27.640  1.0000E+00
   27.650  1.0000E+00
   27.660  1.0000E+00
   27.670  1.0000E+00
   27.680  1.0000E+00
   27.690  1.0000E+00
   27.700  1.0000E+00
   27.710  1.0000E+00
   27.720  1.0000E+00
   27.730  1.0000E+00
   27.740  1.0000E+00
   27.750  1.0000E+00
   27.760  1.0000E+00
   27.770  1.0000E+00
   27.780  1.0000E+00
   27.790  1.0000E+00
   27.800  1.0000E+00
   27.810  1.0000E+00
   27.820  1.0000E+00
   27.830  1.0000E+00
   27.840  1.0000E+00
   27.850  1.0000E+00
   27.860  1.0000E+00
   27.870  1.0000E+00
   27.880  1.0000E+00
   27.890  1.0000E+00
   27.900  1.0000E+00
   27.910  1.0000E+00
   27.920  1.0000E+00
   27.930  1.0000E+00
   27.940  1.0000E+00
   27.950  1.0000E+00
   27.960  1.0000E+00
   27.970  1.0000E+00
   27.980  1.0000E+00
   27.990  1.0000E+00
   28.000  1.0000E+00
   28.010  1.0000E+00
   28.020  1.0000E+00
   28.030  1.0000E+00
   28.040  1.0000E+00
   28.050  1.0000E+00
   28.060  1.0000E+00
   28.070  1.0000E+00
   28.080  1.0000E+00
   28.090  1.0000E+00
   28.100  1.0000E+00
   28.110  1.0000E+00
   28.120  1.0000E+00
   28.130  1.0000E+00
   28.140  1.0000E+00
   28.150  1.0000E+00
   28.160  1.0000E+00
   28.170  1.0000E+00
   28.180  1.0000E+00
   28.190  1.0000E+00
   28.200  1.0000E+00
   28.210  1.0000E+00
   28.220  1.0000E+00
   28.230  1.0000E+00
   28.240  1.0000E+00
   28.250  1.0000E+00
   28.260  1.0000E+00
   28.270  1.0000E+00
   28.280  1.0000E+00
   28.290  1.0000E+00
   28.300  1.0000E+00
   28.310  1.0000E+00
   28.320  1.0000E+00
   28.330  1.0000E+00
   28.340  1.0000E+00
   28.350  1.0000E+00
   28.360  1.0000E+00
   28.370  1.0000E+00
   28.380  1.0000E+00
   28.390  1.0000E+00
   28.400  1.0000E+00
   28.410  1.0000E+00
   28.420  1.0000E+00
   28.430  1.0000E+00
   28.440  1.0000E+00
   28.450  1.0000E+00
   28.460  1.0000E+00
   28.470  1.0000E+00
   28.480  1.0000E+00
   28.490  1.0000E+00
   28.500  1.0000E+00
   28.510  1.0000E+00
   28.520  1.0000E+00
   28.530  1.0000E+00
   28.540  1.0000E+00
   28.550  1.0000E+00
   28.560  1.0000E+00
   28.570  1.0000E+00
   28.580  1.0000E+00
   28.590  1.0000E+00
   28.600  1.0000E+00
   28.610  1.0000E+00
   28.620  1.0000E+00
   28.630  1.0000E+00
   28.640  1.0000E+00
   28.650  1.0000E+00
   28.660  1.0000E+00
   28.670  1.0000E+00
   28.680  1.0000E+00
   28.690  1.0000E+00
   28.700  1.0000E+00
   28.710  1.0000E+00
   28.720  1.0000E+00
   28.730  1.0000E+00
   28.740  1.0000E+00
   28.750  1.0000E+00
   28.760  1.0000E+00
   28.770  1.0000E+00
   28.780  1.0000E+00
   28.790  1.0000E+00
   28.800  1.0000E+00
   28.810  1.0000E+00
   28.820  1.0000E+00
   28.830  1.0000E+00
   28.840  1.0000E+00
   28.850  1.0000E+00
   28.860  1.0000E+00
   28.870  1.0000E+00
   28.880  1.0000E+00
   28.890  1.0000E+00
   28.900  1.0000E+00
   28.910  1.0000E+00
   28.920  1.0000E+00
   28.930  1.0000E+00
   28.940  1.0000E+00
   28.950  1.0000E+00
   28.960  1.0000E+00
   28.970  1.0000E+00
   28.980  1.0000E+00
   28.990  1.0000E+00
   29.000  1.0000E+00
   29.010  1.0000E+00
   29.020  1.0000E+00
   29.030  1.0000E+00
   29.040  1.0000E+00
   29.050  1.0000E+00
   29.060  1.0000E+00
   29.070  1.0000E+00
   29.080  1.0000E+00
   29.090  1.0000E+00
   29.100  1.0000E+00
   29.110  1.0000E+00
   29.120  1.0000E+00
   29.130  1.0000E+00
   29.140  1.0000E+00
   29.150  1.0000E+00
   29.160  1.0000E+00
   29.170  1.0000E+00
   29.180  1.0000E+00
   29.190  1.0000E+00
   29.200  1.0000E+00
   29.210  1.0000E+00
   29.220  1.0000E+00
   29.230  1.0000E+00
   29.240  1.0000E+00
   29.250  1.0000E+00
   29.260  1.0000E+00
   29.270  1.0000E+00
   29.280  1.0000E+00
   29.290  1.0000E+00
   29.300  1.0000E+00
   29.310  1.0000E+00
   29.320  1.0000E+00
   29.330  1.0000E+00
   29.340  1.0000E+00
   29.350  1.0000E+00
   29.360  1.0000E+00
   29.370  1.0000E+00
   29.380  1.0000E+00
   29.390  1.0000E+00
   29.400  1.0000E+00
   29.410  1.0000E+00
   29.420  1.0000E+00
   29.430  1.0000E+00
   29.440  1.0000E+00
   29.450  1.0000E+00
   29.460  1.0000E+00
   29.470  1.0000E+00
   29.480  1.0000E+00
   29.490  1.0000E+00
   29.500  1.0000E+00
   29.510  1.0000E+00
   29.520  1.0000E+00
   29.530  1.0000E+00
   29.540  1.0000E+00
   29.550  1.0000E+00
   29.560  1.0000E+00
   29.570  1.0000E+00
   29.580  1.0000E+00
   29.590  1.0000E+00
   29.600  1.0000E+00
   29.610  1.0000E+00
   29.620  1.0000E+00
   29.630  1.0000E+00
   29.640  1.0000E+00
   29.650  1.0000E+00
   29.660  1.0000E+00
   29.670  1.0000E+00
   29.680  1.0000E+00
   29.690  1.0000E+00
   29.700  1.0000E+00
   29.710  1.0000E+00
   29.720  1.0000E+00
   29.730  1.0000E+00
   29.740  1.0000E+00
   29.750  1.0000E+00
   29.760  1.0000E+00
   29.770  1.0000E+00
   29.780  1.0000E+00
   29.790  1.0000E+00
   29.800  1.0000E+00
   29.810  1.0000E+00
   29.820  1.0000E+00
   29.830  1.0000E+00
   29.840  1.0000E+00
   29.850  1.0000E+00
   29.860  1.0000E+00
   29.870  1.0000E+00
   29.880  1.0000E+00
   29.890  1.0000E+00
   29.900  1.0000E+00
   29.910  1.0000E+00
   29.920  1.0000E+00
   29.930  1.0000E+00
   29.940  1.0000E+00
   29.950  1.0000E+00
   29.960  1.0000E+00
   29.970  1.0000E+00
   29.980  1.0000E+00
   29.990  1.0000E+00
   30.000  1.0000E+00
   30.010  1.0000E+00
   30.020  1.0000E+00
   30.030  1.0000E+00
   30.040  1.0000E+00
   30.050  1.0000E+00
   30.060  1.0000E+00
   30.070  1.0000E+00
   30.080  1.0000E+00
   30.090  1.0000E+00
   30.100  1.0000E+00
   30.110  1.0000E+00
   30.120  1.0000E+00
   30.130  1.0000E+00
   30.140  1.0000E+00
   30.150  1.0000E+00
   30.160  1.0000E+00
   30.170  1.0000E+00
   30.180  1.0000E+00
   30.190  1.0000E+00
   30.200  1.0000E+00
   30.210  1.0000E+00
   30.220  1.0000E+00
   30.230  1.0000E+00
   30.240  1.0000E+00
   30.250  1.0000E+00
   30.260  1.0000E+00
   30.270  1.0000E+00
   30.280  1.0000E+00
   30.290  1.0000E+00
   30.300  1.0000E+00
   30.310  1.0000E+00
   30.320  1.0000E+00
   30.330  1.0000E+00
   30.340  1.0000E+00
   30.350  1.0000E+00
   30.360  1.0000E+00
   30.370  1.0000E+00
   30.380  1.0000E+00
   30.390  1.0000E+00
   30.400  1.0000E+00
   30.410  1.0000E+00
   30.420  1.0000E+00
   30.430  1.0000E+00
   30.440  1.0000E+00
   30.450  1.0000E+00
   30.460  1.0000E+00
   30.470  1.0000E+00
   30.480  1.0000E+00
   30.490  1.0000E+00
   30.500  1.0000E+00
   30.510  1.0000E+00
   30.520  1.0000E+00
   30.530  1.0000E+00
   30.540  1.0000E+00
   30.550  1.0000E+00
   30.560  1.0000E+00
   30.570  1.0000E+00
   30.580  1.0000E+00
   30.590  1.0000E+00
   30.600  1.0000E+00
   30.610  1.0000E+00
   30.620  1.0000E+00
   30.630  1.0000E+00
   30.640  1.0000E+00
   30.650  1.0000E+00
   30.660  1.0000E+00
   30.670  1.0000E+00
   30.680  1.0000E+00
   30.690  1.0000E+00
   30.700  1.0000E+00
   30.710  1.0000E+00
   30.720  1.0000E+00
   30.730  1.0000E+00
   30.740  1.0000E+00
   30.750  1.0000E+00
   30.760  1.0000E+00
   30.770  1.0000E+00
   30.780  1.0000E+00
   30.790  1.0000E+00
   30.800  1.0000E+00
   30.810  1.0000E+00
   30.820  1.0000E+00
   30.830  1.0000E+00
   30.840  1.0000E+00
   30.850  1.0000E+00
   30.860  1.0000E+00
   30.870  1.0000E+00
   30.880  1.0000E+00
   30.890  1.0000E+00
   30.900  1.0000E+00
   30.910  1.0000E+00
   30.920  1.0000E+00
   30.930  1.0000E+00
   30.940  1.0000E+00
   30.950  1.0000E+00
   30.960  1.0000E+00
   30.970  1.0000E+00
   30.980  1.0000E+00
   30.990  1.0000E+00
   31.000  1.0000E+00
   31.010  1.0000E+00
   31.020  1.0000E+00
   31.030  1.0000E+00
   31.040  1.0000E+00
   31.050  1.0000E+00
   31.060  1.0000E+00
   31.070  1.0000E+00
   31.080  1.0000E+00
   31.090  1.0000E+00
   31.100  1.0000E+00
   31.110  1.0000E+00
   31.120  1.0000E+00
   31.130  1.0000E+00
   31.140  1.0000E+00
   31.150  1.0000E+00
   31.160  1.0000E+00
   31.170  1.0000E+00
   31.180  1.0000E+00
   31.190  1.0000E+00
   31.200  1.0000E+00
   31.210  1.0000E+00
   31.220  1.0000E+00
   31.230  1.0000E+00
   31.240  1.0000E+00
   31.250  1.0000E+00
   31.260  1.0000E+00
   31.270  1.0000E+00
   31.280  1.0000E+00
   31.290  1.0000E+00
   31.300  1.0000E+00
   31.310  1.0000E+00
   31.320  1.0000E+00
   31.330  1.0000E+00
   31.340  1.0000E+00
   31.350  1.0000E+00
   31.360  1.0000E+00
   31.370  1.0000E+00
   31.380  1.0000E+00
   31.390  1.0000E+00
   31.400  1.0000E+00
   31.410  1.0000E+00
   31.420  1.0000E+00
   31.430  1.0000E+00
   31.440  1.0000E+00
   31.450  1.0000E+00
   31.460  1.0000E+00
   31.470  1.0000E+00
   31.480  1.0000E+00
   31.490  1.0000E+00
   31.500  1.0000E+00
   31.510  1.0000E+00
   31.520  1.0000E+00
   31.530  1.0000E+00
   31.540  1.0000E+00
   31.550  1.0000E+00
   31.560  1.0000E+00
   31.570  1.0000E+00
   31.580  1.0000E+00
   31.590  1.0000E+00
   31.600  1.0000E+00
   31.610  1.0000E+00
   31.620  1.0000E+00
   31.630  1.0000E+00
   31.640  1.0000E+00
   31.650  1.0000E+00
   31.660  1.0000E+00
   31.670  1.0000E+00
   31.680  1.0000E+00
   31.690  1.0000E+00
   31.700  1.0000E+00
   31.710  1.0000E+00
   31.720  1.0000E+00
   31.730  1.0000E+00
   31.740  1.0000E+00
   31.750  1.0000E+00
   31.760  1.0000E+00
   31.770  1.0000E+00
   31.780  1.0000E+00
   31.790  1.0000E+00
   31.800  1.0000E+00
   31.810  1.0000E+00
   31.820  1.0000E+00
   31.830  1.0000E+00
   31.840  1.0000E+00
   31.850  1.0000E+00
   31.860  1.0000E+00
   31.870  1.0000E+00
   31.880  1.0000E+00
   31.890  1.0000E+00
   31.900  1.0000E+00
   31.910  1.0000E+00
   31.920  1.0000E+00
   31.930  1.0000E+00
   31.940  1.0000E+00
   31.950  1.0000E+00
   31.960  1.0000E+00
   31.970  1.0000E+00
   31.980  1.0000E+00
   31.990  1.0000E+00
   32.000  1.0000E+00
   32.010  1.0000E+00
   32.020  1.0000E+00
   32.030  1.0000E+00
   32.040  1.0000E+00
   32.050  1.0000E+00
   32.060  1.0000E+00
   32.070  1.0000E+00
   32.080  1.0000E+00
   32.090  1.0000E+00
   32.100  1.0000E+00
   32.110  1.0000E+00
   32.120  1.0000E+00
   32.130  1.0000E+00
   32.140  1.0000E+00
   32.150  1.0000E+00
   32.160  1.0000E+00
   32.170  1.0000E+00
   32.180  1.0000E+00
   32.190  1.0000E+00
   32.200  1.0000E+00
   32.210  1.0000E+00
   32.220  1.0000E+00
   32.230  1.0000E+00
   32.240  1.0000E+00
   32.250  1.0000E+00
   32.260  1.0000E+00
   32.270  1.0000E+00
   32.280  1.0000E+00
   32.290  1.0000E+00
   32.300  1.0000E+00
   32.310  1.0000E+00
   32.320  1.0000E+00
   32.330  1.0000E+00
   32.340  1.0000E+00
   32.350  1.0000E+00
   32.360  1.0000E+00
   32.370  1.0000E+00
   32.380  1.0000E+00
   32.390  1.0000E+00
   32.400  1.0000E+00
   32.410  1.0000E+00
   32.420  1.0000E+00
   32.430  1.0000E+00
   32.440  1.0000E+00
   32.450  1.0000E+00
   32.460  1.0000E+00
   32.470  1.0000E+00
   32.480  1.0000E+00
   32.490  1.0000E+00
   32.500  1.0000E+00
   32.510  1.0000E+00
   32.520  1.0000E+00
   32.530  1.0000E+00
   32.540  1.0000E+00
   32.550  1.0000E+00
   32.560  1.0000E+00
   32.570  1.0000E+00
   32.580  1.0000E+00
   32.590  1.0000E+00
   32.600  1.0000E+00
   32.610  1.0000E+00
   32.620  1.0000E+00
   32.630  1.0000E+00
   32.640  1.0000E+00
   32.650  1.0000E+00
   32.660  1.0000E+00
   32.670  1.0000E+00
   32.680  1.0000E+00
   32.690  1.0000E+00
   32.700  1.0000E+00
   32.710  1.0000E+00
   32.720  1.0000E+00
   32.730  1.0000E+00
   32.740  1.0000E+00
   32.750  1.0000E+00
   32.760  1.0000E+00
   32.770  1.0000E+00
   32.780  1.0000E+00
   32.790  1.0000E+00
   32.800  1.0000E+00
   32.810  1.0000E+00
   32.820  1.0000E+00
   32.830  1.0000E+00
   32.840  1.0000E+00
   32.850  1.0000E+00
   32.860  1.0000E+00
   32.870  1.0000E+00
   32.880  1.0000E+00
   32.890  1.0000E+00
   32.900  1.0000E+00
   32.910  1.0000E+00
   32.920  1.0000E+00
   32.930  1.0000E+00
   32.940  1.0000E+00
   32.950  1.0000E+00
   32.960  1.0000E+00
   32.970  1.0000E+00
   32.980  1.0000E+00
   32.990  1.0000E+00
   33.000  1.0000E+00
   33.010  1.0000E+00
   33.020  1.0000E+00
   33.030  1.0000E+00
   33.040  1.0000E+00
   33.050  1.0000E+00
   33.060  1.0000E+00
   33.070  1.0000E+00
   33.080  1.0000E+00
   33.090  1.0000E+00
   33.100  1.0000E+00
   33.110  1.0000E+00
   33.120  1.0000E+00
   33.130  1.0000E+00
   33.140  1.0000E+00
   33.150  1.0000E+00
   33.160  1.0000E+00
   33.170  1.0000E+00
   33.180  1.0000E+00
   33.190  1.0000E+00
   33.200  1.0000E+00
   33.210  1.0000E+00
   33.220  1.0000E+00
   33.230  1.0000E+00
   33.240  1.0000E+00
   33.250  1.0000E+00
   33.260  1.0000E+00
   33.270  1.0000E+00
   33.280  1.0000E+00
   33.290  1.0000E+00
   33.300  1.0000E+00
   33.310  1.0000E+00
   33.320  1.0000E+00
   33.330  1.0000E+00
   33.340  1.0000E+00
   33.350  1.0000E+00
   33.360  1.0000E+00
   33.370  1.0000E+00
   33.380  1.0000E+00
   33.390  1.0000E+00
   33.400  1.0000E+00
   33.410  1.0000E+00
   33.420  1.0000E+00
   33.430  1.0000E+00
   33.440  1.0000E+00
   33.450  1.0000E+00
   33.460  1.0000E+00
   33.470  1.0000E+00
   33.480  1.0000E+00
   33.490  1.0000E+00
   33.500  1.0000E+00
   33.510  1.0000E+00
   33.520  1.0000E+00
   33.530  1.0000E+00
   33.540  1.0000E+00
   33.550  1.0000E+00
   33.560  1.0000E+00
   33.570  1.0000E+00
   33.580  1.0000E+00
   33.590  1.0000E+00
   33.600  1.0000E+00
   33.610  1.0000E+00
   33.620  1.0000E+00
   33.630  1.0000E+00
   33.640  1.0000E+00
   33.650  1.0000E+00
   33.660  1.0000E+00
   33.670  1.0000E+00
   33.680  1.0000E+00
   33.690  1.0000E+00
   33.700  1.0000E+00
   33.710  1.0000E+00
   33.720  1.0000E+00
   33.730  1.0000E+00
   33.740  1.0000E+00
   33.750  1.0000E+00
   33.760  1.0000E+00
   33.770  1.0000E+00
   33.780  1.0000E+00
   33.790  1.0000E+00
   33.800  1.0000E+00
   33.810  1.0000E+00
   33.820  1.0000E+00
   33.830  1.0000E+00
   33.840  1.0000E+00
   33.850  1.0000E+00
   33.860  1.0000E+00
   33.870  1.0000E+00
   33.880  1.0000E+00
   33.890  1.0000E+00
   33.900  1.0000E+00
   33.910  1.0000E+00
   33.920  1.0000E+00
   33.930  1.0000E+00
   33.940  1.0000E+00
   33.950  1.0000E+00
   33.960  1.0000E+00
   33.970  1.0000E+00
   33.980  1.0000E+00
   33.990  1.0000E+00
   34.000  1.0000E+00
   34.010  1.0000E+00
   34.020  1.0000E+00
   34.030  1.0000E+00
   34.040  1.0000E+00
   34.050  1.0000E+00
   34.060  1.0000E+00
   34.070  1.0000E+00
   34.080  1.0000E+00
   34.090  1.0000E+00
   34.100  1.0000E+00
   34.110  1.0000E+00
   34.120  1.0000E+00
   34.130  1.0000E+00
   34.140  1.0000E+00
   34.150  1.0000E+00
   34.160  1.0000E+00
   34.170  1.0000E+00
   34.180  1.0000E+00
   34.190  1.0000E+00
   34.200  1.0000E+00
   34.210  1.0000E+00
   34.220  1.0000E+00
   34.230  1.0000E+00
   34.240  1.0000E+00
   34.250  1.0000E+00
   34.260  1.0000E+00
   34.270  1.0000E+00
   34.280  1.0000E+00
   34.290  1.0000E+00
   34.300  1.0000E+00
   34.310  1.0000E+00
   34.320  1.0000E+00
   34.330  1.0000E+00
   34.340  1.0000E+00
   34.350  1.0000E+00
   34.360  1.0000E+00
   34.370  1.0000E+00
   34.380  1.0000E+00
   34.390  1.0000E+00
   34.400  1.0000E+00
   34.410  1.0000E+00
   34.420  1.0000E+00
   34.430  1.0000E+00
   34.440  1.0000E+00
   34.450  1.0000E+00
   34.460  1.0000E+00
   34.470  1.0000E+00
   34.480  1.0000E+00
   34.490  1.0000E+00
   34.500  1.0000E+00
   34.510  1.0000E+00
   34.520  1.0000E+00
   34.530  1.0000E+00
   34.540  1.0000E+00
   34.550  1.0000E+00
   34.560  1.0000E+00
   34.570  1.0000E+00
   34.580  1.0000E+00
   34.590  1.0000E+00
   34.600  1.0000E+00
   34.610  1.0000E+00
   34.620  1.0000E+00
   34.630  1.0000E+00
   34.640  1.0000E+00
   34.650  1.0000E+00
   34.660  1.0000E+00
   34.670  1.0000E+00
   34.680  1.0000E+00
   34.690  1.0000E+00
   34.700  1.0000E+00
   34.710  1.0000E+00
   34.720  1.0000E+00
   34.730  1.0000E+00
   34.740  1.0000E+00
   34.750  1.0000E+00
   34.760  1.0000E+00
   34.770  1.0000E+00
   34.780  1.0000E+00
   34.790  1.0000E+00
   34.800  1.0000E+00
   34.810  1.0000E+00
   34.820  1.0000E+00
   34.830  1.0000E+00
   34.840  1.0000E+00
   34.850  1.0000E+00
   34.860  1.0000E+00
   34.870  1.0000E+00
   34.880  1.0000E+00
   34.890  1.0000E+00
   34.900  1.0000E+00
   34.910  1.0000E+00
   34.920  1.0000E+00
   34.930  1.0000E+00
   34.940  1.0000E+00
   34.950  1.0000E+00
   34.960  1.0000E+00
   34.970  1.0000E+00
   34.980  1.0000E+00
   34.990  1.0000E+00
   35.000  1.0000E+00
   35.010  1.0000E+00
   35.020  1.0000E+00
   35.030  1.0000E+00
   35.040  1.0000E+00
   35.050  1.0000E+00
   35.060  1.0000E+00
   35.070  1.0000E+00
   35.080  1.0000E+00
   35.090  1.0000E+00
   35.100  1.0000E+00
   35.110  1.0000E+00
   35.120  1.0000E+00
   35.130  1.0000E+00
   35.140  1.0000E+00
   35.150  1.0000E+00
   35.160  1.0000E+00
   35.170  1.0000E+00
   35.180  1.0000E+00
   35.190  1.0000E+00
   35.200  1.0000E+00
   35.210  1.0000E+00
   35.220  1.0000E+00
   35.230  1.0000E+00
   35.240  1.0000E+00
   35.250  1.0000E+00
   35.260  1.0000E+00
   35.270  1.0000E+00
   35.280  1.0000E+00
   35.290  1.0000E+00
   35.300  1.0000E+00
   35.310  1.0000E+00
   35.320  1.0000E+00
   35.330  1.0000E+00
   35.340  1.0000E+00
   35.350  1.0000E+00
   35.360  1.0000E+00
   35.370  1.0000E+00
   35.380  1.0000E+00
   35.390  1.0000E+00
   35.400  1.0000E+00
   35.410  1.0000E+00
   35.420  1.0000E+00
   35.430  1.0000E+00
   35.440  1.0000E+00
   35.450  1.0000E+00
   35.460  1.0000E+00
   35.470  1.0000E+00
   35.480  1.0000E+00
   35.490  1.0000E+00
   35.500  1.0000E+00
   35.510  1.0000E+00
   35.520  1.0000E+00
   35.530  1.0000E+00
   35.540  1.0000E+00
   35.550  1.0000E+00
   35.560  1.0000E+00
   35.570  1.0000E+00
   35.580  1.0000E+00
   35.590  1.0000E+00
   35.600  1.0000E+00
   35.610  1.0000E+00
   35.620  1.0000E+00
   35.630  1.0000E+00
   35.640  1.0000E+00
   35.650  1.0000E+00
   35.660  1.0000E+00
   35.670  1.0000E+00
   35.680  1.0000E+00
   35.690  1.0000E+00
   35.700  1.0000E+00
   35.710  1.0000E+00
   35.720  1.0000E+00
   35.730  1.0000E+00
   35.740  1.0000E+00
   35.750  1.0000E+00
   35.760  1.0000E+00
   35.770  1.0000E+00
   35.780  1.0000E+00
   35.790  1.0000E+00
   35.800  1.0000E+00
   35.810  1.0000E+00
   35.820  1.0000E+00
   35.830  1.0000E+00
   35.840  1.0000E+00
   35.850  1.0000E+00
   35.860  1.0000E+00
   35.870  1.0000E+00
   35.880  1.0000E+00
   35.890  1.0000E+00
   35.900  1.0000E+00
   35.910  1.0000E+00
   35.920  1.0000E+00
   35.930  1.0000E+00
   35.940  1.0000E+00
   35.950  1.0000E+00
   35.960  1.0000E+00
   35.970  1.0000E+00
   35.980  1.0000E+00
   35.990  1.0000E+00
   36.000  1.0000E+00
   36.010  1.0000E+00
   36.020  1.0000E+00
   36.030  1.0000E+00
   36.040  1.0000E+00
   36.050  1.0000E+00
   36.060  1.0000E+00
   36.070  1.0000E+00
   36.080  1.0000E+00
   36.090  1.0000E+00
   36.100  1.0000E+00
   36.110  1.0000E+00
   36.120  1.0000E+00
   36.130  1.0000E+00
   36.140  1.0000E+00
   36.150  1.0000E+00
   36.160  1.0000E+00
   36.170  1.0000E+00
   36.180  1.0000E+00
   36.190  1.0000E+00
   36.200  1.0000E+00
   36.210  1.0000E+00
   36.220  1.0000E+00
   36.230  1.0000E+00
   36.240  1.0000E+00
   36.250  1.0000E+00
   36.260  1.0000E+00
   36.270  1.0000E+00
   36.280  1.0000E+00
   36.290  1.0000E+00
   36.300  1.0000E+00
   36.310  1.0000E+00
   36.320  1.0000E+00
   36.330  1.0000E+00
   36.340  1.0000E+00
   36.350  1.0000E+00
   36.360  1.0000E+00
   36.370  1.0000E+00
   36.380  1.0000E+00
   36.390  1.0000E+00
   36.400  1.0000E+00
   36.410  1.0000E+00
   36.420  1.0000E+00
   36.430  1.0000E+00
   36.440  1.0000E+00
   36.450  1.0000E+00
   36.460  1.0000E+00
   36.470  1.0000E+00
   36.480  1.0000E+00
   36.490  1.0000E+00
   36.500  1.0000E+00
   36.510  1.0000E+00
   36.520  1.0000E+00
   36.530  1.0000E+00
   36.540  1.0000E+00
   36.550  1.0000E+00
   36.560  1.0000E+00
   36.570  1.0000E+00
   36.580  1.0000E+00
   36.590  1.0000E+00
   36.600  1.0000E+00
   36.610  1.0000E+00
   36.620  1.0000E+00
   36.630  1.0000E+00
   36.640  1.0000E+00
   36.650  1.0000E+00
   36.660  1.0000E+00
   36.670  1.0000E+00
   36.680  1.0000E+00
   36.690  1.0000E+00
   36.700  1.0000E+00
   36.710  1.0000E+00
   36.720  1.0000E+00
   36.730  1.0000E+00
   36.740  1.0000E+00
   36.750  1.0000E+00
   36.760  1.0000E+00
   36.770  1.0000E+00
   36.780  1.0000E+00
   36.790  1.0000E+00
   36.800  1.0000E+00
   36.810  1.0000E+00
   36.820  1.0000E+00
   36.830  1.0000E+00
   36.840  1.0000E+00
   36.850  1.0000E+00
   36.860  1.0000E+00
   36.870  1.0000E+00
   36.880  1.0000E+00
   36.890  1.0000E+00
   36.900  1.0000E+00
   36.910  1.0000E+00
   36.920  1.0000E+00
   36.930  1.0000E+00
   36.940  1.0000E+00
   36.950  1.0000E+00
   36.960  1.0000E+00
   36.970  1.0000E+00
   36.980  1.0000E+00
   36.990  1.0000E+00
   37.000  1.0000E+00
   37.010  1.0000E+00
   37.020  1.0000E+00
   37.030  1.0000E+00
   37.040  1.0000E+00
   37.050  1.0000E+00
   37.060  1.0000E+00
   37.070  1.0000E+00
   37.080  1.0000E+00
   37.090  1.0000E+00
   37.100  1.0000E+00
   37.110  1.0000E+00
   37.120  1.0000E+00
   37.130  1.0000E+00
   37.140  1.0000E+00
   37.150  1.0000E+00
   37.160  1.0000E+00
   37.170  1.0000E+00
   37.180  1.0000E+00
   37.190  1.0000E+00
   37.200  1.0000E+00
   37.210  1.0000E+00
   37.220  1.0000E+00
   37.230  1.0000E+00
   37.240  1.0000E+00
   37.250  1.0000E+00
   37.260  1.0000E+00
   37.270  1.0000E+00
   37.280  1.0000E+00
   37.290  1.0000E+00
   37.300  1.0000E+00
   37.310  1.0000E+00
   37.320  1.0000E+00
   37.330  1.0000E+00
   37.340  1.0000E+00
   37.350  1.0000E+00
   37.360  1.0000E+00
   37.370  1.0000E+00
   37.380  1.0000E+00
   37.390  1.0000E+00
   37.400  1.0000E+00
   37.410  1.0000E+00
   37.420  1.0000E+00
   37.430  1.0000E+00
   37.440  1.0000E+00
   37.450  1.0000E+00
   37.460  1.0000E+00
   37.470  1.0000E+00
   37.480  1.0000E+00
   37.490  1.0000E+00
   37.500  1.0000E+00
   37.510  1.0000E+00
   37.520  1.0000E+00
   37.530  1.0000E+00
   37.540  1.0000E+00
   37.550  1.0000E+00
   37.560  1.0000E+00
   37.570  1.0000E+00
   37.580  1.0000E+00
   37.590  1.0000E+00
   37.600  1.0000E+00
   37.610  1.0000E+00
   37.620  1.0000E+00
   37.630  1.0000E+00
   37.640  1.0000E+00
   37.650  1.0000E+00
   37.660  1.0000E+00
   37.670  1.0000E+00
   37.680  1.0000E+00
   37.690  1.0000E+00
   37.700  1.0000E+00
   37.710  1.0000E+00
   37.720  1.0000E+00
   37.730  1.0000E+00
   37.740  1.0000E+00
   37.750  1.0000E+00
   37.760  1.0000E+00
   37.770  1.0000E+00
   37.780  1.0000E+00
   37.790  1.0000E+00
   37.800  1.0000E+00
   37.810  1.0000E+00
   37.820  1.0000E+00
   37.830  1.0000E+00
   37.840  1.0000E+00
   37.850  1.0000E+00
   37.860  1.0000E+00
   37.870  1.0000E+00
   37.880  1.0000E+00
   37.890  1.0000E+00
   37.900  1.0000E+00
   37.910  1.0000E+00
   37.920  1.0000E+00
   37.930  1.0000E+00
   37.940  1.0000E+00
   37.950  1.0000E+00
   37.960  1.0000E+00
   37.970  1.0000E+00
   37.980  1.0000E+00
   37.990  1.0000E+00
   38.000  1.0000E+00
   38.010  1.0000E+00
   38.020  1.0000E+00
   38.030  1.0000E+00
   38.040  1.0000E+00
   38.050  1.0000E+00
   38.060  1.0000E+00
   38.070  1.0000E+00
   38.080  1.0000E+00
   38.090  1.0000E+00
   38.100  1.0000E+00
   38.110  1.0000E+00
   38.120  1.0000E+00
   38.130  1.0000E+00
   38.140  1.0000E+00
   38.150  1.0000E+00
   38.160  1.0000E+00
   38.170  1.0000E+00
   38.180  1.0000E+00
   38.190  1.0000E+00
   38.200  1.0000E+00
   38.210  1.0000E+00
   38.220  1.0000E+00
   38.230  1.0000E+00
   38.240  1.0000E+00
   38.250  1.0000E+00
   38.260  1.0000E+00
   38.270  1.0000E+00
   38.280  1.0000E+00
   38.290  1.0000E+00
   38.300  1.0000E+00
   38.310  1.0000E+00
   38.320  1.0000E+00
   38.330  1.0000E+00
   38.340  1.0000E+00
   38.350  1.0000E+00
   38.360  1.0000E+00
   38.370  1.0000E+00
   38.380  1.0000E+00
   38.390  1.0000E+00
   38.400  1.0000E+00
   38.410  1.0000E+00
   38.420  1.0000E+00
   38.430  1.0000E+00
   38.440  1.0000E+00
   38.450  1.0000E+00
   38.460  1.0000E+00
   38.470  1.0000E+00
   38.480  1.0000E+00
   38.490  1.0000E+00
   38.500  1.0000E+00
   38.510  1.0000E+00
   38.520  1.0000E+00
   38.530  1.0000E+00
   38.540  1.0000E+00
   38.550  1.0000E+00
   38.560  1.0000E+00
   38.570  1.0000E+00
   38.580  1.0000E+00
   38.590  1.0000E+00
   38.600  1.0000E+00
   38.610  1.0000E+00
   38.620  1.0000E+00
   38.630  1.0000E+00
   38.640  1.0000E+00
   38.650  1.0000E+00
   38.660  1.0000E+00
   38.670  1.0000E+00
   38.680  1.0000E+00
   38.690  1.0000E+00
   38.700  1.0000E+00
   38.710  1.0000E+00
   38.720  1.0000E+00
   38.730  1.0000E+00
   38.740  1.0000E+00
   38.750  1.0000E+00
   38.760  1.0000E+00
   38.770  1.0000E+00
   38.780  1.0000E+00
   38.790  1.0000E+00
   38.800  1.0000E+00
   38.810  1.0000E+00
   38.820  1.0000E+00
   38.830  1.0000E+00
   38.840  1.0000E+00
   38.850  1.0000E+00
   38.860  1.0000E+00
   38.870  1.0000E+00
   38.880  1.0000E+00
   38.890  1.0000E+00
   38.900  1.0000E+00
   38.910  1.0000E+00
   38.920  1.0000E+00
   38.930  1.0000E+00
   38.940  1.0000E+00
   38.950  1.0000E+00
   38.960  1.0000E+00
   38.970  1.0000E+00
   38.980  1.0000E+00
   38.990  1.0000E+00
   39.000  1.0000E+00
   39.010  1.0000E+00
   39.020  1.0000E+00
   39.030  1.0000E+00
   39.040  1.0000E+00
   39.050  1.0000E+00
   39.060  1.0000E+00
   39.070  1.0000E+00
   39.080  1.0000E+00
   39.090  1.0000E+00
   39.100  1.0000E+00
   39.110  1.0000E+00
   39.120  1.0000E+00
   39.130  1.0000E+00
   39.140  1.0000E+00
   39.150  1.0000E+00
   39.160  1.0000E+00
   39.170  1.0000E+00
   39.180  1.0000E+00
   39.190  1.0000E+00
   39.200  1.0000E+00
   39.210  1.0000E+00
   39.220  1.0000E+00
   39.230  1.0000E+00
   39.240  1.0000E+00
   39.250  1.0000E+00
   39.260  1.0000E+00
   39.270  1.0000E+00
   39.280  1.0000E+00
   39.290  1.0000E+00
   39.300  1.0000E+00
   39.310  1.0000E+00
   39.320  1.0000E+00
   39.330  1.0000E+00
   39.340  1.0000E+00
   39.350  1.0000E+00
   39.360  1.0000E+00
   39.370  1.0000E+00
   39.380  1.0000E+00
   39.390  1.0000E+00
   39.400  1.0000E+00
   39.410  1.0000E+00
   39.420  1.0000E+00
   39.430  1.0000E+00
   39.440  1.0000E+00
   39.450  1.0000E+00
   39.460  1.0000E+00
   39.470  1.0000E+00
   39.480  1.0000E+00
   39.490  1.0000E+00
   39.500  1.0000E+00
   39.510  1.0000E+00
   39.520  1.0000E+00
   39.530  1.0000E+00
   39.540  1.0000E+00
   39.550  1.0000E+00
   39.560  1.0000E+00
   39.570  1.0000E+00
   39.580  1.0000E+00
   39.590  1.0000E+00
   39.600  1.0000E+00
   39.610  1.0000E+00
   39.620  1.0000E+00
   39.630  1.0000E+00
   39.640  1.0000E+00
   39.650  1.0000E+00
   39.660  1.0000E+00
   39.670  1.0000E+00
   39.680  1.0000E+00
   39.690  1.0000E+00
   39.700  1.0000E+00
   39.710  1.0000E+00
   39.720  1.0000E+00
   39.730  1.0000E+00
   39.740  1.0000E+00
   39.750  1.0000E+00
   39.760  1.0000E+00
   39.770  1.0000E+00
   39.780  1.0000E+00
   39.790  1.0000E+00
   39.800  1.0000E+00
   39.810  1.0000E+00
   39.820  1.0000E+00
   39.830  1.0000E+00
   39.840  1.0000E+00
   39.850  1.0000E+00
   39.860  1.0000E+00
   39.870  1.0000E+00
   39.880  1.0000E+00
   39.890  1.0000E+00
   39.900  1.0000E+00
   39.910  1.0000E+00
   39.920  1.0000E+00
   39.930  1.0000E+00
   39.940  1.0000E+00
   39.950  1.0000E+00
   39.960  1.0000E+00
   39.970  1.0000E+00
   39.980  1.0000E+00
   39.990  1.0000E+00
   40.000  1.0000E+00
   40.010  1.0000E+00
   40.020  1.0000E+00
   40.030  1.0000E+00
   40.040  1.0000E+00
   40.050  1.0000E+00
   40.060  1.0000E+00
   40.070  1.0000E+00
   40.080  1.0000E+00
   40.090  1.0000E+00
   40.100  1.0000E+00
   40.110  1.0000E+00
   40.120  1.0000E+00
   40.130  1.0000E+00
   40.140  1.0000E+00
   40.150  1.0000E+00
   40.160  1.0000E+00
   40.170  1.0000E+00
   40.180  1.0000E+00
   40.190  1.0000E+00
   40.200  1.0000E+00
   40.210  1.0000E+00
   40.220  1.0000E+00
   40.230  1.0000E+00
   40.240  1.0000E+00
   40.250  1.0000E+00
   40.260  1.0000E+00
   40.270  1.0000E+00
   40.280  1.0000E+00
   40.290  1.0000E+00
   40.300  1.0000E+00
   40.310  1.0000E+00
   40.320  1.0000E+00
   40.330  1.0000E+00
   40.340  1.0000E+00
   40.350  1.0000E+00
   40.360  1.0000E+00
   40.370  1.0000E+00
   40.380  1.0000E+00
   40.390  1.0000E+00
   40.400  1.0000E+00
   40.410  1.0000E+00
   40.420  1.0000E+00
   40.430  1.0000E+00
   40.440  1.0000E+00
   40.450  1.0000E+00
   40.460  1.0000E+00
   40.470  1.0000E+00
   40.480  1.0000E+00
   40.490  1.0000E+00
   40.500  1.0000E+00
   40.510  1.0000E+00
   40.520  1.0000E+00
   40.530  1.0000E+00
   40.540  1.0000E+00
   40.550  1.0000E+00
   40.560  1.0000E+00
   40.570  1.0000E+00
   40.580  1.0000E+00
   40.590  1.0000E+00
   40.600  1.0000E+00
   40.610  1.0000E+00
   40.620  1.0000E+00
   40.630  1.0000E+00
   40.640  1.0000E+00
   40.650  1.0000E+00
   40.660  1.0000E+00
   40.670  1.0000E+00
   40.680  1.0000E+00
   40.690  1.0000E+00
   40.700  1.0000E+00
   40.710  1.0000E+00
   40.720  1.0000E+00
   40.730  1.0000E+00
   40.740  1.0000E+00
   40.750  1.0000E+00
   40.760  1.0000E+00
   40.770  1.0000E+00
   40.780  1.0000E+00
   40.790  1.0000E+00
   40.800  1.0000E+00
   40.810  1.0000E+00
   40.820  1.0000E+00
   40.830  1.0000E+00
   40.840  1.0000E+00
   40.850  1.0000E+00
   40.860  1.0000E+00
   40.870  1.0000E+00
   40.880  1.0000E+00
   40.890  1.0000E+00
   40.900  1.0000E+00
   40.910  1.0000E+00
   40.920  1.0000E+00
   40.930  1.0000E+00
   40.940  1.0000E+00
   40.950  1.0000E+00
