  isite ihyp  i0  j0   i   j nsubs Diff_T_arrive NoOfEffectiveSubfaults NumberOfActiveSubs     f0main 1stElmntF0         f0        hij iflagscalefactor   1/f0main    1/1stF0       1/f0 riset_orig    dur_sub subFaultM0  Tot/subM0
      1    1   7  11   1   1   280     4.823E+00                      7                189  2.656E-01  1.738E+00  3.028E-01  1.299E+01                2  3.765E+00  5.755E-01  3.303E+00  2.402E-01  3.303E+00  0.000E+00  Infinity 
      1    1   7  11   1   2   280     4.292E+00                      7                183  2.656E-01  1.738E+00  3.061E-01  1.273E+01                2  3.765E+00  5.755E-01  3.267E+00  2.402E-01  3.267E+00  0.000E+00  Infinity 
      1    1   7  11   1   3   280     3.820E+00                      7                171  2.656E-01  1.738E+00  3.131E-01  1.218E+01                2  3.765E+00  5.755E-01  3.194E+00  2.402E-01  3.194E+00  0.000E+00  Infinity 
      1    1   7  11   1   4   280     3.413E+00                      7                153  2.656E-01  1.738E+00  3.249E-01  1.135E+01                2  3.765E+00  5.755E-01  3.078E+00  2.402E-01  3.078E+00  0.000E+00  Infinity 
      1    1   7  11   1   5   280     3.074E+00                      7                130  2.656E-01  1.738E+00  3.430E-01  1.022E+01                2  3.765E+00  5.755E-01  2.915E+00  2.402E-01  2.915E+00  8.369E+21  3.779E+03
      1    1   7  11   1   6   280     2.805E+00                      7                130  2.656E-01  1.738E+00  3.430E-01  1.022E+01                2  3.765E+00  5.755E-01  2.915E+00  2.402E-01  2.915E+00  2.314E+22  1.367E+03
      1    1   7  11   1   7   280     2.612E+00                      7                130  2.656E-01  1.738E+00  3.430E-01  1.022E+01                2  3.765E+00  5.755E-01  2.915E+00  2.402E-01  2.935E+00  3.590E+22  8.808E+02
      1    1   7  11   1   8   280     2.499E+00                      7                130  2.656E-01  1.738E+00  3.430E-01  1.022E+01                2  3.765E+00  5.755E-01  2.915E+00  2.402E-01  3.048E+00  4.210E+22  7.512E+02
      1    1   7  11   1   9   280     2.477E+00                      7                130  2.656E-01  1.738E+00  3.430E-01  1.022E+01                2  3.765E+00  5.755E-01  2.915E+00  2.402E-01  3.177E+00  4.113E+22  7.688E+02
      1    1   7  11   1  10   280     2.561E+00                      7                130  2.656E-01  1.738E+00  3.430E-01  1.022E+01                2  3.765E+00  5.755E-01  2.915E+00  2.402E-01  3.321E+00  3.452E+22  9.160E+02
      1    1   7  11   1  11   280     2.762E+00                      7                130  2.656E-01  1.738E+00  3.430E-01  1.022E+01                2  3.765E+00  5.755E-01  2.915E+00  2.402E-01  3.476E+00  2.477E+22  1.277E+03
      1    1   7  11   1  12   280     3.085E+00                      7                130  2.656E-01  1.738E+00  3.430E-01  1.022E+01                2  3.765E+00  5.755E-01  2.915E+00  2.402E-01  3.640E+00  1.465E+22  2.159E+03
      1    1   7  11   1  13   280     3.519E+00                      7                130  2.656E-01  1.738E+00  3.430E-01  1.022E+01                2  3.765E+00  5.755E-01  2.915E+00  2.402E-01  3.810E+00  6.402E+21  4.939E+03
      1    1   7  11   1  14   280     4.045E+00                      7                130  2.656E-01  1.738E+00  3.430E-01  1.022E+01                2  3.765E+00  5.755E-01  2.915E+00  2.402E-01  3.987E+00  1.423E+21  2.223E+04
      1    1   7  11   2   1   280     4.482E+00                      7                189  2.656E-01  1.738E+00  3.028E-01  1.299E+01                2  3.765E+00  5.755E-01  3.303E+00  2.402E-01  3.303E+00  0.000E+00  Infinity 
      1    1   7  11   2   2   280     3.930E+00                      7                183  2.656E-01  1.738E+00  3.061E-01  1.273E+01                2  3.765E+00  5.755E-01  3.267E+00  2.402E-01  3.267E+00  0.000E+00  Infinity 
      1    1   7  11   2   3   280     3.439E+00                      7                171  2.656E-01  1.738E+00  3.131E-01  1.218E+01                2  3.765E+00  5.755E-01  3.194E+00  2.402E-01  3.194E+00  0.000E+00  Infinity 
      1    1   7  11   2   4   280     3.014E+00                      7                153  2.656E-01  1.738E+00  3.249E-01  1.135E+01                2  3.765E+00  5.755E-01  3.078E+00  2.402E-01  3.078E+00  6.151E+21  5.141E+03
      1    1   7  11   2   5   280     2.659E+00                      7                130  2.656E-01  1.738E+00  3.430E-01  1.022E+01                2  3.765E+00  5.755E-01  2.915E+00  2.402E-01  2.915E+00  2.653E+22  1.192E+03
      1    1   7  11   2   6   280     2.375E+00                      7                 99  2.656E-01  1.738E+00  3.756E-01  8.591E+00                2  3.765E+00  5.755E-01  2.662E+00  2.402E-01  2.662E+00  5.331E+22  5.932E+02
      1    1   7  11   2   7   280     2.163E+00                      7                 99  2.656E-01  1.738E+00  3.756E-01  8.591E+00                2  3.765E+00  5.755E-01  2.662E+00  2.402E-01  2.662E+00  7.524E+22  4.203E+02
      1    1   7  11   2   8   280     2.029E+00                      7                 99  2.656E-01  1.738E+00  3.756E-01  8.591E+00                2  3.765E+00  5.755E-01  2.662E+00  2.402E-01  2.691E+00  8.536E+22  3.704E+02
      1    1   7  11   2   9   280     1.986E+00                      7                 99  2.656E-01  1.738E+00  3.756E-01  8.591E+00                2  3.765E+00  5.755E-01  2.662E+00  2.402E-01  2.829E+00  8.239E+22  3.838E+02
      1    1   7  11   2  10   280     2.055E+00                      7                 99  2.656E-01  1.738E+00  3.756E-01  8.591E+00                2  3.765E+00  5.755E-01  2.662E+00  2.402E-01  2.980E+00  6.904E+22  4.580E+02
      1    1   7  11   2  11   280     2.257E+00                      7                 99  2.656E-01  1.738E+00  3.756E-01  8.591E+00                2  3.765E+00  5.755E-01  2.662E+00  2.402E-01  3.141E+00  4.996E+22  6.329E+02
      1    1   7  11   2  12   280     2.600E+00                      7                 99  2.656E-01  1.738E+00  3.756E-01  8.591E+00                2  3.765E+00  5.755E-01  2.662E+00  2.402E-01  3.311E+00  3.013E+22  1.050E+03
      1    1   7  11   2  13   280     3.070E+00                      7                 99  2.656E-01  1.738E+00  3.756E-01  8.591E+00                2  3.765E+00  5.755E-01  2.662E+00  2.402E-01  3.487E+00  1.381E+22  2.290E+03
      1    1   7  11   2  14   280     3.637E+00                      7                 99  2.656E-01  1.738E+00  3.756E-01  8.591E+00                2  3.765E+00  5.755E-01  2.662E+00  2.402E-01  3.669E+00  3.599E+21  8.787E+03
      1    1   7  11   3   1   280     4.179E+00                      7                189  2.656E-01  1.738E+00  3.028E-01  1.299E+01                2  3.765E+00  5.755E-01  3.303E+00  2.402E-01  3.303E+00  0.000E+00  Infinity 
      1    1   7  11   3   2   280     3.606E+00                      7                183  2.656E-01  1.738E+00  3.061E-01  1.273E+01                2  3.765E+00  5.755E-01  3.267E+00  2.402E-01  3.267E+00  0.000E+00  Infinity 
      1    1   7  11   3   3   280     3.096E+00                      7                171  2.656E-01  1.738E+00  3.131E-01  1.218E+01                2  3.765E+00  5.755E-01  3.194E+00  2.402E-01  3.194E+00  8.829E+21  3.582E+03
      1    1   7  11   3   4   280     2.656E+00                      7                153  2.656E-01  1.738E+00  3.249E-01  1.135E+01                2  3.765E+00  5.755E-01  3.078E+00  2.402E-01  3.078E+00  2.661E+22  1.188E+03
      1    1   7  11   3   5   280     2.287E+00                      7                130  2.656E-01  1.738E+00  3.430E-01  1.022E+01                2  3.765E+00  5.755E-01  2.915E+00  2.402E-01  2.915E+00  5.645E+22  5.602E+02
      1    1   7  11   3   6   280     1.988E+00                      7                 99  2.656E-01  1.738E+00  3.756E-01  8.591E+00                2  3.765E+00  5.755E-01  2.662E+00  2.402E-01  2.662E+00  9.089E+22  3.479E+02
      1    1   7  11   3   7   280     1.757E+00                      7                 72  2.656E-01  1.738E+00  4.177E-01  7.016E+00                2  3.765E+00  5.755E-01  2.394E+00  2.402E-01  2.394E+00  1.180E+23  2.681E+02
      1    1   7  11   3   8   280     1.598E+00                      7                 72  2.656E-01  1.738E+00  4.177E-01  7.016E+00                2  3.765E+00  5.755E-01  2.394E+00  2.402E-01  2.394E+00  1.294E+23  2.443E+02
      1    1   7  11   3   9   280     1.526E+00                      7                 72  2.656E-01  1.738E+00  4.177E-01  7.016E+00                2  3.765E+00  5.755E-01  2.394E+00  2.402E-01  2.475E+00  1.234E+23  2.563E+02
      1    1   7  11   3  10   280     1.571E+00                      7                 72  2.656E-01  1.738E+00  4.177E-01  7.016E+00                2  3.765E+00  5.755E-01  2.394E+00  2.402E-01  2.633E+00  1.033E+23  3.061E+02
      1    1   7  11   3  11   280     1.768E+00                      7                 72  2.656E-01  1.738E+00  4.177E-01  7.016E+00                2  3.765E+00  5.755E-01  2.394E+00  2.402E-01  2.801E+00  7.536E+22  4.196E+02
      1    1   7  11   3  12   280     2.135E+00                      7                 72  2.656E-01  1.738E+00  4.177E-01  7.016E+00                2  3.765E+00  5.755E-01  2.394E+00  2.402E-01  2.976E+00  4.645E+22  6.808E+02
      1    1   7  11   3  13   280     2.649E+00                      7                 72  2.656E-01  1.738E+00  4.177E-01  7.016E+00                2  3.765E+00  5.755E-01  2.394E+00  2.402E-01  3.157E+00  2.239E+22  1.413E+03
      1    1   7  11   3  14   280     3.265E+00                      7                 72  2.656E-01  1.738E+00  4.177E-01  7.016E+00                2  3.765E+00  5.755E-01  2.394E+00  2.402E-01  3.343E+00  6.821E+21  4.636E+03
      1    1   7  11   4   1   280     3.919E+00                      7                189  2.656E-01  1.738E+00  3.028E-01  1.299E+01                2  3.765E+00  5.755E-01  3.303E+00  2.402E-01  3.303E+00  4.226E+21  7.482E+03
      1    1   7  11   4   2   280     3.327E+00                      7                183  2.656E-01  1.738E+00  3.061E-01  1.273E+01                2  3.765E+00  5.755E-01  3.267E+00  2.402E-01  3.267E+00  1.268E+22  2.494E+03
      1    1   7  11   4   3   280     2.800E+00                      7                171  2.656E-01  1.738E+00  3.131E-01  1.218E+01                2  3.765E+00  5.755E-01  3.194E+00  2.402E-01  3.194E+00  3.013E+22  1.050E+03
      1    1   7  11   4   4   280     2.347E+00                      7                153  2.656E-01  1.738E+00  3.249E-01  1.135E+01                2  3.765E+00  5.755E-01  3.078E+00  2.402E-01  3.078E+00  5.590E+22  5.657E+02
      1    1   7  11   4   5   280     1.966E+00                      7                130  2.656E-01  1.738E+00  3.430E-01  1.022E+01                2  3.765E+00  5.755E-01  2.915E+00  2.402E-01  2.915E+00  9.218E+22  3.430E+02
      1    1   7  11   4   6   280     1.654E+00                      7                 99  2.656E-01  1.738E+00  3.756E-01  8.591E+00                2  3.765E+00  5.755E-01  2.662E+00  2.402E-01  2.662E+00  1.316E+23  2.402E+02
      1    1   7  11   4   7   280     1.405E+00                      7                 72  2.656E-01  1.738E+00  4.177E-01  7.016E+00                2  3.765E+00  5.755E-01  2.394E+00  2.402E-01  2.394E+00  1.616E+23  1.956E+02
      1    1   7  11   4   8   280     1.219E+00                      7                 49  2.656E-01  1.738E+00  4.748E-01  5.500E+00                2  3.765E+00  5.755E-01  2.106E+00  2.402E-01  2.106E+00  1.729E+23  1.828E+02
      1    1   7  11   4   9   280     1.109E+00                      7                 49  2.656E-01  1.738E+00  4.748E-01  5.500E+00                2  3.765E+00  5.755E-01  2.106E+00  2.402E-01  2.113E+00  1.633E+23  1.937E+02
      1    1   7  11   4  10   280     1.113E+00                      7                 49  2.656E-01  1.738E+00  4.748E-01  5.500E+00                2  3.765E+00  5.755E-01  2.106E+00  2.402E-01  2.277E+00  1.367E+23  2.314E+02
      1    1   7  11   4  11   280     1.296E+00                      7                 49  2.656E-01  1.738E+00  4.748E-01  5.500E+00                2  3.765E+00  5.755E-01  2.106E+00  2.402E-01  2.451E+00  1.005E+23  3.146E+02
      1    1   7  11   4  12   280     1.696E+00                      7                 49  2.656E-01  1.738E+00  4.748E-01  5.500E+00                2  3.765E+00  5.755E-01  2.106E+00  2.402E-01  2.631E+00  6.323E+22  5.001E+02
      1    1   7  11   4  13   280     2.268E+00                      7                 49  2.656E-01  1.738E+00  4.748E-01  5.500E+00                2  3.765E+00  5.755E-01  2.106E+00  2.402E-01  2.817E+00  3.197E+22  9.892E+02
      1    1   7  11   4  14   280     2.941E+00                      7                 49  2.656E-01  1.738E+00  4.748E-01  5.500E+00                2  3.765E+00  5.755E-01  2.106E+00  2.402E-01  3.007E+00  1.113E+22  2.841E+03
      1    1   7  11   5   1   280     3.709E+00                      7                189  2.656E-01  1.738E+00  3.028E-01  1.299E+01                2  3.765E+00  5.755E-01  3.303E+00  2.402E-01  3.303E+00  1.239E+22  2.553E+03
      1    1   7  11   5   2   280     3.099E+00                      7                183  2.656E-01  1.738E+00  3.061E-01  1.273E+01                2  3.765E+00  5.755E-01  3.267E+00  2.402E-01  3.267E+00  2.670E+22  1.185E+03
      1    1   7  11   5   3   280     2.559E+00                      7                171  2.656E-01  1.738E+00  3.131E-01  1.218E+01                2  3.765E+00  5.755E-01  3.194E+00  2.402E-01  3.194E+00  4.908E+22  6.443E+02
      1    1   7  11   5   4   280     2.095E+00                      7                153  2.656E-01  1.738E+00  3.249E-01  1.135E+01                2  3.765E+00  5.755E-01  3.078E+00  2.402E-01  3.078E+00  8.193E+22  3.860E+02
      1    1   7  11   5   5   280     1.708E+00                      7                130  2.656E-01  1.738E+00  3.430E-01  1.022E+01                2  3.765E+00  5.755E-01  2.915E+00  2.402E-01  2.915E+00  1.255E+23  2.520E+02
      1    1   7  11   5   6   280     1.387E+00                      7                 99  2.656E-01  1.738E+00  3.756E-01  8.591E+00                2  3.765E+00  5.755E-01  2.662E+00  2.402E-01  2.662E+00  1.706E+23  1.854E+02
      1    1   7  11   5   7   280     1.124E+00                      7                 72  2.656E-01  1.738E+00  4.177E-01  7.016E+00                2  3.765E+00  5.755E-01  2.394E+00  2.402E-01  2.394E+00  2.035E+23  1.554E+02
      1    1   7  11   5   8   280     9.108E-01                      7                 49  2.656E-01  1.738E+00  4.748E-01  5.500E+00                2  3.765E+00  5.755E-01  2.106E+00  2.402E-01  2.106E+00  2.144E+23  1.475E+02
      1    1   7  11   5   9   280     7.555E-01                      7                 25  2.656E-01  1.738E+00  5.943E-01  3.607E+00                2  3.765E+00  5.755E-01  1.683E+00  2.402E-01  1.683E+00  2.011E+23  1.572E+02
      1    1   7  11   5  10   280     6.961E-01                      7                 25  2.656E-01  1.738E+00  5.943E-01  3.607E+00                2  3.765E+00  5.755E-01  1.683E+00  2.402E-01  1.799E+00  1.683E+23  1.878E+02
      1    1   7  11   5  11   280     8.431E-01                      7                 25  2.656E-01  1.738E+00  5.943E-01  3.607E+00                2  3.765E+00  5.755E-01  1.683E+00  2.402E-01  1.977E+00  1.247E+23  2.535E+02
      1    1   7  11   5  12   280     1.294E+00                      7                 25  2.656E-01  1.738E+00  5.943E-01  3.607E+00                2  3.765E+00  5.755E-01  1.683E+00  2.402E-01  2.162E+00  7.988E+22  3.959E+02
      1    1   7  11   5  13   280     1.946E+00                      7                 25  2.656E-01  1.738E+00  5.943E-01  3.607E+00                2  3.765E+00  5.755E-01  1.683E+00  2.402E-01  2.352E+00  4.197E+22  7.535E+02
      1    1   7  11   5  14   280     2.681E+00                      7                 49  2.656E-01  1.738E+00  4.748E-01  5.500E+00                2  3.765E+00  5.755E-01  2.106E+00  2.402E-01  2.968E+00  1.619E+22  1.953E+03
      1    1   7  11   6   1   280     3.556E+00                      7                189  2.656E-01  1.738E+00  3.028E-01  1.299E+01                2  3.765E+00  5.755E-01  3.303E+00  2.402E-01  3.303E+00  1.573E+22  2.010E+03
      1    1   7  11   6   2   280     2.932E+00                      7                183  2.656E-01  1.738E+00  3.061E-01  1.273E+01                2  3.765E+00  5.755E-01  3.267E+00  2.402E-01  3.267E+00  3.080E+22  1.027E+03
      1    1   7  11   6   3   280     2.381E+00                      7                171  2.656E-01  1.738E+00  3.131E-01  1.218E+01                2  3.765E+00  5.755E-01  3.194E+00  2.402E-01  3.194E+00  5.607E+22  5.640E+02
      1    1   7  11   6   4   280     1.912E+00                      7                153  2.656E-01  1.738E+00  3.249E-01  1.135E+01                2  3.765E+00  5.755E-01  3.078E+00  2.402E-01  3.078E+00  9.808E+22  3.224E+02
      1    1   7  11   6   5   280     1.522E+00                      7                130  2.656E-01  1.738E+00  3.430E-01  1.022E+01                2  3.765E+00  5.755E-01  2.915E+00  2.402E-01  2.915E+00  1.524E+23  2.075E+02
      1    1   7  11   6   6   280     1.199E+00                      7                 99  2.656E-01  1.738E+00  3.756E-01  8.591E+00                2  3.765E+00  5.755E-01  2.662E+00  2.402E-01  2.662E+00  2.056E+23  1.538E+02
      1    1   7  11   6   7   280     9.271E-01                      7                 72  2.656E-01  1.738E+00  4.177E-01  7.016E+00                2  3.765E+00  5.755E-01  2.394E+00  2.402E-01  2.394E+00  2.424E+23  1.304E+02
      1    1   7  11   6   8   280     6.950E-01                      7                 49  2.656E-01  1.738E+00  4.748E-01  5.500E+00                2  3.765E+00  5.755E-01  2.106E+00  2.402E-01  2.106E+00  2.532E+23  1.249E+02
      1    1   7  11   6   9   280     4.981E-01                      7                 25  2.656E-01  1.738E+00  5.943E-01  3.607E+00                2  3.765E+00  5.755E-01  1.683E+00  2.402E-01  1.683E+00  2.364E+23  1.338E+02
      1    1   7  11   6  10   280     3.534E-01                      7                  9  2.656E-01  1.738E+00  8.354E-01  1.921E+00                2  3.765E+00  5.755E-01  1.197E+00  2.402E-01  1.271E+00  1.978E+23  1.598E+02
      1    1   7  11   6  11   280     4.106E-01                      7                  9  2.656E-01  1.738E+00  8.354E-01  1.921E+00                2  3.765E+00  5.755E-01  1.197E+00  2.402E-01  1.454E+00  1.473E+23  2.146E+02
      1    1   7  11   6  12   280     9.639E-01                      7                  9  2.656E-01  1.738E+00  8.354E-01  1.921E+00                2  3.765E+00  5.755E-01  1.197E+00  2.402E-01  1.642E+00  9.566E+22  3.306E+02
      1    1   7  11   6  13   280     1.713E+00                      7                 25  2.656E-01  1.738E+00  5.943E-01  3.607E+00                2  3.765E+00  5.755E-01  1.683E+00  2.402E-01  2.320E+00  5.180E+22  6.104E+02
      1    1   7  11   6  14   280     2.503E+00                      7                 49  2.656E-01  1.738E+00  4.748E-01  5.500E+00                2  3.765E+00  5.755E-01  2.106E+00  2.402E-01  2.939E+00  2.147E+22  1.473E+03
      1    1   7  11   7   1   280     3.467E+00                      7                189  2.656E-01  1.738E+00  3.028E-01  1.299E+01                2  3.765E+00  5.755E-01  3.303E+00  2.402E-01  3.303E+00  1.460E+22  2.165E+03
      1    1   7  11   7   2   280     2.835E+00                      7                183  2.656E-01  1.738E+00  3.061E-01  1.273E+01                2  3.765E+00  5.755E-01  3.267E+00  2.402E-01  3.267E+00  2.640E+22  1.198E+03
      1    1   7  11   7   3   280     2.278E+00                      7                171  2.656E-01  1.738E+00  3.131E-01  1.218E+01                2  3.765E+00  5.755E-01  3.194E+00  2.402E-01  3.194E+00  5.331E+22  5.932E+02
      1    1   7  11   7   4   280     1.807E+00                      7                153  2.656E-01  1.738E+00  3.249E-01  1.135E+01                2  3.765E+00  5.755E-01  3.078E+00  2.402E-01  3.078E+00  1.070E+23  2.954E+02
      1    1   7  11   7   5   280     1.419E+00                      7                130  2.656E-01  1.738E+00  3.430E-01  1.022E+01                2  3.765E+00  5.755E-01  2.915E+00  2.402E-01  2.915E+00  1.751E+23  1.806E+02
      1    1   7  11   7   6   280     1.099E+00                      7                 99  2.656E-01  1.738E+00  3.756E-01  8.591E+00                2  3.765E+00  5.755E-01  2.662E+00  2.402E-01  2.662E+00  2.381E+23  1.328E+02
      1    1   7  11   7   7   280     8.287E-01                      7                 72  2.656E-01  1.738E+00  4.177E-01  7.016E+00                2  3.765E+00  5.755E-01  2.394E+00  2.402E-01  2.394E+00  2.792E+23  1.133E+02
      1    1   7  11   7   8   280     5.927E-01                      7                 49  2.656E-01  1.738E+00  4.748E-01  5.500E+00                2  3.765E+00  5.755E-01  2.106E+00  2.402E-01  2.106E+00  2.894E+23  1.093E+02
      1    1   7  11   7   9   280     3.803E-01                      7                 25  2.656E-01  1.738E+00  5.943E-01  3.607E+00                2  3.765E+00  5.755E-01  1.683E+00  2.402E-01  1.683E+00  2.688E+23  1.176E+02
      1    1   7  11   7  10   280     1.844E-01                      7                  9  2.656E-01  1.738E+00  8.354E-01  1.921E+00                2  3.765E+00  5.755E-01  1.197E+00  2.402E-01  1.244E+00  2.245E+23  1.409E+02
      1    1   7  11   7  11   280     0.000E+00                      7                  1  2.656E-01  1.738E+00  1.738E+00  5.268E-01                2  3.765E+00  5.755E-01  5.755E-01  2.402E-01  8.080E-01  1.676E+23  1.887E+02
      1    1   7  11   7  12   280     8.030E-01                      7                  9  2.656E-01  1.738E+00  8.354E-01  1.921E+00                2  3.765E+00  5.755E-01  1.197E+00  2.402E-01  1.620E+00  1.098E+23  2.881E+02
      1    1   7  11   7  13   280     1.612E+00                      7                 25  2.656E-01  1.738E+00  5.943E-01  3.607E+00                2  3.765E+00  5.755E-01  1.683E+00  2.402E-01  2.300E+00  6.072E+22  5.208E+02
      1    1   7  11   7  14   280     2.426E+00                      7                 49  2.656E-01  1.738E+00  4.748E-01  5.500E+00                2  3.765E+00  5.755E-01  2.106E+00  2.402E-01  2.920E+00  2.640E+22  1.198E+03
      1    1   7  11   8   1   280     3.447E+00                      7                189  2.656E-01  1.738E+00  3.028E-01  1.299E+01                2  3.765E+00  5.755E-01  3.303E+00  2.402E-01  3.303E+00  3.009E+22  1.051E+03
      1    1   7  11   8   2   280     2.813E+00                      7                183  2.656E-01  1.738E+00  3.061E-01  1.273E+01                2  3.765E+00  5.755E-01  3.267E+00  2.402E-01  3.267E+00  2.527E+22  1.251E+03
      1    1   7  11   8   3   280     2.257E+00                      7                171  2.656E-01  1.738E+00  3.131E-01  1.218E+01                2  3.765E+00  5.755E-01  3.194E+00  2.402E-01  3.194E+00  5.084E+22  6.220E+02
      1    1   7  11   8   4   280     1.789E+00                      7                153  2.656E-01  1.738E+00  3.249E-01  1.135E+01                2  3.765E+00  5.755E-01  3.078E+00  2.402E-01  3.078E+00  1.171E+23  2.701E+02
      1    1   7  11   8   5   280     1.407E+00                      7                130  2.656E-01  1.738E+00  3.430E-01  1.022E+01                2  3.765E+00  5.755E-01  2.915E+00  2.402E-01  2.915E+00  1.994E+23  1.586E+02
      1    1   7  11   8   6   280     1.095E+00                      7                 99  2.656E-01  1.738E+00  3.756E-01  8.591E+00                2  3.765E+00  5.755E-01  2.662E+00  2.402E-01  2.662E+00  2.714E+23  1.165E+02
      1    1   7  11   8   7   280     8.353E-01                      7                 72  2.656E-01  1.738E+00  4.177E-01  7.016E+00                2  3.765E+00  5.755E-01  2.394E+00  2.402E-01  2.394E+00  3.153E+23  1.003E+02
      1    1   7  11   8   8   280     6.139E-01                      7                 49  2.656E-01  1.738E+00  4.748E-01  5.500E+00                2  3.765E+00  5.755E-01  2.106E+00  2.402E-01  2.106E+00  3.235E+23  9.774E+01
      1    1   7  11   8   9   280     4.261E-01                      7                 25  2.656E-01  1.738E+00  5.943E-01  3.607E+00                2  3.765E+00  5.755E-01  1.683E+00  2.402E-01  1.683E+00  2.980E+23  1.061E+02
      1    1   7  11   8  10   280     2.892E-01                      7                  9  2.656E-01  1.738E+00  8.354E-01  1.921E+00                2  3.765E+00  5.755E-01  1.197E+00  2.402E-01  1.232E+00  2.476E+23  1.277E+02
      1    1   7  11   8  11   280     3.529E-01                      7                  9  2.656E-01  1.738E+00  8.354E-01  1.921E+00                2  3.765E+00  5.755E-01  1.197E+00  2.402E-01  1.419E+00  1.845E+23  1.714E+02
      1    1   7  11   8  12   280     9.115E-01                      7                  9  2.656E-01  1.738E+00  8.354E-01  1.921E+00                2  3.765E+00  5.755E-01  1.197E+00  2.402E-01  1.610E+00  1.213E+23  2.608E+02
      1    1   7  11   8  13   280     1.666E+00                      7                 25  2.656E-01  1.738E+00  5.943E-01  3.607E+00                2  3.765E+00  5.755E-01  1.683E+00  2.402E-01  2.291E+00  6.783E+22  4.662E+02
      1    1   7  11   8  14   280     2.459E+00                      7                 49  2.656E-01  1.738E+00  4.748E-01  5.500E+00                2  3.765E+00  5.755E-01  2.106E+00  2.402E-01  2.912E+00  3.030E+22  1.044E+03
      1    1   7  11   9   1   280     3.500E+00                      7                189  2.656E-01  1.738E+00  3.028E-01  1.299E+01                2  3.765E+00  5.755E-01  3.303E+00  2.402E-01  3.303E+00  3.988E+22  7.930E+02
      1    1   7  11   9   2   280     2.871E+00                      7                183  2.656E-01  1.738E+00  3.061E-01  1.273E+01                2  3.765E+00  5.755E-01  3.267E+00  2.402E-01  3.267E+00  2.657E+22  1.190E+03
      1    1   7  11   9   3   280     2.321E+00                      7                171  2.656E-01  1.738E+00  3.131E-01  1.218E+01                2  3.765E+00  5.755E-01  3.194E+00  2.402E-01  3.194E+00  5.641E+22  5.606E+02
      1    1   7  11   9   4   280     1.860E+00                      7                153  2.656E-01  1.738E+00  3.249E-01  1.135E+01                2  3.765E+00  5.755E-01  3.078E+00  2.402E-01  3.078E+00  1.359E+23  2.327E+02
      1    1   7  11   9   5   280     1.487E+00                      7                130  2.656E-01  1.738E+00  3.430E-01  1.022E+01                2  3.765E+00  5.755E-01  2.915E+00  2.402E-01  2.915E+00  2.300E+23  1.375E+02
      1    1   7  11   9   6   280     1.187E+00                      7                 99  2.656E-01  1.738E+00  3.756E-01  8.591E+00                2  3.765E+00  5.755E-01  2.662E+00  2.402E-01  2.662E+00  3.077E+23  1.028E+02
      1    1   7  11   9   7   280     9.449E-01                      7                 72  2.656E-01  1.738E+00  4.177E-01  7.016E+00                2  3.765E+00  5.755E-01  2.394E+00  2.402E-01  2.394E+00  3.512E+23  9.004E+01
      1    1   7  11   9   8   280     7.520E-01                      7                 49  2.656E-01  1.738E+00  4.748E-01  5.500E+00                2  3.765E+00  5.755E-01  2.106E+00  2.402E-01  2.106E+00  3.549E+23  8.911E+01
      1    1   7  11   9   9   280     6.140E-01                      7                 25  2.656E-01  1.738E+00  5.943E-01  3.607E+00                2  3.765E+00  5.755E-01  1.683E+00  2.402E-01  1.683E+00  3.230E+23  9.790E+01
      1    1   7  11   9  10   280     5.694E-01                      7                 25  2.656E-01  1.738E+00  5.943E-01  3.607E+00                2  3.765E+00  5.755E-01  1.683E+00  2.402E-01  1.722E+00  2.660E+23  1.189E+02
      1    1   7  11   9  11   280     7.288E-01                      7                 25  2.656E-01  1.738E+00  5.943E-01  3.607E+00                2  3.765E+00  5.755E-01  1.683E+00  2.402E-01  1.908E+00  1.970E+23  1.605E+02
      1    1   7  11   9  12   280     1.191E+00                      7                 25  2.656E-01  1.738E+00  5.943E-01  3.607E+00                2  3.765E+00  5.755E-01  1.683E+00  2.402E-01  2.099E+00  1.291E+23  2.449E+02
      1    1   7  11   9  13   280     1.851E+00                      7                 25  2.656E-01  1.738E+00  5.943E-01  3.607E+00                2  3.765E+00  5.755E-01  1.683E+00  2.402E-01  2.294E+00  7.239E+22  4.368E+02
      1    1   7  11   9  14   280     2.593E+00                      7                 49  2.656E-01  1.738E+00  4.748E-01  5.500E+00                2  3.765E+00  5.755E-01  2.106E+00  2.402E-01  2.915E+00  3.264E+22  9.689E+02
      1    1   7  11  10   1   280     3.622E+00                      7                189  2.656E-01  1.738E+00  3.028E-01  1.299E+01                2  3.765E+00  5.755E-01  3.303E+00  2.402E-01  3.303E+00  4.410E+22  7.170E+02
      1    1   7  11  10   2   280     3.007E+00                      7                183  2.656E-01  1.738E+00  3.061E-01  1.273E+01                2  3.765E+00  5.755E-01  3.267E+00  2.402E-01  3.267E+00  2.996E+22  1.055E+03
      1    1   7  11  10   3   280     2.468E+00                      7                171  2.656E-01  1.738E+00  3.131E-01  1.218E+01                2  3.765E+00  5.755E-01  3.194E+00  2.402E-01  3.194E+00  7.185E+22  4.401E+02
      1    1   7  11  10   4   280     2.018E+00                      7                153  2.656E-01  1.738E+00  3.249E-01  1.135E+01                2  3.765E+00  5.755E-01  3.078E+00  2.402E-01  3.078E+00  1.642E+23  1.925E+02
      1    1   7  11  10   5   280     1.655E+00                      7                130  2.656E-01  1.738E+00  3.430E-01  1.022E+01                2  3.765E+00  5.755E-01  2.915E+00  2.402E-01  2.915E+00  2.662E+23  1.188E+02
      1    1   7  11  10   6   280     1.369E+00                      7                 99  2.656E-01  1.738E+00  3.756E-01  8.591E+00                2  3.765E+00  5.755E-01  2.662E+00  2.402E-01  2.662E+00  3.451E+23  9.162E+01
      1    1   7  11  10   7   280     1.148E+00                      7                 72  2.656E-01  1.738E+00  4.177E-01  7.016E+00                2  3.765E+00  5.755E-01  2.394E+00  2.402E-01  2.394E+00  3.844E+23  8.226E+01
      1    1   7  11  10   8   280     9.889E-01                      7                 49  2.656E-01  1.738E+00  4.748E-01  5.500E+00                2  3.765E+00  5.755E-01  2.106E+00  2.402E-01  2.106E+00  3.810E+23  8.299E+01
      1    1   7  11  10   9   280     9.028E-01                      7                 49  2.656E-01  1.738E+00  4.748E-01  5.500E+00                2  3.765E+00  5.755E-01  2.106E+00  2.402E-01  2.106E+00  3.415E+23  9.260E+01
      1    1   7  11  10  10   280     9.274E-01                      7                 49  2.656E-01  1.738E+00  4.748E-01  5.500E+00                2  3.765E+00  5.755E-01  2.106E+00  2.402E-01  2.164E+00  2.777E+23  1.139E+02
      1    1   7  11  10  11   280     1.128E+00                      7                 49  2.656E-01  1.738E+00  4.748E-01  5.500E+00                2  3.765E+00  5.755E-01  2.106E+00  2.402E-01  2.348E+00  2.036E+23  1.553E+02
      1    1   7  11  10  12   280     1.543E+00                      7                 49  2.656E-01  1.738E+00  4.748E-01  5.500E+00                2  3.765E+00  5.755E-01  2.106E+00  2.402E-01  2.538E+00  1.323E+23  2.390E+02
      1    1   7  11  10  13   280     2.128E+00                      7                 49  2.656E-01  1.738E+00  4.748E-01  5.500E+00                2  3.765E+00  5.755E-01  2.106E+00  2.402E-01  2.732E+00  7.361E+22  4.296E+02
      1    1   7  11  10  14   280     2.812E+00                      7                 49  2.656E-01  1.738E+00  4.748E-01  5.500E+00                2  3.765E+00  5.755E-01  2.106E+00  2.402E-01  2.928E+00  3.293E+22  9.602E+02
      1    1   7  11  11   1   280     3.810E+00                      7                189  2.656E-01  1.738E+00  3.028E-01  1.299E+01                2  3.765E+00  5.755E-01  3.303E+00  2.402E-01  3.303E+00  4.733E+22  6.682E+02
      1    1   7  11  11   2   280     3.213E+00                      7                183  2.656E-01  1.738E+00  3.061E-01  1.273E+01                2  3.765E+00  5.755E-01  3.267E+00  2.402E-01  3.267E+00  3.607E+22  8.767E+02
      1    1   7  11  11   3   280     2.690E+00                      7                171  2.656E-01  1.738E+00  3.131E-01  1.218E+01                2  3.765E+00  5.755E-01  3.194E+00  2.402E-01  3.194E+00  9.164E+22  3.451E+02
      1    1   7  11  11   4   280     2.254E+00                      7                153  2.656E-01  1.738E+00  3.249E-01  1.135E+01                2  3.765E+00  5.755E-01  3.078E+00  2.402E-01  3.078E+00  1.942E+23  1.629E+02
      1    1   7  11  11   5   280     1.903E+00                      7                130  2.656E-01  1.738E+00  3.430E-01  1.022E+01                2  3.765E+00  5.755E-01  2.915E+00  2.402E-01  2.915E+00  3.000E+23  1.054E+02
      1    1   7  11  11   6   280     1.631E+00                      7                 99  2.656E-01  1.738E+00  3.756E-01  8.591E+00                2  3.765E+00  5.755E-01  2.662E+00  2.402E-01  2.662E+00  3.766E+23  8.396E+01
      1    1   7  11  11   7   280     1.432E+00                      7                 72  2.656E-01  1.738E+00  4.177E-01  7.016E+00                2  3.765E+00  5.755E-01  2.394E+00  2.402E-01  2.394E+00  4.093E+23  7.726E+01
      1    1   7  11  11   8   280     1.304E+00                      7                 72  2.656E-01  1.738E+00  4.177E-01  7.016E+00                2  3.765E+00  5.755E-01  2.394E+00  2.402E-01  2.394E+00  3.976E+23  7.954E+01
      1    1   7  11  11   9   280     1.261E+00                      7                 72  2.656E-01  1.738E+00  4.177E-01  7.016E+00                2  3.765E+00  5.755E-01  2.394E+00  2.402E-01  2.394E+00  3.502E+23  9.030E+01
      1    1   7  11  11  10   280     1.330E+00                      7                 72  2.656E-01  1.738E+00  4.177E-01  7.016E+00                2  3.765E+00  5.755E-01  2.394E+00  2.402E-01  2.487E+00  2.804E+23  1.128E+02
      1    1   7  11  11  11   280     1.549E+00                      7                 72  2.656E-01  1.738E+00  4.177E-01  7.016E+00                2  3.765E+00  5.755E-01  2.394E+00  2.402E-01  2.668E+00  2.027E+23  1.560E+02
      1    1   7  11  11  12   280     1.935E+00                      7                 72  2.656E-01  1.738E+00  4.177E-01  7.016E+00                2  3.765E+00  5.755E-01  2.394E+00  2.402E-01  2.854E+00  1.297E+23  2.439E+02
      1    1   7  11  11  13   280     2.465E+00                      7                 72  2.656E-01  1.738E+00  4.177E-01  7.016E+00                2  3.765E+00  5.755E-01  2.394E+00  2.402E-01  3.045E+00  7.084E+22  4.464E+02
      1    1   7  11  11  14   280     3.095E+00                      7                 72  2.656E-01  1.738E+00  4.177E-01  7.016E+00                2  3.765E+00  5.755E-01  2.394E+00  2.402E-01  3.240E+00  3.088E+22  1.024E+03
      1    1   7  11  12   1   280     4.056E+00                      7                189  2.656E-01  1.738E+00  3.028E-01  1.299E+01                2  3.765E+00  5.755E-01  3.303E+00  2.402E-01  3.303E+00  4.674E+22  6.766E+02
      1    1   7  11  12   2   280     3.480E+00                      7                183  2.656E-01  1.738E+00  3.061E-01  1.273E+01                2  3.765E+00  5.755E-01  3.267E+00  2.402E-01  3.267E+00  4.318E+22  7.323E+02
      1    1   7  11  12   3   280     2.977E+00                      7                171  2.656E-01  1.738E+00  3.131E-01  1.218E+01                2  3.765E+00  5.755E-01  3.194E+00  2.402E-01  3.194E+00  1.047E+23  3.019E+02
      1    1   7  11  12   4   280     2.555E+00                      7                153  2.656E-01  1.738E+00  3.249E-01  1.135E+01                2  3.765E+00  5.755E-01  3.078E+00  2.402E-01  3.078E+00  2.122E+23  1.491E+02
      1    1   7  11  12   5   280     2.218E+00                      7                130  2.656E-01  1.738E+00  3.430E-01  1.022E+01                2  3.765E+00  5.755E-01  2.915E+00  2.402E-01  2.915E+00  3.192E+23  9.906E+01
      1    1   7  11  12   6   280     1.961E+00                      7                 99  2.656E-01  1.738E+00  3.756E-01  8.591E+00                2  3.765E+00  5.755E-01  2.662E+00  2.402E-01  2.662E+00  3.925E+23  8.057E+01
      1    1   7  11  12   7   280     1.781E+00                      7                 99  2.656E-01  1.738E+00  3.756E-01  8.591E+00                2  3.765E+00  5.755E-01  2.662E+00  2.402E-01  2.662E+00  4.184E+23  7.557E+01
      1    1   7  11  12   8   280     1.680E+00                      7                 99  2.656E-01  1.738E+00  3.756E-01  8.591E+00                2  3.765E+00  5.755E-01  2.662E+00  2.402E-01  2.662E+00  3.992E+23  7.922E+01
      1    1   7  11  12   9   280     1.668E+00                      7                 99  2.656E-01  1.738E+00  3.756E-01  8.591E+00                2  3.765E+00  5.755E-01  2.662E+00  2.402E-01  2.662E+00  3.454E+23  9.155E+01
      1    1   7  11  12  10   280     1.765E+00                      7                 99  2.656E-01  1.738E+00  3.756E-01  8.591E+00                2  3.765E+00  5.755E-01  2.662E+00  2.402E-01  2.803E+00  2.718E+23  1.163E+02
      1    1   7  11  12  11   280     1.991E+00                      7                 99  2.656E-01  1.738E+00  3.756E-01  8.591E+00                2  3.765E+00  5.755E-01  2.662E+00  2.402E-01  2.979E+00  1.928E+23  1.640E+02
      1    1   7  11  12  12   280     2.356E+00                      7                 99  2.656E-01  1.738E+00  3.756E-01  8.591E+00                2  3.765E+00  5.755E-01  2.662E+00  2.402E-01  3.162E+00  1.207E+23  2.620E+02
      1    1   7  11  12  13   280     2.844E+00                      7                 99  2.656E-01  1.738E+00  3.756E-01  8.591E+00                2  3.765E+00  5.755E-01  2.662E+00  2.402E-01  3.350E+00  6.394E+22  4.946E+02
      1    1   7  11  12  14   280     3.428E+00                      7                 99  2.656E-01  1.738E+00  3.756E-01  8.591E+00                2  3.765E+00  5.755E-01  2.662E+00  2.402E-01  3.542E+00  2.653E+22  1.192E+03
      1    1   7  11  13   1   280     4.352E+00                      7                189  2.656E-01  1.738E+00  3.028E-01  1.299E+01                2  3.765E+00  5.755E-01  3.303E+00  2.402E-01  3.303E+00  3.992E+22  7.922E+02
      1    1   7  11  13   2   280     3.799E+00                      7                183  2.656E-01  1.738E+00  3.061E-01  1.273E+01                2  3.765E+00  5.755E-01  3.267E+00  2.402E-01  3.267E+00  3.979E+22  7.947E+02
      1    1   7  11  13   3   280     3.316E+00                      7                171  2.656E-01  1.738E+00  3.131E-01  1.218E+01                2  3.765E+00  5.755E-01  3.194E+00  2.402E-01  3.194E+00  9.829E+22  3.217E+02
      1    1   7  11  13   4   280     2.911E+00                      7                153  2.656E-01  1.738E+00  3.249E-01  1.135E+01                2  3.765E+00  5.755E-01  3.078E+00  2.402E-01  3.078E+00  2.060E+23  1.535E+02
      1    1   7  11  13   5   280     2.589E+00                      7                130  2.656E-01  1.738E+00  3.430E-01  1.022E+01                2  3.765E+00  5.755E-01  2.915E+00  2.402E-01  2.915E+00  3.135E+23  1.009E+02
      1    1   7  11  13   6   280     2.346E+00                      7                130  2.656E-01  1.738E+00  3.430E-01  1.022E+01                2  3.765E+00  5.755E-01  2.915E+00  2.402E-01  2.915E+00  3.843E+23  8.229E+01
      1    1   7  11  13   7   280     2.184E+00                      7                130  2.656E-01  1.738E+00  3.430E-01  1.022E+01                2  3.765E+00  5.755E-01  2.915E+00  2.402E-01  2.915E+00  4.055E+23  7.799E+01
      1    1   7  11  13   8   280     2.103E+00                      7                130  2.656E-01  1.738E+00  3.430E-01  1.022E+01                2  3.765E+00  5.755E-01  2.915E+00  2.402E-01  2.915E+00  3.814E+23  8.292E+01
      1    1   7  11  13   9   280     2.113E+00                      7                130  2.656E-01  1.738E+00  3.430E-01  1.022E+01                2  3.765E+00  5.755E-01  2.915E+00  2.402E-01  2.956E+00  3.246E+23  9.742E+01
      1    1   7  11  13  10   280     2.226E+00                      7                130  2.656E-01  1.738E+00  3.430E-01  1.022E+01                2  3.765E+00  5.755E-01  2.915E+00  2.402E-01  3.117E+00  2.505E+23  1.262E+02
      1    1   7  11  13  11   280     2.454E+00                      7                130  2.656E-01  1.738E+00  3.430E-01  1.022E+01                2  3.765E+00  5.755E-01  2.915E+00  2.402E-01  3.288E+00  1.736E+23  1.821E+02
      1    1   7  11  13  12   280     2.800E+00                      7                130  2.656E-01  1.738E+00  3.430E-01  1.022E+01                2  3.765E+00  5.755E-01  2.915E+00  2.402E-01  3.466E+00  1.054E+23  3.000E+02
      1    1   7  11  13  13   280     3.255E+00                      7                130  2.656E-01  1.738E+00  3.430E-01  1.022E+01                2  3.765E+00  5.755E-01  2.915E+00  2.402E-01  3.650E+00  5.331E+22  5.932E+02
      1    1   7  11  13  14   280     3.800E+00                      7                130  2.656E-01  1.738E+00  3.430E-01  1.022E+01                2  3.765E+00  5.755E-01  2.915E+00  2.402E-01  3.838E+00  2.034E+22  1.555E+03
      1    1   7  11  14   1   280     4.690E+00                      7                189  2.656E-01  1.738E+00  3.028E-01  1.299E+01                2  3.765E+00  5.755E-01  3.303E+00  2.402E-01  3.303E+00  2.180E+22  1.451E+03
      1    1   7  11  14   2   280     4.160E+00                      7                183  2.656E-01  1.738E+00  3.061E-01  1.273E+01                2  3.765E+00  5.755E-01  3.267E+00  2.402E-01  3.267E+00  1.883E+22  1.679E+03
      1    1   7  11  14   3   280     3.699E+00                      7                171  2.656E-01  1.738E+00  3.131E-01  1.218E+01                2  3.765E+00  5.755E-01  3.194E+00  2.402E-01  3.194E+00  6.938E+22  4.558E+02
      1    1   7  11  14   4   280     3.312E+00                      7                153  2.656E-01  1.738E+00  3.249E-01  1.135E+01                2  3.765E+00  5.755E-01  3.078E+00  2.402E-01  3.078E+00  1.736E+23  1.821E+02
      1    1   7  11  14   5   280     3.004E+00                      7                153  2.656E-01  1.738E+00  3.249E-01  1.135E+01                2  3.765E+00  5.755E-01  3.078E+00  2.402E-01  3.078E+00  2.799E+23  1.130E+02
      1    1   7  11  14   6   280     2.776E+00                      7                153  2.656E-01  1.738E+00  3.249E-01  1.135E+01                2  3.765E+00  5.755E-01  3.078E+00  2.402E-01  3.078E+00  3.491E+23  9.059E+01
      1    1   7  11  14   7   280     2.628E+00                      7                153  2.656E-01  1.738E+00  3.249E-01  1.135E+01                2  3.765E+00  5.755E-01  3.078E+00  2.402E-01  3.078E+00  3.682E+23  8.590E+01
      1    1   7  11  14   8   280     2.563E+00                      7                153  2.656E-01  1.738E+00  3.249E-01  1.135E+01                2  3.765E+00  5.755E-01  3.078E+00  2.402E-01  3.078E+00  3.428E+23  9.224E+01
      1    1   7  11  14   9   280     2.587E+00                      7                153  2.656E-01  1.738E+00  3.249E-01  1.135E+01                2  3.765E+00  5.755E-01  3.078E+00  2.402E-01  3.199E+00  2.872E+23  1.101E+02
      1    1   7  11  14  10   280     2.709E+00                      7                153  2.656E-01  1.738E+00  3.249E-01  1.135E+01                2  3.765E+00  5.755E-01  3.078E+00  2.402E-01  3.353E+00  2.169E+23  1.458E+02
      1    1   7  11  14  11   280     2.934E+00                      7                153  2.656E-01  1.738E+00  3.249E-01  1.135E+01                2  3.765E+00  5.755E-01  3.078E+00  2.402E-01  3.518E+00  1.460E+23  2.167E+02
      1    1   7  11  14  12   280     3.264E+00                      7                153  2.656E-01  1.738E+00  3.249E-01  1.135E+01                2  3.765E+00  5.755E-01  3.078E+00  2.402E-01  3.691E+00  8.495E+22  3.723E+02
      1    1   7  11  14  13   280     3.691E+00                      7                153  2.656E-01  1.738E+00  3.249E-01  1.135E+01                2  3.765E+00  5.755E-01  3.078E+00  2.402E-01  3.869E+00  4.009E+22  7.888E+02
      1    1   7  11  14  14   280     4.202E+00                      7                153  2.656E-01  1.738E+00  3.249E-01  1.135E+01                2  3.765E+00  5.755E-01  3.078E+00  2.402E-01  4.053E+00  1.331E+22  2.376E+03
      1    1   7  11  15   1   280     5.064E+00                      7                189  2.656E-01  1.738E+00  3.028E-01  1.299E+01                2  3.765E+00  5.755E-01  3.303E+00  2.402E-01  3.303E+00  1.234E+22  2.562E+03
      1    1   7  11  15   2   280     4.558E+00                      7                183  2.656E-01  1.738E+00  3.061E-01  1.273E+01                2  3.765E+00  5.755E-01  3.267E+00  2.402E-01  3.267E+00  1.214E+21  2.606E+04
      1    1   7  11  15   3   280     4.117E+00                      7                171  2.656E-01  1.738E+00  3.131E-01  1.218E+01                2  3.765E+00  5.755E-01  3.194E+00  2.402E-01  3.194E+00  3.394E+22  9.318E+02
      1    1   7  11  15   4   280     3.748E+00                      7                171  2.656E-01  1.738E+00  3.131E-01  1.218E+01                2  3.765E+00  5.755E-01  3.194E+00  2.402E-01  3.194E+00  1.261E+23  2.508E+02
      1    1   7  11  15   5   280     3.455E+00                      7                171  2.656E-01  1.738E+00  3.131E-01  1.218E+01                2  3.765E+00  5.755E-01  3.194E+00  2.402E-01  3.194E+00  2.258E+23  1.401E+02
      1    1   7  11  15   6   280     3.240E+00                      7                171  2.656E-01  1.738E+00  3.131E-01  1.218E+01                2  3.765E+00  5.755E-01  3.194E+00  2.402E-01  3.194E+00  2.914E+23  1.085E+02
      1    1   7  11  15   7   280     3.105E+00                      7                171  2.656E-01  1.738E+00  3.131E-01  1.218E+01                2  3.765E+00  5.755E-01  3.194E+00  2.402E-01  3.194E+00  3.096E+23  1.022E+02
      1    1   7  11  15   8   280     3.052E+00                      7                171  2.656E-01  1.738E+00  3.131E-01  1.218E+01                2  3.765E+00  5.755E-01  3.194E+00  2.402E-01  3.272E+00  2.863E+23  1.104E+02
      1    1   7  11  15   9   280     3.085E+00                      7                171  2.656E-01  1.738E+00  3.131E-01  1.218E+01                2  3.765E+00  5.755E-01  3.194E+00  2.402E-01  3.405E+00  2.359E+23  1.341E+02
      1    1   7  11  15  10   280     3.211E+00                      7                171  2.656E-01  1.738E+00  3.131E-01  1.218E+01                2  3.765E+00  5.755E-01  3.194E+00  2.402E-01  3.553E+00  1.735E+23  1.822E+02
      1    1   7  11  15  11   280     3.431E+00                      7                171  2.656E-01  1.738E+00  3.131E-01  1.218E+01                2  3.765E+00  5.755E-01  3.194E+00  2.402E-01  3.711E+00  1.124E+23  2.815E+02
      1    1   7  11  15  12   280     3.746E+00                      7                171  2.656E-01  1.738E+00  3.131E-01  1.218E+01                2  3.765E+00  5.755E-01  3.194E+00  2.402E-01  3.878E+00  6.155E+22  5.137E+02
      1    1   7  11  15  13   280     4.149E+00                      7                171  2.656E-01  1.738E+00  3.131E-01  1.218E+01                2  3.765E+00  5.755E-01  3.194E+00  2.402E-01  4.052E+00  2.615E+22  1.209E+03
      1    1   7  11  15  14   280     4.631E+00                      7                171  2.656E-01  1.738E+00  3.131E-01  1.218E+01                2  3.765E+00  5.755E-01  3.194E+00  2.402E-01  4.231E+00  6.821E+21  4.636E+03
      1    1   7  11  16   1   280     5.468E+00                      7                189  2.656E-01  1.738E+00  3.028E-01  1.299E+01                2  3.765E+00  5.755E-01  3.303E+00  2.402E-01  3.303E+00  7.992E+21  3.957E+03
      1    1   7  11  16   2   280     4.985E+00                      7                183  2.656E-01  1.738E+00  3.061E-01  1.273E+01                2  3.765E+00  5.755E-01  3.267E+00  2.402E-01  3.267E+00  0.000E+00  Infinity 
      1    1   7  11  16   3   280     4.564E+00                      7                183  2.656E-01  1.738E+00  3.061E-01  1.273E+01                2  3.765E+00  5.755E-01  3.267E+00  2.402E-01  3.267E+00  9.582E+21  3.300E+03
      1    1   7  11  16   4   280     4.213E+00                      7                183  2.656E-01  1.738E+00  3.061E-01  1.273E+01                2  3.765E+00  5.755E-01  3.267E+00  2.402E-01  3.267E+00  7.946E+22  3.980E+02
      1    1   7  11  16   5   280     3.935E+00                      7                183  2.656E-01  1.738E+00  3.061E-01  1.273E+01                2  3.765E+00  5.755E-01  3.267E+00  2.402E-01  3.267E+00  1.638E+23  1.931E+02
      1    1   7  11  16   6   280     3.732E+00                      7                183  2.656E-01  1.738E+00  3.061E-01  1.273E+01                2  3.765E+00  5.755E-01  3.267E+00  2.402E-01  3.267E+00  2.212E+23  1.430E+02
      1    1   7  11  16   7   280     3.608E+00                      7                183  2.656E-01  1.738E+00  3.061E-01  1.273E+01                2  3.765E+00  5.755E-01  3.267E+00  2.402E-01  3.343E+00  2.377E+23  1.330E+02
      1    1   7  11  16   8   280     3.563E+00                      7                183  2.656E-01  1.738E+00  3.061E-01  1.273E+01                2  3.765E+00  5.755E-01  3.267E+00  2.402E-01  3.452E+00  2.185E+23  1.447E+02
      1    1   7  11  16   9   280     3.603E+00                      7                183  2.656E-01  1.738E+00  3.061E-01  1.273E+01                2  3.765E+00  5.755E-01  3.267E+00  2.402E-01  3.578E+00  1.764E+23  1.793E+02
      1    1   7  11  16  10   280     3.729E+00                      7                183  2.656E-01  1.738E+00  3.061E-01  1.273E+01                2  3.765E+00  5.755E-01  3.267E+00  2.402E-01  3.718E+00  1.253E+23  2.523E+02
      1    1   7  11  16  11   280     3.943E+00                      7                183  2.656E-01  1.738E+00  3.061E-01  1.273E+01                2  3.765E+00  5.755E-01  3.267E+00  2.402E-01  3.870E+00  7.679E+22  4.118E+02
      1    1   7  11  16  12   280     4.243E+00                      7                183  2.656E-01  1.738E+00  3.061E-01  1.273E+01                2  3.765E+00  5.755E-01  3.267E+00  2.402E-01  4.031E+00  3.837E+22  8.241E+02
      1    1   7  11  16  13   280     4.625E+00                      7                183  2.656E-01  1.738E+00  3.061E-01  1.273E+01                2  3.765E+00  5.755E-01  3.267E+00  2.402E-01  4.199E+00  1.364E+22  2.318E+03
      1    1   7  11  16  14   280     5.080E+00                      7                183  2.656E-01  1.738E+00  3.061E-01  1.273E+01                2  3.765E+00  5.755E-01  3.267E+00  2.402E-01  4.373E+00  2.176E+21  1.453E+04
      1    1   7  11  17   1   280     5.899E+00                      7                189  2.656E-01  1.738E+00  3.028E-01  1.299E+01                2  3.765E+00  5.755E-01  3.303E+00  2.402E-01  3.390E+00  2.720E+21  1.163E+04
      1    1   7  11  17   2   280     5.437E+00                      7                189  2.656E-01  1.738E+00  3.028E-01  1.299E+01                2  3.765E+00  5.755E-01  3.303E+00  2.402E-01  3.342E+00  0.000E+00  Infinity 
      1    1   7  11  17   3   280     5.036E+00                      7                189  2.656E-01  1.738E+00  3.028E-01  1.299E+01                2  3.765E+00  5.755E-01  3.303E+00  2.402E-01  3.320E+00  0.000E+00  Infinity 
      1    1   7  11  17   4   280     4.701E+00                      7                189  2.656E-01  1.738E+00  3.028E-01  1.299E+01                2  3.765E+00  5.755E-01  3.303E+00  2.402E-01  3.326E+00  4.398E+22  7.190E+02
      1    1   7  11  17   5   280     4.437E+00                      7                189  2.656E-01  1.738E+00  3.028E-01  1.299E+01                2  3.765E+00  5.755E-01  3.303E+00  2.402E-01  3.359E+00  1.057E+23  2.991E+02
      1    1   7  11  17   6   280     4.246E+00                      7                189  2.656E-01  1.738E+00  3.028E-01  1.299E+01                2  3.765E+00  5.755E-01  3.303E+00  2.402E-01  3.418E+00  1.500E+23  2.109E+02
      1    1   7  11  17   7   280     4.131E+00                      7                189  2.656E-01  1.738E+00  3.028E-01  1.299E+01                2  3.765E+00  5.755E-01  3.303E+00  2.402E-01  3.500E+00  1.632E+23  1.938E+02
      1    1   7  11  17   8   280     4.094E+00                      7                189  2.656E-01  1.738E+00  3.028E-01  1.299E+01                2  3.765E+00  5.755E-01  3.303E+00  2.402E-01  3.602E+00  1.485E+23  2.129E+02
      1    1   7  11  17   9   280     4.136E+00                      7                189  2.656E-01  1.738E+00  3.028E-01  1.299E+01                2  3.765E+00  5.755E-01  3.303E+00  2.402E-01  3.721E+00  1.165E+23  2.714E+02
      1    1   7  11  17  10   280     4.261E+00                      7                189  2.656E-01  1.738E+00  3.028E-01  1.299E+01                2  3.765E+00  5.755E-01  3.303E+00  2.402E-01  3.854E+00  7.863E+22  4.022E+02
      1    1   7  11  17  11   280     4.467E+00                      7                189  2.656E-01  1.738E+00  3.028E-01  1.299E+01                2  3.765E+00  5.755E-01  3.303E+00  2.402E-01  3.999E+00  4.410E+22  7.170E+02
      1    1   7  11  17  12   280     4.754E+00                      7                189  2.656E-01  1.738E+00  3.028E-01  1.299E+01                2  3.765E+00  5.755E-01  3.303E+00  2.402E-01  4.154E+00  1.875E+22  1.687E+03
      1    1   7  11  17  13   280     5.117E+00                      7                189  2.656E-01  1.738E+00  3.028E-01  1.299E+01                2  3.765E+00  5.755E-01  3.303E+00  2.402E-01  4.316E+00  4.603E+21  6.870E+03
      1    1   7  11  17  14   280     5.549E+00                      7                189  2.656E-01  1.738E+00  3.028E-01  1.299E+01                2  3.765E+00  5.755E-01  3.303E+00  2.402E-01  4.485E+00  0.000E+00  Infinity 
      1    1   7  11  18   1   280     6.351E+00                      7                180  2.656E-01  1.738E+00  3.077E-01  1.259E+01                2  3.765E+00  5.755E-01  3.249E+00  2.402E-01  3.471E+00  2.385E+21  1.326E+04
      1    1   7  11  18   2   280     5.910E+00                      7                180  2.656E-01  1.738E+00  3.077E-01  1.259E+01                2  3.765E+00  5.755E-01  3.249E+00  2.402E-01  3.427E+00  0.000E+00  Infinity 
      1    1   7  11  18   3   280     5.528E+00                      7                180  2.656E-01  1.738E+00  3.077E-01  1.259E+01                2  3.765E+00  5.755E-01  3.249E+00  2.402E-01  3.407E+00  0.000E+00  Infinity 
      1    1   7  11  18   4   280     5.209E+00                      7                180  2.656E-01  1.738E+00  3.077E-01  1.259E+01                2  3.765E+00  5.755E-01  3.249E+00  2.402E-01  3.412E+00  2.122E+22  1.491E+03
      1    1   7  11  18   5   280     4.958E+00                      7                180  2.656E-01  1.738E+00  3.077E-01  1.259E+01                2  3.765E+00  5.755E-01  3.249E+00  2.402E-01  3.443E+00  5.896E+22  5.363E+02
      1    1   7  11  18   6   280     4.778E+00                      7                180  2.656E-01  1.738E+00  3.077E-01  1.259E+01                2  3.765E+00  5.755E-01  3.249E+00  2.402E-01  3.497E+00  8.787E+22  3.599E+02
      1    1   7  11  18   7   280     4.671E+00                      7                180  2.656E-01  1.738E+00  3.077E-01  1.259E+01                2  3.765E+00  5.755E-01  3.249E+00  2.402E-01  3.573E+00  9.658E+22  3.274E+02
      1    1   7  11  18   8   280     4.639E+00                      7                180  2.656E-01  1.738E+00  3.077E-01  1.259E+01                2  3.765E+00  5.755E-01  3.249E+00  2.402E-01  3.669E+00  8.633E+22  3.663E+02
      1    1   7  11  18   9   280     4.683E+00                      7                180  2.656E-01  1.738E+00  3.077E-01  1.259E+01                2  3.765E+00  5.755E-01  3.249E+00  2.402E-01  3.781E+00  6.457E+22  4.898E+02
      1    1   7  11  18  10   280     4.805E+00                      7                180  2.656E-01  1.738E+00  3.077E-01  1.259E+01                2  3.765E+00  5.755E-01  3.249E+00  2.402E-01  3.908E+00  3.984E+22  7.938E+02
      1    1   7  11  18  11   280     5.004E+00                      7                180  2.656E-01  1.738E+00  3.077E-01  1.259E+01                2  3.765E+00  5.755E-01  3.249E+00  2.402E-01  4.046E+00  1.900E+22  1.665E+03
      1    1   7  11  18  12   280     5.278E+00                      7                180  2.656E-01  1.738E+00  3.077E-01  1.259E+01                2  3.765E+00  5.755E-01  3.249E+00  2.402E-01  4.195E+00  5.607E+21  5.640E+03
      1    1   7  11  18  13   280     5.623E+00                      7                180  2.656E-01  1.738E+00  3.077E-01  1.259E+01                2  3.765E+00  5.755E-01  3.249E+00  2.402E-01  4.352E+00  2.511E+20  1.260E+05
      1    1   7  11  18  14   280     6.033E+00                      7                180  2.656E-01  1.738E+00  3.077E-01  1.259E+01                2  3.765E+00  5.755E-01  3.249E+00  2.402E-01  4.516E+00  0.000E+00  Infinity 
      1    1   7  11  19   1   280     6.822E+00                      7                167  2.656E-01  1.738E+00  3.155E-01  1.200E+01                2  3.765E+00  5.755E-01  3.169E+00  2.402E-01  3.530E+00  3.724E+21  8.491E+03
      1    1   7  11  19   2   280     6.401E+00                      7                167  2.656E-01  1.738E+00  3.155E-01  1.200E+01                2  3.765E+00  5.755E-01  3.169E+00  2.402E-01  3.488E+00  1.214E+21  2.606E+04
      1    1   7  11  19   3   280     6.036E+00                      7                167  2.656E-01  1.738E+00  3.155E-01  1.200E+01                2  3.765E+00  5.755E-01  3.169E+00  2.402E-01  3.470E+00  0.000E+00  Infinity 
      1    1   7  11  19   4   280     5.733E+00                      7                167  2.656E-01  1.738E+00  3.155E-01  1.200E+01                2  3.765E+00  5.755E-01  3.169E+00  2.402E-01  3.475E+00  8.034E+21  3.936E+03
      1    1   7  11  19   5   280     5.495E+00                      7                167  2.656E-01  1.738E+00  3.155E-01  1.200E+01                2  3.765E+00  5.755E-01  3.169E+00  2.402E-01  3.503E+00  2.649E+22  1.194E+03
      1    1   7  11  19   6   280     5.325E+00                      7                167  2.656E-01  1.738E+00  3.155E-01  1.200E+01                2  3.765E+00  5.755E-01  3.169E+00  2.402E-01  3.554E+00  4.172E+22  7.580E+02
      1    1   7  11  19   7   280     5.225E+00                      7                167  2.656E-01  1.738E+00  3.155E-01  1.200E+01                2  3.765E+00  5.755E-01  3.169E+00  2.402E-01  3.625E+00  4.611E+22  6.858E+02
      1    1   7  11  19   8   280     5.196E+00                      7                167  2.656E-01  1.738E+00  3.155E-01  1.200E+01                2  3.765E+00  5.755E-01  3.169E+00  2.402E-01  3.715E+00  3.979E+22  7.947E+02
      1    1   7  11  19   9   280     5.241E+00                      7                167  2.656E-01  1.738E+00  3.155E-01  1.200E+01                2  3.765E+00  5.755E-01  3.169E+00  2.402E-01  3.821E+00  2.716E+22  1.164E+03
      1    1   7  11  19  10   280     5.359E+00                      7                167  2.656E-01  1.738E+00  3.155E-01  1.200E+01                2  3.765E+00  5.755E-01  3.169E+00  2.402E-01  3.941E+00  1.389E+22  2.276E+03
      1    1   7  11  19  11   280     5.550E+00                      7                167  2.656E-01  1.738E+00  3.155E-01  1.200E+01                2  3.765E+00  5.755E-01  3.169E+00  2.402E-01  4.073E+00  4.394E+21  7.197E+03
      1    1   7  11  19  12   280     5.812E+00                      7                167  2.656E-01  1.738E+00  3.155E-01  1.200E+01                2  3.765E+00  5.755E-01  3.169E+00  2.402E-01  4.216E+00  0.000E+00  Infinity 
      1    1   7  11  19  13   280     6.140E+00                      7                167  2.656E-01  1.738E+00  3.155E-01  1.200E+01                2  3.765E+00  5.755E-01  3.169E+00  2.402E-01  4.367E+00  0.000E+00  Infinity 
      1    1   7  11  19  14   280     6.531E+00                      7                167  2.656E-01  1.738E+00  3.155E-01  1.200E+01                2  3.765E+00  5.755E-01  3.169E+00  2.402E-01  4.526E+00  0.000E+00  Infinity 
      1    1   7  11  20   1   280     7.310E+00                      7                150  2.656E-01  1.738E+00  3.270E-01  1.120E+01                2  3.765E+00  5.755E-01  3.058E+00  2.402E-01  3.560E+00  5.021E+21  6.298E+03
      1    1   7  11  20   2   280     6.907E+00                      7                150  2.656E-01  1.738E+00  3.270E-01  1.120E+01                2  3.765E+00  5.755E-01  3.058E+00  2.402E-01  3.521E+00  5.272E+21  5.998E+03
      1    1   7  11  20   3   280     6.559E+00                      7                150  2.656E-01  1.738E+00  3.270E-01  1.120E+01                2  3.765E+00  5.755E-01  3.058E+00  2.402E-01  3.504E+00  2.092E+21  1.511E+04
      1    1   7  11  20   4   280     6.270E+00                      7                150  2.656E-01  1.738E+00  3.270E-01  1.120E+01                2  3.765E+00  5.755E-01  3.058E+00  2.402E-01  3.509E+00  2.553E+21  1.239E+04
      1    1   7  11  20   5   280     6.044E+00                      7                150  2.656E-01  1.738E+00  3.270E-01  1.120E+01                2  3.765E+00  5.755E-01  3.058E+00  2.402E-01  3.535E+00  8.369E+21  3.779E+03
      1    1   7  11  20   6   280     5.882E+00                      7                150  2.656E-01  1.738E+00  3.270E-01  1.120E+01                2  3.765E+00  5.755E-01  3.058E+00  2.402E-01  3.582E+00  1.385E+22  2.283E+03
      1    1   7  11  20   7   280     5.789E+00                      7                150  2.656E-01  1.738E+00  3.270E-01  1.120E+01                2  3.765E+00  5.755E-01  3.058E+00  2.402E-01  3.649E+00  1.527E+22  2.070E+03
      1    1   7  11  20   8   280     5.764E+00                      7                150  2.656E-01  1.738E+00  3.270E-01  1.120E+01                2  3.765E+00  5.755E-01  3.058E+00  2.402E-01  3.733E+00  1.234E+22  2.562E+03
      1    1   7  11  20   9   280     5.808E+00                      7                150  2.656E-01  1.738E+00  3.270E-01  1.120E+01                2  3.765E+00  5.755E-01  3.058E+00  2.402E-01  3.834E+00  6.946E+21  4.552E+03
      1    1   7  11  20  10   280     5.922E+00                      7                150  2.656E-01  1.738E+00  3.270E-01  1.120E+01                2  3.765E+00  5.755E-01  3.058E+00  2.402E-01  3.948E+00  2.009E+21  1.574E+04
      1    1   7  11  20  11   280     6.106E+00                      7                150  2.656E-01  1.738E+00  3.270E-01  1.120E+01                2  3.765E+00  5.755E-01  3.058E+00  2.402E-01  4.074E+00  0.000E+00  Infinity 
      1    1   7  11  20  12   280     6.356E+00                      7                150  2.656E-01  1.738E+00  3.270E-01  1.120E+01                2  3.765E+00  5.755E-01  3.058E+00  2.402E-01  4.211E+00  0.000E+00  Infinity 
      1    1   7  11  20  13   280     6.669E+00                      7                150  2.656E-01  1.738E+00  3.270E-01  1.120E+01                2  3.765E+00  5.755E-01  3.058E+00  2.402E-01  4.357E+00  0.000E+00  Infinity 
      1    1   7  11  20  14   280     7.042E+00                      7                150  2.656E-01  1.738E+00  3.270E-01  1.120E+01                2  3.765E+00  5.755E-01  3.058E+00  2.402E-01  4.510E+00  0.000E+00  Infinity 
