**********************************************
*******     Site #   1
Average PSA and Fourier spectrum over    40 trials
damping:   5%
  50 samples
Mag.          =      6.30
siteLat       =     42.35
siteLon       =     13.40
depth         =      0.00
R             =      9.97
azimuth       =  10479.30
fault Dis.(km)=     5.06
Hypo  Dis.(km)=    11.45
Input Parameters file =  aqk_0604__parameters.out                                                                                                
 data format: (1x,f10.3, 1p, 1x,e11.4, 5x,e11.4, 2x,e11.4, 1x,e11.4)
   freq(Hz) FAS(cm/sec) avgPSA(cm/s**2) avgPSV(cm/s)   avgSD(cm)
     -1.000         NaN             Nan   5.3697E+01         Nan
    999.900         Nan      4.0918E+02          NaN         NaN
      0.200  5.1617E+01      5.6215E+01   4.4734E+01  3.5598E+01
      0.217  5.1617E+01      6.9677E+01   5.1193E+01  3.7612E+01
      0.235  6.7951E+01      8.6489E+01   5.8669E+01  3.9797E+01
      0.254  8.7133E+01      1.0752E+02   6.7336E+01  4.2171E+01
      0.275  1.0643E+02      1.3158E+02   7.6082E+01  4.3993E+01
      0.298  1.2377E+02      1.5844E+02   8.4585E+01  4.5156E+01
      0.323  1.4128E+02      1.9012E+02   9.3711E+01  4.6189E+01
      0.350  1.5782E+02      2.2038E+02   1.0029E+02  4.5639E+01
      0.379  1.6910E+02      2.5286E+02   1.0624E+02  4.4637E+01
      0.410  1.7456E+02      2.7777E+02   1.0775E+02  4.1798E+01
      0.444  1.6587E+02      2.9415E+02   1.0535E+02  3.7730E+01
      0.481  1.5334E+02      3.0567E+02   1.0108E+02  3.3422E+01
      0.521  1.3650E+02      3.1681E+02   9.6721E+01  2.9528E+01
      0.565  1.4888E+02      3.4757E+02   9.7967E+01  2.7614E+01
      0.612  1.5246E+02      3.6372E+02   9.4653E+01  2.4632E+01
      0.662  1.2683E+02      3.5253E+02   8.4702E+01  2.0351E+01
      0.717  8.6426E+01      3.3315E+02   7.3903E+01  1.6394E+01
      0.777  6.2661E+01      3.3048E+02   6.7687E+01  1.3863E+01
      0.842  5.8459E+01      3.4775E+02   6.5757E+01  1.2434E+01
      0.912  6.7069E+01      3.9798E+02   6.9481E+01  1.2130E+01
      0.987  9.4704E+01      4.8435E+02   7.8072E+01  1.2584E+01
      1.069  1.4358E+02      6.1923E+02   9.2154E+01  1.3714E+01
      1.158  2.3886E+02      7.6370E+02   1.0493E+02  1.4418E+01
      1.255  2.0314E+02      7.7728E+02   9.8603E+01  1.2508E+01
      1.359  9.8753E+01      6.7223E+02   7.8733E+01  9.2215E+00
      1.472  9.3025E+01      6.2864E+02   6.7978E+01  7.3509E+00
      1.594  7.1161E+01      6.0206E+02   6.0108E+01  6.0011E+00
      1.727  6.9637E+01      6.4417E+02   5.9377E+01  5.4732E+00
      1.870  9.9761E+01      7.9790E+02   6.7905E+01  5.7790E+00
      2.026  2.2419E+02      9.0055E+02   7.0760E+01  5.5598E+00
      2.194  6.4484E+01      7.8433E+02   5.6899E+01  4.1277E+00
      2.376  5.9189E+01      7.5211E+02   5.0375E+01  3.3740E+00
      2.574  9.2366E+01      8.5268E+02   5.2729E+01  3.2607E+00
      2.788  1.4448E+02      9.0737E+02   5.1805E+01  2.9577E+00
      3.019  5.1060E+01      8.2244E+02   4.3353E+01  2.2852E+00
      3.270  4.2660E+01      8.1908E+02   3.9863E+01  1.9400E+00
      3.542  1.2117E+02      9.4621E+02   4.2516E+01  1.9104E+00
      3.836  4.7955E+01      8.7330E+02   3.6229E+01  1.5030E+00
      4.155  3.7931E+01      8.7935E+02   3.3681E+01  1.2900E+00
      4.501  7.0122E+01      9.5186E+02   3.3661E+01  1.1903E+00
      4.875  3.6852E+01      8.8657E+02   2.8946E+01  9.4507E-01
      5.280  5.4346E+01      8.7358E+02   2.6333E+01  7.9379E-01
      5.719  3.4779E+01      8.5045E+02   2.3669E+01  6.5873E-01
      6.194  2.6541E+01      8.5389E+02   2.1941E+01  5.6379E-01
      6.709  5.7555E+01      8.4749E+02   2.0106E+01  4.7698E-01
      7.266  2.9770E+01      8.0458E+02   1.7623E+01  3.8600E-01
      7.870  2.0766E+01      7.6644E+02   1.5499E+01  3.1344E-01
      8.524  2.3362E+01      7.2802E+02   1.3593E+01  2.5379E-01
      9.233  2.8845E+01      6.9077E+02   1.1908E+01  2.0527E-01
     10.000  2.6427E+01      6.5044E+02   1.0352E+01  1.6476E-01
 
 
