**********************************************
*******  Husid Time Series ************
*** Site #   1
*** trial    1
Input Parameters file =  aqk_0604_x_parameters.out                                                                                               
  4096 samples
dt:  0.010 sec
data format: (1x,f8.3,1p,2x,e11.4)
 Arias intensity =   1.969E+02
 75%-5% duration =   3.830E+00
fault Dis.(km)=    5.06
Hypo  Dis.(km)=   11.45
     time       husid
    0.000  0.0000E+00
    0.010  0.0000E+00
    0.020  0.0000E+00
    0.030  0.0000E+00
    0.040  0.0000E+00
    0.050  0.0000E+00
    0.060  0.0000E+00
    0.070  0.0000E+00
    0.080  0.0000E+00
    0.090  0.0000E+00
    0.100  0.0000E+00
    0.110  0.0000E+00
    0.120  0.0000E+00
    0.130  0.0000E+00
    0.140  0.0000E+00
    0.150  0.0000E+00
    0.160  0.0000E+00
    0.170  0.0000E+00
    0.180  0.0000E+00
    0.190  0.0000E+00
    0.200  0.0000E+00
    0.210  0.0000E+00
    0.220  0.0000E+00
    0.230  0.0000E+00
    0.240  0.0000E+00
    0.250  0.0000E+00
    0.260  0.0000E+00
    0.270  0.0000E+00
    0.280  0.0000E+00
    0.290  0.0000E+00
    0.300  0.0000E+00
    0.310  0.0000E+00
    0.320  0.0000E+00
    0.330  0.0000E+00
    0.340  0.0000E+00
    0.350  0.0000E+00
    0.360  0.0000E+00
    0.370  0.0000E+00
    0.380  0.0000E+00
    0.390  0.0000E+00
    0.400  0.0000E+00
    0.410  0.0000E+00
    0.420  0.0000E+00
    0.430  0.0000E+00
    0.440  2.8947E-08
    0.450  1.1252E-07
    0.460  2.7178E-07
    0.470  5.2672E-07
    0.480  7.8220E-07
    0.490  1.0407E-06
    0.500  1.3106E-06
    0.510  1.6021E-06
    0.520  1.9218E-06
    0.530  2.2687E-06
    0.540  2.6329E-06
    0.550  3.0002E-06
    0.560  3.3569E-06
    0.570  3.6920E-06
    0.580  3.9959E-06
    0.590  4.2601E-06
    0.600  4.4786E-06
    0.610  4.6490E-06
    0.620  4.7731E-06
    0.630  4.8564E-06
    0.640  5.0378E-06
    0.650  5.3451E-06
    0.660  5.6055E-06
    0.670  5.9086E-06
    0.680  6.2836E-06
    0.690  6.6467E-06
    0.700  6.9733E-06
    0.710  7.2510E-06
    0.720  7.4807E-06
    0.730  7.6713E-06
    0.740  7.8348E-06
    0.750  7.9829E-06
    0.760  8.1241E-06
    0.770  8.2610E-06
    0.780  8.3872E-06
    0.790  8.4896E-06
    0.800  8.5560E-06
    0.810  8.5844E-06
    0.820  8.5884E-06
    0.830  8.5970E-06
    0.840  8.6526E-06
    0.850  8.8012E-06
    0.860  9.0769E-06
    0.870  9.7516E-06
    0.880  1.0914E-05
    0.890  1.2242E-05
    0.900  1.3689E-05
    0.910  1.5213E-05
    0.920  1.6775E-05
    0.930  1.8333E-05
    0.940  1.9851E-05
    0.950  2.1296E-05
    0.960  2.2628E-05
    0.970  2.3334E-05
    0.980  2.3560E-05
    0.990  2.3705E-05
    1.000  2.3780E-05
    1.010  2.3804E-05
    1.020  2.3806E-05
    1.030  2.3826E-05
    1.040  2.3897E-05
    1.050  2.3924E-05
    1.060  2.3941E-05
    1.070  2.3960E-05
    1.080  2.3989E-05
    1.090  2.4071E-05
    1.100  2.4229E-05
    1.110  2.4424E-05
    1.120  2.4642E-05
    1.130  2.4878E-05
    1.140  2.5079E-05
    1.150  2.5186E-05
    1.160  2.5375E-05
    1.170  2.5677E-05
    1.180  2.5885E-05
    1.190  2.6022E-05
    1.200  2.6127E-05
    1.210  2.6208E-05
    1.220  2.6274E-05
    1.230  2.6339E-05
    1.240  2.6409E-05
    1.250  2.6492E-05
    1.260  2.6590E-05
    1.270  2.6689E-05
    1.280  2.6799E-05
    1.290  2.7005E-05
    1.300  2.7372E-05
    1.310  2.7768E-05
    1.320  2.8081E-05
    1.330  2.8323E-05
    1.340  2.8495E-05
    1.350  2.8615E-05
    1.360  2.8686E-05
    1.370  2.8705E-05
    1.380  2.8711E-05
    1.390  2.8792E-05
    1.400  2.9104E-05
    1.410  2.9854E-05
    1.420  3.1353E-05
    1.430  3.3862E-05
    1.440  3.7406E-05
    1.450  4.1826E-05
    1.460  4.6746E-05
    1.470  5.1733E-05
    1.480  5.6480E-05
    1.490  6.0881E-05
    1.500  6.4982E-05
    1.510  6.8902E-05
    1.520  7.2766E-05
    1.530  7.6856E-05
    1.540  8.1180E-05
    1.550  8.5499E-05
    1.560  8.9756E-05
    1.570  9.3685E-05
    1.580  9.7127E-05
    1.590  1.0039E-04
    1.600  1.0325E-04
    1.610  1.0524E-04
    1.620  1.0647E-04
    1.630  1.0715E-04
    1.640  1.0751E-04
    1.650  1.0771E-04
    1.660  1.0783E-04
    1.670  1.0791E-04
    1.680  1.0793E-04
    1.690  1.0794E-04
    1.700  1.0800E-04
    1.710  1.0810E-04
    1.720  1.0821E-04
    1.730  1.0834E-04
    1.740  1.0848E-04
    1.750  1.0860E-04
    1.760  1.0871E-04
    1.770  1.0880E-04
    1.780  1.0882E-04
    1.790  1.0883E-04
    1.800  1.0887E-04
    1.810  1.0897E-04
    1.820  1.0913E-04
    1.830  1.0929E-04
    1.840  1.0943E-04
    1.850  1.0951E-04
    1.860  1.0956E-04
    1.870  1.0960E-04
    1.880  1.0968E-04
    1.890  1.0986E-04
    1.900  1.1026E-04
    1.910  1.1155E-04
    1.920  1.1384E-04
    1.930  1.1602E-04
    1.940  1.1771E-04
    1.950  1.1891E-04
    1.960  1.1980E-04
    1.970  1.2067E-04
    1.980  1.2146E-04
    1.990  1.2209E-04
    2.000  1.2265E-04
    2.010  1.2322E-04
    2.020  1.2388E-04
    2.030  1.2475E-04
    2.040  1.2582E-04
    2.050  1.2709E-04
    2.060  1.2855E-04
    2.070  1.3008E-04
    2.080  1.3158E-04
    2.090  1.3294E-04
    2.100  1.3419E-04
    2.110  1.3549E-04
    2.120  1.3661E-04
    2.130  1.3740E-04
    2.140  1.3804E-04
    2.150  1.3860E-04
    2.160  1.3911E-04
    2.170  1.3964E-04
    2.180  1.4021E-04
    2.190  1.4095E-04
    2.200  1.4207E-04
    2.210  1.4363E-04
    2.220  1.4554E-04
    2.230  1.4754E-04
    2.240  1.4944E-04
    2.250  1.5123E-04
    2.260  1.5309E-04
    2.270  1.5531E-04
    2.280  1.5812E-04
    2.290  1.6180E-04
    2.300  1.6664E-04
    2.310  1.7252E-04
    2.320  1.7881E-04
    2.330  1.8496E-04
    2.340  1.9082E-04
    2.350  1.9611E-04
    2.360  2.0104E-04
    2.370  2.0606E-04
    2.380  2.1118E-04
    2.390  2.1507E-04
    2.400  2.1752E-04
    2.410  2.1918E-04
    2.420  2.2000E-04
    2.430  2.2023E-04
    2.440  2.2031E-04
    2.450  2.2096E-04
    2.460  2.2262E-04
    2.470  2.2584E-04
    2.480  2.3011E-04
    2.490  2.3544E-04
    2.500  2.4244E-04
    2.510  2.5018E-04
    2.520  2.5790E-04
    2.530  2.6534E-04
    2.540  2.7271E-04
    2.550  2.8005E-04
    2.560  2.8764E-04
    2.570  2.9630E-04
    2.580  3.0640E-04
    2.590  3.1781E-04
    2.600  3.3025E-04
    2.610  3.4329E-04
    2.620  3.5651E-04
    2.630  3.6953E-04
    2.640  3.8203E-04
    2.650  3.9380E-04
    2.660  4.0476E-04
    2.670  4.1491E-04
    2.680  4.2441E-04
    2.690  4.3357E-04
    2.700  4.4270E-04
    2.710  4.5229E-04
    2.720  4.6206E-04
    2.730  4.7108E-04
    2.740  4.7882E-04
    2.750  4.8509E-04
    2.760  4.8864E-04
    2.770  4.9034E-04
    2.780  4.9184E-04
    2.790  4.9328E-04
    2.800  4.9448E-04
    2.810  4.9533E-04
    2.820  4.9590E-04
    2.830  4.9651E-04
    2.840  4.9705E-04
    2.850  4.9722E-04
    2.860  4.9725E-04
    2.870  4.9769E-04
    2.880  4.9946E-04
    2.890  5.0316E-04
    2.900  5.0847E-04
    2.910  5.1391E-04
    2.920  5.1794E-04
    2.930  5.2005E-04
    2.940  5.2069E-04
    2.950  5.2074E-04
    2.960  5.2095E-04
    2.970  5.2173E-04
    2.980  5.2322E-04
    2.990  5.2533E-04
    3.000  5.2791E-04
    3.010  5.3095E-04
    3.020  5.3423E-04
    3.030  5.3736E-04
    3.040  5.4029E-04
    3.050  5.4443E-04
    3.060  5.5051E-04
    3.070  5.5761E-04
    3.080  5.6551E-04
    3.090  5.7314E-04
    3.100  5.7921E-04
    3.110  5.8276E-04
    3.120  5.8412E-04
    3.130  5.8470E-04
    3.140  5.8496E-04
    3.150  5.8498E-04
    3.160  5.8507E-04
    3.170  5.8545E-04
    3.180  5.8633E-04
    3.190  5.8797E-04
    3.200  5.9032E-04
    3.210  5.9302E-04
    3.220  5.9578E-04
    3.230  5.9854E-04
    3.240  6.0112E-04
    3.250  6.0325E-04
    3.260  6.0465E-04
    3.270  6.0531E-04
    3.280  6.0548E-04
    3.290  6.0549E-04
    3.300  6.0550E-04
    3.310  6.0552E-04
    3.320  6.0552E-04
    3.330  6.0556E-04
    3.340  6.0574E-04
    3.350  6.0600E-04
    3.360  6.0617E-04
    3.370  6.0619E-04
    3.380  6.0649E-04
    3.390  6.0779E-04
    3.400  6.1064E-04
    3.410  6.1514E-04
    3.420  6.2143E-04
    3.430  6.2989E-04
    3.440  6.4061E-04
    3.450  6.5341E-04
    3.460  6.6758E-04
    3.470  6.8184E-04
    3.480  6.9407E-04
    3.490  7.0320E-04
    3.500  7.0948E-04
    3.510  7.1331E-04
    3.520  7.1543E-04
    3.530  7.1664E-04
    3.540  7.1759E-04
    3.550  7.1829E-04
    3.560  7.1868E-04
    3.570  7.1883E-04
    3.580  7.1884E-04
    3.590  7.1891E-04
    3.600  7.1923E-04
    3.610  7.2003E-04
    3.620  7.2148E-04
    3.630  7.2342E-04
    3.640  7.2545E-04
    3.650  7.2718E-04
    3.660  7.2850E-04
    3.670  7.2957E-04
    3.680  7.3069E-04
    3.690  7.3225E-04
    3.700  7.3511E-04
    3.710  7.4101E-04
    3.720  7.5233E-04
    3.730  7.7185E-04
    3.740  8.0159E-04
    3.750  8.4038E-04
    3.760  8.8412E-04
    3.770  9.2802E-04
    3.780  9.6845E-04
    3.790  1.0036E-03
    3.800  1.0350E-03
    3.810  1.0654E-03
    3.820  1.0973E-03
    3.830  1.1322E-03
    3.840  1.1717E-03
    3.850  1.2186E-03
    3.860  1.2784E-03
    3.870  1.3520E-03
    3.880  1.4329E-03
    3.890  1.5157E-03
    3.900  1.5975E-03
    3.910  1.6759E-03
    3.920  1.7479E-03
    3.930  1.8146E-03
    3.940  1.8785E-03
    3.950  1.9408E-03
    3.960  2.0026E-03
    3.970  2.0639E-03
    3.980  2.1236E-03
    3.990  2.1794E-03
    4.000  2.2276E-03
    4.010  2.2627E-03
    4.020  2.2843E-03
    4.030  2.2943E-03
    4.040  2.2969E-03
    4.050  2.2971E-03
    4.060  2.2986E-03
    4.070  2.3049E-03
    4.080  2.3174E-03
    4.090  2.3350E-03
    4.100  2.3559E-03
    4.110  2.3806E-03
    4.120  2.4121E-03
    4.130  2.4561E-03
    4.140  2.5170E-03
    4.150  2.5959E-03
    4.160  2.6879E-03
    4.170  2.7819E-03
    4.180  2.8625E-03
    4.190  2.9216E-03
    4.200  2.9593E-03
    4.210  2.9782E-03
    4.220  2.9847E-03
    4.230  2.9858E-03
    4.240  2.9859E-03
    4.250  2.9872E-03
    4.260  2.9901E-03
    4.270  2.9950E-03
    4.280  3.0021E-03
    4.290  3.0113E-03
    4.300  3.0221E-03
    4.310  3.0355E-03
    4.320  3.0547E-03
    4.330  3.0852E-03
    4.340  3.1290E-03
    4.350  3.1832E-03
    4.360  3.2405E-03
    4.370  3.2892E-03
    4.380  3.3217E-03
    4.390  3.3372E-03
    4.400  3.3416E-03
    4.410  3.3421E-03
    4.420  3.3425E-03
    4.430  3.3450E-03
    4.440  3.3516E-03
    4.450  3.3626E-03
    4.460  3.3761E-03
    4.470  3.3881E-03
    4.480  3.3963E-03
    4.490  3.4008E-03
    4.500  3.4030E-03
    4.510  3.4039E-03
    4.520  3.4041E-03
    4.530  3.4041E-03
    4.540  3.4044E-03
    4.550  3.4048E-03
    4.560  3.4048E-03
    4.570  3.4063E-03
    4.580  3.4114E-03
    4.590  3.4217E-03
    4.600  3.4376E-03
    4.610  3.4561E-03
    4.620  3.4723E-03
    4.630  3.4817E-03
    4.640  3.4845E-03
    4.650  3.4847E-03
    4.660  3.4879E-03
    4.670  3.4973E-03
    4.680  3.5142E-03
    4.690  3.5382E-03
    4.700  3.5677E-03
    4.710  3.6004E-03
    4.720  3.6336E-03
    4.730  3.6649E-03
    4.740  3.6926E-03
    4.750  3.7154E-03
    4.760  3.7308E-03
    4.770  3.7393E-03
    4.780  3.7432E-03
    4.790  3.7445E-03
    4.800  3.7449E-03
    4.810  3.7450E-03
    4.820  3.7450E-03
    4.830  3.7452E-03
    4.840  3.7464E-03
    4.850  3.7491E-03
    4.860  3.7534E-03
    4.870  3.7600E-03
    4.880  3.7688E-03
    4.890  3.7783E-03
    4.900  3.7858E-03
    4.910  3.7908E-03
    4.920  3.7949E-03
    4.930  3.7999E-03
    4.940  3.8072E-03
    4.950  3.8171E-03
    4.960  3.8308E-03
    4.970  3.8540E-03
    4.980  3.8938E-03
    4.990  3.9555E-03
    5.000  4.0408E-03
    5.010  4.1419E-03
    5.020  4.2413E-03
    5.030  4.3206E-03
    5.040  4.3743E-03
    5.050  4.4103E-03
    5.060  4.4401E-03
    5.070  4.4716E-03
    5.080  4.5082E-03
    5.090  4.5528E-03
    5.100  4.6109E-03
    5.110  4.6899E-03
    5.120  4.7963E-03
    5.130  4.9299E-03
    5.140  5.0825E-03
    5.150  5.2377E-03
    5.160  5.3754E-03
    5.170  5.4857E-03
    5.180  5.5741E-03
    5.190  5.6556E-03
    5.200  5.7447E-03
    5.210  5.8479E-03
    5.220  5.9648E-03
    5.230  6.0939E-03
    5.240  6.2360E-03
    5.250  6.3879E-03
    5.260  6.5379E-03
    5.270  6.6699E-03
    5.280  6.7740E-03
    5.290  6.8488E-03
    5.300  6.8963E-03
    5.310  6.9195E-03
    5.320  6.9262E-03
    5.330  6.9266E-03
    5.340  6.9272E-03
    5.350  6.9281E-03
    5.360  6.9287E-03
    5.370  6.9296E-03
    5.380  6.9329E-03
    5.390  6.9450E-03
    5.400  6.9771E-03
    5.410  7.0393E-03
    5.420  7.1323E-03
    5.430  7.2490E-03
    5.440  7.3823E-03
    5.450  7.5231E-03
    5.460  7.6510E-03
    5.470  7.7448E-03
    5.480  7.7970E-03
    5.490  7.8153E-03
    5.500  7.8179E-03
    5.510  7.8190E-03
    5.520  7.8274E-03
    5.530  7.8451E-03
    5.540  7.8688E-03
    5.550  7.8954E-03
    5.560  7.9236E-03
    5.570  7.9571E-03
    5.580  8.0094E-03
    5.590  8.1063E-03
    5.600  8.2661E-03
    5.610  8.4629E-03
    5.620  8.6344E-03
    5.630  8.7350E-03
    5.640  8.7652E-03
    5.650  8.7679E-03
    5.660  8.8000E-03
    5.670  8.8923E-03
    5.680  9.0474E-03
    5.690  9.2711E-03
    5.700  9.5792E-03
    5.710  9.9552E-03
    5.720  1.0317E-02
    5.730  1.0570E-02
    5.740  1.0681E-02
    5.750  1.0699E-02
    5.760  1.0709E-02
    5.770  1.0782E-02
    5.780  1.0952E-02
    5.790  1.1208E-02
    5.800  1.1500E-02
    5.810  1.1742E-02
    5.820  1.1874E-02
    5.830  1.1911E-02
    5.840  1.1913E-02
    5.850  1.1928E-02
    5.860  1.1961E-02
    5.870  1.1993E-02
    5.880  1.2004E-02
    5.890  1.2008E-02
    5.900  1.2049E-02
    5.910  1.2178E-02
    5.920  1.2415E-02
    5.930  1.2726E-02
    5.940  1.3072E-02
    5.950  1.3469E-02
    5.960  1.3958E-02
    5.970  1.4511E-02
    5.980  1.5084E-02
    5.990  1.5688E-02
    6.000  1.6365E-02
    6.010  1.7126E-02
    6.020  1.7895E-02
    6.030  1.8546E-02
    6.040  1.9014E-02
    6.050  1.9347E-02
    6.060  1.9653E-02
    6.070  2.0002E-02
    6.080  2.0361E-02
    6.090  2.0636E-02
    6.100  2.0791E-02
    6.110  2.0864E-02
    6.120  2.0890E-02
    6.130  2.0892E-02
    6.140  2.0895E-02
    6.150  2.0898E-02
    6.160  2.0899E-02
    6.170  2.0905E-02
    6.180  2.0914E-02
    6.190  2.0916E-02
    6.200  2.0920E-02
    6.210  2.0930E-02
    6.220  2.0943E-02
    6.230  2.0974E-02
    6.240  2.1062E-02
    6.250  2.1256E-02
    6.260  2.1602E-02
    6.270  2.2135E-02
    6.280  2.2774E-02
    6.290  2.3304E-02
    6.300  2.3608E-02
    6.310  2.3749E-02
    6.320  2.3823E-02
    6.330  2.3878E-02
    6.340  2.3923E-02
    6.350  2.3951E-02
    6.360  2.3974E-02
    6.370  2.4017E-02
    6.380  2.4115E-02
    6.390  2.4306E-02
    6.400  2.4600E-02
    6.410  2.4954E-02
    6.420  2.5278E-02
    6.430  2.5503E-02
    6.440  2.5659E-02
    6.450  2.5851E-02
    6.460  2.6217E-02
    6.470  2.6859E-02
    6.480  2.7812E-02
    6.490  2.9150E-02
    6.500  3.0897E-02
    6.510  3.2883E-02
    6.520  3.4803E-02
    6.530  3.6407E-02
    6.540  3.7613E-02
    6.550  3.8495E-02
    6.560  3.9178E-02
    6.570  3.9680E-02
    6.580  3.9954E-02
    6.590  4.0051E-02
    6.600  4.0079E-02
    6.610  4.0106E-02
    6.620  4.0164E-02
    6.630  4.0236E-02
    6.640  4.0283E-02
    6.650  4.0293E-02
    6.660  4.0301E-02
    6.670  4.0358E-02
    6.680  4.0452E-02
    6.690  4.0508E-02
    6.700  4.0514E-02
    6.710  4.0540E-02
    6.720  4.0656E-02
    6.730  4.0938E-02
    6.740  4.1434E-02
    6.750  4.2109E-02
    6.760  4.2892E-02
    6.770  4.3691E-02
    6.780  4.4384E-02
    6.790  4.4851E-02
    6.800  4.5101E-02
    6.810  4.5248E-02
    6.820  4.5376E-02
    6.830  4.5561E-02
    6.840  4.5946E-02
    6.850  4.6714E-02
    6.860  4.7875E-02
    6.870  4.9103E-02
    6.880  4.9953E-02
    6.890  5.0277E-02
    6.900  5.0310E-02
    6.910  5.0381E-02
    6.920  5.0744E-02
    6.930  5.1414E-02
    6.940  5.2071E-02
    6.950  5.2484E-02
    6.960  5.2692E-02
    6.970  5.2806E-02
    6.980  5.2850E-02
    6.990  5.2869E-02
    7.000  5.3099E-02
    7.010  5.3675E-02
    7.020  5.4486E-02
    7.030  5.5384E-02
    7.040  5.6392E-02
    7.050  5.7703E-02
    7.060  5.9293E-02
    7.070  6.0801E-02
    7.080  6.1872E-02
    7.090  6.2405E-02
    7.100  6.2568E-02
    7.110  6.2586E-02
    7.120  6.2597E-02
    7.130  6.2635E-02
    7.140  6.2659E-02
    7.150  6.2661E-02
    7.160  6.2675E-02
    7.170  6.2716E-02
    7.180  6.2780E-02
    7.190  6.2860E-02
    7.200  6.2960E-02
    7.210  6.3109E-02
    7.220  6.3392E-02
    7.230  6.3908E-02
    7.240  6.4668E-02
    7.250  6.5603E-02
    7.260  6.6489E-02
    7.270  6.7032E-02
    7.280  6.7204E-02
    7.290  6.7217E-02
    7.300  6.7254E-02
    7.310  6.7323E-02
    7.320  6.7348E-02
    7.330  6.7360E-02
    7.340  6.7485E-02
    7.350  6.7825E-02
    7.360  6.8346E-02
    7.370  6.8921E-02
    7.380  6.9423E-02
    7.390  6.9804E-02
    7.400  7.0066E-02
    7.410  7.0215E-02
    7.420  7.0289E-02
    7.430  7.0317E-02
    7.440  7.0320E-02
    7.450  7.0369E-02
    7.460  7.0582E-02
    7.470  7.1067E-02
    7.480  7.1878E-02
    7.490  7.2961E-02
    7.500  7.4085E-02
    7.510  7.5093E-02
    7.520  7.6152E-02
    7.530  7.7547E-02
    7.540  7.9395E-02
    7.550  8.1542E-02
    7.560  8.3671E-02
    7.570  8.5511E-02
    7.580  8.6895E-02
    7.590  8.7865E-02
    7.600  8.8638E-02
    7.610  8.9369E-02
    7.620  9.0140E-02
    7.630  9.1074E-02
    7.640  9.2263E-02
    7.650  9.3775E-02
    7.660  9.5630E-02
    7.670  9.7547E-02
    7.680  9.9131E-02
    7.690  1.0031E-01
    7.700  1.0131E-01
    7.710  1.0224E-01
    7.720  1.0312E-01
    7.730  1.0400E-01
    7.740  1.0498E-01
    7.750  1.0601E-01
    7.760  1.0700E-01
    7.770  1.0779E-01
    7.780  1.0827E-01
    7.790  1.0849E-01
    7.800  1.0855E-01
    7.810  1.0856E-01
    7.820  1.0873E-01
    7.830  1.0956E-01
    7.840  1.1168E-01
    7.850  1.1552E-01
    7.860  1.2059E-01
    7.870  1.2548E-01
    7.880  1.2894E-01
    7.890  1.3049E-01
    7.900  1.3071E-01
    7.910  1.3094E-01
    7.920  1.3184E-01
    7.930  1.3304E-01
    7.940  1.3408E-01
    7.950  1.3505E-01
    7.960  1.3632E-01
    7.970  1.3838E-01
    7.980  1.4144E-01
    7.990  1.4518E-01
    8.000  1.4904E-01
    8.010  1.5249E-01
    8.020  1.5557E-01
    8.030  1.5900E-01
    8.040  1.6350E-01
    8.050  1.6947E-01
    8.060  1.7718E-01
    8.070  1.8647E-01
    8.080  1.9595E-01
    8.090  2.0410E-01
    8.100  2.1114E-01
    8.110  2.1822E-01
    8.120  2.2621E-01
    8.130  2.3506E-01
    8.140  2.4358E-01
    8.150  2.5035E-01
    8.160  2.5489E-01
    8.170  2.5735E-01
    8.180  2.5807E-01
    8.190  2.5814E-01
    8.200  2.5883E-01
    8.210  2.6064E-01
    8.220  2.6320E-01
    8.230  2.6574E-01
    8.240  2.6755E-01
    8.250  2.6842E-01
    8.260  2.6865E-01
    8.270  2.6867E-01
    8.280  2.6878E-01
    8.290  2.6913E-01
    8.300  2.6961E-01
    8.310  2.7001E-01
    8.320  2.7025E-01
    8.330  2.7036E-01
    8.340  2.7040E-01
    8.350  2.7042E-01
    8.360  2.7042E-01
    8.370  2.7049E-01
    8.380  2.7062E-01
    8.390  2.7076E-01
    8.400  2.7081E-01
    8.410  2.7082E-01
    8.420  2.7094E-01
    8.430  2.7119E-01
    8.440  2.7144E-01
    8.450  2.7157E-01
    8.460  2.7160E-01
    8.470  2.7162E-01
    8.480  2.7163E-01
    8.490  2.7164E-01
    8.500  2.7164E-01
    8.510  2.7167E-01
    8.520  2.7180E-01
    8.530  2.7228E-01
    8.540  2.7366E-01
    8.550  2.7660E-01
    8.560  2.8096E-01
    8.570  2.8578E-01
    8.580  2.8992E-01
    8.590  2.9280E-01
    8.600  2.9451E-01
    8.610  2.9544E-01
    8.620  2.9595E-01
    8.630  2.9627E-01
    8.640  2.9657E-01
    8.650  2.9690E-01
    8.660  2.9728E-01
    8.670  2.9785E-01
    8.680  2.9882E-01
    8.690  3.0015E-01
    8.700  3.0156E-01
    8.710  3.0275E-01
    8.720  3.0369E-01
    8.730  3.0456E-01
    8.740  3.0561E-01
    8.750  3.0714E-01
    8.760  3.0926E-01
    8.770  3.1193E-01
    8.780  3.1510E-01
    8.790  3.1853E-01
    8.800  3.2175E-01
    8.810  3.2421E-01
    8.820  3.2554E-01
    8.830  3.2587E-01
    8.840  3.2591E-01
    8.850  3.2620E-01
    8.860  3.2671E-01
    8.870  3.2709E-01
    8.880  3.2714E-01
    8.890  3.2750E-01
    8.900  3.2910E-01
    8.910  3.3199E-01
    8.920  3.3529E-01
    8.930  3.3807E-01
    8.940  3.3999E-01
    8.950  3.4135E-01
    8.960  3.4264E-01
    8.970  3.4418E-01
    8.980  3.4600E-01
    8.990  3.4782E-01
    9.000  3.4941E-01
    9.010  3.5074E-01
    9.020  3.5187E-01
    9.030  3.5334E-01
    9.040  3.5615E-01
    9.050  3.6148E-01
    9.060  3.6904E-01
    9.070  3.7586E-01
    9.080  3.7915E-01
    9.090  3.7956E-01
    9.100  3.8050E-01
    9.110  3.8431E-01
    9.120  3.9032E-01
    9.130  3.9641E-01
    9.140  4.0093E-01
    9.150  4.0337E-01
    9.160  4.0422E-01
    9.170  4.0433E-01
    9.180  4.0436E-01
    9.190  4.0453E-01
    9.200  4.0482E-01
    9.210  4.0518E-01
    9.220  4.0563E-01
    9.230  4.0615E-01
    9.240  4.0670E-01
    9.250  4.0733E-01
    9.260  4.0819E-01
    9.270  4.0942E-01
    9.280  4.1112E-01
    9.290  4.1351E-01
    9.300  4.1689E-01
    9.310  4.2131E-01
    9.320  4.2621E-01
    9.330  4.3112E-01
    9.340  4.3621E-01
    9.350  4.4166E-01
    9.360  4.4743E-01
    9.370  4.5362E-01
    9.380  4.6021E-01
    9.390  4.6650E-01
    9.400  4.7165E-01
    9.410  4.7558E-01
    9.420  4.7856E-01
    9.430  4.8069E-01
    9.440  4.8196E-01
    9.450  4.8251E-01
    9.460  4.8265E-01
    9.470  4.8265E-01
    9.480  4.8276E-01
    9.490  4.8309E-01
    9.500  4.8367E-01
    9.510  4.8439E-01
    9.520  4.8504E-01
    9.530  4.8548E-01
    9.540  4.8570E-01
    9.550  4.8580E-01
    9.560  4.8591E-01
    9.570  4.8633E-01
    9.580  4.8757E-01
    9.590  4.8997E-01
    9.600  4.9311E-01
    9.610  4.9624E-01
    9.620  4.9890E-01
    9.630  5.0075E-01
    9.640  5.0170E-01
    9.650  5.0197E-01
    9.660  5.0199E-01
    9.670  5.0201E-01
    9.680  5.0203E-01
    9.690  5.0235E-01
    9.700  5.0345E-01
    9.710  5.0501E-01
    9.720  5.0624E-01
    9.730  5.0686E-01
    9.740  5.0720E-01
    9.750  5.0773E-01
    9.760  5.0879E-01
    9.770  5.1044E-01
    9.780  5.1243E-01
    9.790  5.1459E-01
    9.800  5.1688E-01
    9.810  5.1913E-01
    9.820  5.2111E-01
    9.830  5.2268E-01
    9.840  5.2389E-01
    9.850  5.2495E-01
    9.860  5.2598E-01
    9.870  5.2693E-01
    9.880  5.2761E-01
    9.890  5.2798E-01
    9.900  5.2810E-01
    9.910  5.2810E-01
    9.920  5.2812E-01
    9.930  5.2812E-01
    9.940  5.2816E-01
    9.950  5.2841E-01
    9.960  5.2892E-01
    9.970  5.2949E-01
    9.980  5.3000E-01
    9.990  5.3056E-01
   10.000  5.3141E-01
   10.010  5.3276E-01
   10.020  5.3469E-01
   10.030  5.3733E-01
   10.040  5.4082E-01
   10.050  5.4475E-01
   10.060  5.4823E-01
   10.070  5.5064E-01
   10.080  5.5207E-01
   10.090  5.5299E-01
   10.100  5.5370E-01
   10.110  5.5419E-01
   10.120  5.5447E-01
   10.130  5.5458E-01
   10.140  5.5461E-01
   10.150  5.5461E-01
   10.160  5.5462E-01
   10.170  5.5468E-01
   10.180  5.5479E-01
   10.190  5.5491E-01
   10.200  5.5501E-01
   10.210  5.5509E-01
   10.220  5.5513E-01
   10.230  5.5516E-01
   10.240  5.5517E-01
   10.250  5.5518E-01
   10.260  5.5529E-01
   10.270  5.5557E-01
   10.280  5.5583E-01
   10.290  5.5588E-01
   10.300  5.5597E-01
   10.310  5.5638E-01
   10.320  5.5717E-01
   10.330  5.5844E-01
   10.340  5.6078E-01
   10.350  5.6540E-01
   10.360  5.7341E-01
   10.370  5.8455E-01
   10.380  5.9697E-01
   10.390  6.0787E-01
   10.400  6.1486E-01
   10.410  6.1777E-01
   10.420  6.1835E-01
   10.430  6.1839E-01
   10.440  6.1890E-01
   10.450  6.2036E-01
   10.460  6.2301E-01
   10.470  6.2700E-01
   10.480  6.3198E-01
   10.490  6.3690E-01
   10.500  6.4068E-01
   10.510  6.4289E-01
   10.520  6.4387E-01
   10.530  6.4420E-01
   10.540  6.4434E-01
   10.550  6.4461E-01
   10.560  6.4546E-01
   10.570  6.4767E-01
   10.580  6.5175E-01
   10.590  6.5728E-01
   10.600  6.6321E-01
   10.610  6.6906E-01
   10.620  6.7517E-01
   10.630  6.8192E-01
   10.640  6.8974E-01
   10.650  6.9900E-01
   10.660  7.0934E-01
   10.670  7.1956E-01
   10.680  7.2872E-01
   10.690  7.3667E-01
   10.700  7.4353E-01
   10.710  7.4925E-01
   10.720  7.5337E-01
   10.730  7.5564E-01
   10.740  7.5656E-01
   10.750  7.5678E-01
   10.760  7.5679E-01
   10.770  7.5699E-01
   10.780  7.5750E-01
   10.790  7.5816E-01
   10.800  7.5870E-01
   10.810  7.5906E-01
   10.820  7.5940E-01
   10.830  7.5998E-01
   10.840  7.6097E-01
   10.850  7.6216E-01
   10.860  7.6318E-01
   10.870  7.6384E-01
   10.880  7.6420E-01
   10.890  7.6441E-01
   10.900  7.6455E-01
   10.910  7.6463E-01
   10.920  7.6463E-01
   10.930  7.6467E-01
   10.940  7.6471E-01
   10.950  7.6472E-01
   10.960  7.6483E-01
   10.970  7.6523E-01
   10.980  7.6577E-01
   10.990  7.6614E-01
   11.000  7.6634E-01
   11.010  7.6655E-01
   11.020  7.6706E-01
   11.030  7.6821E-01
   11.040  7.7020E-01
   11.050  7.7259E-01
   11.060  7.7469E-01
   11.070  7.7611E-01
   11.080  7.7686E-01
   11.090  7.7722E-01
   11.100  7.7739E-01
   11.110  7.7747E-01
   11.120  7.7747E-01
   11.130  7.7751E-01
   11.140  7.7767E-01
   11.150  7.7804E-01
   11.160  7.7854E-01
   11.170  7.7903E-01
   11.180  7.7931E-01
   11.190  7.7935E-01
   11.200  7.7951E-01
   11.210  7.8044E-01
   11.220  7.8252E-01
   11.230  7.8566E-01
   11.240  7.8969E-01
   11.250  7.9451E-01
   11.260  8.0008E-01
   11.270  8.0620E-01
   11.280  8.1226E-01
   11.290  8.1727E-01
   11.300  8.2075E-01
   11.310  8.2284E-01
   11.320  8.2388E-01
   11.330  8.2436E-01
   11.340  8.2461E-01
   11.350  8.2477E-01
   11.360  8.2483E-01
   11.370  8.2485E-01
   11.380  8.2515E-01
   11.390  8.2601E-01
   11.400  8.2755E-01
   11.410  8.2977E-01
   11.420  8.3252E-01
   11.430  8.3545E-01
   11.440  8.3821E-01
   11.450  8.4070E-01
   11.460  8.4301E-01
   11.470  8.4535E-01
   11.480  8.4767E-01
   11.490  8.4970E-01
   11.500  8.5118E-01
   11.510  8.5206E-01
   11.520  8.5243E-01
   11.530  8.5254E-01
   11.540  8.5258E-01
   11.550  8.5267E-01
   11.560  8.5292E-01
   11.570  8.5341E-01
   11.580  8.5412E-01
   11.590  8.5509E-01
   11.600  8.5662E-01
   11.610  8.5917E-01
   11.620  8.6315E-01
   11.630  8.6855E-01
   11.640  8.7438E-01
   11.650  8.7906E-01
   11.660  8.8164E-01
   11.670  8.8241E-01
   11.680  8.8246E-01
   11.690  8.8294E-01
   11.700  8.8425E-01
   11.710  8.8628E-01
   11.720  8.8887E-01
   11.730  8.9194E-01
   11.740  8.9538E-01
   11.750  8.9871E-01
   11.760  9.0127E-01
   11.770  9.0282E-01
   11.780  9.0361E-01
   11.790  9.0398E-01
   11.800  9.0421E-01
   11.810  9.0441E-01
   11.820  9.0460E-01
   11.830  9.0478E-01
   11.840  9.0495E-01
   11.850  9.0512E-01
   11.860  9.0533E-01
   11.870  9.0554E-01
   11.880  9.0572E-01
   11.890  9.0583E-01
   11.900  9.0593E-01
   11.910  9.0602E-01
   11.920  9.0616E-01
   11.930  9.0653E-01
   11.940  9.0748E-01
   11.950  9.0946E-01
   11.960  9.1259E-01
   11.970  9.1636E-01
   11.980  9.1984E-01
   11.990  9.2252E-01
   12.000  9.2440E-01
   12.010  9.2569E-01
   12.020  9.2655E-01
   12.030  9.2704E-01
   12.040  9.2725E-01
   12.050  9.2728E-01
   12.060  9.2729E-01
   12.070  9.2731E-01
   12.080  9.2737E-01
   12.090  9.2757E-01
   12.100  9.2792E-01
   12.110  9.2830E-01
   12.120  9.2851E-01
   12.130  9.2854E-01
   12.140  9.2857E-01
   12.150  9.2874E-01
   12.160  9.2914E-01
   12.170  9.2985E-01
   12.180  9.3082E-01
   12.190  9.3190E-01
   12.200  9.3292E-01
   12.210  9.3377E-01
   12.220  9.3439E-01
   12.230  9.3481E-01
   12.240  9.3507E-01
   12.250  9.3523E-01
   12.260  9.3535E-01
   12.270  9.3545E-01
   12.280  9.3549E-01
   12.290  9.3550E-01
   12.300  9.3552E-01
   12.310  9.3563E-01
   12.320  9.3580E-01
   12.330  9.3606E-01
   12.340  9.3639E-01
   12.350  9.3676E-01
   12.360  9.3702E-01
   12.370  9.3713E-01
   12.380  9.3714E-01
   12.390  9.3718E-01
   12.400  9.3727E-01
   12.410  9.3735E-01
   12.420  9.3738E-01
   12.430  9.3738E-01
   12.440  9.3739E-01
   12.450  9.3740E-01
   12.460  9.3743E-01
   12.470  9.3751E-01
   12.480  9.3767E-01
   12.490  9.3796E-01
   12.500  9.3836E-01
   12.510  9.3881E-01
   12.520  9.3924E-01
   12.530  9.3962E-01
   12.540  9.3993E-01
   12.550  9.4010E-01
   12.560  9.4013E-01
   12.570  9.4016E-01
   12.580  9.4033E-01
   12.590  9.4070E-01
   12.600  9.4113E-01
   12.610  9.4152E-01
   12.620  9.4185E-01
   12.630  9.4215E-01
   12.640  9.4243E-01
   12.650  9.4273E-01
   12.660  9.4312E-01
   12.670  9.4363E-01
   12.680  9.4412E-01
   12.690  9.4445E-01
   12.700  9.4462E-01
   12.710  9.4470E-01
   12.720  9.4475E-01
   12.730  9.4480E-01
   12.740  9.4487E-01
   12.750  9.4495E-01
   12.760  9.4503E-01
   12.770  9.4510E-01
   12.780  9.4515E-01
   12.790  9.4520E-01
   12.800  9.4524E-01
   12.810  9.4533E-01
   12.820  9.4554E-01
   12.830  9.4591E-01
   12.840  9.4645E-01
   12.850  9.4714E-01
   12.860  9.4807E-01
   12.870  9.4938E-01
   12.880  9.5106E-01
   12.890  9.5301E-01
   12.900  9.5514E-01
   12.910  9.5720E-01
   12.920  9.5889E-01
   12.930  9.6005E-01
   12.940  9.6065E-01
   12.950  9.6084E-01
   12.960  9.6087E-01
   12.970  9.6088E-01
   12.980  9.6096E-01
   12.990  9.6113E-01
   13.000  9.6134E-01
   13.010  9.6153E-01
   13.020  9.6166E-01
   13.030  9.6173E-01
   13.040  9.6175E-01
   13.050  9.6177E-01
   13.060  9.6180E-01
   13.070  9.6186E-01
   13.080  9.6194E-01
   13.090  9.6203E-01
   13.100  9.6212E-01
   13.110  9.6225E-01
   13.120  9.6242E-01
   13.130  9.6262E-01
   13.140  9.6280E-01
   13.150  9.6290E-01
   13.160  9.6293E-01
   13.170  9.6294E-01
   13.180  9.6295E-01
   13.190  9.6301E-01
   13.200  9.6322E-01
   13.210  9.6365E-01
   13.220  9.6426E-01
   13.230  9.6496E-01
   13.240  9.6566E-01
   13.250  9.6634E-01
   13.260  9.6695E-01
   13.270  9.6745E-01
   13.280  9.6783E-01
   13.290  9.6812E-01
   13.300  9.6829E-01
   13.310  9.6837E-01
   13.320  9.6840E-01
   13.330  9.6840E-01
   13.340  9.6841E-01
   13.350  9.6841E-01
   13.360  9.6841E-01
   13.370  9.6841E-01
   13.380  9.6842E-01
   13.390  9.6846E-01
   13.400  9.6857E-01
   13.410  9.6876E-01
   13.420  9.6904E-01
   13.430  9.6946E-01
   13.440  9.7005E-01
   13.450  9.7084E-01
   13.460  9.7175E-01
   13.470  9.7267E-01
   13.480  9.7349E-01
   13.490  9.7422E-01
   13.500  9.7493E-01
   13.510  9.7568E-01
   13.520  9.7656E-01
   13.530  9.7762E-01
   13.540  9.7875E-01
   13.550  9.7977E-01
   13.560  9.8052E-01
   13.570  9.8098E-01
   13.580  9.8124E-01
   13.590  9.8138E-01
   13.600  9.8142E-01
   13.610  9.8143E-01
   13.620  9.8143E-01
   13.630  9.8144E-01
   13.640  9.8145E-01
   13.650  9.8146E-01
   13.660  9.8146E-01
   13.670  9.8146E-01
   13.680  9.8146E-01
   13.690  9.8146E-01
   13.700  9.8146E-01
   13.710  9.8146E-01
   13.720  9.8146E-01
   13.730  9.8147E-01
   13.740  9.8147E-01
   13.750  9.8147E-01
   13.760  9.8150E-01
   13.770  9.8155E-01
   13.780  9.8163E-01
   13.790  9.8172E-01
   13.800  9.8179E-01
   13.810  9.8185E-01
   13.820  9.8188E-01
   13.830  9.8190E-01
   13.840  9.8192E-01
   13.850  9.8196E-01
   13.860  9.8202E-01
   13.870  9.8210E-01
   13.880  9.8220E-01
   13.890  9.8228E-01
   13.900  9.8232E-01
   13.910  9.8234E-01
   13.920  9.8234E-01
   13.930  9.8235E-01
   13.940  9.8239E-01
   13.950  9.8245E-01
   13.960  9.8250E-01
   13.970  9.8254E-01
   13.980  9.8256E-01
   13.990  9.8257E-01
   14.000  9.8257E-01
   14.010  9.8257E-01
   14.020  9.8258E-01
   14.030  9.8258E-01
   14.040  9.8259E-01
   14.050  9.8259E-01
   14.060  9.8259E-01
   14.070  9.8263E-01
   14.080  9.8271E-01
   14.090  9.8285E-01
   14.100  9.8303E-01
   14.110  9.8323E-01
   14.120  9.8343E-01
   14.130  9.8359E-01
   14.140  9.8372E-01
   14.150  9.8383E-01
   14.160  9.8393E-01
   14.170  9.8407E-01
   14.180  9.8427E-01
   14.190  9.8450E-01
   14.200  9.8472E-01
   14.210  9.8487E-01
   14.220  9.8496E-01
   14.230  9.8500E-01
   14.240  9.8502E-01
   14.250  9.8504E-01
   14.260  9.8508E-01
   14.270  9.8512E-01
   14.280  9.8515E-01
   14.290  9.8517E-01
   14.300  9.8518E-01
   14.310  9.8519E-01
   14.320  9.8519E-01
   14.330  9.8519E-01
   14.340  9.8520E-01
   14.350  9.8523E-01
   14.360  9.8530E-01
   14.370  9.8542E-01
   14.380  9.8558E-01
   14.390  9.8574E-01
   14.400  9.8584E-01
   14.410  9.8588E-01
   14.420  9.8588E-01
   14.430  9.8588E-01
   14.440  9.8588E-01
   14.450  9.8589E-01
   14.460  9.8594E-01
   14.470  9.8608E-01
   14.480  9.8634E-01
   14.490  9.8670E-01
   14.500  9.8717E-01
   14.510  9.8771E-01
   14.520  9.8829E-01
   14.530  9.8884E-01
   14.540  9.8930E-01
   14.550  9.8965E-01
   14.560  9.8987E-01
   14.570  9.9000E-01
   14.580  9.9007E-01
   14.590  9.9012E-01
   14.600  9.9015E-01
   14.610  9.9017E-01
   14.620  9.9018E-01
   14.630  9.9021E-01
   14.640  9.9026E-01
   14.650  9.9037E-01
   14.660  9.9056E-01
   14.670  9.9080E-01
   14.680  9.9106E-01
   14.690  9.9128E-01
   14.700  9.9148E-01
   14.710  9.9167E-01
   14.720  9.9188E-01
   14.730  9.9213E-01
   14.740  9.9239E-01
   14.750  9.9266E-01
   14.760  9.9292E-01
   14.770  9.9319E-01
   14.780  9.9347E-01
   14.790  9.9377E-01
   14.800  9.9403E-01
   14.810  9.9424E-01
   14.820  9.9435E-01
   14.830  9.9438E-01
   14.840  9.9439E-01
   14.850  9.9444E-01
   14.860  9.9457E-01
   14.870  9.9476E-01
   14.880  9.9498E-01
   14.890  9.9522E-01
   14.900  9.9546E-01
   14.910  9.9566E-01
   14.920  9.9581E-01
   14.930  9.9591E-01
   14.940  9.9598E-01
   14.950  9.9605E-01
   14.960  9.9613E-01
   14.970  9.9620E-01
   14.980  9.9627E-01
   14.990  9.9633E-01
   15.000  9.9638E-01
   15.010  9.9644E-01
   15.020  9.9649E-01
   15.030  9.9654E-01
   15.040  9.9659E-01
   15.050  9.9664E-01
   15.060  9.9668E-01
   15.070  9.9671E-01
   15.080  9.9675E-01
   15.090  9.9678E-01
   15.100  9.9682E-01
   15.110  9.9686E-01
   15.120  9.9692E-01
   15.130  9.9699E-01
   15.140  9.9707E-01
   15.150  9.9714E-01
   15.160  9.9719E-01
   15.170  9.9721E-01
   15.180  9.9722E-01
   15.190  9.9723E-01
   15.200  9.9723E-01
   15.210  9.9723E-01
   15.220  9.9724E-01
   15.230  9.9725E-01
   15.240  9.9726E-01
   15.250  9.9728E-01
   15.260  9.9729E-01
   15.270  9.9730E-01
   15.280  9.9731E-01
   15.290  9.9734E-01
   15.300  9.9738E-01
   15.310  9.9744E-01
   15.320  9.9750E-01
   15.330  9.9755E-01
   15.340  9.9760E-01
   15.350  9.9763E-01
   15.360  9.9765E-01
   15.370  9.9767E-01
   15.380  9.9768E-01
   15.390  9.9768E-01
   15.400  9.9769E-01
   15.410  9.9769E-01
   15.420  9.9769E-01
   15.430  9.9769E-01
   15.440  9.9769E-01
   15.450  9.9769E-01
   15.460  9.9769E-01
   15.470  9.9769E-01
   15.480  9.9770E-01
   15.490  9.9771E-01
   15.500  9.9772E-01
   15.510  9.9773E-01
   15.520  9.9773E-01
   15.530  9.9774E-01
   15.540  9.9774E-01
   15.550  9.9775E-01
   15.560  9.9776E-01
   15.570  9.9777E-01
   15.580  9.9779E-01
   15.590  9.9781E-01
   15.600  9.9784E-01
   15.610  9.9786E-01
   15.620  9.9788E-01
   15.630  9.9790E-01
   15.640  9.9792E-01
   15.650  9.9792E-01
   15.660  9.9793E-01
   15.670  9.9793E-01
   15.680  9.9793E-01
   15.690  9.9794E-01
   15.700  9.9795E-01
   15.710  9.9795E-01
   15.720  9.9795E-01
   15.730  9.9795E-01
   15.740  9.9796E-01
   15.750  9.9798E-01
   15.760  9.9801E-01
   15.770  9.9805E-01
   15.780  9.9808E-01
   15.790  9.9811E-01
   15.800  9.9813E-01
   15.810  9.9814E-01
   15.820  9.9814E-01
   15.830  9.9814E-01
   15.840  9.9814E-01
   15.850  9.9814E-01
   15.860  9.9814E-01
   15.870  9.9814E-01
   15.880  9.9814E-01
   15.890  9.9814E-01
   15.900  9.9814E-01
   15.910  9.9814E-01
   15.920  9.9815E-01
   15.930  9.9817E-01
   15.940  9.9819E-01
   15.950  9.9821E-01
   15.960  9.9823E-01
   15.970  9.9825E-01
   15.980  9.9827E-01
   15.990  9.9829E-01
   16.000  9.9831E-01
   16.010  9.9832E-01
   16.020  9.9834E-01
   16.030  9.9835E-01
   16.040  9.9837E-01
   16.050  9.9839E-01
   16.060  9.9841E-01
   16.070  9.9843E-01
   16.080  9.9844E-01
   16.090  9.9844E-01
   16.100  9.9844E-01
   16.110  9.9845E-01
   16.120  9.9846E-01
   16.130  9.9849E-01
   16.140  9.9852E-01
   16.150  9.9855E-01
   16.160  9.9858E-01
   16.170  9.9860E-01
   16.180  9.9862E-01
   16.190  9.9863E-01
   16.200  9.9865E-01
   16.210  9.9866E-01
   16.220  9.9868E-01
   16.230  9.9870E-01
   16.240  9.9871E-01
   16.250  9.9872E-01
   16.260  9.9873E-01
   16.270  9.9874E-01
   16.280  9.9874E-01
   16.290  9.9875E-01
   16.300  9.9875E-01
   16.310  9.9876E-01
   16.320  9.9876E-01
   16.330  9.9877E-01
   16.340  9.9878E-01
   16.350  9.9879E-01
   16.360  9.9879E-01
   16.370  9.9880E-01
   16.380  9.9881E-01
   16.390  9.9882E-01
   16.400  9.9883E-01
   16.410  9.9884E-01
   16.420  9.9884E-01
   16.430  9.9884E-01
   16.440  9.9884E-01
   16.450  9.9884E-01
   16.460  9.9884E-01
   16.470  9.9885E-01
   16.480  9.9885E-01
   16.490  9.9885E-01
   16.500  9.9885E-01
   16.510  9.9886E-01
   16.520  9.9886E-01
   16.530  9.9886E-01
   16.540  9.9886E-01
   16.550  9.9887E-01
   16.560  9.9887E-01
   16.570  9.9888E-01
   16.580  9.9889E-01
   16.590  9.9890E-01
   16.600  9.9892E-01
   16.610  9.9893E-01
   16.620  9.9895E-01
   16.630  9.9895E-01
   16.640  9.9896E-01
   16.650  9.9896E-01
   16.660  9.9896E-01
   16.670  9.9896E-01
   16.680  9.9896E-01
   16.690  9.9896E-01
   16.700  9.9896E-01
   16.710  9.9896E-01
   16.720  9.9896E-01
   16.730  9.9896E-01
   16.740  9.9896E-01
   16.750  9.9896E-01
   16.760  9.9896E-01
   16.770  9.9896E-01
   16.780  9.9896E-01
   16.790  9.9896E-01
   16.800  9.9896E-01
   16.810  9.9896E-01
   16.820  9.9897E-01
   16.830  9.9897E-01
   16.840  9.9897E-01
   16.850  9.9898E-01
   16.860  9.9899E-01
   16.870  9.9899E-01
   16.880  9.9900E-01
   16.890  9.9901E-01
   16.900  9.9901E-01
   16.910  9.9902E-01
   16.920  9.9902E-01
   16.930  9.9902E-01
   16.940  9.9902E-01
   16.950  9.9902E-01
   16.960  9.9903E-01
   16.970  9.9903E-01
   16.980  9.9903E-01
   16.990  9.9904E-01
   17.000  9.9904E-01
   17.010  9.9904E-01
   17.020  9.9904E-01
   17.030  9.9904E-01
   17.040  9.9904E-01
   17.050  9.9904E-01
   17.060  9.9904E-01
   17.070  9.9904E-01
   17.080  9.9904E-01
   17.090  9.9904E-01
   17.100  9.9904E-01
   17.110  9.9904E-01
   17.120  9.9904E-01
   17.130  9.9904E-01
   17.140  9.9904E-01
   17.150  9.9905E-01
   17.160  9.9905E-01
   17.170  9.9906E-01
   17.180  9.9906E-01
   17.190  9.9907E-01
   17.200  9.9907E-01
   17.210  9.9908E-01
   17.220  9.9908E-01
   17.230  9.9909E-01
   17.240  9.9910E-01
   17.250  9.9910E-01
   17.260  9.9911E-01
   17.270  9.9912E-01
   17.280  9.9913E-01
   17.290  9.9914E-01
   17.300  9.9916E-01
   17.310  9.9917E-01
   17.320  9.9918E-01
   17.330  9.9919E-01
   17.340  9.9920E-01
   17.350  9.9921E-01
   17.360  9.9921E-01
   17.370  9.9921E-01
   17.380  9.9921E-01
   17.390  9.9921E-01
   17.400  9.9921E-01
   17.410  9.9921E-01
   17.420  9.9921E-01
   17.430  9.9922E-01
   17.440  9.9922E-01
   17.450  9.9923E-01
   17.460  9.9923E-01
   17.470  9.9923E-01
   17.480  9.9924E-01
   17.490  9.9924E-01
   17.500  9.9925E-01
   17.510  9.9925E-01
   17.520  9.9925E-01
   17.530  9.9925E-01
   17.540  9.9926E-01
   17.550  9.9926E-01
   17.560  9.9926E-01
   17.570  9.9926E-01
   17.580  9.9926E-01
   17.590  9.9926E-01
   17.600  9.9926E-01
   17.610  9.9926E-01
   17.620  9.9926E-01
   17.630  9.9926E-01
   17.640  9.9926E-01
   17.650  9.9926E-01
   17.660  9.9926E-01
   17.670  9.9926E-01
   17.680  9.9926E-01
   17.690  9.9926E-01
   17.700  9.9926E-01
   17.710  9.9926E-01
   17.720  9.9926E-01
   17.730  9.9926E-01
   17.740  9.9927E-01
   17.750  9.9927E-01
   17.760  9.9927E-01
   17.770  9.9927E-01
   17.780  9.9927E-01
   17.790  9.9927E-01
   17.800  9.9928E-01
   17.810  9.9928E-01
   17.820  9.9928E-01
   17.830  9.9929E-01
   17.840  9.9929E-01
   17.850  9.9930E-01
   17.860  9.9930E-01
   17.870  9.9931E-01
   17.880  9.9931E-01
   17.890  9.9931E-01
   17.900  9.9931E-01
   17.910  9.9931E-01
   17.920  9.9931E-01
   17.930  9.9931E-01
   17.940  9.9931E-01
   17.950  9.9931E-01
   17.960  9.9932E-01
   17.970  9.9932E-01
   17.980  9.9932E-01
   17.990  9.9932E-01
   18.000  9.9932E-01
   18.010  9.9932E-01
   18.020  9.9932E-01
   18.030  9.9932E-01
   18.040  9.9932E-01
   18.050  9.9932E-01
   18.060  9.9932E-01
   18.070  9.9932E-01
   18.080  9.9932E-01
   18.090  9.9932E-01
   18.100  9.9932E-01
   18.110  9.9932E-01
   18.120  9.9932E-01
   18.130  9.9933E-01
   18.140  9.9933E-01
   18.150  9.9933E-01
   18.160  9.9933E-01
   18.170  9.9933E-01
   18.180  9.9933E-01
   18.190  9.9933E-01
   18.200  9.9933E-01
   18.210  9.9933E-01
   18.220  9.9933E-01
   18.230  9.9933E-01
   18.240  9.9933E-01
   18.250  9.9933E-01
   18.260  9.9933E-01
   18.270  9.9933E-01
   18.280  9.9933E-01
   18.290  9.9933E-01
   18.300  9.9933E-01
   18.310  9.9933E-01
   18.320  9.9933E-01
   18.330  9.9933E-01
   18.340  9.9933E-01
   18.350  9.9934E-01
   18.360  9.9934E-01
   18.370  9.9934E-01
   18.380  9.9935E-01
   18.390  9.9935E-01
   18.400  9.9936E-01
   18.410  9.9937E-01
   18.420  9.9938E-01
   18.430  9.9938E-01
   18.440  9.9939E-01
   18.450  9.9939E-01
   18.460  9.9940E-01
   18.470  9.9940E-01
   18.480  9.9940E-01
   18.490  9.9941E-01
   18.500  9.9941E-01
   18.510  9.9941E-01
   18.520  9.9941E-01
   18.530  9.9942E-01
   18.540  9.9942E-01
   18.550  9.9942E-01
   18.560  9.9942E-01
   18.570  9.9942E-01
   18.580  9.9942E-01
   18.590  9.9943E-01
   18.600  9.9943E-01
   18.610  9.9943E-01
   18.620  9.9943E-01
   18.630  9.9943E-01
   18.640  9.9943E-01
   18.650  9.9943E-01
   18.660  9.9943E-01
   18.670  9.9943E-01
   18.680  9.9943E-01
   18.690  9.9944E-01
   18.700  9.9944E-01
   18.710  9.9944E-01
   18.720  9.9945E-01
   18.730  9.9945E-01
   18.740  9.9945E-01
   18.750  9.9946E-01
   18.760  9.9946E-01
   18.770  9.9946E-01
   18.780  9.9946E-01
   18.790  9.9946E-01
   18.800  9.9946E-01
   18.810  9.9946E-01
   18.820  9.9946E-01
   18.830  9.9946E-01
   18.840  9.9946E-01
   18.850  9.9946E-01
   18.860  9.9946E-01
   18.870  9.9947E-01
   18.880  9.9947E-01
   18.890  9.9947E-01
   18.900  9.9947E-01
   18.910  9.9947E-01
   18.920  9.9947E-01
   18.930  9.9947E-01
   18.940  9.9947E-01
   18.950  9.9947E-01
   18.960  9.9947E-01
   18.970  9.9947E-01
   18.980  9.9947E-01
   18.990  9.9947E-01
   19.000  9.9947E-01
   19.010  9.9947E-01
   19.020  9.9947E-01
   19.030  9.9947E-01
   19.040  9.9948E-01
   19.050  9.9948E-01
   19.060  9.9948E-01
   19.070  9.9948E-01
   19.080  9.9948E-01
   19.090  9.9948E-01
   19.100  9.9948E-01
   19.110  9.9948E-01
   19.120  9.9948E-01
   19.130  9.9948E-01
   19.140  9.9948E-01
   19.150  9.9948E-01
   19.160  9.9948E-01
   19.170  9.9948E-01
   19.180  9.9948E-01
   19.190  9.9949E-01
   19.200  9.9949E-01
   19.210  9.9949E-01
   19.220  9.9949E-01
   19.230  9.9949E-01
   19.240  9.9950E-01
   19.250  9.9950E-01
   19.260  9.9950E-01
   19.270  9.9950E-01
   19.280  9.9950E-01
   19.290  9.9950E-01
   19.300  9.9950E-01
   19.310  9.9950E-01
   19.320  9.9950E-01
   19.330  9.9950E-01
   19.340  9.9950E-01
   19.350  9.9950E-01
   19.360  9.9950E-01
   19.370  9.9950E-01
   19.380  9.9950E-01
   19.390  9.9950E-01
   19.400  9.9950E-01
   19.410  9.9950E-01
   19.420  9.9950E-01
   19.430  9.9950E-01
   19.440  9.9950E-01
   19.450  9.9950E-01
   19.460  9.9950E-01
   19.470  9.9950E-01
   19.480  9.9950E-01
   19.490  9.9950E-01
   19.500  9.9950E-01
   19.510  9.9951E-01
   19.520  9.9951E-01
   19.530  9.9951E-01
   19.540  9.9951E-01
   19.550  9.9951E-01
   19.560  9.9951E-01
   19.570  9.9951E-01
   19.580  9.9951E-01
   19.590  9.9951E-01
   19.600  9.9951E-01
   19.610  9.9951E-01
   19.620  9.9951E-01
   19.630  9.9952E-01
   19.640  9.9952E-01
   19.650  9.9953E-01
   19.660  9.9953E-01
   19.670  9.9954E-01
   19.680  9.9954E-01
   19.690  9.9955E-01
   19.700  9.9955E-01
   19.710  9.9955E-01
   19.720  9.9956E-01
   19.730  9.9956E-01
   19.740  9.9956E-01
   19.750  9.9956E-01
   19.760  9.9956E-01
   19.770  9.9956E-01
   19.780  9.9956E-01
   19.790  9.9956E-01
   19.800  9.9956E-01
   19.810  9.9956E-01
   19.820  9.9956E-01
   19.830  9.9956E-01
   19.840  9.9956E-01
   19.850  9.9956E-01
   19.860  9.9956E-01
   19.870  9.9956E-01
   19.880  9.9956E-01
   19.890  9.9956E-01
   19.900  9.9956E-01
   19.910  9.9956E-01
   19.920  9.9956E-01
   19.930  9.9956E-01
   19.940  9.9956E-01
   19.950  9.9957E-01
   19.960  9.9957E-01
   19.970  9.9957E-01
   19.980  9.9957E-01
   19.990  9.9957E-01
   20.000  9.9958E-01
   20.010  9.9958E-01
   20.020  9.9958E-01
   20.030  9.9958E-01
   20.040  9.9958E-01
   20.050  9.9958E-01
   20.060  9.9958E-01
   20.070  9.9958E-01
   20.080  9.9958E-01
   20.090  9.9958E-01
   20.100  9.9958E-01
   20.110  9.9958E-01
   20.120  9.9958E-01
   20.130  9.9958E-01
   20.140  9.9958E-01
   20.150  9.9958E-01
   20.160  9.9958E-01
   20.170  9.9958E-01
   20.180  9.9958E-01
   20.190  9.9958E-01
   20.200  9.9959E-01
   20.210  9.9959E-01
   20.220  9.9959E-01
   20.230  9.9959E-01
   20.240  9.9959E-01
   20.250  9.9959E-01
   20.260  9.9959E-01
   20.270  9.9959E-01
   20.280  9.9959E-01
   20.290  9.9959E-01
   20.300  9.9959E-01
   20.310  9.9959E-01
   20.320  9.9959E-01
   20.330  9.9959E-01
   20.340  9.9959E-01
   20.350  9.9959E-01
   20.360  9.9959E-01
   20.370  9.9959E-01
   20.380  9.9959E-01
   20.390  9.9959E-01
   20.400  9.9959E-01
   20.410  9.9959E-01
   20.420  9.9959E-01
   20.430  9.9959E-01
   20.440  9.9959E-01
   20.450  9.9959E-01
   20.460  9.9959E-01
   20.470  9.9959E-01
   20.480  9.9959E-01
   20.490  9.9959E-01
   20.500  9.9959E-01
   20.510  9.9959E-01
   20.520  9.9959E-01
   20.530  9.9959E-01
   20.540  9.9959E-01
   20.550  9.9959E-01
   20.560  9.9959E-01
   20.570  9.9959E-01
   20.580  9.9959E-01
   20.590  9.9959E-01
   20.600  9.9959E-01
   20.610  9.9959E-01
   20.620  9.9959E-01
   20.630  9.9959E-01
   20.640  9.9959E-01
   20.650  9.9959E-01
   20.660  9.9959E-01
   20.670  9.9959E-01
   20.680  9.9960E-01
   20.690  9.9960E-01
   20.700  9.9960E-01
   20.710  9.9960E-01
   20.720  9.9960E-01
   20.730  9.9960E-01
   20.740  9.9961E-01
   20.750  9.9961E-01
   20.760  9.9961E-01
   20.770  9.9961E-01
   20.780  9.9962E-01
   20.790  9.9962E-01
   20.800  9.9963E-01
   20.810  9.9963E-01
   20.820  9.9963E-01
   20.830  9.9963E-01
   20.840  9.9963E-01
   20.850  9.9963E-01
   20.860  9.9963E-01
   20.870  9.9963E-01
   20.880  9.9963E-01
   20.890  9.9963E-01
   20.900  9.9963E-01
   20.910  9.9963E-01
   20.920  9.9963E-01
   20.930  9.9963E-01
   20.940  9.9964E-01
   20.950  9.9964E-01
   20.960  9.9964E-01
   20.970  9.9964E-01
   20.980  9.9964E-01
   20.990  9.9964E-01
   21.000  9.9964E-01
   21.010  9.9965E-01
   21.020  9.9965E-01
   21.030  9.9965E-01
   21.040  9.9965E-01
   21.050  9.9965E-01
   21.060  9.9965E-01
   21.070  9.9965E-01
   21.080  9.9965E-01
   21.090  9.9965E-01
   21.100  9.9965E-01
   21.110  9.9965E-01
   21.120  9.9965E-01
   21.130  9.9965E-01
   21.140  9.9965E-01
   21.150  9.9965E-01
   21.160  9.9965E-01
   21.170  9.9965E-01
   21.180  9.9965E-01
   21.190  9.9965E-01
   21.200  9.9965E-01
   21.210  9.9965E-01
   21.220  9.9965E-01
   21.230  9.9965E-01
   21.240  9.9965E-01
   21.250  9.9965E-01
   21.260  9.9965E-01
   21.270  9.9965E-01
   21.280  9.9965E-01
   21.290  9.9965E-01
   21.300  9.9965E-01
   21.310  9.9965E-01
   21.320  9.9965E-01
   21.330  9.9965E-01
   21.340  9.9965E-01
   21.350  9.9965E-01
   21.360  9.9965E-01
   21.370  9.9965E-01
   21.380  9.9965E-01
   21.390  9.9965E-01
   21.400  9.9965E-01
   21.410  9.9965E-01
   21.420  9.9965E-01
   21.430  9.9965E-01
   21.440  9.9965E-01
   21.450  9.9965E-01
   21.460  9.9965E-01
   21.470  9.9966E-01
   21.480  9.9966E-01
   21.490  9.9966E-01
   21.500  9.9966E-01
   21.510  9.9966E-01
   21.520  9.9967E-01
   21.530  9.9967E-01
   21.540  9.9967E-01
   21.550  9.9967E-01
   21.560  9.9967E-01
   21.570  9.9967E-01
   21.580  9.9967E-01
   21.590  9.9967E-01
   21.600  9.9967E-01
   21.610  9.9967E-01
   21.620  9.9967E-01
   21.630  9.9967E-01
   21.640  9.9967E-01
   21.650  9.9967E-01
   21.660  9.9967E-01
   21.670  9.9967E-01
   21.680  9.9967E-01
   21.690  9.9967E-01
   21.700  9.9967E-01
   21.710  9.9967E-01
   21.720  9.9968E-01
   21.730  9.9968E-01
   21.740  9.9968E-01
   21.750  9.9968E-01
   21.760  9.9968E-01
   21.770  9.9968E-01
   21.780  9.9969E-01
   21.790  9.9969E-01
   21.800  9.9969E-01
   21.810  9.9969E-01
   21.820  9.9970E-01
   21.830  9.9970E-01
   21.840  9.9970E-01
   21.850  9.9971E-01
   21.860  9.9971E-01
   21.870  9.9971E-01
   21.880  9.9971E-01
   21.890  9.9971E-01
   21.900  9.9971E-01
   21.910  9.9971E-01
   21.920  9.9971E-01
   21.930  9.9971E-01
   21.940  9.9971E-01
   21.950  9.9971E-01
   21.960  9.9971E-01
   21.970  9.9972E-01
   21.980  9.9972E-01
   21.990  9.9972E-01
   22.000  9.9972E-01
   22.010  9.9972E-01
   22.020  9.9972E-01
   22.030  9.9972E-01
   22.040  9.9972E-01
   22.050  9.9972E-01
   22.060  9.9972E-01
   22.070  9.9972E-01
   22.080  9.9972E-01
   22.090  9.9972E-01
   22.100  9.9973E-01
   22.110  9.9973E-01
   22.120  9.9974E-01
   22.130  9.9974E-01
   22.140  9.9974E-01
   22.150  9.9974E-01
   22.160  9.9974E-01
   22.170  9.9975E-01
   22.180  9.9975E-01
   22.190  9.9975E-01
   22.200  9.9975E-01
   22.210  9.9975E-01
   22.220  9.9975E-01
   22.230  9.9976E-01
   22.240  9.9976E-01
   22.250  9.9976E-01
   22.260  9.9976E-01
   22.270  9.9976E-01
   22.280  9.9976E-01
   22.290  9.9976E-01
   22.300  9.9976E-01
   22.310  9.9976E-01
   22.320  9.9977E-01
   22.330  9.9977E-01
   22.340  9.9977E-01
   22.350  9.9977E-01
   22.360  9.9977E-01
   22.370  9.9977E-01
   22.380  9.9977E-01
   22.390  9.9977E-01
   22.400  9.9977E-01
   22.410  9.9977E-01
   22.420  9.9977E-01
   22.430  9.9977E-01
   22.440  9.9977E-01
   22.450  9.9977E-01
   22.460  9.9977E-01
   22.470  9.9978E-01
   22.480  9.9978E-01
   22.490  9.9978E-01
   22.500  9.9978E-01
   22.510  9.9978E-01
   22.520  9.9978E-01
   22.530  9.9978E-01
   22.540  9.9978E-01
   22.550  9.9978E-01
   22.560  9.9978E-01
   22.570  9.9978E-01
   22.580  9.9978E-01
   22.590  9.9978E-01
   22.600  9.9978E-01
   22.610  9.9978E-01
   22.620  9.9978E-01
   22.630  9.9978E-01
   22.640  9.9978E-01
   22.650  9.9978E-01
   22.660  9.9978E-01
   22.670  9.9979E-01
   22.680  9.9979E-01
   22.690  9.9979E-01
   22.700  9.9979E-01
   22.710  9.9979E-01
   22.720  9.9979E-01
   22.730  9.9979E-01
   22.740  9.9979E-01
   22.750  9.9979E-01
   22.760  9.9979E-01
   22.770  9.9979E-01
   22.780  9.9979E-01
   22.790  9.9979E-01
   22.800  9.9979E-01
   22.810  9.9980E-01
   22.820  9.9980E-01
   22.830  9.9980E-01
   22.840  9.9980E-01
   22.850  9.9980E-01
   22.860  9.9981E-01
   22.870  9.9981E-01
   22.880  9.9981E-01
   22.890  9.9981E-01
   22.900  9.9981E-01
   22.910  9.9981E-01
   22.920  9.9981E-01
   22.930  9.9981E-01
   22.940  9.9981E-01
   22.950  9.9981E-01
   22.960  9.9981E-01
   22.970  9.9981E-01
   22.980  9.9981E-01
   22.990  9.9981E-01
   23.000  9.9981E-01
   23.010  9.9981E-01
   23.020  9.9981E-01
   23.030  9.9981E-01
   23.040  9.9981E-01
   23.050  9.9981E-01
   23.060  9.9981E-01
   23.070  9.9981E-01
   23.080  9.9981E-01
   23.090  9.9981E-01
   23.100  9.9981E-01
   23.110  9.9981E-01
   23.120  9.9981E-01
   23.130  9.9982E-01
   23.140  9.9982E-01
   23.150  9.9982E-01
   23.160  9.9982E-01
   23.170  9.9982E-01
   23.180  9.9982E-01
   23.190  9.9982E-01
   23.200  9.9982E-01
   23.210  9.9983E-01
   23.220  9.9983E-01
   23.230  9.9983E-01
   23.240  9.9983E-01
   23.250  9.9983E-01
   23.260  9.9984E-01
   23.270  9.9984E-01
   23.280  9.9984E-01
   23.290  9.9984E-01
   23.300  9.9984E-01
   23.310  9.9984E-01
   23.320  9.9984E-01
   23.330  9.9984E-01
   23.340  9.9984E-01
   23.350  9.9984E-01
   23.360  9.9985E-01
   23.370  9.9985E-01
   23.380  9.9986E-01
   23.390  9.9986E-01
   23.400  9.9986E-01
   23.410  9.9987E-01
   23.420  9.9987E-01
   23.430  9.9987E-01
   23.440  9.9987E-01
   23.450  9.9987E-01
   23.460  9.9987E-01
   23.470  9.9987E-01
   23.480  9.9987E-01
   23.490  9.9987E-01
   23.500  9.9987E-01
   23.510  9.9987E-01
   23.520  9.9987E-01
   23.530  9.9987E-01
   23.540  9.9987E-01
   23.550  9.9987E-01
   23.560  9.9987E-01
   23.570  9.9988E-01
   23.580  9.9988E-01
   23.590  9.9988E-01
   23.600  9.9988E-01
   23.610  9.9988E-01
   23.620  9.9989E-01
   23.630  9.9989E-01
   23.640  9.9989E-01
   23.650  9.9989E-01
   23.660  9.9990E-01
   23.670  9.9990E-01
   23.680  9.9990E-01
   23.690  9.9991E-01
   23.700  9.9991E-01
   23.710  9.9991E-01
   23.720  9.9991E-01
   23.730  9.9991E-01
   23.740  9.9992E-01
   23.750  9.9992E-01
   23.760  9.9992E-01
   23.770  9.9992E-01
   23.780  9.9992E-01
   23.790  9.9992E-01
   23.800  9.9992E-01
   23.810  9.9992E-01
   23.820  9.9992E-01
   23.830  9.9992E-01
   23.840  9.9992E-01
   23.850  9.9992E-01
   23.860  9.9992E-01
   23.870  9.9992E-01
   23.880  9.9992E-01
   23.890  9.9992E-01
   23.900  9.9992E-01
   23.910  9.9992E-01
   23.920  9.9992E-01
   23.930  9.9992E-01
   23.940  9.9992E-01
   23.950  9.9992E-01
   23.960  9.9992E-01
   23.970  9.9992E-01
   23.980  9.9992E-01
   23.990  9.9992E-01
   24.000  9.9992E-01
   24.010  9.9992E-01
   24.020  9.9992E-01
   24.030  9.9992E-01
   24.040  9.9992E-01
   24.050  9.9992E-01
   24.060  9.9992E-01
   24.070  9.9992E-01
   24.080  9.9992E-01
   24.090  9.9992E-01
   24.100  9.9992E-01
   24.110  9.9993E-01
   24.120  9.9993E-01
   24.130  9.9993E-01
   24.140  9.9993E-01
   24.150  9.9993E-01
   24.160  9.9993E-01
   24.170  9.9993E-01
   24.180  9.9993E-01
   24.190  9.9993E-01
   24.200  9.9993E-01
   24.210  9.9993E-01
   24.220  9.9993E-01
   24.230  9.9993E-01
   24.240  9.9993E-01
   24.250  9.9993E-01
   24.260  9.9993E-01
   24.270  9.9993E-01
   24.280  9.9994E-01
   24.290  9.9994E-01
   24.300  9.9994E-01
   24.310  9.9994E-01
   24.320  9.9994E-01
   24.330  9.9994E-01
   24.340  9.9994E-01
   24.350  9.9994E-01
   24.360  9.9994E-01
   24.370  9.9994E-01
   24.380  9.9994E-01
   24.390  9.9994E-01
   24.400  9.9994E-01
   24.410  9.9994E-01
   24.420  9.9995E-01
   24.430  9.9995E-01
   24.440  9.9995E-01
   24.450  9.9995E-01
   24.460  9.9995E-01
   24.470  9.9995E-01
   24.480  9.9996E-01
   24.490  9.9996E-01
   24.500  9.9996E-01
   24.510  9.9996E-01
   24.520  9.9996E-01
   24.530  9.9996E-01
   24.540  9.9996E-01
   24.550  9.9996E-01
   24.560  9.9996E-01
   24.570  9.9996E-01
   24.580  9.9996E-01
   24.590  9.9996E-01
   24.600  9.9996E-01
   24.610  9.9996E-01
   24.620  9.9996E-01
   24.630  9.9996E-01
   24.640  9.9996E-01
   24.650  9.9996E-01
   24.660  9.9996E-01
   24.670  9.9996E-01
   24.680  9.9996E-01
   24.690  9.9996E-01
   24.700  9.9996E-01
   24.710  9.9996E-01
   24.720  9.9996E-01
   24.730  9.9996E-01
   24.740  9.9996E-01
   24.750  9.9996E-01
   24.760  9.9996E-01
   24.770  9.9996E-01
   24.780  9.9996E-01
   24.790  9.9996E-01
   24.800  9.9996E-01
   24.810  9.9996E-01
   24.820  9.9996E-01
   24.830  9.9996E-01
   24.840  9.9996E-01
   24.850  9.9996E-01
   24.860  9.9996E-01
   24.870  9.9996E-01
   24.880  9.9996E-01
   24.890  9.9996E-01
   24.900  9.9997E-01
   24.910  9.9997E-01
   24.920  9.9997E-01
   24.930  9.9997E-01
   24.940  9.9997E-01
   24.950  9.9997E-01
   24.960  9.9997E-01
   24.970  9.9997E-01
   24.980  9.9997E-01
   24.990  9.9997E-01
   25.000  9.9997E-01
   25.010  9.9997E-01
   25.020  9.9997E-01
   25.030  9.9997E-01
   25.040  9.9997E-01
   25.050  9.9997E-01
   25.060  9.9997E-01
   25.070  9.9997E-01
   25.080  9.9997E-01
   25.090  9.9997E-01
   25.100  9.9997E-01
   25.110  9.9997E-01
   25.120  9.9997E-01
   25.130  9.9997E-01
   25.140  9.9997E-01
   25.150  9.9997E-01
   25.160  9.9997E-01
   25.170  9.9997E-01
   25.180  9.9997E-01
   25.190  9.9997E-01
   25.200  9.9997E-01
   25.210  9.9997E-01
   25.220  9.9997E-01
   25.230  9.9997E-01
   25.240  9.9997E-01
   25.250  9.9997E-01
   25.260  9.9998E-01
   25.270  9.9998E-01
   25.280  9.9998E-01
   25.290  9.9998E-01
   25.300  9.9998E-01
   25.310  9.9998E-01
   25.320  9.9998E-01
   25.330  9.9998E-01
   25.340  9.9998E-01
   25.350  9.9998E-01
   25.360  9.9998E-01
   25.370  9.9998E-01
   25.380  9.9998E-01
   25.390  9.9998E-01
   25.400  9.9998E-01
   25.410  9.9998E-01
   25.420  9.9998E-01
   25.430  9.9998E-01
   25.440  9.9998E-01
   25.450  9.9999E-01
   25.460  9.9999E-01
   25.470  9.9999E-01
   25.480  9.9999E-01
   25.490  9.9999E-01
   25.500  9.9999E-01
   25.510  9.9999E-01
   25.520  9.9999E-01
   25.530  9.9999E-01
   25.540  9.9999E-01
   25.550  9.9999E-01
   25.560  9.9999E-01
   25.570  9.9999E-01
   25.580  9.9999E-01
   25.590  9.9999E-01
   25.600  9.9999E-01
   25.610  9.9999E-01
   25.620  9.9999E-01
   25.630  9.9999E-01
   25.640  9.9999E-01
   25.650  9.9999E-01
   25.660  9.9999E-01
   25.670  9.9999E-01
   25.680  9.9999E-01
   25.690  9.9999E-01
   25.700  9.9999E-01
   25.710  9.9999E-01
   25.720  9.9999E-01
   25.730  9.9999E-01
   25.740  9.9999E-01
   25.750  9.9999E-01
   25.760  9.9999E-01
   25.770  9.9999E-01
   25.780  9.9999E-01
   25.790  9.9999E-01
   25.800  9.9999E-01
   25.810  9.9999E-01
   25.820  9.9999E-01
   25.830  9.9999E-01
   25.840  9.9999E-01
   25.850  9.9999E-01
   25.860  9.9999E-01
   25.870  9.9999E-01
   25.880  9.9999E-01
   25.890  9.9999E-01
   25.900  9.9999E-01
   25.910  9.9999E-01
   25.920  9.9999E-01
   25.930  9.9999E-01
   25.940  9.9999E-01
   25.950  9.9999E-01
   25.960  9.9999E-01
   25.970  9.9999E-01
   25.980  9.9999E-01
   25.990  1.0000E+00
   26.000  1.0000E+00
   26.010  1.0000E+00
   26.020  1.0000E+00
   26.030  1.0000E+00
   26.040  1.0000E+00
   26.050  1.0000E+00
   26.060  1.0000E+00
   26.070  1.0000E+00
   26.080  1.0000E+00
   26.090  1.0000E+00
   26.100  1.0000E+00
   26.110  1.0000E+00
   26.120  1.0000E+00
   26.130  1.0000E+00
   26.140  1.0000E+00
   26.150  1.0000E+00
   26.160  1.0000E+00
   26.170  1.0000E+00
   26.180  1.0000E+00
   26.190  1.0000E+00
   26.200  1.0000E+00
   26.210  1.0000E+00
   26.220  1.0000E+00
   26.230  1.0000E+00
   26.240  1.0000E+00
   26.250  1.0000E+00
   26.260  1.0000E+00
   26.270  1.0000E+00
   26.280  1.0000E+00
   26.290  1.0000E+00
   26.300  1.0000E+00
   26.310  1.0000E+00
   26.320  1.0000E+00
   26.330  1.0000E+00
   26.340  1.0000E+00
   26.350  1.0000E+00
   26.360  1.0000E+00
   26.370  1.0000E+00
   26.380  1.0000E+00
   26.390  1.0000E+00
   26.400  1.0000E+00
   26.410  1.0000E+00
   26.420  1.0000E+00
   26.430  1.0000E+00
   26.440  1.0000E+00
   26.450  1.0000E+00
   26.460  1.0000E+00
   26.470  1.0000E+00
   26.480  1.0000E+00
   26.490  1.0000E+00
   26.500  1.0000E+00
   26.510  1.0000E+00
   26.520  1.0000E+00
   26.530  1.0000E+00
   26.540  1.0000E+00
   26.550  1.0000E+00
   26.560  1.0000E+00
   26.570  1.0000E+00
   26.580  1.0000E+00
   26.590  1.0000E+00
   26.600  1.0000E+00
   26.610  1.0000E+00
   26.620  1.0000E+00
   26.630  1.0000E+00
   26.640  1.0000E+00
   26.650  1.0000E+00
   26.660  1.0000E+00
   26.670  1.0000E+00
   26.680  1.0000E+00
   26.690  1.0000E+00
   26.700  1.0000E+00
   26.710  1.0000E+00
   26.720  1.0000E+00
   26.730  1.0000E+00
   26.740  1.0000E+00
   26.750  1.0000E+00
   26.760  1.0000E+00
   26.770  1.0000E+00
   26.780  1.0000E+00
   26.790  1.0000E+00
   26.800  1.0000E+00
   26.810  1.0000E+00
   26.820  1.0000E+00
   26.830  1.0000E+00
   26.840  1.0000E+00
   26.850  1.0000E+00
   26.860  1.0000E+00
   26.870  1.0000E+00
   26.880  1.0000E+00
   26.890  1.0000E+00
   26.900  1.0000E+00
   26.910  1.0000E+00
   26.920  1.0000E+00
   26.930  1.0000E+00
   26.940  1.0000E+00
   26.950  1.0000E+00
   26.960  1.0000E+00
   26.970  1.0000E+00
   26.980  1.0000E+00
   26.990  1.0000E+00
   27.000  1.0000E+00
   27.010  1.0000E+00
   27.020  1.0000E+00
   27.030  1.0000E+00
   27.040  1.0000E+00
   27.050  1.0000E+00
   27.060  1.0000E+00
   27.070  1.0000E+00
   27.080  1.0000E+00
   27.090  1.0000E+00
   27.100  1.0000E+00
   27.110  1.0000E+00
   27.120  1.0000E+00
   27.130  1.0000E+00
   27.140  1.0000E+00
   27.150  1.0000E+00
   27.160  1.0000E+00
   27.170  1.0000E+00
   27.180  1.0000E+00
   27.190  1.0000E+00
   27.200  1.0000E+00
   27.210  1.0000E+00
   27.220  1.0000E+00
   27.230  1.0000E+00
   27.240  1.0000E+00
   27.250  1.0000E+00
   27.260  1.0000E+00
   27.270  1.0000E+00
   27.280  1.0000E+00
   27.290  1.0000E+00
   27.300  1.0000E+00
   27.310  1.0000E+00
   27.320  1.0000E+00
   27.330  1.0000E+00
   27.340  1.0000E+00
   27.350  1.0000E+00
   27.360  1.0000E+00
   27.370  1.0000E+00
   27.380  1.0000E+00
   27.390  1.0000E+00
   27.400  1.0000E+00
   27.410  1.0000E+00
   27.420  1.0000E+00
   27.430  1.0000E+00
   27.440  1.0000E+00
   27.450  1.0000E+00
   27.460  1.0000E+00
   27.470  1.0000E+00
   27.480  1.0000E+00
   27.490  1.0000E+00
   27.500  1.0000E+00
   27.510  1.0000E+00
   27.520  1.0000E+00
   27.530  1.0000E+00
   27.540  1.0000E+00
   27.550  1.0000E+00
   27.560  1.0000E+00
   27.570  1.0000E+00
   27.580  1.0000E+00
   27.590  1.0000E+00
   27.600  1.0000E+00
   27.610  1.0000E+00
   27.620  1.0000E+00
   27.630  1.0000E+00
   27.640  1.0000E+00
   27.650  1.0000E+00
   27.660  1.0000E+00
   27.670  1.0000E+00
   27.680  1.0000E+00
   27.690  1.0000E+00
   27.700  1.0000E+00
   27.710  1.0000E+00
   27.720  1.0000E+00
   27.730  1.0000E+00
   27.740  1.0000E+00
   27.750  1.0000E+00
   27.760  1.0000E+00
   27.770  1.0000E+00
   27.780  1.0000E+00
   27.790  1.0000E+00
   27.800  1.0000E+00
   27.810  1.0000E+00
   27.820  1.0000E+00
   27.830  1.0000E+00
   27.840  1.0000E+00
   27.850  1.0000E+00
   27.860  1.0000E+00
   27.870  1.0000E+00
   27.880  1.0000E+00
   27.890  1.0000E+00
   27.900  1.0000E+00
   27.910  1.0000E+00
   27.920  1.0000E+00
   27.930  1.0000E+00
   27.940  1.0000E+00
   27.950  1.0000E+00
   27.960  1.0000E+00
   27.970  1.0000E+00
   27.980  1.0000E+00
   27.990  1.0000E+00
   28.000  1.0000E+00
   28.010  1.0000E+00
   28.020  1.0000E+00
   28.030  1.0000E+00
   28.040  1.0000E+00
   28.050  1.0000E+00
   28.060  1.0000E+00
   28.070  1.0000E+00
   28.080  1.0000E+00
   28.090  1.0000E+00
   28.100  1.0000E+00
   28.110  1.0000E+00
   28.120  1.0000E+00
   28.130  1.0000E+00
   28.140  1.0000E+00
   28.150  1.0000E+00
   28.160  1.0000E+00
   28.170  1.0000E+00
   28.180  1.0000E+00
   28.190  1.0000E+00
   28.200  1.0000E+00
   28.210  1.0000E+00
   28.220  1.0000E+00
   28.230  1.0000E+00
   28.240  1.0000E+00
   28.250  1.0000E+00
   28.260  1.0000E+00
   28.270  1.0000E+00
   28.280  1.0000E+00
   28.290  1.0000E+00
   28.300  1.0000E+00
   28.310  1.0000E+00
   28.320  1.0000E+00
   28.330  1.0000E+00
   28.340  1.0000E+00
   28.350  1.0000E+00
   28.360  1.0000E+00
   28.370  1.0000E+00
   28.380  1.0000E+00
   28.390  1.0000E+00
   28.400  1.0000E+00
   28.410  1.0000E+00
   28.420  1.0000E+00
   28.430  1.0000E+00
   28.440  1.0000E+00
   28.450  1.0000E+00
   28.460  1.0000E+00
   28.470  1.0000E+00
   28.480  1.0000E+00
   28.490  1.0000E+00
   28.500  1.0000E+00
   28.510  1.0000E+00
   28.520  1.0000E+00
   28.530  1.0000E+00
   28.540  1.0000E+00
   28.550  1.0000E+00
   28.560  1.0000E+00
   28.570  1.0000E+00
   28.580  1.0000E+00
   28.590  1.0000E+00
   28.600  1.0000E+00
   28.610  1.0000E+00
   28.620  1.0000E+00
   28.630  1.0000E+00
   28.640  1.0000E+00
   28.650  1.0000E+00
   28.660  1.0000E+00
   28.670  1.0000E+00
   28.680  1.0000E+00
   28.690  1.0000E+00
   28.700  1.0000E+00
   28.710  1.0000E+00
   28.720  1.0000E+00
   28.730  1.0000E+00
   28.740  1.0000E+00
   28.750  1.0000E+00
   28.760  1.0000E+00
   28.770  1.0000E+00
   28.780  1.0000E+00
   28.790  1.0000E+00
   28.800  1.0000E+00
   28.810  1.0000E+00
   28.820  1.0000E+00
   28.830  1.0000E+00
   28.840  1.0000E+00
   28.850  1.0000E+00
   28.860  1.0000E+00
   28.870  1.0000E+00
   28.880  1.0000E+00
   28.890  1.0000E+00
   28.900  1.0000E+00
   28.910  1.0000E+00
   28.920  1.0000E+00
   28.930  1.0000E+00
   28.940  1.0000E+00
   28.950  1.0000E+00
   28.960  1.0000E+00
   28.970  1.0000E+00
   28.980  1.0000E+00
   28.990  1.0000E+00
   29.000  1.0000E+00
   29.010  1.0000E+00
   29.020  1.0000E+00
   29.030  1.0000E+00
   29.040  1.0000E+00
   29.050  1.0000E+00
   29.060  1.0000E+00
   29.070  1.0000E+00
   29.080  1.0000E+00
   29.090  1.0000E+00
   29.100  1.0000E+00
   29.110  1.0000E+00
   29.120  1.0000E+00
   29.130  1.0000E+00
   29.140  1.0000E+00
   29.150  1.0000E+00
   29.160  1.0000E+00
   29.170  1.0000E+00
   29.180  1.0000E+00
   29.190  1.0000E+00
   29.200  1.0000E+00
   29.210  1.0000E+00
   29.220  1.0000E+00
   29.230  1.0000E+00
   29.240  1.0000E+00
   29.250  1.0000E+00
   29.260  1.0000E+00
   29.270  1.0000E+00
   29.280  1.0000E+00
   29.290  1.0000E+00
   29.300  1.0000E+00
   29.310  1.0000E+00
   29.320  1.0000E+00
   29.330  1.0000E+00
   29.340  1.0000E+00
   29.350  1.0000E+00
   29.360  1.0000E+00
   29.370  1.0000E+00
   29.380  1.0000E+00
   29.390  1.0000E+00
   29.400  1.0000E+00
   29.410  1.0000E+00
   29.420  1.0000E+00
   29.430  1.0000E+00
   29.440  1.0000E+00
   29.450  1.0000E+00
   29.460  1.0000E+00
   29.470  1.0000E+00
   29.480  1.0000E+00
   29.490  1.0000E+00
   29.500  1.0000E+00
   29.510  1.0000E+00
   29.520  1.0000E+00
   29.530  1.0000E+00
   29.540  1.0000E+00
   29.550  1.0000E+00
   29.560  1.0000E+00
   29.570  1.0000E+00
   29.580  1.0000E+00
   29.590  1.0000E+00
   29.600  1.0000E+00
   29.610  1.0000E+00
   29.620  1.0000E+00
   29.630  1.0000E+00
   29.640  1.0000E+00
   29.650  1.0000E+00
   29.660  1.0000E+00
   29.670  1.0000E+00
   29.680  1.0000E+00
   29.690  1.0000E+00
   29.700  1.0000E+00
   29.710  1.0000E+00
   29.720  1.0000E+00
   29.730  1.0000E+00
   29.740  1.0000E+00
   29.750  1.0000E+00
   29.760  1.0000E+00
   29.770  1.0000E+00
   29.780  1.0000E+00
   29.790  1.0000E+00
   29.800  1.0000E+00
   29.810  1.0000E+00
   29.820  1.0000E+00
   29.830  1.0000E+00
   29.840  1.0000E+00
   29.850  1.0000E+00
   29.860  1.0000E+00
   29.870  1.0000E+00
   29.880  1.0000E+00
   29.890  1.0000E+00
   29.900  1.0000E+00
   29.910  1.0000E+00
   29.920  1.0000E+00
   29.930  1.0000E+00
   29.940  1.0000E+00
   29.950  1.0000E+00
   29.960  1.0000E+00
   29.970  1.0000E+00
   29.980  1.0000E+00
   29.990  1.0000E+00
   30.000  1.0000E+00
   30.010  1.0000E+00
   30.020  1.0000E+00
   30.030  1.0000E+00
   30.040  1.0000E+00
   30.050  1.0000E+00
   30.060  1.0000E+00
   30.070  1.0000E+00
   30.080  1.0000E+00
   30.090  1.0000E+00
   30.100  1.0000E+00
   30.110  1.0000E+00
   30.120  1.0000E+00
   30.130  1.0000E+00
   30.140  1.0000E+00
   30.150  1.0000E+00
   30.160  1.0000E+00
   30.170  1.0000E+00
   30.180  1.0000E+00
   30.190  1.0000E+00
   30.200  1.0000E+00
   30.210  1.0000E+00
   30.220  1.0000E+00
   30.230  1.0000E+00
   30.240  1.0000E+00
   30.250  1.0000E+00
   30.260  1.0000E+00
   30.270  1.0000E+00
   30.280  1.0000E+00
   30.290  1.0000E+00
   30.300  1.0000E+00
   30.310  1.0000E+00
   30.320  1.0000E+00
   30.330  1.0000E+00
   30.340  1.0000E+00
   30.350  1.0000E+00
   30.360  1.0000E+00
   30.370  1.0000E+00
   30.380  1.0000E+00
   30.390  1.0000E+00
   30.400  1.0000E+00
   30.410  1.0000E+00
   30.420  1.0000E+00
   30.430  1.0000E+00
   30.440  1.0000E+00
   30.450  1.0000E+00
   30.460  1.0000E+00
   30.470  1.0000E+00
   30.480  1.0000E+00
   30.490  1.0000E+00
   30.500  1.0000E+00
   30.510  1.0000E+00
   30.520  1.0000E+00
   30.530  1.0000E+00
   30.540  1.0000E+00
   30.550  1.0000E+00
   30.560  1.0000E+00
   30.570  1.0000E+00
   30.580  1.0000E+00
   30.590  1.0000E+00
   30.600  1.0000E+00
   30.610  1.0000E+00
   30.620  1.0000E+00
   30.630  1.0000E+00
   30.640  1.0000E+00
   30.650  1.0000E+00
   30.660  1.0000E+00
   30.670  1.0000E+00
   30.680  1.0000E+00
   30.690  1.0000E+00
   30.700  1.0000E+00
   30.710  1.0000E+00
   30.720  1.0000E+00
   30.730  1.0000E+00
   30.740  1.0000E+00
   30.750  1.0000E+00
   30.760  1.0000E+00
   30.770  1.0000E+00
   30.780  1.0000E+00
   30.790  1.0000E+00
   30.800  1.0000E+00
   30.810  1.0000E+00
   30.820  1.0000E+00
   30.830  1.0000E+00
   30.840  1.0000E+00
   30.850  1.0000E+00
   30.860  1.0000E+00
   30.870  1.0000E+00
   30.880  1.0000E+00
   30.890  1.0000E+00
   30.900  1.0000E+00
   30.910  1.0000E+00
   30.920  1.0000E+00
   30.930  1.0000E+00
   30.940  1.0000E+00
   30.950  1.0000E+00
   30.960  1.0000E+00
   30.970  1.0000E+00
   30.980  1.0000E+00
   30.990  1.0000E+00
   31.000  1.0000E+00
   31.010  1.0000E+00
   31.020  1.0000E+00
   31.030  1.0000E+00
   31.040  1.0000E+00
   31.050  1.0000E+00
   31.060  1.0000E+00
   31.070  1.0000E+00
   31.080  1.0000E+00
   31.090  1.0000E+00
   31.100  1.0000E+00
   31.110  1.0000E+00
   31.120  1.0000E+00
   31.130  1.0000E+00
   31.140  1.0000E+00
   31.150  1.0000E+00
   31.160  1.0000E+00
   31.170  1.0000E+00
   31.180  1.0000E+00
   31.190  1.0000E+00
   31.200  1.0000E+00
   31.210  1.0000E+00
   31.220  1.0000E+00
   31.230  1.0000E+00
   31.240  1.0000E+00
   31.250  1.0000E+00
   31.260  1.0000E+00
   31.270  1.0000E+00
   31.280  1.0000E+00
   31.290  1.0000E+00
   31.300  1.0000E+00
   31.310  1.0000E+00
   31.320  1.0000E+00
   31.330  1.0000E+00
   31.340  1.0000E+00
   31.350  1.0000E+00
   31.360  1.0000E+00
   31.370  1.0000E+00
   31.380  1.0000E+00
   31.390  1.0000E+00
   31.400  1.0000E+00
   31.410  1.0000E+00
   31.420  1.0000E+00
   31.430  1.0000E+00
   31.440  1.0000E+00
   31.450  1.0000E+00
   31.460  1.0000E+00
   31.470  1.0000E+00
   31.480  1.0000E+00
   31.490  1.0000E+00
   31.500  1.0000E+00
   31.510  1.0000E+00
   31.520  1.0000E+00
   31.530  1.0000E+00
   31.540  1.0000E+00
   31.550  1.0000E+00
   31.560  1.0000E+00
   31.570  1.0000E+00
   31.580  1.0000E+00
   31.590  1.0000E+00
   31.600  1.0000E+00
   31.610  1.0000E+00
   31.620  1.0000E+00
   31.630  1.0000E+00
   31.640  1.0000E+00
   31.650  1.0000E+00
   31.660  1.0000E+00
   31.670  1.0000E+00
   31.680  1.0000E+00
   31.690  1.0000E+00
   31.700  1.0000E+00
   31.710  1.0000E+00
   31.720  1.0000E+00
   31.730  1.0000E+00
   31.740  1.0000E+00
   31.750  1.0000E+00
   31.760  1.0000E+00
   31.770  1.0000E+00
   31.780  1.0000E+00
   31.790  1.0000E+00
   31.800  1.0000E+00
   31.810  1.0000E+00
   31.820  1.0000E+00
   31.830  1.0000E+00
   31.840  1.0000E+00
   31.850  1.0000E+00
   31.860  1.0000E+00
   31.870  1.0000E+00
   31.880  1.0000E+00
   31.890  1.0000E+00
   31.900  1.0000E+00
   31.910  1.0000E+00
   31.920  1.0000E+00
   31.930  1.0000E+00
   31.940  1.0000E+00
   31.950  1.0000E+00
   31.960  1.0000E+00
   31.970  1.0000E+00
   31.980  1.0000E+00
   31.990  1.0000E+00
   32.000  1.0000E+00
   32.010  1.0000E+00
   32.020  1.0000E+00
   32.030  1.0000E+00
   32.040  1.0000E+00
   32.050  1.0000E+00
   32.060  1.0000E+00
   32.070  1.0000E+00
   32.080  1.0000E+00
   32.090  1.0000E+00
   32.100  1.0000E+00
   32.110  1.0000E+00
   32.120  1.0000E+00
   32.130  1.0000E+00
   32.140  1.0000E+00
   32.150  1.0000E+00
   32.160  1.0000E+00
   32.170  1.0000E+00
   32.180  1.0000E+00
   32.190  1.0000E+00
   32.200  1.0000E+00
   32.210  1.0000E+00
   32.220  1.0000E+00
   32.230  1.0000E+00
   32.240  1.0000E+00
   32.250  1.0000E+00
   32.260  1.0000E+00
   32.270  1.0000E+00
   32.280  1.0000E+00
   32.290  1.0000E+00
   32.300  1.0000E+00
   32.310  1.0000E+00
   32.320  1.0000E+00
   32.330  1.0000E+00
   32.340  1.0000E+00
   32.350  1.0000E+00
   32.360  1.0000E+00
   32.370  1.0000E+00
   32.380  1.0000E+00
   32.390  1.0000E+00
   32.400  1.0000E+00
   32.410  1.0000E+00
   32.420  1.0000E+00
   32.430  1.0000E+00
   32.440  1.0000E+00
   32.450  1.0000E+00
   32.460  1.0000E+00
   32.470  1.0000E+00
   32.480  1.0000E+00
   32.490  1.0000E+00
   32.500  1.0000E+00
   32.510  1.0000E+00
   32.520  1.0000E+00
   32.530  1.0000E+00
   32.540  1.0000E+00
   32.550  1.0000E+00
   32.560  1.0000E+00
   32.570  1.0000E+00
   32.580  1.0000E+00
   32.590  1.0000E+00
   32.600  1.0000E+00
   32.610  1.0000E+00
   32.620  1.0000E+00
   32.630  1.0000E+00
   32.640  1.0000E+00
   32.650  1.0000E+00
   32.660  1.0000E+00
   32.670  1.0000E+00
   32.680  1.0000E+00
   32.690  1.0000E+00
   32.700  1.0000E+00
   32.710  1.0000E+00
   32.720  1.0000E+00
   32.730  1.0000E+00
   32.740  1.0000E+00
   32.750  1.0000E+00
   32.760  1.0000E+00
   32.770  1.0000E+00
   32.780  1.0000E+00
   32.790  1.0000E+00
   32.800  1.0000E+00
   32.810  1.0000E+00
   32.820  1.0000E+00
   32.830  1.0000E+00
   32.840  1.0000E+00
   32.850  1.0000E+00
   32.860  1.0000E+00
   32.870  1.0000E+00
   32.880  1.0000E+00
   32.890  1.0000E+00
   32.900  1.0000E+00
   32.910  1.0000E+00
   32.920  1.0000E+00
   32.930  1.0000E+00
   32.940  1.0000E+00
   32.950  1.0000E+00
   32.960  1.0000E+00
   32.970  1.0000E+00
   32.980  1.0000E+00
   32.990  1.0000E+00
   33.000  1.0000E+00
   33.010  1.0000E+00
   33.020  1.0000E+00
   33.030  1.0000E+00
   33.040  1.0000E+00
   33.050  1.0000E+00
   33.060  1.0000E+00
   33.070  1.0000E+00
   33.080  1.0000E+00
   33.090  1.0000E+00
   33.100  1.0000E+00
   33.110  1.0000E+00
   33.120  1.0000E+00
   33.130  1.0000E+00
   33.140  1.0000E+00
   33.150  1.0000E+00
   33.160  1.0000E+00
   33.170  1.0000E+00
   33.180  1.0000E+00
   33.190  1.0000E+00
   33.200  1.0000E+00
   33.210  1.0000E+00
   33.220  1.0000E+00
   33.230  1.0000E+00
   33.240  1.0000E+00
   33.250  1.0000E+00
   33.260  1.0000E+00
   33.270  1.0000E+00
   33.280  1.0000E+00
   33.290  1.0000E+00
   33.300  1.0000E+00
   33.310  1.0000E+00
   33.320  1.0000E+00
   33.330  1.0000E+00
   33.340  1.0000E+00
   33.350  1.0000E+00
   33.360  1.0000E+00
   33.370  1.0000E+00
   33.380  1.0000E+00
   33.390  1.0000E+00
   33.400  1.0000E+00
   33.410  1.0000E+00
   33.420  1.0000E+00
   33.430  1.0000E+00
   33.440  1.0000E+00
   33.450  1.0000E+00
   33.460  1.0000E+00
   33.470  1.0000E+00
   33.480  1.0000E+00
   33.490  1.0000E+00
   33.500  1.0000E+00
   33.510  1.0000E+00
   33.520  1.0000E+00
   33.530  1.0000E+00
   33.540  1.0000E+00
   33.550  1.0000E+00
   33.560  1.0000E+00
   33.570  1.0000E+00
   33.580  1.0000E+00
   33.590  1.0000E+00
   33.600  1.0000E+00
   33.610  1.0000E+00
   33.620  1.0000E+00
   33.630  1.0000E+00
   33.640  1.0000E+00
   33.650  1.0000E+00
   33.660  1.0000E+00
   33.670  1.0000E+00
   33.680  1.0000E+00
   33.690  1.0000E+00
   33.700  1.0000E+00
   33.710  1.0000E+00
   33.720  1.0000E+00
   33.730  1.0000E+00
   33.740  1.0000E+00
   33.750  1.0000E+00
   33.760  1.0000E+00
   33.770  1.0000E+00
   33.780  1.0000E+00
   33.790  1.0000E+00
   33.800  1.0000E+00
   33.810  1.0000E+00
   33.820  1.0000E+00
   33.830  1.0000E+00
   33.840  1.0000E+00
   33.850  1.0000E+00
   33.860  1.0000E+00
   33.870  1.0000E+00
   33.880  1.0000E+00
   33.890  1.0000E+00
   33.900  1.0000E+00
   33.910  1.0000E+00
   33.920  1.0000E+00
   33.930  1.0000E+00
   33.940  1.0000E+00
   33.950  1.0000E+00
   33.960  1.0000E+00
   33.970  1.0000E+00
   33.980  1.0000E+00
   33.990  1.0000E+00
   34.000  1.0000E+00
   34.010  1.0000E+00
   34.020  1.0000E+00
   34.030  1.0000E+00
   34.040  1.0000E+00
   34.050  1.0000E+00
   34.060  1.0000E+00
   34.070  1.0000E+00
   34.080  1.0000E+00
   34.090  1.0000E+00
   34.100  1.0000E+00
   34.110  1.0000E+00
   34.120  1.0000E+00
   34.130  1.0000E+00
   34.140  1.0000E+00
   34.150  1.0000E+00
   34.160  1.0000E+00
   34.170  1.0000E+00
   34.180  1.0000E+00
   34.190  1.0000E+00
   34.200  1.0000E+00
   34.210  1.0000E+00
   34.220  1.0000E+00
   34.230  1.0000E+00
   34.240  1.0000E+00
   34.250  1.0000E+00
   34.260  1.0000E+00
   34.270  1.0000E+00
   34.280  1.0000E+00
   34.290  1.0000E+00
   34.300  1.0000E+00
   34.310  1.0000E+00
   34.320  1.0000E+00
   34.330  1.0000E+00
   34.340  1.0000E+00
   34.350  1.0000E+00
   34.360  1.0000E+00
   34.370  1.0000E+00
   34.380  1.0000E+00
   34.390  1.0000E+00
   34.400  1.0000E+00
   34.410  1.0000E+00
   34.420  1.0000E+00
   34.430  1.0000E+00
   34.440  1.0000E+00
   34.450  1.0000E+00
   34.460  1.0000E+00
   34.470  1.0000E+00
   34.480  1.0000E+00
   34.490  1.0000E+00
   34.500  1.0000E+00
   34.510  1.0000E+00
   34.520  1.0000E+00
   34.530  1.0000E+00
   34.540  1.0000E+00
   34.550  1.0000E+00
   34.560  1.0000E+00
   34.570  1.0000E+00
   34.580  1.0000E+00
   34.590  1.0000E+00
   34.600  1.0000E+00
   34.610  1.0000E+00
   34.620  1.0000E+00
   34.630  1.0000E+00
   34.640  1.0000E+00
   34.650  1.0000E+00
   34.660  1.0000E+00
   34.670  1.0000E+00
   34.680  1.0000E+00
   34.690  1.0000E+00
   34.700  1.0000E+00
   34.710  1.0000E+00
   34.720  1.0000E+00
   34.730  1.0000E+00
   34.740  1.0000E+00
   34.750  1.0000E+00
   34.760  1.0000E+00
   34.770  1.0000E+00
   34.780  1.0000E+00
   34.790  1.0000E+00
   34.800  1.0000E+00
   34.810  1.0000E+00
   34.820  1.0000E+00
   34.830  1.0000E+00
   34.840  1.0000E+00
   34.850  1.0000E+00
   34.860  1.0000E+00
   34.870  1.0000E+00
   34.880  1.0000E+00
   34.890  1.0000E+00
   34.900  1.0000E+00
   34.910  1.0000E+00
   34.920  1.0000E+00
   34.930  1.0000E+00
   34.940  1.0000E+00
   34.950  1.0000E+00
   34.960  1.0000E+00
   34.970  1.0000E+00
   34.980  1.0000E+00
   34.990  1.0000E+00
   35.000  1.0000E+00
   35.010  1.0000E+00
   35.020  1.0000E+00
   35.030  1.0000E+00
   35.040  1.0000E+00
   35.050  1.0000E+00
   35.060  1.0000E+00
   35.070  1.0000E+00
   35.080  1.0000E+00
   35.090  1.0000E+00
   35.100  1.0000E+00
   35.110  1.0000E+00
   35.120  1.0000E+00
   35.130  1.0000E+00
   35.140  1.0000E+00
   35.150  1.0000E+00
   35.160  1.0000E+00
   35.170  1.0000E+00
   35.180  1.0000E+00
   35.190  1.0000E+00
   35.200  1.0000E+00
   35.210  1.0000E+00
   35.220  1.0000E+00
   35.230  1.0000E+00
   35.240  1.0000E+00
   35.250  1.0000E+00
   35.260  1.0000E+00
   35.270  1.0000E+00
   35.280  1.0000E+00
   35.290  1.0000E+00
   35.300  1.0000E+00
   35.310  1.0000E+00
   35.320  1.0000E+00
   35.330  1.0000E+00
   35.340  1.0000E+00
   35.350  1.0000E+00
   35.360  1.0000E+00
   35.370  1.0000E+00
   35.380  1.0000E+00
   35.390  1.0000E+00
   35.400  1.0000E+00
   35.410  1.0000E+00
   35.420  1.0000E+00
   35.430  1.0000E+00
   35.440  1.0000E+00
   35.450  1.0000E+00
   35.460  1.0000E+00
   35.470  1.0000E+00
   35.480  1.0000E+00
   35.490  1.0000E+00
   35.500  1.0000E+00
   35.510  1.0000E+00
   35.520  1.0000E+00
   35.530  1.0000E+00
   35.540  1.0000E+00
   35.550  1.0000E+00
   35.560  1.0000E+00
   35.570  1.0000E+00
   35.580  1.0000E+00
   35.590  1.0000E+00
   35.600  1.0000E+00
   35.610  1.0000E+00
   35.620  1.0000E+00
   35.630  1.0000E+00
   35.640  1.0000E+00
   35.650  1.0000E+00
   35.660  1.0000E+00
   35.670  1.0000E+00
   35.680  1.0000E+00
   35.690  1.0000E+00
   35.700  1.0000E+00
   35.710  1.0000E+00
   35.720  1.0000E+00
   35.730  1.0000E+00
   35.740  1.0000E+00
   35.750  1.0000E+00
   35.760  1.0000E+00
   35.770  1.0000E+00
   35.780  1.0000E+00
   35.790  1.0000E+00
   35.800  1.0000E+00
   35.810  1.0000E+00
   35.820  1.0000E+00
   35.830  1.0000E+00
   35.840  1.0000E+00
   35.850  1.0000E+00
   35.860  1.0000E+00
   35.870  1.0000E+00
   35.880  1.0000E+00
   35.890  1.0000E+00
   35.900  1.0000E+00
   35.910  1.0000E+00
   35.920  1.0000E+00
   35.930  1.0000E+00
   35.940  1.0000E+00
   35.950  1.0000E+00
   35.960  1.0000E+00
   35.970  1.0000E+00
   35.980  1.0000E+00
   35.990  1.0000E+00
   36.000  1.0000E+00
   36.010  1.0000E+00
   36.020  1.0000E+00
   36.030  1.0000E+00
   36.040  1.0000E+00
   36.050  1.0000E+00
   36.060  1.0000E+00
   36.070  1.0000E+00
   36.080  1.0000E+00
   36.090  1.0000E+00
   36.100  1.0000E+00
   36.110  1.0000E+00
   36.120  1.0000E+00
   36.130  1.0000E+00
   36.140  1.0000E+00
   36.150  1.0000E+00
   36.160  1.0000E+00
   36.170  1.0000E+00
   36.180  1.0000E+00
   36.190  1.0000E+00
   36.200  1.0000E+00
   36.210  1.0000E+00
   36.220  1.0000E+00
   36.230  1.0000E+00
   36.240  1.0000E+00
   36.250  1.0000E+00
   36.260  1.0000E+00
   36.270  1.0000E+00
   36.280  1.0000E+00
   36.290  1.0000E+00
   36.300  1.0000E+00
   36.310  1.0000E+00
   36.320  1.0000E+00
   36.330  1.0000E+00
   36.340  1.0000E+00
   36.350  1.0000E+00
   36.360  1.0000E+00
   36.370  1.0000E+00
   36.380  1.0000E+00
   36.390  1.0000E+00
   36.400  1.0000E+00
   36.410  1.0000E+00
   36.420  1.0000E+00
   36.430  1.0000E+00
   36.440  1.0000E+00
   36.450  1.0000E+00
   36.460  1.0000E+00
   36.470  1.0000E+00
   36.480  1.0000E+00
   36.490  1.0000E+00
   36.500  1.0000E+00
   36.510  1.0000E+00
   36.520  1.0000E+00
   36.530  1.0000E+00
   36.540  1.0000E+00
   36.550  1.0000E+00
   36.560  1.0000E+00
   36.570  1.0000E+00
   36.580  1.0000E+00
   36.590  1.0000E+00
   36.600  1.0000E+00
   36.610  1.0000E+00
   36.620  1.0000E+00
   36.630  1.0000E+00
   36.640  1.0000E+00
   36.650  1.0000E+00
   36.660  1.0000E+00
   36.670  1.0000E+00
   36.680  1.0000E+00
   36.690  1.0000E+00
   36.700  1.0000E+00
   36.710  1.0000E+00
   36.720  1.0000E+00
   36.730  1.0000E+00
   36.740  1.0000E+00
   36.750  1.0000E+00
   36.760  1.0000E+00
   36.770  1.0000E+00
   36.780  1.0000E+00
   36.790  1.0000E+00
   36.800  1.0000E+00
   36.810  1.0000E+00
   36.820  1.0000E+00
   36.830  1.0000E+00
   36.840  1.0000E+00
   36.850  1.0000E+00
   36.860  1.0000E+00
   36.870  1.0000E+00
   36.880  1.0000E+00
   36.890  1.0000E+00
   36.900  1.0000E+00
   36.910  1.0000E+00
   36.920  1.0000E+00
   36.930  1.0000E+00
   36.940  1.0000E+00
   36.950  1.0000E+00
   36.960  1.0000E+00
   36.970  1.0000E+00
   36.980  1.0000E+00
   36.990  1.0000E+00
   37.000  1.0000E+00
   37.010  1.0000E+00
   37.020  1.0000E+00
   37.030  1.0000E+00
   37.040  1.0000E+00
   37.050  1.0000E+00
   37.060  1.0000E+00
   37.070  1.0000E+00
   37.080  1.0000E+00
   37.090  1.0000E+00
   37.100  1.0000E+00
   37.110  1.0000E+00
   37.120  1.0000E+00
   37.130  1.0000E+00
   37.140  1.0000E+00
   37.150  1.0000E+00
   37.160  1.0000E+00
   37.170  1.0000E+00
   37.180  1.0000E+00
   37.190  1.0000E+00
   37.200  1.0000E+00
   37.210  1.0000E+00
   37.220  1.0000E+00
   37.230  1.0000E+00
   37.240  1.0000E+00
   37.250  1.0000E+00
   37.260  1.0000E+00
   37.270  1.0000E+00
   37.280  1.0000E+00
   37.290  1.0000E+00
   37.300  1.0000E+00
   37.310  1.0000E+00
   37.320  1.0000E+00
   37.330  1.0000E+00
   37.340  1.0000E+00
   37.350  1.0000E+00
   37.360  1.0000E+00
   37.370  1.0000E+00
   37.380  1.0000E+00
   37.390  1.0000E+00
   37.400  1.0000E+00
   37.410  1.0000E+00
   37.420  1.0000E+00
   37.430  1.0000E+00
   37.440  1.0000E+00
   37.450  1.0000E+00
   37.460  1.0000E+00
   37.470  1.0000E+00
   37.480  1.0000E+00
   37.490  1.0000E+00
   37.500  1.0000E+00
   37.510  1.0000E+00
   37.520  1.0000E+00
   37.530  1.0000E+00
   37.540  1.0000E+00
   37.550  1.0000E+00
   37.560  1.0000E+00
   37.570  1.0000E+00
   37.580  1.0000E+00
   37.590  1.0000E+00
   37.600  1.0000E+00
   37.610  1.0000E+00
   37.620  1.0000E+00
   37.630  1.0000E+00
   37.640  1.0000E+00
   37.650  1.0000E+00
   37.660  1.0000E+00
   37.670  1.0000E+00
   37.680  1.0000E+00
   37.690  1.0000E+00
   37.700  1.0000E+00
   37.710  1.0000E+00
   37.720  1.0000E+00
   37.730  1.0000E+00
   37.740  1.0000E+00
   37.750  1.0000E+00
   37.760  1.0000E+00
   37.770  1.0000E+00
   37.780  1.0000E+00
   37.790  1.0000E+00
   37.800  1.0000E+00
   37.810  1.0000E+00
   37.820  1.0000E+00
   37.830  1.0000E+00
   37.840  1.0000E+00
   37.850  1.0000E+00
   37.860  1.0000E+00
   37.870  1.0000E+00
   37.880  1.0000E+00
   37.890  1.0000E+00
   37.900  1.0000E+00
   37.910  1.0000E+00
   37.920  1.0000E+00
   37.930  1.0000E+00
   37.940  1.0000E+00
   37.950  1.0000E+00
   37.960  1.0000E+00
   37.970  1.0000E+00
   37.980  1.0000E+00
   37.990  1.0000E+00
   38.000  1.0000E+00
   38.010  1.0000E+00
   38.020  1.0000E+00
   38.030  1.0000E+00
   38.040  1.0000E+00
   38.050  1.0000E+00
   38.060  1.0000E+00
   38.070  1.0000E+00
   38.080  1.0000E+00
   38.090  1.0000E+00
   38.100  1.0000E+00
   38.110  1.0000E+00
   38.120  1.0000E+00
   38.130  1.0000E+00
   38.140  1.0000E+00
   38.150  1.0000E+00
   38.160  1.0000E+00
   38.170  1.0000E+00
   38.180  1.0000E+00
   38.190  1.0000E+00
   38.200  1.0000E+00
   38.210  1.0000E+00
   38.220  1.0000E+00
   38.230  1.0000E+00
   38.240  1.0000E+00
   38.250  1.0000E+00
   38.260  1.0000E+00
   38.270  1.0000E+00
   38.280  1.0000E+00
   38.290  1.0000E+00
   38.300  1.0000E+00
   38.310  1.0000E+00
   38.320  1.0000E+00
   38.330  1.0000E+00
   38.340  1.0000E+00
   38.350  1.0000E+00
   38.360  1.0000E+00
   38.370  1.0000E+00
   38.380  1.0000E+00
   38.390  1.0000E+00
   38.400  1.0000E+00
   38.410  1.0000E+00
   38.420  1.0000E+00
   38.430  1.0000E+00
   38.440  1.0000E+00
   38.450  1.0000E+00
   38.460  1.0000E+00
   38.470  1.0000E+00
   38.480  1.0000E+00
   38.490  1.0000E+00
   38.500  1.0000E+00
   38.510  1.0000E+00
   38.520  1.0000E+00
   38.530  1.0000E+00
   38.540  1.0000E+00
   38.550  1.0000E+00
   38.560  1.0000E+00
   38.570  1.0000E+00
   38.580  1.0000E+00
   38.590  1.0000E+00
   38.600  1.0000E+00
   38.610  1.0000E+00
   38.620  1.0000E+00
   38.630  1.0000E+00
   38.640  1.0000E+00
   38.650  1.0000E+00
   38.660  1.0000E+00
   38.670  1.0000E+00
   38.680  1.0000E+00
   38.690  1.0000E+00
   38.700  1.0000E+00
   38.710  1.0000E+00
   38.720  1.0000E+00
   38.730  1.0000E+00
   38.740  1.0000E+00
   38.750  1.0000E+00
   38.760  1.0000E+00
   38.770  1.0000E+00
   38.780  1.0000E+00
   38.790  1.0000E+00
   38.800  1.0000E+00
   38.810  1.0000E+00
   38.820  1.0000E+00
   38.830  1.0000E+00
   38.840  1.0000E+00
   38.850  1.0000E+00
   38.860  1.0000E+00
   38.870  1.0000E+00
   38.880  1.0000E+00
   38.890  1.0000E+00
   38.900  1.0000E+00
   38.910  1.0000E+00
   38.920  1.0000E+00
   38.930  1.0000E+00
   38.940  1.0000E+00
   38.950  1.0000E+00
   38.960  1.0000E+00
   38.970  1.0000E+00
   38.980  1.0000E+00
   38.990  1.0000E+00
   39.000  1.0000E+00
   39.010  1.0000E+00
   39.020  1.0000E+00
   39.030  1.0000E+00
   39.040  1.0000E+00
   39.050  1.0000E+00
   39.060  1.0000E+00
   39.070  1.0000E+00
   39.080  1.0000E+00
   39.090  1.0000E+00
   39.100  1.0000E+00
   39.110  1.0000E+00
   39.120  1.0000E+00
   39.130  1.0000E+00
   39.140  1.0000E+00
   39.150  1.0000E+00
   39.160  1.0000E+00
   39.170  1.0000E+00
   39.180  1.0000E+00
   39.190  1.0000E+00
   39.200  1.0000E+00
   39.210  1.0000E+00
   39.220  1.0000E+00
   39.230  1.0000E+00
   39.240  1.0000E+00
   39.250  1.0000E+00
   39.260  1.0000E+00
   39.270  1.0000E+00
   39.280  1.0000E+00
   39.290  1.0000E+00
   39.300  1.0000E+00
   39.310  1.0000E+00
   39.320  1.0000E+00
   39.330  1.0000E+00
   39.340  1.0000E+00
   39.350  1.0000E+00
   39.360  1.0000E+00
   39.370  1.0000E+00
   39.380  1.0000E+00
   39.390  1.0000E+00
   39.400  1.0000E+00
   39.410  1.0000E+00
   39.420  1.0000E+00
   39.430  1.0000E+00
   39.440  1.0000E+00
   39.450  1.0000E+00
   39.460  1.0000E+00
   39.470  1.0000E+00
   39.480  1.0000E+00
   39.490  1.0000E+00
   39.500  1.0000E+00
   39.510  1.0000E+00
   39.520  1.0000E+00
   39.530  1.0000E+00
   39.540  1.0000E+00
   39.550  1.0000E+00
   39.560  1.0000E+00
   39.570  1.0000E+00
   39.580  1.0000E+00
   39.590  1.0000E+00
   39.600  1.0000E+00
   39.610  1.0000E+00
   39.620  1.0000E+00
   39.630  1.0000E+00
   39.640  1.0000E+00
   39.650  1.0000E+00
   39.660  1.0000E+00
   39.670  1.0000E+00
   39.680  1.0000E+00
   39.690  1.0000E+00
   39.700  1.0000E+00
   39.710  1.0000E+00
   39.720  1.0000E+00
   39.730  1.0000E+00
   39.740  1.0000E+00
   39.750  1.0000E+00
   39.760  1.0000E+00
   39.770  1.0000E+00
   39.780  1.0000E+00
   39.790  1.0000E+00
   39.800  1.0000E+00
   39.810  1.0000E+00
   39.820  1.0000E+00
   39.830  1.0000E+00
   39.840  1.0000E+00
   39.850  1.0000E+00
   39.860  1.0000E+00
   39.870  1.0000E+00
   39.880  1.0000E+00
   39.890  1.0000E+00
   39.900  1.0000E+00
   39.910  1.0000E+00
   39.920  1.0000E+00
   39.930  1.0000E+00
   39.940  1.0000E+00
   39.950  1.0000E+00
   39.960  1.0000E+00
   39.970  1.0000E+00
   39.980  1.0000E+00
   39.990  1.0000E+00
   40.000  1.0000E+00
   40.010  1.0000E+00
   40.020  1.0000E+00
   40.030  1.0000E+00
   40.040  1.0000E+00
   40.050  1.0000E+00
   40.060  1.0000E+00
   40.070  1.0000E+00
   40.080  1.0000E+00
   40.090  1.0000E+00
   40.100  1.0000E+00
   40.110  1.0000E+00
   40.120  1.0000E+00
   40.130  1.0000E+00
   40.140  1.0000E+00
   40.150  1.0000E+00
   40.160  1.0000E+00
   40.170  1.0000E+00
   40.180  1.0000E+00
   40.190  1.0000E+00
   40.200  1.0000E+00
   40.210  1.0000E+00
   40.220  1.0000E+00
   40.230  1.0000E+00
   40.240  1.0000E+00
   40.250  1.0000E+00
   40.260  1.0000E+00
   40.270  1.0000E+00
   40.280  1.0000E+00
   40.290  1.0000E+00
   40.300  1.0000E+00
   40.310  1.0000E+00
   40.320  1.0000E+00
   40.330  1.0000E+00
   40.340  1.0000E+00
   40.350  1.0000E+00
   40.360  1.0000E+00
   40.370  1.0000E+00
   40.380  1.0000E+00
   40.390  1.0000E+00
   40.400  1.0000E+00
   40.410  1.0000E+00
   40.420  1.0000E+00
   40.430  1.0000E+00
   40.440  1.0000E+00
   40.450  1.0000E+00
   40.460  1.0000E+00
   40.470  1.0000E+00
   40.480  1.0000E+00
   40.490  1.0000E+00
   40.500  1.0000E+00
   40.510  1.0000E+00
   40.520  1.0000E+00
   40.530  1.0000E+00
   40.540  1.0000E+00
   40.550  1.0000E+00
   40.560  1.0000E+00
   40.570  1.0000E+00
   40.580  1.0000E+00
   40.590  1.0000E+00
   40.600  1.0000E+00
   40.610  1.0000E+00
   40.620  1.0000E+00
   40.630  1.0000E+00
   40.640  1.0000E+00
   40.650  1.0000E+00
   40.660  1.0000E+00
   40.670  1.0000E+00
   40.680  1.0000E+00
   40.690  1.0000E+00
   40.700  1.0000E+00
   40.710  1.0000E+00
   40.720  1.0000E+00
   40.730  1.0000E+00
   40.740  1.0000E+00
   40.750  1.0000E+00
   40.760  1.0000E+00
   40.770  1.0000E+00
   40.780  1.0000E+00
   40.790  1.0000E+00
   40.800  1.0000E+00
   40.810  1.0000E+00
   40.820  1.0000E+00
   40.830  1.0000E+00
   40.840  1.0000E+00
   40.850  1.0000E+00
   40.860  1.0000E+00
   40.870  1.0000E+00
   40.880  1.0000E+00
   40.890  1.0000E+00
   40.900  1.0000E+00
   40.910  1.0000E+00
   40.920  1.0000E+00
   40.930  1.0000E+00
   40.940  1.0000E+00
   40.950  1.0000E+00
