**********************************************
*******     Site #   1
Average PSA and Fourier spectrum over     1 trials
damping:   5%
  50 samples
Mag.          =      6.00
siteLat       =     44.92
siteLon       =     11.09
depth         =      3.70
R             =   6084.13
azimuth       =  18631.23
fault Dis.(km)=  6231.48
Hypo  Dis.(km)=  6096.25
Input Parameters file =  MIR08_exsim_y_parameters.out                                                                                            
 data format: (1x,f10.3, 1p, 1x,e11.4, 5x,e11.4, 2x,e11.4, 1x,e11.4)
   freq(Hz)     per(s) FAS(cm/sec) avgPSA(cm/s**2) avgPSV(cm/s)   avgSD(cm)        minY        maxY
     -1.000        NaN         NaN             Nan   4.0091E-03         Nan
    999.900      0.000         Nan      1.7700E-03          NaN         NaN  1.7700E-03  1.7700E-03
      0.200      5.000  3.0058E-05      2.0840E-03   1.6584E-03  1.3197E-03
      0.217      4.616  2.4002E-05      2.0301E-03   1.4915E-03  1.0958E-03
      0.235      4.262  1.6029E-05      1.9865E-03   1.3475E-03  9.1406E-04
      0.254      3.935  7.3412E-06      1.9509E-03   1.2218E-03  7.6522E-04
      0.275      3.633  1.1747E-06      1.9217E-03   1.1112E-03  6.4252E-04
      0.298      3.354  6.6567E-06      1.8976E-03   1.0130E-03  5.4081E-04
      0.323      3.097  8.3094E-06      1.8775E-03   9.2540E-04  4.5612E-04
      0.350      2.859  5.2194E-06      1.8607E-03   8.4677E-04  3.8534E-04
      0.379      2.640  5.3471E-06      1.8467E-03   7.7591E-04  3.2600E-04
      0.410      2.437  1.3055E-05      1.8350E-03   7.1180E-04  2.7612E-04
      0.444      2.250  1.7911E-05      1.8250E-03   6.5364E-04  2.3410E-04
      0.481      2.078  1.6575E-05      1.8167E-03   6.0072E-04  1.9864E-04
      0.521      1.918  1.5684E-05      1.8096E-03   5.5247E-04  1.6866E-04
      0.565      1.771  1.9367E-05      1.8037E-03   5.0840E-04  1.4330E-04
      0.612      1.635  1.7033E-05      1.7986E-03   4.6807E-04  1.2181E-04
      0.662      1.510  1.0925E-05      1.7943E-03   4.3112E-04  1.0359E-04
      0.717      1.394  9.7836E-06      1.7907E-03   3.9724E-04  8.8120E-05
      0.777      1.287  4.4582E-06      1.7876E-03   3.6612E-04  7.4986E-05
      0.842      1.188  2.8342E-06      1.7850E-03   3.3754E-04  6.3826E-05
      0.912      1.097  8.4612E-06      1.7828E-03   3.1125E-04  5.4339E-05
      0.987      1.013  7.9939E-06      1.7809E-03   2.8706E-04  4.6270E-05
      1.069      0.935  9.8334E-06      1.7793E-03   2.6479E-04  3.9406E-05
      1.158      0.863  6.3319E-06      1.7779E-03   2.4429E-04  3.3565E-05
      1.255      0.797  5.2651E-06      1.7767E-03   2.2539E-04  2.8593E-05
      1.359      0.736  4.6195E-06      1.7758E-03   2.0798E-04  2.4359E-05
      1.472      0.679  4.3226E-06      1.7749E-03   1.9193E-04  2.0755E-05
      1.594      0.627  5.2310E-06      1.7742E-03   1.7713E-04  1.7684E-05
      1.727      0.579  5.8793E-06      1.7736E-03   1.6348E-04  1.5069E-05
      1.870      0.535  4.3465E-06      1.7731E-03   1.5089E-04  1.2842E-05
      2.026      0.494  1.0001E-06      1.7726E-03   1.3928E-04  1.0944E-05
      2.194      0.456  5.3360E-06      1.7722E-03   1.2857E-04  9.3267E-06
      2.376      0.421  5.4429E-06      1.7719E-03   1.1868E-04  7.9488E-06
      2.574      0.389  3.8460E-06      1.7716E-03   1.0955E-04  6.7747E-06
      2.788      0.359  3.1991E-06      1.7714E-03   1.0113E-04  5.7741E-06
      3.019      0.331  1.0785E-06      1.7712E-03   9.3364E-05  4.9214E-06
      3.270      0.306  2.8718E-07      1.7710E-03   8.6192E-05  4.1947E-06
      3.542      0.282  1.4811E-06      1.7709E-03   7.9571E-05  3.5754E-06
      3.836      0.261  1.4534E-06      1.7708E-03   7.3460E-05  3.0475E-06
      4.155      0.241  7.0466E-07      1.7706E-03   6.7819E-05  2.5976E-06
      4.501      0.222  1.9164E-06      1.7706E-03   6.2612E-05  2.2142E-06
      4.875      0.205  2.0818E-06      1.7705E-03   5.7805E-05  1.8873E-06
      5.280      0.189  1.0598E-06      1.7704E-03   5.3368E-05  1.6087E-06
      5.719      0.175  1.5403E-06      1.7704E-03   4.9271E-05  1.3713E-06
      6.194      0.161  2.0904E-06      1.7703E-03   4.5489E-05  1.1689E-06
      6.709      0.149  2.7548E-06      1.7703E-03   4.1998E-05  9.9635E-07
      7.266      0.138  5.5812E-07      1.7702E-03   3.8774E-05  8.4929E-07
      7.870      0.127  4.2493E-07      1.7702E-03   3.5798E-05  7.2394E-07
      8.524      0.117  1.5152E-06      1.7702E-03   3.3051E-05  6.1709E-07
      9.233      0.108  1.0206E-06      1.7702E-03   3.0515E-05  5.2602E-07
     10.000      0.100  6.0066E-07      1.7701E-03   2.8173E-05  4.4838E-07
 
 
