**********************************************
*******     Site #   1
Average PSA and Fourier spectrum over     1 trials
damping:   5%
  50 samples
Mag.          =      6.00
siteLat       =     44.92
siteLon       =     11.09
depth         =      3.70
R             =   6084.13
azimuth       =  18631.23
fault Dis.(km)=  6231.48
Hypo  Dis.(km)=  6096.25
Input Parameters file =  MIR08_exsim_z_parameters.out                                                                                            
 data format: (1x,f10.3, 1p, 1x,e11.4, 5x,e11.4, 2x,e11.4, 1x,e11.4)
   freq(Hz)     per(s) FAS(cm/sec) avgPSA(cm/s**2) avgPSV(cm/s)   avgSD(cm)        minY        maxY
     -1.000        NaN         NaN             Nan   3.5183E-03         Nan
    999.900      0.000         Nan      1.5294E-03          NaN         NaN  1.5294E-03  1.5294E-03
      0.200      5.000  3.9513E-05      1.8101E-03   1.4404E-03  1.1463E-03
      0.217      4.616  3.2954E-05      1.7620E-03   1.2946E-03  9.5115E-04
      0.235      4.262  2.5267E-05      1.7230E-03   1.1687E-03  7.9280E-04
      0.254      3.935  1.9244E-05      1.6910E-03   1.0591E-03  6.6328E-04
      0.275      3.633  1.7629E-05      1.6648E-03   9.6264E-04  5.5663E-04
      0.298      3.354  2.0532E-05      1.6432E-03   8.7722E-04  4.6831E-04
      0.323      3.097  2.4524E-05      1.6252E-03   8.0105E-04  3.9483E-04
      0.350      2.859  2.6377E-05      1.6102E-03   7.3276E-04  3.3346E-04
      0.379      2.640  2.4102E-05      1.5977E-03   6.7127E-04  2.8204E-04
      0.410      2.437  1.9803E-05      1.5872E-03   6.1568E-04  2.3883E-04
      0.444      2.250  1.9178E-05      1.5783E-03   5.6528E-04  2.0245E-04
      0.481      2.078  2.0614E-05      1.5709E-03   5.1944E-04  1.7176E-04
      0.521      1.918  1.6625E-05      1.5646E-03   4.7766E-04  1.4583E-04
      0.565      1.771  9.3346E-06      1.5593E-03   4.3951E-04  1.2388E-04
      0.612      1.635  8.0288E-06      1.5548E-03   4.0462E-04  1.0530E-04
      0.662      1.510  4.9255E-06      1.5510E-03   3.7265E-04  8.9537E-05
      0.717      1.394  1.8013E-06      1.5478E-03   3.4334E-04  7.6165E-05
      0.777      1.287  3.0431E-06      1.5450E-03   3.1644E-04  6.4809E-05
      0.842      1.188  8.5392E-06      1.5427E-03   2.9171E-04  5.5162E-05
      0.912      1.097  1.0368E-05      1.5407E-03   2.6898E-04  4.6961E-05
      0.987      1.013  1.2082E-05      1.5390E-03   2.4807E-04  3.9987E-05
      1.069      0.935  9.0199E-06      1.5376E-03   2.2883E-04  3.4054E-05
      1.158      0.863  9.7156E-06      1.5364E-03   2.1110E-04  2.9005E-05
      1.255      0.797  1.0402E-05      1.5353E-03   1.9477E-04  2.4708E-05
      1.359      0.736  1.2668E-05      1.5345E-03   1.7972E-04  2.1049E-05
      1.472      0.679  1.1187E-05      1.5337E-03   1.6585E-04  1.7934E-05
      1.594      0.627  6.6793E-06      1.5331E-03   1.5306E-04  1.5281E-05
      1.727      0.579  2.8357E-06      1.5325E-03   1.4126E-04  1.3021E-05
      1.870      0.535  2.3158E-06      1.5321E-03   1.3039E-04  1.1096E-05
      2.026      0.494  2.6603E-06      1.5317E-03   1.2035E-04  9.4563E-06
      2.194      0.456  2.1105E-06      1.5313E-03   1.1109E-04  8.0590E-06
      2.376      0.421  2.3018E-06      1.5311E-03   1.0255E-04  6.8684E-06
      2.574      0.389  1.3515E-06      1.5308E-03   9.4663E-05  5.8538E-06
      2.788      0.359  2.5971E-06      1.5306E-03   8.7387E-05  4.9892E-06
      3.019      0.331  1.4811E-06      1.5304E-03   8.0672E-05  4.2524E-06
      3.270      0.306  7.8072E-07      1.5303E-03   7.4475E-05  3.6245E-06
      3.542      0.282  1.1529E-06      1.5301E-03   6.8754E-05  3.0893E-06
      3.836      0.261  1.5430E-06      1.5300E-03   6.3474E-05  2.6332E-06
      4.155      0.241  2.4825E-06      1.5299E-03   5.8600E-05  2.2445E-06
      4.501      0.222  1.5036E-06      1.5299E-03   5.4100E-05  1.9132E-06
      4.875      0.205  7.3348E-07      1.5298E-03   4.9947E-05  1.6307E-06
      5.280      0.189  2.6950E-07      1.5297E-03   4.6113E-05  1.3900E-06
      5.719      0.175  1.5612E-06      1.5297E-03   4.2573E-05  1.1848E-06
      6.194      0.161  8.0053E-07      1.5296E-03   3.9305E-05  1.0100E-06
      6.709      0.149  3.8606E-07      1.5296E-03   3.6288E-05  8.6089E-07
      7.266      0.138  6.4285E-07      1.5296E-03   3.3503E-05  7.3383E-07
      7.870      0.127  1.3347E-06      1.5296E-03   3.0932E-05  6.2552E-07
      8.524      0.117  8.0695E-07      1.5295E-03   2.8558E-05  5.3320E-07
      9.233      0.108  7.8429E-07      1.5295E-03   2.6366E-05  4.5450E-07
     10.000      0.100  1.1488E-06      1.5295E-03   2.4343E-05  3.8743E-07
 
 
