**********************************************
*******     Site #   1
Average PSA and Fourier spectrum over     1 trials
damping:   5%
  50 samples
Mag.          =      6.00
siteLat       =     44.92
siteLon       =     11.09
depth         =      3.70
R             =   6084.13
azimuth       =  18631.23
fault Dis.(km)=  6231.48
Hypo  Dis.(km)=  6096.25
Input Parameters file =  MIR08_exsim_x_parameters.out                                                                                            
 data format: (1x,f10.3, 1p, 1x,e11.4, 5x,e11.4, 2x,e11.4, 1x,e11.4)
   freq(Hz)     per(s) FAS(cm/sec) avgPSA(cm/s**2) avgPSV(cm/s)   avgSD(cm)        minY        maxY
     -1.000        NaN         NaN             Nan   4.5766E-03         Nan
    999.900      0.000         Nan      2.2333E-03          NaN         NaN  2.2333E-03  2.2333E-03
      0.200      5.000  3.4015E-05      2.6536E-03   2.1117E-03  1.6804E-03
      0.217      4.616  2.0675E-05      2.5799E-03   1.8955E-03  1.3926E-03
      0.235      4.262  2.1081E-05      2.5206E-03   1.7098E-03  1.1598E-03
      0.254      3.935  2.8453E-05      2.4726E-03   1.5486E-03  9.6985E-04
      0.275      3.633  3.1149E-05      2.4339E-03   1.4074E-03  8.1377E-04
      0.298      3.354  2.6369E-05      2.4016E-03   1.2821E-03  6.8447E-04
      0.323      3.097  1.5186E-05      2.3751E-03   1.1706E-03  5.7701E-04
      0.350      2.859  4.9083E-06      2.3529E-03   1.0707E-03  4.8726E-04
      0.379      2.640  1.3983E-05      2.3343E-03   9.8077E-04  4.1207E-04
      0.410      2.437  1.6826E-05      2.3188E-03   8.9948E-04  3.4892E-04
      0.444      2.250  8.5633E-06      2.3057E-03   8.2578E-04  2.9575E-04
      0.481      2.078  8.0392E-06      2.2947E-03   7.5877E-04  2.5090E-04
      0.521      1.918  1.5574E-05      2.2854E-03   6.9771E-04  2.1301E-04
      0.565      1.771  9.4826E-06      2.2775E-03   6.4196E-04  1.8095E-04
      0.612      1.635  8.9383E-06      2.2709E-03   5.9097E-04  1.5379E-04
      0.662      1.510  1.2515E-05      2.2653E-03   5.4427E-04  1.3077E-04
      0.717      1.394  3.4547E-06      2.2605E-03   5.0145E-04  1.1124E-04
      0.777      1.287  7.6339E-06      2.2564E-03   4.6214E-04  9.4651E-05
      0.842      1.188  5.7513E-06      2.2530E-03   4.2603E-04  8.0559E-05
      0.912      1.097  6.2319E-06      2.2501E-03   3.9283E-04  6.8581E-05
      0.987      1.013  8.2789E-06      2.2476E-03   3.6228E-04  5.8396E-05
      1.069      0.935  1.1694E-05      2.2455E-03   3.3417E-04  4.9731E-05
      1.158      0.863  8.2474E-06      2.2437E-03   3.0828E-04  4.2358E-05
      1.255      0.797  7.9427E-06      2.2421E-03   2.8443E-04  3.6082E-05
      1.359      0.736  1.0328E-05      2.2408E-03   2.6245E-04  3.0739E-05
      1.472      0.679  1.2626E-05      2.2397E-03   2.4219E-04  2.6190E-05
      1.594      0.627  1.2284E-05      2.2388E-03   2.2351E-04  2.2315E-05
      1.727      0.579  8.8497E-06      2.2380E-03   2.0629E-04  1.9015E-05
      1.870      0.535  4.5955E-06      2.2373E-03   1.9040E-04  1.6204E-05
      2.026      0.494  5.5578E-06      2.2367E-03   1.7575E-04  1.3809E-05
      2.194      0.456  6.6016E-06      2.2362E-03   1.6222E-04  1.1768E-05
      2.376      0.421  2.7347E-06      2.2358E-03   1.4975E-04  1.0030E-05
      2.574      0.389  2.4762E-06      2.2354E-03   1.3823E-04  8.5482E-06
      2.788      0.359  2.2307E-06      2.2351E-03   1.2761E-04  7.2857E-06
      3.019      0.331  1.3422E-06      2.2348E-03   1.1780E-04  6.2097E-06
      3.270      0.306  2.9726E-06      2.2346E-03   1.0875E-04  5.2928E-06
      3.542      0.282  1.0629E-06      2.2344E-03   1.0040E-04  4.5113E-06
      3.836      0.261  2.8914E-06      2.2343E-03   9.2689E-05  3.8452E-06
      4.155      0.241  8.0675E-07      2.2341E-03   8.5571E-05  3.2776E-06
      4.501      0.222  1.8311E-06      2.2340E-03   7.9001E-05  2.7937E-06
      4.875      0.205  1.2925E-06      2.2339E-03   7.2936E-05  2.3813E-06
      5.280      0.189  5.6975E-07      2.2338E-03   6.7337E-05  2.0298E-06
      5.719      0.175  1.5051E-06      2.2337E-03   6.2168E-05  1.7302E-06
      6.194      0.161  1.2158E-06      2.2337E-03   5.7396E-05  1.4748E-06
      6.709      0.149  2.1660E-06      2.2336E-03   5.2990E-05  1.2571E-06
      7.266      0.138  8.2357E-07      2.2336E-03   4.8923E-05  1.0716E-06
      7.870      0.127  4.6805E-07      2.2335E-03   4.5168E-05  9.1342E-07
      8.524      0.117  1.3540E-06      2.2335E-03   4.1702E-05  7.7861E-07
      9.233      0.108  4.5282E-07      2.2335E-03   3.8501E-05  6.6370E-07
     10.000      0.100  8.1451E-07      2.2335E-03   3.5547E-05  5.6574E-07
 
 
