         modeling parameters     
Fault Strike              =    95.00
Fault dip                 =    40.00
Fault depth to upper edge =     5.06
Fault Length              =    32.00
Fault Width               =    20.00
ratio of rupture to s-wave velocity =     0.80
FaultLat                  =    44.89
FaultLon                  =    11.27
No.of subs along strike   =       21
No.of subs along dip      =       13
subfault length           =     1.52
subfault width            =     1.54
i_rise_time (1=orig,2=1/f0) =  2
iseed, nsims =     -3402361   20
-----------------------------------------------
input hypocenter at position    =   1.820E+01  8.000E+00
input hypocenter at subfault    =   12   6
n_hypocenters    =    1
Mag.                      =     6.00
-----------------------------------------------
dt (sec)                  =   0.0100
beta (km/s)               =     3.60
density (rho), gr/cm3     =     2.70
prtitn                    =     0.71
rtp                       =     0.55
fs                        =     2.00
pulsing Percentage        =    50.00
iflagscalefactor (1=vel^2; 2=acc^2;  3=asymptotic acc^2 (dmb)) = 2
flocut, nslope            =   0.000  8
iflagfas_avg              = 3
iflagpsa_avg_over_hypos   = 2
iflagpsa_avg_over_sims   = 1
stress parameter (bars)   =    70.00
fmax                      =     0.00
kappa                     =   0.0300
-----------------------------------------------
         Corner Frequency    
Dynamic Corner Frequency Flag is  ON =    1
-----------------------------------------------
 fr1, qr1, s1, ft1, ft2, fr2, qr2, s2, c_q  = 
  0.1000000       275.0000      -2.000000      0.2000000      0.6000000    
   1.000000       100.0000       1.000000       3.600000    
 Path duration: ndur_hinges, rpathdur, pathdur, durslope: 
  1
   0.0   0.00
  0.100
 gspread: i, nsprd_segs, r_ref, rlow, a_s, b_s, m_s
           1           3   1.000000       1.000000      -1.000000    
  0.0000000E+00   6.500000    
           2           3   1.000000       70.00000      0.0000000E+00
  0.0000000E+00   6.500000    
           3           3   1.000000       130.0000     -0.5000000    
  0.0000000E+00   6.500000    
-----------------------------------------------
window applied               = Saragoni-Hart
-----------------------------------------------
 Crustal amps from file fdt_NVL_S2.h2
    freq     amp
   0.000   1.000
   0.030   1.168
   0.060   1.988
   0.090   4.056
   0.120   2.379
   0.150   1.924
   0.180   2.214
   0.210   2.998
   0.240   3.506
   0.270   3.598
   0.300   3.517
   0.330   3.129
   0.360   3.107
   0.390   4.065
   0.420   6.432
   0.450   5.412
   0.480   4.424
   0.510   5.139
   0.540   7.383
   0.570   7.584
   0.600   6.454
   0.630   5.768
   0.660   5.198
   0.690   5.439
   0.720   6.484
   0.750   5.122
   0.780   3.624
   0.810   3.369
   0.840   4.178
   0.870   5.582
   0.900   4.747
   0.930   3.849
   0.960   3.662
   0.990   3.793
   1.020   4.141
   1.050   4.343
   1.080   3.501
   1.110   2.738
   1.140   2.657
   1.170   3.466
   1.200   5.821
   1.230   5.238
   1.260   4.012
   1.290   4.311
   1.320   5.692
   1.350   6.204
   1.380   5.887
   1.410   5.814
   1.440   5.176
   1.470   4.966
   1.500   5.838
   1.530   4.926
   1.560   3.247
   1.590   2.849
   1.620   3.558
   1.650   4.807
   1.680   3.090
   1.710   2.234
   1.740   2.188
   1.770   2.702
   1.800   3.435
   1.830   3.353
   1.860   2.953
   1.890   2.675
   1.920   2.571
   1.950   2.849
   1.980   3.753
   2.010   4.152
   2.040   3.256
   2.070   2.971
   2.100   3.441
   2.130   4.152
   2.160   3.835
   2.190   3.487
   2.220   3.695
   2.250   4.185
   2.280   4.587
   2.310   5.026
   2.340   5.042
   2.370   4.308
   2.400   3.951
   2.430   4.367
   2.460   5.304
   2.490   5.388
   2.520   4.802
   2.550   4.545
   2.580   4.635
   2.610   5.072
   2.640   5.387
   2.670   4.568
   2.700   3.849
   2.730   4.029
   2.760   4.872
   2.790   4.056
   2.820   2.964
   2.850   2.776
   2.880   3.400
   2.910   4.444
   2.940   3.943
   2.970   3.414
   3.000   3.583
   3.030   3.998
   3.060   4.015
   3.090   3.729
   3.120   3.165
   3.150   2.618
   3.180   2.478
   3.210   2.844
   3.240   3.311
   3.270   2.822
   3.300   2.385
   3.330   2.459
   3.360   2.851
   3.390   2.860
   3.420   2.519
   3.450   2.363
   3.480   2.343
   3.510   2.359
   3.540   2.540
   3.570   2.950
   3.600   2.993
   3.630   2.553
   3.660   2.400
   3.690   2.711
   3.720   3.354
   3.750   3.575
   3.780   3.393
   3.810   3.411
   3.840   3.562
   3.870   3.598
   3.900   3.429
   3.930   3.099
   3.960   2.871
   3.990   2.969
   4.020   3.319
   4.050   3.302
   4.080   2.915
   4.110   2.773
   4.140   2.901
   4.170   3.002
   4.200   2.960
   4.230   2.885
   4.260   2.647
   4.290   2.347
   4.320   2.314
   4.350   2.690
   4.380   3.120
   4.410   2.743
   4.440   2.408
   4.470   2.571
   4.500   3.124
   4.530   3.269
   4.560   2.960
   4.590   2.965
   4.620   3.303
   4.650   3.561
   4.680   3.479
   4.710   3.271
   4.740   3.117
   4.770   3.112
   4.800   2.996
   4.830   2.462
   4.860   2.015
   4.890   1.910
   4.920   2.078
   4.950   2.152
   4.980   1.878
   5.010   1.683
   5.040   1.699
   5.070   1.791
   5.100   1.783
   5.130   1.743
   5.160   1.735
   5.190   1.641
   5.220   1.486
   5.250   1.439
   5.280   1.550
   5.310   1.718
   5.340   1.727
   5.370   1.634
   5.400   1.615
   5.430   1.708
   5.460   1.910
   5.490   2.183
   5.520   2.305
   5.550   2.172
   5.580   2.104
   5.610   2.274
   5.640   2.543
   5.670   2.569
   5.700   2.498
   5.730   2.589
   5.760   2.703
   5.790   2.637
   5.820   2.548
   5.850   2.533
   5.880   2.503
   5.910   2.438
   5.940   2.283
   5.970   1.960
   6.000   1.677
   6.030   1.605
   6.060   1.755
   6.090   1.946
   6.120   1.848
   6.150   1.690
   6.180   1.713
   6.210   1.874
   6.240   1.969
   6.270   1.929
   6.300   1.875
   6.330   1.827
   6.360   1.805
   6.390   1.883
   6.420   2.026
   6.450   2.038
   6.480   1.939
   6.510   1.923
   6.540   1.962
   6.570   1.900
   6.600   1.795
   6.630   1.778
   6.660   1.808
   6.690   1.758
   6.720   1.641
   6.750   1.524
   6.780   1.416
   6.810   1.344
   6.840   1.339
   6.870   1.365
   6.900   1.341
   6.930   1.277
   6.960   1.243
   6.990   1.246
   7.020   1.245
   7.050   1.229
   7.080   1.188
   7.110   1.093
   7.140   0.998
   7.170   0.983
   7.200   1.079
   7.230   1.217
   7.260   1.206
   7.290   1.122
   7.320   1.138
   7.350   1.269
   7.380   1.384
   7.410   1.370
   7.440   1.342
   7.470   1.380
   7.500   1.458
   7.530   1.540
   7.560   1.596
   7.590   1.578
   7.620   1.525
   7.650   1.532
   7.680   1.589
   7.710   1.584
   7.740   1.528
   7.770   1.534
   7.800   1.608
   7.830   1.635
   7.860   1.586
   7.890   1.559
   7.920   1.567
   7.950   1.564
   7.980   1.564
   8.010   1.586
   8.040   1.569
   8.070   1.495
   8.100   1.457
   8.130   1.491
   8.160   1.521
   8.190   1.479
   8.220   1.430
   8.250   1.441
   8.280   1.489
   8.310   1.515
   8.340   1.482
   8.370   1.409
   8.400   1.352
   8.430   1.348
   8.460   1.367
   8.490   1.330
   8.520   1.250
   8.550   1.213
   8.580   1.242
   8.610   1.284
   8.640   1.289
   8.670   1.275
   8.700   1.260
   8.730   1.236
   8.760   1.226
   8.790   1.256
   8.820   1.275
   8.850   1.222
   8.880   1.162
   8.910   1.174
   8.940   1.251
   8.970   1.305
   9.000   1.293
   9.030   1.288
   9.060   1.329
   9.090   1.382
   9.120   1.405
   9.150   1.381
   9.180   1.319
   9.210   1.273
   9.240   1.284
   9.270   1.323
   9.300   1.306
   9.330   1.247
   9.360   1.233
   9.390   1.277
   9.420   1.304
   9.450   1.277
   9.480   1.265
   9.510   1.306
   9.540   1.367
   9.570   1.400
   9.600   1.409
   9.630   1.405
   9.660   1.383
   9.690   1.367
   9.720   1.386
   9.750   1.430
   9.780   1.462
   9.810   1.469
   9.840   1.468
   9.870   1.464
   9.900   1.448
   9.930   1.415
   9.960   1.371
   9.990   1.328
-----------------------------------------------
 site amps from file site_amps_one.txt
    freq     amp
   1.000   1.000
-----------------------------------------------
-----------------------------------------------
         Analytical Pulse parameters     
-----------------------------------------------
Analytical Flag is  OFF   =     0
 
tpadl, tpadt, dt(sec)                     :    15.000    15.000     0.010
For site   1 siteLocation coordinates 1&2 =     44.84    10.73
 
  For site   1 elapsed time (sec) =  15.39
