 nptsTotalWave =     5298 npw2TotalWave =     8192
 
 itr  i0  j0   i   j t_arrive(i0,j0) t_arrive_min t_arrive(i,j) risetime(i,j) risetime_max dur_path(i,j) dur_sub(i,j) t_arrive(i,j)+dur_sub(i,j) imx jmx t_arrive(imax,jmax) dur_sub(imax,jmax) t_arrive(imax,jmax)+dur_sub(imax,jmax) risetime_max t_end_max
   1  12   6   1   1            16.7         16.7          18.5           2.3          2.6          4.37         6.69                       25.2  21  13                27.0               10.1                                   37.1          2.6      37.1
   1  12   6   1   2            16.7         16.7          18.3           2.3          2.6          4.36         6.69                       25.0  21  13                27.0               10.1                                   37.1          2.6      37.1
   1  12   6   1   3            16.7         16.7          18.2           2.3          2.6          4.36         6.68                       24.8  21  13                27.0               10.1                                   37.1          2.6      37.1
   1  12   6   1   4            16.7         16.7          18.0           2.3          2.6          4.36         6.69                       24.7  21  13                27.0               10.1                                   37.1          2.6      37.1
   1  12   6   1   5            16.7         16.7          18.0           2.3          2.6          4.37         6.69                       24.7  21  13                27.0               10.1                                   37.1          2.6      37.1
   1  12   6   1   6            16.7         16.7          18.0           2.3          2.6          4.39         6.71                       24.7  21  13                27.0               10.1                                   37.1          2.6      37.1
   1  12   6   1   7            16.7         16.7          18.1           2.3          2.6          4.41         6.73                       24.8  21  13                27.0               10.1                                   37.1          2.6      37.1
   1  12   6   1   8            16.7         16.7          18.2           2.3          2.6          4.43         6.75                       25.0  21  13                27.0               10.1                                   37.1          2.6      37.1
   1  12   6   1   9            16.7         16.7          18.4           2.3          2.6          4.46         6.78                       25.2  21  13                27.0               10.1                                   37.1          2.6      37.1
   1  12   6   1  10            16.7         16.7          18.7           2.3          2.6          4.49         6.82                       25.5  21  13                27.0               10.1                                   37.1          2.6      37.1
   1  12   6   1  11            16.7         16.7          19.0           2.3          2.6          4.53         6.85                       25.8  21  13                27.0               10.1                                   37.1          2.6      37.1
   1  12   6   1  12            16.7         16.7          19.4           2.3          2.6          4.58         6.90                       26.3  21  13                27.0               10.1                                   37.1          2.6      37.1
   1  12   6   1  13            16.7         16.7          19.8           2.3          2.6          4.63         6.95                       26.7  21  13                27.0               10.1                                   37.1          2.6      37.1
   1  12   6   2   1            16.7         16.7          18.5           2.5          2.6          4.52         6.98                       25.5  21  13                27.0               10.1                                   37.1          2.6      37.1
   1  12   6   2   2            16.7         16.7          18.2           2.5          2.6          4.51         6.97                       25.2  21  13                27.0               10.1                                   37.1          2.6      37.1
   1  12   6   2   3            16.7         16.7          18.1           2.5          2.6          4.51         6.97                       25.0  21  13                27.0               10.1                                   37.1          2.6      37.1
   1  12   6   2   4            16.7         16.7          17.9           2.5          2.6          4.51         6.97                       24.9  21  13                27.0               10.1                                   37.1          2.6      37.1
   1  12   6   2   5            16.7         16.7          17.9           2.5          2.6          4.52         6.98                       24.9  21  13                27.0               10.1                                   37.1          2.6      37.1
   1  12   6   2   6            16.7         16.7          17.9           2.5          2.6          4.53         6.99                       24.9  21  13                27.0               10.1                                   37.1          2.6      37.1
   1  12   6   2   7            16.7         16.7          18.0           2.5          2.6          4.55         7.01                       25.0  21  13                27.0               10.1                                   37.1          2.6      37.1
   1  12   6   2   8            16.7         16.7          18.1           2.5          2.6          4.58         7.03                       25.1  21  13                27.0               10.1                                   37.1          2.6      37.1
   1  12   6   2   9            16.7         16.7          18.3           2.5          2.6          4.60         7.06                       25.4  21  13                27.0               10.1                                   37.1          2.6      37.1
   1  12   6   2  10            16.7         16.7          18.6           2.5          2.6          4.64         7.10                       25.7  21  13                27.0               10.1                                   37.1          2.6      37.1
   1  12   6   2  11            16.7         16.7          18.9           2.5          2.6          4.68         7.14                       26.1  21  13                27.0               10.1                                   37.1          2.6      37.1
   1  12   6   2  12            16.7         16.7          19.3           2.5          2.6          4.72         7.18                       26.5  21  13                27.0               10.1                                   37.1          2.6      37.1
   1  12   6   2  13            16.7         16.7          19.7           2.5          2.6          4.77         7.23                       26.9  21  13                27.0               10.1                                   37.1          2.6      37.1
   1  12   6   3   1            16.7         16.7          18.4           2.6          2.6          4.67         7.28                       25.7  21  13                27.0               10.1                                   37.1          2.6      37.1
   1  12   6   3   2            16.7         16.7          18.2           2.6          2.6          4.66         7.27                       25.4  21  13                27.0               10.1                                   37.1          2.6      37.1
   1  12   6   3   3            16.7         16.7          18.0           2.6          2.6          4.66         7.27                       25.2  21  13                27.0               10.1                                   37.1          2.6      37.1
   1  12   6   3   4            16.7         16.7          17.8           2.6          2.6          4.66         7.27                       25.1  21  13                27.0               10.1                                   37.1          2.6      37.1
   1  12   6   3   5            16.7         16.7          17.8           2.6          2.6          4.67         7.28                       25.0  21  13                27.0               10.1                                   37.1          2.6      37.1
   1  12   6   3   6            16.7         16.7          17.8           2.6          2.6          4.68         7.29                       25.1  21  13                27.0               10.1                                   37.1          2.6      37.1
   1  12   6   3   7            16.7         16.7          17.8           2.6          2.6          4.70         7.31                       25.2  21  13                27.0               10.1                                   37.1          2.6      37.1
   1  12   6   3   8            16.7         16.7          18.0           2.6          2.6          4.72         7.33                       25.3  21  13                27.0               10.1                                   37.1          2.6      37.1
   1  12   6   3   9            16.7         16.7          18.2           2.6          2.6          4.75         7.36                       25.6  21  13                27.0               10.1                                   37.1          2.6      37.1
   1  12   6   3  10            16.7         16.7          18.5           2.6          2.6          4.78         7.39                       25.9  21  13                27.0               10.1                                   37.1          2.6      37.1
   1  12   6   3  11            16.7         16.7          18.8           2.6          2.6          4.82         7.43                       26.3  21  13                27.0               10.1                                   37.1          2.6      37.1
   1  12   6   3  12            16.7         16.7          19.2           2.6          2.6          4.86         7.47                       26.7  21  13                27.0               10.1                                   37.1          2.6      37.1
   1  12   6   3  13            16.7         16.7          19.7           2.6          2.6          4.91         7.52                       27.2  21  13                27.0               10.1                                   37.1          2.6      37.1
   1  12   6   4   1            16.7         16.7          18.4           2.6          2.6          4.82         7.46                       25.8  21  13                27.0               10.1                                   37.1          2.6      37.1
   1  12   6   4   2            16.7         16.7          18.1           2.6          2.6          4.81         7.45                       25.6  21  13                27.0               10.1                                   37.1          2.6      37.1
   1  12   6   4   3            16.7         16.7          17.9           2.6          2.6          4.81         7.45                       25.3  21  13                27.0               10.1                                   37.1          2.6      37.1
   1  12   6   4   4            16.7         16.7          17.7           2.6          2.6          4.81         7.45                       25.2  21  13                27.0               10.1                                   37.1          2.6      37.1
   1  12   6   4   5            16.7         16.7          17.6           2.6          2.6          4.82         7.46                       25.1  21  13                27.0               10.1                                   37.1          2.6      37.1
   1  12   6   4   6            16.7         16.7          17.7           2.6          2.6          4.83         7.47                       25.1  21  13                27.0               10.1                                   37.1          2.6      37.1
   1  12   6   4   7            16.7         16.7          17.7           2.6          2.6          4.85         7.49                       25.2  21  13                27.0               10.1                                   37.1          2.6      37.1
   1  12   6   4   8            16.7         16.7          17.9           2.6          2.6          4.87         7.51                       25.4  21  13                27.0               10.1                                   37.1          2.6      37.1
   1  12   6   4   9            16.7         16.7          18.1           2.6          2.6          4.90         7.54                       25.7  21  13                27.0               10.1                                   37.1          2.6      37.1
   1  12   6   4  10            16.7         16.7          18.4           2.6          2.6          4.93         7.57                       26.0  21  13                27.0               10.1                                   37.1          2.6      37.1
   1  12   6   4  11            16.7         16.7          18.8           2.6          2.6          4.96         7.60                       26.4  21  13                27.0               10.1                                   37.1          2.6      37.1
   1  12   6   4  12            16.7         16.7          19.2           2.6          2.6          5.00         7.64                       26.9  21  13                27.0               10.1                                   37.1          2.6      37.1
   1  12   6   4  13            16.7         16.7          19.7           2.6          2.6          5.05         7.69                       27.4  21  13                27.0               10.1                                   37.1          2.6      37.1
   1  12   6   5   1            16.7         16.7          18.4           2.6          2.6          4.97         7.60                       26.0  21  13                27.0               10.1                                   37.1          2.6      37.1
   1  12   6   5   2            16.7         16.7          18.1           2.6          2.6          4.96         7.59                       25.6  21  13                27.0               10.1                                   37.1          2.6      37.1
   1  12   6   5   3            16.7         16.7          17.8           2.6          2.6          4.96         7.59                       25.4  21  13                27.0               10.1                                   37.1          2.6      37.1
   1  12   6   5   4            16.7         16.7          17.6           2.6          2.6          4.96         7.59                       25.2  21  13                27.0               10.1                                   37.1          2.6      37.1
   1  12   6   5   5            16.7         16.7          17.5           2.6          2.6          4.97         7.60                       25.1  21  13                27.0               10.1                                   37.1          2.6      37.1
   1  12   6   5   6            16.7         16.7          17.5           2.6          2.6          4.98         7.61                       25.1  21  13                27.0               10.1                                   37.1          2.6      37.1
   1  12   6   5   7            16.7         16.7          17.6           2.6          2.6          5.00         7.63                       25.2  21  13                27.0               10.1                                   37.1          2.6      37.1
   1  12   6   5   8            16.7         16.7          17.8           2.6          2.6          5.02         7.65                       25.4  21  13                27.0               10.1                                   37.1          2.6      37.1
   1  12   6   5   9            16.7         16.7          18.0           2.6          2.6          5.04         7.67                       25.7  21  13                27.0               10.1                                   37.1          2.6      37.1
   1  12   6   5  10            16.7         16.7          18.4           2.6          2.6          5.07         7.70                       26.1  21  13                27.0               10.1                                   37.1          2.6      37.1
   1  12   6   5  11            16.7         16.7          18.8           2.6          2.6          5.11         7.74                       26.5  21  13                27.0               10.1                                   37.1          2.6      37.1
   1  12   6   5  12            16.7         16.7          19.2           2.6          2.6          5.15         7.78                       27.0  21  13                27.0               10.1                                   37.1          2.6      37.1
   1  12   6   5  13            16.7         16.7          19.7           2.6          2.6          5.19         7.82                       27.5  21  13                27.0               10.1                                   37.1          2.6      37.1
   1  12   6   6   1            16.7         16.7          18.4           2.5          2.6          5.12         7.62                       26.0  21  13                27.0               10.1                                   37.1          2.6      37.1
   1  12   6   6   2            16.7         16.7          18.0           2.5          2.6          5.11         7.61                       25.6  21  13                27.0               10.1                                   37.1          2.6      37.1
   1  12   6   6   3            16.7         16.7          17.7           2.5          2.6          5.11         7.61                       25.4  21  13                27.0               10.1                                   37.1          2.6      37.1
   1  12   6   6   4            16.7         16.7          17.5           2.5          2.6          5.11         7.61                       25.2  21  13                27.0               10.1                                   37.1          2.6      37.1
   1  12   6   6   5            16.7         16.7          17.4           2.5          2.6          5.12         7.62                       25.1  21  13                27.0               10.1                                   37.1          2.6      37.1
   1  12   6   6   6            16.7         16.7          17.4           2.5          2.6          5.13         7.63                       25.1  21  13                27.0               10.1                                   37.1          2.6      37.1
   1  12   6   6   7            16.7         16.7          17.5           2.5          2.6          5.14         7.65                       25.2  21  13                27.0               10.1                                   37.1          2.6      37.1
   1  12   6   6   8            16.7         16.7          17.7           2.5          2.6          5.16         7.67                       25.4  21  13                27.0               10.1                                   37.1          2.6      37.1
   1  12   6   6   9            16.7         16.7          18.0           2.5          2.6          5.19         7.70                       25.7  21  13                27.0               10.1                                   37.1          2.6      37.1
   1  12   6   6  10            16.7         16.7          18.3           2.5          2.6          5.22         7.73                       26.1  21  13                27.0               10.1                                   37.1          2.6      37.1
   1  12   6   6  11            16.7         16.7          18.7           2.5          2.6          5.25         7.76                       26.5  21  13                27.0               10.1                                   37.1          2.6      37.1
   1  12   6   6  12            16.7         16.7          19.2           2.5          2.6          5.29         7.80                       27.0  21  13                27.0               10.1                                   37.1          2.6      37.1
   1  12   6   6  13            16.7         16.7          19.7           2.6          2.6          5.33         7.96                       27.7  21  13                27.0               10.1                                   37.1          2.6      37.1
   1  12   6   7   1            16.7         16.7          18.4           2.3          2.6          5.26         7.61                       26.0  21  13                27.0               10.1                                   37.1          2.6      37.1
   1  12   6   7   2            16.7         16.7          18.0           2.3          2.6          5.26         7.60                       25.6  21  13                27.0               10.1                                   37.1          2.6      37.1
   1  12   6   7   3            16.7         16.7          17.7           2.3          2.6          5.26         7.60                       25.3  21  13                27.0               10.1                                   37.1          2.6      37.1
   1  12   6   7   4            16.7         16.7          17.5           2.3          2.6          5.26         7.60                       25.1  21  13                27.0               10.1                                   37.1          2.6      37.1
   1  12   6   7   5            16.7         16.7          17.3           2.3          2.6          5.27         7.61                       24.9  21  13                27.0               10.1                                   37.1          2.6      37.1
   1  12   6   7   6            16.7         16.7          17.3           2.3          2.6          5.28         7.62                       24.9  21  13                27.0               10.1                                   37.1          2.6      37.1
   1  12   6   7   7            16.7         16.7          17.4           2.3          2.6          5.29         7.63                       25.0  21  13                27.0               10.1                                   37.1          2.6      37.1
   1  12   6   7   8            16.7         16.7          17.6           2.3          2.6          5.31         7.65                       25.3  21  13                27.0               10.1                                   37.1          2.6      37.1
   1  12   6   7   9            16.7         16.7          17.9           2.3          2.6          5.34         7.68                       25.6  21  13                27.0               10.1                                   37.1          2.6      37.1
   1  12   6   7  10            16.7         16.7          18.3           2.3          2.6          5.37         7.71                       26.0  21  13                27.0               10.1                                   37.1          2.6      37.1
   1  12   6   7  11            16.7         16.7          18.8           2.3          2.6          5.40         7.74                       26.5  21  13                27.0               10.1                                   37.1          2.6      37.1
   1  12   6   7  12            16.7         16.7          19.3           2.5          2.6          5.44         7.94                       27.2  21  13                27.0               10.1                                   37.1          2.6      37.1
   1  12   6   7  13            16.7         16.7          19.8           2.6          2.6          5.48         8.11                       27.9  21  13                27.0               10.1                                   37.1          2.6      37.1
   1  12   6   8   1            16.7         16.7          18.4           2.3          2.6          5.41         7.76                       26.2  21  13                27.0               10.1                                   37.1          2.6      37.1
   1  12   6   8   2            16.7         16.7          18.0           2.1          2.6          5.41         7.46                       25.5  21  13                27.0               10.1                                   37.1          2.6      37.1
   1  12   6   8   3            16.7         16.7          17.7           2.1          2.6          5.41         7.46                       25.1  21  13                27.0               10.1                                   37.1          2.6      37.1
   1  12   6   8   4            16.7         16.7          17.4           2.1          2.6          5.41         7.46                       24.9  21  13                27.0               10.1                                   37.1          2.6      37.1
   1  12   6   8   5            16.7         16.7          17.2           2.1          2.6          5.42         7.47                       24.7  21  13                27.0               10.1                                   37.1          2.6      37.1
   1  12   6   8   6            16.7         16.7          17.2           2.1          2.6          5.43         7.48                       24.7  21  13                27.0               10.1                                   37.1          2.6      37.1
   1  12   6   8   7            16.7         16.7          17.3           2.1          2.6          5.44         7.50                       24.8  21  13                27.0               10.1                                   37.1          2.6      37.1
   1  12   6   8   8            16.7         16.7          17.5           2.1          2.6          5.46         7.52                       25.1  21  13                27.0               10.1                                   37.1          2.6      37.1
   1  12   6   8   9            16.7         16.7          17.9           2.1          2.6          5.49         7.54                       25.4  21  13                27.0               10.1                                   37.1          2.6      37.1
   1  12   6   8  10            16.7         16.7          18.3           2.1          2.6          5.51         7.57                       25.9  21  13                27.0               10.1                                   37.1          2.6      37.1
   1  12   6   8  11            16.7         16.7          18.8           2.3          2.6          5.55         7.89                       26.7  21  13                27.0               10.1                                   37.1          2.6      37.1
   1  12   6   8  12            16.7         16.7          19.3           2.5          2.6          5.58         8.09                       27.4  21  13                27.0               10.1                                   37.1          2.6      37.1
   1  12   6   8  13            16.7         16.7          19.9           2.6          2.6          5.62         8.25                       28.2  21  13                27.0               10.1                                   37.1          2.6      37.1
   1  12   6   9   1            16.7         16.7          18.6           2.3          2.6          5.56         7.91                       26.5  21  13                27.0               10.1                                   37.1          2.6      37.1
   1  12   6   9   2            16.7         16.7          18.1           2.1          2.6          5.56         7.61                       25.7  21  13                27.0               10.1                                   37.1          2.6      37.1
   1  12   6   9   3            16.7         16.7          17.7           1.7          2.6          5.56         7.29                       25.0  21  13                27.0               10.1                                   37.1          2.6      37.1
   1  12   6   9   4            16.7         16.7          17.4           1.7          2.6          5.56         7.30                       24.6  21  13                27.0               10.1                                   37.1          2.6      37.1
   1  12   6   9   5            16.7         16.7          17.1           1.7          2.6          5.56         7.30                       24.4  21  13                27.0               10.1                                   37.1          2.6      37.1
   1  12   6   9   6            16.7         16.7          17.1           1.7          2.6          5.58         7.31                       24.4  21  13                27.0               10.1                                   37.1          2.6      37.1
   1  12   6   9   7            16.7         16.7          17.2           1.7          2.6          5.59         7.33                       24.5  21  13                27.0               10.1                                   37.1          2.6      37.1
   1  12   6   9   8            16.7         16.7          17.5           1.7          2.6          5.61         7.35                       24.8  21  13                27.0               10.1                                   37.1          2.6      37.1
   1  12   6   9   9            16.7         16.7          17.9           1.7          2.6          5.63         7.37                       25.3  21  13                27.0               10.1                                   37.1          2.6      37.1
   1  12   6   9  10            16.7         16.7          18.4           2.1          2.6          5.66         7.71                       26.1  21  13                27.0               10.1                                   37.1          2.6      37.1
   1  12   6   9  11            16.7         16.7          18.9           2.3          2.6          5.69         8.03                       27.0  21  13                27.0               10.1                                   37.1          2.6      37.1
   1  12   6   9  12            16.7         16.7          19.5           2.5          2.6          5.73         8.23                       27.7  21  13                27.0               10.1                                   37.1          2.6      37.1
   1  12   6   9  13            16.7         16.7          20.1           2.6          2.6          5.77         8.40                       28.5  21  13                27.0               10.1                                   37.1          2.6      37.1
   1  12   6  10   1            16.7         16.7          18.7           2.3          2.6          5.71         8.06                       26.8  21  13                27.0               10.1                                   37.1          2.6      37.1
   1  12   6  10   2            16.7         16.7          18.2           2.1          2.6          5.71         7.76                       26.0  21  13                27.0               10.1                                   37.1          2.6      37.1
   1  12   6  10   3            16.7         16.7          17.8           1.7          2.6          5.71         7.44                       25.2  21  13                27.0               10.1                                   37.1          2.6      37.1
   1  12   6  10   4            16.7         16.7          17.4           1.4          2.6          5.71         7.10                       24.5  21  13                27.0               10.1                                   37.1          2.6      37.1
   1  12   6  10   5            16.7         16.7          17.1           1.4          2.6          5.71         7.10                       24.2  21  13                27.0               10.1                                   37.1          2.6      37.1
   1  12   6  10   6            16.7         16.7          17.0           1.4          2.6          5.73         7.11                       24.1  21  13                27.0               10.1                                   37.1          2.6      37.1
   1  12   6  10   7            16.7         16.7          17.1           1.4          2.6          5.74         7.13                       24.3  21  13                27.0               10.1                                   37.1          2.6      37.1
   1  12   6  10   8            16.7         16.7          17.5           1.4          2.6          5.76         7.15                       24.6  21  13                27.0               10.1                                   37.1          2.6      37.1
   1  12   6  10   9            16.7         16.7          18.0           1.7          2.6          5.78         7.52                       25.5  21  13                27.0               10.1                                   37.1          2.6      37.1
   1  12   6  10  10            16.7         16.7          18.5           2.1          2.6          5.81         7.86                       26.4  21  13                27.0               10.1                                   37.1          2.6      37.1
   1  12   6  10  11            16.7         16.7          19.1           2.3          2.6          5.84         8.18                       27.3  21  13                27.0               10.1                                   37.1          2.6      37.1
   1  12   6  10  12            16.7         16.7          19.7           2.5          2.6          5.87         8.38                       28.1  21  13                27.0               10.1                                   37.1          2.6      37.1
   1  12   6  10  13            16.7         16.7          20.3           2.6          2.6          5.91         8.54                       28.8  21  13                27.0               10.1                                   37.1          2.6      37.1
   1  12   6  11   1            16.7         16.7          19.0           2.3          2.6          5.86         8.21                       27.2  21  13                27.0               10.1                                   37.1          2.6      37.1
   1  12   6  11   2            16.7         16.7          18.5           2.1          2.6          5.86         7.91                       26.4  21  13                27.0               10.1                                   37.1          2.6      37.1
   1  12   6  11   3            16.7         16.7          18.0           1.7          2.6          5.86         7.59                       25.5  21  13                27.0               10.1                                   37.1          2.6      37.1
   1  12   6  11   4            16.7         16.7          17.5           1.4          2.6          5.86         7.25                       24.7  21  13                27.0               10.1                                   37.1          2.6      37.1
   1  12   6  11   5            16.7         16.7          17.0           1.0          2.6          5.86         6.85                       23.9  21  13                27.0               10.1                                   37.1          2.6      37.1
   1  12   6  11   6            16.7         16.7          16.8           1.0          2.6          5.87         6.86                       23.7  21  13                27.0               10.1                                   37.1          2.6      37.1
   1  12   6  11   7            16.7         16.7          17.1           1.0          2.6          5.89         6.88                       24.0  21  13                27.0               10.1                                   37.1          2.6      37.1
   1  12   6  11   8            16.7         16.7          17.6           1.4          2.6          5.91         7.30                       24.9  21  13                27.0               10.1                                   37.1          2.6      37.1
   1  12   6  11   9            16.7         16.7          18.2           1.7          2.6          5.93         7.67                       25.8  21  13                27.0               10.1                                   37.1          2.6      37.1
   1  12   6  11  10            16.7         16.7          18.7           2.1          2.6          5.96         8.01                       26.8  21  13                27.0               10.1                                   37.1          2.6      37.1
   1  12   6  11  11            16.7         16.7          19.3           2.3          2.6          5.99         8.33                       27.7  21  13                27.0               10.1                                   37.1          2.6      37.1
   1  12   6  11  12            16.7         16.7          20.0           2.5          2.6          6.02         8.52                       28.5  21  13                27.0               10.1                                   37.1          2.6      37.1
   1  12   6  11  13            16.7         16.7          20.6           2.6          2.6          6.06         8.69                       29.3  21  13                27.0               10.1                                   37.1          2.6      37.1
   1  12   6  12   1            16.7         16.7          19.4           2.3          2.6          6.01         8.36                       27.7  21  13                27.0               10.1                                   37.1          2.6      37.1
   1  12   6  12   2            16.7         16.7          18.8           2.1          2.6          6.01         8.06                       26.9  21  13                27.0               10.1                                   37.1          2.6      37.1
   1  12   6  12   3            16.7         16.7          18.3           1.7          2.6          6.01         7.74                       26.0  21  13                27.0               10.1                                   37.1          2.6      37.1
   1  12   6  12   4            16.7         16.7          17.8           1.4          2.6          6.01         7.40                       25.2  21  13                27.0               10.1                                   37.1          2.6      37.1
   1  12   6  12   5            16.7         16.7          17.2           1.0          2.6          6.01         7.00                       24.2  21  13                27.0               10.1                                   37.1          2.6      37.1
   1  12   6  12   6            16.7         16.7          16.7           0.5          2.6          6.02         6.50                       23.2  21  13                27.0               10.1                                   37.1          2.6      37.1
   1  12   6  12   7            16.7         16.7          17.3           1.0          2.6          6.04         7.03                       24.3  21  13                27.0               10.1                                   37.1          2.6      37.1
   1  12   6  12   8            16.7         16.7          17.9           1.4          2.6          6.06         7.44                       25.3  21  13                27.0               10.1                                   37.1          2.6      37.1
   1  12   6  12   9            16.7         16.7          18.5           1.7          2.6          6.08         7.81                       26.3  21  13                27.0               10.1                                   37.1          2.6      37.1
   1  12   6  12  10            16.7         16.7          19.1           2.1          2.6          6.10         8.16                       27.2  21  13                27.0               10.1                                   37.1          2.6      37.1
   1  12   6  12  11            16.7         16.7          19.7           2.3          2.6          6.13         8.47                       28.2  21  13                27.0               10.1                                   37.1          2.6      37.1
   1  12   6  12  12            16.7         16.7          20.3           2.5          2.6          6.17         8.67                       29.0  21  13                27.0               10.1                                   37.1          2.6      37.1
   1  12   6  12  13            16.7         16.7          21.0           2.6          2.6          6.20         8.83                       29.8  21  13                27.0               10.1                                   37.1          2.6      37.1
   1  12   6  13   1            16.7         16.7          19.8           2.3          2.6          6.16         8.51                       28.4  21  13                27.0               10.1                                   37.1          2.6      37.1
   1  12   6  13   2            16.7         16.7          19.3           2.1          2.6          6.16         8.21                       27.5  21  13                27.0               10.1                                   37.1          2.6      37.1
   1  12   6  13   3            16.7         16.7          18.8           1.7          2.6          6.16         7.89                       26.7  21  13                27.0               10.1                                   37.1          2.6      37.1
   1  12   6  13   4            16.7         16.7          18.3           1.4          2.6          6.16         7.55                       25.8  21  13                27.0               10.1                                   37.1          2.6      37.1
   1  12   6  13   5            16.7         16.7          17.9           1.0          2.6          6.16         7.15                       25.0  21  13                27.0               10.1                                   37.1          2.6      37.1
   1  12   6  13   6            16.7         16.7          17.7           1.0          2.6          6.17         7.16                       24.8  21  13                27.0               10.1                                   37.1          2.6      37.1
   1  12   6  13   7            16.7         16.7          17.9           1.0          2.6          6.19         7.18                       25.1  21  13                27.0               10.1                                   37.1          2.6      37.1
   1  12   6  13   8            16.7         16.7          18.4           1.4          2.6          6.21         7.59                       26.0  21  13                27.0               10.1                                   37.1          2.6      37.1
   1  12   6  13   9            16.7         16.7          19.0           1.7          2.6          6.23         7.96                       26.9  21  13                27.0               10.1                                   37.1          2.6      37.1
   1  12   6  13  10            16.7         16.7          19.6           2.1          2.6          6.25         8.31                       27.9  21  13                27.0               10.1                                   37.1          2.6      37.1
   1  12   6  13  11            16.7         16.7          20.2           2.3          2.6          6.28         8.62                       28.8  21  13                27.0               10.1                                   37.1          2.6      37.1
   1  12   6  13  12            16.7         16.7          20.8           2.5          2.6          6.31         8.82                       29.6  21  13                27.0               10.1                                   37.1          2.6      37.1
   1  12   6  13  13            16.7         16.7          21.4           2.6          2.6          6.35         8.98                       30.4  21  13                27.0               10.1                                   37.1          2.6      37.1
   1  12   6  14   1            16.7         16.7          20.4           2.3          2.6          6.31         8.66                       29.1  21  13                27.0               10.1                                   37.1          2.6      37.1
   1  12   6  14   2            16.7         16.7          19.9           2.1          2.6          6.31         8.36                       28.3  21  13                27.0               10.1                                   37.1          2.6      37.1
   1  12   6  14   3            16.7         16.7          19.4           1.7          2.6          6.31         8.04                       27.5  21  13                27.0               10.1                                   37.1          2.6      37.1
   1  12   6  14   4            16.7         16.7          19.0           1.4          2.6          6.31         7.70                       26.7  21  13                27.0               10.1                                   37.1          2.6      37.1
   1  12   6  14   5            16.7         16.7          18.7           1.4          2.6          6.32         7.70                       26.4  21  13                27.0               10.1                                   37.1          2.6      37.1
   1  12   6  14   6            16.7         16.7          18.6           1.4          2.6          6.32         7.71                       26.3  21  13                27.0               10.1                                   37.1          2.6      37.1
   1  12   6  14   7            16.7         16.7          18.8           1.4          2.6          6.34         7.73                       26.5  21  13                27.0               10.1                                   37.1          2.6      37.1
   1  12   6  14   8            16.7         16.7          19.2           1.4          2.6          6.35         7.74                       26.9  21  13                27.0               10.1                                   37.1          2.6      37.1
   1  12   6  14   9            16.7         16.7          19.6           1.7          2.6          6.38         8.11                       27.7  21  13                27.0               10.1                                   37.1          2.6      37.1
   1  12   6  14  10            16.7         16.7          20.2           2.1          2.6          6.40         8.45                       28.6  21  13                27.0               10.1                                   37.1          2.6      37.1
   1  12   6  14  11            16.7         16.7          20.7           2.3          2.6          6.43         8.77                       29.5  21  13                27.0               10.1                                   37.1          2.6      37.1
   1  12   6  14  12            16.7         16.7          21.3           2.5          2.6          6.46         8.96                       30.3  21  13                27.0               10.1                                   37.1          2.6      37.1
   1  12   6  14  13            16.7         16.7          21.9           2.6          2.6          6.49         9.12                       31.0  21  13                27.0               10.1                                   37.1          2.6      37.1
   1  12   6  15   1            16.7         16.7          21.1           2.3          2.6          6.47         8.81                       29.9  21  13                27.0               10.1                                   37.1          2.6      37.1
   1  12   6  15   2            16.7         16.7          20.6           2.1          2.6          6.46         8.51                       29.1  21  13                27.0               10.1                                   37.1          2.6      37.1
   1  12   6  15   3            16.7         16.7          20.2           1.7          2.6          6.46         8.20                       28.4  21  13                27.0               10.1                                   37.1          2.6      37.1
   1  12   6  15   4            16.7         16.7          19.9           1.7          2.6          6.46         8.20                       28.1  21  13                27.0               10.1                                   37.1          2.6      37.1
   1  12   6  15   5            16.7         16.7          19.6           1.7          2.6          6.47         8.20                       27.8  21  13                27.0               10.1                                   37.1          2.6      37.1
   1  12   6  15   6            16.7         16.7          19.6           1.7          2.6          6.47         8.21                       27.8  21  13                27.0               10.1                                   37.1          2.6      37.1
   1  12   6  15   7            16.7         16.7          19.7           1.7          2.6          6.49         8.22                       27.9  21  13                27.0               10.1                                   37.1          2.6      37.1
   1  12   6  15   8            16.7         16.7          20.0           1.7          2.6          6.50         8.24                       28.2  21  13                27.0               10.1                                   37.1          2.6      37.1
   1  12   6  15   9            16.7         16.7          20.4           1.7          2.6          6.52         8.26                       28.6  21  13                27.0               10.1                                   37.1          2.6      37.1
   1  12   6  15  10            16.7         16.7          20.9           2.1          2.6          6.55         8.60                       29.5  21  13                27.0               10.1                                   37.1          2.6      37.1
   1  12   6  15  11            16.7         16.7          21.4           2.3          2.6          6.58         8.92                       30.3  21  13                27.0               10.1                                   37.1          2.6      37.1
   1  12   6  15  12            16.7         16.7          21.9           2.5          2.6          6.61         9.11                       31.0  21  13                27.0               10.1                                   37.1          2.6      37.1
   1  12   6  15  13            16.7         16.7          22.5           2.6          2.6          6.64         9.27                       31.8  21  13                27.0               10.1                                   37.1          2.6      37.1
   1  12   6  16   1            16.7         16.7          21.8           2.3          2.6          6.62         8.96                       30.7  21  13                27.0               10.1                                   37.1          2.6      37.1
   1  12   6  16   2            16.7         16.7          21.4           2.1          2.6          6.61         8.66                       30.0  21  13                27.0               10.1                                   37.1          2.6      37.1
   1  12   6  16   3            16.7         16.7          21.0           2.1          2.6          6.61         8.66                       29.7  21  13                27.0               10.1                                   37.1          2.6      37.1
   1  12   6  16   4            16.7         16.7          20.7           2.1          2.6          6.61         8.66                       29.4  21  13                27.0               10.1                                   37.1          2.6      37.1
   1  12   6  16   5            16.7         16.7          20.6           2.1          2.6          6.62         8.67                       29.2  21  13                27.0               10.1                                   37.1          2.6      37.1
   1  12   6  16   6            16.7         16.7          20.5           2.1          2.6          6.63         8.68                       29.2  21  13                27.0               10.1                                   37.1          2.6      37.1
   1  12   6  16   7            16.7         16.7          20.6           2.1          2.6          6.64         8.69                       29.3  21  13                27.0               10.1                                   37.1          2.6      37.1
   1  12   6  16   8            16.7         16.7          20.9           2.1          2.6          6.65         8.71                       29.6  21  13                27.0               10.1                                   37.1          2.6      37.1
   1  12   6  16   9            16.7         16.7          21.2           2.1          2.6          6.67         8.73                       29.9  21  13                27.0               10.1                                   37.1          2.6      37.1
   1  12   6  16  10            16.7         16.7          21.6           2.1          2.6          6.70         8.75                       30.4  21  13                27.0               10.1                                   37.1          2.6      37.1
   1  12   6  16  11            16.7         16.7          22.1           2.3          2.6          6.72         9.06                       31.1  21  13                27.0               10.1                                   37.1          2.6      37.1
   1  12   6  16  12            16.7         16.7          22.6           2.5          2.6          6.75         9.26                       31.9  21  13                27.0               10.1                                   37.1          2.6      37.1
   1  12   6  16  13            16.7         16.7          23.1           2.6          2.6          6.79         9.42                       32.6  21  13                27.0               10.1                                   37.1          2.6      37.1
   1  12   6  17   1            16.7         16.7          22.6           2.3          2.6          6.77         9.11                       31.7  21  13                27.0               10.1                                   37.1          2.6      37.1
   1  12   6  17   2            16.7         16.7          22.2           2.3          2.6          6.76         9.10                       31.3  21  13                27.0               10.1                                   37.1          2.6      37.1
   1  12   6  17   3            16.7         16.7          21.9           2.3          2.6          6.76         9.10                       31.0  21  13                27.0               10.1                                   37.1          2.6      37.1
   1  12   6  17   4            16.7         16.7          21.6           2.3          2.6          6.76         9.10                       30.7  21  13                27.0               10.1                                   37.1          2.6      37.1
   1  12   6  17   5            16.7         16.7          21.5           2.3          2.6          6.77         9.11                       30.6  21  13                27.0               10.1                                   37.1          2.6      37.1
   1  12   6  17   6            16.7         16.7          21.5           2.3          2.6          6.78         9.12                       30.6  21  13                27.0               10.1                                   37.1          2.6      37.1
   1  12   6  17   7            16.7         16.7          21.6           2.3          2.6          6.79         9.13                       30.7  21  13                27.0               10.1                                   37.1          2.6      37.1
   1  12   6  17   8            16.7         16.7          21.8           2.3          2.6          6.80         9.14                       30.9  21  13                27.0               10.1                                   37.1          2.6      37.1
   1  12   6  17   9            16.7         16.7          22.0           2.3          2.6          6.82         9.16                       31.2  21  13                27.0               10.1                                   37.1          2.6      37.1
   1  12   6  17  10            16.7         16.7          22.4           2.3          2.6          6.85         9.19                       31.6  21  13                27.0               10.1                                   37.1          2.6      37.1
   1  12   6  17  11            16.7         16.7          22.8           2.3          2.6          6.87         9.21                       32.1  21  13                27.0               10.1                                   37.1          2.6      37.1
   1  12   6  17  12            16.7         16.7          23.3           2.5          2.6          6.90         9.41                       32.7  21  13                27.0               10.1                                   37.1          2.6      37.1
   1  12   6  17  13            16.7         16.7          23.8           2.6          2.6          6.93         9.56                       33.4  21  13                27.0               10.1                                   37.1          2.6      37.1
   1  12   6  18   1            16.7         16.7          23.4           2.5          2.6          6.92         9.42                       32.8  21  13                27.0               10.1                                   37.1          2.6      37.1
   1  12   6  18   2            16.7         16.7          23.0           2.5          2.6          6.91         9.42                       32.4  21  13                27.0               10.1                                   37.1          2.6      37.1
   1  12   6  18   3            16.7         16.7          22.8           2.5          2.6          6.91         9.42                       32.2  21  13                27.0               10.1                                   37.1          2.6      37.1
   1  12   6  18   4            16.7         16.7          22.5           2.5          2.6          6.91         9.42                       32.0  21  13                27.0               10.1                                   37.1          2.6      37.1
   1  12   6  18   5            16.7         16.7          22.4           2.5          2.6          6.92         9.42                       31.9  21  13                27.0               10.1                                   37.1          2.6      37.1
   1  12   6  18   6            16.7         16.7          22.4           2.5          2.6          6.93         9.43                       31.8  21  13                27.0               10.1                                   37.1          2.6      37.1
   1  12   6  18   7            16.7         16.7          22.5           2.5          2.6          6.94         9.44                       31.9  21  13                27.0               10.1                                   37.1          2.6      37.1
   1  12   6  18   8            16.7         16.7          22.7           2.5          2.6          6.95         9.46                       32.1  21  13                27.0               10.1                                   37.1          2.6      37.1
   1  12   6  18   9            16.7         16.7          22.9           2.5          2.6          6.97         9.48                       32.4  21  13                27.0               10.1                                   37.1          2.6      37.1
   1  12   6  18  10            16.7         16.7          23.3           2.5          2.6          6.99         9.50                       32.8  21  13                27.0               10.1                                   37.1          2.6      37.1
   1  12   6  18  11            16.7         16.7          23.6           2.5          2.6          7.02         9.53                       33.2  21  13                27.0               10.1                                   37.1          2.6      37.1
   1  12   6  18  12            16.7         16.7          24.1           2.5          2.6          7.05         9.55                       33.6  21  13                27.0               10.1                                   37.1          2.6      37.1
   1  12   6  18  13            16.7         16.7          24.6           2.6          2.6          7.08         9.71                       34.3  21  13                27.0               10.1                                   37.1          2.6      37.1
   1  12   6  19   1            16.7         16.7          24.2           2.6          2.6          7.07         9.70                       33.9  21  13                27.0               10.1                                   37.1          2.6      37.1
   1  12   6  19   2            16.7         16.7          23.9           2.6          2.6          7.06         9.69                       33.6  21  13                27.0               10.1                                   37.1          2.6      37.1
   1  12   6  19   3            16.7         16.7          23.6           2.6          2.6          7.06         9.69                       33.3  21  13                27.0               10.1                                   37.1          2.6      37.1
   1  12   6  19   4            16.7         16.7          23.5           2.6          2.6          7.06         9.69                       33.2  21  13                27.0               10.1                                   37.1          2.6      37.1
   1  12   6  19   5            16.7         16.7          23.4           2.6          2.6          7.07         9.70                       33.1  21  13                27.0               10.1                                   37.1          2.6      37.1
   1  12   6  19   6            16.7         16.7          23.4           2.6          2.6          7.08         9.71                       33.1  21  13                27.0               10.1                                   37.1          2.6      37.1
   1  12   6  19   7            16.7         16.7          23.4           2.6          2.6          7.09         9.72                       33.1  21  13                27.0               10.1                                   37.1          2.6      37.1
   1  12   6  19   8            16.7         16.7          23.6           2.6          2.6          7.10         9.73                       33.3  21  13                27.0               10.1                                   37.1          2.6      37.1
   1  12   6  19   9            16.7         16.7          23.8           2.6          2.6          7.12         9.75                       33.6  21  13                27.0               10.1                                   37.1          2.6      37.1
   1  12   6  19  10            16.7         16.7          24.1           2.6          2.6          7.14         9.77                       33.9  21  13                27.0               10.1                                   37.1          2.6      37.1
   1  12   6  19  11            16.7         16.7          24.5           2.6          2.6          7.17         9.80                       34.3  21  13                27.0               10.1                                   37.1          2.6      37.1
   1  12   6  19  12            16.7         16.7          24.9           2.6          2.6          7.20         9.83                       34.7  21  13                27.0               10.1                                   37.1          2.6      37.1
   1  12   6  19  13            16.7         16.7          25.3           2.6          2.6          7.23         9.86                       35.2  21  13                27.0               10.1                                   37.1          2.6      37.1
   1  12   6  20   1            16.7         16.7          25.1           2.6          2.6          7.22         9.86                       34.9  21  13                27.0               10.1                                   37.1          2.6      37.1
   1  12   6  20   2            16.7         16.7          24.8           2.6          2.6          7.21         9.85                       34.6  21  13                27.0               10.1                                   37.1          2.6      37.1
   1  12   6  20   3            16.7         16.7          24.6           2.6          2.6          7.21         9.85                       34.4  21  13                27.0               10.1                                   37.1          2.6      37.1
   1  12   6  20   4            16.7         16.7          24.4           2.6          2.6          7.21         9.85                       34.3  21  13                27.0               10.1                                   37.1          2.6      37.1
   1  12   6  20   5            16.7         16.7          24.3           2.6          2.6          7.22         9.86                       34.2  21  13                27.0               10.1                                   37.1          2.6      37.1
   1  12   6  20   6            16.7         16.7          24.3           2.6          2.6          7.23         9.87                       34.2  21  13                27.0               10.1                                   37.1          2.6      37.1
   1  12   6  20   7            16.7         16.7          24.4           2.6          2.6          7.24         9.88                       34.3  21  13                27.0               10.1                                   37.1          2.6      37.1
   1  12   6  20   8            16.7         16.7          24.5           2.6          2.6          7.25         9.89                       34.4  21  13                27.0               10.1                                   37.1          2.6      37.1
   1  12   6  20   9            16.7         16.7          24.7           2.6          2.6          7.27         9.91                       34.6  21  13                27.0               10.1                                   37.1          2.6      37.1
   1  12   6  20  10            16.7         16.7          25.0           2.6          2.6          7.29         9.93                       34.9  21  13                27.0               10.1                                   37.1          2.6      37.1
   1  12   6  20  11            16.7         16.7          25.3           2.6          2.6          7.32         9.96                       35.3  21  13                27.0               10.1                                   37.1          2.6      37.1
   1  12   6  20  12            16.7         16.7          25.7           2.6          2.6          7.34         9.98                       35.7  21  13                27.0               10.1                                   37.1          2.6      37.1
   1  12   6  20  13            16.7         16.7          26.1           2.6          2.6          7.38        10.02                       36.2  21  13                27.0               10.1                                   37.1          2.6      37.1
   1  12   6  21   1            16.7         16.7          25.9           2.6          2.6          7.37         9.98                       35.9  21  13                27.0               10.1                                   37.1          2.6      37.1
   1  12   6  21   2            16.7         16.7          25.7           2.6          2.6          7.36         9.97                       35.6  21  13                27.0               10.1                                   37.1          2.6      37.1
   1  12   6  21   3            16.7         16.7          25.5           2.6          2.6          7.36         9.97                       35.4  21  13                27.0               10.1                                   37.1          2.6      37.1
   1  12   6  21   4            16.7         16.7          25.3           2.6          2.6          7.36         9.97                       35.3  21  13                27.0               10.1                                   37.1          2.6      37.1
   1  12   6  21   5            16.7         16.7          25.3           2.6          2.6          7.37         9.98                       35.2  21  13                27.0               10.1                                   37.1          2.6      37.1
   1  12   6  21   6            16.7         16.7          25.3           2.6          2.6          7.38         9.99                       35.2  21  13                27.0               10.1                                   37.1          2.6      37.1
   1  12   6  21   7            16.7         16.7          25.3           2.6          2.6          7.39        10.00                       35.3  21  13                27.0               10.1                                   37.1          2.6      37.1
   1  12   6  21   8            16.7         16.7          25.4           2.6          2.6          7.40        10.01                       35.5  21  13                27.0               10.1                                   37.1          2.6      37.1
   1  12   6  21   9            16.7         16.7          25.6           2.6          2.6          7.42        10.03                       35.7  21  13                27.0               10.1                                   37.1          2.6      37.1
   1  12   6  21  10            16.7         16.7          25.9           2.6          2.6          7.44        10.05                       35.9  21  13                27.0               10.1                                   37.1          2.6      37.1
   1  12   6  21  11            16.7         16.7          26.2           2.6          2.6          7.47        10.07                       36.3  21  13                27.0               10.1                                   37.1          2.6      37.1
   1  12   6  21  12            16.7         16.7          26.6           2.6          2.6          7.49        10.10                       36.7  21  13                27.0               10.1                                   37.1          2.6      37.1
   1  12   6  21  13            16.7         16.7          27.0           2.6          2.6          7.52        10.13                       37.1  21  13                27.0               10.1                                   37.1          2.6      37.1
