  isite ihyp  i0  j0   i   j nsubs Diff_T_arrive NoOfEffectiveSubfaults NumberOfActiveSubs     f0main 1stElmntF0         f0        hij iflagscalefactor   1/f0main    1/1stF0       1/f0 riset_orig    dur_sub subFaultM0  Tot/subM0
      1    1  12   6   1   1   273     1.813E+00                      5                117  3.247E-01  2.107E+00  4.307E-01  9.576E+00                2  3.079E+00  4.747E-01  2.322E+00  2.999E-01  6.694E+00  0.000E+00  Infinity 
      1    1  12   6   1   2   273     1.587E+00                      5                117  3.247E-01  2.107E+00  4.307E-01  9.576E+00                2  3.079E+00  4.747E-01  2.322E+00  2.999E-01  6.686E+00  0.000E+00  Infinity 
      1    1  12   6   1   3   273     1.416E+00                      5                117  3.247E-01  2.107E+00  4.307E-01  9.576E+00                2  3.079E+00  4.747E-01  2.322E+00  2.999E-01  6.683E+00  0.000E+00  Infinity 
      1    1  12   6   1   4   273     1.305E+00                      5                117  3.247E-01  2.107E+00  4.307E-01  9.576E+00                2  3.079E+00  4.747E-01  2.322E+00  2.999E-01  6.686E+00  0.000E+00  Infinity 
      1    1  12   6   1   5   273     1.255E+00                      5                117  3.247E-01  2.107E+00  4.307E-01  9.576E+00                2  3.079E+00  4.747E-01  2.322E+00  2.999E-01  6.694E+00  8.913E+21  1.259E+03
      1    1  12   6   1   6   273     1.269E+00                      5                117  3.247E-01  2.107E+00  4.307E-01  9.576E+00                2  3.079E+00  4.747E-01  2.322E+00  2.999E-01  6.708E+00  1.433E+22  7.830E+02
      1    1  12   6   1   7   273     1.346E+00                      5                117  3.247E-01  2.107E+00  4.307E-01  9.576E+00                2  3.079E+00  4.747E-01  2.322E+00  2.999E-01  6.727E+00  7.373E+21  1.522E+03
      1    1  12   6   1   8   273     1.486E+00                      5                117  3.247E-01  2.107E+00  4.307E-01  9.576E+00                2  3.079E+00  4.747E-01  2.322E+00  2.999E-01  6.751E+00  0.000E+00  Infinity 
      1    1  12   6   1   9   273     1.688E+00                      5                117  3.247E-01  2.107E+00  4.307E-01  9.576E+00                2  3.079E+00  4.747E-01  2.322E+00  2.999E-01  6.781E+00  0.000E+00  Infinity 
      1    1  12   6   1  10   273     1.947E+00                      5                117  3.247E-01  2.107E+00  4.307E-01  9.576E+00                2  3.079E+00  4.747E-01  2.322E+00  2.999E-01  6.815E+00  0.000E+00  Infinity 
      1    1  12   6   1  11   273     2.260E+00                      5                117  3.247E-01  2.107E+00  4.307E-01  9.576E+00                2  3.079E+00  4.747E-01  2.322E+00  2.999E-01  6.855E+00  0.000E+00  Infinity 
      1    1  12   6   1  12   273     2.624E+00                      5                117  3.247E-01  2.107E+00  4.307E-01  9.576E+00                2  3.079E+00  4.747E-01  2.322E+00  2.999E-01  6.899E+00  0.000E+00  Infinity 
      1    1  12   6   1  13   273     3.034E+00                      5                117  3.247E-01  2.107E+00  4.307E-01  9.576E+00                2  3.079E+00  4.747E-01  2.322E+00  2.999E-01  6.948E+00  0.000E+00  Infinity 
      1    1  12   6   2   1   273     1.748E+00                      5                139  3.247E-01  2.107E+00  4.067E-01  1.069E+01                2  3.079E+00  4.747E-01  2.459E+00  2.999E-01  6.979E+00  0.000E+00  Infinity 
      1    1  12   6   2   2   273     1.506E+00                      5                139  3.247E-01  2.107E+00  4.067E-01  1.069E+01                2  3.079E+00  4.747E-01  2.459E+00  2.999E-01  6.971E+00  0.000E+00  Infinity 
      1    1  12   6   2   3   273     1.321E+00                      5                139  3.247E-01  2.107E+00  4.067E-01  1.069E+01                2  3.079E+00  4.747E-01  2.459E+00  2.999E-01  6.969E+00  0.000E+00  Infinity 
      1    1  12   6   2   4   273     1.198E+00                      5                139  3.247E-01  2.107E+00  4.067E-01  1.069E+01                2  3.079E+00  4.747E-01  2.459E+00  2.999E-01  6.972E+00  2.512E+22  4.467E+02
      1    1  12   6   2   5   273     1.141E+00                      5                139  3.247E-01  2.107E+00  4.067E-01  1.069E+01                2  3.079E+00  4.747E-01  2.459E+00  2.999E-01  6.980E+00  5.698E+22  1.969E+02
      1    1  12   6   2   6   273     1.150E+00                      5                139  3.247E-01  2.107E+00  4.067E-01  1.069E+01                2  3.079E+00  4.747E-01  2.459E+00  2.999E-01  6.993E+00  6.514E+22  1.723E+02
      1    1  12   6   2   7   273     1.228E+00                      5                139  3.247E-01  2.107E+00  4.067E-01  1.069E+01                2  3.079E+00  4.747E-01  2.459E+00  2.999E-01  7.011E+00  4.390E+22  2.556E+02
      1    1  12   6   2   8   273     1.374E+00                      5                139  3.247E-01  2.107E+00  4.067E-01  1.069E+01                2  3.079E+00  4.747E-01  2.459E+00  2.999E-01  7.035E+00  1.501E+22  7.477E+02
      1    1  12   6   2   9   273     1.583E+00                      5                139  3.247E-01  2.107E+00  4.067E-01  1.069E+01                2  3.079E+00  4.747E-01  2.459E+00  2.999E-01  7.063E+00  0.000E+00  Infinity 
      1    1  12   6   2  10   273     1.854E+00                      5                139  3.247E-01  2.107E+00  4.067E-01  1.069E+01                2  3.079E+00  4.747E-01  2.459E+00  2.999E-01  7.097E+00  0.000E+00  Infinity 
      1    1  12   6   2  11   273     2.181E+00                      5                139  3.247E-01  2.107E+00  4.067E-01  1.069E+01                2  3.079E+00  4.747E-01  2.459E+00  2.999E-01  7.135E+00  0.000E+00  Infinity 
      1    1  12   6   2  12   273     2.560E+00                      5                139  3.247E-01  2.107E+00  4.067E-01  1.069E+01                2  3.079E+00  4.747E-01  2.459E+00  2.999E-01  7.178E+00  0.000E+00  Infinity 
      1    1  12   6   2  13   273     2.985E+00                      5                139  3.247E-01  2.107E+00  4.067E-01  1.069E+01                2  3.079E+00  4.747E-01  2.459E+00  2.999E-01  7.226E+00  0.000E+00  Infinity 
      1    1  12   6   3   1   273     1.693E+00                      5                166  3.247E-01  2.107E+00  3.833E-01  1.199E+01                2  3.079E+00  4.747E-01  2.609E+00  2.999E-01  7.277E+00  0.000E+00  Infinity 
      1    1  12   6   3   2   273     1.432E+00                      5                166  3.247E-01  2.107E+00  3.833E-01  1.199E+01                2  3.079E+00  4.747E-01  2.609E+00  2.999E-01  7.270E+00  0.000E+00  Infinity 
      1    1  12   6   3   3   273     1.230E+00                      5                166  3.247E-01  2.107E+00  3.833E-01  1.199E+01                2  3.079E+00  4.747E-01  2.609E+00  2.999E-01  7.268E+00  7.669E+21  1.463E+03
      1    1  12   6   3   4   273     1.094E+00                      5                166  3.247E-01  2.107E+00  3.833E-01  1.199E+01                2  3.079E+00  4.747E-01  2.609E+00  2.999E-01  7.270E+00  6.369E+22  1.762E+02
      1    1  12   6   3   5   273     1.027E+00                      5                166  3.247E-01  2.107E+00  3.833E-01  1.199E+01                2  3.079E+00  4.747E-01  2.609E+00  2.999E-01  7.278E+00  1.219E+23  9.207E+01
      1    1  12   6   3   6   273     1.033E+00                      5                166  3.247E-01  2.107E+00  3.833E-01  1.199E+01                2  3.079E+00  4.747E-01  2.609E+00  2.999E-01  7.291E+00  1.320E+23  8.503E+01
      1    1  12   6   3   7   273     1.112E+00                      5                166  3.247E-01  2.107E+00  3.833E-01  1.199E+01                2  3.079E+00  4.747E-01  2.609E+00  2.999E-01  7.309E+00  9.123E+22  1.230E+02
      1    1  12   6   3   8   273     1.264E+00                      5                166  3.247E-01  2.107E+00  3.833E-01  1.199E+01                2  3.079E+00  4.747E-01  2.609E+00  2.999E-01  7.332E+00  3.607E+22  3.111E+02
      1    1  12   6   3   9   273     1.485E+00                      5                166  3.247E-01  2.107E+00  3.833E-01  1.199E+01                2  3.079E+00  4.747E-01  2.609E+00  2.999E-01  7.359E+00  3.160E+21  3.551E+03
      1    1  12   6   3  10   273     1.770E+00                      5                166  3.247E-01  2.107E+00  3.833E-01  1.199E+01                2  3.079E+00  4.747E-01  2.609E+00  2.999E-01  7.392E+00  0.000E+00  Infinity 
      1    1  12   6   3  11   273     2.113E+00                      5                166  3.247E-01  2.107E+00  3.833E-01  1.199E+01                2  3.079E+00  4.747E-01  2.609E+00  2.999E-01  7.429E+00  0.000E+00  Infinity 
      1    1  12   6   3  12   273     2.510E+00                      5                166  3.247E-01  2.107E+00  3.833E-01  1.199E+01                2  3.079E+00  4.747E-01  2.609E+00  2.999E-01  7.470E+00  0.000E+00  Infinity 
      1    1  12   6   3  13   273     2.952E+00                      5                166  3.247E-01  2.107E+00  3.833E-01  1.199E+01                2  3.079E+00  4.747E-01  2.609E+00  2.999E-01  7.517E+00  0.000E+00  Infinity 
      1    1  12   6   4   1   273     1.652E+00                      5                172  3.247E-01  2.107E+00  3.788E-01  1.226E+01                2  3.079E+00  4.747E-01  2.640E+00  2.999E-01  7.457E+00  0.000E+00  Infinity 
      1    1  12   6   4   2   273     1.368E+00                      5                172  3.247E-01  2.107E+00  3.788E-01  1.226E+01                2  3.079E+00  4.747E-01  2.640E+00  2.999E-01  7.450E+00  0.000E+00  Infinity 
      1    1  12   6   4   3   273     1.146E+00                      5                172  3.247E-01  2.107E+00  3.788E-01  1.226E+01                2  3.079E+00  4.747E-01  2.640E+00  2.999E-01  7.448E+00  4.880E+21  2.299E+03
      1    1  12   6   4   4   273     9.930E-01                      5                172  3.247E-01  2.107E+00  3.788E-01  1.226E+01                2  3.079E+00  4.747E-01  2.640E+00  2.999E-01  7.450E+00  7.935E+22  1.414E+02
      1    1  12   6   4   5   273     9.148E-01                      5                172  3.247E-01  2.107E+00  3.788E-01  1.226E+01                2  3.079E+00  4.747E-01  2.640E+00  2.999E-01  7.458E+00  1.580E+23  7.103E+01
      1    1  12   6   4   6   273     9.157E-01                      5                172  3.247E-01  2.107E+00  3.788E-01  1.226E+01                2  3.079E+00  4.747E-01  2.640E+00  2.999E-01  7.470E+00  1.707E+23  6.574E+01
      1    1  12   6   4   7   273     9.973E-01                      5                172  3.247E-01  2.107E+00  3.788E-01  1.226E+01                2  3.079E+00  4.747E-01  2.640E+00  2.999E-01  7.488E+00  1.159E+23  9.683E+01
      1    1  12   6   4   8   273     1.158E+00                      5                172  3.247E-01  2.107E+00  3.788E-01  1.226E+01                2  3.079E+00  4.747E-01  2.640E+00  2.999E-01  7.510E+00  4.396E+22  2.553E+02
      1    1  12   6   4   9   273     1.393E+00                      5                172  3.247E-01  2.107E+00  3.788E-01  1.226E+01                2  3.079E+00  4.747E-01  2.640E+00  2.999E-01  7.537E+00  3.218E+21  3.486E+03
      1    1  12   6   4  10   273     1.696E+00                      5                172  3.247E-01  2.107E+00  3.788E-01  1.226E+01                2  3.079E+00  4.747E-01  2.640E+00  2.999E-01  7.568E+00  0.000E+00  Infinity 
      1    1  12   6   4  11   273     2.059E+00                      5                172  3.247E-01  2.107E+00  3.788E-01  1.226E+01                2  3.079E+00  4.747E-01  2.640E+00  2.999E-01  7.604E+00  0.000E+00  Infinity 
      1    1  12   6   4  12   273     2.476E+00                      5                172  3.247E-01  2.107E+00  3.788E-01  1.226E+01                2  3.079E+00  4.747E-01  2.640E+00  2.999E-01  7.645E+00  0.000E+00  Infinity 
      1    1  12   6   4  13   273     2.939E+00                      5                172  3.247E-01  2.107E+00  3.788E-01  1.226E+01                2  3.079E+00  4.747E-01  2.640E+00  2.999E-01  7.689E+00  0.000E+00  Infinity 
      1    1  12   6   5   1   273     1.627E+00                      5                170  3.247E-01  2.107E+00  3.803E-01  1.217E+01                2  3.079E+00  4.747E-01  2.630E+00  2.999E-01  7.596E+00  0.000E+00  Infinity 
      1    1  12   6   5   2   273     1.317E+00                      5                170  3.247E-01  2.107E+00  3.803E-01  1.217E+01                2  3.079E+00  4.747E-01  2.630E+00  2.999E-01  7.589E+00  0.000E+00  Infinity 
      1    1  12   6   5   3   273     1.070E+00                      5                170  3.247E-01  2.107E+00  3.803E-01  1.217E+01                2  3.079E+00  4.747E-01  2.630E+00  2.999E-01  7.587E+00  0.000E+00  Infinity 
      1    1  12   6   5   4   273     8.967E-01                      5                170  3.247E-01  2.107E+00  3.803E-01  1.217E+01                2  3.079E+00  4.747E-01  2.630E+00  2.999E-01  7.589E+00  6.072E+22  1.848E+02
      1    1  12   6   5   5   273     8.043E-01                      5                170  3.247E-01  2.107E+00  3.803E-01  1.217E+01                2  3.079E+00  4.747E-01  2.630E+00  2.999E-01  7.597E+00  1.447E+23  7.753E+01
      1    1  12   6   5   6   273     7.994E-01                      5                170  3.247E-01  2.107E+00  3.803E-01  1.217E+01                2  3.079E+00  4.747E-01  2.630E+00  2.999E-01  7.609E+00  1.613E+23  6.956E+01
      1    1  12   6   5   7   273     8.843E-01                      5                170  3.247E-01  2.107E+00  3.803E-01  1.217E+01                2  3.079E+00  4.747E-01  2.630E+00  2.999E-01  7.625E+00  1.035E+23  1.084E+02
      1    1  12   6   5   8   273     1.056E+00                      5                170  3.247E-01  2.107E+00  3.803E-01  1.217E+01                2  3.079E+00  4.747E-01  2.630E+00  2.999E-01  7.647E+00  3.170E+22  3.540E+02
      1    1  12   6   5   9   273     1.310E+00                      5                170  3.247E-01  2.107E+00  3.803E-01  1.217E+01                2  3.079E+00  4.747E-01  2.630E+00  2.999E-01  7.673E+00  0.000E+00  Infinity 
      1    1  12   6   5  10   273     1.635E+00                      5                170  3.247E-01  2.107E+00  3.803E-01  1.217E+01                2  3.079E+00  4.747E-01  2.630E+00  2.999E-01  7.703E+00  0.000E+00  Infinity 
      1    1  12   6   5  11   273     2.023E+00                      5                170  3.247E-01  2.107E+00  3.803E-01  1.217E+01                2  3.079E+00  4.747E-01  2.630E+00  2.999E-01  7.738E+00  0.000E+00  Infinity 
      1    1  12   6   5  12   273     2.464E+00                      5                170  3.247E-01  2.107E+00  3.803E-01  1.217E+01                2  3.079E+00  4.747E-01  2.630E+00  2.999E-01  7.778E+00  0.000E+00  Infinity 
      1    1  12   6   5  13   273     2.950E+00                      5                170  3.247E-01  2.107E+00  3.803E-01  1.217E+01                2  3.079E+00  4.747E-01  2.630E+00  2.999E-01  7.821E+00  0.000E+00  Infinity 
      1    1  12   6   6   1   273     1.624E+00                      5                147  3.247E-01  2.107E+00  3.992E-01  1.109E+01                2  3.079E+00  4.747E-01  2.505E+00  2.999E-01  7.621E+00  0.000E+00  Infinity 
      1    1  12   6   6   2   273     1.283E+00                      5                147  3.247E-01  2.107E+00  3.992E-01  1.109E+01                2  3.079E+00  4.747E-01  2.505E+00  2.999E-01  7.614E+00  0.000E+00  Infinity 
      1    1  12   6   6   3   273     1.006E+00                      5                147  3.247E-01  2.107E+00  3.992E-01  1.109E+01                2  3.079E+00  4.747E-01  2.505E+00  2.999E-01  7.612E+00  0.000E+00  Infinity 
      1    1  12   6   6   4   273     8.065E-01                      5                147  3.247E-01  2.107E+00  3.992E-01  1.109E+01                2  3.079E+00  4.747E-01  2.505E+00  2.999E-01  7.614E+00  2.742E+22  4.091E+02
      1    1  12   6   6   5   273     6.959E-01                      5                147  3.247E-01  2.107E+00  3.992E-01  1.109E+01                2  3.079E+00  4.747E-01  2.505E+00  2.999E-01  7.621E+00  1.074E+23  1.045E+02
      1    1  12   6   6   6   273     6.837E-01                      5                147  3.247E-01  2.107E+00  3.992E-01  1.109E+01                2  3.079E+00  4.747E-01  2.505E+00  2.999E-01  7.633E+00  1.275E+23  8.801E+01
      1    1  12   6   6   7   273     7.736E-01                      5                147  3.247E-01  2.107E+00  3.992E-01  1.109E+01                2  3.079E+00  4.747E-01  2.505E+00  2.999E-01  7.649E+00  7.215E+22  1.555E+02
      1    1  12   6   6   8   273     9.617E-01                      5                147  3.247E-01  2.107E+00  3.992E-01  1.109E+01                2  3.079E+00  4.747E-01  2.505E+00  2.999E-01  7.670E+00  1.120E+22  1.002E+03
      1    1  12   6   6   9   273     1.239E+00                      5                147  3.247E-01  2.107E+00  3.992E-01  1.109E+01                2  3.079E+00  4.747E-01  2.505E+00  2.999E-01  7.696E+00  0.000E+00  Infinity 
      1    1  12   6   6  10   273     1.592E+00                      5                147  3.247E-01  2.107E+00  3.992E-01  1.109E+01                2  3.079E+00  4.747E-01  2.505E+00  2.999E-01  7.725E+00  0.000E+00  Infinity 
      1    1  12   6   6  11   273     2.008E+00                      5                147  3.247E-01  2.107E+00  3.992E-01  1.109E+01                2  3.079E+00  4.747E-01  2.505E+00  2.999E-01  7.759E+00  0.000E+00  Infinity 
      1    1  12   6   6  12   273     2.477E+00                      5                147  3.247E-01  2.107E+00  3.992E-01  1.109E+01                2  3.079E+00  4.747E-01  2.505E+00  2.999E-01  7.798E+00  0.000E+00  Infinity 
      1    1  12   6   6  13   273     2.989E+00                      5                170  3.247E-01  2.107E+00  3.803E-01  1.217E+01                2  3.079E+00  4.747E-01  2.630E+00  2.999E-01  7.964E+00  0.000E+00  Infinity 
      1    1  12   6   7   1   273     1.649E+00                      5                120  3.247E-01  2.107E+00  4.271E-01  9.732E+00                2  3.079E+00  4.747E-01  2.341E+00  2.999E-01  7.606E+00  0.000E+00  Infinity 
      1    1  12   6   7   2   273     1.272E+00                      5                120  3.247E-01  2.107E+00  4.271E-01  9.732E+00                2  3.079E+00  4.747E-01  2.341E+00  2.999E-01  7.600E+00  0.000E+00  Infinity 
      1    1  12   6   7   3   273     9.588E-01                      5                120  3.247E-01  2.107E+00  4.271E-01  9.732E+00                2  3.079E+00  4.747E-01  2.341E+00  2.999E-01  7.598E+00  0.000E+00  Infinity 
      1    1  12   6   7   4   273     7.255E-01                      5                120  3.247E-01  2.107E+00  4.271E-01  9.732E+00                2  3.079E+00  4.747E-01  2.341E+00  2.999E-01  7.600E+00  1.991E+22  5.636E+02
      1    1  12   6   7   5   273     5.904E-01                      5                120  3.247E-01  2.107E+00  4.271E-01  9.732E+00                2  3.079E+00  4.747E-01  2.341E+00  2.999E-01  7.607E+00  1.042E+23  1.076E+02
      1    1  12   6   7   6   273     5.686E-01                      5                120  3.247E-01  2.107E+00  4.271E-01  9.732E+00                2  3.079E+00  4.747E-01  2.341E+00  2.999E-01  7.618E+00  1.224E+23  9.170E+01
      1    1  12   6   7   7   273     6.659E-01                      5                120  3.247E-01  2.107E+00  4.271E-01  9.732E+00                2  3.079E+00  4.747E-01  2.341E+00  2.999E-01  7.634E+00  5.924E+22  1.894E+02
      1    1  12   6   7   8   273     8.763E-01                      5                120  3.247E-01  2.107E+00  4.271E-01  9.732E+00                2  3.079E+00  4.747E-01  2.341E+00  2.999E-01  7.654E+00  0.000E+00  Infinity 
      1    1  12   6   7   9   273     1.185E+00                      5                120  3.247E-01  2.107E+00  4.271E-01  9.732E+00                2  3.079E+00  4.747E-01  2.341E+00  2.999E-01  7.679E+00  0.000E+00  Infinity 
      1    1  12   6   7  10   273     1.572E+00                      5                120  3.247E-01  2.107E+00  4.271E-01  9.732E+00                2  3.079E+00  4.747E-01  2.341E+00  2.999E-01  7.708E+00  0.000E+00  Infinity 
      1    1  12   6   7  11   273     2.023E+00                      5                120  3.247E-01  2.107E+00  4.271E-01  9.732E+00                2  3.079E+00  4.747E-01  2.341E+00  2.999E-01  7.741E+00  0.000E+00  Infinity 
      1    1  12   6   7  12   273     2.523E+00                      5                147  3.247E-01  2.107E+00  3.992E-01  1.109E+01                2  3.079E+00  4.747E-01  2.505E+00  2.999E-01  7.942E+00  0.000E+00  Infinity 
      1    1  12   6   7  13   273     3.063E+00                      5                170  3.247E-01  2.107E+00  3.803E-01  1.217E+01                2  3.079E+00  4.747E-01  2.630E+00  2.999E-01  8.108E+00  0.000E+00  Infinity 
      1    1  12   6   8   1   273     1.713E+00                      5                120  3.247E-01  2.107E+00  4.271E-01  9.732E+00                2  3.079E+00  4.747E-01  2.341E+00  2.999E-01  7.756E+00  0.000E+00  Infinity 
      1    1  12   6   8   2   273     1.295E+00                      5                 81  3.247E-01  2.107E+00  4.869E-01  7.569E+00                2  3.079E+00  4.747E-01  2.054E+00  2.999E-01  7.462E+00  0.000E+00  Infinity 
      1    1  12   6   8   3   273     9.365E-01                      5                 81  3.247E-01  2.107E+00  4.869E-01  7.569E+00                2  3.079E+00  4.747E-01  2.054E+00  2.999E-01  7.460E+00  0.000E+00  Infinity 
      1    1  12   6   8   4   273     6.591E-01                      5                 81  3.247E-01  2.107E+00  4.869E-01  7.569E+00                2  3.079E+00  4.747E-01  2.054E+00  2.999E-01  7.462E+00  6.702E+22  1.674E+02
      1    1  12   6   8   5   273     4.897E-01                      5                 81  3.247E-01  2.107E+00  4.869E-01  7.569E+00                2  3.079E+00  4.747E-01  2.054E+00  2.999E-01  7.469E+00  1.750E+23  6.411E+01
      1    1  12   6   8   6   273     4.540E-01                      5                 81  3.247E-01  2.107E+00  4.869E-01  7.569E+00                2  3.079E+00  4.747E-01  2.054E+00  2.999E-01  7.480E+00  1.831E+23  6.127E+01
      1    1  12   6   8   7   273     5.631E-01                      5                 81  3.247E-01  2.107E+00  4.869E-01  7.569E+00                2  3.079E+00  4.747E-01  2.054E+00  2.999E-01  7.495E+00  9.000E+22  1.247E+02
      1    1  12   6   8   8   273     8.058E-01                      5                 81  3.247E-01  2.107E+00  4.869E-01  7.569E+00                2  3.079E+00  4.747E-01  2.054E+00  2.999E-01  7.515E+00  3.238E+21  3.465E+03
      1    1  12   6   8   9   273     1.156E+00                      5                 81  3.247E-01  2.107E+00  4.869E-01  7.569E+00                2  3.079E+00  4.747E-01  2.054E+00  2.999E-01  7.539E+00  0.000E+00  Infinity 
      1    1  12   6   8  10   273     1.587E+00                      5                 81  3.247E-01  2.107E+00  4.869E-01  7.569E+00                2  3.079E+00  4.747E-01  2.054E+00  2.999E-01  7.567E+00  0.000E+00  Infinity 
      1    1  12   6   8  11   273     2.077E+00                      5                120  3.247E-01  2.107E+00  4.271E-01  9.732E+00                2  3.079E+00  4.747E-01  2.341E+00  2.999E-01  7.887E+00  0.000E+00  Infinity 
      1    1  12   6   8  12   273     2.611E+00                      5                147  3.247E-01  2.107E+00  3.992E-01  1.109E+01                2  3.079E+00  4.747E-01  2.505E+00  2.999E-01  8.087E+00  0.000E+00  Infinity 
      1    1  12   6   8  13   273     3.178E+00                      5                170  3.247E-01  2.107E+00  3.803E-01  1.217E+01                2  3.079E+00  4.747E-01  2.630E+00  2.999E-01  8.252E+00  0.000E+00  Infinity 
      1    1  12   6   9   1   273     1.828E+00                      5                120  3.247E-01  2.107E+00  4.271E-01  9.732E+00                2  3.079E+00  4.747E-01  2.341E+00  2.999E-01  7.906E+00  0.000E+00  Infinity 
      1    1  12   6   9   2   273     1.366E+00                      5                 81  3.247E-01  2.107E+00  4.869E-01  7.569E+00                2  3.079E+00  4.747E-01  2.054E+00  2.999E-01  7.612E+00  0.000E+00  Infinity 
      1    1  12   6   9   3   273     9.539E-01                      5                 49  3.247E-01  2.107E+00  5.757E-01  5.499E+00                2  3.079E+00  4.747E-01  1.737E+00  2.999E-01  7.293E+00  2.553E+21  4.395E+03
      1    1  12   6   9   4   273     6.179E-01                      5                 49  3.247E-01  2.107E+00  5.757E-01  5.499E+00                2  3.079E+00  4.747E-01  1.737E+00  2.999E-01  7.295E+00  1.463E+23  7.671E+01
      1    1  12   6   9   5   273     3.975E-01                      5                 49  3.247E-01  2.107E+00  5.757E-01  5.499E+00                2  3.079E+00  4.747E-01  1.737E+00  2.999E-01  7.302E+00  2.933E+23  3.826E+01
      1    1  12   6   9   6   273     3.399E-01                      5                 49  3.247E-01  2.107E+00  5.757E-01  5.499E+00                2  3.079E+00  4.747E-01  1.737E+00  2.999E-01  7.313E+00  2.940E+23  3.816E+01
      1    1  12   6   9   7   273     4.690E-01                      5                 49  3.247E-01  2.107E+00  5.757E-01  5.499E+00                2  3.079E+00  4.747E-01  1.737E+00  2.999E-01  7.328E+00  1.625E+23  6.905E+01
      1    1  12   6   9   8   273     7.607E-01                      5                 49  3.247E-01  2.107E+00  5.757E-01  5.499E+00                2  3.079E+00  4.747E-01  1.737E+00  2.999E-01  7.347E+00  3.057E+22  3.671E+02
      1    1  12   6   9   9   273     1.168E+00                      5                 49  3.247E-01  2.107E+00  5.757E-01  5.499E+00                2  3.079E+00  4.747E-01  1.737E+00  2.999E-01  7.370E+00  0.000E+00  Infinity 
      1    1  12   6   9  10   273     1.650E+00                      5                 81  3.247E-01  2.107E+00  4.869E-01  7.569E+00                2  3.079E+00  4.747E-01  2.054E+00  2.999E-01  7.714E+00  0.000E+00  Infinity 
      1    1  12   6   9  11   273     2.182E+00                      5                120  3.247E-01  2.107E+00  4.271E-01  9.732E+00                2  3.079E+00  4.747E-01  2.341E+00  2.999E-01  8.033E+00  0.000E+00  Infinity 
      1    1  12   6   9  12   273     2.750E+00                      5                147  3.247E-01  2.107E+00  3.992E-01  1.109E+01                2  3.079E+00  4.747E-01  2.505E+00  2.999E-01  8.232E+00  0.000E+00  Infinity 
      1    1  12   6   9  13   273     3.345E+00                      5                170  3.247E-01  2.107E+00  3.803E-01  1.217E+01                2  3.079E+00  4.747E-01  2.630E+00  2.999E-01  8.396E+00  0.000E+00  Infinity 
      1    1  12   6  10   1   273     2.010E+00                      5                120  3.247E-01  2.107E+00  4.271E-01  9.732E+00                2  3.079E+00  4.747E-01  2.341E+00  2.999E-01  8.055E+00  0.000E+00  Infinity 
      1    1  12   6  10   2   273     1.505E+00                      5                 81  3.247E-01  2.107E+00  4.869E-01  7.569E+00                2  3.079E+00  4.747E-01  2.054E+00  2.999E-01  7.762E+00  0.000E+00  Infinity 
      1    1  12   6  10   3   273     1.036E+00                      5                 49  3.247E-01  2.107E+00  5.757E-01  5.499E+00                2  3.079E+00  4.747E-01  1.737E+00  2.999E-01  7.443E+00  1.277E+22  8.785E+02
      1    1  12   6  10   4   273     6.250E-01                      5                 25  3.247E-01  2.107E+00  7.205E-01  3.599E+00                2  3.079E+00  4.747E-01  1.388E+00  2.999E-01  7.096E+00  1.978E+23  5.672E+01
      1    1  12   6  10   5   273     3.243E-01                      5                 25  3.247E-01  2.107E+00  7.205E-01  3.599E+00                2  3.079E+00  4.747E-01  1.388E+00  2.999E-01  7.103E+00  3.822E+23  2.936E+01
      1    1  12   6  10   6   273     2.262E-01                      5                 25  3.247E-01  2.107E+00  7.205E-01  3.599E+00                2  3.079E+00  4.747E-01  1.388E+00  2.999E-01  7.113E+00  3.928E+23  2.857E+01
      1    1  12   6  10   7   273     3.939E-01                      5                 25  3.247E-01  2.107E+00  7.205E-01  3.599E+00                2  3.079E+00  4.747E-01  1.388E+00  2.999E-01  7.128E+00  2.391E+23  4.694E+01
      1    1  12   6  10   8   273     7.641E-01                      5                 25  3.247E-01  2.107E+00  7.205E-01  3.599E+00                2  3.079E+00  4.747E-01  1.388E+00  2.999E-01  7.146E+00  6.621E+22  1.695E+02
      1    1  12   6  10   9   273     1.244E+00                      5                 49  3.247E-01  2.107E+00  5.757E-01  5.499E+00                2  3.079E+00  4.747E-01  1.737E+00  2.999E-01  7.518E+00  0.000E+00  Infinity 
      1    1  12   6  10  10   273     1.782E+00                      5                 81  3.247E-01  2.107E+00  4.869E-01  7.569E+00                2  3.079E+00  4.747E-01  2.054E+00  2.999E-01  7.862E+00  0.000E+00  Infinity 
      1    1  12   6  10  11   273     2.355E+00                      5                120  3.247E-01  2.107E+00  4.271E-01  9.732E+00                2  3.079E+00  4.747E-01  2.341E+00  2.999E-01  8.180E+00  0.000E+00  Infinity 
      1    1  12   6  10  12   273     2.954E+00                      5                147  3.247E-01  2.107E+00  3.992E-01  1.109E+01                2  3.079E+00  4.747E-01  2.505E+00  2.999E-01  8.378E+00  0.000E+00  Infinity 
      1    1  12   6  10  13   273     3.571E+00                      5                170  3.247E-01  2.107E+00  3.803E-01  1.217E+01                2  3.079E+00  4.747E-01  2.630E+00  2.999E-01  8.541E+00  0.000E+00  Infinity 
      1    1  12   6  11   1   273     2.277E+00                      5                120  3.247E-01  2.107E+00  4.271E-01  9.732E+00                2  3.079E+00  4.747E-01  2.341E+00  2.999E-01  8.205E+00  0.000E+00  Infinity 
      1    1  12   6  11   2   273     1.739E+00                      5                 81  3.247E-01  2.107E+00  4.869E-01  7.569E+00                2  3.079E+00  4.747E-01  2.054E+00  2.999E-01  7.912E+00  0.000E+00  Infinity 
      1    1  12   6  11   3   273     1.220E+00                      5                 49  3.247E-01  2.107E+00  5.757E-01  5.499E+00                2  3.079E+00  4.747E-01  1.737E+00  2.999E-01  7.593E+00  0.000E+00  Infinity 
      1    1  12   6  11   4   273     7.305E-01                      5                 25  3.247E-01  2.107E+00  7.205E-01  3.599E+00                2  3.079E+00  4.747E-01  1.388E+00  2.999E-01  7.246E+00  1.770E+23  6.340E+01
      1    1  12   6  11   5   273     3.073E-01                      5                  9  3.247E-01  2.107E+00  1.013E+00  1.909E+00                2  3.079E+00  4.747E-01  9.874E-01  2.999E-01  6.852E+00  3.860E+23  2.907E+01
      1    1  12   6  11   6   273     1.129E-01                      5                  9  3.247E-01  2.107E+00  1.013E+00  1.909E+00                2  3.079E+00  4.747E-01  9.874E-01  2.999E-01  6.862E+00  4.261E+23  2.633E+01
      1    1  12   6  11   7   273     3.752E-01                      5                  9  3.247E-01  2.107E+00  1.013E+00  1.909E+00                2  3.079E+00  4.747E-01  9.874E-01  2.999E-01  6.876E+00  2.805E+23  3.999E+01
      1    1  12   6  11   8   273     8.660E-01                      5                 25  3.247E-01  2.107E+00  7.205E-01  3.599E+00                2  3.079E+00  4.747E-01  1.388E+00  2.999E-01  7.295E+00  9.107E+22  1.232E+02
      1    1  12   6  11   9   273     1.423E+00                      5                 49  3.247E-01  2.107E+00  5.757E-01  5.499E+00                2  3.079E+00  4.747E-01  1.737E+00  2.999E-01  7.666E+00  0.000E+00  Infinity 
      1    1  12   6  11  10   273     2.009E+00                      5                 81  3.247E-01  2.107E+00  4.869E-01  7.569E+00                2  3.079E+00  4.747E-01  2.054E+00  2.999E-01  8.009E+00  0.000E+00  Infinity 
      1    1  12   6  11  11   273     2.613E+00                      5                120  3.247E-01  2.107E+00  4.271E-01  9.732E+00                2  3.079E+00  4.747E-01  2.341E+00  2.999E-01  8.327E+00  0.000E+00  Infinity 
      1    1  12   6  11  12   273     3.232E+00                      5                147  3.247E-01  2.107E+00  3.992E-01  1.109E+01                2  3.079E+00  4.747E-01  2.505E+00  2.999E-01  8.524E+00  0.000E+00  Infinity 
      1    1  12   6  11  13   273     3.864E+00                      5                170  3.247E-01  2.107E+00  3.803E-01  1.217E+01                2  3.079E+00  4.747E-01  2.630E+00  2.999E-01  8.686E+00  0.000E+00  Infinity 
      1    1  12   6  12   1   273     2.642E+00                      5                120  3.247E-01  2.107E+00  4.271E-01  9.732E+00                2  3.079E+00  4.747E-01  2.341E+00  2.999E-01  8.356E+00  0.000E+00  Infinity 
      1    1  12   6  12   2   273     2.092E+00                      5                 81  3.247E-01  2.107E+00  4.869E-01  7.569E+00                2  3.079E+00  4.747E-01  2.054E+00  2.999E-01  8.062E+00  0.000E+00  Infinity 
      1    1  12   6  12   3   273     1.552E+00                      5                 49  3.247E-01  2.107E+00  5.757E-01  5.499E+00                2  3.079E+00  4.747E-01  1.737E+00  2.999E-01  7.744E+00  0.000E+00  Infinity 
      1    1  12   6  12   4   273     1.024E+00                      5                 25  3.247E-01  2.107E+00  7.205E-01  3.599E+00                2  3.079E+00  4.747E-01  1.388E+00  2.999E-01  7.397E+00  1.199E+23  9.358E+01
      1    1  12   6  12   5   273     5.065E-01                      5                  9  3.247E-01  2.107E+00  1.013E+00  1.909E+00                2  3.079E+00  4.747E-01  9.874E-01  2.999E-01  7.002E+00  3.228E+23  3.475E+01
      1    1  12   6  12   6   273     0.000E+00                      5                  1  3.247E-01  2.107E+00  2.107E+00  5.173E-01                2  3.079E+00  4.747E-01  4.747E-01  2.999E-01  6.499E+00  3.925E+23  2.858E+01
      1    1  12   6  12   7   273     5.727E-01                      5                  9  3.247E-01  2.107E+00  1.013E+00  1.909E+00                2  3.079E+00  4.747E-01  9.874E-01  2.999E-01  7.026E+00  2.769E+23  4.052E+01
      1    1  12   6  12   8   273     1.156E+00                      5                 25  3.247E-01  2.107E+00  7.205E-01  3.599E+00                2  3.079E+00  4.747E-01  1.388E+00  2.999E-01  7.444E+00  9.775E+22  1.148E+02
      1    1  12   6  12   9   273     1.750E+00                      5                 49  3.247E-01  2.107E+00  5.757E-01  5.499E+00                2  3.079E+00  4.747E-01  1.737E+00  2.999E-01  7.815E+00  0.000E+00  Infinity 
      1    1  12   6  12  10   273     2.355E+00                      5                 81  3.247E-01  2.107E+00  4.869E-01  7.569E+00                2  3.079E+00  4.747E-01  2.054E+00  2.999E-01  8.157E+00  0.000E+00  Infinity 
      1    1  12   6  12  11   273     2.970E+00                      5                120  3.247E-01  2.107E+00  4.271E-01  9.732E+00                2  3.079E+00  4.747E-01  2.341E+00  2.999E-01  8.474E+00  0.000E+00  Infinity 
      1    1  12   6  12  12   273     3.596E+00                      5                147  3.247E-01  2.107E+00  3.992E-01  1.109E+01                2  3.079E+00  4.747E-01  2.505E+00  2.999E-01  8.670E+00  0.000E+00  Infinity 
      1    1  12   6  12  13   273     4.231E+00                      5                170  3.247E-01  2.107E+00  3.803E-01  1.217E+01                2  3.079E+00  4.747E-01  2.630E+00  2.999E-01  8.831E+00  0.000E+00  Infinity 
      1    1  12   6  13   1   273     3.111E+00                      5                120  3.247E-01  2.107E+00  4.271E-01  9.732E+00                2  3.079E+00  4.747E-01  2.341E+00  2.999E-01  8.506E+00  0.000E+00  Infinity 
      1    1  12   6  13   2   273     2.574E+00                      5                 81  3.247E-01  2.107E+00  4.869E-01  7.569E+00                2  3.079E+00  4.747E-01  2.054E+00  2.999E-01  8.213E+00  0.000E+00  Infinity 
      1    1  12   6  13   3   273     2.055E+00                      5                 49  3.247E-01  2.107E+00  5.757E-01  5.499E+00                2  3.079E+00  4.747E-01  1.737E+00  2.999E-01  7.894E+00  0.000E+00  Infinity 
      1    1  12   6  13   4   273     1.565E+00                      5                 25  3.247E-01  2.107E+00  7.205E-01  3.599E+00                2  3.079E+00  4.747E-01  1.388E+00  2.999E-01  7.547E+00  6.598E+22  1.700E+02
      1    1  12   6  13   5   273     1.141E+00                      5                  9  3.247E-01  2.107E+00  1.013E+00  1.909E+00                2  3.079E+00  4.747E-01  9.874E-01  2.999E-01  7.152E+00  2.425E+23  4.627E+01
      1    1  12   6  13   6   273     9.456E-01                      5                  9  3.247E-01  2.107E+00  1.013E+00  1.909E+00                2  3.079E+00  4.747E-01  9.874E-01  2.999E-01  7.162E+00  3.273E+23  3.428E+01
      1    1  12   6  13   7   273     1.206E+00                      5                  9  3.247E-01  2.107E+00  1.013E+00  1.909E+00                2  3.079E+00  4.747E-01  9.874E-01  2.999E-01  7.175E+00  2.458E+23  4.565E+01
      1    1  12   6  13   8   273     1.694E+00                      5                 25  3.247E-01  2.107E+00  7.205E-01  3.599E+00                2  3.079E+00  4.747E-01  1.388E+00  2.999E-01  7.593E+00  9.202E+22  1.219E+02
      1    1  12   6  13   9   273     2.248E+00                      5                 49  3.247E-01  2.107E+00  5.757E-01  5.499E+00                2  3.079E+00  4.747E-01  1.737E+00  2.999E-01  7.963E+00  0.000E+00  Infinity 
      1    1  12   6  13  10   273     2.831E+00                      5                 81  3.247E-01  2.107E+00  4.869E-01  7.569E+00                2  3.079E+00  4.747E-01  2.054E+00  2.999E-01  8.305E+00  0.000E+00  Infinity 
      1    1  12   6  13  11   273     3.431E+00                      5                120  3.247E-01  2.107E+00  4.271E-01  9.732E+00                2  3.079E+00  4.747E-01  2.341E+00  2.999E-01  8.621E+00  0.000E+00  Infinity 
      1    1  12   6  13  12   273     4.046E+00                      5                147  3.247E-01  2.107E+00  3.992E-01  1.109E+01                2  3.079E+00  4.747E-01  2.505E+00  2.999E-01  8.817E+00  0.000E+00  Infinity 
      1    1  12   6  13  13   273     4.673E+00                      5                170  3.247E-01  2.107E+00  3.803E-01  1.217E+01                2  3.079E+00  4.747E-01  2.630E+00  2.999E-01  8.977E+00  0.000E+00  Infinity 
      1    1  12   6  14   1   273     3.679E+00                      5                120  3.247E-01  2.107E+00  4.271E-01  9.732E+00                2  3.079E+00  4.747E-01  2.341E+00  2.999E-01  8.656E+00  2.382E+21  4.711E+03
      1    1  12   6  14   2   273     3.175E+00                      5                 81  3.247E-01  2.107E+00  4.869E-01  7.569E+00                2  3.079E+00  4.747E-01  2.054E+00  2.999E-01  8.363E+00  0.000E+00  Infinity 
      1    1  12   6  14   3   273     2.706E+00                      5                 49  3.247E-01  2.107E+00  5.757E-01  5.499E+00                2  3.079E+00  4.747E-01  1.737E+00  2.999E-01  8.044E+00  0.000E+00  Infinity 
      1    1  12   6  14   4   273     2.295E+00                      5                 25  3.247E-01  2.107E+00  7.205E-01  3.599E+00                2  3.079E+00  4.747E-01  1.388E+00  2.999E-01  7.697E+00  3.882E+22  2.891E+02
      1    1  12   6  14   5   273     1.992E+00                      5                 25  3.247E-01  2.107E+00  7.205E-01  3.599E+00                2  3.079E+00  4.747E-01  1.388E+00  2.999E-01  7.703E+00  1.823E+23  6.156E+01
      1    1  12   6  14   6   273     1.892E+00                      5                 25  3.247E-01  2.107E+00  7.205E-01  3.599E+00                2  3.079E+00  4.747E-01  1.388E+00  2.999E-01  7.713E+00  2.653E+23  4.230E+01
      1    1  12   6  14   7   273     2.055E+00                      5                 25  3.247E-01  2.107E+00  7.205E-01  3.599E+00                2  3.079E+00  4.747E-01  1.388E+00  2.999E-01  7.726E+00  2.100E+23  5.343E+01
      1    1  12   6  14   8   273     2.421E+00                      5                 25  3.247E-01  2.107E+00  7.205E-01  3.599E+00                2  3.079E+00  4.747E-01  1.388E+00  2.999E-01  7.743E+00  8.370E+22  1.340E+02
      1    1  12   6  14   9   273     2.895E+00                      5                 49  3.247E-01  2.107E+00  5.757E-01  5.499E+00                2  3.079E+00  4.747E-01  1.737E+00  2.999E-01  8.112E+00  0.000E+00  Infinity 
      1    1  12   6  14  10   273     3.426E+00                      5                 81  3.247E-01  2.107E+00  4.869E-01  7.569E+00                2  3.079E+00  4.747E-01  2.054E+00  2.999E-01  8.453E+00  0.000E+00  Infinity 
      1    1  12   6  14  11   273     3.992E+00                      5                120  3.247E-01  2.107E+00  4.271E-01  9.732E+00                2  3.079E+00  4.747E-01  2.341E+00  2.999E-01  8.769E+00  0.000E+00  Infinity 
      1    1  12   6  14  12   273     4.581E+00                      5                147  3.247E-01  2.107E+00  3.992E-01  1.109E+01                2  3.079E+00  4.747E-01  2.505E+00  2.999E-01  8.964E+00  0.000E+00  Infinity 
      1    1  12   6  14  13   273     5.189E+00                      5                170  3.247E-01  2.107E+00  3.803E-01  1.217E+01                2  3.079E+00  4.747E-01  2.630E+00  2.999E-01  9.123E+00  0.000E+00  Infinity 
      1    1  12   6  15   1   273     4.331E+00                      5                120  3.247E-01  2.107E+00  4.271E-01  9.732E+00                2  3.079E+00  4.747E-01  2.341E+00  2.999E-01  8.806E+00  1.404E+22  7.991E+02
      1    1  12   6  15   2   273     3.870E+00                      5                 81  3.247E-01  2.107E+00  4.869E-01  7.569E+00                2  3.079E+00  4.747E-01  2.054E+00  2.999E-01  8.514E+00  0.000E+00  Infinity 
      1    1  12   6  15   3   273     3.459E+00                      5                 49  3.247E-01  2.107E+00  5.757E-01  5.499E+00                2  3.079E+00  4.747E-01  1.737E+00  2.999E-01  8.195E+00  0.000E+00  Infinity 
      1    1  12   6  15   4   273     3.123E+00                      5                 49  3.247E-01  2.107E+00  5.757E-01  5.499E+00                2  3.079E+00  4.747E-01  1.737E+00  2.999E-01  8.197E+00  3.278E+22  3.423E+02
      1    1  12   6  15   5   273     2.900E+00                      5                 49  3.247E-01  2.107E+00  5.757E-01  5.499E+00                2  3.079E+00  4.747E-01  1.737E+00  2.999E-01  8.203E+00  1.452E+23  7.728E+01
      1    1  12   6  15   6   273     2.838E+00                      5                 49  3.247E-01  2.107E+00  5.757E-01  5.499E+00                2  3.079E+00  4.747E-01  1.737E+00  2.999E-01  8.212E+00  2.158E+23  5.200E+01
      1    1  12   6  15   7   273     2.961E+00                      5                 49  3.247E-01  2.107E+00  5.757E-01  5.499E+00                2  3.079E+00  4.747E-01  1.737E+00  2.999E-01  8.225E+00  1.779E+23  6.307E+01
      1    1  12   6  15   8   273     3.246E+00                      5                 49  3.247E-01  2.107E+00  5.757E-01  5.499E+00                2  3.079E+00  4.747E-01  1.737E+00  2.999E-01  8.241E+00  7.745E+22  1.449E+02
      1    1  12   6  15   9   273     3.644E+00                      5                 49  3.247E-01  2.107E+00  5.757E-01  5.499E+00                2  3.079E+00  4.747E-01  1.737E+00  2.999E-01  8.261E+00  4.359E+21  2.574E+03
      1    1  12   6  15  10   273     4.116E+00                      5                 81  3.247E-01  2.107E+00  4.869E-01  7.569E+00                2  3.079E+00  4.747E-01  2.054E+00  2.999E-01  8.602E+00  0.000E+00  Infinity 
      1    1  12   6  15  11   273     4.636E+00                      5                120  3.247E-01  2.107E+00  4.271E-01  9.732E+00                2  3.079E+00  4.747E-01  2.341E+00  2.999E-01  8.917E+00  0.000E+00  Infinity 
      1    1  12   6  15  12   273     5.191E+00                      5                147  3.247E-01  2.107E+00  3.992E-01  1.109E+01                2  3.079E+00  4.747E-01  2.505E+00  2.999E-01  9.111E+00  0.000E+00  Infinity 
      1    1  12   6  15  13   273     5.771E+00                      5                170  3.247E-01  2.107E+00  3.803E-01  1.217E+01                2  3.079E+00  4.747E-01  2.630E+00  2.999E-01  9.269E+00  0.000E+00  Infinity 
      1    1  12   6  16   1   273     5.049E+00                      5                120  3.247E-01  2.107E+00  4.271E-01  9.732E+00                2  3.079E+00  4.747E-01  2.341E+00  2.999E-01  8.957E+00  1.030E+22  1.089E+03
      1    1  12   6  16   2   273     4.634E+00                      5                 81  3.247E-01  2.107E+00  4.869E-01  7.569E+00                2  3.079E+00  4.747E-01  2.054E+00  2.999E-01  8.664E+00  0.000E+00  Infinity 
      1    1  12   6  16   3   273     4.277E+00                      5                 81  3.247E-01  2.107E+00  4.869E-01  7.569E+00                2  3.079E+00  4.747E-01  2.054E+00  2.999E-01  8.663E+00  0.000E+00  Infinity 
      1    1  12   6  16   4   273     3.998E+00                      5                 81  3.247E-01  2.107E+00  4.869E-01  7.569E+00                2  3.079E+00  4.747E-01  2.054E+00  2.999E-01  8.664E+00  2.834E+22  3.959E+02
      1    1  12   6  16   5   273     3.826E+00                      5                 81  3.247E-01  2.107E+00  4.869E-01  7.569E+00                2  3.079E+00  4.747E-01  2.054E+00  2.999E-01  8.670E+00  1.113E+23  1.009E+02
      1    1  12   6  16   6   273     3.784E+00                      5                 81  3.247E-01  2.107E+00  4.869E-01  7.569E+00                2  3.079E+00  4.747E-01  2.054E+00  2.999E-01  8.679E+00  1.650E+23  6.801E+01
      1    1  12   6  16   7   273     3.886E+00                      5                 81  3.247E-01  2.107E+00  4.869E-01  7.569E+00                2  3.079E+00  4.747E-01  2.054E+00  2.999E-01  8.692E+00  1.396E+23  8.037E+01
      1    1  12   6  16   8   273     4.119E+00                      5                 81  3.247E-01  2.107E+00  4.869E-01  7.569E+00                2  3.079E+00  4.747E-01  2.054E+00  2.999E-01  8.708E+00  6.529E+22  1.718E+02
      1    1  12   6  16   9   273     4.457E+00                      5                 81  3.247E-01  2.107E+00  4.869E-01  7.569E+00                2  3.079E+00  4.747E-01  2.054E+00  2.999E-01  8.727E+00  7.513E+21  1.493E+03
      1    1  12   6  16  10   273     4.874E+00                      5                 81  3.247E-01  2.107E+00  4.869E-01  7.569E+00                2  3.079E+00  4.747E-01  2.054E+00  2.999E-01  8.750E+00  0.000E+00  Infinity 
      1    1  12   6  16  11   273     5.348E+00                      5                120  3.247E-01  2.107E+00  4.271E-01  9.732E+00                2  3.079E+00  4.747E-01  2.341E+00  2.999E-01  9.065E+00  0.000E+00  Infinity 
      1    1  12   6  16  12   273     5.865E+00                      5                147  3.247E-01  2.107E+00  3.992E-01  1.109E+01                2  3.079E+00  4.747E-01  2.505E+00  2.999E-01  9.258E+00  0.000E+00  Infinity 
      1    1  12   6  16  13   273     6.413E+00                      5                170  3.247E-01  2.107E+00  3.803E-01  1.217E+01                2  3.079E+00  4.747E-01  2.630E+00  2.999E-01  9.416E+00  0.000E+00  Infinity 
      1    1  12   6  17   1   273     5.819E+00                      5                120  3.247E-01  2.107E+00  4.271E-01  9.732E+00                2  3.079E+00  4.747E-01  2.341E+00  2.999E-01  9.108E+00  1.579E+22  7.105E+02
      1    1  12   6  17   2   273     5.446E+00                      5                120  3.247E-01  2.107E+00  4.271E-01  9.732E+00                2  3.079E+00  4.747E-01  2.341E+00  2.999E-01  9.102E+00  7.458E+21  1.504E+03
      1    1  12   6  17   3   273     5.134E+00                      5                120  3.247E-01  2.107E+00  4.271E-01  9.732E+00                2  3.079E+00  4.747E-01  2.341E+00  2.999E-01  9.101E+00  0.000E+00  Infinity 
      1    1  12   6  17   4   273     4.899E+00                      5                120  3.247E-01  2.107E+00  4.271E-01  9.732E+00                2  3.079E+00  4.747E-01  2.341E+00  2.999E-01  9.103E+00  1.455E+22  7.710E+02
      1    1  12   6  17   5   273     4.760E+00                      5                120  3.247E-01  2.107E+00  4.271E-01  9.732E+00                2  3.079E+00  4.747E-01  2.341E+00  2.999E-01  9.108E+00  6.562E+22  1.710E+02
      1    1  12   6  17   6   273     4.731E+00                      5                120  3.247E-01  2.107E+00  4.271E-01  9.732E+00                2  3.079E+00  4.747E-01  2.341E+00  2.999E-01  9.117E+00  1.003E+23  1.119E+02
      1    1  12   6  17   7   273     4.819E+00                      5                120  3.247E-01  2.107E+00  4.271E-01  9.732E+00                2  3.079E+00  4.747E-01  2.341E+00  2.999E-01  9.129E+00  8.582E+22  1.307E+02
      1    1  12   6  17   8   273     5.017E+00                      5                120  3.247E-01  2.107E+00  4.271E-01  9.732E+00                2  3.079E+00  4.747E-01  2.341E+00  2.999E-01  9.145E+00  4.004E+22  2.802E+02
      1    1  12   6  17   9   273     5.310E+00                      5                120  3.247E-01  2.107E+00  4.271E-01  9.732E+00                2  3.079E+00  4.747E-01  2.341E+00  2.999E-01  9.164E+00  4.427E+21  2.535E+03
      1    1  12   6  17  10   273     5.681E+00                      5                120  3.247E-01  2.107E+00  4.271E-01  9.732E+00                2  3.079E+00  4.747E-01  2.341E+00  2.999E-01  9.187E+00  0.000E+00  Infinity 
      1    1  12   6  17  11   273     6.112E+00                      5                120  3.247E-01  2.107E+00  4.271E-01  9.732E+00                2  3.079E+00  4.747E-01  2.341E+00  2.999E-01  9.213E+00  0.000E+00  Infinity 
      1    1  12   6  17  12   273     6.590E+00                      5                147  3.247E-01  2.107E+00  3.992E-01  1.109E+01                2  3.079E+00  4.747E-01  2.505E+00  2.999E-01  9.406E+00  0.000E+00  Infinity 
      1    1  12   6  17  13   273     7.105E+00                      5                170  3.247E-01  2.107E+00  3.803E-01  1.217E+01                2  3.079E+00  4.747E-01  2.630E+00  2.999E-01  9.563E+00  0.000E+00  Infinity 
      1    1  12   6  18   1   273     6.627E+00                      5                147  3.247E-01  2.107E+00  3.992E-01  1.109E+01                2  3.079E+00  4.747E-01  2.505E+00  2.999E-01  9.422E+00  5.340E+21  2.101E+03
      1    1  12   6  18   2   273     6.291E+00                      5                147  3.247E-01  2.107E+00  3.992E-01  1.109E+01                2  3.079E+00  4.747E-01  2.505E+00  2.999E-01  9.417E+00  1.014E+22  1.107E+03
      1    1  12   6  18   3   273     6.016E+00                      5                147  3.247E-01  2.107E+00  3.992E-01  1.109E+01                2  3.079E+00  4.747E-01  2.505E+00  2.999E-01  9.415E+00  0.000E+00  Infinity 
      1    1  12   6  18   4   273     5.815E+00                      5                147  3.247E-01  2.107E+00  3.992E-01  1.109E+01                2  3.079E+00  4.747E-01  2.505E+00  2.999E-01  9.417E+00  0.000E+00  Infinity 
      1    1  12   6  18   5   273     5.699E+00                      5                147  3.247E-01  2.107E+00  3.992E-01  1.109E+01                2  3.079E+00  4.747E-01  2.505E+00  2.999E-01  9.423E+00  1.913E+22  5.864E+02
      1    1  12   6  18   6   273     5.678E+00                      5                147  3.247E-01  2.107E+00  3.992E-01  1.109E+01                2  3.079E+00  4.747E-01  2.505E+00  2.999E-01  9.431E+00  3.399E+22  3.301E+02
      1    1  12   6  18   7   273     5.756E+00                      5                147  3.247E-01  2.107E+00  3.992E-01  1.109E+01                2  3.079E+00  4.747E-01  2.505E+00  2.999E-01  9.443E+00  2.883E+22  3.892E+02
      1    1  12   6  18   8   273     5.930E+00                      5                147  3.247E-01  2.107E+00  3.992E-01  1.109E+01                2  3.079E+00  4.747E-01  2.505E+00  2.999E-01  9.459E+00  1.115E+22  1.006E+03
      1    1  12   6  18   9   273     6.188E+00                      5                147  3.247E-01  2.107E+00  3.992E-01  1.109E+01                2  3.079E+00  4.747E-01  2.505E+00  2.999E-01  9.477E+00  0.000E+00  Infinity 
      1    1  12   6  18  10   273     6.520E+00                      5                147  3.247E-01  2.107E+00  3.992E-01  1.109E+01                2  3.079E+00  4.747E-01  2.505E+00  2.999E-01  9.500E+00  0.000E+00  Infinity 
      1    1  12   6  18  11   273     6.913E+00                      5                147  3.247E-01  2.107E+00  3.992E-01  1.109E+01                2  3.079E+00  4.747E-01  2.505E+00  2.999E-01  9.525E+00  0.000E+00  Infinity 
      1    1  12   6  18  12   273     7.355E+00                      5                147  3.247E-01  2.107E+00  3.992E-01  1.109E+01                2  3.079E+00  4.747E-01  2.505E+00  2.999E-01  9.554E+00  0.000E+00  Infinity 
      1    1  12   6  18  13   273     7.838E+00                      5                170  3.247E-01  2.107E+00  3.803E-01  1.217E+01                2  3.079E+00  4.747E-01  2.630E+00  2.999E-01  9.710E+00  0.000E+00  Infinity 
      1    1  12   6  19   1   273     7.463E+00                      5                170  3.247E-01  2.107E+00  3.803E-01  1.217E+01                2  3.079E+00  4.747E-01  2.630E+00  2.999E-01  9.697E+00  5.163E+21  2.173E+03
      1    1  12   6  19   2   273     7.159E+00                      5                170  3.247E-01  2.107E+00  3.803E-01  1.217E+01                2  3.079E+00  4.747E-01  2.630E+00  2.999E-01  9.692E+00  1.692E+22  6.633E+02
      1    1  12   6  19   3   273     6.915E+00                      5                170  3.247E-01  2.107E+00  3.803E-01  1.217E+01                2  3.079E+00  4.747E-01  2.630E+00  2.999E-01  9.691E+00  7.392E+21  1.518E+03
      1    1  12   6  19   4   273     6.739E+00                      5                170  3.247E-01  2.107E+00  3.803E-01  1.217E+01                2  3.079E+00  4.747E-01  2.630E+00  2.999E-01  9.692E+00  0.000E+00  Infinity 
      1    1  12   6  19   5   273     6.640E+00                      5                170  3.247E-01  2.107E+00  3.803E-01  1.217E+01                2  3.079E+00  4.747E-01  2.630E+00  2.999E-01  9.698E+00  0.000E+00  Infinity 
      1    1  12   6  19   6   273     6.626E+00                      5                170  3.247E-01  2.107E+00  3.803E-01  1.217E+01                2  3.079E+00  4.747E-01  2.630E+00  2.999E-01  9.706E+00  0.000E+00  Infinity 
      1    1  12   6  19   7   273     6.697E+00                      5                170  3.247E-01  2.107E+00  3.803E-01  1.217E+01                2  3.079E+00  4.747E-01  2.630E+00  2.999E-01  9.718E+00  0.000E+00  Infinity 
      1    1  12   6  19   8   273     6.851E+00                      5                170  3.247E-01  2.107E+00  3.803E-01  1.217E+01                2  3.079E+00  4.747E-01  2.630E+00  2.999E-01  9.733E+00  0.000E+00  Infinity 
      1    1  12   6  19   9   273     7.083E+00                      5                170  3.247E-01  2.107E+00  3.803E-01  1.217E+01                2  3.079E+00  4.747E-01  2.630E+00  2.999E-01  9.751E+00  0.000E+00  Infinity 
      1    1  12   6  19  10   273     7.384E+00                      5                170  3.247E-01  2.107E+00  3.803E-01  1.217E+01                2  3.079E+00  4.747E-01  2.630E+00  2.999E-01  9.773E+00  0.000E+00  Infinity 
      1    1  12   6  19  11   273     7.743E+00                      5                170  3.247E-01  2.107E+00  3.803E-01  1.217E+01                2  3.079E+00  4.747E-01  2.630E+00  2.999E-01  9.798E+00  0.000E+00  Infinity 
      1    1  12   6  19  12   273     8.153E+00                      5                170  3.247E-01  2.107E+00  3.803E-01  1.217E+01                2  3.079E+00  4.747E-01  2.630E+00  2.999E-01  9.826E+00  0.000E+00  Infinity 
      1    1  12   6  19  13   273     8.605E+00                      5                170  3.247E-01  2.107E+00  3.803E-01  1.217E+01                2  3.079E+00  4.747E-01  2.630E+00  2.999E-01  9.857E+00  0.000E+00  Infinity 
      1    1  12   6  20   1   273     8.321E+00                      5                172  3.247E-01  2.107E+00  3.788E-01  1.226E+01                2  3.079E+00  4.747E-01  2.640E+00  2.999E-01  9.858E+00  1.761E+22  6.372E+02
      1    1  12   6  20   2   273     8.044E+00                      5                172  3.247E-01  2.107E+00  3.788E-01  1.226E+01                2  3.079E+00  4.747E-01  2.640E+00  2.999E-01  9.853E+00  2.003E+22  5.602E+02
      1    1  12   6  20   3   273     7.824E+00                      5                172  3.247E-01  2.107E+00  3.788E-01  1.226E+01                2  3.079E+00  4.747E-01  2.640E+00  2.999E-01  9.852E+00  8.432E+21  1.331E+03
      1    1  12   6  20   4   273     7.669E+00                      5                172  3.247E-01  2.107E+00  3.788E-01  1.226E+01                2  3.079E+00  4.747E-01  2.640E+00  2.999E-01  9.854E+00  0.000E+00  Infinity 
      1    1  12   6  20   5   273     7.584E+00                      5                172  3.247E-01  2.107E+00  3.788E-01  1.226E+01                2  3.079E+00  4.747E-01  2.640E+00  2.999E-01  9.859E+00  0.000E+00  Infinity 
      1    1  12   6  20   6   273     7.573E+00                      5                172  3.247E-01  2.107E+00  3.788E-01  1.226E+01                2  3.079E+00  4.747E-01  2.640E+00  2.999E-01  9.867E+00  0.000E+00  Infinity 
      1    1  12   6  20   7   273     7.639E+00                      5                172  3.247E-01  2.107E+00  3.788E-01  1.226E+01                2  3.079E+00  4.747E-01  2.640E+00  2.999E-01  9.879E+00  0.000E+00  Infinity 
      1    1  12   6  20   8   273     7.779E+00                      5                172  3.247E-01  2.107E+00  3.788E-01  1.226E+01                2  3.079E+00  4.747E-01  2.640E+00  2.999E-01  9.893E+00  0.000E+00  Infinity 
      1    1  12   6  20   9   273     7.990E+00                      5                172  3.247E-01  2.107E+00  3.788E-01  1.226E+01                2  3.079E+00  4.747E-01  2.640E+00  2.999E-01  9.911E+00  0.000E+00  Infinity 
      1    1  12   6  20  10   273     8.264E+00                      5                172  3.247E-01  2.107E+00  3.788E-01  1.226E+01                2  3.079E+00  4.747E-01  2.640E+00  2.999E-01  9.933E+00  0.000E+00  Infinity 
      1    1  12   6  20  11   273     8.595E+00                      5                172  3.247E-01  2.107E+00  3.788E-01  1.226E+01                2  3.079E+00  4.747E-01  2.640E+00  2.999E-01  9.957E+00  0.000E+00  Infinity 
      1    1  12   6  20  12   273     8.976E+00                      5                172  3.247E-01  2.107E+00  3.788E-01  1.226E+01                2  3.079E+00  4.747E-01  2.640E+00  2.999E-01  9.985E+00  0.000E+00  Infinity 
      1    1  12   6  20  13   273     9.400E+00                      5                172  3.247E-01  2.107E+00  3.788E-01  1.226E+01                2  3.079E+00  4.747E-01  2.640E+00  2.999E-01  1.002E+01  0.000E+00  Infinity 
      1    1  12   6  21   1   273     9.195E+00                      5                166  3.247E-01  2.107E+00  3.833E-01  1.199E+01                2  3.079E+00  4.747E-01  2.609E+00  2.999E-01  9.978E+00  1.213E+22  9.253E+02
      1    1  12   6  21   2   273     8.941E+00                      5                166  3.247E-01  2.107E+00  3.833E-01  1.199E+01                2  3.079E+00  4.747E-01  2.609E+00  2.999E-01  9.973E+00  8.470E+21  1.325E+03
      1    1  12   6  21   3   273     8.742E+00                      5                166  3.247E-01  2.107E+00  3.833E-01  1.199E+01                2  3.079E+00  4.747E-01  2.609E+00  2.999E-01  9.972E+00  0.000E+00  Infinity 
      1    1  12   6  21   4   273     8.603E+00                      5                166  3.247E-01  2.107E+00  3.833E-01  1.199E+01                2  3.079E+00  4.747E-01  2.609E+00  2.999E-01  9.974E+00  0.000E+00  Infinity 
      1    1  12   6  21   5   273     8.528E+00                      5                166  3.247E-01  2.107E+00  3.833E-01  1.199E+01                2  3.079E+00  4.747E-01  2.609E+00  2.999E-01  9.978E+00  0.000E+00  Infinity 
      1    1  12   6  21   6   273     8.521E+00                      5                166  3.247E-01  2.107E+00  3.833E-01  1.199E+01                2  3.079E+00  4.747E-01  2.609E+00  2.999E-01  9.987E+00  0.000E+00  Infinity 
      1    1  12   6  21   7   273     8.582E+00                      5                166  3.247E-01  2.107E+00  3.833E-01  1.199E+01                2  3.079E+00  4.747E-01  2.609E+00  2.999E-01  9.998E+00  0.000E+00  Infinity 
      1    1  12   6  21   8   273     8.711E+00                      5                166  3.247E-01  2.107E+00  3.833E-01  1.199E+01                2  3.079E+00  4.747E-01  2.609E+00  2.999E-01  1.001E+01  0.000E+00  Infinity 
      1    1  12   6  21   9   273     8.904E+00                      5                166  3.247E-01  2.107E+00  3.833E-01  1.199E+01                2  3.079E+00  4.747E-01  2.609E+00  2.999E-01  1.003E+01  0.000E+00  Infinity 
      1    1  12   6  21  10   273     9.157E+00                      5                166  3.247E-01  2.107E+00  3.833E-01  1.199E+01                2  3.079E+00  4.747E-01  2.609E+00  2.999E-01  1.005E+01  0.000E+00  Infinity 
      1    1  12   6  21  11   273     9.464E+00                      5                166  3.247E-01  2.107E+00  3.833E-01  1.199E+01                2  3.079E+00  4.747E-01  2.609E+00  2.999E-01  1.007E+01  0.000E+00  Infinity 
      1    1  12   6  21  12   273     9.819E+00                      5                166  3.247E-01  2.107E+00  3.833E-01  1.199E+01                2  3.079E+00  4.747E-01  2.609E+00  2.999E-01  1.010E+01  0.000E+00  Infinity 
      1    1  12   6  21  13   273     1.022E+01                      5                166  3.247E-01  2.107E+00  3.833E-01  1.199E+01                2  3.079E+00  4.747E-01  2.609E+00  2.999E-01  1.013E+01  0.000E+00  Infinity 
