**********************************************
*******     Site #   1
Average PSA and Fourier spectrum over    20 trials
damping:   5%
  50 samples
Mag.          =      6.00
siteLat       =     44.84
siteLon       =     10.73
depth         =      5.06
R             =     42.74
azimuth       =  15044.08
fault Dis.(km)=    42.97
Hypo  Dis.(km)=    60.25
Input Parameters file =  atzori_29.05_NVL_y_parameters.out                                                                                       
 data format: (1x,f10.3, 1p, 1x,e11.4, 5x,e11.4, 2x,e11.4, 1x,e11.4)
   freq(Hz)     per(s) FAS(cm/sec) avgPSA(cm/s**2) avgPSV(cm/s)   avgSD(cm)        minY        maxY
     -1.000        NaN         NaN             Nan   8.7245E+00         Nan
    999.900      0.000         Nan      6.5506E+01          NaN         NaN  5.0328E+01  8.6948E+01
      0.200      5.000  6.0470E+00      7.6389E+00   6.0789E+00  4.8374E+00
      0.217      4.616  6.8618E+00      9.4445E+00   6.9390E+00  5.0981E+00
      0.235      4.262  8.3717E+00      1.1413E+01   7.7421E+00  5.2517E+00
      0.254      3.935  9.0179E+00      1.3505E+01   8.4577E+00  5.2969E+00
      0.275      3.633  1.0191E+01      1.6171E+01   9.3506E+00  5.4068E+00
      0.298      3.354  1.1203E+01      1.9159E+01   1.0228E+01  5.4604E+00
      0.323      3.097  1.2028E+01      2.2429E+01   1.1055E+01  5.4489E+00
      0.350      2.859  1.2994E+01      2.6601E+01   1.2105E+01  5.5089E+00
      0.379      2.640  1.7347E+01      3.3011E+01   1.3870E+01  5.8274E+00
      0.410      2.437  2.3658E+01      4.2331E+01   1.6421E+01  6.3699E+00
      0.444      2.250  2.7511E+01      4.8366E+01   1.7322E+01  6.2039E+00
      0.481      2.078  2.3453E+01      5.2872E+01   1.7483E+01  5.7810E+00
      0.521      1.918  2.5232E+01      6.0952E+01   1.8608E+01  5.6809E+00
      0.565      1.771  3.3928E+01      6.8102E+01   1.9196E+01  5.4106E+00
      0.612      1.635  3.0970E+01      7.0312E+01   1.8298E+01  4.7618E+00
      0.662      1.510  2.5503E+01      7.2660E+01   1.7458E+01  4.1946E+00
      0.717      1.394  2.7946E+01      7.8463E+01   1.7406E+01  3.8611E+00
      0.777      1.287  2.0813E+01      7.6690E+01   1.5707E+01  3.2169E+00
      0.842      1.188  1.8902E+01      7.8787E+01   1.4898E+01  2.8171E+00
      0.912      1.097  2.1290E+01      7.8964E+01   1.3786E+01  2.4068E+00
      0.987      1.013  1.5731E+01      7.8770E+01   1.2697E+01  2.0466E+00
      1.069      0.935  1.7196E+01      8.2074E+01   1.2214E+01  1.8177E+00
      1.158      0.863  1.4273E+01      8.9822E+01   1.2342E+01  1.6957E+00
      1.255      0.797  1.9222E+01      9.8955E+01   1.2553E+01  1.5924E+00
      1.359      0.736  2.9732E+01      1.0697E+02   1.2529E+01  1.4674E+00
      1.472      0.679  1.8015E+01      1.0819E+02   1.1699E+01  1.2651E+00
      1.594      0.627  1.2861E+01      1.0160E+02   1.0143E+01  1.0127E+00
      1.727      0.579  9.2941E+00      9.7274E+01   8.9664E+00  8.2650E-01
      1.870      0.535  1.3729E+01      1.0834E+02   9.2199E+00  7.8465E-01
      2.026      0.494  1.9512E+01      1.2450E+02   9.7823E+00  7.6863E-01
      2.194      0.456  1.6803E+01      1.4217E+02   1.0314E+01  7.4819E-01
      2.376      0.421  2.0764E+01      1.6058E+02   1.0755E+01  7.2037E-01
      2.574      0.389  2.1030E+01      1.7922E+02   1.1083E+01  6.8533E-01
      2.788      0.359  1.9622E+01      1.7191E+02   9.8147E+00  5.6035E-01
      3.019      0.331  1.6877E+01      1.5450E+02   8.1440E+00  4.2929E-01
      3.270      0.306  1.1583E+01      1.4269E+02   6.9443E+00  3.3796E-01
      3.542      0.282  9.6727E+00      1.4124E+02   6.3462E+00  2.8516E-01
      3.836      0.261  1.0760E+01      1.4466E+02   6.0011E+00  2.4896E-01
      4.155      0.241  1.0745E+01      1.4572E+02   5.5814E+00  2.1378E-01
      4.501      0.222  1.0601E+01      1.5033E+02   5.3162E+00  1.8800E-01
      4.875      0.205  4.8321E+00      1.4103E+02   4.6046E+00  1.5034E-01
      5.280      0.189  5.6523E+00      1.3712E+02   4.1334E+00  1.2460E-01
      5.719      0.175  7.8750E+00      1.3572E+02   3.7773E+00  1.0513E-01
      6.194      0.161  5.6618E+00      1.2758E+02   3.2783E+00  8.4237E-02
      6.709      0.149  5.5474E+00      1.1423E+02   2.7100E+00  6.4291E-02
      7.266      0.138  3.0232E+00      1.0586E+02   2.3186E+00  5.0786E-02
      7.870      0.127  3.8326E+00      1.1015E+02   2.2276E+00  4.5047E-02
      8.524      0.117  3.7554E+00      1.0484E+02   1.9575E+00  3.6549E-02
      9.233      0.108  3.4189E+00      1.0175E+02   1.7539E+00  3.0234E-02
     10.000      0.100  3.1949E+00      9.7058E+01   1.5447E+00  2.4585E-02
 
 
