**********************************************
*******     Site #   1
Average PSA and Fourier spectrum over    20 trials
damping:   5%
  50 samples
Mag.          =      6.00
siteLat       =     44.84
siteLon       =     10.73
depth         =      5.06
R             =     42.74
azimuth       =  15044.08
fault Dis.(km)=    42.97
Hypo  Dis.(km)=    60.25
Input Parameters file =  atzori_29.05_NVL_x_parameters.out                                                                                       
 data format: (1x,f10.3, 1p, 1x,e11.4, 5x,e11.4, 2x,e11.4, 1x,e11.4)
   freq(Hz)     per(s) FAS(cm/sec) avgPSA(cm/s**2) avgPSV(cm/s)   avgSD(cm)        minY        maxY
     -1.000        NaN         NaN             Nan   8.3421E+00         Nan
    999.900      0.000         Nan      6.4465E+01          NaN         NaN  4.7451E+01  8.8856E+01
      0.200      5.000  5.5506E+00      6.7365E+00   5.3607E+00  4.2659E+00
      0.217      4.616  6.2118E+00      8.2204E+00   6.0396E+00  4.4374E+00
      0.235      4.262  7.2772E+00      9.8566E+00   6.6861E+00  4.5354E+00
      0.254      3.935  7.7214E+00      1.1699E+01   7.3269E+00  4.5887E+00
      0.275      3.633  8.7178E+00      1.4043E+01   8.1201E+00  4.6953E+00
      0.298      3.354  9.7812E+00      1.6752E+01   8.9435E+00  4.7745E+00
      0.323      3.097  1.0697E+01      1.9891E+01   9.8041E+00  4.8324E+00
      0.350      2.859  1.1787E+01      2.3381E+01   1.0640E+01  4.8420E+00
      0.379      2.640  1.6242E+01      2.8591E+01   1.2013E+01  5.0471E+00
      0.410      2.437  2.1251E+01      3.6449E+01   1.4139E+01  5.4847E+00
      0.444      2.250  2.2742E+01      4.3663E+01   1.5638E+01  5.6006E+00
      0.481      2.078  1.9663E+01      4.9865E+01   1.6489E+01  5.4522E+00
      0.521      1.918  2.5809E+01      6.0066E+01   1.8338E+01  5.5984E+00
      0.565      1.771  3.4462E+01      6.8313E+01   1.9255E+01  5.4274E+00
      0.612      1.635  2.8491E+01      7.1397E+01   1.8580E+01  4.8352E+00
      0.662      1.510  2.3654E+01      7.1965E+01   1.7291E+01  4.1545E+00
      0.717      1.394  2.4471E+01      7.2712E+01   1.6130E+01  3.5781E+00
      0.777      1.287  1.7262E+01      6.9969E+01   1.4330E+01  2.9350E+00
      0.842      1.188  1.6210E+01      7.2197E+01   1.3652E+01  2.5815E+00
      0.912      1.097  2.1415E+01      7.8203E+01   1.3653E+01  2.3836E+00
      0.987      1.013  1.7945E+01      8.1935E+01   1.3207E+01  2.1288E+00
      1.069      0.935  1.9769E+01      8.8358E+01   1.3149E+01  1.9569E+00
      1.158      0.863  1.4034E+01      9.7438E+01   1.3388E+01  1.8395E+00
      1.255      0.797  2.1122E+01      1.0964E+02   1.3909E+01  1.7644E+00
      1.359      0.736  2.7137E+01      1.2172E+02   1.4256E+01  1.6697E+00
      1.472      0.679  2.4624E+01      1.1833E+02   1.2796E+01  1.3837E+00
      1.594      0.627  1.2018E+01      1.0740E+02   1.0722E+01  1.0705E+00
      1.727      0.579  8.7595E+00      1.0193E+02   9.3960E+00  8.6610E-01
      1.870      0.535  1.1787E+01      1.0583E+02   9.0067E+00  7.6651E-01
      2.026      0.494  1.5758E+01      1.1694E+02   9.1884E+00  7.2197E-01
      2.194      0.456  1.4893E+01      1.3014E+02   9.4408E+00  6.8488E-01
      2.376      0.421  1.9807E+01      1.4416E+02   9.6558E+00  6.4673E-01
      2.574      0.389  2.0703E+01      1.5829E+02   9.7885E+00  6.0531E-01
      2.788      0.359  1.8985E+01      1.5669E+02   8.9459E+00  5.1075E-01
      3.019      0.331  1.6416E+01      1.4840E+02   7.8225E+00  4.1235E-01
      3.270      0.306  1.0325E+01      1.4402E+02   7.0091E+00  3.4112E-01
      3.542      0.282  9.5952E+00      1.4123E+02   6.3458E+00  2.8514E-01
      3.836      0.261  1.2486E+01      1.4778E+02   6.1308E+00  2.5434E-01
      4.155      0.241  1.1798E+01      1.5066E+02   5.7706E+00  2.2102E-01
      4.501      0.222  1.0303E+01      1.4364E+02   5.0796E+00  1.7963E-01
      4.875      0.205  8.2587E+00      1.3269E+02   4.3323E+00  1.4145E-01
      5.280      0.189  4.5311E+00      1.2464E+02   3.7570E+00  1.1325E-01
      5.719      0.175  8.8998E+00      1.3217E+02   3.6784E+00  1.0237E-01
      6.194      0.161  5.4252E+00      1.2331E+02   3.1686E+00  8.1418E-02
      6.709      0.149  4.3799E+00      1.1215E+02   2.6606E+00  6.3119E-02
      7.266      0.138  3.8422E+00      1.0536E+02   2.3077E+00  5.0547E-02
      7.870      0.127  4.1739E+00      1.0255E+02   2.0738E+00  4.1937E-02
      8.524      0.117  3.1827E+00      9.9651E+01   1.8606E+00  3.4739E-02
      9.233      0.108  3.2721E+00      9.5717E+01   1.6500E+00  2.8443E-02
     10.000      0.100  2.8704E+00      9.3783E+01   1.4926E+00  2.3756E-02
 
 
