**********************************************
*******     Site #   1
Average PSA and Fourier spectrum over    20 trials
damping:   5%
  50 samples
Mag.          =      6.00
siteLat       =     44.90
siteLon       =     11.54
depth         =      1.00
R             =     40.04
azimuth       =   4902.55
fault Dis.(km)=    28.91
Hypo  Dis.(km)=    35.16
Input Parameters file =  atzori_29.05_T821_x_parameters.out                                                                                      
 data format: (1x,f10.3, 1p, 1x,e11.4, 5x,e11.4, 2x,e11.4, 1x,e11.4)
   freq(Hz)     per(s) FAS(cm/sec) avgPSA(cm/s**2) avgPSV(cm/s)   avgSD(cm)        minY        maxY
     -1.000        NaN         NaN             Nan   1.0276E+01         Nan
    999.900      0.000         Nan      9.7673E+01          NaN         NaN  7.3083E+01  1.2457E+02
      0.200      5.000  7.8276E+00      8.2410E+00   6.5580E+00  5.2187E+00
      0.217      4.616  7.8276E+00      9.9436E+00   7.3057E+00  5.3676E+00
      0.235      4.262  9.3652E+00      1.1764E+01   7.9802E+00  5.4133E+00
      0.254      3.935  1.0762E+01      1.3855E+01   8.6769E+00  5.4342E+00
      0.275      3.633  1.1847E+01      1.6203E+01   9.3689E+00  5.4174E+00
      0.298      3.354  1.2511E+01      1.8579E+01   9.9185E+00  5.2951E+00
      0.323      3.097  1.2961E+01      2.1149E+01   1.0424E+01  5.1380E+00
      0.350      2.859  1.3433E+01      2.3912E+01   1.0882E+01  4.9520E+00
      0.379      2.640  1.3936E+01      2.7266E+01   1.1456E+01  4.8133E+00
      0.410      2.437  1.4560E+01      3.1556E+01   1.2241E+01  4.7484E+00
      0.444      2.250  1.6142E+01      3.7162E+01   1.3309E+01  4.7667E+00
      0.481      2.078  1.6800E+01      4.3679E+01   1.4443E+01  4.7759E+00
      0.521      1.918  1.8478E+01      5.0663E+01   1.5467E+01  4.7220E+00
      0.565      1.771  2.1482E+01      6.0460E+01   1.7041E+01  4.8034E+00
      0.612      1.635  2.5360E+01      7.2584E+01   1.8889E+01  4.9156E+00
      0.662      1.510  2.8433E+01      8.3679E+01   2.0105E+01  4.8307E+00
      0.717      1.394  2.9946E+01      8.8833E+01   1.9706E+01  4.3714E+00
      0.777      1.287  2.9049E+01      8.6979E+01   1.7814E+01  3.6485E+00
      0.842      1.188  2.3213E+01      8.2803E+01   1.5658E+01  2.9608E+00
      0.912      1.097  1.7111E+01      8.1218E+01   1.4179E+01  2.4755E+00
      0.987      1.013  1.5098E+01      8.1892E+01   1.3200E+01  2.1277E+00
      1.069      0.935  1.4156E+01      8.6659E+01   1.2897E+01  1.9193E+00
      1.158      0.863  1.4323E+01      9.5363E+01   1.3103E+01  1.8003E+00
      1.255      0.797  1.6688E+01      1.1069E+02   1.4041E+01  1.7812E+00
      1.359      0.736  2.1458E+01      1.3106E+02   1.5350E+01  1.7979E+00
      1.472      0.679  2.6134E+01      1.5821E+02   1.7108E+01  1.8500E+00
      1.594      0.627  3.1518E+01      1.9005E+02   1.8974E+01  1.8943E+00
      1.727      0.579  3.2383E+01      2.0356E+02   1.8763E+01  1.7295E+00
      1.870      0.535  2.7350E+01      1.9327E+02   1.6448E+01  1.3998E+00
      2.026      0.494  2.3167E+01      2.0121E+02   1.5810E+01  1.2423E+00
      2.194      0.456  2.5699E+01      2.0939E+02   1.5190E+01  1.1019E+00
      2.376      0.421  2.3445E+01      2.2002E+02   1.4736E+01  9.8701E-01
      2.574      0.389  2.4403E+01      2.3305E+02   1.4411E+01  8.9118E-01
      2.788      0.359  2.6951E+01      2.4317E+02   1.3883E+01  7.9264E-01
      3.019      0.331  1.7222E+01      2.2927E+02   1.2086E+01  6.3706E-01
      3.270      0.306  1.8244E+01      2.2220E+02   1.0814E+01  5.2628E-01
      3.542      0.282  1.5075E+01      2.1598E+02   9.7048E+00  4.3607E-01
      3.836      0.261  1.8189E+01      2.2715E+02   9.4232E+00  3.9092E-01
      4.155      0.241  1.2321E+01      2.0937E+02   8.0194E+00  3.0716E-01
      4.501      0.222  9.6753E+00      2.0695E+02   7.3184E+00  2.5880E-01
      4.875      0.205  1.2320E+01      2.0819E+02   6.7973E+00  2.2193E-01
      5.280      0.189  1.2203E+01      2.1591E+02   6.5085E+00  1.9619E-01
      5.719      0.175  1.1010E+01      2.1251E+02   5.9144E+00  1.6460E-01
      6.194      0.161  8.1994E+00      1.9760E+02   5.0775E+00  1.3047E-01
      6.709      0.149  8.5375E+00      1.9431E+02   4.6098E+00  1.0936E-01
      7.266      0.138  7.7357E+00      1.9568E+02   4.2861E+00  9.3879E-02
      7.870      0.127  8.2885E+00      1.9574E+02   3.9583E+00  8.0047E-02
      8.524      0.117  7.2457E+00      1.9909E+02   3.7172E+00  6.9403E-02
      9.233      0.108  6.2445E+00      1.8917E+02   3.2610E+00  5.6213E-02
     10.000      0.100  5.4568E+00      1.7303E+02   2.7538E+00  4.3828E-02
 
 
