  isite ihyp  i0  j0   i   j nsubs Diff_T_arrive NoOfEffectiveSubfaults NumberOfActiveSubs     f0main 1stElmntF0         f0        hij iflagscalefactor   1/f0main    1/1stF0       1/f0 riset_orig    dur_sub subFaultM0  Tot/subM0
      1    1  11   7   1   1   273     3.506E+00                      5                152  2.903E-01  1.883E+00  3.529E-01  1.135E+01                2  3.445E+00  5.310E-01  2.834E+00  1.069E-01  6.816E+00  0.000E+00  Infinity 
      1    1  11   7   1   2   273     3.439E+00                      5                152  2.903E-01  1.883E+00  3.529E-01  1.135E+01                2  3.445E+00  5.310E-01  2.834E+00  1.069E-01  6.825E+00  0.000E+00  Infinity 
      1    1  11   7   1   3   273     3.387E+00                      5                152  2.903E-01  1.883E+00  3.529E-01  1.135E+01                2  3.445E+00  5.310E-01  2.834E+00  1.069E-01  6.834E+00  0.000E+00  Infinity 
      1    1  11   7   1   4   273     3.352E+00                      5                152  2.903E-01  1.883E+00  3.529E-01  1.135E+01                2  3.445E+00  5.310E-01  2.834E+00  1.069E-01  6.844E+00  0.000E+00  Infinity 
      1    1  11   7   1   5   273     3.336E+00                      5                152  2.903E-01  1.883E+00  3.529E-01  1.135E+01                2  3.445E+00  5.310E-01  2.834E+00  1.069E-01  6.854E+00  8.913E+21  1.259E+03
      1    1  11   7   1   6   273     3.340E+00                      5                152  2.903E-01  1.883E+00  3.529E-01  1.135E+01                2  3.445E+00  5.310E-01  2.834E+00  1.069E-01  6.866E+00  1.433E+22  7.830E+02
      1    1  11   7   1   7   273     3.364E+00                      5                152  2.903E-01  1.883E+00  3.529E-01  1.135E+01                2  3.445E+00  5.310E-01  2.834E+00  1.069E-01  6.878E+00  7.373E+21  1.522E+03
      1    1  11   7   1   8   273     3.409E+00                      5                152  2.903E-01  1.883E+00  3.529E-01  1.135E+01                2  3.445E+00  5.310E-01  2.834E+00  1.069E-01  6.890E+00  0.000E+00  Infinity 
      1    1  11   7   1   9   273     3.474E+00                      5                152  2.903E-01  1.883E+00  3.529E-01  1.135E+01                2  3.445E+00  5.310E-01  2.834E+00  1.069E-01  6.904E+00  0.000E+00  Infinity 
      1    1  11   7   1  10   273     3.559E+00                      5                152  2.903E-01  1.883E+00  3.529E-01  1.135E+01                2  3.445E+00  5.310E-01  2.834E+00  1.069E-01  6.918E+00  0.000E+00  Infinity 
      1    1  11   7   1  11   273     3.662E+00                      5                152  2.903E-01  1.883E+00  3.529E-01  1.135E+01                2  3.445E+00  5.310E-01  2.834E+00  1.069E-01  6.933E+00  0.000E+00  Infinity 
      1    1  11   7   1  12   273     3.783E+00                      5                152  2.903E-01  1.883E+00  3.529E-01  1.135E+01                2  3.445E+00  5.310E-01  2.834E+00  1.069E-01  6.948E+00  0.000E+00  Infinity 
      1    1  11   7   1  13   273     3.918E+00                      5                152  2.903E-01  1.883E+00  3.529E-01  1.135E+01                2  3.445E+00  5.310E-01  2.834E+00  1.069E-01  6.964E+00  0.000E+00  Infinity 
      1    1  11   7   2   1   273     3.196E+00                      5                166  2.903E-01  1.883E+00  3.426E-01  1.201E+01                2  3.445E+00  5.310E-01  2.918E+00  1.069E-01  6.847E+00  0.000E+00  Infinity 
      1    1  11   7   2   2   273     3.121E+00                      5                166  2.903E-01  1.883E+00  3.426E-01  1.201E+01                2  3.445E+00  5.310E-01  2.918E+00  1.069E-01  6.855E+00  0.000E+00  Infinity 
      1    1  11   7   2   3   273     3.063E+00                      5                166  2.903E-01  1.883E+00  3.426E-01  1.201E+01                2  3.445E+00  5.310E-01  2.918E+00  1.069E-01  6.865E+00  0.000E+00  Infinity 
      1    1  11   7   2   4   273     3.023E+00                      5                166  2.903E-01  1.883E+00  3.426E-01  1.201E+01                2  3.445E+00  5.310E-01  2.918E+00  1.069E-01  6.875E+00  2.512E+22  4.467E+02
      1    1  11   7   2   5   273     3.002E+00                      5                166  2.903E-01  1.883E+00  3.426E-01  1.201E+01                2  3.445E+00  5.310E-01  2.918E+00  1.069E-01  6.885E+00  5.698E+22  1.969E+02
      1    1  11   7   2   6   273     3.004E+00                      5                166  2.903E-01  1.883E+00  3.426E-01  1.201E+01                2  3.445E+00  5.310E-01  2.918E+00  1.069E-01  6.897E+00  6.514E+22  1.723E+02
      1    1  11   7   2   7   273     3.027E+00                      5                166  2.903E-01  1.883E+00  3.426E-01  1.201E+01                2  3.445E+00  5.310E-01  2.918E+00  1.069E-01  6.909E+00  4.390E+22  2.556E+02
      1    1  11   7   2   8   273     3.073E+00                      5                166  2.903E-01  1.883E+00  3.426E-01  1.201E+01                2  3.445E+00  5.310E-01  2.918E+00  1.069E-01  6.922E+00  1.501E+22  7.477E+02
      1    1  11   7   2   9   273     3.142E+00                      5                166  2.903E-01  1.883E+00  3.426E-01  1.201E+01                2  3.445E+00  5.310E-01  2.918E+00  1.069E-01  6.936E+00  0.000E+00  Infinity 
      1    1  11   7   2  10   273     3.232E+00                      5                166  2.903E-01  1.883E+00  3.426E-01  1.201E+01                2  3.445E+00  5.310E-01  2.918E+00  1.069E-01  6.950E+00  0.000E+00  Infinity 
      1    1  11   7   2  11   273     3.342E+00                      5                166  2.903E-01  1.883E+00  3.426E-01  1.201E+01                2  3.445E+00  5.310E-01  2.918E+00  1.069E-01  6.965E+00  0.000E+00  Infinity 
      1    1  11   7   2  12   273     3.470E+00                      5                166  2.903E-01  1.883E+00  3.426E-01  1.201E+01                2  3.445E+00  5.310E-01  2.918E+00  1.069E-01  6.981E+00  0.000E+00  Infinity 
      1    1  11   7   2  13   273     3.613E+00                      5                166  2.903E-01  1.883E+00  3.426E-01  1.201E+01                2  3.445E+00  5.310E-01  2.918E+00  1.069E-01  6.997E+00  0.000E+00  Infinity 
      1    1  11   7   3   1   273     2.891E+00                      5                172  2.903E-01  1.883E+00  3.386E-01  1.228E+01                2  3.445E+00  5.310E-01  2.953E+00  1.069E-01  6.828E+00  0.000E+00  Infinity 
      1    1  11   7   3   2   273     2.809E+00                      5                172  2.903E-01  1.883E+00  3.386E-01  1.228E+01                2  3.445E+00  5.310E-01  2.953E+00  1.069E-01  6.836E+00  0.000E+00  Infinity 
      1    1  11   7   3   3   273     2.743E+00                      5                172  2.903E-01  1.883E+00  3.386E-01  1.228E+01                2  3.445E+00  5.310E-01  2.953E+00  1.069E-01  6.846E+00  7.669E+21  1.463E+03
      1    1  11   7   3   4   273     2.695E+00                      5                172  2.903E-01  1.883E+00  3.386E-01  1.228E+01                2  3.445E+00  5.310E-01  2.953E+00  1.069E-01  6.856E+00  6.369E+22  1.762E+02
      1    1  11   7   3   5   273     2.670E+00                      5                172  2.903E-01  1.883E+00  3.386E-01  1.228E+01                2  3.445E+00  5.310E-01  2.953E+00  1.069E-01  6.867E+00  1.219E+23  9.207E+01
      1    1  11   7   3   6   273     2.667E+00                      5                172  2.903E-01  1.883E+00  3.386E-01  1.228E+01                2  3.445E+00  5.310E-01  2.953E+00  1.069E-01  6.879E+00  1.320E+23  8.503E+01
      1    1  11   7   3   7   273     2.690E+00                      5                172  2.903E-01  1.883E+00  3.386E-01  1.228E+01                2  3.445E+00  5.310E-01  2.953E+00  1.069E-01  6.891E+00  9.123E+22  1.230E+02
      1    1  11   7   3   8   273     2.738E+00                      5                172  2.903E-01  1.883E+00  3.386E-01  1.228E+01                2  3.445E+00  5.310E-01  2.953E+00  1.069E-01  6.904E+00  3.607E+22  3.111E+02
      1    1  11   7   3   9   273     2.811E+00                      5                172  2.903E-01  1.883E+00  3.386E-01  1.228E+01                2  3.445E+00  5.310E-01  2.953E+00  1.069E-01  6.918E+00  3.160E+21  3.551E+03
      1    1  11   7   3  10   273     2.908E+00                      5                172  2.903E-01  1.883E+00  3.386E-01  1.228E+01                2  3.445E+00  5.310E-01  2.953E+00  1.069E-01  6.932E+00  0.000E+00  Infinity 
      1    1  11   7   3  11   273     3.025E+00                      5                172  2.903E-01  1.883E+00  3.386E-01  1.228E+01                2  3.445E+00  5.310E-01  2.953E+00  1.069E-01  6.948E+00  0.000E+00  Infinity 
      1    1  11   7   3  12   273     3.162E+00                      5                172  2.903E-01  1.883E+00  3.386E-01  1.228E+01                2  3.445E+00  5.310E-01  2.953E+00  1.069E-01  6.963E+00  0.000E+00  Infinity 
      1    1  11   7   3  13   273     3.314E+00                      5                172  2.903E-01  1.883E+00  3.386E-01  1.228E+01                2  3.445E+00  5.310E-01  2.953E+00  1.069E-01  6.980E+00  0.000E+00  Infinity 
      1    1  11   7   4   1   273     2.593E+00                      5                170  2.903E-01  1.883E+00  3.399E-01  1.219E+01                2  3.445E+00  5.310E-01  2.942E+00  1.069E-01  6.762E+00  0.000E+00  Infinity 
      1    1  11   7   4   2   273     2.501E+00                      5                170  2.903E-01  1.883E+00  3.399E-01  1.219E+01                2  3.445E+00  5.310E-01  2.942E+00  1.069E-01  6.771E+00  0.000E+00  Infinity 
      1    1  11   7   4   3   273     2.426E+00                      5                170  2.903E-01  1.883E+00  3.399E-01  1.219E+01                2  3.445E+00  5.310E-01  2.942E+00  1.069E-01  6.781E+00  4.880E+21  2.299E+03
      1    1  11   7   4   4   273     2.371E+00                      5                170  2.903E-01  1.883E+00  3.399E-01  1.219E+01                2  3.445E+00  5.310E-01  2.942E+00  1.069E-01  6.791E+00  7.935E+22  1.414E+02
      1    1  11   7   4   5   273     2.338E+00                      5                170  2.903E-01  1.883E+00  3.399E-01  1.219E+01                2  3.445E+00  5.310E-01  2.942E+00  1.069E-01  6.802E+00  1.580E+23  7.103E+01
      1    1  11   7   4   6   273     2.332E+00                      5                170  2.903E-01  1.883E+00  3.399E-01  1.219E+01                2  3.445E+00  5.310E-01  2.942E+00  1.069E-01  6.814E+00  1.707E+23  6.574E+01
      1    1  11   7   4   7   273     2.353E+00                      5                170  2.903E-01  1.883E+00  3.399E-01  1.219E+01                2  3.445E+00  5.310E-01  2.942E+00  1.069E-01  6.827E+00  1.159E+23  9.683E+01
      1    1  11   7   4   8   273     2.404E+00                      5                170  2.903E-01  1.883E+00  3.399E-01  1.219E+01                2  3.445E+00  5.310E-01  2.942E+00  1.069E-01  6.840E+00  4.396E+22  2.553E+02
      1    1  11   7   4   9   273     2.482E+00                      5                170  2.903E-01  1.883E+00  3.399E-01  1.219E+01                2  3.445E+00  5.310E-01  2.942E+00  1.069E-01  6.854E+00  3.218E+21  3.486E+03
      1    1  11   7   4  10   273     2.586E+00                      5                170  2.903E-01  1.883E+00  3.399E-01  1.219E+01                2  3.445E+00  5.310E-01  2.942E+00  1.069E-01  6.869E+00  0.000E+00  Infinity 
      1    1  11   7   4  11   273     2.713E+00                      5                170  2.903E-01  1.883E+00  3.399E-01  1.219E+01                2  3.445E+00  5.310E-01  2.942E+00  1.069E-01  6.884E+00  0.000E+00  Infinity 
      1    1  11   7   4  12   273     2.859E+00                      5                170  2.903E-01  1.883E+00  3.399E-01  1.219E+01                2  3.445E+00  5.310E-01  2.942E+00  1.069E-01  6.900E+00  0.000E+00  Infinity 
      1    1  11   7   4  13   273     3.022E+00                      5                170  2.903E-01  1.883E+00  3.399E-01  1.219E+01                2  3.445E+00  5.310E-01  2.942E+00  1.069E-01  6.917E+00  0.000E+00  Infinity 
      1    1  11   7   5   1   273     2.304E+00                      5                160  2.903E-01  1.883E+00  3.469E-01  1.173E+01                2  3.445E+00  5.310E-01  2.883E+00  1.069E-01  6.650E+00  0.000E+00  Infinity 
      1    1  11   7   5   2   273     2.202E+00                      5                160  2.903E-01  1.883E+00  3.469E-01  1.173E+01                2  3.445E+00  5.310E-01  2.883E+00  1.069E-01  6.659E+00  0.000E+00  Infinity 
      1    1  11   7   5   3   273     2.116E+00                      5                160  2.903E-01  1.883E+00  3.469E-01  1.173E+01                2  3.445E+00  5.310E-01  2.883E+00  1.069E-01  6.668E+00  0.000E+00  Infinity 
      1    1  11   7   5   4   273     2.050E+00                      5                160  2.903E-01  1.883E+00  3.469E-01  1.173E+01                2  3.445E+00  5.310E-01  2.883E+00  1.069E-01  6.679E+00  6.072E+22  1.848E+02
      1    1  11   7   5   5   273     2.009E+00                      5                160  2.903E-01  1.883E+00  3.469E-01  1.173E+01                2  3.445E+00  5.310E-01  2.883E+00  1.069E-01  6.690E+00  1.447E+23  7.753E+01
      1    1  11   7   5   6   273     1.997E+00                      5                160  2.903E-01  1.883E+00  3.469E-01  1.173E+01                2  3.445E+00  5.310E-01  2.883E+00  1.069E-01  6.702E+00  1.613E+23  6.956E+01
      1    1  11   7   5   7   273     2.017E+00                      5                160  2.903E-01  1.883E+00  3.469E-01  1.173E+01                2  3.445E+00  5.310E-01  2.883E+00  1.069E-01  6.715E+00  1.035E+23  1.084E+02
      1    1  11   7   5   8   273     2.070E+00                      5                160  2.903E-01  1.883E+00  3.469E-01  1.173E+01                2  3.445E+00  5.310E-01  2.883E+00  1.069E-01  6.728E+00  3.170E+22  3.540E+02
      1    1  11   7   5   9   273     2.155E+00                      5                160  2.903E-01  1.883E+00  3.469E-01  1.173E+01                2  3.445E+00  5.310E-01  2.883E+00  1.069E-01  6.743E+00  0.000E+00  Infinity 
      1    1  11   7   5  10   273     2.268E+00                      5                160  2.903E-01  1.883E+00  3.469E-01  1.173E+01                2  3.445E+00  5.310E-01  2.883E+00  1.069E-01  6.757E+00  0.000E+00  Infinity 
      1    1  11   7   5  11   273     2.406E+00                      5                160  2.903E-01  1.883E+00  3.469E-01  1.173E+01                2  3.445E+00  5.310E-01  2.883E+00  1.069E-01  6.773E+00  0.000E+00  Infinity 
      1    1  11   7   5  12   273     2.565E+00                      5                160  2.903E-01  1.883E+00  3.469E-01  1.173E+01                2  3.445E+00  5.310E-01  2.883E+00  1.069E-01  6.789E+00  0.000E+00  Infinity 
      1    1  11   7   5  13   273     2.739E+00                      5                160  2.903E-01  1.883E+00  3.469E-01  1.173E+01                2  3.445E+00  5.310E-01  2.883E+00  1.069E-01  6.806E+00  0.000E+00  Infinity 
      1    1  11   7   6   1   273     2.027E+00                      5                160  2.903E-01  1.883E+00  3.469E-01  1.173E+01                2  3.445E+00  5.310E-01  2.883E+00  1.069E-01  6.596E+00  0.000E+00  Infinity 
      1    1  11   7   6   2   273     1.912E+00                      5                120  2.903E-01  1.883E+00  3.818E-01  9.763E+00                2  3.445E+00  5.310E-01  2.619E+00  1.069E-01  6.341E+00  0.000E+00  Infinity 
      1    1  11   7   6   3   273     1.814E+00                      5                120  2.903E-01  1.883E+00  3.818E-01  9.763E+00                2  3.445E+00  5.310E-01  2.619E+00  1.069E-01  6.351E+00  0.000E+00  Infinity 
      1    1  11   7   6   4   273     1.736E+00                      5                120  2.903E-01  1.883E+00  3.818E-01  9.763E+00                2  3.445E+00  5.310E-01  2.619E+00  1.069E-01  6.362E+00  2.742E+22  4.091E+02
      1    1  11   7   6   5   273     1.683E+00                      5                120  2.903E-01  1.883E+00  3.818E-01  9.763E+00                2  3.445E+00  5.310E-01  2.619E+00  1.069E-01  6.373E+00  1.074E+23  1.045E+02
      1    1  11   7   6   6   273     1.663E+00                      5                120  2.903E-01  1.883E+00  3.818E-01  9.763E+00                2  3.445E+00  5.310E-01  2.619E+00  1.069E-01  6.386E+00  1.275E+23  8.801E+01
      1    1  11   7   6   7   273     1.680E+00                      5                120  2.903E-01  1.883E+00  3.818E-01  9.763E+00                2  3.445E+00  5.310E-01  2.619E+00  1.069E-01  6.398E+00  7.215E+22  1.555E+02
      1    1  11   7   6   8   273     1.737E+00                      5                120  2.903E-01  1.883E+00  3.818E-01  9.763E+00                2  3.445E+00  5.310E-01  2.619E+00  1.069E-01  6.412E+00  1.120E+22  1.002E+03
      1    1  11   7   6   9   273     1.831E+00                      5                120  2.903E-01  1.883E+00  3.818E-01  9.763E+00                2  3.445E+00  5.310E-01  2.619E+00  1.069E-01  6.426E+00  0.000E+00  Infinity 
      1    1  11   7   6  10   273     1.957E+00                      5                120  2.903E-01  1.883E+00  3.818E-01  9.763E+00                2  3.445E+00  5.310E-01  2.619E+00  1.069E-01  6.442E+00  0.000E+00  Infinity 
      1    1  11   7   6  11   273     2.108E+00                      5                120  2.903E-01  1.883E+00  3.818E-01  9.763E+00                2  3.445E+00  5.310E-01  2.619E+00  1.069E-01  6.457E+00  0.000E+00  Infinity 
      1    1  11   7   6  12   273     2.280E+00                      5                120  2.903E-01  1.883E+00  3.818E-01  9.763E+00                2  3.445E+00  5.310E-01  2.619E+00  1.069E-01  6.474E+00  0.000E+00  Infinity 
      1    1  11   7   6  13   273     2.468E+00                      5                160  2.903E-01  1.883E+00  3.469E-01  1.173E+01                2  3.445E+00  5.310E-01  2.883E+00  1.069E-01  6.755E+00  0.000E+00  Infinity 
      1    1  11   7   7   1   273     1.764E+00                      5                160  2.903E-01  1.883E+00  3.469E-01  1.173E+01                2  3.445E+00  5.310E-01  2.883E+00  1.069E-01  6.542E+00  0.000E+00  Infinity 
      1    1  11   7   7   2   273     1.637E+00                      5                120  2.903E-01  1.883E+00  3.818E-01  9.763E+00                2  3.445E+00  5.310E-01  2.619E+00  1.069E-01  6.288E+00  0.000E+00  Infinity 
      1    1  11   7   7   3   273     1.524E+00                      5                 81  2.903E-01  1.883E+00  4.352E-01  7.606E+00                2  3.445E+00  5.310E-01  2.298E+00  1.069E-01  5.976E+00  0.000E+00  Infinity 
      1    1  11   7   7   4   273     1.430E+00                      5                 81  2.903E-01  1.883E+00  4.352E-01  7.606E+00                2  3.445E+00  5.310E-01  2.298E+00  1.069E-01  5.987E+00  1.991E+22  5.636E+02
      1    1  11   7   7   5   273     1.362E+00                      5                 81  2.903E-01  1.883E+00  4.352E-01  7.606E+00                2  3.445E+00  5.310E-01  2.298E+00  1.069E-01  5.999E+00  1.042E+23  1.076E+02
      1    1  11   7   7   6   273     1.331E+00                      5                 81  2.903E-01  1.883E+00  4.352E-01  7.606E+00                2  3.445E+00  5.310E-01  2.298E+00  1.069E-01  6.011E+00  1.224E+23  9.170E+01
      1    1  11   7   7   7   273     1.344E+00                      5                 81  2.903E-01  1.883E+00  4.352E-01  7.606E+00                2  3.445E+00  5.310E-01  2.298E+00  1.069E-01  6.024E+00  5.924E+22  1.894E+02
      1    1  11   7   7   8   273     1.405E+00                      5                 81  2.903E-01  1.883E+00  4.352E-01  7.606E+00                2  3.445E+00  5.310E-01  2.298E+00  1.069E-01  6.038E+00  0.000E+00  Infinity 
      1    1  11   7   7   9   273     1.512E+00                      5                 81  2.903E-01  1.883E+00  4.352E-01  7.606E+00                2  3.445E+00  5.310E-01  2.298E+00  1.069E-01  6.052E+00  0.000E+00  Infinity 
      1    1  11   7   7  10   273     1.654E+00                      5                 81  2.903E-01  1.883E+00  4.352E-01  7.606E+00                2  3.445E+00  5.310E-01  2.298E+00  1.069E-01  6.068E+00  0.000E+00  Infinity 
      1    1  11   7   7  11   273     1.822E+00                      5                 81  2.903E-01  1.883E+00  4.352E-01  7.606E+00                2  3.445E+00  5.310E-01  2.298E+00  1.069E-01  6.084E+00  0.000E+00  Infinity 
      1    1  11   7   7  12   273     2.010E+00                      5                120  2.903E-01  1.883E+00  3.818E-01  9.763E+00                2  3.445E+00  5.310E-01  2.619E+00  1.069E-01  6.422E+00  0.000E+00  Infinity 
      1    1  11   7   7  13   273     2.211E+00                      5                160  2.903E-01  1.883E+00  3.469E-01  1.173E+01                2  3.445E+00  5.310E-01  2.883E+00  1.069E-01  6.703E+00  0.000E+00  Infinity 
      1    1  11   7   8   1   273     1.519E+00                      5                160  2.903E-01  1.883E+00  3.469E-01  1.173E+01                2  3.445E+00  5.310E-01  2.883E+00  1.069E-01  6.489E+00  0.000E+00  Infinity 
      1    1  11   7   8   2   273     1.379E+00                      5                120  2.903E-01  1.883E+00  3.818E-01  9.763E+00                2  3.445E+00  5.310E-01  2.619E+00  1.069E-01  6.234E+00  0.000E+00  Infinity 
      1    1  11   7   8   3   273     1.250E+00                      5                 81  2.903E-01  1.883E+00  4.352E-01  7.606E+00                2  3.445E+00  5.310E-01  2.298E+00  1.069E-01  5.923E+00  0.000E+00  Infinity 
      1    1  11   7   8   4   273     1.138E+00                      5                 49  2.903E-01  1.883E+00  5.146E-01  5.540E+00                2  3.445E+00  5.310E-01  1.943E+00  1.069E-01  5.579E+00  6.702E+22  1.674E+02
      1    1  11   7   8   5   273     1.050E+00                      5                 49  2.903E-01  1.883E+00  5.146E-01  5.540E+00                2  3.445E+00  5.310E-01  1.943E+00  1.069E-01  5.591E+00  1.750E+23  6.411E+01
      1    1  11   7   8   6   273     1.001E+00                      5                 49  2.903E-01  1.883E+00  5.146E-01  5.540E+00                2  3.445E+00  5.310E-01  1.943E+00  1.069E-01  5.604E+00  1.831E+23  6.127E+01
      1    1  11   7   8   7   273     1.008E+00                      5                 49  2.903E-01  1.883E+00  5.146E-01  5.540E+00                2  3.445E+00  5.310E-01  1.943E+00  1.069E-01  5.617E+00  9.000E+22  1.247E+02
      1    1  11   7   8   8   273     1.077E+00                      5                 49  2.903E-01  1.883E+00  5.146E-01  5.540E+00                2  3.445E+00  5.310E-01  1.943E+00  1.069E-01  5.631E+00  3.238E+21  3.465E+03
      1    1  11   7   8   9   273     1.202E+00                      5                 49  2.903E-01  1.883E+00  5.146E-01  5.540E+00                2  3.445E+00  5.310E-01  1.943E+00  1.069E-01  5.646E+00  0.000E+00  Infinity 
      1    1  11   7   8  10   273     1.365E+00                      5                 49  2.903E-01  1.883E+00  5.146E-01  5.540E+00                2  3.445E+00  5.310E-01  1.943E+00  1.069E-01  5.661E+00  0.000E+00  Infinity 
      1    1  11   7   8  11   273     1.553E+00                      5                 81  2.903E-01  1.883E+00  4.352E-01  7.606E+00                2  3.445E+00  5.310E-01  2.298E+00  1.069E-01  6.032E+00  0.000E+00  Infinity 
      1    1  11   7   8  12   273     1.757E+00                      5                120  2.903E-01  1.883E+00  3.818E-01  9.763E+00                2  3.445E+00  5.310E-01  2.619E+00  1.069E-01  6.371E+00  0.000E+00  Infinity 
      1    1  11   7   8  13   273     1.972E+00                      5                160  2.903E-01  1.883E+00  3.469E-01  1.173E+01                2  3.445E+00  5.310E-01  2.883E+00  1.069E-01  6.652E+00  0.000E+00  Infinity 
      1    1  11   7   9   1   273     1.297E+00                      5                160  2.903E-01  1.883E+00  3.469E-01  1.173E+01                2  3.445E+00  5.310E-01  2.883E+00  1.069E-01  6.435E+00  0.000E+00  Infinity 
      1    1  11   7   9   2   273     1.146E+00                      5                120  2.903E-01  1.883E+00  3.818E-01  9.763E+00                2  3.445E+00  5.310E-01  2.619E+00  1.069E-01  6.181E+00  0.000E+00  Infinity 
      1    1  11   7   9   3   273     1.002E+00                      5                 81  2.903E-01  1.883E+00  4.352E-01  7.606E+00                2  3.445E+00  5.310E-01  2.298E+00  1.069E-01  5.870E+00  2.553E+21  4.395E+03
      1    1  11   7   9   4   273     8.688E-01                      5                 49  2.903E-01  1.883E+00  5.146E-01  5.540E+00                2  3.445E+00  5.310E-01  1.943E+00  1.069E-01  5.526E+00  1.463E+23  7.671E+01
      1    1  11   7   9   5   273     7.551E-01                      5                 25  2.903E-01  1.883E+00  6.440E-01  3.639E+00                2  3.445E+00  5.310E-01  1.553E+00  1.069E-01  5.148E+00  2.933E+23  3.826E+01
      1    1  11   7   9   6   273     6.786E-01                      5                 25  2.903E-01  1.883E+00  6.440E-01  3.639E+00                2  3.445E+00  5.310E-01  1.553E+00  1.069E-01  5.160E+00  2.940E+23  3.816E+01
      1    1  11   7   9   7   273     6.716E-01                      5                 25  2.903E-01  1.883E+00  6.440E-01  3.639E+00                2  3.445E+00  5.310E-01  1.553E+00  1.069E-01  5.174E+00  1.625E+23  6.905E+01
      1    1  11   7   9   8   273     7.556E-01                      5                 25  2.903E-01  1.883E+00  6.440E-01  3.639E+00                2  3.445E+00  5.310E-01  1.553E+00  1.069E-01  5.188E+00  3.057E+22  3.671E+02
      1    1  11   7   9   9   273     9.090E-01                      5                 25  2.903E-01  1.883E+00  6.440E-01  3.639E+00                2  3.445E+00  5.310E-01  1.553E+00  1.069E-01  5.203E+00  0.000E+00  Infinity 
      1    1  11   7   9  10   273     1.099E+00                      5                 49  2.903E-01  1.883E+00  5.146E-01  5.540E+00                2  3.445E+00  5.310E-01  1.943E+00  1.069E-01  5.609E+00  0.000E+00  Infinity 
      1    1  11   7   9  11   273     1.309E+00                      5                 81  2.903E-01  1.883E+00  4.352E-01  7.606E+00                2  3.445E+00  5.310E-01  2.298E+00  1.069E-01  5.980E+00  0.000E+00  Infinity 
      1    1  11   7   9  12   273     1.529E+00                      5                120  2.903E-01  1.883E+00  3.818E-01  9.763E+00                2  3.445E+00  5.310E-01  2.619E+00  1.069E-01  6.319E+00  0.000E+00  Infinity 
      1    1  11   7   9  13   273     1.757E+00                      5                160  2.903E-01  1.883E+00  3.469E-01  1.173E+01                2  3.445E+00  5.310E-01  2.883E+00  1.069E-01  6.601E+00  0.000E+00  Infinity 
      1    1  11   7  10   1   273     1.102E+00                      5                160  2.903E-01  1.883E+00  3.469E-01  1.173E+01                2  3.445E+00  5.310E-01  2.883E+00  1.069E-01  6.381E+00  0.000E+00  Infinity 
      1    1  11   7  10   2   273     9.425E-01                      5                120  2.903E-01  1.883E+00  3.818E-01  9.763E+00                2  3.445E+00  5.310E-01  2.619E+00  1.069E-01  6.127E+00  0.000E+00  Infinity 
      1    1  11   7  10   3   273     7.871E-01                      5                 81  2.903E-01  1.883E+00  4.352E-01  7.606E+00                2  3.445E+00  5.310E-01  2.298E+00  1.069E-01  5.816E+00  1.277E+22  8.785E+02
      1    1  11   7  10   4   273     6.368E-01                      5                 49  2.903E-01  1.883E+00  5.146E-01  5.540E+00                2  3.445E+00  5.310E-01  1.943E+00  1.069E-01  5.473E+00  1.978E+23  5.672E+01
      1    1  11   7  10   5   273     4.953E-01                      5                 25  2.903E-01  1.883E+00  6.440E-01  3.639E+00                2  3.445E+00  5.310E-01  1.553E+00  1.069E-01  5.095E+00  3.822E+23  2.936E+01
      1    1  11   7  10   6   273     3.759E-01                      5                  9  2.903E-01  1.883E+00  9.053E-01  1.945E+00                2  3.445E+00  5.310E-01  1.105E+00  1.069E-01  4.659E+00  3.928E+23  2.857E+01
      1    1  11   7  10   7   273     3.357E-01                      5                  9  2.903E-01  1.883E+00  9.053E-01  1.945E+00                2  3.445E+00  5.310E-01  1.105E+00  1.069E-01  4.673E+00  2.391E+23  4.694E+01
      1    1  11   7  10   8   273     4.539E-01                      5                  9  2.903E-01  1.883E+00  9.053E-01  1.945E+00                2  3.445E+00  5.310E-01  1.105E+00  1.069E-01  4.688E+00  6.621E+22  1.695E+02
      1    1  11   7  10   9   273     6.514E-01                      5                 25  2.903E-01  1.883E+00  6.440E-01  3.639E+00                2  3.445E+00  5.310E-01  1.553E+00  1.069E-01  5.151E+00  0.000E+00  Infinity 
      1    1  11   7  10  10   273     8.708E-01                      5                 49  2.903E-01  1.883E+00  5.146E-01  5.540E+00                2  3.445E+00  5.310E-01  1.943E+00  1.069E-01  5.557E+00  0.000E+00  Infinity 
      1    1  11   7  10  11   273     1.099E+00                      5                 81  2.903E-01  1.883E+00  4.352E-01  7.606E+00                2  3.445E+00  5.310E-01  2.298E+00  1.069E-01  5.928E+00  0.000E+00  Infinity 
      1    1  11   7  10  12   273     1.332E+00                      5                120  2.903E-01  1.883E+00  3.818E-01  9.763E+00                2  3.445E+00  5.310E-01  2.619E+00  1.069E-01  6.268E+00  0.000E+00  Infinity 
      1    1  11   7  10  13   273     1.568E+00                      5                160  2.903E-01  1.883E+00  3.469E-01  1.173E+01                2  3.445E+00  5.310E-01  2.883E+00  1.069E-01  6.549E+00  0.000E+00  Infinity 
      1    1  11   7  11   1   273     9.370E-01                      5                160  2.903E-01  1.883E+00  3.469E-01  1.173E+01                2  3.445E+00  5.310E-01  2.883E+00  1.069E-01  6.328E+00  0.000E+00  Infinity 
      1    1  11   7  11   2   273     7.752E-01                      5                120  2.903E-01  1.883E+00  3.818E-01  9.763E+00                2  3.445E+00  5.310E-01  2.619E+00  1.069E-01  6.074E+00  0.000E+00  Infinity 
      1    1  11   7  11   3   273     6.156E-01                      5                 81  2.903E-01  1.883E+00  4.352E-01  7.606E+00                2  3.445E+00  5.310E-01  2.298E+00  1.069E-01  5.763E+00  0.000E+00  Infinity 
      1    1  11   7  11   4   273     4.584E-01                      5                 49  2.903E-01  1.883E+00  5.146E-01  5.540E+00                2  3.445E+00  5.310E-01  1.943E+00  1.069E-01  5.420E+00  1.770E+23  6.340E+01
      1    1  11   7  11   5   273     3.033E-01                      5                 25  2.903E-01  1.883E+00  6.440E-01  3.639E+00                2  3.445E+00  5.310E-01  1.553E+00  1.069E-01  5.042E+00  3.860E+23  2.907E+01
      1    1  11   7  11   6   273     1.506E-01                      5                  9  2.903E-01  1.883E+00  9.053E-01  1.945E+00                2  3.445E+00  5.310E-01  1.105E+00  1.069E-01  4.607E+00  4.261E+23  2.633E+01
      1    1  11   7  11   7   273     0.000E+00                      5                  1  2.903E-01  1.883E+00  1.883E+00  5.394E-01                2  3.445E+00  5.310E-01  5.310E-01  1.069E-01  4.047E+00  2.805E+23  3.999E+01
      1    1  11   7  11   8   273     2.298E-01                      5                  9  2.903E-01  1.883E+00  9.053E-01  1.945E+00                2  3.445E+00  5.310E-01  1.105E+00  1.069E-01  4.635E+00  9.107E+22  1.232E+02
      1    1  11   7  11   9   273     4.618E-01                      5                 25  2.903E-01  1.883E+00  6.440E-01  3.639E+00                2  3.445E+00  5.310E-01  1.553E+00  1.069E-01  5.099E+00  0.000E+00  Infinity 
      1    1  11   7  11  10   273     6.959E-01                      5                 49  2.903E-01  1.883E+00  5.146E-01  5.540E+00                2  3.445E+00  5.310E-01  1.943E+00  1.069E-01  5.505E+00  0.000E+00  Infinity 
      1    1  11   7  11  11   273     9.321E-01                      5                 81  2.903E-01  1.883E+00  4.352E-01  7.606E+00                2  3.445E+00  5.310E-01  2.298E+00  1.069E-01  5.877E+00  0.000E+00  Infinity 
      1    1  11   7  11  12   273     1.170E+00                      5                120  2.903E-01  1.883E+00  3.818E-01  9.763E+00                2  3.445E+00  5.310E-01  2.619E+00  1.069E-01  6.216E+00  0.000E+00  Infinity 
      1    1  11   7  11  13   273     1.411E+00                      5                160  2.903E-01  1.883E+00  3.469E-01  1.173E+01                2  3.445E+00  5.310E-01  2.883E+00  1.069E-01  6.498E+00  0.000E+00  Infinity 
      1    1  11   7  12   1   273     8.040E-01                      5                160  2.903E-01  1.883E+00  3.469E-01  1.173E+01                2  3.445E+00  5.310E-01  2.883E+00  1.069E-01  6.274E+00  0.000E+00  Infinity 
      1    1  11   7  12   2   273     6.457E-01                      5                120  2.903E-01  1.883E+00  3.818E-01  9.763E+00                2  3.445E+00  5.310E-01  2.619E+00  1.069E-01  6.021E+00  0.000E+00  Infinity 
      1    1  11   7  12   3   273     4.912E-01                      5                 81  2.903E-01  1.883E+00  4.352E-01  7.606E+00                2  3.445E+00  5.310E-01  2.298E+00  1.069E-01  5.710E+00  0.000E+00  Infinity 
      1    1  11   7  12   4   273     3.419E-01                      5                 49  2.903E-01  1.883E+00  5.146E-01  5.540E+00                2  3.445E+00  5.310E-01  1.943E+00  1.069E-01  5.367E+00  1.199E+23  9.358E+01
      1    1  11   7  12   5   273     2.015E-01                      5                 25  2.903E-01  1.883E+00  6.440E-01  3.639E+00                2  3.445E+00  5.310E-01  1.553E+00  1.069E-01  4.989E+00  3.228E+23  3.475E+01
      1    1  11   7  12   6   273     8.312E-02                      5                  9  2.903E-01  1.883E+00  9.053E-01  1.945E+00                2  3.445E+00  5.310E-01  1.105E+00  1.069E-01  4.554E+00  3.925E+23  2.858E+01
      1    1  11   7  12   7   273     4.412E-02                      5                  9  2.903E-01  1.883E+00  9.053E-01  1.945E+00                2  3.445E+00  5.310E-01  1.105E+00  1.069E-01  4.568E+00  2.769E+23  4.052E+01
      1    1  11   7  12   8   273     1.636E-01                      5                  9  2.903E-01  1.883E+00  9.053E-01  1.945E+00                2  3.445E+00  5.310E-01  1.105E+00  1.069E-01  4.583E+00  9.775E+22  1.148E+02
      1    1  11   7  12   9   273     3.623E-01                      5                 25  2.903E-01  1.883E+00  6.440E-01  3.639E+00                2  3.445E+00  5.310E-01  1.553E+00  1.069E-01  5.047E+00  0.000E+00  Infinity 
      1    1  11   7  12  10   273     5.830E-01                      5                 49  2.903E-01  1.883E+00  5.146E-01  5.540E+00                2  3.445E+00  5.310E-01  1.943E+00  1.069E-01  5.454E+00  0.000E+00  Infinity 
      1    1  11   7  12  11   273     8.125E-01                      5                 81  2.903E-01  1.883E+00  4.352E-01  7.606E+00                2  3.445E+00  5.310E-01  2.298E+00  1.069E-01  5.825E+00  0.000E+00  Infinity 
      1    1  11   7  12  12   273     1.047E+00                      5                120  2.903E-01  1.883E+00  3.818E-01  9.763E+00                2  3.445E+00  5.310E-01  2.619E+00  1.069E-01  6.165E+00  0.000E+00  Infinity 
      1    1  11   7  12  13   273     1.285E+00                      5                160  2.903E-01  1.883E+00  3.469E-01  1.173E+01                2  3.445E+00  5.310E-01  2.883E+00  1.069E-01  6.447E+00  0.000E+00  Infinity 
      1    1  11   7  13   1   273     7.014E-01                      5                160  2.903E-01  1.883E+00  3.469E-01  1.173E+01                2  3.445E+00  5.310E-01  2.883E+00  1.069E-01  6.221E+00  0.000E+00  Infinity 
      1    1  11   7  13   2   273     5.520E-01                      5                120  2.903E-01  1.883E+00  3.818E-01  9.763E+00                2  3.445E+00  5.310E-01  2.619E+00  1.069E-01  5.967E+00  0.000E+00  Infinity 
      1    1  11   7  13   3   273     4.100E-01                      5                 81  2.903E-01  1.883E+00  4.352E-01  7.606E+00                2  3.445E+00  5.310E-01  2.298E+00  1.069E-01  5.657E+00  0.000E+00  Infinity 
      1    1  11   7  13   4   273     2.791E-01                      5                 49  2.903E-01  1.883E+00  5.146E-01  5.540E+00                2  3.445E+00  5.310E-01  1.943E+00  1.069E-01  5.314E+00  6.598E+22  1.700E+02
      1    1  11   7  13   5   273     1.675E-01                      5                 25  2.903E-01  1.883E+00  6.440E-01  3.639E+00                2  3.445E+00  5.310E-01  1.553E+00  1.069E-01  4.936E+00  2.425E+23  4.627E+01
      1    1  11   7  13   6   273     9.320E-02                      5                 25  2.903E-01  1.883E+00  6.440E-01  3.639E+00                2  3.445E+00  5.310E-01  1.553E+00  1.069E-01  4.950E+00  3.273E+23  3.428E+01
      1    1  11   7  13   7   273     8.843E-02                      5                 25  2.903E-01  1.883E+00  6.440E-01  3.639E+00                2  3.445E+00  5.310E-01  1.553E+00  1.069E-01  4.964E+00  2.458E+23  4.565E+01
      1    1  11   7  13   8   273     1.749E-01                      5                 25  2.903E-01  1.883E+00  6.440E-01  3.639E+00                2  3.445E+00  5.310E-01  1.553E+00  1.069E-01  4.979E+00  9.202E+22  1.219E+02
      1    1  11   7  13   9   273     3.308E-01                      5                 25  2.903E-01  1.883E+00  6.440E-01  3.639E+00                2  3.445E+00  5.310E-01  1.553E+00  1.069E-01  4.995E+00  0.000E+00  Infinity 
      1    1  11   7  13  10   273     5.239E-01                      5                 49  2.903E-01  1.883E+00  5.146E-01  5.540E+00                2  3.445E+00  5.310E-01  1.943E+00  1.069E-01  5.402E+00  0.000E+00  Infinity 
      1    1  11   7  13  11   273     7.361E-01                      5                 81  2.903E-01  1.883E+00  4.352E-01  7.606E+00                2  3.445E+00  5.310E-01  2.298E+00  1.069E-01  5.774E+00  0.000E+00  Infinity 
      1    1  11   7  13  12   273     9.593E-01                      5                120  2.903E-01  1.883E+00  3.818E-01  9.763E+00                2  3.445E+00  5.310E-01  2.619E+00  1.069E-01  6.114E+00  0.000E+00  Infinity 
      1    1  11   7  13  13   273     1.190E+00                      5                160  2.903E-01  1.883E+00  3.469E-01  1.173E+01                2  3.445E+00  5.310E-01  2.883E+00  1.069E-01  6.396E+00  0.000E+00  Infinity 
      1    1  11   7  14   1   273     6.260E-01                      5                160  2.903E-01  1.883E+00  3.469E-01  1.173E+01                2  3.445E+00  5.310E-01  2.883E+00  1.069E-01  6.167E+00  2.382E+21  4.711E+03
      1    1  11   7  14   2   273     4.888E-01                      5                120  2.903E-01  1.883E+00  3.818E-01  9.763E+00                2  3.445E+00  5.310E-01  2.619E+00  1.069E-01  5.914E+00  0.000E+00  Infinity 
      1    1  11   7  14   3   273     3.628E-01                      5                 81  2.903E-01  1.883E+00  4.352E-01  7.606E+00                2  3.445E+00  5.310E-01  2.298E+00  1.069E-01  5.603E+00  0.000E+00  Infinity 
      1    1  11   7  14   4   273     2.532E-01                      5                 49  2.903E-01  1.883E+00  5.146E-01  5.540E+00                2  3.445E+00  5.310E-01  1.943E+00  1.069E-01  5.261E+00  3.882E+22  2.891E+02
      1    1  11   7  14   5   273     1.687E-01                      5                 49  2.903E-01  1.883E+00  5.146E-01  5.540E+00                2  3.445E+00  5.310E-01  1.943E+00  1.069E-01  5.274E+00  1.823E+23  6.156E+01
      1    1  11   7  14   6   273     1.232E-01                      5                 49  2.903E-01  1.883E+00  5.146E-01  5.540E+00                2  3.445E+00  5.310E-01  1.943E+00  1.069E-01  5.288E+00  2.653E+23  4.230E+01
      1    1  11   7  14   7   273     1.329E-01                      5                 49  2.903E-01  1.883E+00  5.146E-01  5.540E+00                2  3.445E+00  5.310E-01  1.943E+00  1.069E-01  5.302E+00  2.100E+23  5.343E+01
      1    1  11   7  14   8   273     2.061E-01                      5                 49  2.903E-01  1.883E+00  5.146E-01  5.540E+00                2  3.445E+00  5.310E-01  1.943E+00  1.069E-01  5.317E+00  8.370E+22  1.340E+02
      1    1  11   7  14   9   273     3.346E-01                      5                 49  2.903E-01  1.883E+00  5.146E-01  5.540E+00                2  3.445E+00  5.310E-01  1.943E+00  1.069E-01  5.334E+00  0.000E+00  Infinity 
      1    1  11   7  14  10   273     5.018E-01                      5                 49  2.903E-01  1.883E+00  5.146E-01  5.540E+00                2  3.445E+00  5.310E-01  1.943E+00  1.069E-01  5.350E+00  0.000E+00  Infinity 
      1    1  11   7  14  11   273     6.940E-01                      5                 81  2.903E-01  1.883E+00  4.352E-01  7.606E+00                2  3.445E+00  5.310E-01  2.298E+00  1.069E-01  5.723E+00  0.000E+00  Infinity 
      1    1  11   7  14  12   273     9.024E-01                      5                120  2.903E-01  1.883E+00  3.818E-01  9.763E+00                2  3.445E+00  5.310E-01  2.619E+00  1.069E-01  6.063E+00  0.000E+00  Infinity 
      1    1  11   7  14  13   273     1.122E+00                      5                160  2.903E-01  1.883E+00  3.469E-01  1.173E+01                2  3.445E+00  5.310E-01  2.883E+00  1.069E-01  6.346E+00  0.000E+00  Infinity 
      1    1  11   7  15   1   273     5.732E-01                      5                160  2.903E-01  1.883E+00  3.469E-01  1.173E+01                2  3.445E+00  5.310E-01  2.883E+00  1.069E-01  6.114E+00  1.404E+22  7.991E+02
      1    1  11   7  15   2   273     4.497E-01                      5                120  2.903E-01  1.883E+00  3.818E-01  9.763E+00                2  3.445E+00  5.310E-01  2.619E+00  1.069E-01  5.861E+00  0.000E+00  Infinity 
      1    1  11   7  15   3   273     3.403E-01                      5                 81  2.903E-01  1.883E+00  4.352E-01  7.606E+00                2  3.445E+00  5.310E-01  2.298E+00  1.069E-01  5.550E+00  0.000E+00  Infinity 
      1    1  11   7  15   4   273     2.503E-01                      5                 81  2.903E-01  1.883E+00  4.352E-01  7.606E+00                2  3.445E+00  5.310E-01  2.298E+00  1.069E-01  5.563E+00  3.278E+22  3.423E+02
      1    1  11   7  15   5   273     1.870E-01                      5                 81  2.903E-01  1.883E+00  4.352E-01  7.606E+00                2  3.445E+00  5.310E-01  2.298E+00  1.069E-01  5.576E+00  1.452E+23  7.728E+01
      1    1  11   7  15   6   273     1.599E-01                      5                 81  2.903E-01  1.883E+00  4.352E-01  7.606E+00                2  3.445E+00  5.310E-01  2.298E+00  1.069E-01  5.590E+00  2.158E+23  5.200E+01
      1    1  11   7  15   7   273     1.777E-01                      5                 81  2.903E-01  1.883E+00  4.352E-01  7.606E+00                2  3.445E+00  5.310E-01  2.298E+00  1.069E-01  5.604E+00  1.779E+23  6.307E+01
      1    1  11   7  15   8   273     2.442E-01                      5                 81  2.903E-01  1.883E+00  4.352E-01  7.606E+00                2  3.445E+00  5.310E-01  2.298E+00  1.069E-01  5.620E+00  7.745E+22  1.449E+02
      1    1  11   7  15   9   273     3.555E-01                      5                 81  2.903E-01  1.883E+00  4.352E-01  7.606E+00                2  3.445E+00  5.310E-01  2.298E+00  1.069E-01  5.636E+00  4.359E+21  2.574E+03
      1    1  11   7  15  10   273     5.028E-01                      5                 81  2.903E-01  1.883E+00  4.352E-01  7.606E+00                2  3.445E+00  5.310E-01  2.298E+00  1.069E-01  5.653E+00  0.000E+00  Infinity 
      1    1  11   7  15  11   273     6.768E-01                      5                 81  2.903E-01  1.883E+00  4.352E-01  7.606E+00                2  3.445E+00  5.310E-01  2.298E+00  1.069E-01  5.671E+00  0.000E+00  Infinity 
      1    1  11   7  15  12   273     8.698E-01                      5                120  2.903E-01  1.883E+00  3.818E-01  9.763E+00                2  3.445E+00  5.310E-01  2.619E+00  1.069E-01  6.012E+00  0.000E+00  Infinity 
      1    1  11   7  15  13   273     1.077E+00                      5                160  2.903E-01  1.883E+00  3.469E-01  1.173E+01                2  3.445E+00  5.310E-01  2.883E+00  1.069E-01  6.295E+00  0.000E+00  Infinity 
      1    1  11   7  16   1   273     5.389E-01                      5                160  2.903E-01  1.883E+00  3.469E-01  1.173E+01                2  3.445E+00  5.310E-01  2.883E+00  1.069E-01  6.060E+00  1.030E+22  1.089E+03
      1    1  11   7  16   2   273     4.289E-01                      5                120  2.903E-01  1.883E+00  3.818E-01  9.763E+00                2  3.445E+00  5.310E-01  2.619E+00  1.069E-01  5.807E+00  0.000E+00  Infinity 
      1    1  11   7  16   3   273     3.349E-01                      5                120  2.903E-01  1.883E+00  3.818E-01  9.763E+00                2  3.445E+00  5.310E-01  2.619E+00  1.069E-01  5.819E+00  0.000E+00  Infinity 
      1    1  11   7  16   4   273     2.614E-01                      5                120  2.903E-01  1.883E+00  3.818E-01  9.763E+00                2  3.445E+00  5.310E-01  2.619E+00  1.069E-01  5.831E+00  2.834E+22  3.959E+02
      1    1  11   7  16   5   273     2.143E-01                      5                120  2.903E-01  1.883E+00  3.818E-01  9.763E+00                2  3.445E+00  5.310E-01  2.619E+00  1.069E-01  5.845E+00  1.113E+23  1.009E+02
      1    1  11   7  16   6   273     1.996E-01                      5                120  2.903E-01  1.883E+00  3.818E-01  9.763E+00                2  3.445E+00  5.310E-01  2.619E+00  1.069E-01  5.859E+00  1.650E+23  6.801E+01
      1    1  11   7  16   7   273     2.226E-01                      5                120  2.903E-01  1.883E+00  3.818E-01  9.763E+00                2  3.445E+00  5.310E-01  2.619E+00  1.069E-01  5.874E+00  1.396E+23  8.037E+01
      1    1  11   7  16   8   273     2.853E-01                      5                120  2.903E-01  1.883E+00  3.818E-01  9.763E+00                2  3.445E+00  5.310E-01  2.619E+00  1.069E-01  5.890E+00  6.529E+22  1.718E+02
      1    1  11   7  16   9   273     3.854E-01                      5                120  2.903E-01  1.883E+00  3.818E-01  9.763E+00                2  3.445E+00  5.310E-01  2.619E+00  1.069E-01  5.906E+00  7.513E+21  1.493E+03
      1    1  11   7  16  10   273     5.180E-01                      5                120  2.903E-01  1.883E+00  3.818E-01  9.763E+00                2  3.445E+00  5.310E-01  2.619E+00  1.069E-01  5.924E+00  0.000E+00  Infinity 
      1    1  11   7  16  11   273     6.767E-01                      5                120  2.903E-01  1.883E+00  3.818E-01  9.763E+00                2  3.445E+00  5.310E-01  2.619E+00  1.069E-01  5.942E+00  0.000E+00  Infinity 
      1    1  11   7  16  12   273     8.557E-01                      5                120  2.903E-01  1.883E+00  3.818E-01  9.763E+00                2  3.445E+00  5.310E-01  2.619E+00  1.069E-01  5.961E+00  0.000E+00  Infinity 
      1    1  11   7  16  13   273     1.050E+00                      5                160  2.903E-01  1.883E+00  3.469E-01  1.173E+01                2  3.445E+00  5.310E-01  2.883E+00  1.069E-01  6.244E+00  0.000E+00  Infinity 
      1    1  11   7  17   1   273     5.191E-01                      5                160  2.903E-01  1.883E+00  3.469E-01  1.173E+01                2  3.445E+00  5.310E-01  2.883E+00  1.069E-01  6.007E+00  1.579E+22  7.105E+02
      1    1  11   7  17   2   273     4.218E-01                      5                160  2.903E-01  1.883E+00  3.469E-01  1.173E+01                2  3.445E+00  5.310E-01  2.883E+00  1.069E-01  6.018E+00  7.458E+21  1.504E+03
      1    1  11   7  17   3   273     3.413E-01                      5                160  2.903E-01  1.883E+00  3.469E-01  1.173E+01                2  3.445E+00  5.310E-01  2.883E+00  1.069E-01  6.030E+00  0.000E+00  Infinity 
      1    1  11   7  17   4   273     2.815E-01                      5                160  2.903E-01  1.883E+00  3.469E-01  1.173E+01                2  3.445E+00  5.310E-01  2.883E+00  1.069E-01  6.042E+00  1.455E+22  7.710E+02
      1    1  11   7  17   5   273     2.467E-01                      5                160  2.903E-01  1.883E+00  3.469E-01  1.173E+01                2  3.445E+00  5.310E-01  2.883E+00  1.069E-01  6.056E+00  6.562E+22  1.710E+02
      1    1  11   7  17   6   273     2.411E-01                      5                160  2.903E-01  1.883E+00  3.469E-01  1.173E+01                2  3.445E+00  5.310E-01  2.883E+00  1.069E-01  6.070E+00  1.003E+23  1.119E+02
      1    1  11   7  17   7   273     2.678E-01                      5                160  2.903E-01  1.883E+00  3.469E-01  1.173E+01                2  3.445E+00  5.310E-01  2.883E+00  1.069E-01  6.085E+00  8.582E+22  1.307E+02
      1    1  11   7  17   8   273     3.281E-01                      5                160  2.903E-01  1.883E+00  3.469E-01  1.173E+01                2  3.445E+00  5.310E-01  2.883E+00  1.069E-01  6.101E+00  4.004E+22  2.802E+02
      1    1  11   7  17   9   273     4.207E-01                      5                160  2.903E-01  1.883E+00  3.469E-01  1.173E+01                2  3.445E+00  5.310E-01  2.883E+00  1.069E-01  6.118E+00  4.427E+21  2.535E+03
      1    1  11   7  17  10   273     5.423E-01                      5                160  2.903E-01  1.883E+00  3.469E-01  1.173E+01                2  3.445E+00  5.310E-01  2.883E+00  1.069E-01  6.136E+00  0.000E+00  Infinity 
      1    1  11   7  17  11   273     6.887E-01                      5                160  2.903E-01  1.883E+00  3.469E-01  1.173E+01                2  3.445E+00  5.310E-01  2.883E+00  1.069E-01  6.155E+00  0.000E+00  Infinity 
      1    1  11   7  17  12   273     8.554E-01                      5                160  2.903E-01  1.883E+00  3.469E-01  1.173E+01                2  3.445E+00  5.310E-01  2.883E+00  1.069E-01  6.174E+00  0.000E+00  Infinity 
      1    1  11   7  17  13   273     1.039E+00                      5                160  2.903E-01  1.883E+00  3.469E-01  1.173E+01                2  3.445E+00  5.310E-01  2.883E+00  1.069E-01  6.194E+00  0.000E+00  Infinity 
      1    1  11   7  18   1   273     5.107E-01                      5                170  2.903E-01  1.883E+00  3.399E-01  1.219E+01                2  3.445E+00  5.310E-01  2.942E+00  1.069E-01  6.013E+00  5.340E+21  2.101E+03
      1    1  11   7  18   2   273     4.248E-01                      5                170  2.903E-01  1.883E+00  3.399E-01  1.219E+01                2  3.445E+00  5.310E-01  2.942E+00  1.069E-01  6.024E+00  1.014E+22  1.107E+03
      1    1  11   7  18   3   273     3.561E-01                      5                170  2.903E-01  1.883E+00  3.399E-01  1.219E+01                2  3.445E+00  5.310E-01  2.942E+00  1.069E-01  6.035E+00  0.000E+00  Infinity 
      1    1  11   7  18   4   273     3.075E-01                      5                170  2.903E-01  1.883E+00  3.399E-01  1.219E+01                2  3.445E+00  5.310E-01  2.942E+00  1.069E-01  6.048E+00  0.000E+00  Infinity 
      1    1  11   7  18   5   273     2.824E-01                      5                170  2.903E-01  1.883E+00  3.399E-01  1.219E+01                2  3.445E+00  5.310E-01  2.942E+00  1.069E-01  6.062E+00  1.913E+22  5.864E+02
      1    1  11   7  18   6   273     2.836E-01                      5                170  2.903E-01  1.883E+00  3.399E-01  1.219E+01                2  3.445E+00  5.310E-01  2.942E+00  1.069E-01  6.077E+00  3.399E+22  3.301E+02
      1    1  11   7  18   7   273     3.132E-01                      5                170  2.903E-01  1.883E+00  3.399E-01  1.219E+01                2  3.445E+00  5.310E-01  2.942E+00  1.069E-01  6.092E+00  2.883E+22  3.892E+02
      1    1  11   7  18   8   273     3.720E-01                      5                170  2.903E-01  1.883E+00  3.399E-01  1.219E+01                2  3.445E+00  5.310E-01  2.942E+00  1.069E-01  6.109E+00  1.115E+22  1.006E+03
      1    1  11   7  18   9   273     4.592E-01                      5                170  2.903E-01  1.883E+00  3.399E-01  1.219E+01                2  3.445E+00  5.310E-01  2.942E+00  1.069E-01  6.126E+00  0.000E+00  Infinity 
      1    1  11   7  18  10   273     5.726E-01                      5                170  2.903E-01  1.883E+00  3.399E-01  1.219E+01                2  3.445E+00  5.310E-01  2.942E+00  1.069E-01  6.144E+00  0.000E+00  Infinity 
      1    1  11   7  18  11   273     7.091E-01                      5                170  2.903E-01  1.883E+00  3.399E-01  1.219E+01                2  3.445E+00  5.310E-01  2.942E+00  1.069E-01  6.163E+00  0.000E+00  Infinity 
      1    1  11   7  18  12   273     8.656E-01                      5                170  2.903E-01  1.883E+00  3.399E-01  1.219E+01                2  3.445E+00  5.310E-01  2.942E+00  1.069E-01  6.182E+00  0.000E+00  Infinity 
      1    1  11   7  18  13   273     1.039E+00                      5                170  2.903E-01  1.883E+00  3.399E-01  1.219E+01                2  3.445E+00  5.310E-01  2.942E+00  1.069E-01  6.203E+00  0.000E+00  Infinity 
      1    1  11   7  19   1   273     5.111E-01                      5                172  2.903E-01  1.883E+00  3.386E-01  1.228E+01                2  3.445E+00  5.310E-01  2.953E+00  1.069E-01  5.971E+00  5.163E+21  2.173E+03
      1    1  11   7  19   2   273     4.354E-01                      5                172  2.903E-01  1.883E+00  3.386E-01  1.228E+01                2  3.445E+00  5.310E-01  2.953E+00  1.069E-01  5.982E+00  1.692E+22  6.633E+02
      1    1  11   7  19   3   273     3.768E-01                      5                172  2.903E-01  1.883E+00  3.386E-01  1.228E+01                2  3.445E+00  5.310E-01  2.953E+00  1.069E-01  5.994E+00  7.392E+21  1.518E+03
      1    1  11   7  19   4   273     3.376E-01                      5                172  2.903E-01  1.883E+00  3.386E-01  1.228E+01                2  3.445E+00  5.310E-01  2.953E+00  1.069E-01  6.007E+00  0.000E+00  Infinity 
      1    1  11   7  19   5   273     3.203E-01                      5                172  2.903E-01  1.883E+00  3.386E-01  1.228E+01                2  3.445E+00  5.310E-01  2.953E+00  1.069E-01  6.021E+00  0.000E+00  Infinity 
      1    1  11   7  19   6   273     3.269E-01                      5                172  2.903E-01  1.883E+00  3.386E-01  1.228E+01                2  3.445E+00  5.310E-01  2.953E+00  1.069E-01  6.036E+00  0.000E+00  Infinity 
      1    1  11   7  19   7   273     3.589E-01                      5                172  2.903E-01  1.883E+00  3.386E-01  1.228E+01                2  3.445E+00  5.310E-01  2.953E+00  1.069E-01  6.052E+00  0.000E+00  Infinity 
      1    1  11   7  19   8   273     4.168E-01                      5                172  2.903E-01  1.883E+00  3.386E-01  1.228E+01                2  3.445E+00  5.310E-01  2.953E+00  1.069E-01  6.068E+00  0.000E+00  Infinity 
      1    1  11   7  19   9   273     5.000E-01                      5                172  2.903E-01  1.883E+00  3.386E-01  1.228E+01                2  3.445E+00  5.310E-01  2.953E+00  1.069E-01  6.086E+00  0.000E+00  Infinity 
      1    1  11   7  19  10   273     6.071E-01                      5                172  2.903E-01  1.883E+00  3.386E-01  1.228E+01                2  3.445E+00  5.310E-01  2.953E+00  1.069E-01  6.104E+00  0.000E+00  Infinity 
      1    1  11   7  19  11   273     7.357E-01                      5                172  2.903E-01  1.883E+00  3.386E-01  1.228E+01                2  3.445E+00  5.310E-01  2.953E+00  1.069E-01  6.123E+00  0.000E+00  Infinity 
      1    1  11   7  19  12   273     8.835E-01                      5                172  2.903E-01  1.883E+00  3.386E-01  1.228E+01                2  3.445E+00  5.310E-01  2.953E+00  1.069E-01  6.143E+00  0.000E+00  Infinity 
      1    1  11   7  19  13   273     1.048E+00                      5                172  2.903E-01  1.883E+00  3.386E-01  1.228E+01                2  3.445E+00  5.310E-01  2.953E+00  1.069E-01  6.164E+00  0.000E+00  Infinity 
      1    1  11   7  20   1   273     5.185E-01                      5                166  2.903E-01  1.883E+00  3.426E-01  1.201E+01                2  3.445E+00  5.310E-01  2.918E+00  1.069E-01  5.883E+00  1.761E+22  6.372E+02
      1    1  11   7  20   2   273     4.519E-01                      5                166  2.903E-01  1.883E+00  3.426E-01  1.201E+01                2  3.445E+00  5.310E-01  2.918E+00  1.069E-01  5.894E+00  2.003E+22  5.602E+02
      1    1  11   7  20   3   273     4.020E-01                      5                166  2.903E-01  1.883E+00  3.426E-01  1.201E+01                2  3.445E+00  5.310E-01  2.918E+00  1.069E-01  5.907E+00  8.432E+21  1.331E+03
      1    1  11   7  20   4   273     3.706E-01                      5                166  2.903E-01  1.883E+00  3.426E-01  1.201E+01                2  3.445E+00  5.310E-01  2.918E+00  1.069E-01  5.920E+00  0.000E+00  Infinity 
      1    1  11   7  20   5   273     3.597E-01                      5                166  2.903E-01  1.883E+00  3.426E-01  1.201E+01                2  3.445E+00  5.310E-01  2.918E+00  1.069E-01  5.934E+00  0.000E+00  Infinity 
      1    1  11   7  20   6   273     3.708E-01                      5                166  2.903E-01  1.883E+00  3.426E-01  1.201E+01                2  3.445E+00  5.310E-01  2.918E+00  1.069E-01  5.949E+00  0.000E+00  Infinity 
      1    1  11   7  20   7   273     4.049E-01                      5                166  2.903E-01  1.883E+00  3.426E-01  1.201E+01                2  3.445E+00  5.310E-01  2.918E+00  1.069E-01  5.965E+00  0.000E+00  Infinity 
      1    1  11   7  20   8   273     4.623E-01                      5                166  2.903E-01  1.883E+00  3.426E-01  1.201E+01                2  3.445E+00  5.310E-01  2.918E+00  1.069E-01  5.982E+00  0.000E+00  Infinity 
      1    1  11   7  20   9   273     5.426E-01                      5                166  2.903E-01  1.883E+00  3.426E-01  1.201E+01                2  3.445E+00  5.310E-01  2.918E+00  1.069E-01  6.000E+00  0.000E+00  Infinity 
      1    1  11   7  20  10   273     6.447E-01                      5                166  2.903E-01  1.883E+00  3.426E-01  1.201E+01                2  3.445E+00  5.310E-01  2.918E+00  1.069E-01  6.019E+00  0.000E+00  Infinity 
      1    1  11   7  20  11   273     7.670E-01                      5                166  2.903E-01  1.883E+00  3.426E-01  1.201E+01                2  3.445E+00  5.310E-01  2.918E+00  1.069E-01  6.038E+00  0.000E+00  Infinity 
      1    1  11   7  20  12   273     9.076E-01                      5                166  2.903E-01  1.883E+00  3.426E-01  1.201E+01                2  3.445E+00  5.310E-01  2.918E+00  1.069E-01  6.058E+00  0.000E+00  Infinity 
      1    1  11   7  20  13   273     1.064E+00                      5                166  2.903E-01  1.883E+00  3.426E-01  1.201E+01                2  3.445E+00  5.310E-01  2.918E+00  1.069E-01  6.079E+00  0.000E+00  Infinity 
      1    1  11   7  21   1   273     5.315E-01                      5                152  2.903E-01  1.883E+00  3.529E-01  1.135E+01                2  3.445E+00  5.310E-01  2.834E+00  1.069E-01  5.745E+00  1.213E+22  9.253E+02
      1    1  11   7  21   2   273     4.729E-01                      5                152  2.903E-01  1.883E+00  3.529E-01  1.135E+01                2  3.445E+00  5.310E-01  2.834E+00  1.069E-01  5.757E+00  8.470E+21  1.325E+03
      1    1  11   7  21   3   273     4.305E-01                      5                152  2.903E-01  1.883E+00  3.529E-01  1.135E+01                2  3.445E+00  5.310E-01  2.834E+00  1.069E-01  5.769E+00  0.000E+00  Infinity 
      1    1  11   7  21   4   273     4.059E-01                      5                152  2.903E-01  1.883E+00  3.529E-01  1.135E+01                2  3.445E+00  5.310E-01  2.834E+00  1.069E-01  5.783E+00  0.000E+00  Infinity 
      1    1  11   7  21   5   273     4.004E-01                      5                152  2.903E-01  1.883E+00  3.529E-01  1.135E+01                2  3.445E+00  5.310E-01  2.834E+00  1.069E-01  5.797E+00  0.000E+00  Infinity 
      1    1  11   7  21   6   273     4.152E-01                      5                152  2.903E-01  1.883E+00  3.529E-01  1.135E+01                2  3.445E+00  5.310E-01  2.834E+00  1.069E-01  5.813E+00  0.000E+00  Infinity 
      1    1  11   7  21   7   273     4.511E-01                      5                152  2.903E-01  1.883E+00  3.529E-01  1.135E+01                2  3.445E+00  5.310E-01  2.834E+00  1.069E-01  5.829E+00  0.000E+00  Infinity 
      1    1  11   7  21   8   273     5.083E-01                      5                152  2.903E-01  1.883E+00  3.529E-01  1.135E+01                2  3.445E+00  5.310E-01  2.834E+00  1.069E-01  5.846E+00  0.000E+00  Infinity 
      1    1  11   7  21   9   273     5.864E-01                      5                152  2.903E-01  1.883E+00  3.529E-01  1.135E+01                2  3.445E+00  5.310E-01  2.834E+00  1.069E-01  5.864E+00  0.000E+00  Infinity 
      1    1  11   7  21  10   273     6.847E-01                      5                152  2.903E-01  1.883E+00  3.529E-01  1.135E+01                2  3.445E+00  5.310E-01  2.834E+00  1.069E-01  5.883E+00  0.000E+00  Infinity 
      1    1  11   7  21  11   273     8.018E-01                      5                152  2.903E-01  1.883E+00  3.529E-01  1.135E+01                2  3.445E+00  5.310E-01  2.834E+00  1.069E-01  5.903E+00  0.000E+00  Infinity 
      1    1  11   7  21  12   273     9.364E-01                      5                152  2.903E-01  1.883E+00  3.529E-01  1.135E+01                2  3.445E+00  5.310E-01  2.834E+00  1.069E-01  5.924E+00  0.000E+00  Infinity 
      1    1  11   7  21  13   273     1.087E+00                      5                152  2.903E-01  1.883E+00  3.529E-01  1.135E+01                2  3.445E+00  5.310E-01  2.834E+00  1.069E-01  5.945E+00  0.000E+00  Infinity 
