 nptsTotalWave =     4767 npw2TotalWave =     8192
 
 itr  i0  j0   i   j t_arrive(i0,j0) t_arrive_min t_arrive(i,j) risetime(i,j) risetime_max dur_path(i,j) dur_sub(i,j) t_arrive(i,j)+dur_sub(i,j) imx jmx t_arrive(imax,jmax) dur_sub(imax,jmax) t_arrive(imax,jmax)+dur_sub(imax,jmax) risetime_max t_end_max
   1  11   7   1   1             9.8          9.8          13.3           2.8          3.0          3.98         6.82                       20.1   1  13                13.7                7.0                                   20.6          3.0      20.6
   1  11   7   1   2             9.8          9.8          13.2           2.8          3.0          3.99         6.82                       20.0   1  13                13.7                7.0                                   20.6          3.0      20.6
   1  11   7   1   3             9.8          9.8          13.2           2.8          3.0          4.00         6.83                       20.0   1  13                13.7                7.0                                   20.6          3.0      20.6
   1  11   7   1   4             9.8          9.8          13.1           2.8          3.0          4.01         6.84                       20.0   1  13                13.7                7.0                                   20.6          3.0      20.6
   1  11   7   1   5             9.8          9.8          13.1           2.8          3.0          4.02         6.85                       20.0   1  13                13.7                7.0                                   20.6          3.0      20.6
   1  11   7   1   6             9.8          9.8          13.1           2.8          3.0          4.03         6.87                       20.0   1  13                13.7                7.0                                   20.6          3.0      20.6
   1  11   7   1   7             9.8          9.8          13.1           2.8          3.0          4.04         6.88                       20.0   1  13                13.7                7.0                                   20.6          3.0      20.6
   1  11   7   1   8             9.8          9.8          13.2           2.8          3.0          4.06         6.89                       20.1   1  13                13.7                7.0                                   20.6          3.0      20.6
   1  11   7   1   9             9.8          9.8          13.2           2.8          3.0          4.07         6.90                       20.1   1  13                13.7                7.0                                   20.6          3.0      20.6
   1  11   7   1  10             9.8          9.8          13.3           2.8          3.0          4.08         6.92                       20.2   1  13                13.7                7.0                                   20.6          3.0      20.6
   1  11   7   1  11             9.8          9.8          13.4           2.8          3.0          4.10         6.93                       20.4   1  13                13.7                7.0                                   20.6          3.0      20.6
   1  11   7   1  12             9.8          9.8          13.5           2.8          3.0          4.11         6.95                       20.5   1  13                13.7                7.0                                   20.6          3.0      20.6
   1  11   7   1  13             9.8          9.8          13.7           2.8          3.0          4.13         6.96                       20.6   1  13                13.7                7.0                                   20.6          3.0      20.6
   1  11   7   2   1             9.8          9.8          13.0           2.9          3.0          3.93         6.85                       19.8   1  13                13.7                7.0                                   20.6          3.0      20.6
   1  11   7   2   2             9.8          9.8          12.9           2.9          3.0          3.94         6.86                       19.7   1  13                13.7                7.0                                   20.6          3.0      20.6
   1  11   7   2   3             9.8          9.8          12.8           2.9          3.0          3.95         6.86                       19.7   1  13                13.7                7.0                                   20.6          3.0      20.6
   1  11   7   2   4             9.8          9.8          12.8           2.9          3.0          3.96         6.87                       19.7   1  13                13.7                7.0                                   20.6          3.0      20.6
   1  11   7   2   5             9.8          9.8          12.8           2.9          3.0          3.97         6.89                       19.7   1  13                13.7                7.0                                   20.6          3.0      20.6
   1  11   7   2   6             9.8          9.8          12.8           2.9          3.0          3.98         6.90                       19.7   1  13                13.7                7.0                                   20.6          3.0      20.6
   1  11   7   2   7             9.8          9.8          12.8           2.9          3.0          3.99         6.91                       19.7   1  13                13.7                7.0                                   20.6          3.0      20.6
   1  11   7   2   8             9.8          9.8          12.8           2.9          3.0          4.00         6.92                       19.8   1  13                13.7                7.0                                   20.6          3.0      20.6
   1  11   7   2   9             9.8          9.8          12.9           2.9          3.0          4.02         6.94                       19.8   1  13                13.7                7.0                                   20.6          3.0      20.6
   1  11   7   2  10             9.8          9.8          13.0           2.9          3.0          4.03         6.95                       19.9   1  13                13.7                7.0                                   20.6          3.0      20.6
   1  11   7   2  11             9.8          9.8          13.1           2.9          3.0          4.05         6.97                       20.1   1  13                13.7                7.0                                   20.6          3.0      20.6
   1  11   7   2  12             9.8          9.8          13.2           2.9          3.0          4.06         6.98                       20.2   1  13                13.7                7.0                                   20.6          3.0      20.6
   1  11   7   2  13             9.8          9.8          13.4           2.9          3.0          4.08         7.00                       20.4   1  13                13.7                7.0                                   20.6          3.0      20.6
   1  11   7   3   1             9.8          9.8          12.7           3.0          3.0          3.87         6.83                       19.5   1  13                13.7                7.0                                   20.6          3.0      20.6
   1  11   7   3   2             9.8          9.8          12.6           3.0          3.0          3.88         6.84                       19.4   1  13                13.7                7.0                                   20.6          3.0      20.6
   1  11   7   3   3             9.8          9.8          12.5           3.0          3.0          3.89         6.85                       19.4   1  13                13.7                7.0                                   20.6          3.0      20.6
   1  11   7   3   4             9.8          9.8          12.5           3.0          3.0          3.90         6.86                       19.3   1  13                13.7                7.0                                   20.6          3.0      20.6
   1  11   7   3   5             9.8          9.8          12.4           3.0          3.0          3.91         6.87                       19.3   1  13                13.7                7.0                                   20.6          3.0      20.6
   1  11   7   3   6             9.8          9.8          12.4           3.0          3.0          3.93         6.88                       19.3   1  13                13.7                7.0                                   20.6          3.0      20.6
   1  11   7   3   7             9.8          9.8          12.5           3.0          3.0          3.94         6.89                       19.3   1  13                13.7                7.0                                   20.6          3.0      20.6
   1  11   7   3   8             9.8          9.8          12.5           3.0          3.0          3.95         6.90                       19.4   1  13                13.7                7.0                                   20.6          3.0      20.6
   1  11   7   3   9             9.8          9.8          12.6           3.0          3.0          3.96         6.92                       19.5   1  13                13.7                7.0                                   20.6          3.0      20.6
   1  11   7   3  10             9.8          9.8          12.7           3.0          3.0          3.98         6.93                       19.6   1  13                13.7                7.0                                   20.6          3.0      20.6
   1  11   7   3  11             9.8          9.8          12.8           3.0          3.0          3.99         6.95                       19.7   1  13                13.7                7.0                                   20.6          3.0      20.6
   1  11   7   3  12             9.8          9.8          12.9           3.0          3.0          4.01         6.96                       19.9   1  13                13.7                7.0                                   20.6          3.0      20.6
   1  11   7   3  13             9.8          9.8          13.1           3.0          3.0          4.03         6.98                       20.1   1  13                13.7                7.0                                   20.6          3.0      20.6
   1  11   7   4   1             9.8          9.8          12.4           2.9          3.0          3.82         6.76                       19.1   1  13                13.7                7.0                                   20.6          3.0      20.6
   1  11   7   4   2             9.8          9.8          12.3           2.9          3.0          3.83         6.77                       19.0   1  13                13.7                7.0                                   20.6          3.0      20.6
   1  11   7   4   3             9.8          9.8          12.2           2.9          3.0          3.84         6.78                       19.0   1  13                13.7                7.0                                   20.6          3.0      20.6
   1  11   7   4   4             9.8          9.8          12.1           2.9          3.0          3.85         6.79                       18.9   1  13                13.7                7.0                                   20.6          3.0      20.6
   1  11   7   4   5             9.8          9.8          12.1           2.9          3.0          3.86         6.80                       18.9   1  13                13.7                7.0                                   20.6          3.0      20.6
   1  11   7   4   6             9.8          9.8          12.1           2.9          3.0          3.87         6.81                       18.9   1  13                13.7                7.0                                   20.6          3.0      20.6
   1  11   7   4   7             9.8          9.8          12.1           2.9          3.0          3.88         6.83                       18.9   1  13                13.7                7.0                                   20.6          3.0      20.6
   1  11   7   4   8             9.8          9.8          12.2           2.9          3.0          3.90         6.84                       19.0   1  13                13.7                7.0                                   20.6          3.0      20.6
   1  11   7   4   9             9.8          9.8          12.2           2.9          3.0          3.91         6.85                       19.1   1  13                13.7                7.0                                   20.6          3.0      20.6
   1  11   7   4  10             9.8          9.8          12.4           2.9          3.0          3.93         6.87                       19.2   1  13                13.7                7.0                                   20.6          3.0      20.6
   1  11   7   4  11             9.8          9.8          12.5           2.9          3.0          3.94         6.88                       19.4   1  13                13.7                7.0                                   20.6          3.0      20.6
   1  11   7   4  12             9.8          9.8          12.6           2.9          3.0          3.96         6.90                       19.5   1  13                13.7                7.0                                   20.6          3.0      20.6
   1  11   7   4  13             9.8          9.8          12.8           2.9          3.0          3.98         6.92                       19.7   1  13                13.7                7.0                                   20.6          3.0      20.6
   1  11   7   5   1             9.8          9.8          12.1           2.9          3.0          3.77         6.65                       18.7   1  13                13.7                7.0                                   20.6          3.0      20.6
   1  11   7   5   2             9.8          9.8          12.0           2.9          3.0          3.78         6.66                       18.6   1  13                13.7                7.0                                   20.6          3.0      20.6
   1  11   7   5   3             9.8          9.8          11.9           2.9          3.0          3.79         6.67                       18.6   1  13                13.7                7.0                                   20.6          3.0      20.6
   1  11   7   5   4             9.8          9.8          11.8           2.9          3.0          3.80         6.68                       18.5   1  13                13.7                7.0                                   20.6          3.0      20.6
   1  11   7   5   5             9.8          9.8          11.8           2.9          3.0          3.81         6.69                       18.5   1  13                13.7                7.0                                   20.6          3.0      20.6
   1  11   7   5   6             9.8          9.8          11.8           2.9          3.0          3.82         6.70                       18.5   1  13                13.7                7.0                                   20.6          3.0      20.6
   1  11   7   5   7             9.8          9.8          11.8           2.9          3.0          3.83         6.71                       18.5   1  13                13.7                7.0                                   20.6          3.0      20.6
   1  11   7   5   8             9.8          9.8          11.8           2.9          3.0          3.85         6.73                       18.6   1  13                13.7                7.0                                   20.6          3.0      20.6
   1  11   7   5   9             9.8          9.8          11.9           2.9          3.0          3.86         6.74                       18.7   1  13                13.7                7.0                                   20.6          3.0      20.6
   1  11   7   5  10             9.8          9.8          12.0           2.9          3.0          3.87         6.76                       18.8   1  13                13.7                7.0                                   20.6          3.0      20.6
   1  11   7   5  11             9.8          9.8          12.2           2.9          3.0          3.89         6.77                       18.9   1  13                13.7                7.0                                   20.6          3.0      20.6
   1  11   7   5  12             9.8          9.8          12.3           2.9          3.0          3.91         6.79                       19.1   1  13                13.7                7.0                                   20.6          3.0      20.6
   1  11   7   5  13             9.8          9.8          12.5           2.9          3.0          3.92         6.81                       19.3   1  13                13.7                7.0                                   20.6          3.0      20.6
   1  11   7   6   1             9.8          9.8          11.8           2.9          3.0          3.71         6.60                       18.4   1  13                13.7                7.0                                   20.6          3.0      20.6
   1  11   7   6   2             9.8          9.8          11.7           2.6          3.0          3.72         6.34                       18.0   1  13                13.7                7.0                                   20.6          3.0      20.6
   1  11   7   6   3             9.8          9.8          11.6           2.6          3.0          3.73         6.35                       17.9   1  13                13.7                7.0                                   20.6          3.0      20.6
   1  11   7   6   4             9.8          9.8          11.5           2.6          3.0          3.74         6.36                       17.9   1  13                13.7                7.0                                   20.6          3.0      20.6
   1  11   7   6   5             9.8          9.8          11.4           2.6          3.0          3.75         6.37                       17.8   1  13                13.7                7.0                                   20.6          3.0      20.6
   1  11   7   6   6             9.8          9.8          11.4           2.6          3.0          3.77         6.39                       17.8   1  13                13.7                7.0                                   20.6          3.0      20.6
   1  11   7   6   7             9.8          9.8          11.4           2.6          3.0          3.78         6.40                       17.8   1  13                13.7                7.0                                   20.6          3.0      20.6
   1  11   7   6   8             9.8          9.8          11.5           2.6          3.0          3.79         6.41                       17.9   1  13                13.7                7.0                                   20.6          3.0      20.6
   1  11   7   6   9             9.8          9.8          11.6           2.6          3.0          3.81         6.43                       18.0   1  13                13.7                7.0                                   20.6          3.0      20.6
   1  11   7   6  10             9.8          9.8          11.7           2.6          3.0          3.82         6.44                       18.2   1  13                13.7                7.0                                   20.6          3.0      20.6
   1  11   7   6  11             9.8          9.8          11.9           2.6          3.0          3.84         6.46                       18.3   1  13                13.7                7.0                                   20.6          3.0      20.6
   1  11   7   6  12             9.8          9.8          12.0           2.6          3.0          3.85         6.47                       18.5   1  13                13.7                7.0                                   20.6          3.0      20.6
   1  11   7   6  13             9.8          9.8          12.2           2.9          3.0          3.87         6.75                       19.0   1  13                13.7                7.0                                   20.6          3.0      20.6
   1  11   7   7   1             9.8          9.8          11.5           2.9          3.0          3.66         6.54                       18.1   1  13                13.7                7.0                                   20.6          3.0      20.6
   1  11   7   7   2             9.8          9.8          11.4           2.6          3.0          3.67         6.29                       17.7   1  13                13.7                7.0                                   20.6          3.0      20.6
   1  11   7   7   3             9.8          9.8          11.3           2.3          3.0          3.68         5.98                       17.3   1  13                13.7                7.0                                   20.6          3.0      20.6
   1  11   7   7   4             9.8          9.8          11.2           2.3          3.0          3.69         5.99                       17.2   1  13                13.7                7.0                                   20.6          3.0      20.6
   1  11   7   7   5             9.8          9.8          11.1           2.3          3.0          3.70         6.00                       17.1   1  13                13.7                7.0                                   20.6          3.0      20.6
   1  11   7   7   6             9.8          9.8          11.1           2.3          3.0          3.71         6.01                       17.1   1  13                13.7                7.0                                   20.6          3.0      20.6
   1  11   7   7   7             9.8          9.8          11.1           2.3          3.0          3.73         6.02                       17.1   1  13                13.7                7.0                                   20.6          3.0      20.6
   1  11   7   7   8             9.8          9.8          11.2           2.3          3.0          3.74         6.04                       17.2   1  13                13.7                7.0                                   20.6          3.0      20.6
   1  11   7   7   9             9.8          9.8          11.3           2.3          3.0          3.75         6.05                       17.3   1  13                13.7                7.0                                   20.6          3.0      20.6
   1  11   7   7  10             9.8          9.8          11.4           2.3          3.0          3.77         6.07                       17.5   1  13                13.7                7.0                                   20.6          3.0      20.6
   1  11   7   7  11             9.8          9.8          11.6           2.3          3.0          3.79         6.08                       17.7   1  13                13.7                7.0                                   20.6          3.0      20.6
   1  11   7   7  12             9.8          9.8          11.8           2.6          3.0          3.80         6.42                       18.2   1  13                13.7                7.0                                   20.6          3.0      20.6
   1  11   7   7  13             9.8          9.8          12.0           2.9          3.0          3.82         6.70                       18.7   1  13                13.7                7.0                                   20.6          3.0      20.6
   1  11   7   8   1             9.8          9.8          11.3           2.9          3.0          3.61         6.49                       17.8   1  13                13.7                7.0                                   20.6          3.0      20.6
   1  11   7   8   2             9.8          9.8          11.1           2.6          3.0          3.62         6.23                       17.4   1  13                13.7                7.0                                   20.6          3.0      20.6
   1  11   7   8   3             9.8          9.8          11.0           2.3          3.0          3.63         5.92                       16.9   1  13                13.7                7.0                                   20.6          3.0      20.6
   1  11   7   8   4             9.8          9.8          10.9           1.9          3.0          3.64         5.58                       16.5   1  13                13.7                7.0                                   20.6          3.0      20.6
   1  11   7   8   5             9.8          9.8          10.8           1.9          3.0          3.65         5.59                       16.4   1  13                13.7                7.0                                   20.6          3.0      20.6
   1  11   7   8   6             9.8          9.8          10.8           1.9          3.0          3.66         5.60                       16.4   1  13                13.7                7.0                                   20.6          3.0      20.6
   1  11   7   8   7             9.8          9.8          10.8           1.9          3.0          3.67         5.62                       16.4   1  13                13.7                7.0                                   20.6          3.0      20.6
   1  11   7   8   8             9.8          9.8          10.8           1.9          3.0          3.69         5.63                       16.5   1  13                13.7                7.0                                   20.6          3.0      20.6
   1  11   7   8   9             9.8          9.8          11.0           1.9          3.0          3.70         5.65                       16.6   1  13                13.7                7.0                                   20.6          3.0      20.6
   1  11   7   8  10             9.8          9.8          11.1           1.9          3.0          3.72         5.66                       16.8   1  13                13.7                7.0                                   20.6          3.0      20.6
   1  11   7   8  11             9.8          9.8          11.3           2.3          3.0          3.73         6.03                       17.4   1  13                13.7                7.0                                   20.6          3.0      20.6
   1  11   7   8  12             9.8          9.8          11.5           2.6          3.0          3.75         6.37                       17.9   1  13                13.7                7.0                                   20.6          3.0      20.6
   1  11   7   8  13             9.8          9.8          11.7           2.9          3.0          3.77         6.65                       18.4   1  13                13.7                7.0                                   20.6          3.0      20.6
   1  11   7   9   1             9.8          9.8          11.1           2.9          3.0          3.55         6.43                       17.5   1  13                13.7                7.0                                   20.6          3.0      20.6
   1  11   7   9   2             9.8          9.8          10.9           2.6          3.0          3.56         6.18                       17.1   1  13                13.7                7.0                                   20.6          3.0      20.6
   1  11   7   9   3             9.8          9.8          10.8           2.3          3.0          3.57         5.87                       16.6   1  13                13.7                7.0                                   20.6          3.0      20.6
   1  11   7   9   4             9.8          9.8          10.6           1.9          3.0          3.58         5.53                       16.2   1  13                13.7                7.0                                   20.6          3.0      20.6
   1  11   7   9   5             9.8          9.8          10.5           1.6          3.0          3.59         5.15                       15.7   1  13                13.7                7.0                                   20.6          3.0      20.6
   1  11   7   9   6             9.8          9.8          10.4           1.6          3.0          3.61         5.16                       15.6   1  13                13.7                7.0                                   20.6          3.0      20.6
   1  11   7   9   7             9.8          9.8          10.4           1.6          3.0          3.62         5.17                       15.6   1  13                13.7                7.0                                   20.6          3.0      20.6
   1  11   7   9   8             9.8          9.8          10.5           1.6          3.0          3.64         5.19                       15.7   1  13                13.7                7.0                                   20.6          3.0      20.6
   1  11   7   9   9             9.8          9.8          10.7           1.6          3.0          3.65         5.20                       15.9   1  13                13.7                7.0                                   20.6          3.0      20.6
   1  11   7   9  10             9.8          9.8          10.9           1.9          3.0          3.67         5.61                       16.5   1  13                13.7                7.0                                   20.6          3.0      20.6
   1  11   7   9  11             9.8          9.8          11.1           2.3          3.0          3.68         5.98                       17.1   1  13                13.7                7.0                                   20.6          3.0      20.6
   1  11   7   9  12             9.8          9.8          11.3           2.6          3.0          3.70         6.32                       17.6   1  13                13.7                7.0                                   20.6          3.0      20.6
   1  11   7   9  13             9.8          9.8          11.5           2.9          3.0          3.72         6.60                       18.1   1  13                13.7                7.0                                   20.6          3.0      20.6
   1  11   7  10   1             9.8          9.8          10.9           2.9          3.0          3.50         6.38                       17.2   1  13                13.7                7.0                                   20.6          3.0      20.6
   1  11   7  10   2             9.8          9.8          10.7           2.6          3.0          3.51         6.13                       16.8   1  13                13.7                7.0                                   20.6          3.0      20.6
   1  11   7  10   3             9.8          9.8          10.6           2.3          3.0          3.52         5.82                       16.4   1  13                13.7                7.0                                   20.6          3.0      20.6
   1  11   7  10   4             9.8          9.8          10.4           1.9          3.0          3.53         5.47                       15.9   1  13                13.7                7.0                                   20.6          3.0      20.6
   1  11   7  10   5             9.8          9.8          10.3           1.6          3.0          3.54         5.09                       15.4   1  13                13.7                7.0                                   20.6          3.0      20.6
   1  11   7  10   6             9.8          9.8          10.1           1.1          3.0          3.55         4.66                       14.8   1  13                13.7                7.0                                   20.6          3.0      20.6
   1  11   7  10   7             9.8          9.8          10.1           1.1          3.0          3.57         4.67                       14.8   1  13                13.7                7.0                                   20.6          3.0      20.6
   1  11   7  10   8             9.8          9.8          10.2           1.1          3.0          3.58         4.69                       14.9   1  13                13.7                7.0                                   20.6          3.0      20.6
   1  11   7  10   9             9.8          9.8          10.4           1.6          3.0          3.60         5.15                       15.6   1  13                13.7                7.0                                   20.6          3.0      20.6
   1  11   7  10  10             9.8          9.8          10.6           1.9          3.0          3.61         5.56                       16.2   1  13                13.7                7.0                                   20.6          3.0      20.6
   1  11   7  10  11             9.8          9.8          10.9           2.3          3.0          3.63         5.93                       16.8   1  13                13.7                7.0                                   20.6          3.0      20.6
   1  11   7  10  12             9.8          9.8          11.1           2.6          3.0          3.65         6.27                       17.4   1  13                13.7                7.0                                   20.6          3.0      20.6
   1  11   7  10  13             9.8          9.8          11.3           2.9          3.0          3.67         6.55                       17.9   1  13                13.7                7.0                                   20.6          3.0      20.6
   1  11   7  11   1             9.8          9.8          10.7           2.9          3.0          3.44         6.33                       17.0   1  13                13.7                7.0                                   20.6          3.0      20.6
   1  11   7  11   2             9.8          9.8          10.5           2.6          3.0          3.45         6.07                       16.6   1  13                13.7                7.0                                   20.6          3.0      20.6
   1  11   7  11   3             9.8          9.8          10.4           2.3          3.0          3.47         5.76                       16.1   1  13                13.7                7.0                                   20.6          3.0      20.6
   1  11   7  11   4             9.8          9.8          10.2           1.9          3.0          3.48         5.42                       15.6   1  13                13.7                7.0                                   20.6          3.0      20.6
   1  11   7  11   5             9.8          9.8          10.1           1.6          3.0          3.49         5.04                       15.1   1  13                13.7                7.0                                   20.6          3.0      20.6
   1  11   7  11   6             9.8          9.8           9.9           1.1          3.0          3.50         4.61                       14.5   1  13                13.7                7.0                                   20.6          3.0      20.6
   1  11   7  11   7             9.8          9.8           9.8           0.5          3.0          3.52         4.05                       13.8   1  13                13.7                7.0                                   20.6          3.0      20.6
   1  11   7  11   8             9.8          9.8          10.0           1.1          3.0          3.53         4.64                       14.6   1  13                13.7                7.0                                   20.6          3.0      20.6
   1  11   7  11   9             9.8          9.8          10.2           1.6          3.0          3.55         5.10                       15.3   1  13                13.7                7.0                                   20.6          3.0      20.6
   1  11   7  11  10             9.8          9.8          10.5           1.9          3.0          3.56         5.51                       16.0   1  13                13.7                7.0                                   20.6          3.0      20.6
   1  11   7  11  11             9.8          9.8          10.7           2.3          3.0          3.58         5.88                       16.6   1  13                13.7                7.0                                   20.6          3.0      20.6
   1  11   7  11  12             9.8          9.8          10.9           2.6          3.0          3.60         6.22                       17.2   1  13                13.7                7.0                                   20.6          3.0      20.6
   1  11   7  11  13             9.8          9.8          11.2           2.9          3.0          3.62         6.50                       17.7   1  13                13.7                7.0                                   20.6          3.0      20.6
   1  11   7  12   1             9.8          9.8          10.6           2.9          3.0          3.39         6.27                       16.8   1  13                13.7                7.0                                   20.6          3.0      20.6
   1  11   7  12   2             9.8          9.8          10.4           2.6          3.0          3.40         6.02                       16.4   1  13                13.7                7.0                                   20.6          3.0      20.6
   1  11   7  12   3             9.8          9.8          10.3           2.3          3.0          3.41         5.71                       16.0   1  13                13.7                7.0                                   20.6          3.0      20.6
   1  11   7  12   4             9.8          9.8          10.1           1.9          3.0          3.42         5.37                       15.5   1  13                13.7                7.0                                   20.6          3.0      20.6
   1  11   7  12   5             9.8          9.8          10.0           1.6          3.0          3.44         4.99                       15.0   1  13                13.7                7.0                                   20.6          3.0      20.6
   1  11   7  12   6             9.8          9.8           9.8           1.1          3.0          3.45         4.55                       14.4   1  13                13.7                7.0                                   20.6          3.0      20.6
   1  11   7  12   7             9.8          9.8           9.8           1.1          3.0          3.46         4.57                       14.4   1  13                13.7                7.0                                   20.6          3.0      20.6
   1  11   7  12   8             9.8          9.8           9.9           1.1          3.0          3.48         4.58                       14.5   1  13                13.7                7.0                                   20.6          3.0      20.6
   1  11   7  12   9             9.8          9.8          10.1           1.6          3.0          3.49         5.05                       15.2   1  13                13.7                7.0                                   20.6          3.0      20.6
   1  11   7  12  10             9.8          9.8          10.3           1.9          3.0          3.51         5.45                       15.8   1  13                13.7                7.0                                   20.6          3.0      20.6
   1  11   7  12  11             9.8          9.8          10.6           2.3          3.0          3.53         5.83                       16.4   1  13                13.7                7.0                                   20.6          3.0      20.6
   1  11   7  12  12             9.8          9.8          10.8           2.6          3.0          3.55         6.16                       17.0   1  13                13.7                7.0                                   20.6          3.0      20.6
   1  11   7  12  13             9.8          9.8          11.1           2.9          3.0          3.56         6.45                       17.5   1  13                13.7                7.0                                   20.6          3.0      20.6
   1  11   7  13   1             9.8          9.8          10.5           2.9          3.0          3.34         6.22                       16.7   1  13                13.7                7.0                                   20.6          3.0      20.6
   1  11   7  13   2             9.8          9.8          10.3           2.6          3.0          3.35         5.97                       16.3   1  13                13.7                7.0                                   20.6          3.0      20.6
   1  11   7  13   3             9.8          9.8          10.2           2.3          3.0          3.36         5.66                       15.8   1  13                13.7                7.0                                   20.6          3.0      20.6
   1  11   7  13   4             9.8          9.8          10.0           1.9          3.0          3.37         5.31                       15.4   1  13                13.7                7.0                                   20.6          3.0      20.6
   1  11   7  13   5             9.8          9.8           9.9           1.6          3.0          3.38         4.94                       14.9   1  13                13.7                7.0                                   20.6          3.0      20.6
   1  11   7  13   6             9.8          9.8           9.9           1.6          3.0          3.40         4.95                       14.8   1  13                13.7                7.0                                   20.6          3.0      20.6
   1  11   7  13   7             9.8          9.8           9.9           1.6          3.0          3.41         4.96                       14.8   1  13                13.7                7.0                                   20.6          3.0      20.6
   1  11   7  13   8             9.8          9.8           9.9           1.6          3.0          3.43         4.98                       14.9   1  13                13.7                7.0                                   20.6          3.0      20.6
   1  11   7  13   9             9.8          9.8          10.1           1.6          3.0          3.44         4.99                       15.1   1  13                13.7                7.0                                   20.6          3.0      20.6
   1  11   7  13  10             9.8          9.8          10.3           1.9          3.0          3.46         5.40                       15.7   1  13                13.7                7.0                                   20.6          3.0      20.6
   1  11   7  13  11             9.8          9.8          10.5           2.3          3.0          3.48         5.77                       16.3   1  13                13.7                7.0                                   20.6          3.0      20.6
   1  11   7  13  12             9.8          9.8          10.7           2.6          3.0          3.49         6.11                       16.8   1  13                13.7                7.0                                   20.6          3.0      20.6
   1  11   7  13  13             9.8          9.8          11.0           2.9          3.0          3.51         6.40                       17.4   1  13                13.7                7.0                                   20.6          3.0      20.6
   1  11   7  14   1             9.8          9.8          10.4           2.9          3.0          3.28         6.17                       16.6   1  13                13.7                7.0                                   20.6          3.0      20.6
   1  11   7  14   2             9.8          9.8          10.3           2.6          3.0          3.29         5.91                       16.2   1  13                13.7                7.0                                   20.6          3.0      20.6
   1  11   7  14   3             9.8          9.8          10.1           2.3          3.0          3.31         5.60                       15.7   1  13                13.7                7.0                                   20.6          3.0      20.6
   1  11   7  14   4             9.8          9.8          10.0           1.9          3.0          3.32         5.26                       15.3   1  13                13.7                7.0                                   20.6          3.0      20.6
   1  11   7  14   5             9.8          9.8           9.9           1.9          3.0          3.33         5.27                       15.2   1  13                13.7                7.0                                   20.6          3.0      20.6
   1  11   7  14   6             9.8          9.8           9.9           1.9          3.0          3.34         5.29                       15.2   1  13                13.7                7.0                                   20.6          3.0      20.6
   1  11   7  14   7             9.8          9.8           9.9           1.9          3.0          3.36         5.30                       15.2   1  13                13.7                7.0                                   20.6          3.0      20.6
   1  11   7  14   8             9.8          9.8          10.0           1.9          3.0          3.37         5.32                       15.3   1  13                13.7                7.0                                   20.6          3.0      20.6
   1  11   7  14   9             9.8          9.8          10.1           1.9          3.0          3.39         5.33                       15.4   1  13                13.7                7.0                                   20.6          3.0      20.6
   1  11   7  14  10             9.8          9.8          10.3           1.9          3.0          3.41         5.35                       15.6   1  13                13.7                7.0                                   20.6          3.0      20.6
   1  11   7  14  11             9.8          9.8          10.5           2.3          3.0          3.42         5.72                       16.2   1  13                13.7                7.0                                   20.6          3.0      20.6
   1  11   7  14  12             9.8          9.8          10.7           2.6          3.0          3.44         6.06                       16.7   1  13                13.7                7.0                                   20.6          3.0      20.6
   1  11   7  14  13             9.8          9.8          10.9           2.9          3.0          3.46         6.35                       17.2   1  13                13.7                7.0                                   20.6          3.0      20.6
   1  11   7  15   1             9.8          9.8          10.3           2.9          3.0          3.23         6.11                       16.5   1  13                13.7                7.0                                   20.6          3.0      20.6
   1  11   7  15   2             9.8          9.8          10.2           2.6          3.0          3.24         5.86                       16.1   1  13                13.7                7.0                                   20.6          3.0      20.6
   1  11   7  15   3             9.8          9.8          10.1           2.3          3.0          3.25         5.55                       15.7   1  13                13.7                7.0                                   20.6          3.0      20.6
   1  11   7  15   4             9.8          9.8          10.0           2.3          3.0          3.26         5.56                       15.6   1  13                13.7                7.0                                   20.6          3.0      20.6
   1  11   7  15   5             9.8          9.8          10.0           2.3          3.0          3.28         5.58                       15.5   1  13                13.7                7.0                                   20.6          3.0      20.6
   1  11   7  15   6             9.8          9.8           9.9           2.3          3.0          3.29         5.59                       15.5   1  13                13.7                7.0                                   20.6          3.0      20.6
   1  11   7  15   7             9.8          9.8           9.9           2.3          3.0          3.31         5.60                       15.5   1  13                13.7                7.0                                   20.6          3.0      20.6
   1  11   7  15   8             9.8          9.8          10.0           2.3          3.0          3.32         5.62                       15.6   1  13                13.7                7.0                                   20.6          3.0      20.6
   1  11   7  15   9             9.8          9.8          10.1           2.3          3.0          3.34         5.64                       15.8   1  13                13.7                7.0                                   20.6          3.0      20.6
   1  11   7  15  10             9.8          9.8          10.3           2.3          3.0          3.36         5.65                       15.9   1  13                13.7                7.0                                   20.6          3.0      20.6
   1  11   7  15  11             9.8          9.8          10.4           2.3          3.0          3.37         5.67                       16.1   1  13                13.7                7.0                                   20.6          3.0      20.6
   1  11   7  15  12             9.8          9.8          10.6           2.6          3.0          3.39         6.01                       16.6   1  13                13.7                7.0                                   20.6          3.0      20.6
   1  11   7  15  13             9.8          9.8          10.8           2.9          3.0          3.41         6.29                       17.1   1  13                13.7                7.0                                   20.6          3.0      20.6
   1  11   7  16   1             9.8          9.8          10.3           2.9          3.0          3.18         6.06                       16.4   1  13                13.7                7.0                                   20.6          3.0      20.6
   1  11   7  16   2             9.8          9.8          10.2           2.6          3.0          3.19         5.81                       16.0   1  13                13.7                7.0                                   20.6          3.0      20.6
   1  11   7  16   3             9.8          9.8          10.1           2.6          3.0          3.20         5.82                       15.9   1  13                13.7                7.0                                   20.6          3.0      20.6
   1  11   7  16   4             9.8          9.8          10.0           2.6          3.0          3.21         5.83                       15.9   1  13                13.7                7.0                                   20.6          3.0      20.6
   1  11   7  16   5             9.8          9.8          10.0           2.6          3.0          3.23         5.84                       15.8   1  13                13.7                7.0                                   20.6          3.0      20.6
   1  11   7  16   6             9.8          9.8          10.0           2.6          3.0          3.24         5.86                       15.8   1  13                13.7                7.0                                   20.6          3.0      20.6
   1  11   7  16   7             9.8          9.8          10.0           2.6          3.0          3.25         5.87                       15.9   1  13                13.7                7.0                                   20.6          3.0      20.6
   1  11   7  16   8             9.8          9.8          10.1           2.6          3.0          3.27         5.89                       15.9   1  13                13.7                7.0                                   20.6          3.0      20.6
   1  11   7  16   9             9.8          9.8          10.2           2.6          3.0          3.29         5.91                       16.1   1  13                13.7                7.0                                   20.6          3.0      20.6
   1  11   7  16  10             9.8          9.8          10.3           2.6          3.0          3.30         5.92                       16.2   1  13                13.7                7.0                                   20.6          3.0      20.6
   1  11   7  16  11             9.8          9.8          10.4           2.6          3.0          3.32         5.94                       16.4   1  13                13.7                7.0                                   20.6          3.0      20.6
   1  11   7  16  12             9.8          9.8          10.6           2.6          3.0          3.34         5.96                       16.6   1  13                13.7                7.0                                   20.6          3.0      20.6
   1  11   7  16  13             9.8          9.8          10.8           2.9          3.0          3.36         6.24                       17.1   1  13                13.7                7.0                                   20.6          3.0      20.6
   1  11   7  17   1             9.8          9.8          10.3           2.9          3.0          3.12         6.01                       16.3   1  13                13.7                7.0                                   20.6          3.0      20.6
   1  11   7  17   2             9.8          9.8          10.2           2.9          3.0          3.13         6.02                       16.2   1  13                13.7                7.0                                   20.6          3.0      20.6
   1  11   7  17   3             9.8          9.8          10.1           2.9          3.0          3.15         6.03                       16.1   1  13                13.7                7.0                                   20.6          3.0      20.6
   1  11   7  17   4             9.8          9.8          10.0           2.9          3.0          3.16         6.04                       16.1   1  13                13.7                7.0                                   20.6          3.0      20.6
   1  11   7  17   5             9.8          9.8          10.0           2.9          3.0          3.17         6.06                       16.1   1  13                13.7                7.0                                   20.6          3.0      20.6
   1  11   7  17   6             9.8          9.8          10.0           2.9          3.0          3.19         6.07                       16.1   1  13                13.7                7.0                                   20.6          3.0      20.6
   1  11   7  17   7             9.8          9.8          10.0           2.9          3.0          3.20         6.09                       16.1   1  13                13.7                7.0                                   20.6          3.0      20.6
   1  11   7  17   8             9.8          9.8          10.1           2.9          3.0          3.22         6.10                       16.2   1  13                13.7                7.0                                   20.6          3.0      20.6
   1  11   7  17   9             9.8          9.8          10.2           2.9          3.0          3.24         6.12                       16.3   1  13                13.7                7.0                                   20.6          3.0      20.6
   1  11   7  17  10             9.8          9.8          10.3           2.9          3.0          3.25         6.14                       16.4   1  13                13.7                7.0                                   20.6          3.0      20.6
   1  11   7  17  11             9.8          9.8          10.5           2.9          3.0          3.27         6.15                       16.6   1  13                13.7                7.0                                   20.6          3.0      20.6
   1  11   7  17  12             9.8          9.8          10.6           2.9          3.0          3.29         6.17                       16.8   1  13                13.7                7.0                                   20.6          3.0      20.6
   1  11   7  17  13             9.8          9.8          10.8           2.9          3.0          3.31         6.19                       17.0   1  13                13.7                7.0                                   20.6          3.0      20.6
   1  11   7  18   1             9.8          9.8          10.3           2.9          3.0          3.07         6.01                       16.3   1  13                13.7                7.0                                   20.6          3.0      20.6
   1  11   7  18   2             9.8          9.8          10.2           2.9          3.0          3.08         6.02                       16.2   1  13                13.7                7.0                                   20.6          3.0      20.6
   1  11   7  18   3             9.8          9.8          10.1           2.9          3.0          3.09         6.04                       16.2   1  13                13.7                7.0                                   20.6          3.0      20.6
   1  11   7  18   4             9.8          9.8          10.1           2.9          3.0          3.11         6.05                       16.1   1  13                13.7                7.0                                   20.6          3.0      20.6
   1  11   7  18   5             9.8          9.8          10.0           2.9          3.0          3.12         6.06                       16.1   1  13                13.7                7.0                                   20.6          3.0      20.6
   1  11   7  18   6             9.8          9.8          10.1           2.9          3.0          3.13         6.08                       16.1   1  13                13.7                7.0                                   20.6          3.0      20.6
   1  11   7  18   7             9.8          9.8          10.1           2.9          3.0          3.15         6.09                       16.2   1  13                13.7                7.0                                   20.6          3.0      20.6
   1  11   7  18   8             9.8          9.8          10.1           2.9          3.0          3.17         6.11                       16.2   1  13                13.7                7.0                                   20.6          3.0      20.6
   1  11   7  18   9             9.8          9.8          10.2           2.9          3.0          3.18         6.13                       16.4   1  13                13.7                7.0                                   20.6          3.0      20.6
   1  11   7  18  10             9.8          9.8          10.3           2.9          3.0          3.20         6.14                       16.5   1  13                13.7                7.0                                   20.6          3.0      20.6
   1  11   7  18  11             9.8          9.8          10.5           2.9          3.0          3.22         6.16                       16.6   1  13                13.7                7.0                                   20.6          3.0      20.6
   1  11   7  18  12             9.8          9.8          10.6           2.9          3.0          3.24         6.18                       16.8   1  13                13.7                7.0                                   20.6          3.0      20.6
   1  11   7  18  13             9.8          9.8          10.8           2.9          3.0          3.26         6.20                       17.0   1  13                13.7                7.0                                   20.6          3.0      20.6
   1  11   7  19   1             9.8          9.8          10.3           3.0          3.0          3.02         5.97                       16.2   1  13                13.7                7.0                                   20.6          3.0      20.6
   1  11   7  19   2             9.8          9.8          10.2           3.0          3.0          3.03         5.98                       16.2   1  13                13.7                7.0                                   20.6          3.0      20.6
   1  11   7  19   3             9.8          9.8          10.1           3.0          3.0          3.04         5.99                       16.1   1  13                13.7                7.0                                   20.6          3.0      20.6
   1  11   7  19   4             9.8          9.8          10.1           3.0          3.0          3.05         6.01                       16.1   1  13                13.7                7.0                                   20.6          3.0      20.6
   1  11   7  19   5             9.8          9.8          10.1           3.0          3.0          3.07         6.02                       16.1   1  13                13.7                7.0                                   20.6          3.0      20.6
   1  11   7  19   6             9.8          9.8          10.1           3.0          3.0          3.08         6.04                       16.1   1  13                13.7                7.0                                   20.6          3.0      20.6
   1  11   7  19   7             9.8          9.8          10.1           3.0          3.0          3.10         6.05                       16.2   1  13                13.7                7.0                                   20.6          3.0      20.6
   1  11   7  19   8             9.8          9.8          10.2           3.0          3.0          3.12         6.07                       16.3   1  13                13.7                7.0                                   20.6          3.0      20.6
   1  11   7  19   9             9.8          9.8          10.3           3.0          3.0          3.13         6.09                       16.4   1  13                13.7                7.0                                   20.6          3.0      20.6
   1  11   7  19  10             9.8          9.8          10.4           3.0          3.0          3.15         6.10                       16.5   1  13                13.7                7.0                                   20.6          3.0      20.6
   1  11   7  19  11             9.8          9.8          10.5           3.0          3.0          3.17         6.12                       16.6   1  13                13.7                7.0                                   20.6          3.0      20.6
   1  11   7  19  12             9.8          9.8          10.7           3.0          3.0          3.19         6.14                       16.8   1  13                13.7                7.0                                   20.6          3.0      20.6
   1  11   7  19  13             9.8          9.8          10.8           3.0          3.0          3.21         6.16                       17.0   1  13                13.7                7.0                                   20.6          3.0      20.6
   1  11   7  20   1             9.8          9.8          10.3           2.9          3.0          2.96         5.88                       16.2   1  13                13.7                7.0                                   20.6          3.0      20.6
   1  11   7  20   2             9.8          9.8          10.2           2.9          3.0          2.98         5.89                       16.1   1  13                13.7                7.0                                   20.6          3.0      20.6
   1  11   7  20   3             9.8          9.8          10.2           2.9          3.0          2.99         5.91                       16.1   1  13                13.7                7.0                                   20.6          3.0      20.6
   1  11   7  20   4             9.8          9.8          10.1           2.9          3.0          3.00         5.92                       16.1   1  13                13.7                7.0                                   20.6          3.0      20.6
   1  11   7  20   5             9.8          9.8          10.1           2.9          3.0          3.02         5.93                       16.1   1  13                13.7                7.0                                   20.6          3.0      20.6
   1  11   7  20   6             9.8          9.8          10.1           2.9          3.0          3.03         5.95                       16.1   1  13                13.7                7.0                                   20.6          3.0      20.6
   1  11   7  20   7             9.8          9.8          10.2           2.9          3.0          3.05         5.97                       16.1   1  13                13.7                7.0                                   20.6          3.0      20.6
   1  11   7  20   8             9.8          9.8          10.2           2.9          3.0          3.06         5.98                       16.2   1  13                13.7                7.0                                   20.6          3.0      20.6
   1  11   7  20   9             9.8          9.8          10.3           2.9          3.0          3.08         6.00                       16.3   1  13                13.7                7.0                                   20.6          3.0      20.6
   1  11   7  20  10             9.8          9.8          10.4           2.9          3.0          3.10         6.02                       16.4   1  13                13.7                7.0                                   20.6          3.0      20.6
   1  11   7  20  11             9.8          9.8          10.5           2.9          3.0          3.12         6.04                       16.6   1  13                13.7                7.0                                   20.6          3.0      20.6
   1  11   7  20  12             9.8          9.8          10.7           2.9          3.0          3.14         6.06                       16.7   1  13                13.7                7.0                                   20.6          3.0      20.6
   1  11   7  20  13             9.8          9.8          10.8           2.9          3.0          3.16         6.08                       16.9   1  13                13.7                7.0                                   20.6          3.0      20.6
   1  11   7  21   1             9.8          9.8          10.3           2.8          3.0          2.91         5.75                       16.0   1  13                13.7                7.0                                   20.6          3.0      20.6
   1  11   7  21   2             9.8          9.8          10.2           2.8          3.0          2.92         5.76                       16.0   1  13                13.7                7.0                                   20.6          3.0      20.6
   1  11   7  21   3             9.8          9.8          10.2           2.8          3.0          2.94         5.77                       16.0   1  13                13.7                7.0                                   20.6          3.0      20.6
   1  11   7  21   4             9.8          9.8          10.2           2.8          3.0          2.95         5.78                       16.0   1  13                13.7                7.0                                   20.6          3.0      20.6
   1  11   7  21   5             9.8          9.8          10.2           2.8          3.0          2.96         5.80                       16.0   1  13                13.7                7.0                                   20.6          3.0      20.6
   1  11   7  21   6             9.8          9.8          10.2           2.8          3.0          2.98         5.81                       16.0   1  13                13.7                7.0                                   20.6          3.0      20.6
   1  11   7  21   7             9.8          9.8          10.2           2.8          3.0          3.00         5.83                       16.0   1  13                13.7                7.0                                   20.6          3.0      20.6
   1  11   7  21   8             9.8          9.8          10.3           2.8          3.0          3.01         5.85                       16.1   1  13                13.7                7.0                                   20.6          3.0      20.6
   1  11   7  21   9             9.8          9.8          10.4           2.8          3.0          3.03         5.86                       16.2   1  13                13.7                7.0                                   20.6          3.0      20.6
   1  11   7  21  10             9.8          9.8          10.5           2.8          3.0          3.05         5.88                       16.3   1  13                13.7                7.0                                   20.6          3.0      20.6
   1  11   7  21  11             9.8          9.8          10.6           2.8          3.0          3.07         5.90                       16.5   1  13                13.7                7.0                                   20.6          3.0      20.6
   1  11   7  21  12             9.8          9.8          10.7           2.8          3.0          3.09         5.92                       16.6   1  13                13.7                7.0                                   20.6          3.0      20.6
   1  11   7  21  13             9.8          9.8          10.9           2.8          3.0          3.11         5.95                       16.8   1  13                13.7                7.0                                   20.6          3.0      20.6
