         modeling parameters     
Fault Strike              =    95.00
Fault dip                 =    40.00
Fault depth to upper edge =     1.00
Fault Length              =    11.48
Fault Width               =     7.08
ratio of rupture to s-wave velocity =     0.80
FaultLat                  =    44.88
FaultLon                  =    11.03
No.of subs along strike   =       21
No.of subs along dip      =       13
subfault length           =     0.55
subfault width            =     0.54
i_rise_time (1=orig,2=1/f0) =  2
iseed, nsims =     -2452354   20
-----------------------------------------------
input hypocenter at position    =   5.740E+00  3.540E+00
input hypocenter at subfault    =   11   7
n_hypocenters    =    1
Mag.                      =     6.00
-----------------------------------------------
dt (sec)                  =   0.0050
beta (km/s)               =     3.60
density (rho), gr/cm3     =     2.70
prtitn                    =     0.71
rtp                       =     0.55
fs                        =     2.00
pulsing Percentage        =    50.00
iflagscalefactor (1=vel^2; 2=acc^2;  3=asymptotic acc^2 (dmb)) = 2
flocut, nslope            =   0.000  8
iflagfas_avg              = 3
iflagpsa_avg_over_hypos   = 2
iflagpsa_avg_over_sims   = 1
stress parameter (bars)   =    50.00
fmax                      =     0.00
kappa                     =   0.0400
-----------------------------------------------
         Corner Frequency    
Dynamic Corner Frequency Flag is  ON =    1
-----------------------------------------------
 fr1, qr1, s1, ft1, ft2, fr2, qr2, s2, c_q  = 
  0.1000000       275.0000      -2.000000      0.2000000      0.6000000    
   1.000000       100.0000       1.000000       3.600000    
 Path duration: ndur_hinges, rpathdur, pathdur, durslope: 
  1
   0.0   0.00
  0.100
 gspread: i, nsprd_segs, r_ref, rlow, a_s, b_s, m_s
           1           3   1.000000       1.000000      -1.000000    
  0.0000000E+00   6.500000    
           2           3   1.000000       70.00000      0.0000000E+00
  0.0000000E+00   6.500000    
           3           3   1.000000       130.0000     -0.5000000    
  0.0000000E+00   6.500000    
-----------------------------------------------
window applied               = Saragoni-Hart
-----------------------------------------------
 Crustal amps from file SAF_acc_txt_corr.txt
    freq     amp
   0.000   1.000
   0.250   2.342
   0.251   2.337
   0.253   2.331
   0.254   2.324
   0.255   2.314
   0.256   2.300
   0.258   2.282
   0.259   2.267
   0.260   2.253
   0.262   2.240
   0.263   2.228
   0.265   2.218
   0.266   2.205
   0.267   2.191
   0.269   2.188
   0.270   2.188
   0.272   2.192
   0.273   2.195
   0.275   2.197
   0.276   2.199
   0.278   2.201
   0.279   2.205
   0.281   2.212
   0.282   2.220
   0.284   2.227
   0.286   2.233
   0.287   2.244
   0.289   2.252
   0.291   2.245
   0.292   2.238
   0.294   2.231
   0.296   2.219
   0.298   2.205
   0.299   2.189
   0.301   2.177
   0.303   2.170
   0.305   2.169
   0.307   2.169
   0.309   2.171
   0.311   2.169
   0.312   2.169
   0.314   2.175
   0.316   2.179
   0.318   2.179
   0.321   2.176
   0.323   2.164
   0.325   2.156
   0.327   2.144
   0.329   2.131
   0.331   2.124
   0.333   2.126
   0.336   2.124
   0.338   2.129
   0.340   2.134
   0.342   2.148
   0.345   2.162
   0.347   2.181
   0.350   2.208
   0.352   2.235
   0.355   2.251
   0.357   2.260
   0.360   2.269
   0.362   2.278
   0.365   2.292
   0.368   2.307
   0.370   2.322
   0.373   2.329
   0.376   2.339
   0.379   2.342
   0.382   2.349
   0.385   2.357
   0.388   2.368
   0.391   2.381
   0.394   2.397
   0.397   2.409
   0.400   2.414
   0.403   2.419
   0.407   2.420
   0.410   2.421
   0.413   2.423
   0.417   2.432
   0.420   2.435
   0.424   2.430
   0.427   2.425
   0.431   2.435
   0.435   2.447
   0.439   2.472
   0.442   2.488
   0.446   2.503
   0.450   2.519
   0.455   2.532
   0.459   2.543
   0.463   2.545
   0.467   2.533
   0.472   2.538
   0.476   2.555
   0.481   2.587
   0.485   2.613
   0.490   2.632
   0.495   2.650
   0.500   2.660
   0.505   2.658
   0.510   2.639
   0.515   2.642
   0.521   2.640
   0.526   2.640
   0.532   2.646
   0.538   2.670
   0.543   2.712
   0.549   2.764
   0.556   2.817
   0.562   2.853
   0.568   2.883
   0.575   2.912
   0.581   2.934
   0.588   2.930
   0.595   2.945
   0.602   2.981
   0.610   3.029
   0.617   3.096
   0.625   3.170
   0.633   3.273
   0.641   3.414
   0.649   3.527
   0.658   3.626
   0.667   3.703
   0.676   3.730
   0.685   3.710
   0.694   3.685
   0.704   3.669
   0.714   3.615
   0.725   3.527
   0.735   3.452
   0.746   3.344
   0.758   3.206
   0.769   3.043
   0.781   2.892
   0.794   2.737
   0.806   2.606
   0.820   2.450
   0.833   2.314
   0.847   2.186
   0.862   2.102
   0.877   2.039
   0.893   1.998
   0.909   1.994
   0.926   1.980
   0.943   1.983
   0.962   1.966
   0.980   1.880
   1.000   1.828
   1.020   1.807
   1.042   1.856
   1.064   1.916
   1.087   2.009
   1.111   2.098
   1.136   2.106
   1.163   2.132
   1.190   2.178
   1.220   2.243
   1.250   2.322
   1.282   2.392
   1.316   2.457
   1.351   2.553
   1.389   2.688
   1.429   2.873
   1.471   3.011
   1.515   3.260
   1.562   3.607
   1.613   3.886
   1.667   4.172
   1.724   4.317
   1.786   4.153
   1.852   4.017
   1.923   3.765
   2.000   3.573
   2.083   3.414
   2.174   3.234
   2.273   3.101
   2.381   3.192
   2.500   3.350
   2.632   3.771
   2.778   3.941
   2.941   3.226
   3.125   2.849
   3.333   2.744
   3.571   2.961
   3.846   2.915
   4.167   2.379
   4.545   2.145
   5.000   2.341
   5.556   2.222
   6.250   2.159
   7.143   2.096
-----------------------------------------------
 site amps from file site_amps_one.txt
    freq     amp
   1.000   1.000
-----------------------------------------------
-----------------------------------------------
         Analytical Pulse parameters     
-----------------------------------------------
Analytical Flag is  OFF   =     0
 
tpadl, tpadt, dt(sec)                     :     5.000     5.000     0.005
For site   1 siteLocation coordinates 1&2 =     44.90    11.54
 
  For site   1 elapsed time (sec) =  15.15
