**********************************************
*******     Site #   1
Average PSA and Fourier spectrum over    20 trials
damping:   5%
  50 samples
Mag.          =      6.00
siteLat       =     44.88
siteLon       =     11.06
depth         =      5.06
R             =     16.35
azimuth       =  15169.02
fault Dis.(km)=    17.15
Hypo  Dis.(km)=    35.39
Input Parameters file =  atzori_29.05_MRN_x_parameters.out                                                                                       
 data format: (1x,f10.3, 1p, 1x,e11.4, 5x,e11.4, 2x,e11.4, 1x,e11.4)
   freq(Hz)     per(s) FAS(cm/sec) avgPSA(cm/s**2) avgPSV(cm/s)   avgSD(cm)        minY        maxY
     -1.000        NaN         NaN             Nan   8.0056E+00         Nan
    999.900      0.000         Nan      5.9077E+01          NaN         NaN  4.8570E+01  7.2097E+01
      0.200      5.000  6.7271E+00      7.1316E+00   5.6752E+00  4.5161E+00
      0.217      4.616  6.8504E+00      7.9188E+00   5.8180E+00  4.2746E+00
      0.235      4.262  6.4209E+00      8.9286E+00   6.0566E+00  4.1084E+00
      0.254      3.935  6.3072E+00      1.0462E+01   6.5525E+00  4.1037E+00
      0.275      3.633  7.2605E+00      1.2613E+01   7.2930E+00  4.2170E+00
      0.298      3.354  9.0812E+00      1.4873E+01   7.9399E+00  4.2388E+00
      0.323      3.097  1.0801E+01      1.7175E+01   8.4657E+00  4.1727E+00
      0.350      2.859  1.2910E+01      2.0490E+01   9.3242E+00  4.2432E+00
      0.379      2.640  1.5166E+01      2.4204E+01   1.0169E+01  4.2726E+00
      0.410      2.437  1.4035E+01      2.6716E+01   1.0363E+01  4.0201E+00
      0.444      2.250  1.4554E+01      3.0570E+01   1.0949E+01  3.9213E+00
      0.481      2.078  1.8505E+01      3.5862E+01   1.1858E+01  3.9211E+00
      0.521      1.918  1.3531E+01      3.7583E+01   1.1474E+01  3.5029E+00
      0.565      1.771  9.9737E+00      4.2955E+01   1.2107E+01  3.4127E+00
      0.612      1.635  2.1503E+01      5.4369E+01   1.4149E+01  3.6820E+00
      0.662      1.510  1.8665E+01      6.1178E+01   1.4699E+01  3.5318E+00
      0.717      1.394  2.8330E+01      7.4571E+01   1.6542E+01  3.6696E+00
      0.777      1.287  2.4204E+01      7.9486E+01   1.6280E+01  3.3342E+00
      0.842      1.188  2.4789E+01      9.0815E+01   1.7173E+01  3.2472E+00
      0.912      1.097  2.9381E+01      1.0448E+02   1.8241E+01  3.1847E+00
      0.987      1.013  3.4349E+01      1.0779E+02   1.7375E+01  2.8006E+00
      1.069      0.935  1.5218E+01      1.0080E+02   1.5001E+01  2.2325E+00
      1.158      0.863  2.1148E+01      1.0057E+02   1.3819E+01  1.8987E+00
      1.255      0.797  2.0647E+01      1.0033E+02   1.2727E+01  1.6146E+00
      1.359      0.736  1.3532E+01      1.0219E+02   1.1969E+01  1.4019E+00
      1.472      0.679  1.5525E+01      1.1270E+02   1.2187E+01  1.3178E+00
      1.594      0.627  1.7073E+01      1.2385E+02   1.2365E+01  1.2345E+00
      1.727      0.579  1.4671E+01      1.2905E+02   1.1895E+01  1.0965E+00
      1.870      0.535  1.1192E+01      1.3096E+02   1.1145E+01  9.4850E-01
      2.026      0.494  1.8829E+01      1.4740E+02   1.1582E+01  9.1003E-01
      2.194      0.456  2.5349E+01      1.6340E+02   1.1854E+01  8.5992E-01
      2.376      0.421  1.1875E+01      1.5358E+02   1.0286E+01  6.8895E-01
      2.574      0.389  1.1635E+01      1.3818E+02   8.5449E+00  5.2841E-01
      2.788      0.359  1.1864E+01      1.2746E+02   7.2772E+00  4.1548E-01
      3.019      0.331  7.9657E+00      1.2653E+02   6.6698E+00  3.5158E-01
      3.270      0.306  1.1183E+01      1.3405E+02   6.5240E+00  3.1751E-01
      3.542      0.282  7.8602E+00      1.2360E+02   5.5540E+00  2.4956E-01
      3.836      0.261  5.6465E+00      1.0975E+02   4.5530E+00  1.8888E-01
      4.155      0.241  5.9300E+00      1.0432E+02   3.9957E+00  1.5304E-01
      4.501      0.222  5.7442E+00      1.1013E+02   3.8944E+00  1.3772E-01
      4.875      0.205  6.2711E+00      1.2363E+02   4.0366E+00  1.3179E-01
      5.280      0.189  8.4556E+00      1.2075E+02   3.6398E+00  1.0972E-01
      5.719      0.175  6.1612E+00      1.2546E+02   3.4916E+00  9.7176E-02
      6.194      0.161  5.3951E+00      1.2553E+02   3.2256E+00  8.2884E-02
      6.709      0.149  2.7085E+00      1.1049E+02   2.6212E+00  6.2185E-02
      7.266      0.138  3.4923E+00      9.7740E+01   2.1408E+00  4.6892E-02
      7.870      0.127  3.0999E+00      9.0649E+01   1.8332E+00  3.7072E-02
      8.524      0.117  2.3543E+00      8.6422E+01   1.6136E+00  3.0127E-02
      9.233      0.108  1.9129E+00      8.4626E+01   1.4588E+00  2.5147E-02
     10.000      0.100  1.1697E+00      7.9469E+01   1.2648E+00  2.0130E-02
 
 
