  isite ihyp  i0  j0   i   j nsubs Diff_T_arrive NoOfEffectiveSubfaults NumberOfActiveSubs     f0main 1stElmntF0         f0        hij iflagscalefactor   1/f0main    1/1stF0       1/f0 riset_orig    dur_sub subFaultM0  Tot/subM0
      1    1  12   6   1   1   273     1.542E+00                      5                117  3.247E-01  2.107E+00  4.307E-01  9.576E+00                2  3.079E+00  4.747E-01  2.322E+00  2.999E-01  4.111E+00  0.000E+00  Infinity 
      1    1  12   6   1   2   273     1.399E+00                      5                117  3.247E-01  2.107E+00  4.307E-01  9.576E+00                2  3.079E+00  4.747E-01  2.322E+00  2.999E-01  4.133E+00  0.000E+00  Infinity 
      1    1  12   6   1   3   273     1.332E+00                      5                117  3.247E-01  2.107E+00  4.307E-01  9.576E+00                2  3.079E+00  4.747E-01  2.322E+00  2.999E-01  4.167E+00  0.000E+00  Infinity 
      1    1  12   6   1   4   273     1.341E+00                      5                117  3.247E-01  2.107E+00  4.307E-01  9.576E+00                2  3.079E+00  4.747E-01  2.322E+00  2.999E-01  4.214E+00  0.000E+00  Infinity 
      1    1  12   6   1   5   273     1.428E+00                      5                117  3.247E-01  2.107E+00  4.307E-01  9.576E+00                2  3.079E+00  4.747E-01  2.322E+00  2.999E-01  4.271E+00  8.913E+21  1.259E+03
      1    1  12   6   1   6   273     1.592E+00                      5                117  3.247E-01  2.107E+00  4.307E-01  9.576E+00                2  3.079E+00  4.747E-01  2.322E+00  2.999E-01  4.339E+00  1.433E+22  7.830E+02
      1    1  12   6   1   7   273     1.829E+00                      5                117  3.247E-01  2.107E+00  4.307E-01  9.576E+00                2  3.079E+00  4.747E-01  2.322E+00  2.999E-01  4.415E+00  7.373E+21  1.522E+03
      1    1  12   6   1   8   273     2.138E+00                      5                117  3.247E-01  2.107E+00  4.307E-01  9.576E+00                2  3.079E+00  4.747E-01  2.322E+00  2.999E-01  4.500E+00  0.000E+00  Infinity 
      1    1  12   6   1   9   273     2.513E+00                      5                117  3.247E-01  2.107E+00  4.307E-01  9.576E+00                2  3.079E+00  4.747E-01  2.322E+00  2.999E-01  4.593E+00  0.000E+00  Infinity 
      1    1  12   6   1  10   273     2.950E+00                      5                117  3.247E-01  2.107E+00  4.307E-01  9.576E+00                2  3.079E+00  4.747E-01  2.322E+00  2.999E-01  4.691E+00  0.000E+00  Infinity 
      1    1  12   6   1  11   273     3.444E+00                      5                117  3.247E-01  2.107E+00  4.307E-01  9.576E+00                2  3.079E+00  4.747E-01  2.322E+00  2.999E-01  4.795E+00  0.000E+00  Infinity 
      1    1  12   6   1  12   273     3.988E+00                      5                117  3.247E-01  2.107E+00  4.307E-01  9.576E+00                2  3.079E+00  4.747E-01  2.322E+00  2.999E-01  4.905E+00  0.000E+00  Infinity 
      1    1  12   6   1  13   273     4.577E+00                      5                117  3.247E-01  2.107E+00  4.307E-01  9.576E+00                2  3.079E+00  4.747E-01  2.322E+00  2.999E-01  5.018E+00  0.000E+00  Infinity 
      1    1  12   6   2   1   273     1.466E+00                      5                139  3.247E-01  2.107E+00  4.067E-01  1.069E+01                2  3.079E+00  4.747E-01  2.459E+00  2.999E-01  4.392E+00  0.000E+00  Infinity 
      1    1  12   6   2   2   273     1.302E+00                      5                139  3.247E-01  2.107E+00  4.067E-01  1.069E+01                2  3.079E+00  4.747E-01  2.459E+00  2.999E-01  4.413E+00  0.000E+00  Infinity 
      1    1  12   6   2   3   273     1.213E+00                      5                139  3.247E-01  2.107E+00  4.067E-01  1.069E+01                2  3.079E+00  4.747E-01  2.459E+00  2.999E-01  4.445E+00  0.000E+00  Infinity 
      1    1  12   6   2   4   273     1.202E+00                      5                139  3.247E-01  2.107E+00  4.067E-01  1.069E+01                2  3.079E+00  4.747E-01  2.459E+00  2.999E-01  4.488E+00  2.512E+22  4.467E+02
      1    1  12   6   2   5   273     1.271E+00                      5                139  3.247E-01  2.107E+00  4.067E-01  1.069E+01                2  3.079E+00  4.747E-01  2.459E+00  2.999E-01  4.541E+00  5.698E+22  1.969E+02
      1    1  12   6   2   6   273     1.421E+00                      5                139  3.247E-01  2.107E+00  4.067E-01  1.069E+01                2  3.079E+00  4.747E-01  2.459E+00  2.999E-01  4.605E+00  6.514E+22  1.723E+02
      1    1  12   6   2   7   273     1.648E+00                      5                139  3.247E-01  2.107E+00  4.067E-01  1.069E+01                2  3.079E+00  4.747E-01  2.459E+00  2.999E-01  4.677E+00  4.390E+22  2.556E+02
      1    1  12   6   2   8   273     1.951E+00                      5                139  3.247E-01  2.107E+00  4.067E-01  1.069E+01                2  3.079E+00  4.747E-01  2.459E+00  2.999E-01  4.758E+00  1.501E+22  7.477E+02
      1    1  12   6   2   9   273     2.325E+00                      5                139  3.247E-01  2.107E+00  4.067E-01  1.069E+01                2  3.079E+00  4.747E-01  2.459E+00  2.999E-01  4.845E+00  0.000E+00  Infinity 
      1    1  12   6   2  10   273     2.764E+00                      5                139  3.247E-01  2.107E+00  4.067E-01  1.069E+01                2  3.079E+00  4.747E-01  2.459E+00  2.999E-01  4.939E+00  0.000E+00  Infinity 
      1    1  12   6   2  11   273     3.262E+00                      5                139  3.247E-01  2.107E+00  4.067E-01  1.069E+01                2  3.079E+00  4.747E-01  2.459E+00  2.999E-01  5.039E+00  0.000E+00  Infinity 
      1    1  12   6   2  12   273     3.813E+00                      5                139  3.247E-01  2.107E+00  4.067E-01  1.069E+01                2  3.079E+00  4.747E-01  2.459E+00  2.999E-01  5.144E+00  0.000E+00  Infinity 
      1    1  12   6   2  13   273     4.409E+00                      5                139  3.247E-01  2.107E+00  4.067E-01  1.069E+01                2  3.079E+00  4.747E-01  2.459E+00  2.999E-01  5.253E+00  0.000E+00  Infinity 
      1    1  12   6   3   1   273     1.403E+00                      5                166  3.247E-01  2.107E+00  3.833E-01  1.199E+01                2  3.079E+00  4.747E-01  2.609E+00  2.999E-01  4.688E+00  0.000E+00  Infinity 
      1    1  12   6   3   2   273     1.215E+00                      5                166  3.247E-01  2.107E+00  3.833E-01  1.199E+01                2  3.079E+00  4.747E-01  2.609E+00  2.999E-01  4.706E+00  0.000E+00  Infinity 
      1    1  12   6   3   3   273     1.102E+00                      5                166  3.247E-01  2.107E+00  3.833E-01  1.199E+01                2  3.079E+00  4.747E-01  2.609E+00  2.999E-01  4.736E+00  7.669E+21  1.463E+03
      1    1  12   6   3   4   273     1.071E+00                      5                166  3.247E-01  2.107E+00  3.833E-01  1.199E+01                2  3.079E+00  4.747E-01  2.609E+00  2.999E-01  4.777E+00  6.369E+22  1.762E+02
      1    1  12   6   3   5   273     1.122E+00                      5                166  3.247E-01  2.107E+00  3.833E-01  1.199E+01                2  3.079E+00  4.747E-01  2.609E+00  2.999E-01  4.827E+00  1.219E+23  9.207E+01
      1    1  12   6   3   6   273     1.258E+00                      5                166  3.247E-01  2.107E+00  3.833E-01  1.199E+01                2  3.079E+00  4.747E-01  2.609E+00  2.999E-01  4.887E+00  1.320E+23  8.503E+01
      1    1  12   6   3   7   273     1.477E+00                      5                166  3.247E-01  2.107E+00  3.833E-01  1.199E+01                2  3.079E+00  4.747E-01  2.609E+00  2.999E-01  4.955E+00  9.123E+22  1.230E+02
      1    1  12   6   3   8   273     1.777E+00                      5                166  3.247E-01  2.107E+00  3.833E-01  1.199E+01                2  3.079E+00  4.747E-01  2.609E+00  2.999E-01  5.031E+00  3.607E+22  3.111E+02
      1    1  12   6   3   9   273     2.152E+00                      5                166  3.247E-01  2.107E+00  3.833E-01  1.199E+01                2  3.079E+00  4.747E-01  2.609E+00  2.999E-01  5.114E+00  3.160E+21  3.551E+03
      1    1  12   6   3  10   273     2.596E+00                      5                166  3.247E-01  2.107E+00  3.833E-01  1.199E+01                2  3.079E+00  4.747E-01  2.609E+00  2.999E-01  5.204E+00  0.000E+00  Infinity 
      1    1  12   6   3  11   273     3.102E+00                      5                166  3.247E-01  2.107E+00  3.833E-01  1.199E+01                2  3.079E+00  4.747E-01  2.609E+00  2.999E-01  5.299E+00  0.000E+00  Infinity 
      1    1  12   6   3  12   273     3.662E+00                      5                166  3.247E-01  2.107E+00  3.833E-01  1.199E+01                2  3.079E+00  4.747E-01  2.609E+00  2.999E-01  5.400E+00  0.000E+00  Infinity 
      1    1  12   6   3  13   273     4.270E+00                      5                166  3.247E-01  2.107E+00  3.833E-01  1.199E+01                2  3.079E+00  4.747E-01  2.609E+00  2.999E-01  5.506E+00  0.000E+00  Infinity 
      1    1  12   6   4   1   273     1.354E+00                      5                172  3.247E-01  2.107E+00  3.788E-01  1.226E+01                2  3.079E+00  4.747E-01  2.640E+00  2.999E-01  4.865E+00  0.000E+00  Infinity 
      1    1  12   6   4   2   273     1.140E+00                      5                172  3.247E-01  2.107E+00  3.788E-01  1.226E+01                2  3.079E+00  4.747E-01  2.640E+00  2.999E-01  4.883E+00  0.000E+00  Infinity 
      1    1  12   6   4   3   273     1.002E+00                      5                172  3.247E-01  2.107E+00  3.788E-01  1.226E+01                2  3.079E+00  4.747E-01  2.640E+00  2.999E-01  4.910E+00  4.880E+21  2.299E+03
      1    1  12   6   4   4   273     9.466E-01                      5                172  3.247E-01  2.107E+00  3.788E-01  1.226E+01                2  3.079E+00  4.747E-01  2.640E+00  2.999E-01  4.948E+00  7.935E+22  1.414E+02
      1    1  12   6   4   5   273     9.789E-01                      5                172  3.247E-01  2.107E+00  3.788E-01  1.226E+01                2  3.079E+00  4.747E-01  2.640E+00  2.999E-01  4.996E+00  1.580E+23  7.103E+01
      1    1  12   6   4   6   273     1.102E+00                      5                172  3.247E-01  2.107E+00  3.788E-01  1.226E+01                2  3.079E+00  4.747E-01  2.640E+00  2.999E-01  5.052E+00  1.707E+23  6.574E+01
      1    1  12   6   4   7   273     1.314E+00                      5                172  3.247E-01  2.107E+00  3.788E-01  1.226E+01                2  3.079E+00  4.747E-01  2.640E+00  2.999E-01  5.116E+00  1.159E+23  9.683E+01
      1    1  12   6   4   8   273     1.614E+00                      5                172  3.247E-01  2.107E+00  3.788E-01  1.226E+01                2  3.079E+00  4.747E-01  2.640E+00  2.999E-01  5.189E+00  4.396E+22  2.553E+02
      1    1  12   6   4   9   273     1.995E+00                      5                172  3.247E-01  2.107E+00  3.788E-01  1.226E+01                2  3.079E+00  4.747E-01  2.640E+00  2.999E-01  5.268E+00  3.218E+21  3.486E+03
      1    1  12   6   4  10   273     2.448E+00                      5                172  3.247E-01  2.107E+00  3.788E-01  1.226E+01                2  3.079E+00  4.747E-01  2.640E+00  2.999E-01  5.354E+00  0.000E+00  Infinity 
      1    1  12   6   4  11   273     2.966E+00                      5                172  3.247E-01  2.107E+00  3.788E-01  1.226E+01                2  3.079E+00  4.747E-01  2.640E+00  2.999E-01  5.445E+00  0.000E+00  Infinity 
      1    1  12   6   4  12   273     3.539E+00                      5                172  3.247E-01  2.107E+00  3.788E-01  1.226E+01                2  3.079E+00  4.747E-01  2.640E+00  2.999E-01  5.542E+00  0.000E+00  Infinity 
      1    1  12   6   4  13   273     4.159E+00                      5                172  3.247E-01  2.107E+00  3.788E-01  1.226E+01                2  3.079E+00  4.747E-01  2.640E+00  2.999E-01  5.643E+00  0.000E+00  Infinity 
      1    1  12   6   5   1   273     1.324E+00                      5                170  3.247E-01  2.107E+00  3.803E-01  1.217E+01                2  3.079E+00  4.747E-01  2.630E+00  2.999E-01  5.002E+00  0.000E+00  Infinity 
      1    1  12   6   5   2   273     1.080E+00                      5                170  3.247E-01  2.107E+00  3.803E-01  1.217E+01                2  3.079E+00  4.747E-01  2.630E+00  2.999E-01  5.018E+00  0.000E+00  Infinity 
      1    1  12   6   5   3   273     9.121E-01                      5                170  3.247E-01  2.107E+00  3.803E-01  1.217E+01                2  3.079E+00  4.747E-01  2.630E+00  2.999E-01  5.044E+00  0.000E+00  Infinity 
      1    1  12   6   5   4   273     8.303E-01                      5                170  3.247E-01  2.107E+00  3.803E-01  1.217E+01                2  3.079E+00  4.747E-01  2.630E+00  2.999E-01  5.080E+00  6.072E+22  1.848E+02
      1    1  12   6   5   5   273     8.417E-01                      5                170  3.247E-01  2.107E+00  3.803E-01  1.217E+01                2  3.079E+00  4.747E-01  2.630E+00  2.999E-01  5.125E+00  1.447E+23  7.753E+01
      1    1  12   6   5   6   273     9.510E-01                      5                170  3.247E-01  2.107E+00  3.803E-01  1.217E+01                2  3.079E+00  4.747E-01  2.630E+00  2.999E-01  5.178E+00  1.613E+23  6.956E+01
      1    1  12   6   5   7   273     1.159E+00                      5                170  3.247E-01  2.107E+00  3.803E-01  1.217E+01                2  3.079E+00  4.747E-01  2.630E+00  2.999E-01  5.239E+00  1.035E+23  1.084E+02
      1    1  12   6   5   8   273     1.463E+00                      5                170  3.247E-01  2.107E+00  3.803E-01  1.217E+01                2  3.079E+00  4.747E-01  2.630E+00  2.999E-01  5.308E+00  3.170E+22  3.540E+02
      1    1  12   6   5   9   273     1.853E+00                      5                170  3.247E-01  2.107E+00  3.803E-01  1.217E+01                2  3.079E+00  4.747E-01  2.630E+00  2.999E-01  5.383E+00  0.000E+00  Infinity 
      1    1  12   6   5  10   273     2.321E+00                      5                170  3.247E-01  2.107E+00  3.803E-01  1.217E+01                2  3.079E+00  4.747E-01  2.630E+00  2.999E-01  5.465E+00  0.000E+00  Infinity 
      1    1  12   6   5  11   273     2.855E+00                      5                170  3.247E-01  2.107E+00  3.803E-01  1.217E+01                2  3.079E+00  4.747E-01  2.630E+00  2.999E-01  5.553E+00  0.000E+00  Infinity 
      1    1  12   6   5  12   273     3.445E+00                      5                170  3.247E-01  2.107E+00  3.803E-01  1.217E+01                2  3.079E+00  4.747E-01  2.630E+00  2.999E-01  5.646E+00  0.000E+00  Infinity 
      1    1  12   6   5  13   273     4.081E+00                      5                170  3.247E-01  2.107E+00  3.803E-01  1.217E+01                2  3.079E+00  4.747E-01  2.630E+00  2.999E-01  5.744E+00  0.000E+00  Infinity 
      1    1  12   6   6   1   273     1.317E+00                      5                147  3.247E-01  2.107E+00  3.992E-01  1.109E+01                2  3.079E+00  4.747E-01  2.505E+00  2.999E-01  5.025E+00  0.000E+00  Infinity 
      1    1  12   6   6   2   273     1.038E+00                      5                147  3.247E-01  2.107E+00  3.992E-01  1.109E+01                2  3.079E+00  4.747E-01  2.505E+00  2.999E-01  5.041E+00  0.000E+00  Infinity 
      1    1  12   6   6   3   273     8.361E-01                      5                147  3.247E-01  2.107E+00  3.992E-01  1.109E+01                2  3.079E+00  4.747E-01  2.505E+00  2.999E-01  5.065E+00  0.000E+00  Infinity 
      1    1  12   6   6   4   273     7.230E-01                      5                147  3.247E-01  2.107E+00  3.992E-01  1.109E+01                2  3.079E+00  4.747E-01  2.505E+00  2.999E-01  5.099E+00  2.742E+22  4.091E+02
      1    1  12   6   6   5   273     7.100E-01                      5                147  3.247E-01  2.107E+00  3.992E-01  1.109E+01                2  3.079E+00  4.747E-01  2.505E+00  2.999E-01  5.141E+00  1.074E+23  1.045E+02
      1    1  12   6   6   6   273     8.053E-01                      5                147  3.247E-01  2.107E+00  3.992E-01  1.109E+01                2  3.079E+00  4.747E-01  2.505E+00  2.999E-01  5.192E+00  1.275E+23  8.801E+01
      1    1  12   6   6   7   273     1.011E+00                      5                147  3.247E-01  2.107E+00  3.992E-01  1.109E+01                2  3.079E+00  4.747E-01  2.505E+00  2.999E-01  5.250E+00  7.215E+22  1.555E+02
      1    1  12   6   6   8   273     1.323E+00                      5                147  3.247E-01  2.107E+00  3.992E-01  1.109E+01                2  3.079E+00  4.747E-01  2.505E+00  2.999E-01  5.315E+00  1.120E+22  1.002E+03
      1    1  12   6   6   9   273     1.730E+00                      5                147  3.247E-01  2.107E+00  3.992E-01  1.109E+01                2  3.079E+00  4.747E-01  2.505E+00  2.999E-01  5.387E+00  0.000E+00  Infinity 
      1    1  12   6   6  10   273     2.218E+00                      5                147  3.247E-01  2.107E+00  3.992E-01  1.109E+01                2  3.079E+00  4.747E-01  2.505E+00  2.999E-01  5.465E+00  0.000E+00  Infinity 
      1    1  12   6   6  11   273     2.774E+00                      5                147  3.247E-01  2.107E+00  3.992E-01  1.109E+01                2  3.079E+00  4.747E-01  2.505E+00  2.999E-01  5.549E+00  0.000E+00  Infinity 
      1    1  12   6   6  12   273     3.384E+00                      5                147  3.247E-01  2.107E+00  3.992E-01  1.109E+01                2  3.079E+00  4.747E-01  2.505E+00  2.999E-01  5.639E+00  0.000E+00  Infinity 
      1    1  12   6   6  13   273     4.040E+00                      5                170  3.247E-01  2.107E+00  3.803E-01  1.217E+01                2  3.079E+00  4.747E-01  2.630E+00  2.999E-01  5.857E+00  0.000E+00  Infinity 
      1    1  12   6   7   1   273     1.339E+00                      5                120  3.247E-01  2.107E+00  4.271E-01  9.732E+00                2  3.079E+00  4.747E-01  2.341E+00  2.999E-01  5.009E+00  0.000E+00  Infinity 
      1    1  12   6   7   2   273     1.021E+00                      5                120  3.247E-01  2.107E+00  4.271E-01  9.732E+00                2  3.079E+00  4.747E-01  2.341E+00  2.999E-01  5.024E+00  0.000E+00  Infinity 
      1    1  12   6   7   3   273     7.786E-01                      5                120  3.247E-01  2.107E+00  4.271E-01  9.732E+00                2  3.079E+00  4.747E-01  2.341E+00  2.999E-01  5.047E+00  0.000E+00  Infinity 
      1    1  12   6   7   4   273     6.272E-01                      5                120  3.247E-01  2.107E+00  4.271E-01  9.732E+00                2  3.079E+00  4.747E-01  2.341E+00  2.999E-01  5.079E+00  1.991E+22  5.636E+02
      1    1  12   6   7   5   273     5.842E-01                      5                120  3.247E-01  2.107E+00  4.271E-01  9.732E+00                2  3.079E+00  4.747E-01  2.341E+00  2.999E-01  5.119E+00  1.042E+23  1.076E+02
      1    1  12   6   7   6   273     6.637E-01                      5                120  3.247E-01  2.107E+00  4.271E-01  9.732E+00                2  3.079E+00  4.747E-01  2.341E+00  2.999E-01  5.167E+00  1.224E+23  9.170E+01
      1    1  12   6   7   7   273     8.706E-01                      5                120  3.247E-01  2.107E+00  4.271E-01  9.732E+00                2  3.079E+00  4.747E-01  2.341E+00  2.999E-01  5.222E+00  5.924E+22  1.894E+02
      1    1  12   6   7   8   273     1.198E+00                      5                120  3.247E-01  2.107E+00  4.271E-01  9.732E+00                2  3.079E+00  4.747E-01  2.341E+00  2.999E-01  5.285E+00  0.000E+00  Infinity 
      1    1  12   6   7   9   273     1.629E+00                      5                120  3.247E-01  2.107E+00  4.271E-01  9.732E+00                2  3.079E+00  4.747E-01  2.341E+00  2.999E-01  5.354E+00  0.000E+00  Infinity 
      1    1  12   6   7  10   273     2.145E+00                      5                120  3.247E-01  2.107E+00  4.271E-01  9.732E+00                2  3.079E+00  4.747E-01  2.341E+00  2.999E-01  5.429E+00  0.000E+00  Infinity 
      1    1  12   6   7  11   273     2.728E+00                      5                120  3.247E-01  2.107E+00  4.271E-01  9.732E+00                2  3.079E+00  4.747E-01  2.341E+00  2.999E-01  5.509E+00  0.000E+00  Infinity 
      1    1  12   6   7  12   273     3.363E+00                      5                147  3.247E-01  2.107E+00  3.992E-01  1.109E+01                2  3.079E+00  4.747E-01  2.505E+00  2.999E-01  5.759E+00  0.000E+00  Infinity 
      1    1  12   6   7  13   273     4.040E+00                      5                170  3.247E-01  2.107E+00  3.803E-01  1.217E+01                2  3.079E+00  4.747E-01  2.630E+00  2.999E-01  5.974E+00  0.000E+00  Infinity 
      1    1  12   6   8   1   273     1.400E+00                      5                120  3.247E-01  2.107E+00  4.271E-01  9.732E+00                2  3.079E+00  4.747E-01  2.341E+00  2.999E-01  5.158E+00  0.000E+00  Infinity 
      1    1  12   6   8   2   273     1.039E+00                      5                 81  3.247E-01  2.107E+00  4.869E-01  7.569E+00                2  3.079E+00  4.747E-01  2.054E+00  2.999E-01  4.884E+00  0.000E+00  Infinity 
      1    1  12   6   8   3   273     7.477E-01                      5                 81  3.247E-01  2.107E+00  4.869E-01  7.569E+00                2  3.079E+00  4.747E-01  2.054E+00  2.999E-01  4.907E+00  0.000E+00  Infinity 
      1    1  12   6   8   4   273     5.478E-01                      5                 81  3.247E-01  2.107E+00  4.869E-01  7.569E+00                2  3.079E+00  4.747E-01  2.054E+00  2.999E-01  4.937E+00  6.702E+22  1.674E+02
      1    1  12   6   8   5   273     4.655E-01                      5                 81  3.247E-01  2.107E+00  4.869E-01  7.569E+00                2  3.079E+00  4.747E-01  2.054E+00  2.999E-01  4.975E+00  1.750E+23  6.411E+01
      1    1  12   6   8   6   273     5.256E-01                      5                 81  3.247E-01  2.107E+00  4.869E-01  7.569E+00                2  3.079E+00  4.747E-01  2.054E+00  2.999E-01  5.020E+00  1.831E+23  6.127E+01
      1    1  12   6   8   7   273     7.384E-01                      5                 81  3.247E-01  2.107E+00  4.869E-01  7.569E+00                2  3.079E+00  4.747E-01  2.054E+00  2.999E-01  5.073E+00  9.000E+22  1.247E+02
      1    1  12   6   8   8   273     1.092E+00                      5                 81  3.247E-01  2.107E+00  4.869E-01  7.569E+00                2  3.079E+00  4.747E-01  2.054E+00  2.999E-01  5.133E+00  3.238E+21  3.465E+03
      1    1  12   6   8   9   273     1.559E+00                      5                 81  3.247E-01  2.107E+00  4.869E-01  7.569E+00                2  3.079E+00  4.747E-01  2.054E+00  2.999E-01  5.199E+00  0.000E+00  Infinity 
      1    1  12   6   8  10   273     2.111E+00                      5                 81  3.247E-01  2.107E+00  4.869E-01  7.569E+00                2  3.079E+00  4.747E-01  2.054E+00  2.999E-01  5.270E+00  0.000E+00  Infinity 
      1    1  12   6   8  11   273     2.727E+00                      5                120  3.247E-01  2.107E+00  4.271E-01  9.732E+00                2  3.079E+00  4.747E-01  2.341E+00  2.999E-01  5.636E+00  0.000E+00  Infinity 
      1    1  12   6   8  12   273     3.390E+00                      5                147  3.247E-01  2.107E+00  3.992E-01  1.109E+01                2  3.079E+00  4.747E-01  2.505E+00  2.999E-01  5.882E+00  0.000E+00  Infinity 
      1    1  12   6   8  13   273     4.089E+00                      5                170  3.247E-01  2.107E+00  3.803E-01  1.217E+01                2  3.079E+00  4.747E-01  2.630E+00  2.999E-01  6.094E+00  0.000E+00  Infinity 
      1    1  12   6   9   1   273     1.514E+00                      5                120  3.247E-01  2.107E+00  4.271E-01  9.732E+00                2  3.079E+00  4.747E-01  2.341E+00  2.999E-01  5.307E+00  0.000E+00  Infinity 
      1    1  12   6   9   2   273     1.105E+00                      5                 81  3.247E-01  2.107E+00  4.869E-01  7.569E+00                2  3.079E+00  4.747E-01  2.054E+00  2.999E-01  5.033E+00  0.000E+00  Infinity 
      1    1  12   6   9   3   273     7.576E-01                      5                 49  3.247E-01  2.107E+00  5.757E-01  5.499E+00                2  3.079E+00  4.747E-01  1.737E+00  2.999E-01  4.737E+00  2.553E+21  4.395E+03
      1    1  12   6   9   4   273     4.953E-01                      5                 49  3.247E-01  2.107E+00  5.757E-01  5.499E+00                2  3.079E+00  4.747E-01  1.737E+00  2.999E-01  4.766E+00  1.463E+23  7.671E+01
      1    1  12   6   9   5   273     3.574E-01                      5                 49  3.247E-01  2.107E+00  5.757E-01  5.499E+00                2  3.079E+00  4.747E-01  1.737E+00  2.999E-01  4.802E+00  2.933E+23  3.826E+01
      1    1  12   6   9   6   273     3.906E-01                      5                 49  3.247E-01  2.107E+00  5.757E-01  5.499E+00                2  3.079E+00  4.747E-01  1.737E+00  2.999E-01  4.845E+00  2.940E+23  3.816E+01
      1    1  12   6   9   7   273     6.179E-01                      5                 49  3.247E-01  2.107E+00  5.757E-01  5.499E+00                2  3.079E+00  4.747E-01  1.737E+00  2.999E-01  4.896E+00  1.625E+23  6.905E+01
      1    1  12   6   9   8   273     1.015E+00                      5                 49  3.247E-01  2.107E+00  5.757E-01  5.499E+00                2  3.079E+00  4.747E-01  1.737E+00  2.999E-01  4.953E+00  3.057E+22  3.671E+02
      1    1  12   6   9   9   273     1.532E+00                      5                 49  3.247E-01  2.107E+00  5.757E-01  5.499E+00                2  3.079E+00  4.747E-01  1.737E+00  2.999E-01  5.016E+00  0.000E+00  Infinity 
      1    1  12   6   9  10   273     2.130E+00                      5                 81  3.247E-01  2.107E+00  4.869E-01  7.569E+00                2  3.079E+00  4.747E-01  2.054E+00  2.999E-01  5.402E+00  0.000E+00  Infinity 
      1    1  12   6   9  11   273     2.783E+00                      5                120  3.247E-01  2.107E+00  4.271E-01  9.732E+00                2  3.079E+00  4.747E-01  2.341E+00  2.999E-01  5.764E+00  0.000E+00  Infinity 
      1    1  12   6   9  12   273     3.474E+00                      5                147  3.247E-01  2.107E+00  3.992E-01  1.109E+01                2  3.079E+00  4.747E-01  2.505E+00  2.999E-01  6.007E+00  0.000E+00  Infinity 
      1    1  12   6   9  13   273     4.194E+00                      5                170  3.247E-01  2.107E+00  3.803E-01  1.217E+01                2  3.079E+00  4.747E-01  2.630E+00  2.999E-01  6.216E+00  0.000E+00  Infinity 
      1    1  12   6  10   1   273     1.694E+00                      5                120  3.247E-01  2.107E+00  4.271E-01  9.732E+00                2  3.079E+00  4.747E-01  2.341E+00  2.999E-01  5.456E+00  0.000E+00  Infinity 
      1    1  12   6  10   2   273     1.241E+00                      5                 81  3.247E-01  2.107E+00  4.869E-01  7.569E+00                2  3.079E+00  4.747E-01  2.054E+00  2.999E-01  5.182E+00  0.000E+00  Infinity 
      1    1  12   6  10   3   273     8.328E-01                      5                 49  3.247E-01  2.107E+00  5.757E-01  5.499E+00                2  3.079E+00  4.747E-01  1.737E+00  2.999E-01  4.885E+00  1.277E+22  8.785E+02
      1    1  12   6  10   4   273     4.923E-01                      5                 25  3.247E-01  2.107E+00  7.205E-01  3.599E+00                2  3.079E+00  4.747E-01  1.388E+00  2.999E-01  4.563E+00  1.978E+23  5.672E+01
      1    1  12   6  10   5   273     2.701E-01                      5                 25  3.247E-01  2.107E+00  7.205E-01  3.599E+00                2  3.079E+00  4.747E-01  1.388E+00  2.999E-01  4.598E+00  3.822E+23  2.936E+01
      1    1  12   6  10   6   273     2.582E-01                      5                 25  3.247E-01  2.107E+00  7.205E-01  3.599E+00                2  3.079E+00  4.747E-01  1.388E+00  2.999E-01  4.639E+00  3.928E+23  2.857E+01
      1    1  12   6  10   7   273     5.191E-01                      5                 25  3.247E-01  2.107E+00  7.205E-01  3.599E+00                2  3.079E+00  4.747E-01  1.388E+00  2.999E-01  4.687E+00  2.391E+23  4.694E+01
      1    1  12   6  10   8   273     9.889E-01                      5                 25  3.247E-01  2.107E+00  7.205E-01  3.599E+00                2  3.079E+00  4.747E-01  1.388E+00  2.999E-01  4.742E+00  6.621E+22  1.695E+02
      1    1  12   6  10   9   273     1.574E+00                      5                 49  3.247E-01  2.107E+00  5.757E-01  5.499E+00                2  3.079E+00  4.747E-01  1.737E+00  2.999E-01  5.152E+00  0.000E+00  Infinity 
      1    1  12   6  10  10   273     2.222E+00                      5                 81  3.247E-01  2.107E+00  4.869E-01  7.569E+00                2  3.079E+00  4.747E-01  2.054E+00  2.999E-01  5.535E+00  0.000E+00  Infinity 
      1    1  12   6  10  11   273     2.910E+00                      5                120  3.247E-01  2.107E+00  4.271E-01  9.732E+00                2  3.079E+00  4.747E-01  2.341E+00  2.999E-01  5.894E+00  0.000E+00  Infinity 
      1    1  12   6  10  12   273     3.626E+00                      5                147  3.247E-01  2.107E+00  3.992E-01  1.109E+01                2  3.079E+00  4.747E-01  2.505E+00  2.999E-01  6.135E+00  0.000E+00  Infinity 
      1    1  12   6  10  13   273     4.364E+00                      5                170  3.247E-01  2.107E+00  3.803E-01  1.217E+01                2  3.079E+00  4.747E-01  2.630E+00  2.999E-01  6.341E+00  0.000E+00  Infinity 
      1    1  12   6  11   1   273     1.960E+00                      5                120  3.247E-01  2.107E+00  4.271E-01  9.732E+00                2  3.079E+00  4.747E-01  2.341E+00  2.999E-01  5.606E+00  0.000E+00  Infinity 
      1    1  12   6  11   2   273     1.472E+00                      5                 81  3.247E-01  2.107E+00  4.869E-01  7.569E+00                2  3.079E+00  4.747E-01  2.054E+00  2.999E-01  5.331E+00  0.000E+00  Infinity 
      1    1  12   6  11   3   273     1.012E+00                      5                 49  3.247E-01  2.107E+00  5.757E-01  5.499E+00                2  3.079E+00  4.747E-01  1.737E+00  2.999E-01  5.033E+00  0.000E+00  Infinity 
      1    1  12   6  11   4   273     5.890E-01                      5                 25  3.247E-01  2.107E+00  7.205E-01  3.599E+00                2  3.079E+00  4.747E-01  1.388E+00  2.999E-01  4.710E+00  1.770E+23  6.340E+01
      1    1  12   6  11   5   273     2.405E-01                      5                  9  3.247E-01  2.107E+00  1.013E+00  1.909E+00                2  3.079E+00  4.747E-01  9.874E-01  2.999E-01  4.343E+00  3.860E+23  2.907E+01
      1    1  12   6  11   6   273     1.281E-01                      5                  9  3.247E-01  2.107E+00  1.013E+00  1.909E+00                2  3.079E+00  4.747E-01  9.874E-01  2.999E-01  4.382E+00  4.261E+23  2.633E+01
      1    1  12   6  11   7   273     4.790E-01                      5                  9  3.247E-01  2.107E+00  1.013E+00  1.909E+00                2  3.079E+00  4.747E-01  9.874E-01  2.999E-01  4.428E+00  2.805E+23  3.999E+01
      1    1  12   6  11   8   273     1.065E+00                      5                 25  3.247E-01  2.107E+00  7.205E-01  3.599E+00                2  3.079E+00  4.747E-01  1.388E+00  2.999E-01  4.881E+00  9.107E+22  1.232E+02
      1    1  12   6  11   9   273     1.722E+00                      5                 49  3.247E-01  2.107E+00  5.757E-01  5.499E+00                2  3.079E+00  4.747E-01  1.737E+00  2.999E-01  5.289E+00  0.000E+00  Infinity 
      1    1  12   6  11  10   273     2.413E+00                      5                 81  3.247E-01  2.107E+00  4.869E-01  7.569E+00                2  3.079E+00  4.747E-01  2.054E+00  2.999E-01  5.669E+00  0.000E+00  Infinity 
      1    1  12   6  11  11   273     3.126E+00                      5                120  3.247E-01  2.107E+00  4.271E-01  9.732E+00                2  3.079E+00  4.747E-01  2.341E+00  2.999E-01  6.026E+00  0.000E+00  Infinity 
      1    1  12   6  11  12   273     3.858E+00                      5                147  3.247E-01  2.107E+00  3.992E-01  1.109E+01                2  3.079E+00  4.747E-01  2.505E+00  2.999E-01  6.264E+00  0.000E+00  Infinity 
      1    1  12   6  11  13   273     4.605E+00                      5                170  3.247E-01  2.107E+00  3.803E-01  1.217E+01                2  3.079E+00  4.747E-01  2.630E+00  2.999E-01  6.467E+00  0.000E+00  Infinity 
      1    1  12   6  12   1   273     2.324E+00                      5                120  3.247E-01  2.107E+00  4.271E-01  9.732E+00                2  3.079E+00  4.747E-01  2.341E+00  2.999E-01  5.756E+00  0.000E+00  Infinity 
      1    1  12   6  12   2   273     1.822E+00                      5                 81  3.247E-01  2.107E+00  4.869E-01  7.569E+00                2  3.079E+00  4.747E-01  2.054E+00  2.999E-01  5.480E+00  0.000E+00  Infinity 
      1    1  12   6  12   3   273     1.339E+00                      5                 49  3.247E-01  2.107E+00  5.757E-01  5.499E+00                2  3.079E+00  4.747E-01  1.737E+00  2.999E-01  5.181E+00  0.000E+00  Infinity 
      1    1  12   6  12   4   273     8.746E-01                      5                 25  3.247E-01  2.107E+00  7.205E-01  3.599E+00                2  3.079E+00  4.747E-01  1.388E+00  2.999E-01  4.858E+00  1.199E+23  9.358E+01
      1    1  12   6  12   5   273     4.284E-01                      5                  9  3.247E-01  2.107E+00  1.013E+00  1.909E+00                2  3.079E+00  4.747E-01  9.874E-01  2.999E-01  4.489E+00  3.228E+23  3.475E+01
      1    1  12   6  12   6   273     0.000E+00                      5                  1  3.247E-01  2.107E+00  2.107E+00  5.173E-01                2  3.079E+00  4.747E-01  4.747E-01  2.999E-01  4.014E+00  3.925E+23  2.858E+01
      1    1  12   6  12   7   273     6.572E-01                      5                  9  3.247E-01  2.107E+00  1.013E+00  1.909E+00                2  3.079E+00  4.747E-01  9.874E-01  2.999E-01  4.571E+00  2.769E+23  4.052E+01
      1    1  12   6  12   8   273     1.331E+00                      5                 25  3.247E-01  2.107E+00  7.205E-01  3.599E+00                2  3.079E+00  4.747E-01  1.388E+00  2.999E-01  5.022E+00  9.775E+22  1.148E+02
      1    1  12   6  12   9   273     2.021E+00                      5                 49  3.247E-01  2.107E+00  5.757E-01  5.499E+00                2  3.079E+00  4.747E-01  1.737E+00  2.999E-01  5.427E+00  0.000E+00  Infinity 
      1    1  12   6  12  10   273     2.726E+00                      5                 81  3.247E-01  2.107E+00  4.869E-01  7.569E+00                2  3.079E+00  4.747E-01  2.054E+00  2.999E-01  5.805E+00  0.000E+00  Infinity 
      1    1  12   6  12  11   273     3.445E+00                      5                120  3.247E-01  2.107E+00  4.271E-01  9.732E+00                2  3.079E+00  4.747E-01  2.341E+00  2.999E-01  6.159E+00  0.000E+00  Infinity 
      1    1  12   6  12  12   273     4.178E+00                      5                147  3.247E-01  2.107E+00  3.992E-01  1.109E+01                2  3.079E+00  4.747E-01  2.505E+00  2.999E-01  6.395E+00  0.000E+00  Infinity 
      1    1  12   6  12  13   273     4.925E+00                      5                170  3.247E-01  2.107E+00  3.803E-01  1.217E+01                2  3.079E+00  4.747E-01  2.630E+00  2.999E-01  6.596E+00  0.000E+00  Infinity 
      1    1  12   6  13   1   273     2.793E+00                      5                120  3.247E-01  2.107E+00  4.271E-01  9.732E+00                2  3.079E+00  4.747E-01  2.341E+00  2.999E-01  5.906E+00  0.000E+00  Infinity 
      1    1  12   6  13   2   273     2.302E+00                      5                 81  3.247E-01  2.107E+00  4.869E-01  7.569E+00                2  3.079E+00  4.747E-01  2.054E+00  2.999E-01  5.630E+00  0.000E+00  Infinity 
      1    1  12   6  13   3   273     1.838E+00                      5                 49  3.247E-01  2.107E+00  5.757E-01  5.499E+00                2  3.079E+00  4.747E-01  1.737E+00  2.999E-01  5.330E+00  0.000E+00  Infinity 
      1    1  12   6  13   4   273     1.409E+00                      5                 25  3.247E-01  2.107E+00  7.205E-01  3.599E+00                2  3.079E+00  4.747E-01  1.388E+00  2.999E-01  5.005E+00  6.598E+22  1.700E+02
      1    1  12   6  13   5   273     1.053E+00                      5                  9  3.247E-01  2.107E+00  1.013E+00  1.909E+00                2  3.079E+00  4.747E-01  9.874E-01  2.999E-01  4.635E+00  2.425E+23  4.627E+01
      1    1  12   6  13   6   273     9.319E-01                      5                  9  3.247E-01  2.107E+00  1.013E+00  1.909E+00                2  3.079E+00  4.747E-01  9.874E-01  2.999E-01  4.672E+00  3.273E+23  3.428E+01
      1    1  12   6  13   7   273     1.273E+00                      5                  9  3.247E-01  2.107E+00  1.013E+00  1.909E+00                2  3.079E+00  4.747E-01  9.874E-01  2.999E-01  4.714E+00  2.458E+23  4.565E+01
      1    1  12   6  13   8   273     1.848E+00                      5                 25  3.247E-01  2.107E+00  7.205E-01  3.599E+00                2  3.079E+00  4.747E-01  1.388E+00  2.999E-01  5.163E+00  9.202E+22  1.219E+02
      1    1  12   6  13   9   273     2.493E+00                      5                 49  3.247E-01  2.107E+00  5.757E-01  5.499E+00                2  3.079E+00  4.747E-01  1.737E+00  2.999E-01  5.566E+00  0.000E+00  Infinity 
      1    1  12   6  13  10   273     3.171E+00                      5                 81  3.247E-01  2.107E+00  4.869E-01  7.569E+00                2  3.079E+00  4.747E-01  2.054E+00  2.999E-01  5.942E+00  0.000E+00  Infinity 
      1    1  12   6  13  11   273     3.872E+00                      5                120  3.247E-01  2.107E+00  4.271E-01  9.732E+00                2  3.079E+00  4.747E-01  2.341E+00  2.999E-01  6.294E+00  0.000E+00  Infinity 
      1    1  12   6  13  12   273     4.590E+00                      5                147  3.247E-01  2.107E+00  3.992E-01  1.109E+01                2  3.079E+00  4.747E-01  2.505E+00  2.999E-01  6.527E+00  0.000E+00  Infinity 
      1    1  12   6  13  13   273     5.323E+00                      5                170  3.247E-01  2.107E+00  3.803E-01  1.217E+01                2  3.079E+00  4.747E-01  2.630E+00  2.999E-01  6.726E+00  0.000E+00  Infinity 
      1    1  12   6  14   1   273     3.361E+00                      5                120  3.247E-01  2.107E+00  4.271E-01  9.732E+00                2  3.079E+00  4.747E-01  2.341E+00  2.999E-01  6.056E+00  2.382E+21  4.711E+03
      1    1  12   6  14   2   273     2.902E+00                      5                 81  3.247E-01  2.107E+00  4.869E-01  7.569E+00                2  3.079E+00  4.747E-01  2.054E+00  2.999E-01  5.779E+00  0.000E+00  Infinity 
      1    1  12   6  14   3   273     2.485E+00                      5                 49  3.247E-01  2.107E+00  5.757E-01  5.499E+00                2  3.079E+00  4.747E-01  1.737E+00  2.999E-01  5.479E+00  0.000E+00  Infinity 
      1    1  12   6  14   4   273     2.132E+00                      5                 25  3.247E-01  2.107E+00  7.205E-01  3.599E+00                2  3.079E+00  4.747E-01  1.388E+00  2.999E-01  5.154E+00  3.882E+22  2.891E+02
      1    1  12   6  14   5   273     1.895E+00                      5                 25  3.247E-01  2.107E+00  7.205E-01  3.599E+00                2  3.079E+00  4.747E-01  1.388E+00  2.999E-01  5.183E+00  1.823E+23  6.156E+01
      1    1  12   6  14   6   273     1.865E+00                      5                 25  3.247E-01  2.107E+00  7.205E-01  3.599E+00                2  3.079E+00  4.747E-01  1.388E+00  2.999E-01  5.218E+00  2.653E+23  4.230E+01
      1    1  12   6  14   7   273     2.106E+00                      5                 25  3.247E-01  2.107E+00  7.205E-01  3.599E+00                2  3.079E+00  4.747E-01  1.388E+00  2.999E-01  5.259E+00  2.100E+23  5.343E+01
      1    1  12   6  14   8   273     2.554E+00                      5                 25  3.247E-01  2.107E+00  7.205E-01  3.599E+00                2  3.079E+00  4.747E-01  1.388E+00  2.999E-01  5.305E+00  8.370E+22  1.340E+02
      1    1  12   6  14   9   273     3.115E+00                      5                 49  3.247E-01  2.107E+00  5.757E-01  5.499E+00                2  3.079E+00  4.747E-01  1.737E+00  2.999E-01  5.706E+00  0.000E+00  Infinity 
      1    1  12   6  14  10   273     3.738E+00                      5                 81  3.247E-01  2.107E+00  4.869E-01  7.569E+00                2  3.079E+00  4.747E-01  2.054E+00  2.999E-01  6.081E+00  0.000E+00  Infinity 
      1    1  12   6  14  11   273     4.400E+00                      5                120  3.247E-01  2.107E+00  4.271E-01  9.732E+00                2  3.079E+00  4.747E-01  2.341E+00  2.999E-01  6.430E+00  0.000E+00  Infinity 
      1    1  12   6  14  12   273     5.088E+00                      5                147  3.247E-01  2.107E+00  3.992E-01  1.109E+01                2  3.079E+00  4.747E-01  2.505E+00  2.999E-01  6.661E+00  0.000E+00  Infinity 
      1    1  12   6  14  13   273     5.797E+00                      5                170  3.247E-01  2.107E+00  3.803E-01  1.217E+01                2  3.079E+00  4.747E-01  2.630E+00  2.999E-01  6.857E+00  0.000E+00  Infinity 
      1    1  12   6  15   1   273     4.013E+00                      5                120  3.247E-01  2.107E+00  4.271E-01  9.732E+00                2  3.079E+00  4.747E-01  2.341E+00  2.999E-01  6.207E+00  1.404E+22  7.991E+02
      1    1  12   6  15   2   273     3.596E+00                      5                 81  3.247E-01  2.107E+00  4.869E-01  7.569E+00                2  3.079E+00  4.747E-01  2.054E+00  2.999E-01  5.929E+00  0.000E+00  Infinity 
      1    1  12   6  15   3   273     3.235E+00                      5                 49  3.247E-01  2.107E+00  5.757E-01  5.499E+00                2  3.079E+00  4.747E-01  1.737E+00  2.999E-01  5.629E+00  0.000E+00  Infinity 
      1    1  12   6  15   4   273     2.954E+00                      5                 49  3.247E-01  2.107E+00  5.757E-01  5.499E+00                2  3.079E+00  4.747E-01  1.737E+00  2.999E-01  5.651E+00  3.278E+22  3.423E+02
      1    1  12   6  15   5   273     2.794E+00                      5                 49  3.247E-01  2.107E+00  5.757E-01  5.499E+00                2  3.079E+00  4.747E-01  1.737E+00  2.999E-01  5.679E+00  1.452E+23  7.728E+01
      1    1  12   6  15   6   273     2.800E+00                      5                 49  3.247E-01  2.107E+00  5.757E-01  5.499E+00                2  3.079E+00  4.747E-01  1.737E+00  2.999E-01  5.713E+00  2.158E+23  5.200E+01
      1    1  12   6  15   7   273     2.998E+00                      5                 49  3.247E-01  2.107E+00  5.757E-01  5.499E+00                2  3.079E+00  4.747E-01  1.737E+00  2.999E-01  5.752E+00  1.779E+23  6.307E+01
      1    1  12   6  15   8   273     3.361E+00                      5                 49  3.247E-01  2.107E+00  5.757E-01  5.499E+00                2  3.079E+00  4.747E-01  1.737E+00  2.999E-01  5.797E+00  7.745E+22  1.449E+02
      1    1  12   6  15   9   273     3.843E+00                      5                 49  3.247E-01  2.107E+00  5.757E-01  5.499E+00                2  3.079E+00  4.747E-01  1.737E+00  2.999E-01  5.848E+00  4.359E+21  2.574E+03
      1    1  12   6  15  10   273     4.402E+00                      5                 81  3.247E-01  2.107E+00  4.869E-01  7.569E+00                2  3.079E+00  4.747E-01  2.054E+00  2.999E-01  6.220E+00  0.000E+00  Infinity 
      1    1  12   6  15  11   273     5.015E+00                      5                120  3.247E-01  2.107E+00  4.271E-01  9.732E+00                2  3.079E+00  4.747E-01  2.341E+00  2.999E-01  6.567E+00  0.000E+00  Infinity 
      1    1  12   6  15  12   273     5.664E+00                      5                147  3.247E-01  2.107E+00  3.992E-01  1.109E+01                2  3.079E+00  4.747E-01  2.505E+00  2.999E-01  6.796E+00  0.000E+00  Infinity 
      1    1  12   6  15  13   273     6.342E+00                      5                170  3.247E-01  2.107E+00  3.803E-01  1.217E+01                2  3.079E+00  4.747E-01  2.630E+00  2.999E-01  6.990E+00  0.000E+00  Infinity 
      1    1  12   6  16   1   273     4.732E+00                      5                120  3.247E-01  2.107E+00  4.271E-01  9.732E+00                2  3.079E+00  4.747E-01  2.341E+00  2.999E-01  6.357E+00  1.030E+22  1.089E+03
      1    1  12   6  16   2   273     4.359E+00                      5                 81  3.247E-01  2.107E+00  4.869E-01  7.569E+00                2  3.079E+00  4.747E-01  2.054E+00  2.999E-01  6.080E+00  0.000E+00  Infinity 
      1    1  12   6  16   3   273     4.049E+00                      5                 81  3.247E-01  2.107E+00  4.869E-01  7.569E+00                2  3.079E+00  4.747E-01  2.054E+00  2.999E-01  6.095E+00  0.000E+00  Infinity 
      1    1  12   6  16   4   273     3.825E+00                      5                 81  3.247E-01  2.107E+00  4.869E-01  7.569E+00                2  3.079E+00  4.747E-01  2.054E+00  2.999E-01  6.117E+00  2.834E+22  3.959E+02
      1    1  12   6  16   5   273     3.712E+00                      5                 81  3.247E-01  2.107E+00  4.869E-01  7.569E+00                2  3.079E+00  4.747E-01  2.054E+00  2.999E-01  6.144E+00  1.113E+23  1.009E+02
      1    1  12   6  16   6   273     3.737E+00                      5                 81  3.247E-01  2.107E+00  4.869E-01  7.569E+00                2  3.079E+00  4.747E-01  2.054E+00  2.999E-01  6.176E+00  1.650E+23  6.801E+01
      1    1  12   6  16   7   273     3.909E+00                      5                 81  3.247E-01  2.107E+00  4.869E-01  7.569E+00                2  3.079E+00  4.747E-01  2.054E+00  2.999E-01  6.214E+00  1.396E+23  8.037E+01
      1    1  12   6  16   8   273     4.217E+00                      5                 81  3.247E-01  2.107E+00  4.869E-01  7.569E+00                2  3.079E+00  4.747E-01  2.054E+00  2.999E-01  6.258E+00  6.529E+22  1.718E+02
      1    1  12   6  16   9   273     4.636E+00                      5                 81  3.247E-01  2.107E+00  4.869E-01  7.569E+00                2  3.079E+00  4.747E-01  2.054E+00  2.999E-01  6.306E+00  7.513E+21  1.493E+03
      1    1  12   6  16  10   273     5.137E+00                      5                 81  3.247E-01  2.107E+00  4.869E-01  7.569E+00                2  3.079E+00  4.747E-01  2.054E+00  2.999E-01  6.360E+00  0.000E+00  Infinity 
      1    1  12   6  16  11   273     5.699E+00                      5                120  3.247E-01  2.107E+00  4.271E-01  9.732E+00                2  3.079E+00  4.747E-01  2.341E+00  2.999E-01  6.706E+00  0.000E+00  Infinity 
      1    1  12   6  16  12   273     6.307E+00                      5                147  3.247E-01  2.107E+00  3.992E-01  1.109E+01                2  3.079E+00  4.747E-01  2.505E+00  2.999E-01  6.932E+00  0.000E+00  Infinity 
      1    1  12   6  16  13   273     6.949E+00                      5                170  3.247E-01  2.107E+00  3.803E-01  1.217E+01                2  3.079E+00  4.747E-01  2.630E+00  2.999E-01  7.124E+00  0.000E+00  Infinity 
      1    1  12   6  17   1   273     5.502E+00                      5                120  3.247E-01  2.107E+00  4.271E-01  9.732E+00                2  3.079E+00  4.747E-01  2.341E+00  2.999E-01  6.508E+00  1.579E+22  7.105E+02
      1    1  12   6  17   2   273     5.170E+00                      5                120  3.247E-01  2.107E+00  4.271E-01  9.732E+00                2  3.079E+00  4.747E-01  2.341E+00  2.999E-01  6.518E+00  7.458E+21  1.504E+03
      1    1  12   6  17   3   273     4.904E+00                      5                120  3.247E-01  2.107E+00  4.271E-01  9.732E+00                2  3.079E+00  4.747E-01  2.341E+00  2.999E-01  6.533E+00  0.000E+00  Infinity 
      1    1  12   6  17   4   273     4.721E+00                      5                120  3.247E-01  2.107E+00  4.271E-01  9.732E+00                2  3.079E+00  4.747E-01  2.341E+00  2.999E-01  6.553E+00  1.455E+22  7.710E+02
      1    1  12   6  17   5   273     4.640E+00                      5                120  3.247E-01  2.107E+00  4.271E-01  9.732E+00                2  3.079E+00  4.747E-01  2.341E+00  2.999E-01  6.579E+00  6.562E+22  1.710E+02
      1    1  12   6  17   6   273     4.674E+00                      5                120  3.247E-01  2.107E+00  4.271E-01  9.732E+00                2  3.079E+00  4.747E-01  2.341E+00  2.999E-01  6.611E+00  1.003E+23  1.119E+02
      1    1  12   6  17   7   273     4.829E+00                      5                120  3.247E-01  2.107E+00  4.271E-01  9.732E+00                2  3.079E+00  4.747E-01  2.341E+00  2.999E-01  6.648E+00  8.582E+22  1.307E+02
      1    1  12   6  17   8   273     5.100E+00                      5                120  3.247E-01  2.107E+00  4.271E-01  9.732E+00                2  3.079E+00  4.747E-01  2.341E+00  2.999E-01  6.690E+00  4.004E+22  2.802E+02
      1    1  12   6  17   9   273     5.470E+00                      5                120  3.247E-01  2.107E+00  4.271E-01  9.732E+00                2  3.079E+00  4.747E-01  2.341E+00  2.999E-01  6.736E+00  4.427E+21  2.535E+03
      1    1  12   6  17  10   273     5.922E+00                      5                120  3.247E-01  2.107E+00  4.271E-01  9.732E+00                2  3.079E+00  4.747E-01  2.341E+00  2.999E-01  6.788E+00  0.000E+00  Infinity 
      1    1  12   6  17  11   273     6.437E+00                      5                120  3.247E-01  2.107E+00  4.271E-01  9.732E+00                2  3.079E+00  4.747E-01  2.341E+00  2.999E-01  6.845E+00  0.000E+00  Infinity 
      1    1  12   6  17  12   273     7.003E+00                      5                147  3.247E-01  2.107E+00  3.992E-01  1.109E+01                2  3.079E+00  4.747E-01  2.505E+00  2.999E-01  7.069E+00  0.000E+00  Infinity 
      1    1  12   6  17  13   273     7.609E+00                      5                170  3.247E-01  2.107E+00  3.803E-01  1.217E+01                2  3.079E+00  4.747E-01  2.630E+00  2.999E-01  7.259E+00  0.000E+00  Infinity 
      1    1  12   6  18   1   273     6.311E+00                      5                147  3.247E-01  2.107E+00  3.992E-01  1.109E+01                2  3.079E+00  4.747E-01  2.505E+00  2.999E-01  6.823E+00  5.340E+21  2.101E+03
      1    1  12   6  18   2   273     6.014E+00                      5                147  3.247E-01  2.107E+00  3.992E-01  1.109E+01                2  3.079E+00  4.747E-01  2.505E+00  2.999E-01  6.832E+00  1.014E+22  1.107E+03
      1    1  12   6  18   3   273     5.784E+00                      5                147  3.247E-01  2.107E+00  3.992E-01  1.109E+01                2  3.079E+00  4.747E-01  2.505E+00  2.999E-01  6.846E+00  0.000E+00  Infinity 
      1    1  12   6  18   4   273     5.632E+00                      5                147  3.247E-01  2.107E+00  3.992E-01  1.109E+01                2  3.079E+00  4.747E-01  2.505E+00  2.999E-01  6.866E+00  0.000E+00  Infinity 
      1    1  12   6  18   5   273     5.572E+00                      5                147  3.247E-01  2.107E+00  3.992E-01  1.109E+01                2  3.079E+00  4.747E-01  2.505E+00  2.999E-01  6.892E+00  1.913E+22  5.864E+02
      1    1  12   6  18   6   273     5.612E+00                      5                147  3.247E-01  2.107E+00  3.992E-01  1.109E+01                2  3.079E+00  4.747E-01  2.505E+00  2.999E-01  6.922E+00  3.399E+22  3.301E+02
      1    1  12   6  18   7   273     5.756E+00                      5                147  3.247E-01  2.107E+00  3.992E-01  1.109E+01                2  3.079E+00  4.747E-01  2.505E+00  2.999E-01  6.958E+00  2.883E+22  3.892E+02
      1    1  12   6  18   8   273     5.999E+00                      5                147  3.247E-01  2.107E+00  3.992E-01  1.109E+01                2  3.079E+00  4.747E-01  2.505E+00  2.999E-01  6.998E+00  1.115E+22  1.006E+03
      1    1  12   6  18   9   273     6.331E+00                      5                147  3.247E-01  2.107E+00  3.992E-01  1.109E+01                2  3.079E+00  4.747E-01  2.505E+00  2.999E-01  7.044E+00  0.000E+00  Infinity 
      1    1  12   6  18  10   273     6.741E+00                      5                147  3.247E-01  2.107E+00  3.992E-01  1.109E+01                2  3.079E+00  4.747E-01  2.505E+00  2.999E-01  7.094E+00  0.000E+00  Infinity 
      1    1  12   6  18  11   273     7.215E+00                      5                147  3.247E-01  2.107E+00  3.992E-01  1.109E+01                2  3.079E+00  4.747E-01  2.505E+00  2.999E-01  7.148E+00  0.000E+00  Infinity 
      1    1  12   6  18  12   273     7.742E+00                      5                147  3.247E-01  2.107E+00  3.992E-01  1.109E+01                2  3.079E+00  4.747E-01  2.505E+00  2.999E-01  7.208E+00  0.000E+00  Infinity 
      1    1  12   6  18  13   273     8.312E+00                      5                170  3.247E-01  2.107E+00  3.803E-01  1.217E+01                2  3.079E+00  4.747E-01  2.630E+00  2.999E-01  7.395E+00  0.000E+00  Infinity 
      1    1  12   6  19   1   273     7.147E+00                      5                170  3.247E-01  2.107E+00  3.803E-01  1.217E+01                2  3.079E+00  4.747E-01  2.630E+00  2.999E-01  7.098E+00  5.163E+21  2.173E+03
      1    1  12   6  19   2   273     6.881E+00                      5                170  3.247E-01  2.107E+00  3.803E-01  1.217E+01                2  3.079E+00  4.747E-01  2.630E+00  2.999E-01  7.107E+00  1.692E+22  6.633E+02
      1    1  12   6  19   3   273     6.680E+00                      5                170  3.247E-01  2.107E+00  3.803E-01  1.217E+01                2  3.079E+00  4.747E-01  2.630E+00  2.999E-01  7.121E+00  7.392E+21  1.518E+03
      1    1  12   6  19   4   273     6.553E+00                      5                170  3.247E-01  2.107E+00  3.803E-01  1.217E+01                2  3.079E+00  4.747E-01  2.630E+00  2.999E-01  7.140E+00  0.000E+00  Infinity 
      1    1  12   6  19   5   273     6.508E+00                      5                170  3.247E-01  2.107E+00  3.803E-01  1.217E+01                2  3.079E+00  4.747E-01  2.630E+00  2.999E-01  7.165E+00  0.000E+00  Infinity 
      1    1  12   6  19   6   273     6.552E+00                      5                170  3.247E-01  2.107E+00  3.803E-01  1.217E+01                2  3.079E+00  4.747E-01  2.630E+00  2.999E-01  7.194E+00  0.000E+00  Infinity 
      1    1  12   6  19   7   273     6.685E+00                      5                170  3.247E-01  2.107E+00  3.803E-01  1.217E+01                2  3.079E+00  4.747E-01  2.630E+00  2.999E-01  7.229E+00  0.000E+00  Infinity 
      1    1  12   6  19   8   273     6.907E+00                      5                170  3.247E-01  2.107E+00  3.803E-01  1.217E+01                2  3.079E+00  4.747E-01  2.630E+00  2.999E-01  7.268E+00  0.000E+00  Infinity 
      1    1  12   6  19   9   273     7.210E+00                      5                170  3.247E-01  2.107E+00  3.803E-01  1.217E+01                2  3.079E+00  4.747E-01  2.630E+00  2.999E-01  7.312E+00  0.000E+00  Infinity 
      1    1  12   6  19  10   273     7.586E+00                      5                170  3.247E-01  2.107E+00  3.803E-01  1.217E+01                2  3.079E+00  4.747E-01  2.630E+00  2.999E-01  7.360E+00  0.000E+00  Infinity 
      1    1  12   6  19  11   273     8.024E+00                      5                170  3.247E-01  2.107E+00  3.803E-01  1.217E+01                2  3.079E+00  4.747E-01  2.630E+00  2.999E-01  7.413E+00  0.000E+00  Infinity 
      1    1  12   6  19  12   273     8.515E+00                      5                170  3.247E-01  2.107E+00  3.803E-01  1.217E+01                2  3.079E+00  4.747E-01  2.630E+00  2.999E-01  7.471E+00  0.000E+00  Infinity 
      1    1  12   6  19  13   273     9.051E+00                      5                170  3.247E-01  2.107E+00  3.803E-01  1.217E+01                2  3.079E+00  4.747E-01  2.630E+00  2.999E-01  7.532E+00  0.000E+00  Infinity 
      1    1  12   6  20   1   273     8.006E+00                      5                172  3.247E-01  2.107E+00  3.788E-01  1.226E+01                2  3.079E+00  4.747E-01  2.640E+00  2.999E-01  7.259E+00  1.761E+22  6.372E+02
      1    1  12   6  20   2   273     7.766E+00                      5                172  3.247E-01  2.107E+00  3.788E-01  1.226E+01                2  3.079E+00  4.747E-01  2.640E+00  2.999E-01  7.268E+00  2.003E+22  5.602E+02
      1    1  12   6  20   3   273     7.588E+00                      5                172  3.247E-01  2.107E+00  3.788E-01  1.226E+01                2  3.079E+00  4.747E-01  2.640E+00  2.999E-01  7.282E+00  8.432E+21  1.331E+03
      1    1  12   6  20   4   273     7.479E+00                      5                172  3.247E-01  2.107E+00  3.788E-01  1.226E+01                2  3.079E+00  4.747E-01  2.640E+00  2.999E-01  7.300E+00  0.000E+00  Infinity 
      1    1  12   6  20   5   273     7.446E+00                      5                172  3.247E-01  2.107E+00  3.788E-01  1.226E+01                2  3.079E+00  4.747E-01  2.640E+00  2.999E-01  7.324E+00  0.000E+00  Infinity 
      1    1  12   6  20   6   273     7.492E+00                      5                172  3.247E-01  2.107E+00  3.788E-01  1.226E+01                2  3.079E+00  4.747E-01  2.640E+00  2.999E-01  7.352E+00  0.000E+00  Infinity 
      1    1  12   6  20   7   273     7.618E+00                      5                172  3.247E-01  2.107E+00  3.788E-01  1.226E+01                2  3.079E+00  4.747E-01  2.640E+00  2.999E-01  7.386E+00  0.000E+00  Infinity 
      1    1  12   6  20   8   273     7.823E+00                      5                172  3.247E-01  2.107E+00  3.788E-01  1.226E+01                2  3.079E+00  4.747E-01  2.640E+00  2.999E-01  7.424E+00  0.000E+00  Infinity 
      1    1  12   6  20   9   273     8.102E+00                      5                172  3.247E-01  2.107E+00  3.788E-01  1.226E+01                2  3.079E+00  4.747E-01  2.640E+00  2.999E-01  7.466E+00  0.000E+00  Infinity 
      1    1  12   6  20  10   273     8.448E+00                      5                172  3.247E-01  2.107E+00  3.788E-01  1.226E+01                2  3.079E+00  4.747E-01  2.640E+00  2.999E-01  7.514E+00  0.000E+00  Infinity 
      1    1  12   6  20  11   273     8.855E+00                      5                172  3.247E-01  2.107E+00  3.788E-01  1.226E+01                2  3.079E+00  4.747E-01  2.640E+00  2.999E-01  7.565E+00  0.000E+00  Infinity 
      1    1  12   6  20  12   273     9.314E+00                      5                172  3.247E-01  2.107E+00  3.788E-01  1.226E+01                2  3.079E+00  4.747E-01  2.640E+00  2.999E-01  7.621E+00  0.000E+00  Infinity 
      1    1  12   6  20  13   273     9.819E+00                      5                172  3.247E-01  2.107E+00  3.788E-01  1.226E+01                2  3.079E+00  4.747E-01  2.640E+00  2.999E-01  7.681E+00  0.000E+00  Infinity 
      1    1  12   6  21   1   273     8.880E+00                      5                166  3.247E-01  2.107E+00  3.833E-01  1.199E+01                2  3.079E+00  4.747E-01  2.609E+00  2.999E-01  7.379E+00  1.213E+22  9.253E+02
      1    1  12   6  21   2   273     8.663E+00                      5                166  3.247E-01  2.107E+00  3.833E-01  1.199E+01                2  3.079E+00  4.747E-01  2.609E+00  2.999E-01  7.388E+00  8.470E+21  1.325E+03
      1    1  12   6  21   3   273     8.504E+00                      5                166  3.247E-01  2.107E+00  3.833E-01  1.199E+01                2  3.079E+00  4.747E-01  2.609E+00  2.999E-01  7.401E+00  0.000E+00  Infinity 
      1    1  12   6  21   4   273     8.410E+00                      5                166  3.247E-01  2.107E+00  3.833E-01  1.199E+01                2  3.079E+00  4.747E-01  2.609E+00  2.999E-01  7.419E+00  0.000E+00  Infinity 
      1    1  12   6  21   5   273     8.386E+00                      5                166  3.247E-01  2.107E+00  3.833E-01  1.199E+01                2  3.079E+00  4.747E-01  2.609E+00  2.999E-01  7.442E+00  0.000E+00  Infinity 
      1    1  12   6  21   6   273     8.433E+00                      5                166  3.247E-01  2.107E+00  3.833E-01  1.199E+01                2  3.079E+00  4.747E-01  2.609E+00  2.999E-01  7.470E+00  0.000E+00  Infinity 
      1    1  12   6  21   7   273     8.552E+00                      5                166  3.247E-01  2.107E+00  3.833E-01  1.199E+01                2  3.079E+00  4.747E-01  2.609E+00  2.999E-01  7.502E+00  0.000E+00  Infinity 
      1    1  12   6  21   8   273     8.743E+00                      5                166  3.247E-01  2.107E+00  3.833E-01  1.199E+01                2  3.079E+00  4.747E-01  2.609E+00  2.999E-01  7.539E+00  0.000E+00  Infinity 
      1    1  12   6  21   9   273     9.002E+00                      5                166  3.247E-01  2.107E+00  3.833E-01  1.199E+01                2  3.079E+00  4.747E-01  2.609E+00  2.999E-01  7.580E+00  0.000E+00  Infinity 
      1    1  12   6  21  10   273     9.325E+00                      5                166  3.247E-01  2.107E+00  3.833E-01  1.199E+01                2  3.079E+00  4.747E-01  2.609E+00  2.999E-01  7.626E+00  0.000E+00  Infinity 
      1    1  12   6  21  11   273     9.704E+00                      5                166  3.247E-01  2.107E+00  3.833E-01  1.199E+01                2  3.079E+00  4.747E-01  2.609E+00  2.999E-01  7.676E+00  0.000E+00  Infinity 
      1    1  12   6  21  12   273     1.014E+01                      5                166  3.247E-01  2.107E+00  3.833E-01  1.199E+01                2  3.079E+00  4.747E-01  2.609E+00  2.999E-01  7.730E+00  0.000E+00  Infinity 
      1    1  12   6  21  13   273     1.061E+01                      5                166  3.247E-01  2.107E+00  3.833E-01  1.199E+01                2  3.079E+00  4.747E-01  2.609E+00  2.999E-01  7.788E+00  0.000E+00  Infinity 
