 nptsTotalWave =     5103 npw2TotalWave =     8192
 
 itr  i0  j0   i   j t_arrive(i0,j0) t_arrive_min t_arrive(i,j) risetime(i,j) risetime_max dur_path(i,j) dur_sub(i,j) t_arrive(i,j)+dur_sub(i,j) imx jmx t_arrive(imax,jmax) dur_sub(imax,jmax) t_arrive(imax,jmax)+dur_sub(imax,jmax) risetime_max t_end_max
   1  12   6   1   1             9.8          9.8          11.4           2.3          2.6          1.79         4.11                       15.5  21  13                20.4                7.8                                   28.2          2.6      28.2
   1  12   6   1   2             9.8          9.8          11.2           2.3          2.6          1.81         4.13                       15.4  21  13                20.4                7.8                                   28.2          2.6      28.2
   1  12   6   1   3             9.8          9.8          11.2           2.3          2.6          1.85         4.17                       15.3  21  13                20.4                7.8                                   28.2          2.6      28.2
   1  12   6   1   4             9.8          9.8          11.2           2.3          2.6          1.89         4.21                       15.4  21  13                20.4                7.8                                   28.2          2.6      28.2
   1  12   6   1   5             9.8          9.8          11.3           2.3          2.6          1.95         4.27                       15.5  21  13                20.4                7.8                                   28.2          2.6      28.2
   1  12   6   1   6             9.8          9.8          11.4           2.3          2.6          2.02         4.34                       15.8  21  13                20.4                7.8                                   28.2          2.6      28.2
   1  12   6   1   7             9.8          9.8          11.7           2.3          2.6          2.09         4.42                       16.1  21  13                20.4                7.8                                   28.2          2.6      28.2
   1  12   6   1   8             9.8          9.8          12.0           2.3          2.6          2.18         4.50                       16.5  21  13                20.4                7.8                                   28.2          2.6      28.2
   1  12   6   1   9             9.8          9.8          12.3           2.3          2.6          2.27         4.59                       16.9  21  13                20.4                7.8                                   28.2          2.6      28.2
   1  12   6   1  10             9.8          9.8          12.8           2.3          2.6          2.37         4.69                       17.5  21  13                20.4                7.8                                   28.2          2.6      28.2
   1  12   6   1  11             9.8          9.8          13.3           2.3          2.6          2.47         4.80                       18.1  21  13                20.4                7.8                                   28.2          2.6      28.2
   1  12   6   1  12             9.8          9.8          13.8           2.3          2.6          2.58         4.90                       18.7  21  13                20.4                7.8                                   28.2          2.6      28.2
   1  12   6   1  13             9.8          9.8          14.4           2.3          2.6          2.70         5.02                       19.4  21  13                20.4                7.8                                   28.2          2.6      28.2
   1  12   6   2   1             9.8          9.8          11.3           2.5          2.6          1.93         4.39                       15.7  21  13                20.4                7.8                                   28.2          2.6      28.2
   1  12   6   2   2             9.8          9.8          11.1           2.5          2.6          1.95         4.41                       15.5  21  13                20.4                7.8                                   28.2          2.6      28.2
   1  12   6   2   3             9.8          9.8          11.0           2.5          2.6          1.99         4.44                       15.5  21  13                20.4                7.8                                   28.2          2.6      28.2
   1  12   6   2   4             9.8          9.8          11.0           2.5          2.6          2.03         4.49                       15.5  21  13                20.4                7.8                                   28.2          2.6      28.2
   1  12   6   2   5             9.8          9.8          11.1           2.5          2.6          2.08         4.54                       15.6  21  13                20.4                7.8                                   28.2          2.6      28.2
   1  12   6   2   6             9.8          9.8          11.3           2.5          2.6          2.15         4.60                       15.9  21  13                20.4                7.8                                   28.2          2.6      28.2
   1  12   6   2   7             9.8          9.8          11.5           2.5          2.6          2.22         4.68                       16.2  21  13                20.4                7.8                                   28.2          2.6      28.2
   1  12   6   2   8             9.8          9.8          11.8           2.5          2.6          2.30         4.76                       16.5  21  13                20.4                7.8                                   28.2          2.6      28.2
   1  12   6   2   9             9.8          9.8          12.2           2.5          2.6          2.39         4.85                       17.0  21  13                20.4                7.8                                   28.2          2.6      28.2
   1  12   6   2  10             9.8          9.8          12.6           2.5          2.6          2.48         4.94                       17.5  21  13                20.4                7.8                                   28.2          2.6      28.2
   1  12   6   2  11             9.8          9.8          13.1           2.5          2.6          2.58         5.04                       18.1  21  13                20.4                7.8                                   28.2          2.6      28.2
   1  12   6   2  12             9.8          9.8          13.6           2.5          2.6          2.68         5.14                       18.8  21  13                20.4                7.8                                   28.2          2.6      28.2
   1  12   6   2  13             9.8          9.8          14.2           2.5          2.6          2.79         5.25                       19.5  21  13                20.4                7.8                                   28.2          2.6      28.2
   1  12   6   3   1             9.8          9.8          11.2           2.6          2.6          2.08         4.69                       15.9  21  13                20.4                7.8                                   28.2          2.6      28.2
   1  12   6   3   2             9.8          9.8          11.0           2.6          2.6          2.10         4.71                       15.8  21  13                20.4                7.8                                   28.2          2.6      28.2
   1  12   6   3   3             9.8          9.8          10.9           2.6          2.6          2.13         4.74                       15.7  21  13                20.4                7.8                                   28.2          2.6      28.2
   1  12   6   3   4             9.8          9.8          10.9           2.6          2.6          2.17         4.78                       15.7  21  13                20.4                7.8                                   28.2          2.6      28.2
   1  12   6   3   5             9.8          9.8          11.0           2.6          2.6          2.22         4.83                       15.8  21  13                20.4                7.8                                   28.2          2.6      28.2
   1  12   6   3   6             9.8          9.8          11.1           2.6          2.6          2.28         4.89                       16.0  21  13                20.4                7.8                                   28.2          2.6      28.2
   1  12   6   3   7             9.8          9.8          11.3           2.6          2.6          2.35         4.95                       16.3  21  13                20.4                7.8                                   28.2          2.6      28.2
   1  12   6   3   8             9.8          9.8          11.6           2.6          2.6          2.42         5.03                       16.6  21  13                20.4                7.8                                   28.2          2.6      28.2
   1  12   6   3   9             9.8          9.8          12.0           2.6          2.6          2.51         5.11                       17.1  21  13                20.4                7.8                                   28.2          2.6      28.2
   1  12   6   3  10             9.8          9.8          12.4           2.6          2.6          2.60         5.20                       17.6  21  13                20.4                7.8                                   28.2          2.6      28.2
   1  12   6   3  11             9.8          9.8          12.9           2.6          2.6          2.69         5.30                       18.2  21  13                20.4                7.8                                   28.2          2.6      28.2
   1  12   6   3  12             9.8          9.8          13.5           2.6          2.6          2.79         5.40                       18.9  21  13                20.4                7.8                                   28.2          2.6      28.2
   1  12   6   3  13             9.8          9.8          14.1           2.6          2.6          2.90         5.51                       19.6  21  13                20.4                7.8                                   28.2          2.6      28.2
   1  12   6   4   1             9.8          9.8          11.2           2.6          2.6          2.22         4.86                       16.1  21  13                20.4                7.8                                   28.2          2.6      28.2
   1  12   6   4   2             9.8          9.8          11.0           2.6          2.6          2.24         4.88                       15.9  21  13                20.4                7.8                                   28.2          2.6      28.2
   1  12   6   4   3             9.8          9.8          10.8           2.6          2.6          2.27         4.91                       15.7  21  13                20.4                7.8                                   28.2          2.6      28.2
   1  12   6   4   4             9.8          9.8          10.8           2.6          2.6          2.31         4.95                       15.7  21  13                20.4                7.8                                   28.2          2.6      28.2
   1  12   6   4   5             9.8          9.8          10.8           2.6          2.6          2.36         5.00                       15.8  21  13                20.4                7.8                                   28.2          2.6      28.2
   1  12   6   4   6             9.8          9.8          10.9           2.6          2.6          2.41         5.05                       16.0  21  13                20.4                7.8                                   28.2          2.6      28.2
   1  12   6   4   7             9.8          9.8          11.1           2.6          2.6          2.48         5.12                       16.3  21  13                20.4                7.8                                   28.2          2.6      28.2
   1  12   6   4   8             9.8          9.8          11.4           2.6          2.6          2.55         5.19                       16.6  21  13                20.4                7.8                                   28.2          2.6      28.2
   1  12   6   4   9             9.8          9.8          11.8           2.6          2.6          2.63         5.27                       17.1  21  13                20.4                7.8                                   28.2          2.6      28.2
   1  12   6   4  10             9.8          9.8          12.3           2.6          2.6          2.71         5.35                       17.6  21  13                20.4                7.8                                   28.2          2.6      28.2
   1  12   6   4  11             9.8          9.8          12.8           2.6          2.6          2.81         5.45                       18.2  21  13                20.4                7.8                                   28.2          2.6      28.2
   1  12   6   4  12             9.8          9.8          13.4           2.6          2.6          2.90         5.54                       18.9  21  13                20.4                7.8                                   28.2          2.6      28.2
   1  12   6   4  13             9.8          9.8          14.0           2.6          2.6          3.00         5.64                       19.6  21  13                20.4                7.8                                   28.2          2.6      28.2
   1  12   6   5   1             9.8          9.8          11.2           2.6          2.6          2.37         5.00                       16.2  21  13                20.4                7.8                                   28.2          2.6      28.2
   1  12   6   5   2             9.8          9.8          10.9           2.6          2.6          2.39         5.02                       15.9  21  13                20.4                7.8                                   28.2          2.6      28.2
   1  12   6   5   3             9.8          9.8          10.7           2.6          2.6          2.41         5.04                       15.8  21  13                20.4                7.8                                   28.2          2.6      28.2
   1  12   6   5   4             9.8          9.8          10.7           2.6          2.6          2.45         5.08                       15.7  21  13                20.4                7.8                                   28.2          2.6      28.2
   1  12   6   5   5             9.8          9.8          10.7           2.6          2.6          2.50         5.12                       15.8  21  13                20.4                7.8                                   28.2          2.6      28.2
   1  12   6   5   6             9.8          9.8          10.8           2.6          2.6          2.55         5.18                       16.0  21  13                20.4                7.8                                   28.2          2.6      28.2
   1  12   6   5   7             9.8          9.8          11.0           2.6          2.6          2.61         5.24                       16.2  21  13                20.4                7.8                                   28.2          2.6      28.2
   1  12   6   5   8             9.8          9.8          11.3           2.6          2.6          2.68         5.31                       16.6  21  13                20.4                7.8                                   28.2          2.6      28.2
   1  12   6   5   9             9.8          9.8          11.7           2.6          2.6          2.75         5.38                       17.1  21  13                20.4                7.8                                   28.2          2.6      28.2
   1  12   6   5  10             9.8          9.8          12.2           2.6          2.6          2.84         5.47                       17.6  21  13                20.4                7.8                                   28.2          2.6      28.2
   1  12   6   5  11             9.8          9.8          12.7           2.6          2.6          2.92         5.55                       18.2  21  13                20.4                7.8                                   28.2          2.6      28.2
   1  12   6   5  12             9.8          9.8          13.3           2.6          2.6          3.02         5.65                       18.9  21  13                20.4                7.8                                   28.2          2.6      28.2
   1  12   6   5  13             9.8          9.8          13.9           2.6          2.6          3.11         5.74                       19.7  21  13                20.4                7.8                                   28.2          2.6      28.2
   1  12   6   6   1             9.8          9.8          11.1           2.5          2.6          2.52         5.02                       16.2  21  13                20.4                7.8                                   28.2          2.6      28.2
   1  12   6   6   2             9.8          9.8          10.9           2.5          2.6          2.54         5.04                       15.9  21  13                20.4                7.8                                   28.2          2.6      28.2
   1  12   6   6   3             9.8          9.8          10.7           2.5          2.6          2.56         5.07                       15.7  21  13                20.4                7.8                                   28.2          2.6      28.2
   1  12   6   6   4             9.8          9.8          10.6           2.5          2.6          2.59         5.10                       15.7  21  13                20.4                7.8                                   28.2          2.6      28.2
   1  12   6   6   5             9.8          9.8          10.5           2.5          2.6          2.64         5.14                       15.7  21  13                20.4                7.8                                   28.2          2.6      28.2
   1  12   6   6   6             9.8          9.8          10.6           2.5          2.6          2.69         5.19                       15.8  21  13                20.4                7.8                                   28.2          2.6      28.2
   1  12   6   6   7             9.8          9.8          10.8           2.5          2.6          2.74         5.25                       16.1  21  13                20.4                7.8                                   28.2          2.6      28.2
   1  12   6   6   8             9.8          9.8          11.2           2.5          2.6          2.81         5.31                       16.5  21  13                20.4                7.8                                   28.2          2.6      28.2
   1  12   6   6   9             9.8          9.8          11.6           2.5          2.6          2.88         5.39                       16.9  21  13                20.4                7.8                                   28.2          2.6      28.2
   1  12   6   6  10             9.8          9.8          12.0           2.5          2.6          2.96         5.47                       17.5  21  13                20.4                7.8                                   28.2          2.6      28.2
   1  12   6   6  11             9.8          9.8          12.6           2.5          2.6          3.04         5.55                       18.2  21  13                20.4                7.8                                   28.2          2.6      28.2
   1  12   6   6  12             9.8          9.8          13.2           2.5          2.6          3.13         5.64                       18.9  21  13                20.4                7.8                                   28.2          2.6      28.2
   1  12   6   6  13             9.8          9.8          13.9           2.6          2.6          3.23         5.86                       19.7  21  13                20.4                7.8                                   28.2          2.6      28.2
   1  12   6   7   1             9.8          9.8          11.2           2.3          2.6          2.67         5.01                       16.2  21  13                20.4                7.8                                   28.2          2.6      28.2
   1  12   6   7   2             9.8          9.8          10.9           2.3          2.6          2.68         5.02                       15.9  21  13                20.4                7.8                                   28.2          2.6      28.2
   1  12   6   7   3             9.8          9.8          10.6           2.3          2.6          2.71         5.05                       15.7  21  13                20.4                7.8                                   28.2          2.6      28.2
   1  12   6   7   4             9.8          9.8          10.5           2.3          2.6          2.74         5.08                       15.5  21  13                20.4                7.8                                   28.2          2.6      28.2
   1  12   6   7   5             9.8          9.8          10.4           2.3          2.6          2.78         5.12                       15.5  21  13                20.4                7.8                                   28.2          2.6      28.2
   1  12   6   7   6             9.8          9.8          10.5           2.3          2.6          2.83         5.17                       15.7  21  13                20.4                7.8                                   28.2          2.6      28.2
   1  12   6   7   7             9.8          9.8          10.7           2.3          2.6          2.88         5.22                       15.9  21  13                20.4                7.8                                   28.2          2.6      28.2
   1  12   6   7   8             9.8          9.8          11.0           2.3          2.6          2.94         5.28                       16.3  21  13                20.4                7.8                                   28.2          2.6      28.2
   1  12   6   7   9             9.8          9.8          11.5           2.3          2.6          3.01         5.35                       16.8  21  13                20.4                7.8                                   28.2          2.6      28.2
   1  12   6   7  10             9.8          9.8          12.0           2.3          2.6          3.09         5.43                       17.4  21  13                20.4                7.8                                   28.2          2.6      28.2
   1  12   6   7  11             9.8          9.8          12.6           2.3          2.6          3.17         5.51                       18.1  21  13                20.4                7.8                                   28.2          2.6      28.2
   1  12   6   7  12             9.8          9.8          13.2           2.5          2.6          3.25         5.76                       19.0  21  13                20.4                7.8                                   28.2          2.6      28.2
   1  12   6   7  13             9.8          9.8          13.9           2.6          2.6          3.34         5.97                       19.8  21  13                20.4                7.8                                   28.2          2.6      28.2
   1  12   6   8   1             9.8          9.8          11.2           2.3          2.6          2.82         5.16                       16.4  21  13                20.4                7.8                                   28.2          2.6      28.2
   1  12   6   8   2             9.8          9.8          10.9           2.1          2.6          2.83         4.88                       15.8  21  13                20.4                7.8                                   28.2          2.6      28.2
   1  12   6   8   3             9.8          9.8          10.6           2.1          2.6          2.85         4.91                       15.5  21  13                20.4                7.8                                   28.2          2.6      28.2
   1  12   6   8   4             9.8          9.8          10.4           2.1          2.6          2.88         4.94                       15.3  21  13                20.4                7.8                                   28.2          2.6      28.2
   1  12   6   8   5             9.8          9.8          10.3           2.1          2.6          2.92         4.97                       15.3  21  13                20.4                7.8                                   28.2          2.6      28.2
   1  12   6   8   6             9.8          9.8          10.4           2.1          2.6          2.97         5.02                       15.4  21  13                20.4                7.8                                   28.2          2.6      28.2
   1  12   6   8   7             9.8          9.8          10.6           2.1          2.6          3.02         5.07                       15.6  21  13                20.4                7.8                                   28.2          2.6      28.2
   1  12   6   8   8             9.8          9.8          10.9           2.1          2.6          3.08         5.13                       16.1  21  13                20.4                7.8                                   28.2          2.6      28.2
   1  12   6   8   9             9.8          9.8          11.4           2.1          2.6          3.14         5.20                       16.6  21  13                20.4                7.8                                   28.2          2.6      28.2
   1  12   6   8  10             9.8          9.8          11.9           2.1          2.6          3.22         5.27                       17.2  21  13                20.4                7.8                                   28.2          2.6      28.2
   1  12   6   8  11             9.8          9.8          12.6           2.3          2.6          3.29         5.64                       18.2  21  13                20.4                7.8                                   28.2          2.6      28.2
   1  12   6   8  12             9.8          9.8          13.2           2.5          2.6          3.38         5.88                       19.1  21  13                20.4                7.8                                   28.2          2.6      28.2
   1  12   6   8  13             9.8          9.8          13.9           2.6          2.6          3.46         6.09                       20.0  21  13                20.4                7.8                                   28.2          2.6      28.2
   1  12   6   9   1             9.8          9.8          11.3           2.3          2.6          2.97         5.31                       16.7  21  13                20.4                7.8                                   28.2          2.6      28.2
   1  12   6   9   2             9.8          9.8          10.9           2.1          2.6          2.98         5.03                       16.0  21  13                20.4                7.8                                   28.2          2.6      28.2
   1  12   6   9   3             9.8          9.8          10.6           1.7          2.6          3.00         4.74                       15.3  21  13                20.4                7.8                                   28.2          2.6      28.2
   1  12   6   9   4             9.8          9.8          10.3           1.7          2.6          3.03         4.77                       15.1  21  13                20.4                7.8                                   28.2          2.6      28.2
   1  12   6   9   5             9.8          9.8          10.2           1.7          2.6          3.06         4.80                       15.0  21  13                20.4                7.8                                   28.2          2.6      28.2
   1  12   6   9   6             9.8          9.8          10.2           1.7          2.6          3.11         4.85                       15.1  21  13                20.4                7.8                                   28.2          2.6      28.2
   1  12   6   9   7             9.8          9.8          10.4           1.7          2.6          3.16         4.90                       15.3  21  13                20.4                7.8                                   28.2          2.6      28.2
   1  12   6   9   8             9.8          9.8          10.8           1.7          2.6          3.22         4.95                       15.8  21  13                20.4                7.8                                   28.2          2.6      28.2
   1  12   6   9   9             9.8          9.8          11.4           1.7          2.6          3.28         5.02                       16.4  21  13                20.4                7.8                                   28.2          2.6      28.2
   1  12   6   9  10             9.8          9.8          12.0           2.1          2.6          3.35         5.40                       17.4  21  13                20.4                7.8                                   28.2          2.6      28.2
   1  12   6   9  11             9.8          9.8          12.6           2.3          2.6          3.42         5.76                       18.4  21  13                20.4                7.8                                   28.2          2.6      28.2
   1  12   6   9  12             9.8          9.8          13.3           2.5          2.6          3.50         6.01                       19.3  21  13                20.4                7.8                                   28.2          2.6      28.2
   1  12   6   9  13             9.8          9.8          14.0           2.6          2.6          3.59         6.22                       20.2  21  13                20.4                7.8                                   28.2          2.6      28.2
   1  12   6  10   1             9.8          9.8          11.5           2.3          2.6          3.11         5.46                       17.0  21  13                20.4                7.8                                   28.2          2.6      28.2
   1  12   6  10   2             9.8          9.8          11.1           2.1          2.6          3.13         5.18                       16.3  21  13                20.4                7.8                                   28.2          2.6      28.2
   1  12   6  10   3             9.8          9.8          10.7           1.7          2.6          3.15         4.88                       15.5  21  13                20.4                7.8                                   28.2          2.6      28.2
   1  12   6  10   4             9.8          9.8          10.3           1.4          2.6          3.18         4.56                       14.9  21  13                20.4                7.8                                   28.2          2.6      28.2
   1  12   6  10   5             9.8          9.8          10.1           1.4          2.6          3.21         4.60                       14.7  21  13                20.4                7.8                                   28.2          2.6      28.2
   1  12   6  10   6             9.8          9.8          10.1           1.4          2.6          3.25         4.64                       14.7  21  13                20.4                7.8                                   28.2          2.6      28.2
   1  12   6  10   7             9.8          9.8          10.4           1.4          2.6          3.30         4.69                       15.0  21  13                20.4                7.8                                   28.2          2.6      28.2
   1  12   6  10   8             9.8          9.8          10.8           1.4          2.6          3.35         4.74                       15.6  21  13                20.4                7.8                                   28.2          2.6      28.2
   1  12   6  10   9             9.8          9.8          11.4           1.7          2.6          3.41         5.15                       16.6  21  13                20.4                7.8                                   28.2          2.6      28.2
   1  12   6  10  10             9.8          9.8          12.1           2.1          2.6          3.48         5.53                       17.6  21  13                20.4                7.8                                   28.2          2.6      28.2
   1  12   6  10  11             9.8          9.8          12.7           2.3          2.6          3.55         5.89                       18.6  21  13                20.4                7.8                                   28.2          2.6      28.2
   1  12   6  10  12             9.8          9.8          13.5           2.5          2.6          3.63         6.13                       19.6  21  13                20.4                7.8                                   28.2          2.6      28.2
   1  12   6  10  13             9.8          9.8          14.2           2.6          2.6          3.71         6.34                       20.5  21  13                20.4                7.8                                   28.2          2.6      28.2
   1  12   6  11   1             9.8          9.8          11.8           2.3          2.6          3.26         5.61                       17.4  21  13                20.4                7.8                                   28.2          2.6      28.2
   1  12   6  11   2             9.8          9.8          11.3           2.1          2.6          3.28         5.33                       16.6  21  13                20.4                7.8                                   28.2          2.6      28.2
   1  12   6  11   3             9.8          9.8          10.8           1.7          2.6          3.30         5.03                       15.9  21  13                20.4                7.8                                   28.2          2.6      28.2
   1  12   6  11   4             9.8          9.8          10.4           1.4          2.6          3.32         4.71                       15.1  21  13                20.4                7.8                                   28.2          2.6      28.2
   1  12   6  11   5             9.8          9.8          10.1           1.0          2.6          3.36         4.34                       14.4  21  13                20.4                7.8                                   28.2          2.6      28.2
   1  12   6  11   6             9.8          9.8          10.0           1.0          2.6          3.39         4.38                       14.3  21  13                20.4                7.8                                   28.2          2.6      28.2
   1  12   6  11   7             9.8          9.8          10.3           1.0          2.6          3.44         4.43                       14.7  21  13                20.4                7.8                                   28.2          2.6      28.2
   1  12   6  11   8             9.8          9.8          10.9           1.4          2.6          3.49         4.88                       15.8  21  13                20.4                7.8                                   28.2          2.6      28.2
   1  12   6  11   9             9.8          9.8          11.6           1.7          2.6          3.55         5.29                       16.8  21  13                20.4                7.8                                   28.2          2.6      28.2
   1  12   6  11  10             9.8          9.8          12.2           2.1          2.6          3.62         5.67                       17.9  21  13                20.4                7.8                                   28.2          2.6      28.2
   1  12   6  11  11             9.8          9.8          13.0           2.3          2.6          3.68         6.03                       19.0  21  13                20.4                7.8                                   28.2          2.6      28.2
   1  12   6  11  12             9.8          9.8          13.7           2.5          2.6          3.76         6.26                       20.0  21  13                20.4                7.8                                   28.2          2.6      28.2
   1  12   6  11  13             9.8          9.8          14.4           2.6          2.6          3.84         6.47                       20.9  21  13                20.4                7.8                                   28.2          2.6      28.2
   1  12   6  12   1             9.8          9.8          12.2           2.3          2.6          3.41         5.76                       17.9  21  13                20.4                7.8                                   28.2          2.6      28.2
   1  12   6  12   2             9.8          9.8          11.7           2.1          2.6          3.43         5.48                       17.1  21  13                20.4                7.8                                   28.2          2.6      28.2
   1  12   6  12   3             9.8          9.8          11.2           1.7          2.6          3.44         5.18                       16.4  21  13                20.4                7.8                                   28.2          2.6      28.2
   1  12   6  12   4             9.8          9.8          10.7           1.4          2.6          3.47         4.86                       15.6  21  13                20.4                7.8                                   28.2          2.6      28.2
   1  12   6  12   5             9.8          9.8          10.3           1.0          2.6          3.50         4.49                       14.7  21  13                20.4                7.8                                   28.2          2.6      28.2
   1  12   6  12   6             9.8          9.8           9.8           0.5          2.6          3.54         4.01                       13.8  21  13                20.4                7.8                                   28.2          2.6      28.2
   1  12   6  12   7             9.8          9.8          10.5           1.0          2.6          3.58         4.57                       15.1  21  13                20.4                7.8                                   28.2          2.6      28.2
   1  12   6  12   8             9.8          9.8          11.2           1.4          2.6          3.63         5.02                       16.2  21  13                20.4                7.8                                   28.2          2.6      28.2
   1  12   6  12   9             9.8          9.8          11.9           1.7          2.6          3.69         5.43                       17.3  21  13                20.4                7.8                                   28.2          2.6      28.2
   1  12   6  12  10             9.8          9.8          12.6           2.1          2.6          3.75         5.81                       18.4  21  13                20.4                7.8                                   28.2          2.6      28.2
   1  12   6  12  11             9.8          9.8          13.3           2.3          2.6          3.82         6.16                       19.4  21  13                20.4                7.8                                   28.2          2.6      28.2
   1  12   6  12  12             9.8          9.8          14.0           2.5          2.6          3.89         6.39                       20.4  21  13                20.4                7.8                                   28.2          2.6      28.2
   1  12   6  12  13             9.8          9.8          14.8           2.6          2.6          3.97         6.60                       21.4  21  13                20.4                7.8                                   28.2          2.6      28.2
   1  12   6  13   1             9.8          9.8          12.6           2.3          2.6          3.56         5.91                       18.5  21  13                20.4                7.8                                   28.2          2.6      28.2
   1  12   6  13   2             9.8          9.8          12.1           2.1          2.6          3.58         5.63                       17.8  21  13                20.4                7.8                                   28.2          2.6      28.2
   1  12   6  13   3             9.8          9.8          11.7           1.7          2.6          3.59         5.33                       17.0  21  13                20.4                7.8                                   28.2          2.6      28.2
   1  12   6  13   4             9.8          9.8          11.2           1.4          2.6          3.62         5.01                       16.2  21  13                20.4                7.8                                   28.2          2.6      28.2
   1  12   6  13   5             9.8          9.8          10.9           1.0          2.6          3.65         4.64                       15.5  21  13                20.4                7.8                                   28.2          2.6      28.2
   1  12   6  13   6             9.8          9.8          10.8           1.0          2.6          3.68         4.67                       15.4  21  13                20.4                7.8                                   28.2          2.6      28.2
   1  12   6  13   7             9.8          9.8          11.1           1.0          2.6          3.73         4.71                       15.8  21  13                20.4                7.8                                   28.2          2.6      28.2
   1  12   6  13   8             9.8          9.8          11.7           1.4          2.6          3.78         5.16                       16.8  21  13                20.4                7.8                                   28.2          2.6      28.2
   1  12   6  13   9             9.8          9.8          12.3           1.7          2.6          3.83         5.57                       17.9  21  13                20.4                7.8                                   28.2          2.6      28.2
   1  12   6  13  10             9.8          9.8          13.0           2.1          2.6          3.89         5.94                       18.9  21  13                20.4                7.8                                   28.2          2.6      28.2
   1  12   6  13  11             9.8          9.8          13.7           2.3          2.6          3.95         6.29                       20.0  21  13                20.4                7.8                                   28.2          2.6      28.2
   1  12   6  13  12             9.8          9.8          14.4           2.5          2.6          4.02         6.53                       20.9  21  13                20.4                7.8                                   28.2          2.6      28.2
   1  12   6  13  13             9.8          9.8          15.2           2.6          2.6          4.10         6.73                       21.9  21  13                20.4                7.8                                   28.2          2.6      28.2
   1  12   6  14   1             9.8          9.8          13.2           2.3          2.6          3.71         6.06                       19.2  21  13                20.4                7.8                                   28.2          2.6      28.2
   1  12   6  14   2             9.8          9.8          12.7           2.1          2.6          3.73         5.78                       18.5  21  13                20.4                7.8                                   28.2          2.6      28.2
   1  12   6  14   3             9.8          9.8          12.3           1.7          2.6          3.74         5.48                       17.8  21  13                20.4                7.8                                   28.2          2.6      28.2
   1  12   6  14   4             9.8          9.8          12.0           1.4          2.6          3.77         5.15                       17.1  21  13                20.4                7.8                                   28.2          2.6      28.2
   1  12   6  14   5             9.8          9.8          11.7           1.4          2.6          3.79         5.18                       16.9  21  13                20.4                7.8                                   28.2          2.6      28.2
   1  12   6  14   6             9.8          9.8          11.7           1.4          2.6          3.83         5.22                       16.9  21  13                20.4                7.8                                   28.2          2.6      28.2
   1  12   6  14   7             9.8          9.8          11.9           1.4          2.6          3.87         5.26                       17.2  21  13                20.4                7.8                                   28.2          2.6      28.2
   1  12   6  14   8             9.8          9.8          12.4           1.4          2.6          3.92         5.31                       17.7  21  13                20.4                7.8                                   28.2          2.6      28.2
   1  12   6  14   9             9.8          9.8          12.9           1.7          2.6          3.97         5.71                       18.7  21  13                20.4                7.8                                   28.2          2.6      28.2
   1  12   6  14  10             9.8          9.8          13.6           2.1          2.6          4.03         6.08                       19.7  21  13                20.4                7.8                                   28.2          2.6      28.2
   1  12   6  14  11             9.8          9.8          14.2           2.3          2.6          4.09         6.43                       20.7  21  13                20.4                7.8                                   28.2          2.6      28.2
   1  12   6  14  12             9.8          9.8          14.9           2.5          2.6          4.16         6.66                       21.6  21  13                20.4                7.8                                   28.2          2.6      28.2
   1  12   6  14  13             9.8          9.8          15.6           2.6          2.6          4.23         6.86                       22.5  21  13                20.4                7.8                                   28.2          2.6      28.2
   1  12   6  15   1             9.8          9.8          13.8           2.3          2.6          3.87         6.21                       20.1  21  13                20.4                7.8                                   28.2          2.6      28.2
   1  12   6  15   2             9.8          9.8          13.4           2.1          2.6          3.88         5.93                       19.4  21  13                20.4                7.8                                   28.2          2.6      28.2
   1  12   6  15   3             9.8          9.8          13.1           1.7          2.6          3.89         5.63                       18.7  21  13                20.4                7.8                                   28.2          2.6      28.2
   1  12   6  15   4             9.8          9.8          12.8           1.7          2.6          3.91         5.65                       18.4  21  13                20.4                7.8                                   28.2          2.6      28.2
   1  12   6  15   5             9.8          9.8          12.6           1.7          2.6          3.94         5.68                       18.3  21  13                20.4                7.8                                   28.2          2.6      28.2
   1  12   6  15   6             9.8          9.8          12.6           1.7          2.6          3.98         5.71                       18.3  21  13                20.4                7.8                                   28.2          2.6      28.2
   1  12   6  15   7             9.8          9.8          12.8           1.7          2.6          4.02         5.75                       18.6  21  13                20.4                7.8                                   28.2          2.6      28.2
   1  12   6  15   8             9.8          9.8          13.2           1.7          2.6          4.06         5.80                       19.0  21  13                20.4                7.8                                   28.2          2.6      28.2
   1  12   6  15   9             9.8          9.8          13.7           1.7          2.6          4.11         5.85                       19.5  21  13                20.4                7.8                                   28.2          2.6      28.2
   1  12   6  15  10             9.8          9.8          14.2           2.1          2.6          4.17         6.22                       20.5  21  13                20.4                7.8                                   28.2          2.6      28.2
   1  12   6  15  11             9.8          9.8          14.8           2.3          2.6          4.23         6.57                       21.4  21  13                20.4                7.8                                   28.2          2.6      28.2
   1  12   6  15  12             9.8          9.8          15.5           2.5          2.6          4.29         6.80                       22.3  21  13                20.4                7.8                                   28.2          2.6      28.2
   1  12   6  15  13             9.8          9.8          16.2           2.6          2.6          4.36         6.99                       23.2  21  13                20.4                7.8                                   28.2          2.6      28.2
   1  12   6  16   1             9.8          9.8          14.6           2.3          2.6          4.02         6.36                       20.9  21  13                20.4                7.8                                   28.2          2.6      28.2
   1  12   6  16   2             9.8          9.8          14.2           2.1          2.6          4.03         6.08                       20.3  21  13                20.4                7.8                                   28.2          2.6      28.2
   1  12   6  16   3             9.8          9.8          13.9           2.1          2.6          4.04         6.10                       20.0  21  13                20.4                7.8                                   28.2          2.6      28.2
   1  12   6  16   4             9.8          9.8          13.7           2.1          2.6          4.06         6.12                       19.8  21  13                20.4                7.8                                   28.2          2.6      28.2
   1  12   6  16   5             9.8          9.8          13.5           2.1          2.6          4.09         6.14                       19.7  21  13                20.4                7.8                                   28.2          2.6      28.2
   1  12   6  16   6             9.8          9.8          13.6           2.1          2.6          4.12         6.18                       19.7  21  13                20.4                7.8                                   28.2          2.6      28.2
   1  12   6  16   7             9.8          9.8          13.7           2.1          2.6          4.16         6.21                       20.0  21  13                20.4                7.8                                   28.2          2.6      28.2
   1  12   6  16   8             9.8          9.8          14.0           2.1          2.6          4.20         6.26                       20.3  21  13                20.4                7.8                                   28.2          2.6      28.2
   1  12   6  16   9             9.8          9.8          14.5           2.1          2.6          4.25         6.31                       20.8  21  13                20.4                7.8                                   28.2          2.6      28.2
   1  12   6  16  10             9.8          9.8          15.0           2.1          2.6          4.31         6.36                       21.3  21  13                20.4                7.8                                   28.2          2.6      28.2
   1  12   6  16  11             9.8          9.8          15.5           2.3          2.6          4.36         6.71                       22.2  21  13                20.4                7.8                                   28.2          2.6      28.2
   1  12   6  16  12             9.8          9.8          16.1           2.5          2.6          4.43         6.93                       23.1  21  13                20.4                7.8                                   28.2          2.6      28.2
   1  12   6  16  13             9.8          9.8          16.8           2.6          2.6          4.49         7.12                       23.9  21  13                20.4                7.8                                   28.2          2.6      28.2
   1  12   6  17   1             9.8          9.8          15.3           2.3          2.6          4.17         6.51                       21.8  21  13                20.4                7.8                                   28.2          2.6      28.2
   1  12   6  17   2             9.8          9.8          15.0           2.3          2.6          4.18         6.52                       21.5  21  13                20.4                7.8                                   28.2          2.6      28.2
   1  12   6  17   3             9.8          9.8          14.7           2.3          2.6          4.19         6.53                       21.3  21  13                20.4                7.8                                   28.2          2.6      28.2
   1  12   6  17   4             9.8          9.8          14.6           2.3          2.6          4.21         6.55                       21.1  21  13                20.4                7.8                                   28.2          2.6      28.2
   1  12   6  17   5             9.8          9.8          14.5           2.3          2.6          4.24         6.58                       21.1  21  13                20.4                7.8                                   28.2          2.6      28.2
   1  12   6  17   6             9.8          9.8          14.5           2.3          2.6          4.27         6.61                       21.1  21  13                20.4                7.8                                   28.2          2.6      28.2
   1  12   6  17   7             9.8          9.8          14.7           2.3          2.6          4.31         6.65                       21.3  21  13                20.4                7.8                                   28.2          2.6      28.2
   1  12   6  17   8             9.8          9.8          14.9           2.3          2.6          4.35         6.69                       21.6  21  13                20.4                7.8                                   28.2          2.6      28.2
   1  12   6  17   9             9.8          9.8          15.3           2.3          2.6          4.40         6.74                       22.0  21  13                20.4                7.8                                   28.2          2.6      28.2
   1  12   6  17  10             9.8          9.8          15.8           2.3          2.6          4.45         6.79                       22.5  21  13                20.4                7.8                                   28.2          2.6      28.2
   1  12   6  17  11             9.8          9.8          16.3           2.3          2.6          4.50         6.84                       23.1  21  13                20.4                7.8                                   28.2          2.6      28.2
   1  12   6  17  12             9.8          9.8          16.8           2.5          2.6          4.56         7.07                       23.9  21  13                20.4                7.8                                   28.2          2.6      28.2
   1  12   6  17  13             9.8          9.8          17.4           2.6          2.6          4.63         7.26                       24.7  21  13                20.4                7.8                                   28.2          2.6      28.2
   1  12   6  18   1             9.8          9.8          16.1           2.5          2.6          4.32         6.82                       23.0  21  13                20.4                7.8                                   28.2          2.6      28.2
   1  12   6  18   2             9.8          9.8          15.8           2.5          2.6          4.33         6.83                       22.7  21  13                20.4                7.8                                   28.2          2.6      28.2
   1  12   6  18   3             9.8          9.8          15.6           2.5          2.6          4.34         6.85                       22.5  21  13                20.4                7.8                                   28.2          2.6      28.2
   1  12   6  18   4             9.8          9.8          15.5           2.5          2.6          4.36         6.87                       22.3  21  13                20.4                7.8                                   28.2          2.6      28.2
   1  12   6  18   5             9.8          9.8          15.4           2.5          2.6          4.39         6.89                       22.3  21  13                20.4                7.8                                   28.2          2.6      28.2
   1  12   6  18   6             9.8          9.8          15.4           2.5          2.6          4.42         6.92                       22.4  21  13                20.4                7.8                                   28.2          2.6      28.2
   1  12   6  18   7             9.8          9.8          15.6           2.5          2.6          4.45         6.96                       22.5  21  13                20.4                7.8                                   28.2          2.6      28.2
   1  12   6  18   8             9.8          9.8          15.8           2.5          2.6          4.49         7.00                       22.8  21  13                20.4                7.8                                   28.2          2.6      28.2
   1  12   6  18   9             9.8          9.8          16.2           2.5          2.6          4.54         7.04                       23.2  21  13                20.4                7.8                                   28.2          2.6      28.2
   1  12   6  18  10             9.8          9.8          16.6           2.5          2.6          4.59         7.09                       23.7  21  13                20.4                7.8                                   28.2          2.6      28.2
   1  12   6  18  11             9.8          9.8          17.0           2.5          2.6          4.64         7.15                       24.2  21  13                20.4                7.8                                   28.2          2.6      28.2
   1  12   6  18  12             9.8          9.8          17.6           2.5          2.6          4.70         7.21                       24.8  21  13                20.4                7.8                                   28.2          2.6      28.2
   1  12   6  18  13             9.8          9.8          18.1           2.6          2.6          4.77         7.40                       25.5  21  13                20.4                7.8                                   28.2          2.6      28.2
   1  12   6  19   1             9.8          9.8          17.0           2.6          2.6          4.47         7.10                       24.1  21  13                20.4                7.8                                   28.2          2.6      28.2
   1  12   6  19   2             9.8          9.8          16.7           2.6          2.6          4.48         7.11                       23.8  21  13                20.4                7.8                                   28.2          2.6      28.2
   1  12   6  19   3             9.8          9.8          16.5           2.6          2.6          4.49         7.12                       23.6  21  13                20.4                7.8                                   28.2          2.6      28.2
   1  12   6  19   4             9.8          9.8          16.4           2.6          2.6          4.51         7.14                       23.5  21  13                20.4                7.8                                   28.2          2.6      28.2
   1  12   6  19   5             9.8          9.8          16.3           2.6          2.6          4.54         7.16                       23.5  21  13                20.4                7.8                                   28.2          2.6      28.2
   1  12   6  19   6             9.8          9.8          16.4           2.6          2.6          4.56         7.19                       23.6  21  13                20.4                7.8                                   28.2          2.6      28.2
   1  12   6  19   7             9.8          9.8          16.5           2.6          2.6          4.60         7.23                       23.7  21  13                20.4                7.8                                   28.2          2.6      28.2
   1  12   6  19   8             9.8          9.8          16.7           2.6          2.6          4.64         7.27                       24.0  21  13                20.4                7.8                                   28.2          2.6      28.2
   1  12   6  19   9             9.8          9.8          17.0           2.6          2.6          4.68         7.31                       24.4  21  13                20.4                7.8                                   28.2          2.6      28.2
   1  12   6  19  10             9.8          9.8          17.4           2.6          2.6          4.73         7.36                       24.8  21  13                20.4                7.8                                   28.2          2.6      28.2
   1  12   6  19  11             9.8          9.8          17.9           2.6          2.6          4.78         7.41                       25.3  21  13                20.4                7.8                                   28.2          2.6      28.2
   1  12   6  19  12             9.8          9.8          18.3           2.6          2.6          4.84         7.47                       25.8  21  13                20.4                7.8                                   28.2          2.6      28.2
   1  12   6  19  13             9.8          9.8          18.9           2.6          2.6          4.90         7.53                       26.4  21  13                20.4                7.8                                   28.2          2.6      28.2
   1  12   6  20   1             9.8          9.8          17.8           2.6          2.6          4.62         7.26                       25.1  21  13                20.4                7.8                                   28.2          2.6      28.2
   1  12   6  20   2             9.8          9.8          17.6           2.6          2.6          4.63         7.27                       24.9  21  13                20.4                7.8                                   28.2          2.6      28.2
   1  12   6  20   3             9.8          9.8          17.4           2.6          2.6          4.64         7.28                       24.7  21  13                20.4                7.8                                   28.2          2.6      28.2
   1  12   6  20   4             9.8          9.8          17.3           2.6          2.6          4.66         7.30                       24.6  21  13                20.4                7.8                                   28.2          2.6      28.2
   1  12   6  20   5             9.8          9.8          17.3           2.6          2.6          4.68         7.32                       24.6  21  13                20.4                7.8                                   28.2          2.6      28.2
   1  12   6  20   6             9.8          9.8          17.3           2.6          2.6          4.71         7.35                       24.7  21  13                20.4                7.8                                   28.2          2.6      28.2
   1  12   6  20   7             9.8          9.8          17.4           2.6          2.6          4.75         7.39                       24.8  21  13                20.4                7.8                                   28.2          2.6      28.2
   1  12   6  20   8             9.8          9.8          17.7           2.6          2.6          4.78         7.42                       25.1  21  13                20.4                7.8                                   28.2          2.6      28.2
   1  12   6  20   9             9.8          9.8          17.9           2.6          2.6          4.83         7.47                       25.4  21  13                20.4                7.8                                   28.2          2.6      28.2
   1  12   6  20  10             9.8          9.8          18.3           2.6          2.6          4.87         7.51                       25.8  21  13                20.4                7.8                                   28.2          2.6      28.2
   1  12   6  20  11             9.8          9.8          18.7           2.6          2.6          4.93         7.57                       26.3  21  13                20.4                7.8                                   28.2          2.6      28.2
   1  12   6  20  12             9.8          9.8          19.1           2.6          2.6          4.98         7.62                       26.8  21  13                20.4                7.8                                   28.2          2.6      28.2
   1  12   6  20  13             9.8          9.8          19.7           2.6          2.6          5.04         7.68                       27.3  21  13                20.4                7.8                                   28.2          2.6      28.2
   1  12   6  21   1             9.8          9.8          18.7           2.6          2.6          4.77         7.38                       26.1  21  13                20.4                7.8                                   28.2          2.6      28.2
   1  12   6  21   2             9.8          9.8          18.5           2.6          2.6          4.78         7.39                       25.9  21  13                20.4                7.8                                   28.2          2.6      28.2
   1  12   6  21   3             9.8          9.8          18.3           2.6          2.6          4.79         7.40                       25.7  21  13                20.4                7.8                                   28.2          2.6      28.2
   1  12   6  21   4             9.8          9.8          18.2           2.6          2.6          4.81         7.42                       25.7  21  13                20.4                7.8                                   28.2          2.6      28.2
   1  12   6  21   5             9.8          9.8          18.2           2.6          2.6          4.83         7.44                       25.7  21  13                20.4                7.8                                   28.2          2.6      28.2
   1  12   6  21   6             9.8          9.8          18.3           2.6          2.6          4.86         7.47                       25.7  21  13                20.4                7.8                                   28.2          2.6      28.2
   1  12   6  21   7             9.8          9.8          18.4           2.6          2.6          4.89         7.50                       25.9  21  13                20.4                7.8                                   28.2          2.6      28.2
   1  12   6  21   8             9.8          9.8          18.6           2.6          2.6          4.93         7.54                       26.1  21  13                20.4                7.8                                   28.2          2.6      28.2
   1  12   6  21   9             9.8          9.8          18.8           2.6          2.6          4.97         7.58                       26.4  21  13                20.4                7.8                                   28.2          2.6      28.2
   1  12   6  21  10             9.8          9.8          19.2           2.6          2.6          5.02         7.63                       26.8  21  13                20.4                7.8                                   28.2          2.6      28.2
   1  12   6  21  11             9.8          9.8          19.5           2.6          2.6          5.07         7.68                       27.2  21  13                20.4                7.8                                   28.2          2.6      28.2
   1  12   6  21  12             9.8          9.8          20.0           2.6          2.6          5.12         7.73                       27.7  21  13                20.4                7.8                                   28.2          2.6      28.2
   1  12   6  21  13             9.8          9.8          20.4           2.6          2.6          5.18         7.79                       28.2  21  13                20.4                7.8                                   28.2          2.6      28.2
