         modeling parameters     
Fault Strike              =    95.00
Fault dip                 =    40.00
Fault depth to upper edge =     5.06
Fault Length              =    32.00
Fault Width               =    20.00
ratio of rupture to s-wave velocity =     0.80
FaultLat                  =    44.89
FaultLon                  =    11.27
No.of subs along strike   =       21
No.of subs along dip      =       13
subfault length           =     1.52
subfault width            =     1.54
i_rise_time (1=orig,2=1/f0) =  2
iseed, nsims =     -3412365   20
-----------------------------------------------
input hypocenter at position    =   1.820E+01  8.000E+00
input hypocenter at subfault    =   12   6
n_hypocenters    =    1
Mag.                      =     6.00
-----------------------------------------------
dt (sec)                  =   0.0100
beta (km/s)               =     3.60
density (rho), gr/cm3     =     2.70
prtitn                    =     0.71
rtp                       =     0.55
fs                        =     2.00
pulsing Percentage        =    50.00
iflagscalefactor (1=vel^2; 2=acc^2;  3=asymptotic acc^2 (dmb)) = 2
flocut, nslope            =   0.000  8
iflagfas_avg              = 3
iflagpsa_avg_over_hypos   = 2
iflagpsa_avg_over_sims   = 1
stress parameter (bars)   =    70.00
fmax                      =     0.00
kappa                     =   0.0300
-----------------------------------------------
         Corner Frequency    
Dynamic Corner Frequency Flag is  ON =    1
-----------------------------------------------
 fr1, qr1, s1, ft1, ft2, fr2, qr2, s2, c_q  = 
  0.1000000       275.0000      -2.000000      0.2000000      0.6000000    
   1.000000       100.0000       1.000000       3.600000    
 Path duration: ndur_hinges, rpathdur, pathdur, durslope: 
  1
   0.0   0.00
  0.100
 gspread: i, nsprd_segs, r_ref, rlow, a_s, b_s, m_s
           1           3   1.000000       1.000000      -1.250000    
  0.0000000E+00   6.500000    
           2           3   1.000000       70.00000      0.0000000E+00
  0.0000000E+00   6.500000    
           3           3   1.000000       130.0000     -0.5000000    
  0.0000000E+00   6.500000    
-----------------------------------------------
window applied               = Saragoni-Hart
-----------------------------------------------
 Crustal amps from file fdt_MRN30+Vuan.h2
    freq     amp
   0.000   1.000
   0.030   1.268
   0.060   3.143
   0.090   5.426
   0.120   2.734
   0.150   2.864
   0.180   5.079
   0.210   4.669
   0.240   2.730
   0.270   2.936
   0.300   3.662
   0.330   3.359
   0.360   4.473
   0.390   4.802
   0.420   3.544
   0.450   4.972
   0.480   7.520
   0.510   3.117
   0.540   2.123
   0.570   2.179
   0.600   4.089
   0.630   6.531
   0.660   3.066
   0.690   3.486
   0.720   8.295
   0.750   6.130
   0.780   4.058
   0.810   4.175
   0.840   6.113
   0.870   6.535
   0.900   5.614
   0.930   7.147
   0.960   6.848
   0.990   6.592
   1.020   4.408
   1.050   2.849
   1.080   2.934
   1.110   4.875
   1.140   5.087
   1.170   2.934
   1.200   2.558
   1.230   3.896
   1.260   3.987
   1.290   1.923
   1.320   1.690
   1.350   2.352
   1.380   4.195
   1.410   3.919
   1.440   3.305
   1.470   3.689
   1.500   5.088
   1.530   4.352
   1.560   3.813
   1.590   3.786
   1.620   3.335
   1.650   3.895
   1.680   4.501
   1.710   2.965
   1.740   2.724
   1.770   3.791
   1.800   5.613
   1.830   3.396
   1.860   2.517
   1.890   2.925
   1.920   5.259
   1.950   4.819
   1.980   4.064
   2.010   5.450
   2.040   7.386
   2.070   6.246
   2.100   5.591
   2.130   6.142
   2.160   6.028
   2.190   5.362
   2.220   5.653
   2.250   5.557
   2.280   5.703
   2.310   4.120
   2.340   2.582
   2.370   2.320
   2.400   2.954
   2.430   3.979
   2.460   2.880
   2.490   2.158
   2.520   2.342
   2.550   3.247
   2.580   2.494
   2.610   2.038
   2.640   2.392
   2.670   2.964
   2.700   2.730
   2.730   2.427
   2.760   2.474
   2.790   3.008
   2.820   3.347
   2.850   3.121
   2.880   2.648
   2.910   2.156
   2.940   2.288
   2.970   2.768
   3.000   2.082
   3.030   1.686
   3.060   1.820
   3.090   2.436
   3.120   2.774
   3.150   2.168
   3.180   2.113
   3.210   2.798
   3.240   2.932
   3.270   2.512
   3.300   2.778
   3.330   3.489
   3.360   3.800
   3.390   3.543
   3.420   3.461
   3.450   3.558
   3.480   3.395
   3.510   3.131
   3.540   2.549
   3.570   2.242
   3.600   2.442
   3.630   2.311
   3.660   1.841
   3.690   1.766
   3.720   2.058
   3.750   2.251
   3.780   1.759
   3.810   1.496
   3.840   1.693
   3.870   2.097
   3.900   1.974
   3.930   1.935
   3.960   2.080
   3.990   2.008
   4.020   1.753
   4.050   1.550
   4.080   1.550
   4.110   1.691
   4.140   1.836
   4.170   1.859
   4.200   1.507
   4.230   1.296
   4.260   1.426
   4.290   1.593
   4.320   1.337
   4.350   1.154
   4.380   1.183
   4.410   1.446
   4.440   1.768
   4.470   1.707
   4.500   1.760
   4.530   2.001
   4.560   1.907
   4.590   1.790
   4.620   1.868
   4.650   2.065
   4.680   2.371
   4.710   2.591
   4.740   2.635
   4.770   2.597
   4.800   2.563
   4.830   2.444
   4.860   1.996
   4.890   1.743
   4.920   1.890
   4.950   2.336
   4.980   2.603
   5.010   2.588
   5.040   2.634
   5.070   2.508
   5.100   2.119
   5.130   2.002
   5.160   2.276
   5.190   2.579
   5.220   2.584
   5.250   2.589
   5.280   2.591
   5.310   2.497
   5.340   2.243
   5.370   1.978
   5.400   1.786
   5.430   1.691
   5.460   1.768
   5.490   1.841
   5.520   1.702
   5.550   1.685
   5.580   1.853
   5.610   1.851
   5.640   1.661
   5.670   1.586
   5.700   1.725
   5.730   1.967
   5.760   1.973
   5.790   1.968
   5.820   2.173
   5.850   2.335
   5.880   2.324
   5.910   2.269
   5.940   2.259
   5.970   2.398
   6.000   2.595
   6.030   2.640
   6.060   2.499
   6.090   2.339
   6.120   2.153
   6.150   1.873
   6.180   1.737
   6.210   1.850
   6.240   2.056
   6.270   2.095
   6.300   2.025
   6.330   1.927
   6.360   1.690
   6.390   1.437
   6.420   1.380
   6.450   1.526
   6.480   1.692
   6.510   1.714
   6.540   1.663
   6.570   1.586
   6.600   1.531
   6.630   1.443
   6.660   1.271
   6.690   1.081
   6.720   0.965
   6.750   0.973
   6.780   1.058
   6.810   1.074
   6.840   1.061
   6.870   1.107
   6.900   1.118
   6.930   1.040
   6.960   0.976
   6.990   0.998
   7.020   1.082
   7.050   1.101
   7.080   1.093
   7.110   1.174
   7.140   1.297
   7.170   1.343
   7.200   1.290
   7.230   1.206
   7.260   1.185
   7.290   1.234
   7.320   1.297
   7.350   1.290
   7.380   1.215
   7.410   1.174
   7.440   1.163
   7.470   1.142
   7.500   1.164
   7.530   1.248
   7.560   1.301
   7.590   1.259
   7.620   1.191
   7.650   1.154
   7.680   1.126
   7.710   1.111
   7.740   1.154
   7.770   1.218
   7.800   1.234
   7.830   1.218
   7.860   1.167
   7.890   1.109
   7.920   1.076
   7.950   1.029
   7.980   0.930
   8.010   0.822
   8.040   0.780
   8.070   0.809
   8.100   0.831
   8.130   0.806
   8.160   0.805
   8.190   0.838
   8.220   0.848
   8.250   0.819
   8.280   0.806
   8.310   0.848
   8.340   0.910
   8.370   0.941
   8.400   0.968
   8.430   0.992
   8.460   0.994
   8.490   1.002
   8.520   1.011
   8.550   1.007
   8.580   1.007
   8.610   1.025
   8.640   1.039
   8.670   1.003
   8.700   0.959
   8.730   0.968
   8.760   1.018
   8.790   1.073
   8.820   1.128
   8.850   1.166
   8.880   1.153
   8.910   1.106
   8.940   1.085
   8.970   1.113
   9.000   1.163
   9.030   1.189
   9.060   1.162
   9.090   1.110
   9.120   1.079
   9.150   1.051
   9.180   1.006
   9.210   0.961
   9.240   0.916
   9.270   0.851
   9.300   0.776
   9.330   0.729
   9.360   0.718
   9.390   0.699
   9.420   0.665
   9.450   0.654
   9.480   0.673
   9.510   0.696
   9.540   0.703
   9.570   0.707
   9.600   0.736
   9.630   0.779
   9.660   0.802
   9.690   0.800
   9.720   0.774
   9.750   0.741
   9.780   0.731
   9.810   0.740
   9.840   0.745
   9.870   0.740
   9.900   0.726
   9.930   0.695
   9.960   0.641
   9.990   0.599
-----------------------------------------------
 site amps from file site_amps_one.txt
    freq     amp
   1.000   1.000
-----------------------------------------------
-----------------------------------------------
         Analytical Pulse parameters     
-----------------------------------------------
Analytical Flag is  OFF   =     0
 
tpadl, tpadt, dt(sec)                     :    15.000    15.000     0.010
For site   1 siteLocation coordinates 1&2 =     44.88    11.06
 
  For site   1 elapsed time (sec) =  15.94
