**********************************************
*******     Site #   1
Average PSA and Fourier spectrum over    20 trials
damping:   5%
  50 samples
Mag.          =      6.00
siteLat       =     44.88
siteLon       =     11.06
depth         =      5.06
R             =     16.35
azimuth       =  15169.02
fault Dis.(km)=    17.15
Hypo  Dis.(km)=    35.39
Input Parameters file =  atzori_29.05_MRN_y_parameters.out                                                                                       
 data format: (1x,f10.3, 1p, 1x,e11.4, 5x,e11.4, 2x,e11.4, 1x,e11.4)
   freq(Hz)     per(s) FAS(cm/sec) avgPSA(cm/s**2) avgPSV(cm/s)   avgSD(cm)        minY        maxY
     -1.000        NaN         NaN             Nan   8.1101E+00         Nan
    999.900      0.000         Nan      6.0975E+01          NaN         NaN  4.3237E+01  7.9113E+01
      0.200      5.000  7.5753E+00      7.2410E+00   5.7622E+00  4.5854E+00
      0.217      4.616  7.7077E+00      8.0886E+00   5.9428E+00  4.3663E+00
      0.235      4.262  7.1135E+00      8.8748E+00   6.0201E+00  4.0836E+00
      0.254      3.935  6.8016E+00      9.8943E+00   6.1967E+00  3.8809E+00
      0.275      3.633  7.1178E+00      1.1475E+01   6.6349E+00  3.8365E+00
      0.298      3.354  8.1283E+00      1.3533E+01   7.2246E+00  3.8569E+00
      0.323      3.097  9.0889E+00      1.6324E+01   8.0461E+00  3.9659E+00
      0.350      2.859  1.0920E+01      2.0165E+01   9.1767E+00  4.1761E+00
      0.379      2.640  1.4311E+01      2.4227E+01   1.0179E+01  4.2767E+00
      0.410      2.437  1.4627E+01      2.7638E+01   1.0721E+01  4.1589E+00
      0.444      2.250  1.8152E+01      3.2642E+01   1.1691E+01  4.1870E+00
      0.481      2.078  2.2702E+01      3.7147E+01   1.2283E+01  4.0616E+00
      0.521      1.918  1.5196E+01      3.7228E+01   1.1365E+01  3.4698E+00
      0.565      1.771  8.4041E+00      3.9841E+01   1.1230E+01  3.1653E+00
      0.612      1.635  1.8669E+01      4.9428E+01   1.2863E+01  3.3474E+00
      0.662      1.510  1.6619E+01      5.6769E+01   1.3640E+01  3.2772E+00
      0.717      1.394  2.2979E+01      6.5853E+01   1.4608E+01  3.2406E+00
      0.777      1.287  2.0428E+01      7.0009E+01   1.4339E+01  2.9367E+00
      0.842      1.188  2.3927E+01      8.1156E+01   1.5346E+01  2.9019E+00
      0.912      1.097  2.6568E+01      9.2784E+01   1.6199E+01  2.8280E+00
      0.987      1.013  2.7774E+01      9.4548E+01   1.5240E+01  2.4565E+00
      1.069      0.935  1.2439E+01      8.9810E+01   1.3366E+01  1.9891E+00
      1.158      0.863  1.8851E+01      9.1150E+01   1.2524E+01  1.7208E+00
      1.255      0.797  1.7101E+01      9.3948E+01   1.1918E+01  1.5119E+00
      1.359      0.736  1.4103E+01      1.0366E+02   1.2141E+01  1.4220E+00
      1.472      0.679  2.0152E+01      1.1890E+02   1.2857E+01  1.3903E+00
      1.594      0.627  1.6241E+01      1.2738E+02   1.2718E+01  1.2697E+00
      1.727      0.579  1.5239E+01      1.3371E+02   1.2325E+01  1.1361E+00
      1.870      0.535  1.3670E+01      1.4641E+02   1.2460E+01  1.0604E+00
      2.026      0.494  2.9001E+01      1.7073E+02   1.3415E+01  1.0540E+00
      2.194      0.456  2.6104E+01      1.7592E+02   1.2762E+01  9.2584E-01
      2.376      0.421  1.1219E+01      1.5338E+02   1.0273E+01  6.8808E-01
      2.574      0.389  1.1456E+01      1.3831E+02   8.5529E+00  5.2890E-01
      2.788      0.359  1.3354E+01      1.3432E+02   7.6688E+00  4.3784E-01
      3.019      0.331  7.9072E+00      1.3585E+02   7.1612E+00  3.7749E-01
      3.270      0.306  1.1687E+01      1.3858E+02   6.7445E+00  3.2824E-01
      3.542      0.282  9.9897E+00      1.2611E+02   5.6663E+00  2.5461E-01
      3.836      0.261  4.3657E+00      1.1000E+02   4.5636E+00  1.8932E-01
      4.155      0.241  5.7610E+00      1.0445E+02   4.0006E+00  1.5323E-01
      4.501      0.222  5.5023E+00      1.0701E+02   3.7843E+00  1.3382E-01
      4.875      0.205  6.5956E+00      1.2136E+02   3.9624E+00  1.2937E-01
      5.280      0.189  9.6330E+00      1.3131E+02   3.9583E+00  1.1932E-01
      5.719      0.175  6.5683E+00      1.2564E+02   3.4966E+00  9.7313E-02
      6.194      0.161  5.7281E+00      1.2047E+02   3.0955E+00  7.9541E-02
      6.709      0.149  2.8793E+00      1.0477E+02   2.4856E+00  5.8969E-02
      7.266      0.138  3.1055E+00      9.7492E+01   2.1354E+00  4.6773E-02
      7.870      0.127  2.9958E+00      9.2465E+01   1.8699E+00  3.7814E-02
      8.524      0.117  2.8003E+00      9.0144E+01   1.6831E+00  3.1424E-02
      9.233      0.108  2.0096E+00      8.3389E+01   1.4375E+00  2.4780E-02
     10.000      0.100  1.1340E+00      7.8839E+01   1.2548E+00  1.9970E-02
 
 
